[INFO] Scanning for projects...
[INFO]                                                                         
[INFO] ------------------------------------------------------------------------
[INFO] Building AllureTestFramework - List of Integration Test for Application Under Test 2.0.0-SNAPSHOT
[INFO] ------------------------------------------------------------------------
Downloading: http://central.maven.org/maven2/com/capgemini/ntc/allure-core-module/4.12.0.4-SNAPSHOT/maven-metadata.xml
Downloading: http://central.maven.org/maven2/com/capgemini/ntc/allure-selenium-module/3.8.1.3-SNAPSHOT/maven-metadata.xml
[INFO] 
[INFO] --- maven-clean-plugin:3.0.0:clean (default-clean) @ allure-app-under-test ---
[INFO] Deleting D:\eclipse\Allure_Test_Framework\workspace\devonfw-testing\allure-app-under-test\target
[INFO] Deleting D:\eclipse\Allure_Test_Framework\workspace\devonfw-testing\allure-app-under-test\logs (includes = [], excludes = [])
[INFO] 
[INFO] --- maven-resources-plugin:2.6:resources (default-resources) @ allure-app-under-test ---
[INFO] Using 'UTF8' encoding to copy filtered resources.
[INFO] skip non existing resourceDirectory D:\eclipse\Allure_Test_Framework\workspace\devonfw-testing\allure-app-under-test\src\main\resources
[INFO] 
[INFO] --- maven-compiler-plugin:3.6.1:compile (default-compile) @ allure-app-under-test ---
[INFO] Changes detected - recompiling the module!
[INFO] Compiling 25 source files to D:\eclipse\Allure_Test_Framework\workspace\devonfw-testing\allure-app-under-test\target\classes
[INFO] /D:/eclipse/Allure_Test_Framework/workspace/devonfw-testing/allure-app-under-test/src/main/java/com/capgemini/ntc/selenium/pages/features/samples/readFromTable/EditableGridPage.java: Some input files use or override a deprecated API.
[INFO] /D:/eclipse/Allure_Test_Framework/workspace/devonfw-testing/allure-app-under-test/src/main/java/com/capgemini/ntc/selenium/pages/features/samples/readFromTable/EditableGridPage.java: Recompile with -Xlint:deprecation for details.
[INFO] 
[INFO] --- maven-resources-plugin:2.6:testResources (default-testResources) @ allure-app-under-test ---
[INFO] Using 'UTF8' encoding to copy filtered resources.
[INFO] Copying 5 resources
[INFO] 
[INFO] --- maven-compiler-plugin:3.6.1:testCompile (default-testCompile) @ allure-app-under-test ---
[INFO] Changes detected - recompiling the module!
[INFO] Compiling 63 source files to D:\eclipse\Allure_Test_Framework\workspace\devonfw-testing\allure-app-under-test\target\test-classes
[INFO] 
[INFO] --- maven-resources-plugin:2.6:resources (default-resources) @ allure-app-under-test ---
[INFO] Using 'UTF8' encoding to copy filtered resources.
[INFO] skip non existing resourceDirectory D:\eclipse\Allure_Test_Framework\workspace\devonfw-testing\allure-app-under-test\src\main\resources
[INFO] 
[INFO] --- maven-compiler-plugin:3.6.1:compile (default-compile) @ allure-app-under-test ---
[INFO] Nothing to compile - all classes are up to date
[INFO] 
[INFO] --- maven-resources-plugin:2.6:testResources (default-testResources) @ allure-app-under-test ---
[INFO] Using 'UTF8' encoding to copy filtered resources.
[INFO] Copying 5 resources
[INFO] 
[INFO] --- maven-compiler-plugin:3.6.1:testCompile (default-testCompile) @ allure-app-under-test ---
[INFO] Nothing to compile - all classes are up to date
[INFO] 
[INFO] --- maven-surefire-plugin:2.19.1:test (default-test) @ allure-app-under-test ---

-------------------------------------------------------
 T E S T S
-------------------------------------------------------
2018-01-26 at 23:53:08 CET logDebug - [main] Properties settings file path=D:\eclipse\Allure_Test_Framework\workspace\devonfw-testing\allure-app-under-test\src\resources\settings.properties
[AppClassLoader@14dad5dc] warning javax.* types are not being woven because the weaver option '-Xset:weaveJavaxPackages=true' has not been specified
2018-01-26 at 23:53:10 CET logDebug - [main] env=DEV
2018-01-26 at 23:53:10 CET logInfo - [main] Selected Environment: DEV
2018-01-26 at 23:53:10 CET logDebug - [main] Reading environment from: D:\eclipse\Allure_Test_Framework\workspace\devonfw-testing\allure-app-under-test\src\resources\enviroments\environments.csv
2018-01-26 at 23:53:10 CET logInfo - [main] Selected Environment: DEV
2018-01-26 at 23:53:10 CET logAnalytics - [main] Is analytics enabled:true
log4j:WARN No appenders could be found for logger (org.apache.http.client.protocol.RequestAddCookies).
log4j:WARN Please initialize the log4j system properly.
log4j:WARN See http://logging.apache.org/log4j/1.2/faq.html#noconfig for more info.
2018-01-26 at 23:53:12 CET logDebug - [pool-1-thread-1] OPEN BROWSER AND ENTER HTTP://WWW.EDITABLEGRID.NET/EN/
2018-01-26 at 23:53:12 CET logDebug - [pool-1-thread-1] [browser=chrome, browserVersion=8.0, seleniumGrid=false, os=windows]
2018-01-26 at 23:53:12 CET logDebug - [pool-1-thread-1] Creating new browser=chrome WebDriver.
sty 26, 2018 11:53:12 PM org.openqa.selenium.remote.DesiredCapabilities chrome
INFO: Using `new ChromeOptions()` is preferred to `DesiredCapabilities.chrome()`
Starting ChromeDriver 2.33.506120 (e3e53437346286c0bc2d2dc9aa4915ba81d9023f) on port 32933
Only local connections are allowed.
sty 26, 2018 11:53:16 PM org.openqa.selenium.remote.ProtocolHandshake createSession
INFO: Detected dialect: OSS
2018-01-26 at 23:53:16 CET logInfo - [pool-1-thread-1] Trying to set requested resolution: 1600x1200.
2018-01-26 at 23:53:18 CET logInfo - [pool-1-thread-1] Resolution readed from device: 1600x1100
2018-01-26 at 23:53:18 CET logInfo - [pool-1-thread-1] Trying to set increased resolution for 'View port': 1616x1200.
2018-01-26 at 23:53:18 CET logInfo - [pool-1-thread-1] Resolution readed from device: 1616x1100
2018-01-26 at 23:53:18 CET logDebug - [pool-1-thread-1] driver:NewChromeDriver: chrome on XP (ced5d400b3dd51dae6d638141920ca71)
2018-01-26 at 23:53:18 CET logDebug - [pool-1-thread-1] To add observer: com.capgemini.ntc.selenium.pages.features.samples.readFromTable.EditableGridPage@2e823488
2018-01-26 at 23:53:18 CET logDebug - [pool-1-thread-1] BaseTestWatcher.observers: []
2018-01-26 at 23:53:18 CET logDebug - [pool-1-thread-1] TestClassRule.classObservers: []
2018-01-26 at 23:53:18 CET logDebug - [pool-1-thread-1] Added observer: com.capgemini.ntc.selenium.pages.features.samples.readFromTable.EditableGridPage@2e823488
2018-01-26 at 23:53:22 CET logDebug - [pool-1-thread-1] Waiting for [waitForPageLoaded] took [0.011 s]
2018-01-26 at 23:53:22 CET logDebug - [pool-1-thread-1] VERIFY PAGE IS DISPLAYED
2018-01-26 at 23:53:22 CET logInfo - [pool-1-thread-1] Test1_exercise1_printAllCells(com.capgemini.ntc.selenium.features.samples.readFromTable.JsoupTest) STARTED.
2018-01-26 at 23:53:22 CET logInfo - [pool-1-thread-1] [TEST1] - Print all cells
2018-01-26 at 23:53:22 CET logInfo - [pool-1-thread-1] Hoffman
2018-01-26 at 23:53:22 CET logInfo - [pool-1-thread-1] Tatyana
2018-01-26 at 23:53:22 CET logInfo - [pool-1-thread-1] 88
2018-01-26 at 23:53:22 CET logInfo - [pool-1-thread-1] 1,32 m
2018-01-26 at 23:53:22 CET logInfo - [pool-1-thread-1] 
2018-01-26 at 23:53:22 CET logInfo - [pool-1-thread-1] Nam@quisdiamluctus.json.org
2018-01-26 at 23:53:22 CET logInfo - [pool-1-thread-1] 
2018-01-26 at 23:53:22 CET logInfo - [pool-1-thread-1] 17 Apr 2012
2018-01-26 at 23:53:22 CET logInfo - [pool-1-thread-1] 
2018-01-26 at 23:53:22 CET logInfo - [pool-1-thread-1] Atkins
2018-01-26 at 23:53:22 CET logInfo - [pool-1-thread-1] Ishmael
2018-01-26 at 23:53:22 CET logInfo - [pool-1-thread-1] 44
2018-01-26 at 23:53:22 CET logInfo - [pool-1-thread-1] 1,42 m
2018-01-26 at 23:53:22 CET logInfo - [pool-1-thread-1] 
2018-01-26 at 23:53:22 CET logInfo - [pool-1-thread-1] arcu.et.pede@musProin.ca
2018-01-26 at 23:53:22 CET logInfo - [pool-1-thread-1] 
2018-01-26 at 23:53:22 CET logInfo - [pool-1-thread-1] 12 Jan 2011
2018-01-26 at 23:53:22 CET logInfo - [pool-1-thread-1] 
2018-01-26 at 23:53:23 CET logInfo - [pool-1-thread-1] Hamilton
2018-01-26 at 23:53:23 CET logInfo - [pool-1-thread-1] Mohammad
2018-01-26 at 23:53:23 CET logInfo - [pool-1-thread-1] 73
2018-01-26 at 23:53:23 CET logInfo - [pool-1-thread-1] 1,22 m
2018-01-26 at 23:53:23 CET logInfo - [pool-1-thread-1] 
2018-01-26 at 23:53:23 CET logInfo - [pool-1-thread-1] dui@duiCras.edu
2018-01-26 at 23:53:23 CET logInfo - [pool-1-thread-1] 
2018-01-26 at 23:53:23 CET logInfo - [pool-1-thread-1] 25 Sep 2012
2018-01-26 at 23:53:23 CET logInfo - [pool-1-thread-1] 
2018-01-26 at 23:53:23 CET logInfo - [pool-1-thread-1] Murray
2018-01-26 at 23:53:23 CET logInfo - [pool-1-thread-1] Troy
2018-01-26 at 23:53:23 CET logInfo - [pool-1-thread-1] 18
2018-01-26 at 23:53:23 CET logInfo - [pool-1-thread-1] 1,92 m
2018-01-26 at 23:53:23 CET logInfo - [pool-1-thread-1] 
2018-01-26 at 23:53:23 CET logInfo - [pool-1-thread-1] mollis@eutellus.co.uk
2018-01-26 at 23:53:23 CET logInfo - [pool-1-thread-1] 
2018-01-26 at 23:53:23 CET logInfo - [pool-1-thread-1] 22 Jul 2012
2018-01-26 at 23:53:23 CET logInfo - [pool-1-thread-1] 
2018-01-26 at 23:53:23 CET logInfo - [pool-1-thread-1] Schwartz
2018-01-26 at 23:53:23 CET logInfo - [pool-1-thread-1] Carla
2018-01-26 at 23:53:23 CET logInfo - [pool-1-thread-1] 79
2018-01-26 at 23:53:23 CET logInfo - [pool-1-thread-1] 1,50 m
2018-01-26 at 23:53:23 CET logInfo - [pool-1-thread-1] 
2018-01-26 at 23:53:23 CET logInfo - [pool-1-thread-1] ante@adipiscing.org
2018-01-26 at 23:53:23 CET logInfo - [pool-1-thread-1] 
2018-01-26 at 23:53:23 CET logInfo - [pool-1-thread-1] 31 Mar 2012
2018-01-26 at 23:53:23 CET logInfo - [pool-1-thread-1] 
2018-01-26 at 23:53:23 CET logInfo - [pool-1-thread-1] Bond
2018-01-26 at 23:53:23 CET logInfo - [pool-1-thread-1] Lenore
2018-01-26 at 23:53:23 CET logInfo - [pool-1-thread-1] 33
2018-01-26 at 23:53:23 CET logInfo - [pool-1-thread-1] 1,55 m
2018-01-26 at 23:53:23 CET logInfo - [pool-1-thread-1] 
2018-01-26 at 23:53:23 CET logInfo - [pool-1-thread-1] semper.tellus.id@sem.co.uk
2018-01-26 at 23:53:23 CET logInfo - [pool-1-thread-1] 
2018-01-26 at 23:53:23 CET logInfo - [pool-1-thread-1] 4 Feb 2011
2018-01-26 at 23:53:23 CET logInfo - [pool-1-thread-1] 
2018-01-26 at 23:53:23 CET logInfo - [pool-1-thread-1] Noble
2018-01-26 at 23:53:23 CET logInfo - [pool-1-thread-1] Georgia
2018-01-26 at 23:53:23 CET logInfo - [pool-1-thread-1] 88
2018-01-26 at 23:53:23 CET logInfo - [pool-1-thread-1] 1,90 m
2018-01-26 at 23:53:23 CET logInfo - [pool-1-thread-1] 
2018-01-26 at 23:53:23 CET logInfo - [pool-1-thread-1] mi.lacinia@nisiaodio.co.uk
2018-01-26 at 23:53:23 CET logInfo - [pool-1-thread-1] 
2018-01-26 at 23:53:23 CET logInfo - [pool-1-thread-1] 17 Jan 2011
2018-01-26 at 23:53:23 CET logInfo - [pool-1-thread-1] 
2018-01-26 at 23:53:23 CET logInfo - [pool-1-thread-1] Frederick
2018-01-26 at 23:53:23 CET logInfo - [pool-1-thread-1] Bradley
2018-01-26 at 23:53:23 CET logInfo - [pool-1-thread-1] 80
2018-01-26 at 23:53:23 CET logInfo - [pool-1-thread-1] 1,87 m
2018-01-26 at 23:53:23 CET logInfo - [pool-1-thread-1] 
2018-01-26 at 23:53:23 CET logInfo - [pool-1-thread-1] dapibus.id.blandit@aptenttacitisociosqu.com
2018-01-26 at 23:53:23 CET logInfo - [pool-1-thread-1] 
2018-01-26 at 23:53:23 CET logInfo - [pool-1-thread-1] 27 Jul 2011
2018-01-26 at 23:53:23 CET logInfo - [pool-1-thread-1] 
2018-01-26 at 23:53:23 CET logInfo - [pool-1-thread-1] Chambers
2018-01-26 at 23:53:23 CET logInfo - [pool-1-thread-1] Aphrodite
2018-01-26 at 23:53:23 CET logInfo - [pool-1-thread-1] 63
2018-01-26 at 23:53:23 CET logInfo - [pool-1-thread-1] 1,30 m
2018-01-26 at 23:53:23 CET logInfo - [pool-1-thread-1] 
2018-01-26 at 23:53:23 CET logInfo - [pool-1-thread-1] mattis@venenatisvel.co.uk
2018-01-26 at 23:53:23 CET logInfo - [pool-1-thread-1] 
2018-01-26 at 23:53:23 CET logInfo - [pool-1-thread-1] 10 Sep 2011
2018-01-26 at 23:53:23 CET logInfo - [pool-1-thread-1] 
2018-01-26 at 23:53:23 CET logInfo - [pool-1-thread-1] Schultz
2018-01-26 at 23:53:23 CET logInfo - [pool-1-thread-1] Allegra
2018-01-26 at 23:53:23 CET logInfo - [pool-1-thread-1] 90
2018-01-26 at 23:53:23 CET logInfo - [pool-1-thread-1] 1,70 m
2018-01-26 at 23:53:23 CET logInfo - [pool-1-thread-1] 
2018-01-26 at 23:53:23 CET logInfo - [pool-1-thread-1] Fusce.feugiat.Lorem@Duis.net
2018-01-26 at 23:53:23 CET logInfo - [pool-1-thread-1] 
2018-01-26 at 23:53:23 CET logInfo - [pool-1-thread-1] 3 Apr 2012
2018-01-26 at 23:53:23 CET logInfo - [pool-1-thread-1] 
2018-01-26 at 23:53:23 CET logInfo - [pool-1-thread-1] Test1_exercise1_printAllCells(com.capgemini.ntc.selenium.features.samples.readFromTable.JsoupTest) PASSED.
2018-01-26 at 23:53:23 CET logDebug - [pool-1-thread-1] BasePage.onTestSuccess    EditableGridPage
2018-01-26 at 23:53:23 CET logInfo - [pool-1-thread-1] Test1_exercise1_printAllCells(com.capgemini.ntc.selenium.features.samples.readFromTable.JsoupTest) duration: 0,01 min
2018-01-26 at 23:53:23 CET logDebug - [Finalizer] closeDriver() was called but there was no driver for this thread.
2018-01-26 at 23:53:23 CET logDebug - [Finalizer] Closing Driver in finalize()
2018-01-26 at 23:53:23 CET logDebug - [pool-1-thread-1] BaseTest.tearDownClass()
2018-01-26 at 23:53:23 CET logDebug - [pool-1-thread-1] BaseTestWatcher.observers: []
2018-01-26 at 23:53:23 CET logDebug - [pool-1-thread-1] TestClassRule.classObservers: [com.capgemini.ntc.selenium.pages.features.samples.readFromTable.EditableGridPage@2e823488]
2018-01-26 at 23:53:23 CET logDebug - [pool-1-thread-1] BasePage.onTestClassFinish   EditableGridPage
2018-01-26 at 23:53:23 CET logDebug - [pool-1-thread-1] driver:NewChromeDriver: chrome on XP (ced5d400b3dd51dae6d638141920ca71)
2018-01-26 at 23:53:23 CET logDebug - [pool-1-thread-1] Closing WebDriver for this thread. chrome
2018-01-26 at 23:53:24 CET logDebug - [pool-1-thread-1] All observers cleared.
Running resolution_test
2018-01-26 at 23:54:26 CET logInfo - [pool-1-thread-1] Step1 - open Chrome browser
2018-01-26 at 23:54:26 CET logInfo - [pool-1-thread-1] Step2 - load http://the-internet.herokuapp.com/ page
2018-01-26 at 23:54:26 CET logDebug - [pool-1-thread-1] Creating new browser=chrome WebDriver.
sty 26, 2018 11:54:26 PM org.openqa.selenium.remote.DesiredCapabilities chrome
INFO: Using `new ChromeOptions()` is preferred to `DesiredCapabilities.chrome()`
2018-01-26 at 23:53:12 CET logInfo - [pool-1-thread-2] resolution_test(com.capgemini.ntc.selenium.features.samples.resolutions.ResolutionTest) STARTED.
2018-01-26 at 23:53:12 CET logDebug - [pool-1-thread-2] Creating new browser=chrome WebDriver.
sty 26, 2018 11:54:26 PM org.openqa.selenium.remote.DesiredCapabilities chrome
INFO: Using `new ChromeOptions()` is preferred to `DesiredCapabilities.chrome()`
sty 26, 2018 11:54:26 PM org.openqa.selenium.remote.DesiredCapabilities chrome
INFO: Using `new ChromeOptions()` is preferred to `DesiredCapabilities.chrome()`
2018-01-26 at 23:53:16 CET logInfo - [pool-1-thread-2] Trying to set requested resolution: 1600x1200.
2018-01-26 at 23:53:18 CET logInfo - [pool-1-thread-2] Resolution readed from device: 1600x1100
2018-01-26 at 23:53:18 CET logInfo - [pool-1-thread-2] Trying to set increased resolution for 'View port': 1616x1200.
2018-01-26 at 23:53:18 CET logInfo - [pool-1-thread-2] Resolution readed from device: 1616x1100
2018-01-26 at 23:53:18 CET logDebug - [pool-1-thread-2] driver:NewChromeDriver: chrome on XP (2d1143c590dd6b54cdb1b8cc338d85a2)
2018-01-26 at 23:53:18 CET logDebug - [pool-1-thread-2] To add observer: com.capgemini.ntc.selenium.pages.projectX.registration.RegistryPage@63eef6a
2018-01-26 at 23:53:18 CET logDebug - [pool-1-thread-2] BaseTestWatcher.observers: []
2018-01-26 at 23:53:18 CET logDebug - [pool-1-thread-2] TestClassRule.classObservers: []
2018-01-26 at 23:53:18 CET logDebug - [pool-1-thread-2] Added observer: com.capgemini.ntc.selenium.pages.projectX.registration.RegistryPage@63eef6a
2018-01-26 at 23:53:18 CET logDebug - [pool-1-thread-2] Waiting for [waitForPageLoaded] took [0.02 s]
2018-01-26 at 23:53:18 CET logDebug - [pool-1-thread-2] com.capgemini.ntc.selenium.pages.projectX.registration.RegistryPage: Current loaded page (http://demoqa.com/registration/) with pageTitle (). Page to load: (http://demoqa.com/registration/) ,for page title: (Registration | Demoqa)
2018-01-26 at 23:53:22 CET logDebug - [pool-1-thread-2] Waiting for [waitForPageLoaded] took [0.013 s]
2018-01-26 at 23:53:22 CET logInfo - [pool-1-thread-2] Trying to set requested resolution: 768x576.
2018-01-26 at 23:53:22 CET logInfo - [pool-1-thread-2] Resolution readed from device: 768x576
2018-01-26 at 23:53:22 CET logInfo - [pool-1-thread-2] Trying to set increased resolution for 'View port': 801x576.
2018-01-26 at 23:53:22 CET logInfo - [pool-1-thread-2] Resolution readed from device: 801x576
2018-01-26 at 23:53:23 CET logDebug - [pool-1-thread-2] Waiting for [findElementDynamic(): By.cssSelector: input[id='name_3_firstname']] took [0.101 s]
2018-01-26 at 23:53:24 CET logInfo - [pool-1-thread-2] resolution_test(com.capgemini.ntc.selenium.features.samples.resolutions.ResolutionTest) PASSED.
2018-01-26 at 23:53:24 CET logDebug - [pool-1-thread-2] BasePage.onTestSuccess    RegistryPage
2018-01-26 at 23:53:24 CET logInfo - [pool-1-thread-2] resolution_test(com.capgemini.ntc.selenium.features.samples.resolutions.ResolutionTest) duration: 0,20 min
2018-01-26 at 23:53:24 CET logDebug - [pool-1-thread-2] BasePage.onTestFinish   RegistryPage
2018-01-26 at 23:53:24 CET logDebug - [pool-1-thread-2] To remove observer: com.capgemini.ntc.selenium.pages.projectX.registration.RegistryPage@63eef6a
2018-01-26 at 23:53:24 CET logInfo - [pool-1-thread-2] resolution_test(com.capgemini.ntc.selenium.features.samples.resolutions.ResolutionTest) STARTED.
2018-01-26 at 23:53:24 CET logDebug - [pool-1-thread-2] To add observer: com.capgemini.ntc.selenium.pages.projectX.registration.RegistryPage@5548b06a
2018-01-26 at 23:53:24 CET logDebug - [pool-1-thread-2] BaseTestWatcher.observers: [com.capgemini.ntc.selenium.pages.projectX.registration.RegistryPage@63eef6a]
2018-01-26 at 23:53:24 CET logDebug - [pool-1-thread-2] TestClassRule.classObservers: []
2018-01-26 at 23:53:24 CET logDebug - [pool-1-thread-2] Waiting for [waitForPageLoaded] took [0.047 s]
2018-01-26 at 23:53:24 CET logInfo - [pool-1-thread-2] Trying to set requested resolution: 960x720.
2018-01-26 at 23:53:24 CET logInfo - [pool-1-thread-2] Resolution readed from device: 960x720
2018-01-26 at 23:53:24 CET logInfo - [pool-1-thread-2] Trying to set increased resolution for 'View port': 993x720.
2018-01-26 at 23:53:24 CET logInfo - [pool-1-thread-2] Resolution readed from device: 993x720
2018-01-26 at 23:53:24 CET logDebug - [pool-1-thread-2] Waiting for [findElementDynamic(): By.cssSelector: input[id='name_3_firstname']] took [0.023 s]
2018-01-26 at 23:53:25 CET logInfo - [pool-1-thread-2] resolution_test(com.capgemini.ntc.selenium.features.samples.resolutions.ResolutionTest) PASSED.
2018-01-26 at 23:53:25 CET logDebug - [pool-1-thread-2] BasePage.onTestSuccess    RegistryPage
2018-01-26 at 23:53:25 CET logInfo - [pool-1-thread-2] resolution_test(com.capgemini.ntc.selenium.features.samples.resolutions.ResolutionTest) duration: 0,03 min
2018-01-26 at 23:53:25 CET logDebug - [pool-1-thread-2] BasePage.onTestFinish   RegistryPage
2018-01-26 at 23:53:25 CET logDebug - [pool-1-thread-2] To remove observer: com.capgemini.ntc.selenium.pages.projectX.registration.RegistryPage@63eef6a
2018-01-26 at 23:53:25 CET logInfo - [pool-1-thread-2] resolution_test(com.capgemini.ntc.selenium.features.samples.resolutions.ResolutionTest) STARTED.
2018-01-26 at 23:53:25 CET logDebug - [pool-1-thread-2] To add observer: com.capgemini.ntc.selenium.pages.projectX.registration.RegistryPage@3915cdba
2018-01-26 at 23:53:25 CET logDebug - [pool-1-thread-2] BaseTestWatcher.observers: [com.capgemini.ntc.selenium.pages.projectX.registration.RegistryPage@63eef6a]
2018-01-26 at 23:53:25 CET logDebug - [pool-1-thread-2] TestClassRule.classObservers: []
2018-01-26 at 23:53:25 CET logDebug - [pool-1-thread-2] Waiting for [waitForPageLoaded] took [0.015 s]
2018-01-26 at 23:53:25 CET logInfo - [pool-1-thread-2] Trying to set requested resolution: 1920x1080.
2018-01-26 at 23:53:26 CET logInfo - [pool-1-thread-2] Resolution readed from device: 1920x1080
2018-01-26 at 23:53:26 CET logInfo - [pool-1-thread-2] Trying to set increased resolution for 'View port': 1953x1080.
2018-01-26 at 23:53:26 CET logInfo - [pool-1-thread-2] Resolution readed from device: 1940x1080
2018-01-26 at 23:53:26 CET logDebug - [pool-1-thread-2] Waiting for [findElementDynamic(): By.cssSelector: input[id='name_3_firstname']] took [0.011 s]
2018-01-26 at 23:53:27 CET logInfo - [pool-1-thread-2] resolution_test(com.capgemini.ntc.selenium.features.samples.resolutions.ResolutionTest) PASSED.
2018-01-26 at 23:53:27 CET logDebug - [pool-1-thread-2] BasePage.onTestSuccess    RegistryPage
2018-01-26 at 23:53:27 CET logInfo - [pool-1-thread-2] resolution_test(com.capgemini.ntc.selenium.features.samples.resolutions.ResolutionTest) duration: 0,02 min
2018-01-26 at 23:53:27 CET logDebug - [pool-1-thread-2] BasePage.onTestFinish   RegistryPage
2018-01-26 at 23:53:27 CET logDebug - [pool-1-thread-2] To remove observer: com.capgemini.ntc.selenium.pages.projectX.registration.RegistryPage@63eef6a
2018-01-26 at 23:53:27 CET logDebug - [pool-1-thread-2] BaseTest.tearDownClass()
2018-01-26 at 23:53:27 CET logDebug - [pool-1-thread-2] BaseTestWatcher.observers: [com.capgemini.ntc.selenium.pages.projectX.registration.RegistryPage@63eef6a]
2018-01-26 at 23:53:27 CET logDebug - [pool-1-thread-2] TestClassRule.classObservers: []
2018-01-26 at 23:53:27 CET logDebug - [pool-1-thread-2] BasePage.onTestClassFinish   RegistryPage
2018-01-26 at 23:53:27 CET logDebug - [pool-1-thread-2] driver:NewChromeDriver: chrome on XP (2d1143c590dd6b54cdb1b8cc338d85a2)
2018-01-26 at 23:53:27 CET logDebug - [pool-1-thread-2] Closing WebDriver for this thread. chrome
2018-01-26 at 23:53:27 CET logDebug - [pool-1-thread-2] All observers cleared.
Tests run: 3, Failures: 0, Errors: 0, Skipped: 0, Time elapsed: 14.919 sec - in resolution_test
Running registrationTest
2018-01-26 at 23:53:27 CET logInfo - [pool-1-thread-6] registrationTest(com.capgemini.ntc.selenium.projectX.registration.RegisterOKTestDDExternalDataTest) STARTED.
2018-01-26 at 23:53:27 CET logDebug - [pool-1-thread-6] Creating new browser=chrome WebDriver.
2018-01-26 at 23:53:31 CET logInfo - [pool-1-thread-6] Trying to set requested resolution: 1600x1200.
2018-01-26 at 23:53:32 CET logInfo - [pool-1-thread-6] Resolution readed from device: 1600x1100
2018-01-26 at 23:53:32 CET logInfo - [pool-1-thread-6] Trying to set increased resolution for 'View port': 1616x1200.
2018-01-26 at 23:53:33 CET logInfo - [pool-1-thread-6] Resolution readed from device: 1616x1100
2018-01-26 at 23:53:33 CET logDebug - [pool-1-thread-6] driver:NewChromeDriver: chrome on XP (396214a0520f82862a4c68456169c4fd)
2018-01-26 at 23:53:33 CET logDebug - [pool-1-thread-6] To add observer: com.capgemini.ntc.selenium.pages.projectX.registration.RegistrationPage@58412018
2018-01-26 at 23:53:33 CET logDebug - [pool-1-thread-6] BaseTestWatcher.observers: []
2018-01-26 at 23:53:33 CET logDebug - [pool-1-thread-6] TestClassRule.classObservers: []
2018-01-26 at 23:53:33 CET logDebug - [pool-1-thread-6] Added observer: com.capgemini.ntc.selenium.pages.projectX.registration.RegistrationPage@58412018
2018-01-26 at 23:53:33 CET logDebug - [pool-1-thread-6] Waiting for [waitForPageLoaded] took [0.188 s]
2018-01-26 at 23:53:33 CET logDebug - [pool-1-thread-6] com.capgemini.ntc.selenium.pages.projectX.registration.RegistrationPage: Current loaded page (http://demoqa.com/registration/) with pageTitle (). Page to load: (http://demoqa.com/registration/) ,for page title: (Registration | Demoqa)
2018-01-26 at 23:53:43 CET logDebug - [pool-1-thread-6] Waiting for [waitForPageLoaded] took [0.144 s]
2018-01-26 at 23:53:43 CET logDebug - [pool-1-thread-6] Waiting for [findElementDynamic(): By.cssSelector: input[id='name_3_firstname']] took [0.131 s]
2018-01-26 at 23:53:44 CET logDebug - [pool-1-thread-6] Waiting for [findElementDynamic(): By.cssSelector: input[id='name_3_firstname']] took [0.057 s]
2018-01-26 at 23:53:44 CET logDebug - [pool-1-thread-6] Waiting for [findElementDynamic(): By.cssSelector: input[id='name_3_firstname']] took [0.345 s]
2018-01-26 at 23:53:45 CET logDebug - [pool-1-thread-6] Waiting for [findElementDynamic(): By.cssSelector: input[id='name_3_lastname']] took [0.052 s]
2018-01-26 at 23:53:45 CET logDebug - [pool-1-thread-6] Waiting for [findElementDynamic(): By.cssSelector: input[id='name_3_lastname']] took [0.028 s]
2018-01-26 at 23:53:45 CET logDebug - [pool-1-thread-6] Waiting for [findElementDynamic(): By.cssSelector: input[id='name_3_lastname']] took [0.025 s]
2018-01-26 at 23:53:45 CET logDebug - [pool-1-thread-6] Waiting for [findElementDynamic(): By.cssSelector: div[class='radio_wrap']] took [0.03 s]
2018-01-26 at 23:53:45 CET logDebug - [pool-1-thread-6] Waiting for [findElementDynamic(): By.cssSelector: div[class='radio_wrap']] took [0.037 s]
2018-01-26 at 23:53:45 CET logDebug - [pool-1-thread-6] Waiting for [findElementDynamic(): By.cssSelector: div[class='radio_wrap']] took [0.036 s]
Input text element: com.capgemini.ntc.selenium.core.newDrivers.elementType.RadioButtonElement@6715c5e8 isn't clicked.
2018-01-26 at 23:53:46 CET logDebug - [pool-1-thread-6] Waiting for [findElementDynamic(): By.cssSelector: li.fields.pageFields_1:nth-child(3) div.radio_wrap] took [0.031 s]
2018-01-26 at 23:53:46 CET logDebug - [pool-1-thread-6] Waiting for [findElementDynamic(): By.cssSelector: li.fields.pageFields_1:nth-child(3) div.radio_wrap] took [0.018 s]
2018-01-26 at 23:53:46 CET logDebug - [pool-1-thread-6] Waiting for [findElementDynamic(): By.cssSelector: select[id='dropdown_7']] took [0.038 s]
2018-01-26 at 23:53:46 CET logDebug - [pool-1-thread-6] Waiting for [findElementDynamic(): By.cssSelector: select[id='dropdown_7']] took [0.015 s]
2018-01-26 at 23:53:46 CET logDebug - [pool-1-thread-6] Waiting for [findElementDynamic(): By.cssSelector: select[id='dropdown_7']] took [0.022 s]
2018-01-26 at 23:53:55 CET logDebug - [pool-1-thread-6] Waiting for [findElementDynamic(): By.cssSelector: select[id='dropdown_7']] took [0.014 s]
2018-01-26 at 23:53:55 CET logDebug - [pool-1-thread-6] Waiting for [findElementDynamic(): By.cssSelector: select[id='mm_date_8']] took [0.027 s]
2018-01-26 at 23:53:55 CET logDebug - [pool-1-thread-6] Waiting for [findElementDynamic(): By.cssSelector: select[id='mm_date_8']] took [0.015 s]
2018-01-26 at 23:53:55 CET logDebug - [pool-1-thread-6] Waiting for [findElementDynamic(): By.cssSelector: select[id='mm_date_8']] took [0.027 s]
2018-01-26 at 23:53:56 CET logDebug - [pool-1-thread-6] Waiting for [findElementDynamic(): By.cssSelector: select[id='mm_date_8']] took [0.015 s]
2018-01-26 at 23:53:56 CET logDebug - [pool-1-thread-6] Waiting for [findElementDynamic(): By.cssSelector: select[id='dd_date_8']] took [0.024 s]
2018-01-26 at 23:53:56 CET logDebug - [pool-1-thread-6] Waiting for [findElementDynamic(): By.cssSelector: select[id='dd_date_8']] took [0.014 s]
2018-01-26 at 23:53:56 CET logDebug - [pool-1-thread-6] Waiting for [findElementDynamic(): By.cssSelector: select[id='dd_date_8']] took [0.018 s]
2018-01-26 at 23:53:58 CET logDebug - [pool-1-thread-6] Waiting for [findElementDynamic(): By.cssSelector: select[id='dd_date_8']] took [0.015 s]
2018-01-26 at 23:53:58 CET logDebug - [pool-1-thread-6] Waiting for [findElementDynamic(): By.cssSelector: select[id='yy_date_8']] took [0.034 s]
2018-01-26 at 23:53:58 CET logDebug - [pool-1-thread-6] Waiting for [findElementDynamic(): By.cssSelector: select[id='yy_date_8']] took [0.024 s]
2018-01-26 at 23:53:58 CET logDebug - [pool-1-thread-6] Waiting for [findElementDynamic(): By.cssSelector: select[id='yy_date_8']] took [0.019 s]
2018-01-26 at 23:54:01 CET logDebug - [pool-1-thread-6] Waiting for [findElementDynamic(): By.cssSelector: select[id='yy_date_8']] took [0.018 s]
2018-01-26 at 23:54:01 CET logDebug - [pool-1-thread-6] Waiting for [findElementDynamic(): By.cssSelector: input[id='phone_9']] took [0.031 s]
2018-01-26 at 23:54:01 CET logDebug - [pool-1-thread-6] Waiting for [findElementDynamic(): By.cssSelector: input[id='phone_9']] took [0.016 s]
2018-01-26 at 23:54:01 CET logDebug - [pool-1-thread-6] Waiting for [findElementDynamic(): By.cssSelector: input[id='phone_9']] took [0.017 s]
2018-01-26 at 23:54:01 CET logDebug - [pool-1-thread-6] Waiting for [findElementDynamic(): By.cssSelector: input[id='username']] took [0.026 s]
2018-01-26 at 23:54:02 CET logDebug - [pool-1-thread-6] Waiting for [findElementDynamic(): By.cssSelector: input[id='username']] took [0.012 s]
2018-01-26 at 23:54:02 CET logDebug - [pool-1-thread-6] Waiting for [findElementDynamic(): By.cssSelector: input[id='username']] took [0.018 s]
2018-01-26 at 23:54:02 CET logDebug - [pool-1-thread-6] Waiting for [findElementDynamic(): By.cssSelector: input[id='email_1']] took [0.027 s]
2018-01-26 at 23:54:02 CET logDebug - [pool-1-thread-6] Waiting for [findElementDynamic(): By.cssSelector: input[id='email_1']] took [0.011 s]
2018-01-26 at 23:54:02 CET logDebug - [pool-1-thread-6] Waiting for [findElementDynamic(): By.cssSelector: input[id='email_1']] took [0.021 s]
2018-01-26 at 23:54:03 CET logDebug - [pool-1-thread-6] Waiting for [findElementDynamic(): By.cssSelector: textarea[ id='description' ]] took [0.037 s]
2018-01-26 at 23:54:03 CET logDebug - [pool-1-thread-6] Waiting for [findElementDynamic(): By.cssSelector: textarea[ id='description' ]] took [0.019 s]
2018-01-26 at 23:54:03 CET logDebug - [pool-1-thread-6] Waiting for [findElementDynamic(): By.cssSelector: textarea[ id='description' ]] took [0.027 s]
2018-01-26 at 23:54:03 CET logDebug - [pool-1-thread-6] Waiting for [findElementDynamic(): By.cssSelector: input[id='password_2']] took [0.031 s]
2018-01-26 at 23:54:03 CET logDebug - [pool-1-thread-6] Waiting for [findElementDynamic(): By.cssSelector: input[id='password_2']] took [0.019 s]
2018-01-26 at 23:54:03 CET logDebug - [pool-1-thread-6] Waiting for [findElementDynamic(): By.cssSelector: input[id='password_2']] took [0.032 s]
2018-01-26 at 23:54:04 CET logDebug - [pool-1-thread-6] Waiting for [findElementDynamic(): By.cssSelector: input[id='confirm_password_password_2']] took [0.039 s]
2018-01-26 at 23:54:04 CET logDebug - [pool-1-thread-6] Waiting for [findElementDynamic(): By.cssSelector: input[id='confirm_password_password_2']] took [0.019 s]
2018-01-26 at 23:54:04 CET logDebug - [pool-1-thread-6] Waiting for [findElementDynamic(): By.cssSelector: input[id='confirm_password_password_2']] took [0.014 s]
2018-01-26 at 23:54:05 CET logDebug - [pool-1-thread-6] Waiting for [findElementDynamic(): By.cssSelector: input[name='pie_submit']] took [0.042 s]
2018-01-26 at 23:54:05 CET logDebug - [pool-1-thread-6] Waiting for [findElementDynamic(): By.cssSelector: input[name='pie_submit']] took [0.018 s]
2018-01-26 at 23:54:05 CET logDebug - [pool-1-thread-6] Waiting for [waitForPageLoaded] took [0.035 s]
2018-01-26 at 23:54:05 CET logDebug - [pool-1-thread-6] Waiting for [findElementDynamic(): By.cssSelector: input[name='pie_submit']] took [0.049 s]
2018-01-26 at 23:54:08 CET logDebug - [pool-1-thread-6] Waiting for [waitForElementVisible(): By.cssSelector: p[class='piereg_login_error']] took [0.139 s]
2018-01-26 at 23:54:08 CET logDebug - [pool-1-thread-6] Waiting for [waitForElementVisible(): By.cssSelector: p[class='piereg_login_error']] took [0.026 s]
2018-01-26 at 23:54:08 CET logDebug - [pool-1-thread-6] Error: Username already exists
2018-01-26 at 23:54:08 CET logDebug - [pool-1-thread-6] Waiting for [findElementDynamic(): By.cssSelector: p[class='piereg_login_error']] took [0.016 s]
2018-01-26 at 23:54:08 CET logDebug - [pool-1-thread-6] Waiting for [findElementDynamic(): By.cssSelector: p[class='piereg_login_error']] took [0.009 s]
2018-01-26 at 23:54:08 CET logInfo - [pool-1-thread-6] registrationTest(com.capgemini.ntc.selenium.projectX.registration.RegisterOKTestDDExternalDataTest) PASSED.
2018-01-26 at 23:54:08 CET logDebug - [pool-1-thread-6] BasePage.onTestSuccess    RegistrationPage
2018-01-26 at 23:54:08 CET logInfo - [pool-1-thread-6] registrationTest(com.capgemini.ntc.selenium.projectX.registration.RegisterOKTestDDExternalDataTest) duration: 0,67 min
2018-01-26 at 23:54:09 CET logDebug - [pool-1-thread-6] BasePage.onTestFinish   RegistrationPage
2018-01-26 at 23:54:09 CET logDebug - [pool-1-thread-6] To remove observer: com.capgemini.ntc.selenium.pages.projectX.registration.RegistrationPage@58412018
2018-01-26 at 23:54:09 CET logInfo - [pool-1-thread-6] registrationTest(com.capgemini.ntc.selenium.projectX.registration.RegisterOKTestDDExternalDataTest) STARTED.
2018-01-26 at 23:54:09 CET logDebug - [pool-1-thread-6] To add observer: com.capgemini.ntc.selenium.pages.projectX.registration.RegistrationPage@5349488e
2018-01-26 at 23:54:09 CET logDebug - [pool-1-thread-6] BaseTestWatcher.observers: [com.capgemini.ntc.selenium.pages.projectX.registration.RegistrationPage@58412018]
2018-01-26 at 23:54:09 CET logDebug - [pool-1-thread-6] TestClassRule.classObservers: []
2018-01-26 at 23:54:09 CET logDebug - [pool-1-thread-6] Waiting for [waitForPageLoaded] took [0.052 s]
2018-01-26 at 23:54:09 CET logDebug - [pool-1-thread-6] Waiting for [waitForPageLoaded] took [0.007 s]
2018-01-26 at 23:54:09 CET logDebug - [pool-1-thread-6] Waiting for [findElementDynamic(): By.cssSelector: input[id='name_3_firstname']] took [0.025 s]
2018-01-26 at 23:54:09 CET logDebug - [pool-1-thread-6] Waiting for [findElementDynamic(): By.cssSelector: input[id='name_3_firstname']] took [0.013 s]
2018-01-26 at 23:54:09 CET logDebug - [pool-1-thread-6] Waiting for [findElementDynamic(): By.cssSelector: input[id='name_3_firstname']] took [0.034 s]
2018-01-26 at 23:54:09 CET logDebug - [pool-1-thread-6] Waiting for [findElementDynamic(): By.cssSelector: input[id='name_3_lastname']] took [0.023 s]
2018-01-26 at 23:54:09 CET logDebug - [pool-1-thread-6] Waiting for [findElementDynamic(): By.cssSelector: input[id='name_3_lastname']] took [0.01 s]
2018-01-26 at 23:54:09 CET logDebug - [pool-1-thread-6] Waiting for [findElementDynamic(): By.cssSelector: input[id='name_3_lastname']] took [0.013 s]
2018-01-26 at 23:54:10 CET logDebug - [pool-1-thread-6] Waiting for [findElementDynamic(): By.cssSelector: div[class='radio_wrap']] took [0.028 s]
2018-01-26 at 23:54:10 CET logDebug - [pool-1-thread-6] Waiting for [findElementDynamic(): By.cssSelector: div[class='radio_wrap']] took [0.011 s]
2018-01-26 at 23:54:10 CET logDebug - [pool-1-thread-6] Waiting for [findElementDynamic(): By.cssSelector: div[class='radio_wrap']] took [0.011 s]
2018-01-26 at 23:54:10 CET logDebug - [pool-1-thread-6] Waiting for [findElementDynamic(): By.cssSelector: li.fields.pageFields_1:nth-child(3) div.radio_wrap] took [0.026 s]
2018-01-26 at 23:54:10 CET logDebug - [pool-1-thread-6] Waiting for [findElementDynamic(): By.cssSelector: li.fields.pageFields_1:nth-child(3) div.radio_wrap] took [0.017 s]
2018-01-26 at 23:54:10 CET logDebug - [pool-1-thread-6] Waiting for [findElementDynamic(): By.cssSelector: select[id='dropdown_7']] took [0.019 s]
2018-01-26 at 23:54:10 CET logDebug - [pool-1-thread-6] Waiting for [findElementDynamic(): By.cssSelector: select[id='dropdown_7']] took [0.01 s]
2018-01-26 at 23:54:10 CET logDebug - [pool-1-thread-6] Waiting for [findElementDynamic(): By.cssSelector: select[id='dropdown_7']] took [0.013 s]
2018-01-26 at 23:54:16 CET logDebug - [pool-1-thread-6] Waiting for [findElementDynamic(): By.cssSelector: select[id='dropdown_7']] took [0.03 s]
2018-01-26 at 23:54:16 CET logDebug - [pool-1-thread-6] Waiting for [findElementDynamic(): By.cssSelector: select[id='mm_date_8']] took [0.018 s]
2018-01-26 at 23:54:16 CET logDebug - [pool-1-thread-6] Waiting for [findElementDynamic(): By.cssSelector: select[id='mm_date_8']] took [0.01 s]
2018-01-26 at 23:54:16 CET logDebug - [pool-1-thread-6] Waiting for [findElementDynamic(): By.cssSelector: select[id='mm_date_8']] took [0.012 s]
2018-01-26 at 23:54:17 CET logDebug - [pool-1-thread-6] Waiting for [findElementDynamic(): By.cssSelector: select[id='mm_date_8']] took [0.011 s]
2018-01-26 at 23:54:17 CET logDebug - [pool-1-thread-6] Waiting for [findElementDynamic(): By.cssSelector: select[id='dd_date_8']] took [0.021 s]
2018-01-26 at 23:54:17 CET logDebug - [pool-1-thread-6] Waiting for [findElementDynamic(): By.cssSelector: select[id='dd_date_8']] took [0.009 s]
2018-01-26 at 23:54:17 CET logDebug - [pool-1-thread-6] Waiting for [findElementDynamic(): By.cssSelector: select[id='dd_date_8']] took [0.016 s]
2018-01-26 at 23:54:18 CET logDebug - [pool-1-thread-6] Waiting for [findElementDynamic(): By.cssSelector: select[id='dd_date_8']] took [0.011 s]
2018-01-26 at 23:54:18 CET logDebug - [pool-1-thread-6] Waiting for [findElementDynamic(): By.cssSelector: select[id='yy_date_8']] took [0.018 s]
2018-01-26 at 23:54:18 CET logDebug - [pool-1-thread-6] Waiting for [findElementDynamic(): By.cssSelector: select[id='yy_date_8']] took [0.012 s]
2018-01-26 at 23:54:18 CET logDebug - [pool-1-thread-6] Waiting for [findElementDynamic(): By.cssSelector: select[id='yy_date_8']] took [0.013 s]
2018-01-26 at 23:54:20 CET logDebug - [pool-1-thread-6] Waiting for [findElementDynamic(): By.cssSelector: select[id='yy_date_8']] took [0.012 s]
2018-01-26 at 23:54:20 CET logDebug - [pool-1-thread-6] Waiting for [findElementDynamic(): By.cssSelector: input[id='phone_9']] took [0.021 s]
2018-01-26 at 23:54:20 CET logDebug - [pool-1-thread-6] Waiting for [findElementDynamic(): By.cssSelector: input[id='phone_9']] took [0.011 s]
2018-01-26 at 23:54:20 CET logDebug - [pool-1-thread-6] Waiting for [findElementDynamic(): By.cssSelector: input[id='phone_9']] took [0.032 s]
2018-01-26 at 23:54:20 CET logDebug - [pool-1-thread-6] Waiting for [findElementDynamic(): By.cssSelector: input[id='username']] took [0.038 s]
2018-01-26 at 23:54:20 CET logDebug - [pool-1-thread-6] Waiting for [findElementDynamic(): By.cssSelector: input[id='username']] took [0.016 s]
2018-01-26 at 23:54:20 CET logDebug - [pool-1-thread-6] Waiting for [findElementDynamic(): By.cssSelector: input[id='username']] took [0.048 s]
2018-01-26 at 23:54:21 CET logDebug - [pool-1-thread-6] Waiting for [findElementDynamic(): By.cssSelector: input[id='email_1']] took [0.018 s]
2018-01-26 at 23:54:21 CET logDebug - [pool-1-thread-6] Waiting for [findElementDynamic(): By.cssSelector: input[id='email_1']] took [0.01 s]
2018-01-26 at 23:54:21 CET logDebug - [pool-1-thread-6] Waiting for [findElementDynamic(): By.cssSelector: input[id='email_1']] took [0.011 s]
2018-01-26 at 23:54:21 CET logDebug - [pool-1-thread-6] Waiting for [findElementDynamic(): By.cssSelector: textarea[ id='description' ]] took [0.025 s]
2018-01-26 at 23:54:21 CET logDebug - [pool-1-thread-6] Waiting for [findElementDynamic(): By.cssSelector: textarea[ id='description' ]] took [0.014 s]
2018-01-26 at 23:54:21 CET logDebug - [pool-1-thread-6] Waiting for [findElementDynamic(): By.cssSelector: textarea[ id='description' ]] took [0.015 s]
2018-01-26 at 23:54:21 CET logDebug - [pool-1-thread-6] Waiting for [findElementDynamic(): By.cssSelector: input[id='password_2']] took [0.024 s]
2018-01-26 at 23:54:21 CET logDebug - [pool-1-thread-6] Waiting for [findElementDynamic(): By.cssSelector: input[id='password_2']] took [0.013 s]
2018-01-26 at 23:54:21 CET logDebug - [pool-1-thread-6] Waiting for [findElementDynamic(): By.cssSelector: input[id='password_2']] took [0.066 s]
2018-01-26 at 23:54:22 CET logDebug - [pool-1-thread-6] Waiting for [findElementDynamic(): By.cssSelector: input[id='confirm_password_password_2']] took [0.029 s]
2018-01-26 at 23:54:22 CET logDebug - [pool-1-thread-6] Waiting for [findElementDynamic(): By.cssSelector: input[id='confirm_password_password_2']] took [0.016 s]
2018-01-26 at 23:54:22 CET logDebug - [pool-1-thread-6] Waiting for [findElementDynamic(): By.cssSelector: input[id='confirm_password_password_2']] took [0.015 s]
2018-01-26 at 23:54:22 CET logDebug - [pool-1-thread-6] Waiting for [findElementDynamic(): By.cssSelector: input[name='pie_submit']] took [0.021 s]
2018-01-26 at 23:54:22 CET logDebug - [pool-1-thread-6] Waiting for [findElementDynamic(): By.cssSelector: input[name='pie_submit']] took [0.012 s]
2018-01-26 at 23:54:22 CET logDebug - [pool-1-thread-6] Waiting for [waitForPageLoaded] took [0.009 s]
2018-01-26 at 23:54:22 CET logDebug - [pool-1-thread-6] Waiting for [findElementDynamic(): By.cssSelector: input[name='pie_submit']] took [0.01 s]
2018-01-26 at 23:54:24 CET logDebug - [pool-1-thread-6] Waiting for [waitForElementVisible(): By.cssSelector: p[class='piereg_login_error']] took [0.156 s]
2018-01-26 at 23:54:24 CET logDebug - [pool-1-thread-6] Waiting for [waitForElementVisible(): By.cssSelector: p[class='piereg_login_error']] took [0.024 s]
2018-01-26 at 23:54:24 CET logDebug - [pool-1-thread-6] Error: Username already exists
2018-01-26 at 23:54:24 CET logDebug - [pool-1-thread-6] Waiting for [findElementDynamic(): By.cssSelector: p[class='piereg_login_error']] took [0.013 s]
2018-01-26 at 23:54:24 CET logDebug - [pool-1-thread-6] Waiting for [findElementDynamic(): By.cssSelector: p[class='piereg_login_error']] took [0.012 s]
2018-01-26 at 23:54:24 CET logInfo - [pool-1-thread-6] registrationTest(com.capgemini.ntc.selenium.projectX.registration.RegisterOKTestDDExternalDataTest) PASSED.
2018-01-26 at 23:54:24 CET logDebug - [pool-1-thread-6] BasePage.onTestSuccess    RegistrationPage
2018-01-26 at 23:54:24 CET logInfo - [pool-1-thread-6] registrationTest(com.capgemini.ntc.selenium.projectX.registration.RegisterOKTestDDExternalDataTest) duration: 0,25 min
2018-01-26 at 23:54:25 CET logDebug - [pool-1-thread-6] BasePage.onTestFinish   RegistrationPage
2018-01-26 at 23:54:25 CET logDebug - [pool-1-thread-6] To remove observer: com.capgemini.ntc.selenium.pages.projectX.registration.RegistrationPage@58412018
2018-01-26 at 23:54:25 CET logDebug - [pool-1-thread-6] BaseTest.tearDownClass()
2018-01-26 at 23:54:25 CET logDebug - [pool-1-thread-6] BaseTestWatcher.observers: [com.capgemini.ntc.selenium.pages.projectX.registration.RegistrationPage@58412018]
2018-01-26 at 23:54:25 CET logDebug - [pool-1-thread-6] TestClassRule.classObservers: []
2018-01-26 at 23:54:25 CET logDebug - [pool-1-thread-6] BasePage.onTestClassFinish   RegistrationPage
2018-01-26 at 23:54:25 CET logDebug - [pool-1-thread-6] driver:NewChromeDriver: chrome on XP (396214a0520f82862a4c68456169c4fd)
2018-01-26 at 23:54:25 CET logDebug - [pool-1-thread-6] Closing WebDriver for this thread. chrome
2018-01-26 at 23:54:26 CET logDebug - [pool-1-thread-6] All observers cleared.
Input text element: com.capgemini.ntc.selenium.core.newDrivers.elementType.RadioButtonElement@26be6f78 isn't clicked.
Tests run: 2, Failures: 0, Errors: 0, Skipped: 0, Time elapsed: 57.602 sec - in registrationTest
Running com.capgemini.ntc.selenium.projectX.registration.RegisterOKTest
2018-01-26 at 23:53:27 CET logInfo - [pool-1-thread-5] Register_OK(com.capgemini.ntc.selenium.projectX.registration.RegisterOKTest) STARTED.
2018-01-26 at 23:53:27 CET logDebug - [pool-1-thread-5] Creating new browser=chrome WebDriver.
2018-01-26 at 23:53:31 CET logInfo - [pool-1-thread-5] Trying to set requested resolution: 1600x1200.
2018-01-26 at 23:53:32 CET logInfo - [pool-1-thread-5] Resolution readed from device: 1600x1100
2018-01-26 at 23:53:32 CET logInfo - [pool-1-thread-5] Trying to set increased resolution for 'View port': 1616x1200.
2018-01-26 at 23:53:33 CET logInfo - [pool-1-thread-5] Resolution readed from device: 1616x1100
2018-01-26 at 23:53:33 CET logDebug - [pool-1-thread-5] driver:NewChromeDriver: chrome on XP (bc2b10460d8bb85d8a6dd7b0edb916c1)
2018-01-26 at 23:53:33 CET logDebug - [pool-1-thread-5] To add observer: com.capgemini.ntc.selenium.pages.projectX.registration.RegistrationPage@54f40a49
2018-01-26 at 23:53:33 CET logDebug - [pool-1-thread-5] BaseTestWatcher.observers: []
2018-01-26 at 23:53:33 CET logDebug - [pool-1-thread-5] TestClassRule.classObservers: []
2018-01-26 at 23:53:33 CET logDebug - [pool-1-thread-5] Added observer: com.capgemini.ntc.selenium.pages.projectX.registration.RegistrationPage@54f40a49
2018-01-26 at 23:53:33 CET logDebug - [pool-1-thread-5] Waiting for [waitForPageLoaded] took [0.028 s]
2018-01-26 at 23:53:33 CET logDebug - [pool-1-thread-5] com.capgemini.ntc.selenium.pages.projectX.registration.RegistrationPage: Current loaded page (http://demoqa.com/registration/) with pageTitle (). Page to load: (http://demoqa.com/registration/) ,for page title: (Registration | Demoqa)
2018-01-26 at 23:53:40 CET logDebug - [pool-1-thread-5] Waiting for [waitForPageLoaded] took [0.046 s]
2018-01-26 at 23:53:40 CET logDebug - [pool-1-thread-5] Waiting for [findElementDynamic(): By.cssSelector: input[id='name_3_firstname']] took [0.194 s]
2018-01-26 at 23:53:40 CET logDebug - [pool-1-thread-5] Waiting for [findElementDynamic(): By.cssSelector: input[id='name_3_firstname']] took [0.241 s]
2018-01-26 at 23:53:40 CET logDebug - [pool-1-thread-5] Waiting for [findElementDynamic(): By.cssSelector: input[id='name_3_firstname']] took [0.083 s]
2018-01-26 at 23:53:41 CET logDebug - [pool-1-thread-5] Waiting for [findElementDynamic(): By.cssSelector: input[id='name_3_lastname']] took [0.042 s]
2018-01-26 at 23:53:41 CET logDebug - [pool-1-thread-5] Waiting for [findElementDynamic(): By.cssSelector: input[id='name_3_lastname']] took [0.044 s]
2018-01-26 at 23:53:41 CET logDebug - [pool-1-thread-5] Waiting for [findElementDynamic(): By.cssSelector: input[id='name_3_lastname']] took [0.091 s]
2018-01-26 at 23:53:42 CET logDebug - [pool-1-thread-5] Waiting for [findElementDynamic(): By.cssSelector: div[class='radio_wrap']] took [0.07 s]
2018-01-26 at 23:53:42 CET logDebug - [pool-1-thread-5] Waiting for [findElementDynamic(): By.cssSelector: div[class='radio_wrap']] took [0.114 s]
2018-01-26 at 23:53:42 CET logDebug - [pool-1-thread-5] Waiting for [findElementDynamic(): By.cssSelector: div[class='radio_wrap']] took [0.023 s]
Input text element: com.capgemini.ntc.selenium.core.newDrivers.elementType.RadioButtonElement@44841131 isn't clicked.
2018-01-26 at 23:53:42 CET logDebug - [pool-1-thread-5] Waiting for [findElementDynamic(): By.cssSelector: li.fields.pageFields_1:nth-child(3) div.radio_wrap] took [0.041 s]
2018-01-26 at 23:53:42 CET logDebug - [pool-1-thread-5] Waiting for [findElementDynamic(): By.cssSelector: li.fields.pageFields_1:nth-child(3) div.radio_wrap] took [0.025 s]
2018-01-26 at 23:53:43 CET logDebug - [pool-1-thread-5] Waiting for [findElementDynamic(): By.cssSelector: li.fields.pageFields_1:nth-child(3) div.radio_wrap] took [0.019 s]
2018-01-26 at 23:53:43 CET logDebug - [pool-1-thread-5] Waiting for [findElementDynamic(): By.cssSelector: li.fields.pageFields_1:nth-child(3) div.radio_wrap] took [0.019 s]
2018-01-26 at 23:53:43 CET logDebug - [pool-1-thread-5] Waiting for [findElementDynamic(): By.cssSelector: select[id='dropdown_7']] took [0.083 s]
2018-01-26 at 23:53:43 CET logDebug - [pool-1-thread-5] Waiting for [findElementDynamic(): By.cssSelector: select[id='dropdown_7']] took [0.103 s]
2018-01-26 at 23:53:44 CET logDebug - [pool-1-thread-5] Waiting for [findElementDynamic(): By.cssSelector: select[id='dropdown_7']] took [0.053 s]
2018-01-26 at 23:53:53 CET logDebug - [pool-1-thread-5] Waiting for [findElementDynamic(): By.cssSelector: select[id='dropdown_7']] took [0.014 s]
2018-01-26 at 23:53:53 CET logDebug - [pool-1-thread-5] Waiting for [findElementDynamic(): By.cssSelector: select[id='mm_date_8']] took [0.028 s]
2018-01-26 at 23:53:53 CET logDebug - [pool-1-thread-5] Waiting for [findElementDynamic(): By.cssSelector: select[id='mm_date_8']] took [0.016 s]
2018-01-26 at 23:53:53 CET logDebug - [pool-1-thread-5] Waiting for [findElementDynamic(): By.cssSelector: select[id='mm_date_8']] took [0.027 s]
2018-01-26 at 23:53:54 CET logDebug - [pool-1-thread-5] Waiting for [findElementDynamic(): By.cssSelector: select[id='mm_date_8']] took [0.018 s]
2018-01-26 at 23:53:54 CET logDebug - [pool-1-thread-5] Waiting for [findElementDynamic(): By.cssSelector: select[id='dd_date_8']] took [0.028 s]
2018-01-26 at 23:53:54 CET logDebug - [pool-1-thread-5] Waiting for [findElementDynamic(): By.cssSelector: select[id='dd_date_8']] took [0.014 s]
2018-01-26 at 23:53:54 CET logDebug - [pool-1-thread-5] Waiting for [findElementDynamic(): By.cssSelector: select[id='dd_date_8']] took [0.016 s]
2018-01-26 at 23:53:55 CET logDebug - [pool-1-thread-5] Waiting for [findElementDynamic(): By.cssSelector: select[id='dd_date_8']] took [0.018 s]
2018-01-26 at 23:53:56 CET logDebug - [pool-1-thread-5] Waiting for [findElementDynamic(): By.cssSelector: select[id='yy_date_8']] took [0.073 s]
2018-01-26 at 23:53:56 CET logDebug - [pool-1-thread-5] Waiting for [findElementDynamic(): By.cssSelector: select[id='yy_date_8']] took [0.022 s]
2018-01-26 at 23:53:56 CET logDebug - [pool-1-thread-5] Waiting for [findElementDynamic(): By.cssSelector: select[id='yy_date_8']] took [0.036 s]
2018-01-26 at 23:53:58 CET logDebug - [pool-1-thread-5] Waiting for [findElementDynamic(): By.cssSelector: select[id='yy_date_8']] took [0.012 s]
2018-01-26 at 23:53:58 CET logDebug - [pool-1-thread-5] Waiting for [findElementDynamic(): By.cssSelector: input[id='phone_9']] took [0.03 s]
2018-01-26 at 23:53:58 CET logDebug - [pool-1-thread-5] Waiting for [findElementDynamic(): By.cssSelector: input[id='phone_9']] took [0.013 s]
2018-01-26 at 23:53:58 CET logDebug - [pool-1-thread-5] Waiting for [findElementDynamic(): By.cssSelector: input[id='phone_9']] took [0.019 s]
2018-01-26 at 23:53:59 CET logDebug - [pool-1-thread-5] Waiting for [findElementDynamic(): By.cssSelector: input[id='username']] took [0.034 s]
2018-01-26 at 23:53:59 CET logDebug - [pool-1-thread-5] Waiting for [findElementDynamic(): By.cssSelector: input[id='username']] took [0.015 s]
2018-01-26 at 23:53:59 CET logDebug - [pool-1-thread-5] Waiting for [findElementDynamic(): By.cssSelector: input[id='username']] took [0.014 s]
2018-01-26 at 23:53:59 CET logDebug - [pool-1-thread-5] Waiting for [findElementDynamic(): By.cssSelector: input[id='email_1']] took [0.027 s]
2018-01-26 at 23:53:59 CET logDebug - [pool-1-thread-5] Waiting for [findElementDynamic(): By.cssSelector: input[id='email_1']] took [0.014 s]
2018-01-26 at 23:53:59 CET logDebug - [pool-1-thread-5] Waiting for [findElementDynamic(): By.cssSelector: input[id='email_1']] took [0.015 s]
2018-01-26 at 23:54:00 CET logDebug - [pool-1-thread-5] Waiting for [findElementDynamic(): By.cssSelector: textarea[ id='description' ]] took [0.02 s]
2018-01-26 at 23:54:00 CET logDebug - [pool-1-thread-5] Waiting for [findElementDynamic(): By.cssSelector: textarea[ id='description' ]] took [0.015 s]
2018-01-26 at 23:54:00 CET logDebug - [pool-1-thread-5] Waiting for [findElementDynamic(): By.cssSelector: textarea[ id='description' ]] took [0.012 s]
2018-01-26 at 23:54:00 CET logDebug - [pool-1-thread-5] Waiting for [findElementDynamic(): By.cssSelector: input[id='password_2']] took [0.028 s]
2018-01-26 at 23:54:00 CET logDebug - [pool-1-thread-5] Waiting for [findElementDynamic(): By.cssSelector: input[id='password_2']] took [0.012 s]
2018-01-26 at 23:54:00 CET logDebug - [pool-1-thread-5] Waiting for [findElementDynamic(): By.cssSelector: input[id='password_2']] took [0.018 s]
2018-01-26 at 23:54:00 CET logDebug - [pool-1-thread-5] Waiting for [findElementDynamic(): By.cssSelector: input[id='confirm_password_password_2']] took [0.03 s]
2018-01-26 at 23:54:00 CET logDebug - [pool-1-thread-5] Waiting for [findElementDynamic(): By.cssSelector: input[id='confirm_password_password_2']] took [0.015 s]
2018-01-26 at 23:54:01 CET logDebug - [pool-1-thread-5] Waiting for [findElementDynamic(): By.cssSelector: input[id='confirm_password_password_2']] took [0.015 s]
2018-01-26 at 23:54:01 CET logDebug - [pool-1-thread-5] Waiting for [findElementDynamic(): By.cssSelector: input[name='pie_submit']] took [0.033 s]
2018-01-26 at 23:54:01 CET logDebug - [pool-1-thread-5] Waiting for [findElementDynamic(): By.cssSelector: input[name='pie_submit']] took [0.018 s]
2018-01-26 at 23:54:01 CET logDebug - [pool-1-thread-5] Waiting for [waitForPageLoaded] took [0.009 s]
2018-01-26 at 23:54:01 CET logDebug - [pool-1-thread-5] Waiting for [findElementDynamic(): By.cssSelector: input[name='pie_submit']] took [0.016 s]
2018-01-26 at 23:54:03 CET logDebug - [pool-1-thread-5] Waiting for [waitForElementVisible(): By.cssSelector: p[class='piereg_login_error']] took [0.372 s]
2018-01-26 at 23:54:03 CET logDebug - [pool-1-thread-5] Waiting for [waitForElementVisible(): By.cssSelector: p[class='piereg_login_error']] took [0.038 s]
2018-01-26 at 23:54:03 CET logDebug - [pool-1-thread-5] Error: Username already exists
2018-01-26 at 23:54:03 CET logDebug - [pool-1-thread-5] Waiting for [findElementDynamic(): By.cssSelector: p[class='piereg_login_error']] took [0.03 s]
2018-01-26 at 23:54:03 CET logDebug - [pool-1-thread-5] Waiting for [findElementDynamic(): By.cssSelector: p[class='piereg_login_error']] took [0.025 s]
2018-01-26 at 23:54:04 CET logInfo - [pool-1-thread-5] Register_OK(com.capgemini.ntc.selenium.projectX.registration.RegisterOKTest) PASSED.
2018-01-26 at 23:54:04 CET logDebug - [pool-1-thread-5] BasePage.onTestSuccess    RegistrationPage
2018-01-26 at 23:54:04 CET logInfo - [pool-1-thread-5] Register_OK(com.capgemini.ntc.selenium.projectX.registration.RegisterOKTest) duration: 0,60 min
2018-01-26 at 23:54:04 CET logDebug - [pool-1-thread-5] BasePage.onTestFinish   RegistrationPage
2018-01-26 at 23:54:04 CET logDebug - [pool-1-thread-5] To remove observer: com.capgemini.ntc.selenium.pages.projectX.registration.RegistrationPage@54f40a49
2018-01-26 at 23:54:04 CET logDebug - [pool-1-thread-5] BaseTest.tearDownClass()
2018-01-26 at 23:54:04 CET logDebug - [pool-1-thread-5] BaseTestWatcher.observers: [com.capgemini.ntc.selenium.pages.projectX.registration.RegistrationPage@54f40a49]
2018-01-26 at 23:54:04 CET logDebug - [pool-1-thread-5] TestClassRule.classObservers: []
2018-01-26 at 23:54:04 CET logDebug - [pool-1-thread-5] BasePage.onTestClassFinish   RegistrationPage
2018-01-26 at 23:54:04 CET logDebug - [pool-1-thread-5] driver:NewChromeDriver: chrome on XP (bc2b10460d8bb85d8a6dd7b0edb916c1)
2018-01-26 at 23:54:04 CET logDebug - [pool-1-thread-5] Closing WebDriver for this thread. chrome
2018-01-26 at 23:54:05 CET logDebug - [pool-1-thread-5] All observers cleared.
Tests run: 1, Failures: 0, Errors: 0, Skipped: 0, Time elapsed: 36.106 sec - in com.capgemini.ntc.selenium.projectX.registration.RegisterOKTest
Running com.capgemini.ntc.selenium.projectX.MainPageTest
2018-01-26 at 23:53:27 CET logInfo - [pool-1-thread-3] test(com.capgemini.ntc.selenium.projectX.MainPageTest) STARTED.
2018-01-26 at 23:53:27 CET logDebug - [pool-1-thread-3] Creating new browser=chrome WebDriver.
2018-01-26 at 23:53:31 CET logInfo - [pool-1-thread-3] Trying to set requested resolution: 1600x1200.
2018-01-26 at 23:53:32 CET logInfo - [pool-1-thread-3] Resolution readed from device: 1600x1100
2018-01-26 at 23:53:32 CET logInfo - [pool-1-thread-3] Trying to set increased resolution for 'View port': 1616x1200.
2018-01-26 at 23:53:33 CET logInfo - [pool-1-thread-3] Resolution readed from device: 1616x1100
2018-01-26 at 23:53:33 CET logDebug - [pool-1-thread-3] driver:NewChromeDriver: chrome on XP (1d6972750d6eb185c1ddedef1d01f618)
2018-01-26 at 23:53:33 CET logDebug - [pool-1-thread-3] To add observer: com.capgemini.ntc.selenium.pages.projectX.MainPage@7f253fdc
2018-01-26 at 23:53:33 CET logDebug - [pool-1-thread-3] BaseTestWatcher.observers: []
2018-01-26 at 23:53:33 CET logDebug - [pool-1-thread-3] TestClassRule.classObservers: []
2018-01-26 at 23:53:33 CET logDebug - [pool-1-thread-3] Added observer: com.capgemini.ntc.selenium.pages.projectX.MainPage@7f253fdc
2018-01-26 at 23:53:33 CET logDebug - [pool-1-thread-3] Waiting for [waitForPageLoaded] took [0.203 s]
2018-01-26 at 23:53:33 CET logDebug - [pool-1-thread-3] com.capgemini.ntc.selenium.pages.projectX.MainPage: Current loaded page (http://demoqa.com/) with pageTitle (). Page to load: (http://demoqa.com/) ,for page title: (Demoqa | Just another WordPress site)
2018-01-26 at 23:53:43 CET logInfo - [pool-1-thread-3] test(com.capgemini.ntc.selenium.projectX.MainPageTest) PASSED.
2018-01-26 at 23:53:43 CET logDebug - [pool-1-thread-3] BasePage.onTestSuccess    MainPage
2018-01-26 at 23:53:43 CET logInfo - [pool-1-thread-3] test(com.capgemini.ntc.selenium.projectX.MainPageTest) duration: 0,26 min
2018-01-26 at 23:53:43 CET logDebug - [pool-1-thread-3] BasePage.onTestFinish   MainPage
2018-01-26 at 23:53:43 CET logDebug - [pool-1-thread-3] To remove observer: com.capgemini.ntc.selenium.pages.projectX.MainPage@7f253fdc
2018-01-26 at 23:53:43 CET logDebug - [pool-1-thread-3] BaseTest.tearDownClass()
2018-01-26 at 23:53:43 CET logDebug - [pool-1-thread-3] BaseTestWatcher.observers: [com.capgemini.ntc.selenium.pages.projectX.MainPage@7f253fdc]
2018-01-26 at 23:53:43 CET logDebug - [pool-1-thread-3] TestClassRule.classObservers: []
2018-01-26 at 23:53:43 CET logDebug - [pool-1-thread-3] BasePage.onTestClassFinish   MainPage
2018-01-26 at 23:53:43 CET logDebug - [pool-1-thread-3] driver:NewChromeDriver: chrome on XP (1d6972750d6eb185c1ddedef1d01f618)
2018-01-26 at 23:53:43 CET logDebug - [pool-1-thread-3] Closing WebDriver for this thread. chrome
2018-01-26 at 23:53:50 CET logDebug - [pool-1-thread-3] All observers cleared.
Tests run: 1, Failures: 0, Errors: 0, Skipped: 0, Time elapsed: 15.424 sec - in com.capgemini.ntc.selenium.projectX.MainPageTest
Starting ChromeDriver 2.33.506120 (e3e53437346286c0bc2d2dc9aa4915ba81d9023f) on port 14108
Only local connections are allowed.
Starting ChromeDriver 2.33.506120 (e3e53437346286c0bc2d2dc9aa4915ba81d9023f) on port 40480
Only local connections are allowed.
Starting ChromeDriver 2.33.506120 (e3e53437346286c0bc2d2dc9aa4915ba81d9023f) on port 8818
Only local connections are allowed.
sty 26, 2018 11:54:30 PM org.openqa.selenium.remote.ProtocolHandshake createSession
INFO: Detected dialect: OSS
sty 26, 2018 11:54:30 PM org.openqa.selenium.remote.ProtocolHandshake createSession
INFO: Detected dialect: OSS
2018-01-26 at 23:54:30 CET logInfo - [pool-1-thread-1] Trying to set requested resolution: 1600x1200.
sty 26, 2018 11:54:30 PM org.openqa.selenium.remote.ProtocolHandshake createSession
INFO: Detected dialect: OSS
2018-01-26 at 23:54:31 CET logInfo - [pool-1-thread-1] Resolution readed from device: 1600x1100
2018-01-26 at 23:54:31 CET logInfo - [pool-1-thread-1] Trying to set increased resolution for 'View port': 1616x1200.
2018-01-26 at 23:54:32 CET logInfo - [pool-1-thread-1] Resolution readed from device: 1616x1100
2018-01-26 at 23:54:32 CET logDebug - [pool-1-thread-1] driver:NewChromeDriver: chrome on XP (cd1f728a8bd15fa3e5c836aef5d868a8)
2018-01-26 at 23:54:32 CET logDebug - [pool-1-thread-1] To add observer: com.capgemini.ntc.selenium.pages.projectY.TheInternetPage@5c849a3e
2018-01-26 at 23:54:32 CET logDebug - [pool-1-thread-1] BaseTestWatcher.observers: []
2018-01-26 at 23:54:32 CET logDebug - [pool-1-thread-1] TestClassRule.classObservers: []
2018-01-26 at 23:54:32 CET logDebug - [pool-1-thread-1] Added observer: com.capgemini.ntc.selenium.pages.projectY.TheInternetPage@5c849a3e
2018-01-26 at 23:54:32 CET logDebug - [pool-1-thread-1] The internet page is loaded: data:,
2018-01-26 at 23:54:32 CET logDebug - [pool-1-thread-1] load page
Running com.capgemini.ntc.selenium.projectX.navigationbar.NavigationBarTest
2018-01-26 at 23:53:27 CET logInfo - [pool-1-thread-4] test(com.capgemini.ntc.selenium.projectX.navigationbar.NavigationBarTest) STARTED.
2018-01-26 at 23:53:27 CET logInfo - [pool-1-thread-4] [Step 1] Open main page
2018-01-26 at 23:53:27 CET logDebug - [pool-1-thread-4] Creating new browser=chrome WebDriver.
2018-01-26 at 23:53:31 CET logInfo - [pool-1-thread-4] Trying to set requested resolution: 1600x1200.
2018-01-26 at 23:53:32 CET logInfo - [pool-1-thread-4] Resolution readed from device: 1600x1100
2018-01-26 at 23:53:32 CET logInfo - [pool-1-thread-4] Trying to set increased resolution for 'View port': 1616x1200.
2018-01-26 at 23:53:33 CET logInfo - [pool-1-thread-4] Resolution readed from device: 1616x1100
2018-01-26 at 23:53:33 CET logDebug - [pool-1-thread-4] driver:NewChromeDriver: chrome on XP (decdc68ac70c76e036b041ba043b6247)
2018-01-26 at 23:53:33 CET logDebug - [pool-1-thread-4] To add observer: com.capgemini.ntc.selenium.pages.projectX.MainPage@675f996e
2018-01-26 at 23:53:33 CET logDebug - [pool-1-thread-4] BaseTestWatcher.observers: []
2018-01-26 at 23:53:33 CET logDebug - [pool-1-thread-4] TestClassRule.classObservers: []
2018-01-26 at 23:53:33 CET logDebug - [pool-1-thread-4] Added observer: com.capgemini.ntc.selenium.pages.projectX.MainPage@675f996e
2018-01-26 at 23:53:33 CET logDebug - [pool-1-thread-4] Waiting for [waitForPageLoaded] took [0.018 s]
2018-01-26 at 23:53:33 CET logDebug - [pool-1-thread-4] com.capgemini.ntc.selenium.pages.projectX.MainPage: Current loaded page (http://demoqa.com/) with pageTitle (). Page to load: (http://demoqa.com/) ,for page title: (Demoqa | Just another WordPress site)
2018-01-26 at 23:53:46 CET logInfo - [pool-1-thread-4] [Step 2] Click navigation bar - Home
2018-01-26 at 23:53:46 CET logDebug - [pool-1-thread-4] To add observer: com.capgemini.ntc.selenium.pages.projectX.navigationbar.NavigationBar@17fcb1dc
2018-01-26 at 23:53:46 CET logDebug - [pool-1-thread-4] BaseTestWatcher.observers: [com.capgemini.ntc.selenium.pages.projectX.MainPage@675f996e]
2018-01-26 at 23:53:46 CET logDebug - [pool-1-thread-4] TestClassRule.classObservers: []
2018-01-26 at 23:53:47 CET logDebug - [pool-1-thread-4] Waiting for [waitForPageLoaded] took [0.042 s]
2018-01-26 at 23:53:47 CET logDebug - [pool-1-thread-4] Waiting for [findElementDynamic(): By.cssSelector: li[id='menu-item-38']] took [0.12 s]
2018-01-26 at 23:53:47 CET logDebug - [pool-1-thread-4] Waiting for [findElementDynamic(): By.cssSelector: li[id='menu-item-38']] took [0.065 s]
2018-01-26 at 23:53:47 CET logDebug - [pool-1-thread-4] Waiting for [waitForPageLoaded] took [0.007 s]
2018-01-26 at 23:53:47 CET logDebug - [pool-1-thread-4] Waiting for [findElementDynamic(): By.cssSelector: li[id='menu-item-38']] took [0.015 s]
2018-01-26 at 23:53:48 CET logInfo - [pool-1-thread-4] Clicking on Navigation bar link - Home
2018-01-26 at 23:53:48 CET logDebug - [pool-1-thread-4] Waiting for [waitForPageLoaded] took [0.036 s]
2018-01-26 at 23:53:48 CET logInfo - [pool-1-thread-4] [Step 3] Verify if main page is opened
2018-01-26 at 23:53:48 CET logDebug - [pool-1-thread-4] To add observer: com.capgemini.ntc.selenium.pages.projectX.navigationbar.home.NavBarHome@2a896784
2018-01-26 at 23:53:48 CET logDebug - [pool-1-thread-4] BaseTestWatcher.observers: [com.capgemini.ntc.selenium.pages.projectX.MainPage@675f996e]
2018-01-26 at 23:53:48 CET logDebug - [pool-1-thread-4] TestClassRule.classObservers: []
2018-01-26 at 23:53:48 CET logDebug - [pool-1-thread-4] Waiting for [waitForPageLoaded] took [0.026 s]
2018-01-26 at 23:53:48 CET logDebug - [pool-1-thread-4] Waiting for [waitForPageLoaded] took [0.019 s]
2018-01-26 at 23:53:48 CET logInfo - [pool-1-thread-4] test(com.capgemini.ntc.selenium.projectX.navigationbar.NavigationBarTest) PASSED.
2018-01-26 at 23:53:48 CET logDebug - [pool-1-thread-4] BasePage.onTestSuccess    MainPage
2018-01-26 at 23:53:48 CET logInfo - [pool-1-thread-4] test(com.capgemini.ntc.selenium.projectX.navigationbar.NavigationBarTest) duration: 0,34 min
2018-01-26 at 23:53:48 CET logDebug - [pool-1-thread-4] BasePage.onTestFinish   MainPage
2018-01-26 at 23:53:48 CET logDebug - [pool-1-thread-4] To remove observer: com.capgemini.ntc.selenium.pages.projectX.MainPage@675f996e
2018-01-26 at 23:53:48 CET logDebug - [pool-1-thread-4] BaseTest.tearDownClass()
2018-01-26 at 23:53:48 CET logDebug - [pool-1-thread-4] BaseTestWatcher.observers: [com.capgemini.ntc.selenium.pages.projectX.MainPage@675f996e]
2018-01-26 at 23:53:48 CET logDebug - [pool-1-thread-4] TestClassRule.classObservers: []
2018-01-26 at 23:53:48 CET logDebug - [pool-1-thread-4] BasePage.onTestClassFinish   MainPage
2018-01-26 at 23:53:48 CET logDebug - [pool-1-thread-4] driver:NewChromeDriver: chrome on XP (decdc68ac70c76e036b041ba043b6247)
2018-01-26 at 23:53:48 CET logDebug - [pool-1-thread-4] Closing WebDriver for this thread. chrome
2018-01-26 at 23:53:50 CET logDebug - [pool-1-thread-4] All observers cleared.
2018-01-26 at 23:54:26 CET logInfo - [pool-1-thread-4] Step 1: Open the Url http://the-internet.herokuapp.com/
2018-01-26 at 23:54:26 CET logDebug - [pool-1-thread-4] Creating new browser=chrome WebDriver.
2018-01-26 at 23:54:30 CET logInfo - [pool-1-thread-4] Trying to set requested resolution: 1600x1200.
2018-01-26 at 23:54:31 CET logInfo - [pool-1-thread-4] Resolution readed from device: 1600x1100
2018-01-26 at 23:54:31 CET logInfo - [pool-1-thread-4] Trying to set increased resolution for 'View port': 1616x1200.
2018-01-26 at 23:54:31 CET logInfo - [pool-1-thread-4] Resolution readed from device: 1616x1100
2018-01-26 at 23:54:31 CET logDebug - [pool-1-thread-4] driver:NewChromeDriver: chrome on XP (9a8c2337d78e7d40d67bb4665f432cdb)
2018-01-26 at 23:54:31 CET logDebug - [pool-1-thread-4] To add observer: com.capgemini.ntc.selenium.pages.projectY.TheInternetPage@18f43888
2018-01-26 at 23:54:31 CET logDebug - [pool-1-thread-4] BaseTestWatcher.observers: []
2018-01-26 at 23:54:31 CET logDebug - [pool-1-thread-4] TestClassRule.classObservers: []
2018-01-26 at 23:54:31 CET logDebug - [pool-1-thread-4] Added observer: com.capgemini.ntc.selenium.pages.projectY.TheInternetPage@18f43888
2018-01-26 at 23:54:31 CET logDebug - [pool-1-thread-4] The internet page is loaded: data:,
2018-01-26 at 23:54:31 CET logDebug - [pool-1-thread-4] load page
2018-01-26 at 23:54:48 CET logDebug - [pool-1-thread-4] Waiting for [waitForPageLoaded] took [0.023 s]
2018-01-26 at 23:54:48 CET logInfo - [pool-1-thread-4] Step 2: Verify if Url http://the-internet.herokuapp.com/ opens
2018-01-26 at 23:54:48 CET logDebug - [pool-1-thread-4] The internet page is loaded: http://the-internet.herokuapp.com/
2018-01-26 at 23:54:48 CET logInfo - [pool-1-thread-4] Step 3: Click Checkboxes link
2018-01-26 at 23:54:48 CET logDebug - [pool-1-thread-4] Waiting for [findElementDynamic(): By.cssSelector: li > a[href*=checkboxes]] took [0.044 s]
2018-01-26 at 23:54:49 CET logDebug - [pool-1-thread-4] To add observer: com.capgemini.ntc.selenium.pages.projectY.CheckboxesPage@2e6357fd
2018-01-26 at 23:54:49 CET logDebug - [pool-1-thread-4] BaseTestWatcher.observers: []
2018-01-26 at 23:54:49 CET logDebug - [pool-1-thread-4] TestClassRule.classObservers: [com.capgemini.ntc.selenium.pages.projectY.TheInternetPage@18f43888]
2018-01-26 at 23:54:49 CET logDebug - [pool-1-thread-4] The checkboxes page is loaded.
2018-01-26 at 23:54:49 CET logInfo - [pool-1-thread-4] Step 4: Verify if Checkboxes Page opens
2018-01-26 at 23:54:49 CET logDebug - [pool-1-thread-4] The checkboxes page is loaded.
2018-01-26 at 23:54:49 CET logInfo - [pool-1-thread-4] Step 5: Verify if checkboxes elements are visible
2018-01-26 at 23:54:49 CET logDebug - [pool-1-thread-4] Waiting for [findElementDynamic(): By.cssSelector: #checkboxes] took [0.042 s]
Tests run: 1, Failures: 0, Errors: 0, Skipped: 0, Time elapsed: 20.503 sec - in com.capgemini.ntc.selenium.projectX.navigationbar.NavigationBarTest
2018-01-26 at 23:54:50 CET logDebug - [pool-1-thread-1] Waiting for [waitForPageLoaded] took [0.045 s]
2018-01-26 at 23:54:50 CET logDebug - [pool-1-thread-1] The internet page is loaded: http://the-internet.herokuapp.com/
Running com.capgemini.ntc.selenium.features.samples.readFromTable.JsoupTest
Tests run: 1, Failures: 0, Errors: 0, Skipped: 0, Time elapsed: 1.523 sec - in com.capgemini.ntc.selenium.features.samples.readFromTable.JsoupTest
2018-01-26 at 23:54:50 CET logInfo - [pool-1-thread-1] shouldOpenABtestWhenClickABtestingLink(com.capgemini.ntc.selenium.projectY.ABtestingTest) STARTED.
2018-01-26 at 23:54:50 CET logInfo - [pool-1-thread-1] Step3 - click ABtesting link
2018-01-26 at 23:54:51 CET logDebug - [pool-1-thread-1] Waiting for [findElementDynamic(): By.cssSelector: li > a[href*=abtest]] took [0.177 s]
2018-01-26 at 23:54:52 CET logDebug - [pool-1-thread-1] To add observer: com.capgemini.ntc.selenium.pages.projectY.ABtestPage@3b63ea89
2018-01-26 at 23:54:52 CET logDebug - [pool-1-thread-1] BaseTestWatcher.observers: []
2018-01-26 at 23:54:52 CET logDebug - [pool-1-thread-1] TestClassRule.classObservers: [com.capgemini.ntc.selenium.pages.projectY.TheInternetPage@5c849a3e]
Running registrationTest
2018-01-26 at 23:53:27 CET logInfo - [pool-1-thread-7] registrationTest(com.capgemini.ntc.selenium.projectX.registration.RegisterOKTestDDInternalDataTest) STARTED.
2018-01-26 at 23:53:27 CET logDebug - [pool-1-thread-7] Creating new browser=chrome WebDriver.
2018-01-26 at 23:53:31 CET logInfo - [pool-1-thread-7] Trying to set requested resolution: 1600x1200.
2018-01-26 at 23:53:32 CET logInfo - [pool-1-thread-7] Resolution readed from device: 1600x1100
2018-01-26 at 23:53:32 CET logInfo - [pool-1-thread-7] Trying to set increased resolution for 'View port': 1616x1200.
2018-01-26 at 23:53:32 CET logInfo - [pool-1-thread-7] Resolution readed from device: 1616x1100
2018-01-26 at 23:53:32 CET logDebug - [pool-1-thread-7] driver:NewChromeDriver: chrome on XP (3a07227cd3bf5dc1808348821363293e)
2018-01-26 at 23:53:32 CET logDebug - [pool-1-thread-7] To add observer: com.capgemini.ntc.selenium.pages.projectX.registration.RegistrationPage@4b349bcf
2018-01-26 at 23:53:32 CET logDebug - [pool-1-thread-7] BaseTestWatcher.observers: []
2018-01-26 at 23:53:32 CET logDebug - [pool-1-thread-7] TestClassRule.classObservers: []
2018-01-26 at 23:53:32 CET logDebug - [pool-1-thread-7] Added observer: com.capgemini.ntc.selenium.pages.projectX.registration.RegistrationPage@4b349bcf
2018-01-26 at 23:53:32 CET logDebug - [pool-1-thread-7] Waiting for [waitForPageLoaded] took [0.059 s]
2018-01-26 at 23:53:32 CET logDebug - [pool-1-thread-7] com.capgemini.ntc.selenium.pages.projectX.registration.RegistrationPage: Current loaded page (http://demoqa.com/registration/) with pageTitle (). Page to load: (http://demoqa.com/registration/) ,for page title: (Registration | Demoqa)
2018-01-26 at 23:53:43 CET logDebug - [pool-1-thread-7] Waiting for [waitForPageLoaded] took [0.202 s]
2018-01-26 at 23:53:44 CET logDebug - [pool-1-thread-7] Waiting for [findElementDynamic(): By.cssSelector: input[id='name_3_firstname']] took [0.218 s]
2018-01-26 at 23:53:44 CET logDebug - [pool-1-thread-7] Waiting for [findElementDynamic(): By.cssSelector: input[id='name_3_firstname']] took [0.177 s]
2018-01-26 at 23:53:44 CET logDebug - [pool-1-thread-7] Waiting for [findElementDynamic(): By.cssSelector: input[id='name_3_firstname']] took [0.029 s]
2018-01-26 at 23:53:45 CET logDebug - [pool-1-thread-7] Waiting for [findElementDynamic(): By.cssSelector: input[id='name_3_lastname']] took [0.048 s]
2018-01-26 at 23:53:45 CET logDebug - [pool-1-thread-7] Waiting for [findElementDynamic(): By.cssSelector: input[id='name_3_lastname']] took [0.071 s]
2018-01-26 at 23:53:45 CET logDebug - [pool-1-thread-7] Waiting for [findElementDynamic(): By.cssSelector: input[id='name_3_lastname']] took [0.035 s]
2018-01-26 at 23:53:45 CET logDebug - [pool-1-thread-7] Waiting for [findElementDynamic(): By.cssSelector: div[class='radio_wrap']] took [0.036 s]
2018-01-26 at 23:53:45 CET logDebug - [pool-1-thread-7] Waiting for [findElementDynamic(): By.cssSelector: div[class='radio_wrap']] took [0.02 s]
2018-01-26 at 23:53:45 CET logDebug - [pool-1-thread-7] Waiting for [findElementDynamic(): By.cssSelector: div[class='radio_wrap']] took [0.337 s]
Input text element: com.capgemini.ntc.selenium.core.newDrivers.elementType.RadioButtonElement@2fcb5523 isn't clicked.
2018-01-26 at 23:53:46 CET logDebug - [pool-1-thread-7] Waiting for [findElementDynamic(): By.cssSelector: li.fields.pageFields_1:nth-child(3) div.radio_wrap] took [0.042 s]
2018-01-26 at 23:53:46 CET logDebug - [pool-1-thread-7] Waiting for [findElementDynamic(): By.cssSelector: li.fields.pageFields_1:nth-child(3) div.radio_wrap] took [0.022 s]
2018-01-26 at 23:53:46 CET logDebug - [pool-1-thread-7] Waiting for [findElementDynamic(): By.cssSelector: select[id='dropdown_7']] took [0.031 s]
2018-01-26 at 23:53:46 CET logDebug - [pool-1-thread-7] Waiting for [findElementDynamic(): By.cssSelector: select[id='dropdown_7']] took [0.018 s]
2018-01-26 at 23:53:46 CET logDebug - [pool-1-thread-7] Waiting for [findElementDynamic(): By.cssSelector: select[id='dropdown_7']] took [0.061 s]
2018-01-26 at 23:53:55 CET logDebug - [pool-1-thread-7] Waiting for [findElementDynamic(): By.cssSelector: select[id='dropdown_7']] took [0.028 s]
2018-01-26 at 23:53:55 CET logDebug - [pool-1-thread-7] Waiting for [findElementDynamic(): By.cssSelector: select[id='mm_date_8']] took [0.028 s]
2018-01-26 at 23:53:55 CET logDebug - [pool-1-thread-7] Waiting for [findElementDynamic(): By.cssSelector: select[id='mm_date_8']] took [0.029 s]
2018-01-26 at 23:53:56 CET logDebug - [pool-1-thread-7] Waiting for [findElementDynamic(): By.cssSelector: select[id='mm_date_8']] took [0.015 s]
2018-01-26 at 23:53:56 CET logDebug - [pool-1-thread-7] Waiting for [findElementDynamic(): By.cssSelector: select[id='mm_date_8']] took [0.01 s]
2018-01-26 at 23:53:56 CET logDebug - [pool-1-thread-7] Waiting for [findElementDynamic(): By.cssSelector: select[id='dd_date_8']] took [0.023 s]
2018-01-26 at 23:53:56 CET logDebug - [pool-1-thread-7] Waiting for [findElementDynamic(): By.cssSelector: select[id='dd_date_8']] took [0.015 s]
2018-01-26 at 23:53:56 CET logDebug - [pool-1-thread-7] Waiting for [findElementDynamic(): By.cssSelector: select[id='dd_date_8']] took [0.02 s]
2018-01-26 at 23:53:58 CET logDebug - [pool-1-thread-7] Waiting for [findElementDynamic(): By.cssSelector: select[id='dd_date_8']] took [0.013 s]
2018-01-26 at 23:53:58 CET logDebug - [pool-1-thread-7] Waiting for [findElementDynamic(): By.cssSelector: select[id='yy_date_8']] took [0.024 s]
2018-01-26 at 23:53:58 CET logDebug - [pool-1-thread-7] Waiting for [findElementDynamic(): By.cssSelector: select[id='yy_date_8']] took [0.012 s]
2018-01-26 at 23:53:58 CET logDebug - [pool-1-thread-7] Waiting for [findElementDynamic(): By.cssSelector: select[id='yy_date_8']] took [0.021 s]
2018-01-26 at 23:54:01 CET logDebug - [pool-1-thread-7] Waiting for [findElementDynamic(): By.cssSelector: select[id='yy_date_8']] took [0.017 s]
2018-01-26 at 23:54:01 CET logDebug - [pool-1-thread-7] Waiting for [findElementDynamic(): By.cssSelector: input[id='phone_9']] took [0.049 s]
2018-01-26 at 23:54:01 CET logDebug - [pool-1-thread-7] Waiting for [findElementDynamic(): By.cssSelector: input[id='phone_9']] took [0.041 s]
2018-01-26 at 23:54:01 CET logDebug - [pool-1-thread-7] Waiting for [findElementDynamic(): By.cssSelector: input[id='phone_9']] took [0.029 s]
2018-01-26 at 23:54:01 CET logDebug - [pool-1-thread-7] Waiting for [findElementDynamic(): By.cssSelector: input[id='username']] took [0.026 s]
2018-01-26 at 23:54:02 CET logDebug - [pool-1-thread-7] Waiting for [findElementDynamic(): By.cssSelector: input[id='username']] took [0.012 s]
2018-01-26 at 23:54:02 CET logDebug - [pool-1-thread-7] Waiting for [findElementDynamic(): By.cssSelector: input[id='username']] took [0.015 s]
2018-01-26 at 23:54:02 CET logDebug - [pool-1-thread-7] Waiting for [findElementDynamic(): By.cssSelector: input[id='email_1']] took [0.025 s]
2018-01-26 at 23:54:02 CET logDebug - [pool-1-thread-7] Waiting for [findElementDynamic(): By.cssSelector: input[id='email_1']] took [0.015 s]
2018-01-26 at 23:54:02 CET logDebug - [pool-1-thread-7] Waiting for [findElementDynamic(): By.cssSelector: input[id='email_1']] took [0.019 s]
2018-01-26 at 23:54:03 CET logDebug - [pool-1-thread-7] Waiting for [findElementDynamic(): By.cssSelector: textarea[ id='description' ]] took [0.046 s]
2018-01-26 at 23:54:03 CET logDebug - [pool-1-thread-7] Waiting for [findElementDynamic(): By.cssSelector: textarea[ id='description' ]] took [0.016 s]
2018-01-26 at 23:54:03 CET logDebug - [pool-1-thread-7] Waiting for [findElementDynamic(): By.cssSelector: textarea[ id='description' ]] took [0.03 s]
2018-01-26 at 23:54:03 CET logDebug - [pool-1-thread-7] Waiting for [findElementDynamic(): By.cssSelector: input[id='password_2']] took [0.044 s]
2018-01-26 at 23:54:03 CET logDebug - [pool-1-thread-7] Waiting for [findElementDynamic(): By.cssSelector: input[id='password_2']] took [0.015 s]
2018-01-26 at 23:54:03 CET logDebug - [pool-1-thread-7] Waiting for [findElementDynamic(): By.cssSelector: input[id='password_2']] took [0.018 s]
2018-01-26 at 23:54:04 CET logDebug - [pool-1-thread-7] Waiting for [findElementDynamic(): By.cssSelector: input[id='confirm_password_password_2']] took [0.035 s]
2018-01-26 at 23:54:04 CET logDebug - [pool-1-thread-7] Waiting for [findElementDynamic(): By.cssSelector: input[id='confirm_password_password_2']] took [0.017 s]
2018-01-26 at 23:54:04 CET logDebug - [pool-1-thread-7] Waiting for [findElementDynamic(): By.cssSelector: input[id='confirm_password_password_2']] took [0.027 s]
2018-01-26 at 23:54:05 CET logDebug - [pool-1-thread-7] Waiting for [findElementDynamic(): By.cssSelector: input[name='pie_submit']] took [0.042 s]
2018-01-26 at 23:54:05 CET logDebug - [pool-1-thread-7] Waiting for [findElementDynamic(): By.cssSelector: input[name='pie_submit']] took [0.113 s]
2018-01-26 at 23:54:05 CET logDebug - [pool-1-thread-7] Waiting for [waitForPageLoaded] took [0.01 s]
2018-01-26 at 23:54:05 CET logDebug - [pool-1-thread-7] Waiting for [findElementDynamic(): By.cssSelector: input[name='pie_submit']] took [0.021 s]
2018-01-26 at 23:54:07 CET logDebug - [pool-1-thread-7] Waiting for [waitForElementVisible(): By.cssSelector: p[class='piereg_login_error']] took [0.203 s]
2018-01-26 at 23:54:07 CET logDebug - [pool-1-thread-7] Waiting for [waitForElementVisible(): By.cssSelector: p[class='piereg_login_error']] took [0.035 s]
2018-01-26 at 23:54:07 CET logDebug - [pool-1-thread-7] Error: Username already exists
2018-01-26 at 23:54:07 CET logDebug - [pool-1-thread-7] Waiting for [findElementDynamic(): By.cssSelector: p[class='piereg_login_error']] took [0.036 s]
2018-01-26 at 23:54:07 CET logDebug - [pool-1-thread-7] Waiting for [findElementDynamic(): By.cssSelector: p[class='piereg_login_error']] took [0.033 s]
2018-01-26 at 23:54:07 CET logInfo - [pool-1-thread-7] registrationTest(com.capgemini.ntc.selenium.projectX.registration.RegisterOKTestDDInternalDataTest) PASSED.
2018-01-26 at 23:54:07 CET logDebug - [pool-1-thread-7] BasePage.onTestSuccess    RegistrationPage
2018-01-26 at 23:54:07 CET logInfo - [pool-1-thread-7] registrationTest(com.capgemini.ntc.selenium.projectX.registration.RegisterOKTestDDInternalDataTest) duration: 0,66 min
2018-01-26 at 23:54:08 CET logDebug - [pool-1-thread-7] BasePage.onTestFinish   RegistrationPage
2018-01-26 at 23:54:08 CET logDebug - [pool-1-thread-7] To remove observer: com.capgemini.ntc.selenium.pages.projectX.registration.RegistrationPage@4b349bcf
2018-01-26 at 23:54:08 CET logInfo - [pool-1-thread-7] registrationTest(com.capgemini.ntc.selenium.projectX.registration.RegisterOKTestDDInternalDataTest) STARTED.
2018-01-26 at 23:54:08 CET logDebug - [pool-1-thread-7] To add observer: com.capgemini.ntc.selenium.pages.projectX.registration.RegistrationPage@26f47606
2018-01-26 at 23:54:08 CET logDebug - [pool-1-thread-7] BaseTestWatcher.observers: [com.capgemini.ntc.selenium.pages.projectX.registration.RegistrationPage@4b349bcf]
2018-01-26 at 23:54:08 CET logDebug - [pool-1-thread-7] TestClassRule.classObservers: []
2018-01-26 at 23:54:08 CET logDebug - [pool-1-thread-7] Waiting for [waitForPageLoaded] took [0.16 s]
2018-01-26 at 23:54:08 CET logDebug - [pool-1-thread-7] Waiting for [waitForPageLoaded] took [0.005 s]
2018-01-26 at 23:54:08 CET logDebug - [pool-1-thread-7] Waiting for [findElementDynamic(): By.cssSelector: input[id='name_3_firstname']] took [0.018 s]
2018-01-26 at 23:54:08 CET logDebug - [pool-1-thread-7] Waiting for [findElementDynamic(): By.cssSelector: input[id='name_3_firstname']] took [0.031 s]
2018-01-26 at 23:54:08 CET logDebug - [pool-1-thread-7] Waiting for [findElementDynamic(): By.cssSelector: input[id='name_3_firstname']] took [0.013 s]
2018-01-26 at 23:54:09 CET logDebug - [pool-1-thread-7] Waiting for [findElementDynamic(): By.cssSelector: input[id='name_3_lastname']] took [0.023 s]
2018-01-26 at 23:54:09 CET logDebug - [pool-1-thread-7] Waiting for [findElementDynamic(): By.cssSelector: input[id='name_3_lastname']] took [0.013 s]
2018-01-26 at 23:54:09 CET logDebug - [pool-1-thread-7] Waiting for [findElementDynamic(): By.cssSelector: input[id='name_3_lastname']] took [0.017 s]
2018-01-26 at 23:54:09 CET logDebug - [pool-1-thread-7] Waiting for [findElementDynamic(): By.cssSelector: div[class='radio_wrap']] took [0.021 s]
2018-01-26 at 23:54:09 CET logDebug - [pool-1-thread-7] Waiting for [findElementDynamic(): By.cssSelector: div[class='radio_wrap']] took [0.01 s]
2018-01-26 at 23:54:09 CET logDebug - [pool-1-thread-7] Waiting for [findElementDynamic(): By.cssSelector: div[class='radio_wrap']] took [0.015 s]
2018-01-26 at 23:54:09 CET logDebug - [pool-1-thread-7] Waiting for [findElementDynamic(): By.cssSelector: div[class='radio_wrap']] took [0.011 s]
2018-01-26 at 23:54:09 CET logDebug - [pool-1-thread-7] Waiting for [findElementDynamic(): By.cssSelector: li.fields.pageFields_1:nth-child(3) div.radio_wrap] took [0.042 s]
2018-01-26 at 23:54:09 CET logDebug - [pool-1-thread-7] Waiting for [findElementDynamic(): By.cssSelector: li.fields.pageFields_1:nth-child(3) div.radio_wrap] took [0.014 s]
2018-01-26 at 23:54:09 CET logDebug - [pool-1-thread-7] Waiting for [findElementDynamic(): By.cssSelector: select[id='dropdown_7']] took [0.027 s]
2018-01-26 at 23:54:09 CET logDebug - [pool-1-thread-7] Waiting for [findElementDynamic(): By.cssSelector: select[id='dropdown_7']] took [0.023 s]
2018-01-26 at 23:54:10 CET logDebug - [pool-1-thread-7] Waiting for [findElementDynamic(): By.cssSelector: select[id='dropdown_7']] took [0.013 s]
2018-01-26 at 23:54:16 CET logDebug - [pool-1-thread-7] Waiting for [findElementDynamic(): By.cssSelector: select[id='dropdown_7']] took [0.022 s]
2018-01-26 at 23:54:16 CET logDebug - [pool-1-thread-7] Waiting for [findElementDynamic(): By.cssSelector: select[id='mm_date_8']] took [0.02 s]
2018-01-26 at 23:54:16 CET logDebug - [pool-1-thread-7] Waiting for [findElementDynamic(): By.cssSelector: select[id='mm_date_8']] took [0.01 s]
2018-01-26 at 23:54:16 CET logDebug - [pool-1-thread-7] Waiting for [findElementDynamic(): By.cssSelector: select[id='mm_date_8']] took [0.037 s]
2018-01-26 at 23:54:16 CET logDebug - [pool-1-thread-7] Waiting for [findElementDynamic(): By.cssSelector: select[id='mm_date_8']] took [0.015 s]
2018-01-26 at 23:54:16 CET logDebug - [pool-1-thread-7] Waiting for [findElementDynamic(): By.cssSelector: select[id='dd_date_8']] took [0.021 s]
2018-01-26 at 23:54:16 CET logDebug - [pool-1-thread-7] Waiting for [findElementDynamic(): By.cssSelector: select[id='dd_date_8']] took [0.013 s]
2018-01-26 at 23:54:17 CET logDebug - [pool-1-thread-7] Waiting for [findElementDynamic(): By.cssSelector: select[id='dd_date_8']] took [0.015 s]
2018-01-26 at 23:54:17 CET logDebug - [pool-1-thread-7] Waiting for [findElementDynamic(): By.cssSelector: select[id='dd_date_8']] took [0.01 s]
2018-01-26 at 23:54:17 CET logDebug - [pool-1-thread-7] Waiting for [findElementDynamic(): By.cssSelector: select[id='yy_date_8']] took [0.018 s]
2018-01-26 at 23:54:18 CET logDebug - [pool-1-thread-7] Waiting for [findElementDynamic(): By.cssSelector: select[id='yy_date_8']] took [0.009 s]
2018-01-26 at 23:54:18 CET logDebug - [pool-1-thread-7] Waiting for [findElementDynamic(): By.cssSelector: select[id='yy_date_8']] took [0.013 s]
2018-01-26 at 23:54:20 CET logDebug - [pool-1-thread-7] Waiting for [findElementDynamic(): By.cssSelector: select[id='yy_date_8']] took [0.01 s]
2018-01-26 at 23:54:20 CET logDebug - [pool-1-thread-7] Waiting for [findElementDynamic(): By.cssSelector: input[id='phone_9']] took [0.019 s]
2018-01-26 at 23:54:20 CET logDebug - [pool-1-thread-7] Waiting for [findElementDynamic(): By.cssSelector: input[id='phone_9']] took [0.01 s]
2018-01-26 at 23:54:20 CET logDebug - [pool-1-thread-7] Waiting for [findElementDynamic(): By.cssSelector: input[id='phone_9']] took [0.015 s]
2018-01-26 at 23:54:20 CET logDebug - [pool-1-thread-7] Waiting for [findElementDynamic(): By.cssSelector: input[id='username']] took [0.021 s]
2018-01-26 at 23:54:20 CET logDebug - [pool-1-thread-7] Waiting for [findElementDynamic(): By.cssSelector: input[id='username']] took [0.01 s]
2018-01-26 at 23:54:20 CET logDebug - [pool-1-thread-7] Waiting for [findElementDynamic(): By.cssSelector: input[id='username']] took [0.014 s]
2018-01-26 at 23:54:20 CET logDebug - [pool-1-thread-7] Waiting for [findElementDynamic(): By.cssSelector: input[id='email_1']] took [0.024 s]
2018-01-26 at 23:54:20 CET logDebug - [pool-1-thread-7] Waiting for [findElementDynamic(): By.cssSelector: input[id='email_1']] took [0.013 s]
2018-01-26 at 23:54:20 CET logDebug - [pool-1-thread-7] Waiting for [findElementDynamic(): By.cssSelector: input[id='email_1']] took [0.013 s]
2018-01-26 at 23:54:21 CET logDebug - [pool-1-thread-7] Waiting for [findElementDynamic(): By.cssSelector: textarea[ id='description' ]] took [0.027 s]
2018-01-26 at 23:54:21 CET logDebug - [pool-1-thread-7] Waiting for [findElementDynamic(): By.cssSelector: textarea[ id='description' ]] took [0.012 s]
2018-01-26 at 23:54:21 CET logDebug - [pool-1-thread-7] Waiting for [findElementDynamic(): By.cssSelector: textarea[ id='description' ]] took [0.015 s]
2018-01-26 at 23:54:21 CET logDebug - [pool-1-thread-7] Waiting for [findElementDynamic(): By.cssSelector: input[id='password_2']] took [0.025 s]
2018-01-26 at 23:54:21 CET logDebug - [pool-1-thread-7] Waiting for [findElementDynamic(): By.cssSelector: input[id='password_2']] took [0.014 s]
2018-01-26 at 23:54:21 CET logDebug - [pool-1-thread-7] Waiting for [findElementDynamic(): By.cssSelector: input[id='password_2']] took [0.023 s]
2018-01-26 at 23:54:21 CET logDebug - [pool-1-thread-7] Waiting for [findElementDynamic(): By.cssSelector: input[id='confirm_password_password_2']] took [0.03 s]
2018-01-26 at 23:54:21 CET logDebug - [pool-1-thread-7] Waiting for [findElementDynamic(): By.cssSelector: input[id='confirm_password_password_2']] took [0.017 s]
2018-01-26 at 23:54:21 CET logDebug - [pool-1-thread-7] Waiting for [findElementDynamic(): By.cssSelector: input[id='confirm_password_password_2']] took [0.015 s]
2018-01-26 at 23:54:22 CET logDebug - [pool-1-thread-7] Waiting for [findElementDynamic(): By.cssSelector: input[name='pie_submit']] took [0.031 s]
2018-01-26 at 23:54:22 CET logDebug - [pool-1-thread-7] Waiting for [findElementDynamic(): By.cssSelector: input[name='pie_submit']] took [0.024 s]
2018-01-26 at 23:54:22 CET logDebug - [pool-1-thread-7] Waiting for [waitForPageLoaded] took [0.016 s]
2018-01-26 at 23:54:22 CET logDebug - [pool-1-thread-7] Waiting for [findElementDynamic(): By.cssSelector: input[name='pie_submit']] took [0.022 s]
2018-01-26 at 23:54:23 CET logDebug - [pool-1-thread-7] Waiting for [waitForElementVisible(): By.cssSelector: p[class='piereg_login_error']] took [0.223 s]
2018-01-26 at 23:54:23 CET logDebug - [pool-1-thread-7] Waiting for [waitForElementVisible(): By.cssSelector: p[class='piereg_login_error']] took [0.042 s]
2018-01-26 at 23:54:23 CET logDebug - [pool-1-thread-7] Error: Username already exists
2018-01-26 at 23:54:23 CET logDebug - [pool-1-thread-7] Waiting for [findElementDynamic(): By.cssSelector: p[class='piereg_login_error']] took [0.021 s]
2018-01-26 at 23:54:23 CET logDebug - [pool-1-thread-7] Waiting for [findElementDynamic(): By.cssSelector: p[class='piereg_login_error']] took [0.018 s]
2018-01-26 at 23:54:23 CET logInfo - [pool-1-thread-7] registrationTest(com.capgemini.ntc.selenium.projectX.registration.RegisterOKTestDDInternalDataTest) PASSED.
2018-01-26 at 23:54:23 CET logDebug - [pool-1-thread-7] BasePage.onTestSuccess    RegistrationPage
2018-01-26 at 23:54:23 CET logInfo - [pool-1-thread-7] registrationTest(com.capgemini.ntc.selenium.projectX.registration.RegisterOKTestDDInternalDataTest) duration: 0,26 min
2018-01-26 at 23:54:25 CET logDebug - [pool-1-thread-7] BasePage.onTestFinish   RegistrationPage
2018-01-26 at 23:54:25 CET logDebug - [pool-1-thread-7] To remove observer: com.capgemini.ntc.selenium.pages.projectX.registration.RegistrationPage@4b349bcf
2018-01-26 at 23:54:25 CET logDebug - [pool-1-thread-7] BaseTest.tearDownClass()
2018-01-26 at 23:54:25 CET logDebug - [pool-1-thread-7] BaseTestWatcher.observers: [com.capgemini.ntc.selenium.pages.projectX.registration.RegistrationPage@4b349bcf]
2018-01-26 at 23:54:25 CET logDebug - [pool-1-thread-7] TestClassRule.classObservers: []
2018-01-26 at 23:54:25 CET logDebug - [pool-1-thread-7] BasePage.onTestClassFinish   RegistrationPage
2018-01-26 at 23:54:25 CET logDebug - [pool-1-thread-7] driver:NewChromeDriver: chrome on XP (3a07227cd3bf5dc1808348821363293e)
2018-01-26 at 23:54:25 CET logDebug - [pool-1-thread-7] Closing WebDriver for this thread. chrome
2018-01-26 at 23:54:26 CET logDebug - [pool-1-thread-7] All observers cleared.
2018-01-26 at 23:54:26 CET logInfo - [pool-1-thread-7] Step 1: Open the Url http://the-internet.herokuapp.com/
2018-01-26 at 23:54:26 CET logDebug - [pool-1-thread-7] Creating new browser=chrome WebDriver.
2018-01-26 at 23:54:30 CET logInfo - [pool-1-thread-7] Trying to set requested resolution: 1600x1200.
2018-01-26 at 23:54:31 CET logInfo - [pool-1-thread-7] Resolution readed from device: 1600x1100
2018-01-26 at 23:54:31 CET logInfo - [pool-1-thread-7] Trying to set increased resolution for 'View port': 1616x1200.
2018-01-26 at 23:54:31 CET logInfo - [pool-1-thread-7] Resolution readed from device: 1616x1100
2018-01-26 at 23:54:31 CET logDebug - [pool-1-thread-7] driver:NewChromeDriver: chrome on XP (735919e2b82b36d3884a871dae551865)
2018-01-26 at 23:54:31 CET logDebug - [pool-1-thread-7] To add observer: com.capgemini.ntc.selenium.pages.projectY.TheInternetPage@50f60808
2018-01-26 at 23:54:31 CET logDebug - [pool-1-thread-7] BaseTestWatcher.observers: []
2018-01-26 at 23:54:31 CET logDebug - [pool-1-thread-7] TestClassRule.classObservers: []
2018-01-26 at 23:54:31 CET logDebug - [pool-1-thread-7] Added observer: com.capgemini.ntc.selenium.pages.projectY.TheInternetPage@50f60808
2018-01-26 at 23:54:31 CET logDebug - [pool-1-thread-7] The internet page is loaded: data:,
2018-01-26 at 23:54:31 CET logDebug - [pool-1-thread-7] load page
2018-01-26 at 23:54:52 CET logDebug - [pool-1-thread-7] Waiting for [waitForPageLoaded] took [0.053 s]
2018-01-26 at 23:54:52 CET logInfo - [pool-1-thread-7] Step 2: Verify if Url http://the-internet.herokuapp.com/ opens
2018-01-26 at 23:54:52 CET logDebug - [pool-1-thread-7] The internet page is loaded: http://the-internet.herokuapp.com/
Input text element: com.capgemini.ntc.selenium.core.newDrivers.elementType.RadioButtonElement@3590b3e7 isn't clicked.
Tests run: 2, Failures: 0, Errors: 0, Skipped: 0, Time elapsed: 57.378 sec - in registrationTest
2018-01-26 at 23:54:52 CET logInfo - [pool-1-thread-1] shouldOpenABtestWhenClickABtestingLink(com.capgemini.ntc.selenium.projectY.ABtestingTest) PASSED.
2018-01-26 at 23:54:52 CET logDebug - [pool-1-thread-1] BasePage.onTestSuccess    TheInternetPage
2018-01-26 at 23:54:52 CET logInfo - [pool-1-thread-1] shouldOpenABtestWhenClickABtestingLink(com.capgemini.ntc.selenium.projectY.ABtestingTest) duration: 0,03 min
2018-01-26 at 23:54:52 CET logDebug - [pool-1-thread-1] Waiting for [waitForPageLoaded] took [0.104 s]
2018-01-26 at 23:54:52 CET logInfo - [pool-1-thread-1] shouldOpenElementalSeleniumPageWhenClickElementalSeleniumLink(com.capgemini.ntc.selenium.projectY.ABtestingTest) STARTED.
2018-01-26 at 23:54:52 CET logInfo - [pool-1-thread-1] Step3 - click ABtesting link
2018-01-26 at 23:54:53 CET logDebug - [pool-1-thread-1] Waiting for [findElementDynamic(): By.cssSelector: li > a[href*=abtest]] took [0.043 s]
2018-01-26 at 23:54:53 CET logDebug - [pool-1-thread-1] To add observer: com.capgemini.ntc.selenium.pages.projectY.ABtestPage@62c4fc22
2018-01-26 at 23:54:53 CET logDebug - [pool-1-thread-1] BaseTestWatcher.observers: []
2018-01-26 at 23:54:53 CET logDebug - [pool-1-thread-1] TestClassRule.classObservers: [com.capgemini.ntc.selenium.pages.projectY.TheInternetPage@5c849a3e]
2018-01-26 at 23:54:53 CET logInfo - [pool-1-thread-1] Step4 - click Elemental Selenium link
2018-01-26 at 23:54:53 CET logDebug - [pool-1-thread-1] Waiting for [findElementDynamic(): By.cssSelector: div > div > a] took [0.047 s]
2018-01-26 at 23:54:54 CET logDebug - [pool-1-thread-1] Waiting for [waitForPageLoaded] took [0.063 s]
2018-01-26 at 23:54:54 CET logDebug - [pool-1-thread-1] To add observer: com.capgemini.ntc.selenium.pages.projectY.ElementalSeleniumPage@64a537c4
2018-01-26 at 23:54:54 CET logDebug - [pool-1-thread-1] BaseTestWatcher.observers: []
2018-01-26 at 23:54:54 CET logDebug - [pool-1-thread-1] TestClassRule.classObservers: [com.capgemini.ntc.selenium.pages.projectY.TheInternetPage@5c849a3e]
2018-01-26 at 23:54:54 CET logDebug - [pool-1-thread-1] load()
2018-01-26 at 23:54:54 CET logInfo - [pool-1-thread-1] Step5 - switch tab in browser to new opened Elemental Selenium link
2018-01-26 at 23:54:56 CET logInfo - [pool-1-thread-1] shouldOpenElementalSeleniumPageWhenClickElementalSeleniumLink(com.capgemini.ntc.selenium.projectY.ABtestingTest) PASSED.
2018-01-26 at 23:54:56 CET logDebug - [pool-1-thread-1] BasePage.onTestSuccess    TheInternetPage
2018-01-26 at 23:54:56 CET logInfo - [pool-1-thread-1] shouldOpenElementalSeleniumPageWhenClickElementalSeleniumLink(com.capgemini.ntc.selenium.projectY.ABtestingTest) duration: 0,05 min
2018-01-26 at 23:54:57 CET logDebug - [pool-1-thread-1] Waiting for [waitForPageLoaded] took [1.564 s]
2018-01-26 at 23:54:57 CET logDebug - [pool-1-thread-1] BaseTest.tearDownClass()
2018-01-26 at 23:54:57 CET logDebug - [pool-1-thread-1] BaseTestWatcher.observers: []
2018-01-26 at 23:54:57 CET logDebug - [pool-1-thread-1] TestClassRule.classObservers: [com.capgemini.ntc.selenium.pages.projectY.TheInternetPage@5c849a3e]
2018-01-26 at 23:54:57 CET logDebug - [pool-1-thread-1] BasePage.onTestClassFinish   TheInternetPage
2018-01-26 at 23:54:57 CET logDebug - [pool-1-thread-1] driver:NewChromeDriver: chrome on XP (cd1f728a8bd15fa3e5c836aef5d868a8)
2018-01-26 at 23:54:57 CET logDebug - [pool-1-thread-1] Closing WebDriver for this thread. chrome
2018-01-26 at 23:54:58 CET logDebug - [pool-1-thread-1] All observers cleared.
Running com.capgemini.ntc.selenium.projectY.ChallengingDomTest
sty 26, 2018 11:54:58 PM org.openqa.selenium.remote.DesiredCapabilities chrome
INFO: Using `new ChromeOptions()` is preferred to `DesiredCapabilities.chrome()`
Tests run: 1, Failures: 0, Errors: 0, Skipped: 0, Time elapsed: 26.215 sec - in com.capgemini.ntc.selenium.projectY.ChallengingDomTest
Running com.capgemini.ntc.selenium.projectY.ABtestingTest
Tests run: 2, Failures: 0, Errors: 0, Skipped: 0, Time elapsed: 6.74 sec - in com.capgemini.ntc.selenium.projectY.ABtestingTest
Running com.capgemini.ntc.selenium.projectY.MultipleWindowsTest
Tests run: 1, Failures: 0, Errors: 0, Skipped: 0, Time elapsed: 1.938 sec - in com.capgemini.ntc.selenium.projectY.MultipleWindowsTest
Running com.capgemini.ntc.selenium.projectY.DropdownTest
Tests run: 2, Failures: 0, Errors: 0, Skipped: 0, Time elapsed: 28.534 sec - in com.capgemini.ntc.selenium.projectY.DropdownTest
2018-01-26 at 23:54:58 CET logInfo - [pool-1-thread-1] testSelectSubMenuItemByText(com.capgemini.ntc.selenium.features.webElements.MenuTest) STARTED.
2018-01-26 at 23:54:58 CET logDebug - [pool-1-thread-1] Creating new browser=chrome WebDriver.
Running com.capgemini.ntc.selenium.projectY.KeyPressesTest
Tests run: 1, Failures: 0, Errors: 0, Skipped: 0, Time elapsed: 26.595 sec - in com.capgemini.ntc.selenium.projectY.KeyPressesTest
Running com.capgemini.ntc.selenium.projectY.BrokenImagesTest
Tests run: 1, Failures: 0, Errors: 0, Skipped: 0, Time elapsed: 24.435 sec - in com.capgemini.ntc.selenium.projectY.BrokenImagesTest
Running com.capgemini.ntc.selenium.projectY.CheckboxesTest
Tests run: 2, Failures: 0, Errors: 0, Skipped: 0, Time elapsed: 3.694 sec - in com.capgemini.ntc.selenium.projectY.CheckboxesTest
Starting ChromeDriver 2.33.506120 (e3e53437346286c0bc2d2dc9aa4915ba81d9023f) on port 44388
Only local connections are allowed.
sty 26, 2018 11:55:02 PM org.openqa.selenium.remote.ProtocolHandshake createSession
INFO: Detected dialect: OSS
2018-01-26 at 23:55:02 CET logInfo - [pool-1-thread-1] Trying to set requested resolution: 1600x1200.
2018-01-26 at 23:55:03 CET logInfo - [pool-1-thread-1] Resolution readed from device: 1600x1100
2018-01-26 at 23:55:03 CET logInfo - [pool-1-thread-1] Trying to set increased resolution for 'View port': 1616x1200.
2018-01-26 at 23:55:04 CET logInfo - [pool-1-thread-1] Resolution readed from device: 1616x1100
2018-01-26 at 23:55:04 CET logDebug - [pool-1-thread-1] driver:NewChromeDriver: chrome on XP (04d9a7da85cd8c52e256bf006d6bb601)
Running com.capgemini.ntc.selenium.projectY.HoversTest
Tests run: 1, Failures: 0, Errors: 0, Skipped: 0, Time elapsed: 25.519 sec - in com.capgemini.ntc.selenium.projectY.HoversTest
2018-01-26 at 23:55:16 CET logDebug - [pool-1-thread-1] Waiting for [findElementDynamic(): By.cssSelector: li[aria-controls='tabs-2']] took [0.25 s]
2018-01-26 at 23:55:16 CET logDebug - [pool-1-thread-1] Waiting for [findElementDynamic(): By.cssSelector: li[aria-controls='tabs-2']] took [0.16 s]
2018-01-26 at 23:55:17 CET logDebug - [pool-1-thread-1] Waiting for [waitForPageLoaded] took [0.017 s]
2018-01-26 at 23:55:17 CET logDebug - [pool-1-thread-1] Waiting for [findElementDynamic(): By.cssSelector: li[aria-controls='tabs-2']] took [0.031 s]
2018-01-26 at 23:55:18 CET logDebug - [pool-1-thread-1] Waiting for [findElementDynamic(): By.cssSelector: div#tabs-2 ul.top-level] took [0.296 s]
2018-01-26 at 23:55:18 CET logDebug - [pool-1-thread-1] Waiting for [findElementDynamic(): By.cssSelector: div#tabs-2 ul.top-level] took [0.253 s]
Running com.capgemini.ntc.selenium.features.webElements.InputTextTest
Tests run: 1, Failures: 0, Errors: 0, Skipped: 0, Time elapsed: 21.865 sec - in com.capgemini.ntc.selenium.features.webElements.InputTextTest
2018-01-26 at 23:55:20 CET logDebug - [pool-1-thread-1] Waiting for [waitForElementVisible(): By.cssSelector: ul] took [0.237 s]
2018-01-26 at 23:55:21 CET logInfo - [pool-1-thread-1] testSelectSubMenuItemByText(com.capgemini.ntc.selenium.features.webElements.MenuTest) PASSED.
2018-01-26 at 23:55:21 CET logInfo - [pool-1-thread-1] testSelectSubMenuItemByText(com.capgemini.ntc.selenium.features.webElements.MenuTest) duration: 0,39 min
2018-01-26 at 23:55:21 CET logInfo - [pool-1-thread-1] testMenuByText(com.capgemini.ntc.selenium.features.webElements.MenuTest) STARTED.
2018-01-26 at 23:55:22 CET logDebug - [pool-1-thread-1] Waiting for [findElementDynamic(): By.cssSelector: div#tabs-1 ul.top-level] took [0.153 s]
2018-01-26 at 23:55:23 CET logDebug - [pool-1-thread-1] Waiting for [findElementDynamic(): By.cssSelector: div#tabs-1 ul.top-level] took [0.237 s]
2018-01-26 at 23:55:24 CET logDebug - [pool-1-thread-1] Waiting for [findElementDynamic(): By.cssSelector: div#tabs-1 ul.top-level] took [0.221 s]
2018-01-26 at 23:55:24 CET logInfo - [pool-1-thread-1] testMenuByText(com.capgemini.ntc.selenium.features.webElements.MenuTest) PASSED.
2018-01-26 at 23:55:24 CET logInfo - [pool-1-thread-1] testMenuByText(com.capgemini.ntc.selenium.features.webElements.MenuTest) duration: 0,05 min
2018-01-26 at 23:55:24 CET logInfo - [pool-1-thread-1] testMenuItemsText(com.capgemini.ntc.selenium.features.webElements.MenuTest) STARTED.
2018-01-26 at 23:55:25 CET logDebug - [pool-1-thread-1] Waiting for [findElementDynamic(): By.cssSelector: div#tabs-1 ul.top-level] took [0.078 s]
2018-01-26 at 23:55:25 CET logDebug - [pool-1-thread-1] Waiting for [findElementDynamic(): By.cssSelector: div#tabs-1 ul.top-level] took [0.08 s]
2018-01-26 at 23:55:25 CET logInfo - [pool-1-thread-1] testMenuItemsText(com.capgemini.ntc.selenium.features.webElements.MenuTest) PASSED.
2018-01-26 at 23:55:25 CET logInfo - [pool-1-thread-1] testMenuItemsText(com.capgemini.ntc.selenium.features.webElements.MenuTest) duration: 0,02 min
2018-01-26 at 23:55:25 CET logInfo - [pool-1-thread-1] testLinkSubMenuItemByText(com.capgemini.ntc.selenium.features.webElements.MenuTest) STARTED.
Running com.capgemini.ntc.selenium.features.webElements.LabelTest
Tests run: 1, Failures: 0, Errors: 0, Skipped: 0, Time elapsed: 28.101 sec - in com.capgemini.ntc.selenium.features.webElements.LabelTest
2018-01-26 at 23:55:27 CET logDebug - [pool-1-thread-1] Waiting for [findElementDynamic(): By.cssSelector: li[aria-controls='tabs-2']] took [0.059 s]
2018-01-26 at 23:55:27 CET logDebug - [pool-1-thread-1] Waiting for [findElementDynamic(): By.cssSelector: li[aria-controls='tabs-2']] took [0.019 s]
2018-01-26 at 23:55:27 CET logDebug - [pool-1-thread-1] Waiting for [waitForPageLoaded] took [0.012 s]
2018-01-26 at 23:55:27 CET logDebug - [pool-1-thread-1] Waiting for [findElementDynamic(): By.cssSelector: li[aria-controls='tabs-2']] took [0.07 s]
2018-01-26 at 23:55:28 CET logDebug - [pool-1-thread-1] Waiting for [findElementDynamic(): By.cssSelector: div#tabs-2 ul.top-level] took [0.199 s]
2018-01-26 at 23:55:28 CET logDebug - [pool-1-thread-1] Waiting for [findElementDynamic(): By.cssSelector: div#tabs-2 ul.top-level] took [0.249 s]
2018-01-26 at 23:55:30 CET logDebug - [pool-1-thread-1] Waiting for [waitForElementVisible(): By.cssSelector: ul] took [0.134 s]
2018-01-26 at 23:55:31 CET logInfo - [pool-1-thread-1] testLinkSubMenuItemByText(com.capgemini.ntc.selenium.features.webElements.MenuTest) PASSED.
2018-01-26 at 23:55:31 CET logInfo - [pool-1-thread-1] testLinkSubMenuItemByText(com.capgemini.ntc.selenium.features.webElements.MenuTest) duration: 0,09 min
2018-01-26 at 23:55:31 CET logInfo - [pool-1-thread-1] testLinkSubMenuItemByIndex(com.capgemini.ntc.selenium.features.webElements.MenuTest) STARTED.
2018-01-26 at 23:55:32 CET logDebug - [pool-1-thread-1] Waiting for [findElementDynamic(): By.cssSelector: li[aria-controls='tabs-2']] took [0.151 s]
2018-01-26 at 23:55:32 CET logDebug - [pool-1-thread-1] Waiting for [findElementDynamic(): By.cssSelector: li[aria-controls='tabs-2']] took [0.046 s]
2018-01-26 at 23:55:32 CET logDebug - [pool-1-thread-1] Waiting for [waitForPageLoaded] took [0.017 s]
2018-01-26 at 23:55:32 CET logDebug - [pool-1-thread-1] Waiting for [findElementDynamic(): By.cssSelector: li[aria-controls='tabs-2']] took [0.024 s]
2018-01-26 at 23:55:33 CET logDebug - [pool-1-thread-1] Waiting for [findElementDynamic(): By.cssSelector: div#tabs-2 ul.top-level] took [0.028 s]
2018-01-26 at 23:55:33 CET logDebug - [pool-1-thread-1] Waiting for [findElementDynamic(): By.cssSelector: div#tabs-2 ul.top-level] took [0.025 s]
2018-01-26 at 23:55:33 CET logDebug - [pool-1-thread-1] Waiting for [waitForElementVisible(): By.cssSelector: div#tabs-2 ul.top-level] took [0.127 s]
2018-01-26 at 23:55:33 CET logInfo - [pool-1-thread-1] testLinkSubMenuItemByIndex(com.capgemini.ntc.selenium.features.webElements.MenuTest) PASSED.
2018-01-26 at 23:55:33 CET logInfo - [pool-1-thread-1] testLinkSubMenuItemByIndex(com.capgemini.ntc.selenium.features.webElements.MenuTest) duration: 0,05 min
2018-01-26 at 23:55:33 CET logInfo - [pool-1-thread-1] testMenuByIndex(com.capgemini.ntc.selenium.features.webElements.MenuTest) STARTED.
2018-01-26 at 23:55:35 CET logDebug - [pool-1-thread-1] Waiting for [findElementDynamic(): By.cssSelector: div#tabs-1 ul.top-level] took [0.414 s]
2018-01-26 at 23:55:35 CET logDebug - [pool-1-thread-1] Waiting for [findElementDynamic(): By.cssSelector: div#tabs-1 ul.top-level] took [0.087 s]
2018-01-26 at 23:55:36 CET logDebug - [pool-1-thread-1] Waiting for [findElementDynamic(): By.cssSelector: div#tabs-1 ul.top-level] took [0.131 s]
2018-01-26 at 23:55:36 CET logInfo - [pool-1-thread-1] testMenuByIndex(com.capgemini.ntc.selenium.features.webElements.MenuTest) PASSED.
2018-01-26 at 23:55:36 CET logInfo - [pool-1-thread-1] testMenuByIndex(com.capgemini.ntc.selenium.features.webElements.MenuTest) duration: 0,04 min
2018-01-26 at 23:55:36 CET logInfo - [pool-1-thread-1] testSelectSubMenuItemByIndex(com.capgemini.ntc.selenium.features.webElements.MenuTest) STARTED.
2018-01-26 at 23:55:37 CET logDebug - [pool-1-thread-1] Waiting for [findElementDynamic(): By.cssSelector: li[aria-controls='tabs-2']] took [0.105 s]
Running com.capgemini.ntc.selenium.features.webElements.ButtonTest
Tests run: 1, Failures: 0, Errors: 0, Skipped: 0, Time elapsed: 38.863 sec - in com.capgemini.ntc.selenium.features.webElements.ButtonTest
2018-01-26 at 23:55:37 CET logDebug - [pool-1-thread-1] Waiting for [findElementDynamic(): By.cssSelector: li[aria-controls='tabs-2']] took [0.034 s]
2018-01-26 at 23:55:37 CET logDebug - [pool-1-thread-1] Waiting for [waitForPageLoaded] took [0.077 s]
2018-01-26 at 23:55:37 CET logDebug - [pool-1-thread-1] Waiting for [findElementDynamic(): By.cssSelector: li[aria-controls='tabs-2']] took [0.031 s]
2018-01-26 at 23:55:37 CET logDebug - [pool-1-thread-1] Waiting for [findElementDynamic(): By.cssSelector: div#tabs-2 ul.top-level] took [0.031 s]
2018-01-26 at 23:55:37 CET logDebug - [pool-1-thread-1] Waiting for [findElementDynamic(): By.cssSelector: div#tabs-2 ul.top-level] took [0.04 s]
2018-01-26 at 23:55:38 CET logDebug - [pool-1-thread-1] Waiting for [waitForElementVisible(): By.cssSelector: div#tabs-2 ul.top-level] took [0.103 s]
2018-01-26 at 23:55:38 CET logInfo - [pool-1-thread-1] testSelectSubMenuItemByIndex(com.capgemini.ntc.selenium.features.webElements.MenuTest) PASSED.
2018-01-26 at 23:55:38 CET logInfo - [pool-1-thread-1] testSelectSubMenuItemByIndex(com.capgemini.ntc.selenium.features.webElements.MenuTest) duration: 0,04 min
2018-01-26 at 23:55:38 CET logInfo - [pool-1-thread-1] testMenuItemsCount(com.capgemini.ntc.selenium.features.webElements.MenuTest) STARTED.
Running com.capgemini.ntc.selenium.features.webElements.CheckBoxTest
Tests run: 5, Failures: 0, Errors: 0, Skipped: 0, Time elapsed: 40.318 sec - in com.capgemini.ntc.selenium.features.webElements.CheckBoxTest
Running com.capgemini.ntc.selenium.features.webElements.NavigationBarTest
Tests run: 6, Failures: 0, Errors: 0, Skipped: 0, Time elapsed: 19.024 sec - in com.capgemini.ntc.selenium.features.webElements.NavigationBarTest
2018-01-26 at 23:55:39 CET logDebug - [pool-1-thread-1] Waiting for [findElementDynamic(): By.cssSelector: div#tabs-1 ul.top-level] took [0.448 s]
2018-01-26 at 23:55:39 CET logDebug - [pool-1-thread-1] Waiting for [findElementDynamic(): By.cssSelector: div#tabs-1 ul.top-level] took [0.163 s]
2018-01-26 at 23:55:39 CET logInfo - [pool-1-thread-1] testMenuItemsCount(com.capgemini.ntc.selenium.features.webElements.MenuTest) PASSED.
2018-01-26 at 23:55:39 CET logInfo - [pool-1-thread-1] testMenuItemsCount(com.capgemini.ntc.selenium.features.webElements.MenuTest) duration: 0,02 min
2018-01-26 at 23:55:39 CET logDebug - [pool-1-thread-1] BaseTest.tearDownClass()
2018-01-26 at 23:55:39 CET logDebug - [pool-1-thread-1] BaseTestWatcher.observers: []
2018-01-26 at 23:55:39 CET logDebug - [pool-1-thread-1] TestClassRule.classObservers: []
2018-01-26 at 23:55:39 CET logDebug - [pool-1-thread-1] All observers cleared.
Running com.capgemini.ntc.selenium.features.webElements.MenuTest
Tests run: 8, Failures: 0, Errors: 0, Skipped: 0, Time elapsed: 41.498 sec - in com.capgemini.ntc.selenium.features.webElements.MenuTest
2018-01-26 at 23:55:39 CET logInfo - [pool-1-thread-1] test(com.capgemini.ntc.selenium.projectX.navigationbar.NavigationBarTest) STARTED.
2018-01-26 at 23:55:39 CET logInfo - [pool-1-thread-1] [Step 1] Open main page
2018-01-26 at 23:55:39 CET logDebug - [pool-1-thread-1] To add observer: com.capgemini.ntc.selenium.pages.projectX.MainPage@1e79e5e4
2018-01-26 at 23:55:39 CET logDebug - [pool-1-thread-1] BaseTestWatcher.observers: []
2018-01-26 at 23:55:39 CET logDebug - [pool-1-thread-1] TestClassRule.classObservers: []
2018-01-26 at 23:55:39 CET logDebug - [pool-1-thread-1] Added observer: com.capgemini.ntc.selenium.pages.projectX.MainPage@1e79e5e4
2018-01-26 at 23:55:39 CET logDebug - [pool-1-thread-1] Waiting for [waitForPageLoaded] took [0.167 s]
2018-01-26 at 23:55:40 CET logDebug - [pool-1-thread-1] com.capgemini.ntc.selenium.pages.projectX.MainPage: Current loaded page (http://demoqa.com/) with pageTitle (Menu | Demoqa). Page to load: (http://demoqa.com/) ,for page title: (Demoqa | Just another WordPress site)
Running com.capgemini.ntc.selenium.features.webElements.TooltipTest
Tests run: 1, Failures: 0, Errors: 0, Skipped: 0, Time elapsed: 2.753 sec - in com.capgemini.ntc.selenium.features.webElements.TooltipTest
2018-01-26 at 23:55:42 CET logInfo - [pool-1-thread-1] [Step 2] Click navigation bar - Home
2018-01-26 at 23:55:42 CET logDebug - [pool-1-thread-1] To add observer: com.capgemini.ntc.selenium.pages.projectX.navigationbar.NavigationBar@589bf59a
2018-01-26 at 23:55:42 CET logDebug - [pool-1-thread-1] BaseTestWatcher.observers: [com.capgemini.ntc.selenium.pages.projectX.MainPage@1e79e5e4]
2018-01-26 at 23:55:42 CET logDebug - [pool-1-thread-1] TestClassRule.classObservers: []
2018-01-26 at 23:55:42 CET logDebug - [pool-1-thread-1] Waiting for [waitForPageLoaded] took [0.382 s]
2018-01-26 at 23:55:43 CET logDebug - [pool-1-thread-1] Waiting for [findElementDynamic(): By.cssSelector: li[id='menu-item-38']] took [0.045 s]
2018-01-26 at 23:55:43 CET logDebug - [pool-1-thread-1] Waiting for [findElementDynamic(): By.cssSelector: li[id='menu-item-38']] took [0.035 s]
Running com.capgemini.ntc.selenium.features.webElements.RadioButtonTest
Input text element: com.capgemini.ntc.selenium.core.newDrivers.elementType.RadioButtonElement@1d94dd14 isn't clicked.
Input text element: com.capgemini.ntc.selenium.core.newDrivers.elementType.RadioButtonElement@1d94dd14 isn't clicked.
Input text element: com.capgemini.ntc.selenium.core.newDrivers.elementType.RadioButtonElement@442f0489 isn't clicked.
Tests run: 4, Failures: 0, Errors: 0, Skipped: 0, Time elapsed: 16.803 sec - in com.capgemini.ntc.selenium.features.webElements.RadioButtonTest
2018-01-26 at 23:55:43 CET logDebug - [pool-1-thread-1] Waiting for [waitForPageLoaded] took [0.03 s]
2018-01-26 at 23:55:43 CET logDebug - [pool-1-thread-1] Waiting for [findElementDynamic(): By.cssSelector: li[id='menu-item-38']] took [0.018 s]
2018-01-26 at 23:55:44 CET logInfo - [pool-1-thread-1] Clicking on Navigation bar link - Home
2018-01-26 at 23:55:44 CET logDebug - [pool-1-thread-1] Waiting for [waitForPageLoaded] took [0.199 s]
2018-01-26 at 23:55:44 CET logInfo - [pool-1-thread-1] [Step 3] Verify if main page is opened
2018-01-26 at 23:55:44 CET logDebug - [pool-1-thread-1] To add observer: com.capgemini.ntc.selenium.pages.projectX.navigationbar.home.NavBarHome@2f2e2335
2018-01-26 at 23:55:44 CET logDebug - [pool-1-thread-1] BaseTestWatcher.observers: [com.capgemini.ntc.selenium.pages.projectX.MainPage@1e79e5e4]
2018-01-26 at 23:55:44 CET logDebug - [pool-1-thread-1] TestClassRule.classObservers: []
2018-01-26 at 23:55:44 CET logDebug - [pool-1-thread-1] Waiting for [waitForPageLoaded] took [0.013 s]
2018-01-26 at 23:55:44 CET logDebug - [pool-1-thread-1] Waiting for [waitForPageLoaded] took [0.009 s]
2018-01-26 at 23:55:44 CET logInfo - [pool-1-thread-1] test(com.capgemini.ntc.selenium.projectX.navigationbar.NavigationBarTest) PASSED.
2018-01-26 at 23:55:44 CET logDebug - [pool-1-thread-1] BasePage.onTestSuccess    MainPage
2018-01-26 at 23:55:44 CET logInfo - [pool-1-thread-1] test(com.capgemini.ntc.selenium.projectX.navigationbar.NavigationBarTest) duration: 0,08 min
2018-01-26 at 23:55:44 CET logDebug - [pool-1-thread-1] BasePage.onTestFinish   MainPage
2018-01-26 at 23:55:44 CET logDebug - [pool-1-thread-1] To remove observer: com.capgemini.ntc.selenium.pages.projectX.MainPage@1e79e5e4
2018-01-26 at 23:55:44 CET logDebug - [pool-1-thread-1] BaseTest.tearDownClass()
2018-01-26 at 23:55:44 CET logDebug - [pool-1-thread-1] BaseTestWatcher.observers: [com.capgemini.ntc.selenium.pages.projectX.MainPage@1e79e5e4]
2018-01-26 at 23:55:44 CET logDebug - [pool-1-thread-1] TestClassRule.classObservers: []
2018-01-26 at 23:55:44 CET logDebug - [pool-1-thread-1] BasePage.onTestClassFinish   MainPage
2018-01-26 at 23:55:44 CET logDebug - [pool-1-thread-1] driver:NewChromeDriver: chrome on XP (04d9a7da85cd8c52e256bf006d6bb601)
2018-01-26 at 23:55:44 CET logDebug - [pool-1-thread-1] Closing WebDriver for this thread. chrome
sty 26, 2018 11:55:54 PM org.openqa.selenium.remote.DesiredCapabilities chrome
INFO: Using `new ChromeOptions()` is preferred to `DesiredCapabilities.chrome()`
Starting ChromeDriver 2.33.506120 (e3e53437346286c0bc2d2dc9aa4915ba81d9023f) on port 40580
Only local connections are allowed.
2018-01-26 at 23:55:58 CET logDebug - [pool-1-thread-1] All observers cleared.
2018-01-26 at 23:55:58 CET logInfo - [pool-1-thread-1] verifyIfImagesSizesAreCorrect(com.capgemini.ntc.selenium.projectY.BrokenImagesTest) STARTED.
2018-01-26 at 23:55:58 CET logInfo - [pool-1-thread-1] Step1 - open Chrome browser
2018-01-26 at 23:55:58 CET logInfo - [pool-1-thread-1] Step2 - open web page http://the-internet.herokuapp.com/
2018-01-26 at 23:55:58 CET logDebug - [pool-1-thread-1] Creating new browser=chrome WebDriver.
Running com.capgemini.ntc.selenium.features.webElements.TabTest
Tests run: 4, Failures: 0, Errors: 0, Skipped: 0, Time elapsed: 23.432 sec - in com.capgemini.ntc.selenium.features.webElements.TabTest
sty 26, 2018 11:56:01 PM org.openqa.selenium.remote.ProtocolHandshake createSession
INFO: Detected dialect: OSS
2018-01-26 at 23:56:05 CET logInfo - [pool-1-thread-1] Trying to set requested resolution: 1600x1200.
2018-01-26 at 23:56:06 CET logInfo - [pool-1-thread-1] Resolution readed from device: 1600x1100
2018-01-26 at 23:56:06 CET logInfo - [pool-1-thread-1] Trying to set increased resolution for 'View port': 1616x1200.
2018-01-26 at 23:56:06 CET logInfo - [pool-1-thread-1] Resolution readed from device: 1616x1100
2018-01-26 at 23:56:06 CET logDebug - [pool-1-thread-1] driver:NewChromeDriver: chrome on XP (89543cc74435d4dde34827ba144d2ab1)
2018-01-26 at 23:56:06 CET logDebug - [pool-1-thread-1] To add observer: com.capgemini.ntc.selenium.pages.projectY.TheInternetPage@276f8da4
2018-01-26 at 23:56:06 CET logDebug - [pool-1-thread-1] BaseTestWatcher.observers: []
2018-01-26 at 23:56:06 CET logDebug - [pool-1-thread-1] TestClassRule.classObservers: []
2018-01-26 at 23:56:06 CET logDebug - [pool-1-thread-1] Added observer: com.capgemini.ntc.selenium.pages.projectY.TheInternetPage@276f8da4
2018-01-26 at 23:56:06 CET logDebug - [pool-1-thread-1] The internet page is loaded: data:,
2018-01-26 at 23:56:06 CET logDebug - [pool-1-thread-1] load page
2018-01-26 at 23:56:20 CET logDebug - [pool-1-thread-1] Waiting for [waitForPageLoaded] took [0.018 s]
2018-01-26 at 23:56:20 CET logDebug - [pool-1-thread-1] The internet page is loaded: http://the-internet.herokuapp.com/
2018-01-26 at 23:56:20 CET logInfo - [pool-1-thread-1] Step3 - click Broken Image link and open Broken Image page
2018-01-26 at 23:56:20 CET logDebug - [pool-1-thread-1] Waiting for [findElementDynamic(): By.cssSelector: li > a[href*=broken_images]] took [0.036 s]
2018-01-26 at 23:56:21 CET logDebug - [pool-1-thread-1] To add observer: com.capgemini.ntc.selenium.pages.projectY.BrokenImagePage@2b90263c
2018-01-26 at 23:56:21 CET logDebug - [pool-1-thread-1] BaseTestWatcher.observers: [com.capgemini.ntc.selenium.pages.projectY.TheInternetPage@276f8da4]
2018-01-26 at 23:56:21 CET logDebug - [pool-1-thread-1] TestClassRule.classObservers: []
2018-01-26 at 23:56:21 CET logDebug - [pool-1-thread-1] Waiting for [waitForPageLoaded] took [0.012 s]
2018-01-26 at 23:56:21 CET logInfo - [pool-1-thread-1] Step4 - check sizes of image with index: 0
2018-01-26 at 23:56:21 CET logDebug - [pool-1-thread-1] Waiting for [findElementDynamic(): By.cssSelector: div > img:nth-child(2)] took [0.059 s]
2018-01-26 at 23:56:22 CET logDebug - [pool-1-thread-1] Waiting for [findElementDynamic(): By.cssSelector: div > img:nth-child(2)] took [0.025 s]
2018-01-26 at 23:56:22 CET logInfo - [pool-1-thread-1] Step4 - check sizes of image with index: 1
2018-01-26 at 23:56:22 CET logDebug - [pool-1-thread-1] Waiting for [findElementDynamic(): By.cssSelector: div > img:nth-child(3)] took [0.045 s]
2018-01-26 at 23:56:22 CET logDebug - [pool-1-thread-1] Waiting for [findElementDynamic(): By.cssSelector: div > img:nth-child(3)] took [0.025 s]
2018-01-26 at 23:56:22 CET logInfo - [pool-1-thread-1] Step4 - check sizes of image with index: 2
2018-01-26 at 23:56:22 CET logDebug - [pool-1-thread-1] Waiting for [findElementDynamic(): By.cssSelector: div > img:nth-child(4)] took [0.058 s]
2018-01-26 at 23:56:22 CET logDebug - [pool-1-thread-1] Waiting for [findElementDynamic(): By.cssSelector: div > img:nth-child(4)] took [0.02 s]
2018-01-26 at 23:56:22 CET logInfo - [pool-1-thread-1] verifyIfImagesSizesAreCorrect(com.capgemini.ntc.selenium.projectY.BrokenImagesTest) PASSED.
2018-01-26 at 23:56:22 CET logDebug - [pool-1-thread-1] BasePage.onTestSuccess    TheInternetPage
2018-01-26 at 23:56:22 CET logInfo - [pool-1-thread-1] verifyIfImagesSizesAreCorrect(com.capgemini.ntc.selenium.projectY.BrokenImagesTest) duration: 0,40 min
2018-01-26 at 23:56:22 CET logInfo - [pool-1-thread-1] Step5 - navigate back to The-Internet page
2018-01-26 at 23:56:22 CET logDebug - [pool-1-thread-1] Waiting for [waitForPageLoaded] took [0.01 s]
2018-01-26 at 23:56:22 CET logDebug - [pool-1-thread-1] BasePage.onTestFinish   TheInternetPage
2018-01-26 at 23:56:22 CET logDebug - [pool-1-thread-1] To remove observer: com.capgemini.ntc.selenium.pages.projectY.TheInternetPage@276f8da4
2018-01-26 at 23:56:22 CET logDebug - [pool-1-thread-1] BaseTest.tearDownClass()
2018-01-26 at 23:56:22 CET logDebug - [pool-1-thread-1] BaseTestWatcher.observers: [com.capgemini.ntc.selenium.pages.projectY.TheInternetPage@276f8da4]
2018-01-26 at 23:56:22 CET logDebug - [pool-1-thread-1] TestClassRule.classObservers: []
2018-01-26 at 23:56:22 CET logDebug - [pool-1-thread-1] BasePage.onTestClassFinish   TheInternetPage
2018-01-26 at 23:56:22 CET logDebug - [pool-1-thread-1] driver:NewChromeDriver: chrome on XP (89543cc74435d4dde34827ba144d2ab1)
2018-01-26 at 23:56:22 CET logDebug - [pool-1-thread-1] Closing WebDriver for this thread. chrome
sty 26, 2018 11:56:25 PM org.openqa.selenium.remote.DesiredCapabilities chrome
INFO: Using `new ChromeOptions()` is preferred to `DesiredCapabilities.chrome()`
Starting ChromeDriver 2.33.506120 (e3e53437346286c0bc2d2dc9aa4915ba81d9023f) on port 7304
Only local connections are allowed.
sty 26, 2018 11:56:28 PM org.openqa.selenium.remote.ProtocolHandshake createSession
INFO: Detected dialect: OSS
sty 26, 2018 11:56:28 PM org.openqa.selenium.os.OsProcess destroy
SEVERE: Unable to kill process java.lang.ProcessImpl@23851d50
2018-01-26 at 23:56:28 CET logDebug - [pool-1-thread-1] All observers cleared.
2018-01-26 at 23:56:28 CET logInfo - [pool-1-thread-1] shouldDisplayCorrectTextOnDropdownWhenChooseValueOne(com.capgemini.ntc.selenium.projectY.DropdownTest) STARTED.
2018-01-26 at 23:56:28 CET logInfo - [pool-1-thread-1] Step1 - open Chrome browser
2018-01-26 at 23:56:28 CET logInfo - [pool-1-thread-1] Step2 - open web page http://the-internet.herokuapp.com/
2018-01-26 at 23:56:28 CET logDebug - [pool-1-thread-1] Creating new browser=chrome WebDriver.
Running com.capgemini.ntc.selenium.projectX.registration.RegistryPageTest
2018-01-26 at 23:53:27 CET logInfo - [pool-1-thread-8] QCID_12342343_StayOnResistryPage(com.capgemini.ntc.selenium.projectX.registration.RegistryPageTest) STARTED.
2018-01-26 at 23:53:27 CET logInfo - [pool-1-thread-8] [Step 1] As a standard user I will open Registry Page,  So that my I can fill data
2018-01-26 at 23:53:27 CET logDebug - [pool-1-thread-8] Creating new browser=chrome WebDriver.
2018-01-26 at 23:53:31 CET logInfo - [pool-1-thread-8] Trying to set requested resolution: 1600x1200.
2018-01-26 at 23:53:32 CET logInfo - [pool-1-thread-8] Resolution readed from device: 1600x1100
2018-01-26 at 23:53:32 CET logInfo - [pool-1-thread-8] Trying to set increased resolution for 'View port': 1616x1200.
2018-01-26 at 23:53:33 CET logInfo - [pool-1-thread-8] Resolution readed from device: 1616x1100
2018-01-26 at 23:53:33 CET logDebug - [pool-1-thread-8] driver:NewChromeDriver: chrome on XP (b86e56f422929a25cc12900840f59eae)
2018-01-26 at 23:53:33 CET logDebug - [pool-1-thread-8] To add observer: com.capgemini.ntc.selenium.pages.projectX.registration.RegistryPage@26119f5b
2018-01-26 at 23:53:33 CET logDebug - [pool-1-thread-8] BaseTestWatcher.observers: []
2018-01-26 at 23:53:33 CET logDebug - [pool-1-thread-8] TestClassRule.classObservers: []
2018-01-26 at 23:53:33 CET logDebug - [pool-1-thread-8] Added observer: com.capgemini.ntc.selenium.pages.projectX.registration.RegistryPage@26119f5b
2018-01-26 at 23:53:33 CET logDebug - [pool-1-thread-8] Waiting for [waitForPageLoaded] took [0.036 s]
2018-01-26 at 23:53:33 CET logDebug - [pool-1-thread-8] com.capgemini.ntc.selenium.pages.projectX.registration.RegistryPage: Current loaded page (http://demoqa.com/registration/) with pageTitle (). Page to load: (http://demoqa.com/registration/) ,for page title: (Registration | Demoqa)
2018-01-26 at 23:53:41 CET logDebug - [pool-1-thread-8] Waiting for [waitForPageLoaded] took [0.02 s]
2018-01-26 at 23:53:41 CET logInfo - [pool-1-thread-8] [Step 1] As a standard user I will open Registry Page,  So that my I can fill data
2018-01-26 at 23:53:41 CET logDebug - [pool-1-thread-8] To add observer: com.capgemini.ntc.selenium.pages.projectX.registration.RegistryPage@6cd55618
2018-01-26 at 23:53:41 CET logDebug - [pool-1-thread-8] BaseTestWatcher.observers: [com.capgemini.ntc.selenium.pages.projectX.registration.RegistryPage@26119f5b]
2018-01-26 at 23:53:41 CET logDebug - [pool-1-thread-8] TestClassRule.classObservers: []
2018-01-26 at 23:53:41 CET logDebug - [pool-1-thread-8] Waiting for [waitForPageLoaded] took [0.03 s]
2018-01-26 at 23:53:41 CET logInfo - [pool-1-thread-8] [Step 2] As a standard user I click Submit button,  So that I will stay on Registry page
2018-01-26 at 23:53:41 CET logDebug - [pool-1-thread-8] Waiting for [findElementDynamic(): By.cssSelector: input[id='name_3_firstname']] took [0.083 s]
2018-01-26 at 23:53:41 CET logDebug - [pool-1-thread-8] Waiting for [findElementDynamic(): By.cssSelector: input[id='name_3_firstname']] took [0.025 s]
2018-01-26 at 23:53:41 CET logDebug - [pool-1-thread-8] Waiting for [waitForPageLoaded] took [0.027 s]
2018-01-26 at 23:53:41 CET logDebug - [pool-1-thread-8] Waiting for [findElementDynamic(): By.cssSelector: input[id='name_3_firstname']] took [0.025 s]
2018-01-26 at 23:53:41 CET logDebug - [pool-1-thread-8] Waiting for [waitForPageLoaded] took [0.025 s]
2018-01-26 at 23:53:42 CET logInfo - [pool-1-thread-8] QCID_12342343_StayOnResistryPage(com.capgemini.ntc.selenium.projectX.registration.RegistryPageTest) PASSED.
2018-01-26 at 23:53:42 CET logDebug - [pool-1-thread-8] BasePage.onTestSuccess    RegistryPage
2018-01-26 at 23:53:42 CET logInfo - [pool-1-thread-8] QCID_12342343_StayOnResistryPage(com.capgemini.ntc.selenium.projectX.registration.RegistryPageTest) duration: 0,23 min
2018-01-26 at 23:53:42 CET logDebug - [pool-1-thread-8] BasePage.onTestFinish   RegistryPage
2018-01-26 at 23:53:42 CET logDebug - [pool-1-thread-8] To remove observer: com.capgemini.ntc.selenium.pages.projectX.registration.RegistryPage@26119f5b
2018-01-26 at 23:53:42 CET logInfo - [pool-1-thread-8] EXAMPLE_FAIL_TEST(com.capgemini.ntc.selenium.projectX.registration.RegistryPageTest) STARTED.
2018-01-26 at 23:53:42 CET logInfo - [pool-1-thread-8] [Step 1] As a standard user I will open Registry Page,  So that my I can fill data
2018-01-26 at 23:53:42 CET logDebug - [pool-1-thread-8] To add observer: com.capgemini.ntc.selenium.pages.projectX.registration.RegistryPage@23edc7a
2018-01-26 at 23:53:42 CET logDebug - [pool-1-thread-8] BaseTestWatcher.observers: [com.capgemini.ntc.selenium.pages.projectX.registration.RegistryPage@26119f5b]
2018-01-26 at 23:53:42 CET logDebug - [pool-1-thread-8] TestClassRule.classObservers: []
2018-01-26 at 23:53:42 CET logDebug - [pool-1-thread-8] Waiting for [waitForPageLoaded] took [0.127 s]
2018-01-26 at 23:53:42 CET logInfo - [pool-1-thread-8] [Step 1] As a standard user I will open Registry Page,  So that my I can fill data
2018-01-26 at 23:53:42 CET logDebug - [pool-1-thread-8] To add observer: com.capgemini.ntc.selenium.pages.projectX.registration.RegistryPage@6904c50
2018-01-26 at 23:53:42 CET logDebug - [pool-1-thread-8] BaseTestWatcher.observers: [com.capgemini.ntc.selenium.pages.projectX.registration.RegistryPage@26119f5b]
2018-01-26 at 23:53:42 CET logDebug - [pool-1-thread-8] TestClassRule.classObservers: []
2018-01-26 at 23:53:42 CET logDebug - [pool-1-thread-8] Waiting for [waitForPageLoaded] took [0.4 s]
2018-01-26 at 23:53:42 CET logInfo - [pool-1-thread-8] [Step 2] As a standard user I click Submit button,  So that my data will be saved
2018-01-26 at 23:53:42 CET logDebug - [pool-1-thread-8] Waiting for [findElementDynamic(): By.cssSelector: input[id='name_3_firstname']] took [0.021 s]
2018-01-26 at 23:53:42 CET logDebug - [pool-1-thread-8] Waiting for [findElementDynamic(): By.cssSelector: input[id='name_3_firstname']] took [0.032 s]
2018-01-26 at 23:53:42 CET logDebug - [pool-1-thread-8] Waiting for [waitForPageLoaded] took [0.019 s]
2018-01-26 at 23:53:42 CET logDebug - [pool-1-thread-8] Waiting for [findElementDynamic(): By.cssSelector: input[id='name_3_firstname']] took [0.017 s]
2018-01-26 at 23:53:43 CET logDebug - [pool-1-thread-8] Waiting for [findElementDynamic(): By.cssSelector: input[id='name_3_firstname']] took [0.017 s]
2018-01-26 at 23:53:43 CET logInfo - [pool-1-thread-8] EXAMPLE_FAIL_TEST(com.capgemini.ntc.selenium.projectX.registration.RegistryPageTest) FAILED.
2018-01-26 at 23:53:43 CET logDebug - [pool-1-thread-8] BasePage.onTestFailure    RegistryPage
2018-01-26 at 23:53:44 CET logInfo - [pool-1-thread-8] EXAMPLE_FAIL_TEST(com.capgemini.ntc.selenium.projectX.registration.RegistryPageTest) duration: 0,03 min
2018-01-26 at 23:53:44 CET logDebug - [pool-1-thread-8] BasePage.onTestFinish   RegistryPage
2018-01-26 at 23:53:44 CET logDebug - [pool-1-thread-8] To remove observer: com.capgemini.ntc.selenium.pages.projectX.registration.RegistryPage@26119f5b
2018-01-26 at 23:53:44 CET logDebug - [pool-1-thread-8] BaseTest.tearDownClass()
2018-01-26 at 23:53:44 CET logDebug - [pool-1-thread-8] BaseTestWatcher.observers: [com.capgemini.ntc.selenium.pages.projectX.registration.RegistryPage@26119f5b]
2018-01-26 at 23:53:44 CET logDebug - [pool-1-thread-8] TestClassRule.classObservers: []
2018-01-26 at 23:53:44 CET logDebug - [pool-1-thread-8] BasePage.onTestClassFinish   RegistryPage
2018-01-26 at 23:53:44 CET logDebug - [pool-1-thread-8] driver:NewChromeDriver: chrome on XP (b86e56f422929a25cc12900840f59eae)
2018-01-26 at 23:53:44 CET logDebug - [pool-1-thread-8] Closing WebDriver for this thread. chrome
2018-01-26 at 23:53:50 CET logDebug - [pool-1-thread-8] All observers cleared.
2018-01-26 at 23:54:26 CET logInfo - [pool-1-thread-8] valuesInTableCellsShouldNotChangeAfterClick(com.capgemini.ntc.selenium.projectY.ChallengingDomTest) STARTED.
2018-01-26 at 23:54:26 CET logDebug - [pool-1-thread-8] Step1 - open Chrome browser
2018-01-26 at 23:54:26 CET logDebug - [pool-1-thread-8] Step2 - load http://the-internet.herokuapp.com/ page
2018-01-26 at 23:54:26 CET logDebug - [pool-1-thread-8] Creating new browser=chrome WebDriver.
2018-01-26 at 23:54:30 CET logInfo - [pool-1-thread-8] Trying to set requested resolution: 1600x1200.
2018-01-26 at 23:54:32 CET logInfo - [pool-1-thread-8] Resolution readed from device: 1600x1100
2018-01-26 at 23:54:32 CET logInfo - [pool-1-thread-8] Trying to set increased resolution for 'View port': 1616x1200.
2018-01-26 at 23:54:33 CET logInfo - [pool-1-thread-8] Resolution readed from device: 1616x1100
2018-01-26 at 23:54:33 CET logDebug - [pool-1-thread-8] driver:NewChromeDriver: chrome on XP (7ce669fb4b84c4711f76d73e2e508864)
2018-01-26 at 23:54:33 CET logDebug - [pool-1-thread-8] To add observer: com.capgemini.ntc.selenium.pages.projectY.TheInternetPage@528c0539
2018-01-26 at 23:54:33 CET logDebug - [pool-1-thread-8] BaseTestWatcher.observers: []
2018-01-26 at 23:54:33 CET logDebug - [pool-1-thread-8] TestClassRule.classObservers: []
2018-01-26 at 23:54:33 CET logDebug - [pool-1-thread-8] Added observer: com.capgemini.ntc.selenium.pages.projectY.TheInternetPage@528c0539
2018-01-26 at 23:54:33 CET logDebug - [pool-1-thread-8] The internet page is loaded: data:,
2018-01-26 at 23:54:33 CET logDebug - [pool-1-thread-8] load page
2018-01-26 at 23:54:48 CET logDebug - [pool-1-thread-8] Waiting for [waitForPageLoaded] took [0.021 s]
2018-01-26 at 23:54:48 CET logDebug - [pool-1-thread-8] The internet page is loaded: http://the-internet.herokuapp.com/
2018-01-26 at 23:54:48 CET logDebug - [pool-1-thread-8] Step 3 - Click on the Challenging DOM link
2018-01-26 at 23:54:48 CET logDebug - [pool-1-thread-8] Waiting for [findElementDynamic(): By.cssSelector: li > a[href*=challenging_dom]] took [0.077 s]
2018-01-26 at 23:54:49 CET logDebug - [pool-1-thread-8] To add observer: com.capgemini.ntc.selenium.pages.projectY.ChallengingDomPage@795084fc
2018-01-26 at 23:54:49 CET logDebug - [pool-1-thread-8] BaseTestWatcher.observers: [com.capgemini.ntc.selenium.pages.projectY.TheInternetPage@528c0539]
2018-01-26 at 23:54:49 CET logDebug - [pool-1-thread-8] TestClassRule.classObservers: []
2018-01-26 at 23:54:49 CET logDebug - [pool-1-thread-8] The ChallengingDOM page is loaded.
2018-01-26 at 23:54:49 CET logDebug - [pool-1-thread-8] Step 4 - Verify if Challenging DOM Page opens
2018-01-26 at 23:54:49 CET logDebug - [pool-1-thread-8] The ChallengingDOM page is loaded.
2018-01-26 at 23:54:49 CET logDebug - [pool-1-thread-8] Step 5 - Getting the table values (before click first button)
2018-01-26 at 23:54:49 CET logDebug - [pool-1-thread-8] Step 6 - Click first button
2018-01-26 at 23:54:49 CET logDebug - [pool-1-thread-8] Waiting for [findElementDynamic(): By.cssSelector: .large-2.columns > .button:nth-child(1)] took [0.088 s]
2018-01-26 at 23:54:49 CET logDebug - [pool-1-thread-8] Waiting for [findElementDynamic(): By.cssSelector: .large-2.columns > .button:nth-child(1)] took [0.057 s]
2018-01-26 at 23:54:50 CET logDebug - [pool-1-thread-8] Waiting for [waitForPageLoaded] took [0.138 s]
2018-01-26 at 23:54:50 CET logDebug - [pool-1-thread-8] Waiting for [findElementDynamic(): By.cssSelector: .large-2.columns > .button:nth-child(1)] took [0.069 s]
2018-01-26 at 23:54:51 CET logDebug - [pool-1-thread-8] Waiting for [waitForPageLoaded] took [0.161 s]
2018-01-26 at 23:54:51 CET logDebug - [pool-1-thread-8] Step 7 - Getting the table values (after click first button)
2018-01-26 at 23:54:52 CET logDebug - [pool-1-thread-8] Step 8 - Comparing the table values before and after click
2018-01-26 at 23:54:52 CET logInfo - [pool-1-thread-8] valuesInTableCellsShouldNotChangeAfterClick(com.capgemini.ntc.selenium.projectY.ChallengingDomTest) PASSED.
2018-01-26 at 23:54:52 CET logDebug - [pool-1-thread-8] BasePage.onTestSuccess    TheInternetPage
2018-01-26 at 23:54:52 CET logInfo - [pool-1-thread-8] valuesInTableCellsShouldNotChangeAfterClick(com.capgemini.ntc.selenium.projectY.ChallengingDomTest) duration: 0,42 min
2018-01-26 at 23:54:52 CET logDebug - [pool-1-thread-8] Step 9 - navigate back to The-Internet page
2018-01-26 at 23:54:52 CET logDebug - [pool-1-thread-8] Waiting for [waitForPageLoaded] took [0.029 s]
2018-01-26 at 23:54:52 CET logDebug - [pool-1-thread-8] BasePage.onTestFinish   TheInternetPage
2018-01-26 at 23:54:52 CET logDebug - [pool-1-thread-8] To remove observer: com.capgemini.ntc.selenium.pages.projectY.TheInternetPage@528c0539
2018-01-26 at 23:54:52 CET logDebug - [pool-1-thread-8] BaseTest.tearDownClass()
2018-01-26 at 23:54:52 CET logDebug - [pool-1-thread-8] BaseTestWatcher.observers: [com.capgemini.ntc.selenium.pages.projectY.TheInternetPage@528c0539]
2018-01-26 at 23:54:52 CET logDebug - [pool-1-thread-8] TestClassRule.classObservers: []
2018-01-26 at 23:54:52 CET logDebug - [pool-1-thread-8] BasePage.onTestClassFinish   TheInternetPage
2018-01-26 at 23:54:52 CET logDebug - [pool-1-thread-8] driver:NewChromeDriver: chrome on XP (7ce669fb4b84c4711f76d73e2e508864)
2018-01-26 at 23:54:52 CET logDebug - [pool-1-thread-8] Closing WebDriver for this thread. chrome
2018-01-26 at 23:54:56 CET logDebug - [pool-1-thread-8] All observers cleared.
2018-01-26 at 23:54:58 CET logInfo - [pool-1-thread-8] test(com.capgemini.ntc.selenium.features.webElements.ButtonTest) STARTED.
2018-01-26 at 23:54:58 CET logDebug - [pool-1-thread-8] Creating new browser=chrome WebDriver.
2018-01-26 at 23:55:02 CET logInfo - [pool-1-thread-8] Trying to set requested resolution: 1600x1200.
2018-01-26 at 23:55:04 CET logInfo - [pool-1-thread-8] Resolution readed from device: 1600x1100
2018-01-26 at 23:55:04 CET logInfo - [pool-1-thread-8] Trying to set increased resolution for 'View port': 1616x1200.
2018-01-26 at 23:55:05 CET logInfo - [pool-1-thread-8] Resolution readed from device: 1616x1100
2018-01-26 at 23:55:05 CET logDebug - [pool-1-thread-8] driver:NewChromeDriver: chrome on XP (ea902cf1e5a7133ce48b82e2ffde8e19)
2018-01-26 at 23:55:25 CET logDebug - [pool-1-thread-8] Waiting for [findElementDynamic(): By.cssSelector: button#submit] took [0.094 s]
2018-01-26 at 23:55:26 CET logDebug - [pool-1-thread-8] Waiting for [findElementDynamic(): By.cssSelector: button#submit] took [0.074 s]
2018-01-26 at 23:55:26 CET logDebug - [pool-1-thread-8] Waiting for [findElementDynamic(): By.cssSelector: button#submit] took [0.041 s]
2018-01-26 at 23:55:26 CET logDebug - [pool-1-thread-8] Waiting for [findElementDynamic(): By.cssSelector: button#submit] took [0.026 s]
2018-01-26 at 23:55:26 CET logDebug - [pool-1-thread-8] Waiting for [waitForPageLoaded] took [0.089 s]
2018-01-26 at 23:55:26 CET logDebug - [pool-1-thread-8] Waiting for [findElementDynamic(): By.cssSelector: button#submit] took [0.077 s]
2018-01-26 at 23:55:37 CET logInfo - [pool-1-thread-8] test(com.capgemini.ntc.selenium.features.webElements.ButtonTest) PASSED.
2018-01-26 at 23:55:37 CET logInfo - [pool-1-thread-8] test(com.capgemini.ntc.selenium.features.webElements.ButtonTest) duration: 0,65 min
2018-01-26 at 23:55:37 CET logDebug - [pool-1-thread-8] BaseTest.tearDownClass()
2018-01-26 at 23:55:37 CET logDebug - [pool-1-thread-8] BaseTestWatcher.observers: []
2018-01-26 at 23:55:37 CET logDebug - [pool-1-thread-8] TestClassRule.classObservers: []
2018-01-26 at 23:55:37 CET logDebug - [pool-1-thread-8] All observers cleared.
2018-01-26 at 23:55:37 CET logInfo - [pool-1-thread-8] testPossibleValues(com.capgemini.ntc.selenium.features.webElements.TabTest) STARTED.
2018-01-26 at 23:55:52 CET logDebug - [pool-1-thread-8] Waiting for [findElementDynamic(): By.cssSelector: ul[role='tablist']] took [0.054 s]
2018-01-26 at 23:55:52 CET logDebug - [pool-1-thread-8] Waiting for [findElementDynamic(): By.cssSelector: ul[role='tablist']] took [0.024 s]
2018-01-26 at 23:55:52 CET logInfo - [pool-1-thread-8] testPossibleValues(com.capgemini.ntc.selenium.features.webElements.TabTest) PASSED.
2018-01-26 at 23:55:52 CET logInfo - [pool-1-thread-8] testPossibleValues(com.capgemini.ntc.selenium.features.webElements.TabTest) duration: 0,26 min
2018-01-26 at 23:55:52 CET logInfo - [pool-1-thread-8] testSelection(com.capgemini.ntc.selenium.features.webElements.TabTest) STARTED.
2018-01-26 at 23:55:53 CET logDebug - [pool-1-thread-8] Waiting for [findElementDynamic(): By.cssSelector: ul[role='tablist']] took [0.062 s]
2018-01-26 at 23:55:53 CET logDebug - [pool-1-thread-8] Waiting for [findElementDynamic(): By.cssSelector: ul[role='tablist']] took [0.023 s]
2018-01-26 at 23:55:54 CET logDebug - [pool-1-thread-8] Waiting for [findElementDynamic(): By.cssSelector: ul[role='tablist']] took [0.051 s]
2018-01-26 at 23:55:54 CET logDebug - [pool-1-thread-8] Waiting for [findElementDynamic(): By.cssSelector: ul[role='tablist']] took [0.075 s]
2018-01-26 at 23:55:55 CET logDebug - [pool-1-thread-8] Waiting for [findElementDynamic(): By.cssSelector: ul[role='tablist']] took [0.02 s]
2018-01-26 at 23:55:55 CET logDebug - [pool-1-thread-8] Waiting for [findElementDynamic(): By.cssSelector: ul[role='tablist']] took [0.222 s]
2018-01-26 at 23:55:55 CET logDebug - [pool-1-thread-8] Waiting for [findElementDynamic(): By.cssSelector: ul[role='tablist']] took [0.053 s]
2018-01-26 at 23:55:56 CET logDebug - [pool-1-thread-8] Waiting for [findElementDynamic(): By.cssSelector: ul[role='tablist']] took [0.017 s]
2018-01-26 at 23:55:56 CET logInfo - [pool-1-thread-8] testSelection(com.capgemini.ntc.selenium.features.webElements.TabTest) PASSED.
2018-01-26 at 23:55:56 CET logInfo - [pool-1-thread-8] testSelection(com.capgemini.ntc.selenium.features.webElements.TabTest) duration: 0,06 min
2018-01-26 at 23:55:56 CET logInfo - [pool-1-thread-8] testSelectionSpecifiedItem(com.capgemini.ntc.selenium.features.webElements.TabTest) STARTED.
2018-01-26 at 23:55:57 CET logDebug - [pool-1-thread-8] Waiting for [findElementDynamic(): By.cssSelector: ul[role='tablist']] took [0.041 s]
2018-01-26 at 23:55:57 CET logDebug - [pool-1-thread-8] Waiting for [findElementDynamic(): By.cssSelector: ul[role='tablist']] took [0.02 s]
2018-01-26 at 23:55:57 CET logDebug - [pool-1-thread-8] Waiting for [findElementDynamic(): By.cssSelector: ul[role='tablist']] took [0.037 s]
2018-01-26 at 23:55:57 CET logDebug - [pool-1-thread-8] Waiting for [findElementDynamic(): By.cssSelector: ul[role='tablist']] took [0.02 s]
2018-01-26 at 23:55:57 CET logDebug - [pool-1-thread-8] Waiting for [findElementDynamic(): By.cssSelector: ul[role='tablist']] took [0.023 s]
2018-01-26 at 23:55:58 CET logDebug - [pool-1-thread-8] Waiting for [findElementDynamic(): By.cssSelector: ul[role='tablist']] took [0.049 s]
2018-01-26 at 23:55:58 CET logDebug - [pool-1-thread-8] Waiting for [findElementDynamic(): By.cssSelector: ul[role='tablist']] took [0.042 s]
2018-01-26 at 23:55:58 CET logInfo - [pool-1-thread-8] testSelectionSpecifiedItem(com.capgemini.ntc.selenium.features.webElements.TabTest) PASSED.
2018-01-26 at 23:55:58 CET logInfo - [pool-1-thread-8] testSelectionSpecifiedItem(com.capgemini.ntc.selenium.features.webElements.TabTest) duration: 0,04 min
2018-01-26 at 23:55:58 CET logInfo - [pool-1-thread-8] testRadioButtonElementsCount(com.capgemini.ntc.selenium.features.webElements.TabTest) STARTED.
2018-01-26 at 23:56:00 CET logDebug - [pool-1-thread-8] Waiting for [findElementDynamic(): By.cssSelector: ul[role='tablist']] took [0.373 s]
2018-01-26 at 23:56:00 CET logDebug - [pool-1-thread-8] Waiting for [findElementDynamic(): By.cssSelector: ul[role='tablist']] took [0.019 s]
2018-01-26 at 23:56:00 CET logInfo - [pool-1-thread-8] testRadioButtonElementsCount(com.capgemini.ntc.selenium.features.webElements.TabTest) PASSED.
2018-01-26 at 23:56:00 CET logInfo - [pool-1-thread-8] testRadioButtonElementsCount(com.capgemini.ntc.selenium.features.webElements.TabTest) duration: 0,04 min
2018-01-26 at 23:56:00 CET logDebug - [pool-1-thread-8] BaseTest.tearDownClass()
2018-01-26 at 23:56:00 CET logDebug - [pool-1-thread-8] BaseTestWatcher.observers: []
2018-01-26 at 23:56:00 CET logDebug - [pool-1-thread-8] TestClassRule.classObservers: []
2018-01-26 at 23:56:00 CET logDebug - [pool-1-thread-8] All observers cleared.
2018-01-26 at 23:56:00 CET logInfo - [pool-1-thread-8] valuesInTableCellsShouldNotChangeAfterClick(com.capgemini.ntc.selenium.projectY.ChallengingDomTest) STARTED.
2018-01-26 at 23:56:00 CET logDebug - [pool-1-thread-8] Step1 - open Chrome browser
2018-01-26 at 23:56:00 CET logDebug - [pool-1-thread-8] Step2 - load http://the-internet.herokuapp.com/ page
2018-01-26 at 23:56:00 CET logDebug - [pool-1-thread-8] To add observer: com.capgemini.ntc.selenium.pages.projectY.TheInternetPage@4f98c350
2018-01-26 at 23:56:00 CET logDebug - [pool-1-thread-8] BaseTestWatcher.observers: []
2018-01-26 at 23:56:00 CET logDebug - [pool-1-thread-8] TestClassRule.classObservers: []
2018-01-26 at 23:56:00 CET logDebug - [pool-1-thread-8] Added observer: com.capgemini.ntc.selenium.pages.projectY.TheInternetPage@4f98c350
2018-01-26 at 23:56:00 CET logDebug - [pool-1-thread-8] The internet page is loaded: http://demoqa.com/tabs/
2018-01-26 at 23:56:00 CET logDebug - [pool-1-thread-8] load page
2018-01-26 at 23:56:14 CET logDebug - [pool-1-thread-8] Waiting for [waitForPageLoaded] took [0.06 s]
2018-01-26 at 23:56:14 CET logDebug - [pool-1-thread-8] The internet page is loaded: http://the-internet.herokuapp.com/
2018-01-26 at 23:56:14 CET logDebug - [pool-1-thread-8] Step 3 - Click on the Challenging DOM link
2018-01-26 at 23:56:14 CET logDebug - [pool-1-thread-8] Waiting for [findElementDynamic(): By.cssSelector: li > a[href*=challenging_dom]] took [0.028 s]
2018-01-26 at 23:56:15 CET logDebug - [pool-1-thread-8] To add observer: com.capgemini.ntc.selenium.pages.projectY.ChallengingDomPage@4a35491a
2018-01-26 at 23:56:15 CET logDebug - [pool-1-thread-8] BaseTestWatcher.observers: [com.capgemini.ntc.selenium.pages.projectY.TheInternetPage@4f98c350]
2018-01-26 at 23:56:15 CET logDebug - [pool-1-thread-8] TestClassRule.classObservers: []
2018-01-26 at 23:56:15 CET logDebug - [pool-1-thread-8] The ChallengingDOM page is loaded.
2018-01-26 at 23:56:15 CET logDebug - [pool-1-thread-8] Step 4 - Verify if Challenging DOM Page opens
2018-01-26 at 23:56:15 CET logDebug - [pool-1-thread-8] The ChallengingDOM page is loaded.
2018-01-26 at 23:56:15 CET logDebug - [pool-1-thread-8] Step 5 - Getting the table values (before click first button)
2018-01-26 at 23:56:15 CET logDebug - [pool-1-thread-8] Step 6 - Click first button
2018-01-26 at 23:56:15 CET logDebug - [pool-1-thread-8] Waiting for [findElementDynamic(): By.cssSelector: .large-2.columns > .button:nth-child(1)] took [0.064 s]
2018-01-26 at 23:56:15 CET logDebug - [pool-1-thread-8] Waiting for [findElementDynamic(): By.cssSelector: .large-2.columns > .button:nth-child(1)] took [0.038 s]
2018-01-26 at 23:56:16 CET logDebug - [pool-1-thread-8] Waiting for [waitForPageLoaded] took [0.012 s]
2018-01-26 at 23:56:16 CET logDebug - [pool-1-thread-8] Waiting for [findElementDynamic(): By.cssSelector: .large-2.columns > .button:nth-child(1)] took [0.017 s]
2018-01-26 at 23:56:17 CET logDebug - [pool-1-thread-8] Waiting for [waitForPageLoaded] took [0.314 s]
2018-01-26 at 23:56:17 CET logDebug - [pool-1-thread-8] Step 7 - Getting the table values (after click first button)
2018-01-26 at 23:56:17 CET logDebug - [pool-1-thread-8] Step 8 - Comparing the table values before and after click
2018-01-26 at 23:56:17 CET logInfo - [pool-1-thread-8] valuesInTableCellsShouldNotChangeAfterClick(com.capgemini.ntc.selenium.projectY.ChallengingDomTest) PASSED.
2018-01-26 at 23:56:17 CET logDebug - [pool-1-thread-8] BasePage.onTestSuccess    TheInternetPage
2018-01-26 at 23:56:17 CET logInfo - [pool-1-thread-8] valuesInTableCellsShouldNotChangeAfterClick(com.capgemini.ntc.selenium.projectY.ChallengingDomTest) duration: 0,29 min
2018-01-26 at 23:56:17 CET logDebug - [pool-1-thread-8] Step 9 - navigate back to The-Internet page
2018-01-26 at 23:56:18 CET logDebug - [pool-1-thread-8] Waiting for [waitForPageLoaded] took [0.137 s]
2018-01-26 at 23:56:18 CET logDebug - [pool-1-thread-8] BasePage.onTestFinish   TheInternetPage
2018-01-26 at 23:56:18 CET logDebug - [pool-1-thread-8] To remove observer: com.capgemini.ntc.selenium.pages.projectY.TheInternetPage@4f98c350
2018-01-26 at 23:56:18 CET logDebug - [pool-1-thread-8] BaseTest.tearDownClass()
2018-01-26 at 23:56:18 CET logDebug - [pool-1-thread-8] BaseTestWatcher.observers: [com.capgemini.ntc.selenium.pages.projectY.TheInternetPage@4f98c350]
2018-01-26 at 23:56:18 CET logDebug - [pool-1-thread-8] TestClassRule.classObservers: []
2018-01-26 at 23:56:18 CET logDebug - [pool-1-thread-8] BasePage.onTestClassFinish   TheInternetPage
2018-01-26 at 23:56:18 CET logDebug - [pool-1-thread-8] driver:NewChromeDriver: chrome on XP (ea902cf1e5a7133ce48b82e2ffde8e19)
2018-01-26 at 23:56:18 CET logDebug - [pool-1-thread-8] Closing WebDriver for this thread. chrome
Tests run: 4, Failures: 2, Errors: 0, Skipped: 0, Time elapsed: 176.706 sec <<< FAILURE! - in com.capgemini.ntc.selenium.projectX.registration.RegistryPageTest
EXAMPLE_FAIL_TEST(com.capgemini.ntc.selenium.projectX.registration.RegistryPageTest)  Time elapsed: 2.004 sec  <<< FAILURE!
java.lang.AssertionError: 
Submit display button was not visible
Expected: is <true>
     but: was <false>
	at com.capgemini.ntc.selenium.projectX.registration.RegistryPageTest.EXAMPLE_FAIL_TEST(RegistryPageTest.java:53)

EXAMPLE_FAIL_TEST(com.capgemini.ntc.selenium.projectX.registration.RegistryPageTest)  Time elapsed: 2.508 sec  <<< FAILURE!
java.lang.AssertionError: 
Submit display button was not visible
Expected: is <true>
     but: was <false>
	at com.capgemini.ntc.selenium.projectX.registration.RegistryPageTest.EXAMPLE_FAIL_TEST(RegistryPageTest.java:53)

2018-01-26 at 23:56:32 CET logInfo - [pool-1-thread-1] Trying to set requested resolution: 1600x1200.
2018-01-26 at 23:56:33 CET logInfo - [pool-1-thread-1] Resolution readed from device: 1600x1100
2018-01-26 at 23:56:33 CET logInfo - [pool-1-thread-1] Trying to set increased resolution for 'View port': 1616x1200.
2018-01-26 at 23:56:33 CET logInfo - [pool-1-thread-1] Resolution readed from device: 1616x1100
2018-01-26 at 23:56:33 CET logDebug - [pool-1-thread-1] driver:NewChromeDriver: chrome on XP (1e4dfc10408f09dd9af6ba730b8df0dd)
2018-01-26 at 23:56:33 CET logDebug - [pool-1-thread-1] To add observer: com.capgemini.ntc.selenium.pages.projectY.TheInternetPage@1cec5a4f
2018-01-26 at 23:56:33 CET logDebug - [pool-1-thread-1] BaseTestWatcher.observers: []
2018-01-26 at 23:56:33 CET logDebug - [pool-1-thread-1] TestClassRule.classObservers: []
2018-01-26 at 23:56:33 CET logDebug - [pool-1-thread-1] Added observer: com.capgemini.ntc.selenium.pages.projectY.TheInternetPage@1cec5a4f
2018-01-26 at 23:56:33 CET logDebug - [pool-1-thread-1] The internet page is loaded: data:,
2018-01-26 at 23:56:33 CET logDebug - [pool-1-thread-1] load page
sty 26, 2018 11:56:34 PM org.openqa.selenium.os.OsProcess destroy
INFO: Unable to drain process streams. Ignoring but the exception being swallowed follows.
org.apache.commons.exec.ExecuteException: The stop timeout of 2000 ms was exceeded (Exit value: -559038737)
	at org.apache.commons.exec.PumpStreamHandler.stopThread(PumpStreamHandler.java:295)
	at org.apache.commons.exec.PumpStreamHandler.stop(PumpStreamHandler.java:181)
	at org.openqa.selenium.os.OsProcess.destroy(OsProcess.java:136)
	at org.openqa.selenium.os.CommandLine.destroy(CommandLine.java:153)
	at org.openqa.selenium.remote.service.DriverService.stop(DriverService.java:222)
	at org.openqa.selenium.remote.service.DriverCommandExecutor.execute(DriverCommandExecutor.java:95)
	at org.openqa.selenium.remote.RemoteWebDriver.execute(RemoteWebDriver.java:601)
	at org.openqa.selenium.remote.RemoteWebDriver.execute(RemoteWebDriver.java:658)
	at org.openqa.selenium.remote.RemoteWebDriver.quit(RemoteWebDriver.java:497)
	at com.capgemini.ntc.selenium.core.newDrivers.DriverManager.closeDriver(DriverManager.java:86)
	at com.capgemini.ntc.selenium.core.BasePage.onTestClassFinish(BasePage.java:126)
	at java.util.ArrayList.forEach(ArrayList.java:1249)
	at com.capgemini.ntc.test.core.BaseTest.tearDownClass(BaseTest.java:69)
	at sun.reflect.GeneratedMethodAccessor7.invoke(Unknown Source)
	at sun.reflect.DelegatingMethodAccessorImpl.invoke(DelegatingMethodAccessorImpl.java:43)
	at java.lang.reflect.Method.invoke(Method.java:497)
	at org.junit.runners.model.FrameworkMethod$1.runReflectiveCall(FrameworkMethod.java:50)
	at org.junit.internal.runners.model.ReflectiveCallable.run(ReflectiveCallable.java:12)
	at org.junit.runners.model.FrameworkMethod.invokeExplosively(FrameworkMethod.java:47)
	at com.capgemini.ntc.test.core.testRunners.core.CustomRunAfters.evaluate(CustomRunAfters.java:43)
	at org.junit.rules.ExternalResource$1.evaluate(ExternalResource.java:48)
	at org.junit.rules.RunRules.evaluate(RunRules.java:20)
	at com.capgemini.ntc.test.core.testRunners.ParallelTestClassRunner.run(ParallelTestClassRunner.java:33)
	at org.junit.runners.Suite.runChild(Suite.java:128)
	at org.junit.runners.Suite.runChild(Suite.java:27)
	at org.junit.runners.ParentRunner$3.run(ParentRunner.java:290)
	at org.apache.maven.surefire.junitcore.pc.Scheduler$1.run(Scheduler.java:393)
	at java.util.concurrent.Executors$RunnableAdapter.call(Executors.java:511)
	at java.util.concurrent.FutureTask.run(FutureTask.java:266)
	at java.util.concurrent.ThreadPoolExecutor.runWorker(ThreadPoolExecutor.java:1142)
	at java.util.concurrent.ThreadPoolExecutor$Worker.run(ThreadPoolExecutor.java:617)
	at java.lang.Thread.run(Thread.java:745)

sty 26, 2018 11:56:34 PM org.openqa.selenium.os.OsProcess destroy
SEVERE: Unable to kill process java.lang.ProcessImpl@7d1eda52
Running com.capgemini.ntc.selenium.features.webElements.DropdownListTest
Tests run: 5, Failures: 0, Errors: 0, Skipped: 0, Time elapsed: 97.275 sec - in com.capgemini.ntc.selenium.features.webElements.DropdownListTest
2018-01-26 at 23:56:46 CET logDebug - [pool-1-thread-1] Waiting for [waitForPageLoaded] took [0.065 s]
2018-01-26 at 23:56:46 CET logDebug - [pool-1-thread-1] The internet page is loaded: http://the-internet.herokuapp.com/
2018-01-26 at 23:56:46 CET logInfo - [pool-1-thread-1] Step3 - open 'dropdown' link
2018-01-26 at 23:56:46 CET logDebug - [pool-1-thread-1] Waiting for [findElementDynamic(): By.cssSelector: li > a[href*=dropdown]] took [0.033 s]
2018-01-26 at 23:56:47 CET logDebug - [pool-1-thread-1] To add observer: com.capgemini.ntc.selenium.pages.projectY.DropdownPage@4068983e
2018-01-26 at 23:56:47 CET logDebug - [pool-1-thread-1] BaseTestWatcher.observers: [com.capgemini.ntc.selenium.pages.projectY.TheInternetPage@1cec5a4f]
2018-01-26 at 23:56:47 CET logDebug - [pool-1-thread-1] TestClassRule.classObservers: []
2018-01-26 at 23:56:47 CET logDebug - [pool-1-thread-1] Waiting for [waitForPageLoaded] took [0.014 s]
2018-01-26 at 23:56:47 CET logDebug - [pool-1-thread-1] Waiting for [findElementDynamic(): By.cssSelector: #dropdown] took [0.034 s]
2018-01-26 at 23:56:47 CET logDebug - [pool-1-thread-1] Waiting for [findElementDynamic(): By.cssSelector: #dropdown] took [0.013 s]
2018-01-26 at 23:56:47 CET logDebug - [pool-1-thread-1] Waiting for [findElementDynamic(): By.cssSelector: #dropdown] took [0.015 s]
2018-01-26 at 23:56:47 CET logDebug - [pool-1-thread-1] Waiting for [findElementDynamic(): By.cssSelector: #dropdown] took [0.012 s]
2018-01-26 at 23:56:47 CET logDebug - [pool-1-thread-1] Waiting for [findElementDynamic(): By.cssSelector: #dropdown] took [0.012 s]
2018-01-26 at 23:56:47 CET logInfo - [pool-1-thread-1] shouldDisplayCorrectTextOnDropdownWhenChooseValueOne(com.capgemini.ntc.selenium.projectY.DropdownTest) PASSED.
2018-01-26 at 23:56:47 CET logDebug - [pool-1-thread-1] BasePage.onTestSuccess    TheInternetPage
2018-01-26 at 23:56:47 CET logInfo - [pool-1-thread-1] shouldDisplayCorrectTextOnDropdownWhenChooseValueOne(com.capgemini.ntc.selenium.projectY.DropdownTest) duration: 0,31 min
2018-01-26 at 23:56:47 CET logInfo - [pool-1-thread-1] Step5 - navigate back to The-Internet page
2018-01-26 at 23:56:47 CET logDebug - [pool-1-thread-1] Waiting for [waitForPageLoaded] took [0.017 s]
2018-01-26 at 23:56:47 CET logDebug - [pool-1-thread-1] BasePage.onTestFinish   TheInternetPage
2018-01-26 at 23:56:47 CET logDebug - [pool-1-thread-1] To remove observer: com.capgemini.ntc.selenium.pages.projectY.TheInternetPage@1cec5a4f
2018-01-26 at 23:56:47 CET logInfo - [pool-1-thread-1] shouldDisplayCorrectTextOnDropdownWhenChooseValueTwo(com.capgemini.ntc.selenium.projectY.DropdownTest) STARTED.
2018-01-26 at 23:56:47 CET logInfo - [pool-1-thread-1] Step1 - open Chrome browser
2018-01-26 at 23:56:47 CET logInfo - [pool-1-thread-1] Step2 - open web page http://the-internet.herokuapp.com/
2018-01-26 at 23:56:47 CET logDebug - [pool-1-thread-1] To add observer: com.capgemini.ntc.selenium.pages.projectY.TheInternetPage@a40cd2c
2018-01-26 at 23:56:47 CET logDebug - [pool-1-thread-1] BaseTestWatcher.observers: [com.capgemini.ntc.selenium.pages.projectY.TheInternetPage@1cec5a4f]
2018-01-26 at 23:56:47 CET logDebug - [pool-1-thread-1] TestClassRule.classObservers: []
2018-01-26 at 23:56:47 CET logDebug - [pool-1-thread-1] The internet page is loaded: http://the-internet.herokuapp.com/
2018-01-26 at 23:56:47 CET logDebug - [pool-1-thread-1] The internet page is loaded: http://the-internet.herokuapp.com/
2018-01-26 at 23:56:47 CET logInfo - [pool-1-thread-1] Step3 - open 'dropdown' link
2018-01-26 at 23:56:48 CET logDebug - [pool-1-thread-1] Waiting for [findElementDynamic(): By.cssSelector: li > a[href*=dropdown]] took [0.015 s]
2018-01-26 at 23:56:48 CET logDebug - [pool-1-thread-1] To add observer: com.capgemini.ntc.selenium.pages.projectY.DropdownPage@3abd9ffc
2018-01-26 at 23:56:48 CET logDebug - [pool-1-thread-1] BaseTestWatcher.observers: [com.capgemini.ntc.selenium.pages.projectY.TheInternetPage@1cec5a4f]
2018-01-26 at 23:56:48 CET logDebug - [pool-1-thread-1] TestClassRule.classObservers: []
2018-01-26 at 23:56:48 CET logDebug - [pool-1-thread-1] Waiting for [waitForPageLoaded] took [0.018 s]
2018-01-26 at 23:56:48 CET logDebug - [pool-1-thread-1] Waiting for [findElementDynamic(): By.cssSelector: #dropdown] took [0.049 s]
2018-01-26 at 23:56:48 CET logDebug - [pool-1-thread-1] Waiting for [findElementDynamic(): By.cssSelector: #dropdown] took [0.028 s]
2018-01-26 at 23:56:48 CET logDebug - [pool-1-thread-1] Waiting for [findElementDynamic(): By.cssSelector: #dropdown] took [0.016 s]
2018-01-26 at 23:56:48 CET logDebug - [pool-1-thread-1] Waiting for [findElementDynamic(): By.cssSelector: #dropdown] took [0.014 s]
2018-01-26 at 23:56:48 CET logDebug - [pool-1-thread-1] Waiting for [findElementDynamic(): By.cssSelector: #dropdown] took [0.013 s]
2018-01-26 at 23:56:49 CET logInfo - [pool-1-thread-1] shouldDisplayCorrectTextOnDropdownWhenChooseValueTwo(com.capgemini.ntc.selenium.projectY.DropdownTest) PASSED.
2018-01-26 at 23:56:49 CET logDebug - [pool-1-thread-1] BasePage.onTestSuccess    TheInternetPage
2018-01-26 at 23:56:49 CET logInfo - [pool-1-thread-1] shouldDisplayCorrectTextOnDropdownWhenChooseValueTwo(com.capgemini.ntc.selenium.projectY.DropdownTest) duration: 0,02 min
2018-01-26 at 23:56:49 CET logInfo - [pool-1-thread-1] Step5 - navigate back to The-Internet page
2018-01-26 at 23:56:49 CET logDebug - [pool-1-thread-1] Waiting for [waitForPageLoaded] took [0.022 s]
2018-01-26 at 23:56:49 CET logDebug - [pool-1-thread-1] BasePage.onTestFinish   TheInternetPage
2018-01-26 at 23:56:49 CET logDebug - [pool-1-thread-1] To remove observer: com.capgemini.ntc.selenium.pages.projectY.TheInternetPage@1cec5a4f
2018-01-26 at 23:56:49 CET logDebug - [pool-1-thread-1] BaseTest.tearDownClass()
2018-01-26 at 23:56:49 CET logDebug - [pool-1-thread-1] BaseTestWatcher.observers: [com.capgemini.ntc.selenium.pages.projectY.TheInternetPage@1cec5a4f]
2018-01-26 at 23:56:49 CET logDebug - [pool-1-thread-1] TestClassRule.classObservers: []
2018-01-26 at 23:56:49 CET logDebug - [pool-1-thread-1] BasePage.onTestClassFinish   TheInternetPage
2018-01-26 at 23:56:49 CET logDebug - [pool-1-thread-1] driver:NewChromeDriver: chrome on XP (1e4dfc10408f09dd9af6ba730b8df0dd)
2018-01-26 at 23:56:49 CET logDebug - [pool-1-thread-1] Closing WebDriver for this thread. chrome
2018-01-26 at 23:56:50 CET logDebug - [pool-1-thread-1] All observers cleared.

Results :

Failed tests: 
com.capgemini.ntc.selenium.projectX.registration.RegistryPageTest.EXAMPLE_FAIL_TEST(com.capgemini.ntc.selenium.projectX.registration.RegistryPageTest)
  Run 1: RegistryPageTest.EXAMPLE_FAIL_TEST:53 Submit display button was not visible
Expected: is <true>
     but: was <false>
  Run 2: RegistryPageTest.EXAMPLE_FAIL_TEST:53 Submit display button was not visible
Expected: is <true>
     but: was <false>


Tests run: 61, Failures: 1, Errors: 0, Skipped: 0

[ERROR] There are test failures.

Please refer to D:\eclipse\Allure_Test_Framework\workspace\devonfw-testing\allure-app-under-test\target\surefire-reports for the individual test results.
[INFO] 
[INFO] --- maven-site-plugin:3.3:site (default-site) @ allure-app-under-test ---
[INFO] configuring report plugin ru.yandex.qatools.allure:allure-maven-plugin:2.6
[INFO] Relativizing decoration links with respect to project URL: https://github.com/devonfw/devonfw-testing
[INFO] Rendering site with org.apache.maven.skins:maven-default-skin:jar:1.0 skin.
[INFO] Skipped "Allure" report, file "allure-maven-plugin.html" already exists for the English version.
[INFO] Skipped "Allure" report, file "allure-maven-plugin.html" already exists for the English version.
[INFO] Generating "Allure" report    --- allure-maven-plugin:2.6
[INFO] Generate Allure report (aggregate) with version 1.5.4
[INFO] Generate Allure report to D:\eclipse\Allure_Test_Framework\workspace\devonfw-testing\allure-app-under-test/target//site/allure-report
[INFO] Found results directory D:\eclipse\Allure_Test_Framework\workspace\devonfw-testing\allure-app-under-test\target\allure-results
[INFO] ------------------------------------------------------------------------
[INFO] BUILD SUCCESS
[INFO] ------------------------------------------------------------------------
[INFO] Total time: 04:22 min
[INFO] Finished at: 2018-01-26T23:57:16+01:00
[INFO] Final Memory: 51M/520M
[INFO] ------------------------------------------------------------------------
