[INFO] Scanning for projects...
[INFO]                                                                         
[INFO] ------------------------------------------------------------------------
[INFO] Building AllureTestFramework - List of Integration Test for Application Under Test 2.0.0-SNAPSHOT
[INFO] ------------------------------------------------------------------------
Downloading: http://oss.sonatype.org/service/local/staging/deploy/maven2/org/seleniumhq/selenium/selenium-api/maven-metadata.xml
Downloading: http://central.maven.org/maven2/org/seleniumhq/selenium/selenium-api/maven-metadata.xml
4/4 KB            Downloaded: http://central.maven.org/maven2/org/seleniumhq/selenium/selenium-api/maven-metadata.xml (4 KB at 9.2 KB/sec)
         [WARNING] Could not transfer metadata org.seleniumhq.selenium:selenium-api/maven-metadata.xml from/to maven-releases (http://oss.sonatype.org/service/local/staging/deploy/maven2): Not authorized , ReasonPhrase:Unauthorized.
Downloading: http://central.maven.org/maven2/org/seleniumhq/selenium/selenium-support/maven-metadata.xml
Downloading: http://oss.sonatype.org/service/local/staging/deploy/maven2/org/seleniumhq/selenium/selenium-support/maven-metadata.xml
2/4 KB   3/4 KB   4/4 KB   4/4 KB            Downloaded: http://central.maven.org/maven2/org/seleniumhq/selenium/selenium-support/maven-metadata.xml (4 KB at 26.2 KB/sec)
         [WARNING] Could not transfer metadata org.seleniumhq.selenium:selenium-support/maven-metadata.xml from/to maven-releases (http://oss.sonatype.org/service/local/staging/deploy/maven2): Not authorized , ReasonPhrase:Unauthorized.
[INFO] 
[INFO] --- maven-clean-plugin:3.0.0:clean (default-clean) @ allure-app-under-test ---
[INFO] Deleting D:\eclipse\Allure_Test_Framework\workspace\devonfw-testing\allure-app-under-test\target
[INFO] Deleting D:\eclipse\Allure_Test_Framework\workspace\devonfw-testing\allure-app-under-test\logs (includes = [], excludes = [])
[INFO] 
[INFO] --- maven-resources-plugin:2.6:resources (default-resources) @ allure-app-under-test ---
[INFO] Using 'UTF8' encoding to copy filtered resources.
[INFO] skip non existing resourceDirectory D:\eclipse\Allure_Test_Framework\workspace\devonfw-testing\allure-app-under-test\src\main\resources
[INFO] 
[INFO] --- maven-compiler-plugin:3.6.1:compile (default-compile) @ allure-app-under-test ---
[INFO] Changes detected - recompiling the module!
[INFO] Compiling 24 source files to D:\eclipse\Allure_Test_Framework\workspace\devonfw-testing\allure-app-under-test\target\classes
[INFO] /D:/eclipse/Allure_Test_Framework/workspace/devonfw-testing/allure-app-under-test/src/main/java/com/capgemini/ntc/selenium/pages/projectX/registration/RegistrationPage.java: Some input files use or override a deprecated API.
[INFO] /D:/eclipse/Allure_Test_Framework/workspace/devonfw-testing/allure-app-under-test/src/main/java/com/capgemini/ntc/selenium/pages/projectX/registration/RegistrationPage.java: Recompile with -Xlint:deprecation for details.
[INFO] 
[INFO] --- maven-resources-plugin:2.6:testResources (default-testResources) @ allure-app-under-test ---
[INFO] Using 'UTF8' encoding to copy filtered resources.
[INFO] Copying 5 resources
[INFO] 
[INFO] --- maven-compiler-plugin:3.6.1:testCompile (default-testCompile) @ allure-app-under-test ---
[INFO] Changes detected - recompiling the module!
[INFO] Compiling 61 source files to D:\eclipse\Allure_Test_Framework\workspace\devonfw-testing\allure-app-under-test\target\test-classes
[INFO] 
[INFO] --- maven-resources-plugin:2.6:resources (default-resources) @ allure-app-under-test ---
[INFO] Using 'UTF8' encoding to copy filtered resources.
[INFO] skip non existing resourceDirectory D:\eclipse\Allure_Test_Framework\workspace\devonfw-testing\allure-app-under-test\src\main\resources
[INFO] 
[INFO] --- maven-compiler-plugin:3.6.1:compile (default-compile) @ allure-app-under-test ---
[INFO] Nothing to compile - all classes are up to date
[INFO] 
[INFO] --- maven-resources-plugin:2.6:testResources (default-testResources) @ allure-app-under-test ---
[INFO] Using 'UTF8' encoding to copy filtered resources.
[INFO] Copying 5 resources
[INFO] 
[INFO] --- maven-compiler-plugin:3.6.1:testCompile (default-testCompile) @ allure-app-under-test ---
[INFO] Nothing to compile - all classes are up to date
[INFO] 
[INFO] --- maven-surefire-plugin:2.19.1:test (default-test) @ allure-app-under-test ---

-------------------------------------------------------
 T E S T S
-------------------------------------------------------
2018-01-26 at 21:26:43 CET logDebug - [main] Properties settings file path=D:\eclipse\Allure_Test_Framework\workspace\devonfw-testing\allure-app-under-test\src\resources\settings.properties
[AppClassLoader@14dad5dc] warning javax.* types are not being woven because the weaver option '-Xset:weaveJavaxPackages=true' has not been specified
2018-01-26 at 21:26:45 CET logDebug - [main] env=DEV
2018-01-26 at 21:26:45 CET logInfo - [main] Selected Environment: DEV
2018-01-26 at 21:26:45 CET logDebug - [main] Reading environment from: D:\eclipse\Allure_Test_Framework\workspace\devonfw-testing\allure-app-under-test\src\resources\enviroments\environments.csv
2018-01-26 at 21:26:45 CET logInfo - [main] Selected Environment: DEV
2018-01-26 at 21:26:45 CET logAnalytics - [main] Is analytics enabled:true
log4j:WARN No appenders could be found for logger (org.apache.http.client.protocol.RequestAddCookies).
log4j:WARN Please initialize the log4j system properly.
log4j:WARN See http://logging.apache.org/log4j/1.2/faq.html#noconfig for more info.
2018-01-26 at 21:26:48 CET logDebug - [pool-1-thread-1] OPEN BROWSER AND ENTER HTTP://WWW.EDITABLEGRID.NET/EN/
2018-01-26 at 21:26:48 CET logDebug - [pool-1-thread-1] [browser=chrome, browserVersion=8.0, seleniumGrid=false, os=windows]
2018-01-26 at 21:26:48 CET logDebug - [pool-1-thread-1] Creating new browser=chrome WebDriver.
Starting ChromeDriver 2.33.506120 (e3e53437346286c0bc2d2dc9aa4915ba81d9023f) on port 48720
Only local connections are allowed.
sty 26, 2018 9:26:52 PM org.openqa.selenium.remote.ProtocolHandshake createSession
INFO: Detected dialect: OSS
2018-01-26 at 21:26:52 CET logInfo - [pool-1-thread-1] Trying to set requested resolution: 1600x1200.
2018-01-26 at 21:26:53 CET logInfo - [pool-1-thread-1] Resolution readed from device: 1600x1100
2018-01-26 at 21:26:53 CET logInfo - [pool-1-thread-1] Trying to set increased resolution for 'View port': 1616x1200.
2018-01-26 at 21:26:53 CET logInfo - [pool-1-thread-1] Resolution readed from device: 1616x1100
2018-01-26 at 21:26:53 CET logDebug - [pool-1-thread-1] driver:NewChromeDriver: chrome on XP (2afac2671d499ee205f0f06761ba5f20)
2018-01-26 at 21:26:53 CET logDebug - [pool-1-thread-1] To add observer: com.capgemini.ntc.selenium.pages.features.samples.readFromTable.EditableGridPage@9c64858
2018-01-26 at 21:26:53 CET logDebug - [pool-1-thread-1] BaseTestWatcher.observers: []
2018-01-26 at 21:26:53 CET logDebug - [pool-1-thread-1] TestClassRule.classObservers: []
2018-01-26 at 21:26:53 CET logDebug - [pool-1-thread-1] Added observer: com.capgemini.ntc.selenium.pages.features.samples.readFromTable.EditableGridPage@9c64858
2018-01-26 at 21:26:57 CET logDebug - [pool-1-thread-1] Waiting for [waitForPageLoaded] took [0.011 s]
2018-01-26 at 21:26:57 CET logDebug - [pool-1-thread-1] VERIFY PAGE IS DISPLAYED
2018-01-26 at 21:26:57 CET logInfo - [pool-1-thread-1] Test1_exercise1_printAllCells(com.capgemini.ntc.selenium.features.samples.readFromTable.JsoupTest) STARTED.
2018-01-26 at 21:26:57 CET logInfo - [pool-1-thread-1] [TEST1] - Print all cells
2018-01-26 at 21:26:58 CET logInfo - [pool-1-thread-1] Hoffman
2018-01-26 at 21:26:58 CET logInfo - [pool-1-thread-1] Tatyana
2018-01-26 at 21:26:58 CET logInfo - [pool-1-thread-1] 88
2018-01-26 at 21:26:58 CET logInfo - [pool-1-thread-1] 1,32 m
2018-01-26 at 21:26:58 CET logInfo - [pool-1-thread-1] 
2018-01-26 at 21:26:58 CET logInfo - [pool-1-thread-1] Nam@quisdiamluctus.json.org
2018-01-26 at 21:26:58 CET logInfo - [pool-1-thread-1] 
2018-01-26 at 21:26:58 CET logInfo - [pool-1-thread-1] 17 Apr 2012
2018-01-26 at 21:26:58 CET logInfo - [pool-1-thread-1] 
2018-01-26 at 21:26:58 CET logInfo - [pool-1-thread-1] Atkins
2018-01-26 at 21:26:58 CET logInfo - [pool-1-thread-1] Ishmael
2018-01-26 at 21:26:58 CET logInfo - [pool-1-thread-1] 44
2018-01-26 at 21:26:58 CET logInfo - [pool-1-thread-1] 1,42 m
2018-01-26 at 21:26:58 CET logInfo - [pool-1-thread-1] 
2018-01-26 at 21:26:58 CET logInfo - [pool-1-thread-1] arcu.et.pede@musProin.ca
2018-01-26 at 21:26:58 CET logInfo - [pool-1-thread-1] 
2018-01-26 at 21:26:58 CET logInfo - [pool-1-thread-1] 12 Jan 2011
2018-01-26 at 21:26:58 CET logInfo - [pool-1-thread-1] 
2018-01-26 at 21:26:58 CET logInfo - [pool-1-thread-1] Hamilton
2018-01-26 at 21:26:58 CET logInfo - [pool-1-thread-1] Mohammad
2018-01-26 at 21:26:58 CET logInfo - [pool-1-thread-1] 73
2018-01-26 at 21:26:58 CET logInfo - [pool-1-thread-1] 1,22 m
2018-01-26 at 21:26:58 CET logInfo - [pool-1-thread-1] 
2018-01-26 at 21:26:58 CET logInfo - [pool-1-thread-1] dui@duiCras.edu
2018-01-26 at 21:26:58 CET logInfo - [pool-1-thread-1] 
2018-01-26 at 21:26:58 CET logInfo - [pool-1-thread-1] 25 Sep 2012
2018-01-26 at 21:26:58 CET logInfo - [pool-1-thread-1] 
2018-01-26 at 21:26:58 CET logInfo - [pool-1-thread-1] Murray
2018-01-26 at 21:26:58 CET logInfo - [pool-1-thread-1] Troy
2018-01-26 at 21:26:58 CET logInfo - [pool-1-thread-1] 18
2018-01-26 at 21:26:58 CET logInfo - [pool-1-thread-1] 1,92 m
2018-01-26 at 21:26:58 CET logInfo - [pool-1-thread-1] 
2018-01-26 at 21:26:58 CET logInfo - [pool-1-thread-1] mollis@eutellus.co.uk
2018-01-26 at 21:26:58 CET logInfo - [pool-1-thread-1] 
2018-01-26 at 21:26:58 CET logInfo - [pool-1-thread-1] 22 Jul 2012
2018-01-26 at 21:26:58 CET logInfo - [pool-1-thread-1] 
2018-01-26 at 21:26:58 CET logInfo - [pool-1-thread-1] Schwartz
2018-01-26 at 21:26:58 CET logInfo - [pool-1-thread-1] Carla
2018-01-26 at 21:26:58 CET logInfo - [pool-1-thread-1] 79
2018-01-26 at 21:26:58 CET logInfo - [pool-1-thread-1] 1,50 m
2018-01-26 at 21:26:58 CET logInfo - [pool-1-thread-1] 
2018-01-26 at 21:26:58 CET logInfo - [pool-1-thread-1] ante@adipiscing.org
2018-01-26 at 21:26:58 CET logInfo - [pool-1-thread-1] 
2018-01-26 at 21:26:58 CET logInfo - [pool-1-thread-1] 31 Mar 2012
2018-01-26 at 21:26:58 CET logInfo - [pool-1-thread-1] 
2018-01-26 at 21:26:58 CET logInfo - [pool-1-thread-1] Bond
2018-01-26 at 21:26:58 CET logInfo - [pool-1-thread-1] Lenore
2018-01-26 at 21:26:58 CET logInfo - [pool-1-thread-1] 33
2018-01-26 at 21:26:58 CET logInfo - [pool-1-thread-1] 1,55 m
2018-01-26 at 21:26:58 CET logInfo - [pool-1-thread-1] 
2018-01-26 at 21:26:58 CET logInfo - [pool-1-thread-1] semper.tellus.id@sem.co.uk
2018-01-26 at 21:26:58 CET logInfo - [pool-1-thread-1] 
2018-01-26 at 21:26:58 CET logInfo - [pool-1-thread-1] 4 Feb 2011
2018-01-26 at 21:26:58 CET logInfo - [pool-1-thread-1] 
2018-01-26 at 21:26:58 CET logInfo - [pool-1-thread-1] Noble
2018-01-26 at 21:26:58 CET logInfo - [pool-1-thread-1] Georgia
2018-01-26 at 21:26:58 CET logInfo - [pool-1-thread-1] 88
2018-01-26 at 21:26:58 CET logInfo - [pool-1-thread-1] 1,90 m
2018-01-26 at 21:26:58 CET logInfo - [pool-1-thread-1] 
2018-01-26 at 21:26:58 CET logInfo - [pool-1-thread-1] mi.lacinia@nisiaodio.co.uk
2018-01-26 at 21:26:58 CET logInfo - [pool-1-thread-1] 
2018-01-26 at 21:26:58 CET logInfo - [pool-1-thread-1] 17 Jan 2011
2018-01-26 at 21:26:58 CET logInfo - [pool-1-thread-1] 
2018-01-26 at 21:26:58 CET logInfo - [pool-1-thread-1] Frederick
2018-01-26 at 21:26:58 CET logInfo - [pool-1-thread-1] Bradley
2018-01-26 at 21:26:58 CET logInfo - [pool-1-thread-1] 80
2018-01-26 at 21:26:58 CET logInfo - [pool-1-thread-1] 1,87 m
2018-01-26 at 21:26:58 CET logInfo - [pool-1-thread-1] 
2018-01-26 at 21:26:58 CET logInfo - [pool-1-thread-1] dapibus.id.blandit@aptenttacitisociosqu.com
2018-01-26 at 21:26:58 CET logInfo - [pool-1-thread-1] 
2018-01-26 at 21:26:58 CET logInfo - [pool-1-thread-1] 27 Jul 2011
2018-01-26 at 21:26:58 CET logInfo - [pool-1-thread-1] 
2018-01-26 at 21:26:58 CET logInfo - [pool-1-thread-1] Chambers
2018-01-26 at 21:26:58 CET logInfo - [pool-1-thread-1] Aphrodite
2018-01-26 at 21:26:58 CET logInfo - [pool-1-thread-1] 63
2018-01-26 at 21:26:58 CET logInfo - [pool-1-thread-1] 1,30 m
2018-01-26 at 21:26:58 CET logInfo - [pool-1-thread-1] 
2018-01-26 at 21:26:58 CET logInfo - [pool-1-thread-1] mattis@venenatisvel.co.uk
2018-01-26 at 21:26:58 CET logInfo - [pool-1-thread-1] 
2018-01-26 at 21:26:58 CET logInfo - [pool-1-thread-1] 10 Sep 2011
2018-01-26 at 21:26:58 CET logInfo - [pool-1-thread-1] 
2018-01-26 at 21:26:58 CET logInfo - [pool-1-thread-1] Schultz
2018-01-26 at 21:26:58 CET logInfo - [pool-1-thread-1] Allegra
2018-01-26 at 21:26:58 CET logInfo - [pool-1-thread-1] 90
2018-01-26 at 21:26:58 CET logInfo - [pool-1-thread-1] 1,70 m
2018-01-26 at 21:26:58 CET logInfo - [pool-1-thread-1] 
2018-01-26 at 21:26:58 CET logInfo - [pool-1-thread-1] Fusce.feugiat.Lorem@Duis.net
2018-01-26 at 21:26:58 CET logInfo - [pool-1-thread-1] 
2018-01-26 at 21:26:58 CET logInfo - [pool-1-thread-1] 3 Apr 2012
2018-01-26 at 21:26:58 CET logInfo - [pool-1-thread-1] 
2018-01-26 at 21:26:58 CET logInfo - [pool-1-thread-1] Test1_exercise1_printAllCells(com.capgemini.ntc.selenium.features.samples.readFromTable.JsoupTest) PASSED.
2018-01-26 at 21:26:58 CET logDebug - [pool-1-thread-1] BasePage.onTestSuccess    EditableGridPage
2018-01-26 at 21:26:58 CET logInfo - [pool-1-thread-1] Test1_exercise1_printAllCells(com.capgemini.ntc.selenium.features.samples.readFromTable.JsoupTest) duration: 0,01 min
2018-01-26 at 21:26:59 CET logDebug - [pool-1-thread-1] BaseTest.tearDownClass()
2018-01-26 at 21:26:59 CET logDebug - [pool-1-thread-1] BaseTestWatcher.observers: []
2018-01-26 at 21:26:59 CET logDebug - [pool-1-thread-1] TestClassRule.classObservers: [com.capgemini.ntc.selenium.pages.features.samples.readFromTable.EditableGridPage@9c64858]
2018-01-26 at 21:26:59 CET logDebug - [pool-1-thread-1] BasePage.onTestClassFinish   EditableGridPage
2018-01-26 at 21:26:59 CET logDebug - [pool-1-thread-1] driver:NewChromeDriver: chrome on XP (2afac2671d499ee205f0f06761ba5f20)
2018-01-26 at 21:26:59 CET logDebug - [pool-1-thread-1] Closing WebDriver for this thread. chrome
2018-01-26 at 21:27:00 CET logDebug - [Finalizer] closeDriver() was called but there was no driver for this thread.
2018-01-26 at 21:27:00 CET logDebug - [Finalizer] Closing Driver in finalize()
2018-01-26 at 21:27:01 CET logDebug - [pool-1-thread-1] All observers cleared.
Running com.capgemini.ntc.selenium.projectX.navigationbar.NavigationBarTest
2018-01-26 at 21:28:02 CET logInfo - [pool-1-thread-1] Step1 - open Chrome browser
2018-01-26 at 21:28:02 CET logInfo - [pool-1-thread-1] Step2 - load http://the-internet.herokuapp.com/ page
2018-01-26 at 21:27:04 CET logInfo - [pool-1-thread-4] test(com.capgemini.ntc.selenium.projectX.navigationbar.NavigationBarTest) STARTED.
2018-01-26 at 21:27:04 CET logInfo - [pool-1-thread-4] [Step 1] Open main page
2018-01-26 at 21:27:04 CET logDebug - [pool-1-thread-4] Creating new browser=chrome WebDriver.
2018-01-26 at 21:28:02 CET logDebug - [pool-1-thread-1] Creating new browser=chrome WebDriver.
2018-01-26 at 21:27:08 CET logInfo - [pool-1-thread-4] Trying to set requested resolution: 1600x1200.
2018-01-26 at 21:27:09 CET logInfo - [pool-1-thread-4] Resolution readed from device: 1600x1100
2018-01-26 at 21:27:09 CET logInfo - [pool-1-thread-4] Trying to set increased resolution for 'View port': 1616x1200.
2018-01-26 at 21:27:10 CET logInfo - [pool-1-thread-4] Resolution readed from device: 1616x1100
2018-01-26 at 21:27:10 CET logDebug - [pool-1-thread-4] driver:NewChromeDriver: chrome on XP (7993cfcdb22ed1ecb28ddaf04d50fa02)
2018-01-26 at 21:27:10 CET logDebug - [pool-1-thread-4] To add observer: com.capgemini.ntc.selenium.pages.projectX.MainPage@56282ee
2018-01-26 at 21:27:10 CET logDebug - [pool-1-thread-4] BaseTestWatcher.observers: []
2018-01-26 at 21:27:10 CET logDebug - [pool-1-thread-4] TestClassRule.classObservers: []
2018-01-26 at 21:27:10 CET logDebug - [pool-1-thread-4] Added observer: com.capgemini.ntc.selenium.pages.projectX.MainPage@56282ee
2018-01-26 at 21:27:10 CET logDebug - [pool-1-thread-4] Waiting for [waitForPageLoaded] took [0.038 s]
2018-01-26 at 21:27:10 CET logDebug - [pool-1-thread-4] com.capgemini.ntc.selenium.pages.projectX.MainPage: Current loaded page (http://demoqa.com/) with pageTitle (). Page to load: (http://demoqa.com/) ,for page title: (Demoqa | Just another WordPress site)
2018-01-26 at 21:27:17 CET logInfo - [pool-1-thread-4] [Step 2] Click navigation bar - Home
2018-01-26 at 21:27:17 CET logDebug - [pool-1-thread-4] To add observer: com.capgemini.ntc.selenium.pages.projectX.navigationbar.NavigationBar@78af4919
2018-01-26 at 21:27:17 CET logDebug - [pool-1-thread-4] BaseTestWatcher.observers: [com.capgemini.ntc.selenium.pages.projectX.MainPage@56282ee]
2018-01-26 at 21:27:17 CET logDebug - [pool-1-thread-4] TestClassRule.classObservers: []
2018-01-26 at 21:27:17 CET logDebug - [pool-1-thread-4] Waiting for [waitForPageLoaded] took [0.057 s]
2018-01-26 at 21:27:17 CET logDebug - [pool-1-thread-4] Waiting for [findElementDynamic(): By.cssSelector: li[id='menu-item-38']] took [0.08 s]
2018-01-26 at 21:27:17 CET logDebug - [pool-1-thread-4] Waiting for [findElementDynamic(): By.cssSelector: li[id='menu-item-38']] took [0.023 s]
2018-01-26 at 21:27:17 CET logDebug - [pool-1-thread-4] Waiting for [waitForPageLoaded] took [0.013 s]
2018-01-26 at 21:27:17 CET logDebug - [pool-1-thread-4] Waiting for [findElementDynamic(): By.cssSelector: li[id='menu-item-38']] took [0.043 s]
2018-01-26 at 21:27:18 CET logInfo - [pool-1-thread-4] Clicking on Navigation bar link - Home
2018-01-26 at 21:27:18 CET logDebug - [pool-1-thread-4] Waiting for [waitForPageLoaded] took [0.074 s]
2018-01-26 at 21:27:18 CET logInfo - [pool-1-thread-4] [Step 3] Verify if main page is opened
2018-01-26 at 21:27:18 CET logDebug - [pool-1-thread-4] To add observer: com.capgemini.ntc.selenium.pages.projectX.navigationbar.home.NavBarHome@e696a3e
2018-01-26 at 21:27:18 CET logDebug - [pool-1-thread-4] BaseTestWatcher.observers: [com.capgemini.ntc.selenium.pages.projectX.MainPage@56282ee]
2018-01-26 at 21:27:18 CET logDebug - [pool-1-thread-4] TestClassRule.classObservers: []
2018-01-26 at 21:27:18 CET logDebug - [pool-1-thread-4] Waiting for [waitForPageLoaded] took [0.025 s]
2018-01-26 at 21:27:18 CET logDebug - [pool-1-thread-4] Waiting for [waitForPageLoaded] took [0.01 s]
2018-01-26 at 21:27:18 CET logInfo - [pool-1-thread-4] test(com.capgemini.ntc.selenium.projectX.navigationbar.NavigationBarTest) PASSED.
2018-01-26 at 21:27:18 CET logDebug - [pool-1-thread-4] BasePage.onTestSuccess    MainPage
2018-01-26 at 21:27:18 CET logInfo - [pool-1-thread-4] test(com.capgemini.ntc.selenium.projectX.navigationbar.NavigationBarTest) duration: 0,24 min
2018-01-26 at 21:27:19 CET logDebug - [pool-1-thread-4] BasePage.onTestFinish   MainPage
2018-01-26 at 21:27:19 CET logDebug - [pool-1-thread-4] To remove observer: com.capgemini.ntc.selenium.pages.projectX.MainPage@56282ee
2018-01-26 at 21:27:19 CET logDebug - [pool-1-thread-4] BaseTest.tearDownClass()
2018-01-26 at 21:27:19 CET logDebug - [pool-1-thread-4] BaseTestWatcher.observers: [com.capgemini.ntc.selenium.pages.projectX.MainPage@56282ee]
2018-01-26 at 21:27:19 CET logDebug - [pool-1-thread-4] TestClassRule.classObservers: []
2018-01-26 at 21:27:19 CET logDebug - [pool-1-thread-4] BasePage.onTestClassFinish   MainPage
2018-01-26 at 21:27:19 CET logDebug - [pool-1-thread-4] driver:NewChromeDriver: chrome on XP (7993cfcdb22ed1ecb28ddaf04d50fa02)
2018-01-26 at 21:27:19 CET logDebug - [pool-1-thread-4] Closing WebDriver for this thread. chrome
2018-01-26 at 21:27:23 CET logDebug - [pool-1-thread-4] All observers cleared.
Tests run: 1, Failures: 0, Errors: 0, Skipped: 0, Time elapsed: 14.156 sec - in com.capgemini.ntc.selenium.projectX.navigationbar.NavigationBarTest
Running registrationTest
2018-01-26 at 21:27:04 CET logInfo - [pool-1-thread-7] registrationTest(com.capgemini.ntc.selenium.projectX.registration.RegisterOKTestDDInternalDataTest) STARTED.
2018-01-26 at 21:27:04 CET logDebug - [pool-1-thread-7] Creating new browser=chrome WebDriver.
2018-01-26 at 21:27:08 CET logInfo - [pool-1-thread-7] Trying to set requested resolution: 1600x1200.
2018-01-26 at 21:27:10 CET logInfo - [pool-1-thread-7] Resolution readed from device: 1600x1100
2018-01-26 at 21:27:10 CET logInfo - [pool-1-thread-7] Trying to set increased resolution for 'View port': 1616x1200.
2018-01-26 at 21:27:10 CET logInfo - [pool-1-thread-7] Resolution readed from device: 1616x1100
2018-01-26 at 21:27:10 CET logDebug - [pool-1-thread-7] driver:NewChromeDriver: chrome on XP (38c0854cf725373ed5655b0340bb93d5)
2018-01-26 at 21:27:10 CET logDebug - [pool-1-thread-7] To add observer: com.capgemini.ntc.selenium.pages.projectX.registration.RegistrationPage@5b6e4806
2018-01-26 at 21:27:10 CET logDebug - [pool-1-thread-7] BaseTestWatcher.observers: []
2018-01-26 at 21:27:10 CET logDebug - [pool-1-thread-7] TestClassRule.classObservers: []
2018-01-26 at 21:27:10 CET logDebug - [pool-1-thread-7] Added observer: com.capgemini.ntc.selenium.pages.projectX.registration.RegistrationPage@5b6e4806
2018-01-26 at 21:27:10 CET logDebug - [pool-1-thread-7] Waiting for [waitForPageLoaded] took [0.014 s]
2018-01-26 at 21:27:10 CET logDebug - [pool-1-thread-7] com.capgemini.ntc.selenium.pages.projectX.registration.RegistrationPage: Current loaded page (http://demoqa.com/registration/) with pageTitle (). Page to load: (http://demoqa.com/registration/) ,for page title: (Registration | Demoqa)
2018-01-26 at 21:27:18 CET logDebug - [pool-1-thread-7] Waiting for [waitForPageLoaded] took [0.105 s]
2018-01-26 at 21:27:18 CET logDebug - [pool-1-thread-7] Waiting for [findElementDynamic(): By.cssSelector: input[id='name_3_firstname']] took [0.067 s]
2018-01-26 at 21:27:18 CET logDebug - [pool-1-thread-7] Waiting for [findElementDynamic(): By.cssSelector: input[id='name_3_firstname']] took [0.017 s]
2018-01-26 at 21:27:18 CET logDebug - [pool-1-thread-7] Waiting for [findElementDynamic(): By.cssSelector: input[id='name_3_firstname']] took [0.058 s]
2018-01-26 at 21:27:18 CET logDebug - [pool-1-thread-7] Waiting for [findElementDynamic(): By.cssSelector: input[id='name_3_lastname']] took [0.089 s]
2018-01-26 at 21:27:18 CET logDebug - [pool-1-thread-7] Waiting for [findElementDynamic(): By.cssSelector: input[id='name_3_lastname']] took [0.027 s]
2018-01-26 at 21:27:19 CET logDebug - [pool-1-thread-7] Waiting for [findElementDynamic(): By.cssSelector: input[id='name_3_lastname']] took [0.054 s]
2018-01-26 at 21:27:19 CET logDebug - [pool-1-thread-7] Waiting for [findElementDynamic(): By.cssSelector: div[class='radio_wrap']] took [0.038 s]
2018-01-26 at 21:27:19 CET logDebug - [pool-1-thread-7] Waiting for [findElementDynamic(): By.cssSelector: div[class='radio_wrap']] took [0.028 s]
2018-01-26 at 21:27:19 CET logDebug - [pool-1-thread-7] Waiting for [findElementDynamic(): By.cssSelector: div[class='radio_wrap']] took [0.044 s]
Input text element: com.capgemini.ntc.selenium.core.newDrivers.elementType.RadioButtonElement@4f755a11 isn't clicked.
2018-01-26 at 21:27:20 CET logDebug - [pool-1-thread-7] Waiting for [findElementDynamic(): By.cssSelector: li.fields.pageFields_1:nth-child(3) div.radio_wrap] took [0.054 s]
2018-01-26 at 21:27:20 CET logDebug - [pool-1-thread-7] Waiting for [findElementDynamic(): By.cssSelector: li.fields.pageFields_1:nth-child(3) div.radio_wrap] took [0.035 s]
2018-01-26 at 21:27:20 CET logDebug - [pool-1-thread-7] Waiting for [findElementDynamic(): By.cssSelector: select[id='dropdown_7']] took [0.034 s]
2018-01-26 at 21:27:20 CET logDebug - [pool-1-thread-7] Waiting for [findElementDynamic(): By.cssSelector: select[id='dropdown_7']] took [0.016 s]
2018-01-26 at 21:27:20 CET logDebug - [pool-1-thread-7] Waiting for [findElementDynamic(): By.cssSelector: select[id='dropdown_7']] took [0.148 s]
2018-01-26 at 21:27:29 CET logDebug - [pool-1-thread-7] Waiting for [findElementDynamic(): By.cssSelector: select[id='dropdown_7']] took [0.011 s]
2018-01-26 at 21:27:29 CET logDebug - [pool-1-thread-7] Waiting for [findElementDynamic(): By.cssSelector: select[id='mm_date_8']] took [0.027 s]
2018-01-26 at 21:27:29 CET logDebug - [pool-1-thread-7] Waiting for [findElementDynamic(): By.cssSelector: select[id='mm_date_8']] took [0.017 s]
2018-01-26 at 21:27:29 CET logDebug - [pool-1-thread-7] Waiting for [findElementDynamic(): By.cssSelector: select[id='mm_date_8']] took [0.019 s]
2018-01-26 at 21:27:30 CET logDebug - [pool-1-thread-7] Waiting for [findElementDynamic(): By.cssSelector: select[id='mm_date_8']] took [0.014 s]
2018-01-26 at 21:27:30 CET logDebug - [pool-1-thread-7] Waiting for [findElementDynamic(): By.cssSelector: select[id='dd_date_8']] took [0.026 s]
2018-01-26 at 21:27:30 CET logDebug - [pool-1-thread-7] Waiting for [findElementDynamic(): By.cssSelector: select[id='dd_date_8']] took [0.013 s]
2018-01-26 at 21:27:30 CET logDebug - [pool-1-thread-7] Waiting for [findElementDynamic(): By.cssSelector: select[id='dd_date_8']] took [0.049 s]
2018-01-26 at 21:27:32 CET logDebug - [pool-1-thread-7] Waiting for [findElementDynamic(): By.cssSelector: select[id='dd_date_8']] took [0.016 s]
2018-01-26 at 21:27:32 CET logDebug - [pool-1-thread-7] Waiting for [findElementDynamic(): By.cssSelector: select[id='yy_date_8']] took [0.028 s]
2018-01-26 at 21:27:32 CET logDebug - [pool-1-thread-7] Waiting for [findElementDynamic(): By.cssSelector: select[id='yy_date_8']] took [0.014 s]
2018-01-26 at 21:27:32 CET logDebug - [pool-1-thread-7] Waiting for [findElementDynamic(): By.cssSelector: select[id='yy_date_8']] took [0.018 s]
2018-01-26 at 21:27:34 CET logDebug - [pool-1-thread-7] Waiting for [findElementDynamic(): By.cssSelector: select[id='yy_date_8']] took [0.027 s]
2018-01-26 at 21:27:35 CET logDebug - [pool-1-thread-7] Waiting for [findElementDynamic(): By.cssSelector: input[id='phone_9']] took [0.032 s]
2018-01-26 at 21:27:35 CET logDebug - [pool-1-thread-7] Waiting for [findElementDynamic(): By.cssSelector: input[id='phone_9']] took [0.015 s]
2018-01-26 at 21:27:35 CET logDebug - [pool-1-thread-7] Waiting for [findElementDynamic(): By.cssSelector: input[id='phone_9']] took [0.03 s]
2018-01-26 at 21:27:35 CET logDebug - [pool-1-thread-7] Waiting for [findElementDynamic(): By.cssSelector: input[id='username']] took [0.029 s]
2018-01-26 at 21:27:35 CET logDebug - [pool-1-thread-7] Waiting for [findElementDynamic(): By.cssSelector: input[id='username']] took [0.018 s]
2018-01-26 at 21:27:35 CET logDebug - [pool-1-thread-7] Waiting for [findElementDynamic(): By.cssSelector: input[id='username']] took [0.044 s]
2018-01-26 at 21:27:35 CET logDebug - [pool-1-thread-7] Waiting for [findElementDynamic(): By.cssSelector: input[id='email_1']] took [0.031 s]
2018-01-26 at 21:27:35 CET logDebug - [pool-1-thread-7] Waiting for [findElementDynamic(): By.cssSelector: input[id='email_1']] took [0.015 s]
2018-01-26 at 21:27:35 CET logDebug - [pool-1-thread-7] Waiting for [findElementDynamic(): By.cssSelector: input[id='email_1']] took [0.015 s]
2018-01-26 at 21:27:36 CET logDebug - [pool-1-thread-7] Waiting for [findElementDynamic(): By.cssSelector: textarea[ id='description' ]] took [0.035 s]
2018-01-26 at 21:27:36 CET logDebug - [pool-1-thread-7] Waiting for [findElementDynamic(): By.cssSelector: textarea[ id='description' ]] took [0.021 s]
2018-01-26 at 21:27:36 CET logDebug - [pool-1-thread-7] Waiting for [findElementDynamic(): By.cssSelector: textarea[ id='description' ]] took [0.054 s]
2018-01-26 at 21:27:37 CET logDebug - [pool-1-thread-7] Waiting for [findElementDynamic(): By.cssSelector: input[id='password_2']] took [0.033 s]
2018-01-26 at 21:27:37 CET logDebug - [pool-1-thread-7] Waiting for [findElementDynamic(): By.cssSelector: input[id='password_2']] took [0.017 s]
2018-01-26 at 21:27:37 CET logDebug - [pool-1-thread-7] Waiting for [findElementDynamic(): By.cssSelector: input[id='password_2']] took [0.027 s]
2018-01-26 at 21:27:37 CET logDebug - [pool-1-thread-7] Waiting for [findElementDynamic(): By.cssSelector: input[id='confirm_password_password_2']] took [0.036 s]
2018-01-26 at 21:27:37 CET logDebug - [pool-1-thread-7] Waiting for [findElementDynamic(): By.cssSelector: input[id='confirm_password_password_2']] took [0.016 s]
2018-01-26 at 21:27:37 CET logDebug - [pool-1-thread-7] Waiting for [findElementDynamic(): By.cssSelector: input[id='confirm_password_password_2']] took [0.037 s]
2018-01-26 at 21:27:38 CET logDebug - [pool-1-thread-7] Waiting for [findElementDynamic(): By.cssSelector: input[name='pie_submit']] took [0.05 s]
2018-01-26 at 21:27:38 CET logDebug - [pool-1-thread-7] Waiting for [findElementDynamic(): By.cssSelector: input[name='pie_submit']] took [0.026 s]
2018-01-26 at 21:27:38 CET logDebug - [pool-1-thread-7] Waiting for [waitForPageLoaded] took [0.016 s]
2018-01-26 at 21:27:38 CET logDebug - [pool-1-thread-7] Waiting for [findElementDynamic(): By.cssSelector: input[name='pie_submit']] took [0.018 s]
2018-01-26 at 21:27:40 CET logDebug - [pool-1-thread-7] Waiting for [waitForElementVisible(): By.cssSelector: p[class='piereg_login_error']] took [0.456 s]
2018-01-26 at 21:27:40 CET logDebug - [pool-1-thread-7] Waiting for [waitForElementVisible(): By.cssSelector: p[class='piereg_login_error']] took [0.049 s]
2018-01-26 at 21:27:40 CET logDebug - [pool-1-thread-7] Error: Username already exists
2018-01-26 at 21:27:40 CET logDebug - [pool-1-thread-7] Waiting for [findElementDynamic(): By.cssSelector: p[class='piereg_login_error']] took [0.018 s]
2018-01-26 at 21:27:40 CET logDebug - [pool-1-thread-7] Waiting for [findElementDynamic(): By.cssSelector: p[class='piereg_login_error']] took [0.025 s]
2018-01-26 at 21:27:40 CET logInfo - [pool-1-thread-7] registrationTest(com.capgemini.ntc.selenium.projectX.registration.RegisterOKTestDDInternalDataTest) PASSED.
2018-01-26 at 21:27:40 CET logDebug - [pool-1-thread-7] BasePage.onTestSuccess    RegistrationPage
2018-01-26 at 21:27:40 CET logInfo - [pool-1-thread-7] registrationTest(com.capgemini.ntc.selenium.projectX.registration.RegisterOKTestDDInternalDataTest) duration: 0,60 min
2018-01-26 at 21:27:42 CET logDebug - [pool-1-thread-7] BasePage.onTestFinish   RegistrationPage
2018-01-26 at 21:27:42 CET logDebug - [pool-1-thread-7] To remove observer: com.capgemini.ntc.selenium.pages.projectX.registration.RegistrationPage@5b6e4806
2018-01-26 at 21:27:42 CET logInfo - [pool-1-thread-7] registrationTest(com.capgemini.ntc.selenium.projectX.registration.RegisterOKTestDDInternalDataTest) STARTED.
2018-01-26 at 21:27:42 CET logDebug - [pool-1-thread-7] To add observer: com.capgemini.ntc.selenium.pages.projectX.registration.RegistrationPage@ee5fe88
2018-01-26 at 21:27:42 CET logDebug - [pool-1-thread-7] BaseTestWatcher.observers: [com.capgemini.ntc.selenium.pages.projectX.registration.RegistrationPage@5b6e4806]
2018-01-26 at 21:27:42 CET logDebug - [pool-1-thread-7] TestClassRule.classObservers: []
2018-01-26 at 21:27:42 CET logDebug - [pool-1-thread-7] Waiting for [waitForPageLoaded] took [0.206 s]
2018-01-26 at 21:27:42 CET logDebug - [pool-1-thread-7] Waiting for [waitForPageLoaded] took [0.012 s]
2018-01-26 at 21:27:42 CET logDebug - [pool-1-thread-7] Waiting for [findElementDynamic(): By.cssSelector: input[id='name_3_firstname']] took [0.031 s]
2018-01-26 at 21:27:42 CET logDebug - [pool-1-thread-7] Waiting for [findElementDynamic(): By.cssSelector: input[id='name_3_firstname']] took [0.018 s]
2018-01-26 at 21:27:42 CET logDebug - [pool-1-thread-7] Waiting for [findElementDynamic(): By.cssSelector: input[id='name_3_firstname']] took [0.085 s]
2018-01-26 at 21:27:43 CET logDebug - [pool-1-thread-7] Waiting for [findElementDynamic(): By.cssSelector: input[id='name_3_lastname']] took [0.033 s]
2018-01-26 at 21:27:43 CET logDebug - [pool-1-thread-7] Waiting for [findElementDynamic(): By.cssSelector: input[id='name_3_lastname']] took [0.013 s]
2018-01-26 at 21:27:43 CET logDebug - [pool-1-thread-7] Waiting for [findElementDynamic(): By.cssSelector: input[id='name_3_lastname']] took [0.019 s]
2018-01-26 at 21:27:43 CET logDebug - [pool-1-thread-7] Waiting for [findElementDynamic(): By.cssSelector: div[class='radio_wrap']] took [0.022 s]
2018-01-26 at 21:27:43 CET logDebug - [pool-1-thread-7] Waiting for [findElementDynamic(): By.cssSelector: div[class='radio_wrap']] took [0.014 s]
2018-01-26 at 21:27:43 CET logDebug - [pool-1-thread-7] Waiting for [findElementDynamic(): By.cssSelector: div[class='radio_wrap']] took [0.01 s]
2018-01-26 at 21:27:43 CET logDebug - [pool-1-thread-7] Waiting for [findElementDynamic(): By.cssSelector: div[class='radio_wrap']] took [0.014 s]
2018-01-26 at 21:27:43 CET logDebug - [pool-1-thread-7] Waiting for [findElementDynamic(): By.cssSelector: li.fields.pageFields_1:nth-child(3) div.radio_wrap] took [0.02 s]
2018-01-26 at 21:27:43 CET logDebug - [pool-1-thread-7] Waiting for [findElementDynamic(): By.cssSelector: li.fields.pageFields_1:nth-child(3) div.radio_wrap] took [0.011 s]
2018-01-26 at 21:27:43 CET logDebug - [pool-1-thread-7] Waiting for [findElementDynamic(): By.cssSelector: select[id='dropdown_7']] took [0.017 s]
2018-01-26 at 21:27:43 CET logDebug - [pool-1-thread-7] Waiting for [findElementDynamic(): By.cssSelector: select[id='dropdown_7']] took [0.009 s]
2018-01-26 at 21:27:43 CET logDebug - [pool-1-thread-7] Waiting for [findElementDynamic(): By.cssSelector: select[id='dropdown_7']] took [0.01 s]
2018-01-26 at 21:27:49 CET logDebug - [pool-1-thread-7] Waiting for [findElementDynamic(): By.cssSelector: select[id='dropdown_7']] took [0.01 s]
2018-01-26 at 21:27:49 CET logDebug - [pool-1-thread-7] Waiting for [findElementDynamic(): By.cssSelector: select[id='mm_date_8']] took [0.024 s]
2018-01-26 at 21:27:49 CET logDebug - [pool-1-thread-7] Waiting for [findElementDynamic(): By.cssSelector: select[id='mm_date_8']] took [0.013 s]
2018-01-26 at 21:27:49 CET logDebug - [pool-1-thread-7] Waiting for [findElementDynamic(): By.cssSelector: select[id='mm_date_8']] took [0.02 s]
2018-01-26 at 21:27:50 CET logDebug - [pool-1-thread-7] Waiting for [findElementDynamic(): By.cssSelector: select[id='mm_date_8']] took [0.009 s]
2018-01-26 at 21:27:50 CET logDebug - [pool-1-thread-7] Waiting for [findElementDynamic(): By.cssSelector: select[id='dd_date_8']] took [0.024 s]
2018-01-26 at 21:27:50 CET logDebug - [pool-1-thread-7] Waiting for [findElementDynamic(): By.cssSelector: select[id='dd_date_8']] took [0.014 s]
2018-01-26 at 21:27:50 CET logDebug - [pool-1-thread-7] Waiting for [findElementDynamic(): By.cssSelector: select[id='dd_date_8']] took [0.015 s]
2018-01-26 at 21:27:51 CET logDebug - [pool-1-thread-7] Waiting for [findElementDynamic(): By.cssSelector: select[id='dd_date_8']] took [0.039 s]
2018-01-26 at 21:27:51 CET logDebug - [pool-1-thread-7] Waiting for [findElementDynamic(): By.cssSelector: select[id='yy_date_8']] took [0.031 s]
2018-01-26 at 21:27:51 CET logDebug - [pool-1-thread-7] Waiting for [findElementDynamic(): By.cssSelector: select[id='yy_date_8']] took [0.017 s]
2018-01-26 at 21:27:51 CET logDebug - [pool-1-thread-7] Waiting for [findElementDynamic(): By.cssSelector: select[id='yy_date_8']] took [0.022 s]
2018-01-26 at 21:27:53 CET logDebug - [pool-1-thread-7] Waiting for [findElementDynamic(): By.cssSelector: select[id='yy_date_8']] took [0.038 s]
2018-01-26 at 21:27:54 CET logDebug - [pool-1-thread-7] Waiting for [findElementDynamic(): By.cssSelector: input[id='phone_9']] took [0.017 s]
2018-01-26 at 21:27:54 CET logDebug - [pool-1-thread-7] Waiting for [findElementDynamic(): By.cssSelector: input[id='phone_9']] took [0.011 s]
2018-01-26 at 21:27:54 CET logDebug - [pool-1-thread-7] Waiting for [findElementDynamic(): By.cssSelector: input[id='phone_9']] took [0.024 s]
2018-01-26 at 21:27:54 CET logDebug - [pool-1-thread-7] Waiting for [findElementDynamic(): By.cssSelector: input[id='username']] took [0.028 s]
2018-01-26 at 21:27:54 CET logDebug - [pool-1-thread-7] Waiting for [findElementDynamic(): By.cssSelector: input[id='username']] took [0.012 s]
2018-01-26 at 21:27:54 CET logDebug - [pool-1-thread-7] Waiting for [findElementDynamic(): By.cssSelector: input[id='username']] took [0.016 s]
2018-01-26 at 21:27:54 CET logDebug - [pool-1-thread-7] Waiting for [findElementDynamic(): By.cssSelector: input[id='email_1']] took [0.038 s]
2018-01-26 at 21:27:54 CET logDebug - [pool-1-thread-7] Waiting for [findElementDynamic(): By.cssSelector: input[id='email_1']] took [0.033 s]
2018-01-26 at 21:27:54 CET logDebug - [pool-1-thread-7] Waiting for [findElementDynamic(): By.cssSelector: input[id='email_1']] took [0.016 s]
2018-01-26 at 21:27:55 CET logDebug - [pool-1-thread-7] Waiting for [findElementDynamic(): By.cssSelector: textarea[ id='description' ]] took [0.025 s]
2018-01-26 at 21:27:55 CET logDebug - [pool-1-thread-7] Waiting for [findElementDynamic(): By.cssSelector: textarea[ id='description' ]] took [0.012 s]
2018-01-26 at 21:27:55 CET logDebug - [pool-1-thread-7] Waiting for [findElementDynamic(): By.cssSelector: textarea[ id='description' ]] took [0.019 s]
2018-01-26 at 21:27:55 CET logDebug - [pool-1-thread-7] Waiting for [findElementDynamic(): By.cssSelector: input[id='password_2']] took [0.024 s]
2018-01-26 at 21:27:55 CET logDebug - [pool-1-thread-7] Waiting for [findElementDynamic(): By.cssSelector: input[id='password_2']] took [0.01 s]
2018-01-26 at 21:27:55 CET logDebug - [pool-1-thread-7] Waiting for [findElementDynamic(): By.cssSelector: input[id='password_2']] took [0.02 s]
2018-01-26 at 21:27:55 CET logDebug - [pool-1-thread-7] Waiting for [findElementDynamic(): By.cssSelector: input[id='confirm_password_password_2']] took [0.026 s]
2018-01-26 at 21:27:55 CET logDebug - [pool-1-thread-7] Waiting for [findElementDynamic(): By.cssSelector: input[id='confirm_password_password_2']] took [0.016 s]
2018-01-26 at 21:27:55 CET logDebug - [pool-1-thread-7] Waiting for [findElementDynamic(): By.cssSelector: input[id='confirm_password_password_2']] took [0.015 s]
2018-01-26 at 21:27:56 CET logDebug - [pool-1-thread-7] Waiting for [findElementDynamic(): By.cssSelector: input[name='pie_submit']] took [0.021 s]
2018-01-26 at 21:27:56 CET logDebug - [pool-1-thread-7] Waiting for [findElementDynamic(): By.cssSelector: input[name='pie_submit']] took [0.012 s]
2018-01-26 at 21:27:56 CET logDebug - [pool-1-thread-7] Waiting for [waitForPageLoaded] took [0.01 s]
2018-01-26 at 21:27:56 CET logDebug - [pool-1-thread-7] Waiting for [findElementDynamic(): By.cssSelector: input[name='pie_submit']] took [0.015 s]
2018-01-26 at 21:27:57 CET logDebug - [pool-1-thread-7] Waiting for [waitForElementVisible(): By.cssSelector: p[class='piereg_login_error']] took [0.2 s]
2018-01-26 at 21:27:57 CET logDebug - [pool-1-thread-7] Waiting for [waitForElementVisible(): By.cssSelector: p[class='piereg_login_error']] took [0.029 s]
2018-01-26 at 21:27:57 CET logDebug - [pool-1-thread-7] Error: Username already exists
2018-01-26 at 21:27:58 CET logDebug - [pool-1-thread-7] Waiting for [findElementDynamic(): By.cssSelector: p[class='piereg_login_error']] took [0.019 s]
2018-01-26 at 21:27:58 CET logDebug - [pool-1-thread-7] Waiting for [findElementDynamic(): By.cssSelector: p[class='piereg_login_error']] took [0.091 s]
2018-01-26 at 21:27:58 CET logInfo - [pool-1-thread-7] registrationTest(com.capgemini.ntc.selenium.projectX.registration.RegisterOKTestDDInternalDataTest) PASSED.
2018-01-26 at 21:27:58 CET logDebug - [pool-1-thread-7] BasePage.onTestSuccess    RegistrationPage
2018-01-26 at 21:27:58 CET logInfo - [pool-1-thread-7] registrationTest(com.capgemini.ntc.selenium.projectX.registration.RegisterOKTestDDInternalDataTest) duration: 0,26 min
2018-01-26 at 21:27:59 CET logDebug - [pool-1-thread-7] BasePage.onTestFinish   RegistrationPage
2018-01-26 at 21:27:59 CET logDebug - [pool-1-thread-7] To remove observer: com.capgemini.ntc.selenium.pages.projectX.registration.RegistrationPage@5b6e4806
2018-01-26 at 21:27:59 CET logDebug - [pool-1-thread-7] BaseTest.tearDownClass()
2018-01-26 at 21:27:59 CET logDebug - [pool-1-thread-7] BaseTestWatcher.observers: [com.capgemini.ntc.selenium.pages.projectX.registration.RegistrationPage@5b6e4806]
2018-01-26 at 21:27:59 CET logDebug - [pool-1-thread-7] TestClassRule.classObservers: []
2018-01-26 at 21:27:59 CET logDebug - [pool-1-thread-7] BasePage.onTestClassFinish   RegistrationPage
2018-01-26 at 21:27:59 CET logDebug - [pool-1-thread-7] driver:NewChromeDriver: chrome on XP (38c0854cf725373ed5655b0340bb93d5)
2018-01-26 at 21:27:59 CET logDebug - [pool-1-thread-7] Closing WebDriver for this thread. chrome
2018-01-26 at 21:28:00 CET logDebug - [pool-1-thread-7] All observers cleared.
Input text element: com.capgemini.ntc.selenium.core.newDrivers.elementType.RadioButtonElement@6be9d1cf isn't clicked.
Tests run: 2, Failures: 0, Errors: 0, Skipped: 0, Time elapsed: 54.485 sec - in registrationTest
Running com.capgemini.ntc.selenium.projectX.registration.RegisterOKTest
2018-01-26 at 21:27:04 CET logInfo - [pool-1-thread-5] Register_OK(com.capgemini.ntc.selenium.projectX.registration.RegisterOKTest) STARTED.
2018-01-26 at 21:27:04 CET logDebug - [pool-1-thread-5] Creating new browser=chrome WebDriver.
2018-01-26 at 21:27:08 CET logInfo - [pool-1-thread-5] Trying to set requested resolution: 1600x1200.
2018-01-26 at 21:27:09 CET logInfo - [pool-1-thread-5] Resolution readed from device: 1600x1100
2018-01-26 at 21:27:09 CET logInfo - [pool-1-thread-5] Trying to set increased resolution for 'View port': 1616x1200.
2018-01-26 at 21:27:09 CET logInfo - [pool-1-thread-5] Resolution readed from device: 1616x1100
2018-01-26 at 21:27:09 CET logDebug - [pool-1-thread-5] driver:NewChromeDriver: chrome on XP (52534d385e699287a2e3df68a8e908b5)
2018-01-26 at 21:27:09 CET logDebug - [pool-1-thread-5] To add observer: com.capgemini.ntc.selenium.pages.projectX.registration.RegistrationPage@20aabce1
2018-01-26 at 21:27:09 CET logDebug - [pool-1-thread-5] BaseTestWatcher.observers: []
2018-01-26 at 21:27:09 CET logDebug - [pool-1-thread-5] TestClassRule.classObservers: []
2018-01-26 at 21:27:09 CET logDebug - [pool-1-thread-5] Added observer: com.capgemini.ntc.selenium.pages.projectX.registration.RegistrationPage@20aabce1
2018-01-26 at 21:27:09 CET logDebug - [pool-1-thread-5] Waiting for [waitForPageLoaded] took [0.011 s]
2018-01-26 at 21:27:09 CET logDebug - [pool-1-thread-5] com.capgemini.ntc.selenium.pages.projectX.registration.RegistrationPage: Current loaded page (http://demoqa.com/registration/) with pageTitle (). Page to load: (http://demoqa.com/registration/) ,for page title: (Registration | Demoqa)
2018-01-26 at 21:27:13 CET logDebug - [pool-1-thread-5] Waiting for [waitForPageLoaded] took [0.054 s]
2018-01-26 at 21:27:13 CET logDebug - [pool-1-thread-5] Waiting for [findElementDynamic(): By.cssSelector: input[id='name_3_firstname']] took [0.034 s]
2018-01-26 at 21:27:13 CET logDebug - [pool-1-thread-5] Waiting for [findElementDynamic(): By.cssSelector: input[id='name_3_firstname']] took [0.019 s]
2018-01-26 at 21:27:13 CET logDebug - [pool-1-thread-5] Waiting for [findElementDynamic(): By.cssSelector: input[id='name_3_firstname']] took [0.034 s]
2018-01-26 at 21:27:13 CET logDebug - [pool-1-thread-5] Waiting for [findElementDynamic(): By.cssSelector: input[id='name_3_lastname']] took [0.046 s]
2018-01-26 at 21:27:13 CET logDebug - [pool-1-thread-5] Waiting for [findElementDynamic(): By.cssSelector: input[id='name_3_lastname']] took [0.017 s]
2018-01-26 at 21:27:13 CET logDebug - [pool-1-thread-5] Waiting for [findElementDynamic(): By.cssSelector: input[id='name_3_lastname']] took [0.017 s]
2018-01-26 at 21:27:14 CET logDebug - [pool-1-thread-5] Waiting for [findElementDynamic(): By.cssSelector: div[class='radio_wrap']] took [0.022 s]
2018-01-26 at 21:27:14 CET logDebug - [pool-1-thread-5] Waiting for [findElementDynamic(): By.cssSelector: div[class='radio_wrap']] took [0.014 s]
2018-01-26 at 21:27:14 CET logDebug - [pool-1-thread-5] Waiting for [findElementDynamic(): By.cssSelector: div[class='radio_wrap']] took [0.014 s]
Input text element: com.capgemini.ntc.selenium.core.newDrivers.elementType.RadioButtonElement@48ba4063 isn't clicked.
2018-01-26 at 21:27:14 CET logDebug - [pool-1-thread-5] Waiting for [findElementDynamic(): By.cssSelector: li.fields.pageFields_1:nth-child(3) div.radio_wrap] took [0.11 s]
2018-01-26 at 21:27:14 CET logDebug - [pool-1-thread-5] Waiting for [findElementDynamic(): By.cssSelector: li.fields.pageFields_1:nth-child(3) div.radio_wrap] took [0.103 s]
2018-01-26 at 21:27:16 CET logDebug - [pool-1-thread-5] Waiting for [findElementDynamic(): By.cssSelector: li.fields.pageFields_1:nth-child(3) div.radio_wrap] took [0.106 s]
2018-01-26 at 21:27:16 CET logDebug - [pool-1-thread-5] Waiting for [findElementDynamic(): By.cssSelector: li.fields.pageFields_1:nth-child(3) div.radio_wrap] took [0.035 s]
2018-01-26 at 21:27:17 CET logDebug - [pool-1-thread-5] Waiting for [findElementDynamic(): By.cssSelector: select[id='dropdown_7']] took [0.042 s]
2018-01-26 at 21:27:17 CET logDebug - [pool-1-thread-5] Waiting for [findElementDynamic(): By.cssSelector: select[id='dropdown_7']] took [0.077 s]
2018-01-26 at 21:27:17 CET logDebug - [pool-1-thread-5] Waiting for [findElementDynamic(): By.cssSelector: select[id='dropdown_7']] took [0.064 s]
2018-01-26 at 21:27:28 CET logDebug - [pool-1-thread-5] Waiting for [findElementDynamic(): By.cssSelector: select[id='dropdown_7']] took [0.027 s]
2018-01-26 at 21:27:28 CET logDebug - [pool-1-thread-5] Waiting for [findElementDynamic(): By.cssSelector: select[id='mm_date_8']] took [0.041 s]
2018-01-26 at 21:27:28 CET logDebug - [pool-1-thread-5] Waiting for [findElementDynamic(): By.cssSelector: select[id='mm_date_8']] took [0.042 s]
2018-01-26 at 21:27:28 CET logDebug - [pool-1-thread-5] Waiting for [findElementDynamic(): By.cssSelector: select[id='mm_date_8']] took [0.044 s]
2018-01-26 at 21:27:29 CET logDebug - [pool-1-thread-5] Waiting for [findElementDynamic(): By.cssSelector: select[id='mm_date_8']] took [0.015 s]
2018-01-26 at 21:27:29 CET logDebug - [pool-1-thread-5] Waiting for [findElementDynamic(): By.cssSelector: select[id='dd_date_8']] took [0.035 s]
2018-01-26 at 21:27:29 CET logDebug - [pool-1-thread-5] Waiting for [findElementDynamic(): By.cssSelector: select[id='dd_date_8']] took [0.037 s]
2018-01-26 at 21:27:29 CET logDebug - [pool-1-thread-5] Waiting for [findElementDynamic(): By.cssSelector: select[id='dd_date_8']] took [0.044 s]
2018-01-26 at 21:27:31 CET logDebug - [pool-1-thread-5] Waiting for [findElementDynamic(): By.cssSelector: select[id='dd_date_8']] took [0.015 s]
2018-01-26 at 21:27:31 CET logDebug - [pool-1-thread-5] Waiting for [findElementDynamic(): By.cssSelector: select[id='yy_date_8']] took [0.026 s]
2018-01-26 at 21:27:31 CET logDebug - [pool-1-thread-5] Waiting for [findElementDynamic(): By.cssSelector: select[id='yy_date_8']] took [0.016 s]
2018-01-26 at 21:27:31 CET logDebug - [pool-1-thread-5] Waiting for [findElementDynamic(): By.cssSelector: select[id='yy_date_8']] took [0.04 s]
2018-01-26 at 21:27:34 CET logDebug - [pool-1-thread-5] Waiting for [findElementDynamic(): By.cssSelector: select[id='yy_date_8']] took [0.016 s]
2018-01-26 at 21:27:34 CET logDebug - [pool-1-thread-5] Waiting for [findElementDynamic(): By.cssSelector: input[id='phone_9']] took [0.033 s]
2018-01-26 at 21:27:34 CET logDebug - [pool-1-thread-5] Waiting for [findElementDynamic(): By.cssSelector: input[id='phone_9']] took [0.016 s]
2018-01-26 at 21:27:34 CET logDebug - [pool-1-thread-5] Waiting for [findElementDynamic(): By.cssSelector: input[id='phone_9']] took [0.016 s]
2018-01-26 at 21:27:34 CET logDebug - [pool-1-thread-5] Waiting for [findElementDynamic(): By.cssSelector: input[id='username']] took [0.027 s]
2018-01-26 at 21:27:34 CET logDebug - [pool-1-thread-5] Waiting for [findElementDynamic(): By.cssSelector: input[id='username']] took [0.014 s]
2018-01-26 at 21:27:34 CET logDebug - [pool-1-thread-5] Waiting for [findElementDynamic(): By.cssSelector: input[id='username']] took [0.018 s]
2018-01-26 at 21:27:35 CET logDebug - [pool-1-thread-5] Waiting for [findElementDynamic(): By.cssSelector: input[id='email_1']] took [0.031 s]
2018-01-26 at 21:27:35 CET logDebug - [pool-1-thread-5] Waiting for [findElementDynamic(): By.cssSelector: input[id='email_1']] took [0.019 s]
2018-01-26 at 21:27:35 CET logDebug - [pool-1-thread-5] Waiting for [findElementDynamic(): By.cssSelector: input[id='email_1']] took [0.015 s]
2018-01-26 at 21:27:36 CET logDebug - [pool-1-thread-5] Waiting for [findElementDynamic(): By.cssSelector: textarea[ id='description' ]] took [0.028 s]
2018-01-26 at 21:27:36 CET logDebug - [pool-1-thread-5] Waiting for [findElementDynamic(): By.cssSelector: textarea[ id='description' ]] took [0.017 s]
2018-01-26 at 21:27:36 CET logDebug - [pool-1-thread-5] Waiting for [findElementDynamic(): By.cssSelector: textarea[ id='description' ]] took [0.015 s]
2018-01-26 at 21:27:36 CET logDebug - [pool-1-thread-5] Waiting for [findElementDynamic(): By.cssSelector: input[id='password_2']] took [0.048 s]
2018-01-26 at 21:27:36 CET logDebug - [pool-1-thread-5] Waiting for [findElementDynamic(): By.cssSelector: input[id='password_2']] took [0.017 s]
2018-01-26 at 21:27:36 CET logDebug - [pool-1-thread-5] Waiting for [findElementDynamic(): By.cssSelector: input[id='password_2']] took [0.019 s]
2018-01-26 at 21:27:37 CET logDebug - [pool-1-thread-5] Waiting for [findElementDynamic(): By.cssSelector: input[id='confirm_password_password_2']] took [0.047 s]
2018-01-26 at 21:27:37 CET logDebug - [pool-1-thread-5] Waiting for [findElementDynamic(): By.cssSelector: input[id='confirm_password_password_2']] took [0.022 s]
2018-01-26 at 21:27:37 CET logDebug - [pool-1-thread-5] Waiting for [findElementDynamic(): By.cssSelector: input[id='confirm_password_password_2']] took [0.045 s]
2018-01-26 at 21:27:37 CET logDebug - [pool-1-thread-5] Waiting for [findElementDynamic(): By.cssSelector: input[name='pie_submit']] took [0.044 s]
2018-01-26 at 21:27:37 CET logDebug - [pool-1-thread-5] Waiting for [findElementDynamic(): By.cssSelector: input[name='pie_submit']] took [0.02 s]
2018-01-26 at 21:27:37 CET logDebug - [pool-1-thread-5] Waiting for [waitForPageLoaded] took [0.021 s]
2018-01-26 at 21:27:37 CET logDebug - [pool-1-thread-5] Waiting for [findElementDynamic(): By.cssSelector: input[name='pie_submit']] took [0.033 s]
2018-01-26 at 21:27:40 CET logDebug - [pool-1-thread-5] Waiting for [waitForElementVisible(): By.cssSelector: p[class='piereg_login_error']] took [0.42 s]
2018-01-26 at 21:27:40 CET logDebug - [pool-1-thread-5] Waiting for [waitForElementVisible(): By.cssSelector: p[class='piereg_login_error']] took [0.028 s]
2018-01-26 at 21:27:40 CET logDebug - [pool-1-thread-5] Error: Username already exists
2018-01-26 at 21:27:40 CET logDebug - [pool-1-thread-5] Waiting for [findElementDynamic(): By.cssSelector: p[class='piereg_login_error']] took [0.049 s]
2018-01-26 at 21:27:40 CET logDebug - [pool-1-thread-5] Waiting for [findElementDynamic(): By.cssSelector: p[class='piereg_login_error']] took [0.052 s]
2018-01-26 at 21:27:40 CET logInfo - [pool-1-thread-5] Register_OK(com.capgemini.ntc.selenium.projectX.registration.RegisterOKTest) PASSED.
2018-01-26 at 21:27:40 CET logDebug - [pool-1-thread-5] BasePage.onTestSuccess    RegistrationPage
2018-01-26 at 21:27:40 CET logInfo - [pool-1-thread-5] Register_OK(com.capgemini.ntc.selenium.projectX.registration.RegisterOKTest) duration: 0,59 min
2018-01-26 at 21:27:40 CET logDebug - [pool-1-thread-5] BasePage.onTestFinish   RegistrationPage
2018-01-26 at 21:27:40 CET logDebug - [pool-1-thread-5] To remove observer: com.capgemini.ntc.selenium.pages.projectX.registration.RegistrationPage@20aabce1
2018-01-26 at 21:27:40 CET logDebug - [pool-1-thread-5] BaseTest.tearDownClass()
2018-01-26 at 21:27:40 CET logDebug - [pool-1-thread-5] BaseTestWatcher.observers: [com.capgemini.ntc.selenium.pages.projectX.registration.RegistrationPage@20aabce1]
2018-01-26 at 21:27:40 CET logDebug - [pool-1-thread-5] TestClassRule.classObservers: []
2018-01-26 at 21:27:40 CET logDebug - [pool-1-thread-5] BasePage.onTestClassFinish   RegistrationPage
2018-01-26 at 21:27:40 CET logDebug - [pool-1-thread-5] driver:NewChromeDriver: chrome on XP (52534d385e699287a2e3df68a8e908b5)
2018-01-26 at 21:27:40 CET logDebug - [pool-1-thread-5] Closing WebDriver for this thread. chrome
2018-01-26 at 21:27:41 CET logDebug - [pool-1-thread-5] All observers cleared.
Tests run: 1, Failures: 0, Errors: 0, Skipped: 0, Time elapsed: 35.724 sec - in com.capgemini.ntc.selenium.projectX.registration.RegisterOKTest
Running com.capgemini.ntc.selenium.projectX.MainPageTest
2018-01-26 at 21:27:04 CET logInfo - [pool-1-thread-3] test(com.capgemini.ntc.selenium.projectX.MainPageTest) STARTED.
2018-01-26 at 21:27:04 CET logDebug - [pool-1-thread-3] Creating new browser=chrome WebDriver.
2018-01-26 at 21:27:08 CET logInfo - [pool-1-thread-3] Trying to set requested resolution: 1600x1200.
2018-01-26 at 21:27:10 CET logInfo - [pool-1-thread-3] Resolution readed from device: 1600x1100
2018-01-26 at 21:27:10 CET logInfo - [pool-1-thread-3] Trying to set increased resolution for 'View port': 1616x1200.
2018-01-26 at 21:27:10 CET logInfo - [pool-1-thread-3] Resolution readed from device: 1616x1100
2018-01-26 at 21:27:10 CET logDebug - [pool-1-thread-3] driver:NewChromeDriver: chrome on XP (6defc543c60b3dbe185ff7b0b407fa77)
2018-01-26 at 21:27:10 CET logDebug - [pool-1-thread-3] To add observer: com.capgemini.ntc.selenium.pages.projectX.MainPage@5d4f530d
2018-01-26 at 21:27:10 CET logDebug - [pool-1-thread-3] BaseTestWatcher.observers: []
2018-01-26 at 21:27:10 CET logDebug - [pool-1-thread-3] TestClassRule.classObservers: []
2018-01-26 at 21:27:10 CET logDebug - [pool-1-thread-3] Added observer: com.capgemini.ntc.selenium.pages.projectX.MainPage@5d4f530d
2018-01-26 at 21:27:10 CET logDebug - [pool-1-thread-3] Waiting for [waitForPageLoaded] took [0.02 s]
2018-01-26 at 21:27:10 CET logDebug - [pool-1-thread-3] com.capgemini.ntc.selenium.pages.projectX.MainPage: Current loaded page (http://demoqa.com/) with pageTitle (). Page to load: (http://demoqa.com/) ,for page title: (Demoqa | Just another WordPress site)
2018-01-26 at 21:27:17 CET logInfo - [pool-1-thread-3] test(com.capgemini.ntc.selenium.projectX.MainPageTest) PASSED.
2018-01-26 at 21:27:17 CET logDebug - [pool-1-thread-3] BasePage.onTestSuccess    MainPage
2018-01-26 at 21:27:17 CET logInfo - [pool-1-thread-3] test(com.capgemini.ntc.selenium.projectX.MainPageTest) duration: 0,21 min
2018-01-26 at 21:27:17 CET logDebug - [pool-1-thread-3] BasePage.onTestFinish   MainPage
2018-01-26 at 21:27:17 CET logDebug - [pool-1-thread-3] To remove observer: com.capgemini.ntc.selenium.pages.projectX.MainPage@5d4f530d
2018-01-26 at 21:27:17 CET logDebug - [pool-1-thread-3] BaseTest.tearDownClass()
2018-01-26 at 21:27:17 CET logDebug - [pool-1-thread-3] BaseTestWatcher.observers: [com.capgemini.ntc.selenium.pages.projectX.MainPage@5d4f530d]
2018-01-26 at 21:27:17 CET logDebug - [pool-1-thread-3] TestClassRule.classObservers: []
2018-01-26 at 21:27:17 CET logDebug - [pool-1-thread-3] BasePage.onTestClassFinish   MainPage
2018-01-26 at 21:27:17 CET logDebug - [pool-1-thread-3] driver:NewChromeDriver: chrome on XP (6defc543c60b3dbe185ff7b0b407fa77)
2018-01-26 at 21:27:17 CET logDebug - [pool-1-thread-3] Closing WebDriver for this thread. chrome
2018-01-26 at 21:27:24 CET logDebug - [pool-1-thread-3] All observers cleared.
Tests run: 1, Failures: 0, Errors: 0, Skipped: 0, Time elapsed: 12.727 sec - in com.capgemini.ntc.selenium.projectX.MainPageTest
Starting ChromeDriver 2.33.506120 (e3e53437346286c0bc2d2dc9aa4915ba81d9023f) on port 37560
Only local connections are allowed.
Starting ChromeDriver 2.33.506120 (e3e53437346286c0bc2d2dc9aa4915ba81d9023f) on port 13215
Only local connections are allowed.
Starting ChromeDriver 2.33.506120 (e3e53437346286c0bc2d2dc9aa4915ba81d9023f) on port 49136
Only local connections are allowed.
Running resolution_test
2018-01-26 at 21:26:48 CET logInfo - [pool-1-thread-2] resolution_test(com.capgemini.ntc.selenium.features.samples.resolutions.ResolutionTest) STARTED.
2018-01-26 at 21:26:48 CET logDebug - [pool-1-thread-2] Creating new browser=chrome WebDriver.
2018-01-26 at 21:26:52 CET logInfo - [pool-1-thread-2] Trying to set requested resolution: 1600x1200.
2018-01-26 at 21:26:53 CET logInfo - [pool-1-thread-2] Resolution readed from device: 1600x1100
2018-01-26 at 21:26:53 CET logInfo - [pool-1-thread-2] Trying to set increased resolution for 'View port': 1616x1200.
2018-01-26 at 21:26:53 CET logInfo - [pool-1-thread-2] Resolution readed from device: 1616x1100
2018-01-26 at 21:26:53 CET logDebug - [pool-1-thread-2] driver:NewChromeDriver: chrome on XP (d39c845b8d00f12b8d6f6a93e5ae0076)
2018-01-26 at 21:26:53 CET logDebug - [pool-1-thread-2] To add observer: com.capgemini.ntc.selenium.pages.projectX.registration.RegistryPage@48742d72
2018-01-26 at 21:26:53 CET logDebug - [pool-1-thread-2] BaseTestWatcher.observers: []
2018-01-26 at 21:26:53 CET logDebug - [pool-1-thread-2] TestClassRule.classObservers: []
2018-01-26 at 21:26:53 CET logDebug - [pool-1-thread-2] Added observer: com.capgemini.ntc.selenium.pages.projectX.registration.RegistryPage@48742d72
2018-01-26 at 21:26:53 CET logDebug - [pool-1-thread-2] Waiting for [waitForPageLoaded] took [0.019 s]
2018-01-26 at 21:26:53 CET logDebug - [pool-1-thread-2] com.capgemini.ntc.selenium.pages.projectX.registration.RegistryPage: Current loaded page (http://demoqa.com/registration/) with pageTitle (). Page to load: (http://demoqa.com/registration/) ,for page title: (Registration | Demoqa)
2018-01-26 at 21:26:59 CET logDebug - [pool-1-thread-2] Waiting for [waitForPageLoaded] took [0.019 s]
2018-01-26 at 21:26:59 CET logInfo - [pool-1-thread-2] Trying to set requested resolution: 768x576.
2018-01-26 at 21:26:59 CET logInfo - [pool-1-thread-2] Resolution readed from device: 768x576
2018-01-26 at 21:26:59 CET logInfo - [pool-1-thread-2] Trying to set increased resolution for 'View port': 801x576.
2018-01-26 at 21:26:59 CET logInfo - [pool-1-thread-2] Resolution readed from device: 801x576
2018-01-26 at 21:26:59 CET logDebug - [pool-1-thread-2] Waiting for [findElementDynamic(): By.cssSelector: input[id='name_3_firstname']] took [0.04 s]
2018-01-26 at 21:27:00 CET logInfo - [pool-1-thread-2] resolution_test(com.capgemini.ntc.selenium.features.samples.resolutions.ResolutionTest) PASSED.
2018-01-26 at 21:27:00 CET logDebug - [pool-1-thread-2] BasePage.onTestSuccess    RegistryPage
2018-01-26 at 21:27:00 CET logInfo - [pool-1-thread-2] resolution_test(com.capgemini.ntc.selenium.features.samples.resolutions.ResolutionTest) duration: 0,21 min
2018-01-26 at 21:27:00 CET logDebug - [pool-1-thread-2] BasePage.onTestFinish   RegistryPage
2018-01-26 at 21:27:00 CET logDebug - [pool-1-thread-2] To remove observer: com.capgemini.ntc.selenium.pages.projectX.registration.RegistryPage@48742d72
2018-01-26 at 21:27:00 CET logInfo - [pool-1-thread-2] resolution_test(com.capgemini.ntc.selenium.features.samples.resolutions.ResolutionTest) STARTED.
2018-01-26 at 21:27:00 CET logDebug - [pool-1-thread-2] To add observer: com.capgemini.ntc.selenium.pages.projectX.registration.RegistryPage@5f7da362
2018-01-26 at 21:27:00 CET logDebug - [pool-1-thread-2] BaseTestWatcher.observers: [com.capgemini.ntc.selenium.pages.projectX.registration.RegistryPage@48742d72]
2018-01-26 at 21:27:00 CET logDebug - [pool-1-thread-2] TestClassRule.classObservers: []
2018-01-26 at 21:27:00 CET logDebug - [pool-1-thread-2] Waiting for [waitForPageLoaded] took [0.027 s]
2018-01-26 at 21:27:00 CET logInfo - [pool-1-thread-2] Trying to set requested resolution: 960x720.
2018-01-26 at 21:27:01 CET logInfo - [pool-1-thread-2] Resolution readed from device: 960x720
2018-01-26 at 21:27:01 CET logInfo - [pool-1-thread-2] Trying to set increased resolution for 'View port': 993x720.
2018-01-26 at 21:27:01 CET logInfo - [pool-1-thread-2] Resolution readed from device: 993x720
2018-01-26 at 21:27:01 CET logDebug - [pool-1-thread-2] Waiting for [findElementDynamic(): By.cssSelector: input[id='name_3_firstname']] took [0.019 s]
2018-01-26 at 21:27:02 CET logInfo - [pool-1-thread-2] resolution_test(com.capgemini.ntc.selenium.features.samples.resolutions.ResolutionTest) PASSED.
2018-01-26 at 21:27:02 CET logDebug - [pool-1-thread-2] BasePage.onTestSuccess    RegistryPage
2018-01-26 at 21:27:02 CET logInfo - [pool-1-thread-2] resolution_test(com.capgemini.ntc.selenium.features.samples.resolutions.ResolutionTest) duration: 0,03 min
2018-01-26 at 21:27:02 CET logDebug - [pool-1-thread-2] BasePage.onTestFinish   RegistryPage
2018-01-26 at 21:27:02 CET logDebug - [pool-1-thread-2] To remove observer: com.capgemini.ntc.selenium.pages.projectX.registration.RegistryPage@48742d72
2018-01-26 at 21:27:02 CET logInfo - [pool-1-thread-2] resolution_test(com.capgemini.ntc.selenium.features.samples.resolutions.ResolutionTest) STARTED.
2018-01-26 at 21:27:02 CET logDebug - [pool-1-thread-2] To add observer: com.capgemini.ntc.selenium.pages.projectX.registration.RegistryPage@60382a23
2018-01-26 at 21:27:02 CET logDebug - [pool-1-thread-2] BaseTestWatcher.observers: [com.capgemini.ntc.selenium.pages.projectX.registration.RegistryPage@48742d72]
2018-01-26 at 21:27:02 CET logDebug - [pool-1-thread-2] TestClassRule.classObservers: []
2018-01-26 at 21:27:02 CET logDebug - [pool-1-thread-2] Waiting for [waitForPageLoaded] took [0.018 s]
2018-01-26 at 21:27:02 CET logInfo - [pool-1-thread-2] Trying to set requested resolution: 1920x1080.
2018-01-26 at 21:27:02 CET logInfo - [pool-1-thread-2] Resolution readed from device: 1920x1080
2018-01-26 at 21:27:02 CET logInfo - [pool-1-thread-2] Trying to set increased resolution for 'View port': 1953x1080.
2018-01-26 at 21:27:02 CET logInfo - [pool-1-thread-2] Resolution readed from device: 1940x1080
2018-01-26 at 21:27:02 CET logDebug - [pool-1-thread-2] Waiting for [findElementDynamic(): By.cssSelector: input[id='name_3_firstname']] took [0.012 s]
2018-01-26 at 21:27:03 CET logInfo - [pool-1-thread-2] resolution_test(com.capgemini.ntc.selenium.features.samples.resolutions.ResolutionTest) PASSED.
2018-01-26 at 21:27:03 CET logDebug - [pool-1-thread-2] BasePage.onTestSuccess    RegistryPage
2018-01-26 at 21:27:03 CET logInfo - [pool-1-thread-2] resolution_test(com.capgemini.ntc.selenium.features.samples.resolutions.ResolutionTest) duration: 0,02 min
2018-01-26 at 21:27:03 CET logDebug - [pool-1-thread-2] BasePage.onTestFinish   RegistryPage
2018-01-26 at 21:27:03 CET logDebug - [pool-1-thread-2] To remove observer: com.capgemini.ntc.selenium.pages.projectX.registration.RegistryPage@48742d72
2018-01-26 at 21:27:03 CET logDebug - [pool-1-thread-2] BaseTest.tearDownClass()
2018-01-26 at 21:27:03 CET logDebug - [pool-1-thread-2] BaseTestWatcher.observers: [com.capgemini.ntc.selenium.pages.projectX.registration.RegistryPage@48742d72]
2018-01-26 at 21:27:03 CET logDebug - [pool-1-thread-2] TestClassRule.classObservers: []
2018-01-26 at 21:27:03 CET logDebug - [pool-1-thread-2] BasePage.onTestClassFinish   RegistryPage
2018-01-26 at 21:27:03 CET logDebug - [pool-1-thread-2] driver:NewChromeDriver: chrome on XP (d39c845b8d00f12b8d6f6a93e5ae0076)
2018-01-26 at 21:27:03 CET logDebug - [pool-1-thread-2] Closing WebDriver for this thread. chrome
2018-01-26 at 21:27:04 CET logDebug - [pool-1-thread-2] All observers cleared.
Tests run: 3, Failures: 0, Errors: 0, Skipped: 0, Time elapsed: 15.84 sec - in resolution_test
sty 26, 2018 9:28:06 PM org.openqa.selenium.remote.ProtocolHandshake createSession
INFO: Detected dialect: OSS
sty 26, 2018 9:28:06 PM org.openqa.selenium.remote.ProtocolHandshake createSession
INFO: Detected dialect: OSS
sty 26, 2018 9:28:06 PM org.openqa.selenium.remote.ProtocolHandshake createSession
INFO: Detected dialect: OSS
2018-01-26 at 21:28:06 CET logInfo - [pool-1-thread-1] Trying to set requested resolution: 1600x1200.
2018-01-26 at 21:28:07 CET logInfo - [pool-1-thread-1] Resolution readed from device: 1600x1100
2018-01-26 at 21:28:07 CET logInfo - [pool-1-thread-1] Trying to set increased resolution for 'View port': 1616x1200.
2018-01-26 at 21:28:07 CET logInfo - [pool-1-thread-1] Resolution readed from device: 1616x1100
2018-01-26 at 21:28:07 CET logDebug - [pool-1-thread-1] driver:NewChromeDriver: chrome on XP (4ea1caa662689443627e30e3ec5c8740)
2018-01-26 at 21:28:07 CET logDebug - [pool-1-thread-1] To add observer: com.capgemini.ntc.selenium.pages.projectY.TheInternetPage@66c7f772
2018-01-26 at 21:28:07 CET logDebug - [pool-1-thread-1] BaseTestWatcher.observers: []
2018-01-26 at 21:28:07 CET logDebug - [pool-1-thread-1] TestClassRule.classObservers: []
2018-01-26 at 21:28:07 CET logDebug - [pool-1-thread-1] Added observer: com.capgemini.ntc.selenium.pages.projectY.TheInternetPage@66c7f772
2018-01-26 at 21:28:07 CET logDebug - [pool-1-thread-1] The internet page is loaded: data:,
2018-01-26 at 21:28:08 CET logDebug - [pool-1-thread-1] load page
Running registrationTest
2018-01-26 at 21:27:04 CET logInfo - [pool-1-thread-6] registrationTest(com.capgemini.ntc.selenium.projectX.registration.RegisterOKTestDDExternalDataTest) STARTED.
2018-01-26 at 21:27:04 CET logDebug - [pool-1-thread-6] Creating new browser=chrome WebDriver.
2018-01-26 at 21:27:08 CET logInfo - [pool-1-thread-6] Trying to set requested resolution: 1600x1200.
2018-01-26 at 21:27:09 CET logInfo - [pool-1-thread-6] Resolution readed from device: 1600x1100
2018-01-26 at 21:27:09 CET logInfo - [pool-1-thread-6] Trying to set increased resolution for 'View port': 1616x1200.
2018-01-26 at 21:27:09 CET logInfo - [pool-1-thread-6] Resolution readed from device: 1616x1100
2018-01-26 at 21:27:09 CET logDebug - [pool-1-thread-6] driver:NewChromeDriver: chrome on XP (1d1efa020aed1060abc2894e93769a86)
2018-01-26 at 21:27:09 CET logDebug - [pool-1-thread-6] To add observer: com.capgemini.ntc.selenium.pages.projectX.registration.RegistrationPage@3ef7a7e3
2018-01-26 at 21:27:09 CET logDebug - [pool-1-thread-6] BaseTestWatcher.observers: []
2018-01-26 at 21:27:09 CET logDebug - [pool-1-thread-6] TestClassRule.classObservers: []
2018-01-26 at 21:27:09 CET logDebug - [pool-1-thread-6] Added observer: com.capgemini.ntc.selenium.pages.projectX.registration.RegistrationPage@3ef7a7e3
2018-01-26 at 21:27:09 CET logDebug - [pool-1-thread-6] Waiting for [waitForPageLoaded] took [0.025 s]
2018-01-26 at 21:27:09 CET logDebug - [pool-1-thread-6] com.capgemini.ntc.selenium.pages.projectX.registration.RegistrationPage: Current loaded page (http://demoqa.com/registration/) with pageTitle (). Page to load: (http://demoqa.com/registration/) ,for page title: (Registration | Demoqa)
2018-01-26 at 21:27:19 CET logDebug - [pool-1-thread-6] Waiting for [waitForPageLoaded] took [0.065 s]
2018-01-26 at 21:27:19 CET logDebug - [pool-1-thread-6] Waiting for [findElementDynamic(): By.cssSelector: input[id='name_3_firstname']] took [0.07 s]
2018-01-26 at 21:27:19 CET logDebug - [pool-1-thread-6] Waiting for [findElementDynamic(): By.cssSelector: input[id='name_3_firstname']] took [0.021 s]
2018-01-26 at 21:27:19 CET logDebug - [pool-1-thread-6] Waiting for [findElementDynamic(): By.cssSelector: input[id='name_3_firstname']] took [0.019 s]
2018-01-26 at 21:27:19 CET logDebug - [pool-1-thread-6] Waiting for [findElementDynamic(): By.cssSelector: input[id='name_3_lastname']] took [0.075 s]
2018-01-26 at 21:27:20 CET logDebug - [pool-1-thread-6] Waiting for [findElementDynamic(): By.cssSelector: input[id='name_3_lastname']] took [0.038 s]
2018-01-26 at 21:27:20 CET logDebug - [pool-1-thread-6] Waiting for [findElementDynamic(): By.cssSelector: input[id='name_3_lastname']] took [0.045 s]
2018-01-26 at 21:27:20 CET logDebug - [pool-1-thread-6] Waiting for [findElementDynamic(): By.cssSelector: div[class='radio_wrap']] took [0.03 s]
2018-01-26 at 21:27:20 CET logDebug - [pool-1-thread-6] Waiting for [findElementDynamic(): By.cssSelector: div[class='radio_wrap']] took [0.019 s]
2018-01-26 at 21:27:20 CET logDebug - [pool-1-thread-6] Waiting for [findElementDynamic(): By.cssSelector: div[class='radio_wrap']] took [0.016 s]
Input text element: com.capgemini.ntc.selenium.core.newDrivers.elementType.RadioButtonElement@17a5268a isn't clicked.
2018-01-26 at 21:27:21 CET logDebug - [pool-1-thread-6] Waiting for [findElementDynamic(): By.cssSelector: li.fields.pageFields_1:nth-child(3) div.radio_wrap] took [0.211 s]
2018-01-26 at 21:27:21 CET logDebug - [pool-1-thread-6] Waiting for [findElementDynamic(): By.cssSelector: li.fields.pageFields_1:nth-child(3) div.radio_wrap] took [0.153 s]
2018-01-26 at 21:27:21 CET logDebug - [pool-1-thread-6] Waiting for [findElementDynamic(): By.cssSelector: select[id='dropdown_7']] took [0.034 s]
2018-01-26 at 21:27:21 CET logDebug - [pool-1-thread-6] Waiting for [findElementDynamic(): By.cssSelector: select[id='dropdown_7']] took [0.076 s]
2018-01-26 at 21:27:22 CET logDebug - [pool-1-thread-6] Waiting for [findElementDynamic(): By.cssSelector: select[id='dropdown_7']] took [0.094 s]
2018-01-26 at 21:27:30 CET logDebug - [pool-1-thread-6] Waiting for [findElementDynamic(): By.cssSelector: select[id='dropdown_7']] took [0.024 s]
2018-01-26 at 21:27:30 CET logDebug - [pool-1-thread-6] Waiting for [findElementDynamic(): By.cssSelector: select[id='mm_date_8']] took [0.057 s]
2018-01-26 at 21:27:30 CET logDebug - [pool-1-thread-6] Waiting for [findElementDynamic(): By.cssSelector: select[id='mm_date_8']] took [0.042 s]
2018-01-26 at 21:27:31 CET logDebug - [pool-1-thread-6] Waiting for [findElementDynamic(): By.cssSelector: select[id='mm_date_8']] took [0.022 s]
2018-01-26 at 21:27:31 CET logDebug - [pool-1-thread-6] Waiting for [findElementDynamic(): By.cssSelector: select[id='mm_date_8']] took [0.035 s]
2018-01-26 at 21:27:31 CET logDebug - [pool-1-thread-6] Waiting for [findElementDynamic(): By.cssSelector: select[id='dd_date_8']] took [0.033 s]
2018-01-26 at 21:27:31 CET logDebug - [pool-1-thread-6] Waiting for [findElementDynamic(): By.cssSelector: select[id='dd_date_8']] took [0.015 s]
2018-01-26 at 21:27:32 CET logDebug - [pool-1-thread-6] Waiting for [findElementDynamic(): By.cssSelector: select[id='dd_date_8']] took [0.043 s]
2018-01-26 at 21:27:33 CET logDebug - [pool-1-thread-6] Waiting for [findElementDynamic(): By.cssSelector: select[id='dd_date_8']] took [0.014 s]
2018-01-26 at 21:27:33 CET logDebug - [pool-1-thread-6] Waiting for [findElementDynamic(): By.cssSelector: select[id='yy_date_8']] took [0.026 s]
2018-01-26 at 21:27:33 CET logDebug - [pool-1-thread-6] Waiting for [findElementDynamic(): By.cssSelector: select[id='yy_date_8']] took [0.014 s]
2018-01-26 at 21:27:33 CET logDebug - [pool-1-thread-6] Waiting for [findElementDynamic(): By.cssSelector: select[id='yy_date_8']] took [0.018 s]
2018-01-26 at 21:27:37 CET logDebug - [pool-1-thread-6] Waiting for [findElementDynamic(): By.cssSelector: select[id='yy_date_8']] took [0.022 s]
2018-01-26 at 21:27:37 CET logDebug - [pool-1-thread-6] Waiting for [findElementDynamic(): By.cssSelector: input[id='phone_9']] took [0.029 s]
2018-01-26 at 21:27:37 CET logDebug - [pool-1-thread-6] Waiting for [findElementDynamic(): By.cssSelector: input[id='phone_9']] took [0.014 s]
2018-01-26 at 21:27:37 CET logDebug - [pool-1-thread-6] Waiting for [findElementDynamic(): By.cssSelector: input[id='phone_9']] took [0.054 s]
2018-01-26 at 21:27:37 CET logDebug - [pool-1-thread-6] Waiting for [findElementDynamic(): By.cssSelector: input[id='username']] took [0.033 s]
2018-01-26 at 21:27:37 CET logDebug - [pool-1-thread-6] Waiting for [findElementDynamic(): By.cssSelector: input[id='username']] took [0.019 s]
2018-01-26 at 21:27:37 CET logDebug - [pool-1-thread-6] Waiting for [findElementDynamic(): By.cssSelector: input[id='username']] took [0.019 s]
2018-01-26 at 21:27:38 CET logDebug - [pool-1-thread-6] Waiting for [findElementDynamic(): By.cssSelector: input[id='email_1']] took [0.031 s]
2018-01-26 at 21:27:38 CET logDebug - [pool-1-thread-6] Waiting for [findElementDynamic(): By.cssSelector: input[id='email_1']] took [0.018 s]
2018-01-26 at 21:27:38 CET logDebug - [pool-1-thread-6] Waiting for [findElementDynamic(): By.cssSelector: input[id='email_1']] took [0.031 s]
2018-01-26 at 21:27:38 CET logDebug - [pool-1-thread-6] Waiting for [findElementDynamic(): By.cssSelector: textarea[ id='description' ]] took [0.031 s]
2018-01-26 at 21:27:38 CET logDebug - [pool-1-thread-6] Waiting for [findElementDynamic(): By.cssSelector: textarea[ id='description' ]] took [0.011 s]
2018-01-26 at 21:27:38 CET logDebug - [pool-1-thread-6] Waiting for [findElementDynamic(): By.cssSelector: textarea[ id='description' ]] took [0.011 s]
2018-01-26 at 21:27:39 CET logDebug - [pool-1-thread-6] Waiting for [findElementDynamic(): By.cssSelector: input[id='password_2']] took [0.023 s]
2018-01-26 at 21:27:39 CET logDebug - [pool-1-thread-6] Waiting for [findElementDynamic(): By.cssSelector: input[id='password_2']] took [0.017 s]
2018-01-26 at 21:27:39 CET logDebug - [pool-1-thread-6] Waiting for [findElementDynamic(): By.cssSelector: input[id='password_2']] took [0.026 s]
2018-01-26 at 21:27:39 CET logDebug - [pool-1-thread-6] Waiting for [findElementDynamic(): By.cssSelector: input[id='confirm_password_password_2']] took [0.064 s]
2018-01-26 at 21:27:39 CET logDebug - [pool-1-thread-6] Waiting for [findElementDynamic(): By.cssSelector: input[id='confirm_password_password_2']] took [0.058 s]
2018-01-26 at 21:27:39 CET logDebug - [pool-1-thread-6] Waiting for [findElementDynamic(): By.cssSelector: input[id='confirm_password_password_2']] took [0.026 s]
2018-01-26 at 21:27:40 CET logDebug - [pool-1-thread-6] Waiting for [findElementDynamic(): By.cssSelector: input[name='pie_submit']] took [0.054 s]
2018-01-26 at 21:27:40 CET logDebug - [pool-1-thread-6] Waiting for [findElementDynamic(): By.cssSelector: input[name='pie_submit']] took [0.022 s]
2018-01-26 at 21:27:40 CET logDebug - [pool-1-thread-6] Waiting for [waitForPageLoaded] took [0.029 s]
2018-01-26 at 21:27:40 CET logDebug - [pool-1-thread-6] Waiting for [findElementDynamic(): By.cssSelector: input[name='pie_submit']] took [0.089 s]
2018-01-26 at 21:27:43 CET logDebug - [pool-1-thread-6] Waiting for [waitForElementVisible(): By.cssSelector: p[class='piereg_login_error']] took [0.384 s]
2018-01-26 at 21:27:43 CET logDebug - [pool-1-thread-6] Waiting for [waitForElementVisible(): By.cssSelector: p[class='piereg_login_error']] took [0.038 s]
2018-01-26 at 21:27:43 CET logDebug - [pool-1-thread-6] Error: Username already exists
2018-01-26 at 21:27:43 CET logDebug - [pool-1-thread-6] Waiting for [findElementDynamic(): By.cssSelector: p[class='piereg_login_error']] took [0.014 s]
2018-01-26 at 21:27:43 CET logDebug - [pool-1-thread-6] Waiting for [findElementDynamic(): By.cssSelector: p[class='piereg_login_error']] took [0.013 s]
2018-01-26 at 21:27:43 CET logInfo - [pool-1-thread-6] registrationTest(com.capgemini.ntc.selenium.projectX.registration.RegisterOKTestDDExternalDataTest) PASSED.
2018-01-26 at 21:27:43 CET logDebug - [pool-1-thread-6] BasePage.onTestSuccess    RegistrationPage
2018-01-26 at 21:27:43 CET logInfo - [pool-1-thread-6] registrationTest(com.capgemini.ntc.selenium.projectX.registration.RegisterOKTestDDExternalDataTest) duration: 0,64 min
2018-01-26 at 21:27:44 CET logDebug - [pool-1-thread-6] BasePage.onTestFinish   RegistrationPage
2018-01-26 at 21:27:44 CET logDebug - [pool-1-thread-6] To remove observer: com.capgemini.ntc.selenium.pages.projectX.registration.RegistrationPage@3ef7a7e3
2018-01-26 at 21:27:44 CET logInfo - [pool-1-thread-6] registrationTest(com.capgemini.ntc.selenium.projectX.registration.RegisterOKTestDDExternalDataTest) STARTED.
2018-01-26 at 21:27:44 CET logDebug - [pool-1-thread-6] To add observer: com.capgemini.ntc.selenium.pages.projectX.registration.RegistrationPage@7b8c3dca
2018-01-26 at 21:27:44 CET logDebug - [pool-1-thread-6] BaseTestWatcher.observers: [com.capgemini.ntc.selenium.pages.projectX.registration.RegistrationPage@3ef7a7e3]
2018-01-26 at 21:27:44 CET logDebug - [pool-1-thread-6] TestClassRule.classObservers: []
2018-01-26 at 21:27:44 CET logDebug - [pool-1-thread-6] Waiting for [waitForPageLoaded] took [0.026 s]
2018-01-26 at 21:27:44 CET logDebug - [pool-1-thread-6] Waiting for [waitForPageLoaded] took [0.006 s]
2018-01-26 at 21:27:44 CET logDebug - [pool-1-thread-6] Waiting for [findElementDynamic(): By.cssSelector: input[id='name_3_firstname']] took [0.03 s]
2018-01-26 at 21:27:44 CET logDebug - [pool-1-thread-6] Waiting for [findElementDynamic(): By.cssSelector: input[id='name_3_firstname']] took [0.017 s]
2018-01-26 at 21:27:44 CET logDebug - [pool-1-thread-6] Waiting for [findElementDynamic(): By.cssSelector: input[id='name_3_firstname']] took [0.017 s]
2018-01-26 at 21:27:44 CET logDebug - [pool-1-thread-6] Waiting for [findElementDynamic(): By.cssSelector: input[id='name_3_lastname']] took [0.022 s]
2018-01-26 at 21:27:44 CET logDebug - [pool-1-thread-6] Waiting for [findElementDynamic(): By.cssSelector: input[id='name_3_lastname']] took [0.01 s]
2018-01-26 at 21:27:44 CET logDebug - [pool-1-thread-6] Waiting for [findElementDynamic(): By.cssSelector: input[id='name_3_lastname']] took [0.011 s]
2018-01-26 at 21:27:44 CET logDebug - [pool-1-thread-6] Waiting for [findElementDynamic(): By.cssSelector: div[class='radio_wrap']] took [0.019 s]
2018-01-26 at 21:27:44 CET logDebug - [pool-1-thread-6] Waiting for [findElementDynamic(): By.cssSelector: div[class='radio_wrap']] took [0.01 s]
2018-01-26 at 21:27:45 CET logDebug - [pool-1-thread-6] Waiting for [findElementDynamic(): By.cssSelector: div[class='radio_wrap']] took [0.011 s]
2018-01-26 at 21:27:45 CET logDebug - [pool-1-thread-6] Waiting for [findElementDynamic(): By.cssSelector: li.fields.pageFields_1:nth-child(3) div.radio_wrap] took [0.02 s]
2018-01-26 at 21:27:45 CET logDebug - [pool-1-thread-6] Waiting for [findElementDynamic(): By.cssSelector: li.fields.pageFields_1:nth-child(3) div.radio_wrap] took [0.012 s]
2018-01-26 at 21:27:45 CET logDebug - [pool-1-thread-6] Waiting for [findElementDynamic(): By.cssSelector: select[id='dropdown_7']] took [0.01 s]
2018-01-26 at 21:27:45 CET logDebug - [pool-1-thread-6] Waiting for [findElementDynamic(): By.cssSelector: select[id='dropdown_7']] took [0.011 s]
2018-01-26 at 21:27:45 CET logDebug - [pool-1-thread-6] Waiting for [findElementDynamic(): By.cssSelector: select[id='dropdown_7']] took [0.019 s]
2018-01-26 at 21:27:50 CET logDebug - [pool-1-thread-6] Waiting for [findElementDynamic(): By.cssSelector: select[id='dropdown_7']] took [0.01 s]
2018-01-26 at 21:27:51 CET logDebug - [pool-1-thread-6] Waiting for [findElementDynamic(): By.cssSelector: select[id='mm_date_8']] took [0.029 s]
2018-01-26 at 21:27:51 CET logDebug - [pool-1-thread-6] Waiting for [findElementDynamic(): By.cssSelector: select[id='mm_date_8']] took [0.013 s]
2018-01-26 at 21:27:51 CET logDebug - [pool-1-thread-6] Waiting for [findElementDynamic(): By.cssSelector: select[id='mm_date_8']] took [0.013 s]
2018-01-26 at 21:27:51 CET logDebug - [pool-1-thread-6] Waiting for [findElementDynamic(): By.cssSelector: select[id='mm_date_8']] took [0.016 s]
2018-01-26 at 21:27:52 CET logDebug - [pool-1-thread-6] Waiting for [findElementDynamic(): By.cssSelector: select[id='dd_date_8']] took [0.048 s]
2018-01-26 at 21:27:52 CET logDebug - [pool-1-thread-6] Waiting for [findElementDynamic(): By.cssSelector: select[id='dd_date_8']] took [0.03 s]
2018-01-26 at 21:27:52 CET logDebug - [pool-1-thread-6] Waiting for [findElementDynamic(): By.cssSelector: select[id='dd_date_8']] took [0.023 s]
2018-01-26 at 21:27:53 CET logDebug - [pool-1-thread-6] Waiting for [findElementDynamic(): By.cssSelector: select[id='dd_date_8']] took [0.015 s]
2018-01-26 at 21:27:53 CET logDebug - [pool-1-thread-6] Waiting for [findElementDynamic(): By.cssSelector: select[id='yy_date_8']] took [0.021 s]
2018-01-26 at 21:27:53 CET logDebug - [pool-1-thread-6] Waiting for [findElementDynamic(): By.cssSelector: select[id='yy_date_8']] took [0.01 s]
2018-01-26 at 21:27:53 CET logDebug - [pool-1-thread-6] Waiting for [findElementDynamic(): By.cssSelector: select[id='yy_date_8']] took [0.019 s]
2018-01-26 at 21:27:56 CET logDebug - [pool-1-thread-6] Waiting for [findElementDynamic(): By.cssSelector: select[id='yy_date_8']] took [0.014 s]
2018-01-26 at 21:27:56 CET logDebug - [pool-1-thread-6] Waiting for [findElementDynamic(): By.cssSelector: input[id='phone_9']] took [0.019 s]
2018-01-26 at 21:27:56 CET logDebug - [pool-1-thread-6] Waiting for [findElementDynamic(): By.cssSelector: input[id='phone_9']] took [0.013 s]
2018-01-26 at 21:27:56 CET logDebug - [pool-1-thread-6] Waiting for [findElementDynamic(): By.cssSelector: input[id='phone_9']] took [0.016 s]
2018-01-26 at 21:27:56 CET logDebug - [pool-1-thread-6] Waiting for [findElementDynamic(): By.cssSelector: input[id='username']] took [0.024 s]
2018-01-26 at 21:27:56 CET logDebug - [pool-1-thread-6] Waiting for [findElementDynamic(): By.cssSelector: input[id='username']] took [0.011 s]
2018-01-26 at 21:27:56 CET logDebug - [pool-1-thread-6] Waiting for [findElementDynamic(): By.cssSelector: input[id='username']] took [0.014 s]
2018-01-26 at 21:27:56 CET logDebug - [pool-1-thread-6] Waiting for [findElementDynamic(): By.cssSelector: input[id='email_1']] took [0.021 s]
2018-01-26 at 21:27:56 CET logDebug - [pool-1-thread-6] Waiting for [findElementDynamic(): By.cssSelector: input[id='email_1']] took [0.01 s]
2018-01-26 at 21:27:56 CET logDebug - [pool-1-thread-6] Waiting for [findElementDynamic(): By.cssSelector: input[id='email_1']] took [0.011 s]
2018-01-26 at 21:27:56 CET logDebug - [pool-1-thread-6] Waiting for [findElementDynamic(): By.cssSelector: textarea[ id='description' ]] took [0.022 s]
2018-01-26 at 21:27:56 CET logDebug - [pool-1-thread-6] Waiting for [findElementDynamic(): By.cssSelector: textarea[ id='description' ]] took [0.011 s]
2018-01-26 at 21:27:57 CET logDebug - [pool-1-thread-6] Waiting for [findElementDynamic(): By.cssSelector: textarea[ id='description' ]] took [0.012 s]
2018-01-26 at 21:27:57 CET logDebug - [pool-1-thread-6] Waiting for [findElementDynamic(): By.cssSelector: input[id='password_2']] took [0.018 s]
2018-01-26 at 21:27:57 CET logDebug - [pool-1-thread-6] Waiting for [findElementDynamic(): By.cssSelector: input[id='password_2']] took [0.02 s]
2018-01-26 at 21:27:57 CET logDebug - [pool-1-thread-6] Waiting for [findElementDynamic(): By.cssSelector: input[id='password_2']] took [0.012 s]
2018-01-26 at 21:27:57 CET logDebug - [pool-1-thread-6] Waiting for [findElementDynamic(): By.cssSelector: input[id='confirm_password_password_2']] took [0.025 s]
2018-01-26 at 21:27:57 CET logDebug - [pool-1-thread-6] Waiting for [findElementDynamic(): By.cssSelector: input[id='confirm_password_password_2']] took [0.015 s]
2018-01-26 at 21:27:57 CET logDebug - [pool-1-thread-6] Waiting for [findElementDynamic(): By.cssSelector: input[id='confirm_password_password_2']] took [0.03 s]
2018-01-26 at 21:27:57 CET logDebug - [pool-1-thread-6] Waiting for [findElementDynamic(): By.cssSelector: input[name='pie_submit']] took [0.032 s]
2018-01-26 at 21:27:57 CET logDebug - [pool-1-thread-6] Waiting for [findElementDynamic(): By.cssSelector: input[name='pie_submit']] took [0.014 s]
2018-01-26 at 21:27:58 CET logDebug - [pool-1-thread-6] Waiting for [waitForPageLoaded] took [0.029 s]
2018-01-26 at 21:27:58 CET logDebug - [pool-1-thread-6] Waiting for [findElementDynamic(): By.cssSelector: input[name='pie_submit']] took [0.02 s]
2018-01-26 at 21:28:00 CET logDebug - [pool-1-thread-6] Waiting for [waitForElementVisible(): By.cssSelector: p[class='piereg_login_error']] took [0.204 s]
2018-01-26 at 21:28:00 CET logDebug - [pool-1-thread-6] Waiting for [waitForElementVisible(): By.cssSelector: p[class='piereg_login_error']] took [0.033 s]
2018-01-26 at 21:28:00 CET logDebug - [pool-1-thread-6] Error: Username already exists
2018-01-26 at 21:28:00 CET logDebug - [pool-1-thread-6] Waiting for [findElementDynamic(): By.cssSelector: p[class='piereg_login_error']] took [0.018 s]
2018-01-26 at 21:28:00 CET logDebug - [pool-1-thread-6] Waiting for [findElementDynamic(): By.cssSelector: p[class='piereg_login_error']] took [0.016 s]
2018-01-26 at 21:28:00 CET logInfo - [pool-1-thread-6] registrationTest(com.capgemini.ntc.selenium.projectX.registration.RegisterOKTestDDExternalDataTest) PASSED.
2018-01-26 at 21:28:00 CET logDebug - [pool-1-thread-6] BasePage.onTestSuccess    RegistrationPage
2018-01-26 at 21:28:00 CET logInfo - [pool-1-thread-6] registrationTest(com.capgemini.ntc.selenium.projectX.registration.RegisterOKTestDDExternalDataTest) duration: 0,27 min
2018-01-26 at 21:28:01 CET logDebug - [pool-1-thread-6] BasePage.onTestFinish   RegistrationPage
2018-01-26 at 21:28:01 CET logDebug - [pool-1-thread-6] To remove observer: com.capgemini.ntc.selenium.pages.projectX.registration.RegistrationPage@3ef7a7e3
2018-01-26 at 21:28:01 CET logDebug - [pool-1-thread-6] BaseTest.tearDownClass()
2018-01-26 at 21:28:01 CET logDebug - [pool-1-thread-6] BaseTestWatcher.observers: [com.capgemini.ntc.selenium.pages.projectX.registration.RegistrationPage@3ef7a7e3]
2018-01-26 at 21:28:01 CET logDebug - [pool-1-thread-6] TestClassRule.classObservers: []
2018-01-26 at 21:28:01 CET logDebug - [pool-1-thread-6] BasePage.onTestClassFinish   RegistrationPage
2018-01-26 at 21:28:01 CET logDebug - [pool-1-thread-6] driver:NewChromeDriver: chrome on XP (1d1efa020aed1060abc2894e93769a86)
2018-01-26 at 21:28:01 CET logDebug - [pool-1-thread-6] Closing WebDriver for this thread. chrome
2018-01-26 at 21:28:02 CET logDebug - [pool-1-thread-6] All observers cleared.
2018-01-26 at 21:28:02 CET logInfo - [pool-1-thread-6] Step 1: Open the Url http://the-internet.herokuapp.com/
2018-01-26 at 21:28:02 CET logDebug - [pool-1-thread-6] Creating new browser=chrome WebDriver.
2018-01-26 at 21:28:06 CET logInfo - [pool-1-thread-6] Trying to set requested resolution: 1600x1200.
2018-01-26 at 21:28:07 CET logInfo - [pool-1-thread-6] Resolution readed from device: 1600x1100
2018-01-26 at 21:28:07 CET logInfo - [pool-1-thread-6] Trying to set increased resolution for 'View port': 1616x1200.
2018-01-26 at 21:28:07 CET logInfo - [pool-1-thread-6] Resolution readed from device: 1616x1100
2018-01-26 at 21:28:07 CET logDebug - [pool-1-thread-6] driver:NewChromeDriver: chrome on XP (70f22d050c7006a863e46d5d97407bce)
2018-01-26 at 21:28:07 CET logDebug - [pool-1-thread-6] To add observer: com.capgemini.ntc.selenium.pages.projectY.TheInternetPage@508596e4
2018-01-26 at 21:28:07 CET logDebug - [pool-1-thread-6] BaseTestWatcher.observers: []
2018-01-26 at 21:28:07 CET logDebug - [pool-1-thread-6] TestClassRule.classObservers: []
2018-01-26 at 21:28:07 CET logDebug - [pool-1-thread-6] Added observer: com.capgemini.ntc.selenium.pages.projectY.TheInternetPage@508596e4
2018-01-26 at 21:28:07 CET logDebug - [pool-1-thread-6] The internet page is loaded: data:,
2018-01-26 at 21:28:07 CET logDebug - [pool-1-thread-6] load page
2018-01-26 at 21:28:22 CET logDebug - [pool-1-thread-6] Waiting for [waitForPageLoaded] took [0.035 s]
2018-01-26 at 21:28:22 CET logInfo - [pool-1-thread-6] Step 2: Verify if Url http://the-internet.herokuapp.com/ opens
2018-01-26 at 21:28:22 CET logDebug - [pool-1-thread-6] The internet page is loaded: http://the-internet.herokuapp.com/
Input text element: com.capgemini.ntc.selenium.core.newDrivers.elementType.RadioButtonElement@1465c419 isn't clicked.
Tests run: 2, Failures: 0, Errors: 0, Skipped: 0, Time elapsed: 56.328 sec - in registrationTest
2018-01-26 at 21:28:24 CET logDebug - [pool-1-thread-1] Waiting for [waitForPageLoaded] took [0.049 s]
2018-01-26 at 21:28:24 CET logDebug - [pool-1-thread-1] The internet page is loaded: http://the-internet.herokuapp.com/
Running com.capgemini.ntc.selenium.features.samples.readFromTable.JsoupTest
Tests run: 1, Failures: 0, Errors: 0, Skipped: 0, Time elapsed: 1.888 sec - in com.capgemini.ntc.selenium.features.samples.readFromTable.JsoupTest
2018-01-26 at 21:28:24 CET logInfo - [pool-1-thread-1] shouldOpenABtestWhenClickABtestingLink(com.capgemini.ntc.selenium.projectY.ABtestingTest) STARTED.
2018-01-26 at 21:28:24 CET logInfo - [pool-1-thread-1] Step3 - click ABtesting link
2018-01-26 at 21:28:24 CET logDebug - [pool-1-thread-1] Waiting for [findElementDynamic(): By.cssSelector: li > a[href*=abtest]] took [0.22 s]
2018-01-26 at 21:28:26 CET logDebug - [pool-1-thread-1] To add observer: com.capgemini.ntc.selenium.pages.projectY.ABtestPage@340da0c3
2018-01-26 at 21:28:26 CET logDebug - [pool-1-thread-1] BaseTestWatcher.observers: []
2018-01-26 at 21:28:26 CET logDebug - [pool-1-thread-1] TestClassRule.classObservers: [com.capgemini.ntc.selenium.pages.projectY.TheInternetPage@66c7f772]
2018-01-26 at 21:28:26 CET logInfo - [pool-1-thread-1] shouldOpenABtestWhenClickABtestingLink(com.capgemini.ntc.selenium.projectY.ABtestingTest) PASSED.
2018-01-26 at 21:28:26 CET logDebug - [pool-1-thread-1] BasePage.onTestSuccess    TheInternetPage
2018-01-26 at 21:28:26 CET logInfo - [pool-1-thread-1] shouldOpenABtestWhenClickABtestingLink(com.capgemini.ntc.selenium.projectY.ABtestingTest) duration: 0,04 min
2018-01-26 at 21:28:26 CET logDebug - [pool-1-thread-1] Waiting for [waitForPageLoaded] took [0.015 s]
2018-01-26 at 21:28:26 CET logInfo - [pool-1-thread-1] shouldOpenElementalSeleniumPageWhenClickElementalSeleniumLink(com.capgemini.ntc.selenium.projectY.ABtestingTest) STARTED.
2018-01-26 at 21:28:26 CET logInfo - [pool-1-thread-1] Step3 - click ABtesting link
2018-01-26 at 21:28:27 CET logDebug - [pool-1-thread-1] Waiting for [findElementDynamic(): By.cssSelector: li > a[href*=abtest]] took [0.027 s]
2018-01-26 at 21:28:27 CET logDebug - [pool-1-thread-1] To add observer: com.capgemini.ntc.selenium.pages.projectY.ABtestPage@447bd1db
2018-01-26 at 21:28:27 CET logDebug - [pool-1-thread-1] BaseTestWatcher.observers: []
2018-01-26 at 21:28:27 CET logDebug - [pool-1-thread-1] TestClassRule.classObservers: [com.capgemini.ntc.selenium.pages.projectY.TheInternetPage@66c7f772]
2018-01-26 at 21:28:27 CET logInfo - [pool-1-thread-1] Step4 - click Elemental Selenium link
2018-01-26 at 21:28:27 CET logDebug - [pool-1-thread-1] Waiting for [findElementDynamic(): By.cssSelector: div > div > a] took [0.069 s]
2018-01-26 at 21:28:28 CET logDebug - [pool-1-thread-1] Waiting for [waitForPageLoaded] took [0.017 s]
2018-01-26 at 21:28:28 CET logDebug - [pool-1-thread-1] To add observer: com.capgemini.ntc.selenium.pages.projectY.ElementalSeleniumPage@7add08cb
2018-01-26 at 21:28:28 CET logDebug - [pool-1-thread-1] BaseTestWatcher.observers: []
2018-01-26 at 21:28:28 CET logDebug - [pool-1-thread-1] TestClassRule.classObservers: [com.capgemini.ntc.selenium.pages.projectY.TheInternetPage@66c7f772]
2018-01-26 at 21:28:28 CET logDebug - [pool-1-thread-1] load()
2018-01-26 at 21:28:28 CET logInfo - [pool-1-thread-1] Step5 - switch tab in browser to new opened Elemental Selenium link
2018-01-26 at 21:28:29 CET logInfo - [pool-1-thread-1] shouldOpenElementalSeleniumPageWhenClickElementalSeleniumLink(com.capgemini.ntc.selenium.projectY.ABtestingTest) PASSED.
2018-01-26 at 21:28:29 CET logDebug - [pool-1-thread-1] BasePage.onTestSuccess    TheInternetPage
2018-01-26 at 21:28:29 CET logInfo - [pool-1-thread-1] shouldOpenElementalSeleniumPageWhenClickElementalSeleniumLink(com.capgemini.ntc.selenium.projectY.ABtestingTest) duration: 0,04 min
2018-01-26 at 21:28:30 CET logDebug - [pool-1-thread-1] Waiting for [waitForPageLoaded] took [1.053 s]
2018-01-26 at 21:28:30 CET logDebug - [pool-1-thread-1] BaseTest.tearDownClass()
2018-01-26 at 21:28:30 CET logDebug - [pool-1-thread-1] BaseTestWatcher.observers: []
2018-01-26 at 21:28:30 CET logDebug - [pool-1-thread-1] TestClassRule.classObservers: [com.capgemini.ntc.selenium.pages.projectY.TheInternetPage@66c7f772]
2018-01-26 at 21:28:30 CET logDebug - [pool-1-thread-1] BasePage.onTestClassFinish   TheInternetPage
2018-01-26 at 21:28:30 CET logDebug - [pool-1-thread-1] driver:NewChromeDriver: chrome on XP (4ea1caa662689443627e30e3ec5c8740)
2018-01-26 at 21:28:30 CET logDebug - [pool-1-thread-1] Closing WebDriver for this thread. chrome
2018-01-26 at 21:28:31 CET logDebug - [pool-1-thread-1] All observers cleared.
Running com.capgemini.ntc.selenium.projectY.CheckboxesTest
Tests run: 2, Failures: 0, Errors: 0, Skipped: 0, Time elapsed: 2.134 sec - in com.capgemini.ntc.selenium.projectY.CheckboxesTest
Running com.capgemini.ntc.selenium.projectY.HoversTest
Tests run: 1, Failures: 0, Errors: 0, Skipped: 0, Time elapsed: 23.191 sec - in com.capgemini.ntc.selenium.projectY.HoversTest
Running com.capgemini.ntc.selenium.projectY.ABtestingTest
Tests run: 2, Failures: 0, Errors: 0, Skipped: 0, Time elapsed: 6.108 sec - in com.capgemini.ntc.selenium.projectY.ABtestingTest
Running com.capgemini.ntc.selenium.projectY.MultipleWindowsTest
Tests run: 1, Failures: 0, Errors: 0, Skipped: 0, Time elapsed: 3.177 sec - in com.capgemini.ntc.selenium.projectY.MultipleWindowsTest
2018-01-26 at 21:28:31 CET logInfo - [pool-1-thread-1] testSelectSubMenuItemByText(com.capgemini.ntc.selenium.features.webElements.MenuTest) STARTED.
2018-01-26 at 21:28:31 CET logDebug - [pool-1-thread-1] Creating new browser=chrome WebDriver.
Running com.capgemini.ntc.selenium.projectY.BrokenImagesTest
Tests run: 1, Failures: 0, Errors: 0, Skipped: 0, Time elapsed: 20.222 sec - in com.capgemini.ntc.selenium.projectY.BrokenImagesTest
Running com.capgemini.ntc.selenium.projectY.DropdownTest
Tests run: 2, Failures: 0, Errors: 0, Skipped: 0, Time elapsed: 25.288 sec - in com.capgemini.ntc.selenium.projectY.DropdownTest
Running com.capgemini.ntc.selenium.projectY.ChallengingDomTest
Tests run: 1, Failures: 0, Errors: 0, Skipped: 0, Time elapsed: 25.657 sec - in com.capgemini.ntc.selenium.projectY.ChallengingDomTest
Starting ChromeDriver 2.33.506120 (e3e53437346286c0bc2d2dc9aa4915ba81d9023f) on port 5307
Only local connections are allowed.
sty 26, 2018 9:28:35 PM org.openqa.selenium.remote.ProtocolHandshake createSession
INFO: Detected dialect: OSS
2018-01-26 at 21:28:35 CET logInfo - [pool-1-thread-1] Trying to set requested resolution: 1600x1200.
2018-01-26 at 21:28:37 CET logInfo - [pool-1-thread-1] Resolution readed from device: 1600x1100
2018-01-26 at 21:28:37 CET logInfo - [pool-1-thread-1] Trying to set increased resolution for 'View port': 1616x1200.
2018-01-26 at 21:28:37 CET logInfo - [pool-1-thread-1] Resolution readed from device: 1616x1100
2018-01-26 at 21:28:37 CET logDebug - [pool-1-thread-1] driver:NewChromeDriver: chrome on XP (13f20f971a537b2a7b08c14e8b20e2e8)
Running com.capgemini.ntc.selenium.projectY.KeyPressesTest
Tests run: 1, Failures: 0, Errors: 0, Skipped: 0, Time elapsed: 24.138 sec - in com.capgemini.ntc.selenium.projectY.KeyPressesTest
2018-01-26 at 21:28:47 CET logDebug - [pool-1-thread-1] Waiting for [findElementDynamic(): By.cssSelector: li[aria-controls='tabs-2']] took [0.067 s]
2018-01-26 at 21:28:47 CET logDebug - [pool-1-thread-1] Waiting for [findElementDynamic(): By.cssSelector: li[aria-controls='tabs-2']] took [0.023 s]
2018-01-26 at 21:28:47 CET logDebug - [pool-1-thread-1] Waiting for [waitForPageLoaded] took [0.039 s]
2018-01-26 at 21:28:47 CET logDebug - [pool-1-thread-1] Waiting for [findElementDynamic(): By.cssSelector: li[aria-controls='tabs-2']] took [0.025 s]
2018-01-26 at 21:28:48 CET logDebug - [pool-1-thread-1] Waiting for [findElementDynamic(): By.cssSelector: div#tabs-2 ul.top-level] took [0.12 s]
2018-01-26 at 21:28:48 CET logDebug - [pool-1-thread-1] Waiting for [findElementDynamic(): By.cssSelector: div#tabs-2 ul.top-level] took [0.189 s]
2018-01-26 at 21:28:50 CET logDebug - [pool-1-thread-1] Waiting for [waitForElementVisible(): By.cssSelector: ul] took [0.136 s]
2018-01-26 at 21:28:50 CET logInfo - [pool-1-thread-1] testSelectSubMenuItemByText(com.capgemini.ntc.selenium.features.webElements.MenuTest) PASSED.
2018-01-26 at 21:28:50 CET logInfo - [pool-1-thread-1] testSelectSubMenuItemByText(com.capgemini.ntc.selenium.features.webElements.MenuTest) duration: 0,32 min
2018-01-26 at 21:28:50 CET logInfo - [pool-1-thread-1] testMenuByText(com.capgemini.ntc.selenium.features.webElements.MenuTest) STARTED.
2018-01-26 at 21:28:52 CET logDebug - [pool-1-thread-1] Waiting for [findElementDynamic(): By.cssSelector: div#tabs-1 ul.top-level] took [0.249 s]
2018-01-26 at 21:28:52 CET logDebug - [pool-1-thread-1] Waiting for [findElementDynamic(): By.cssSelector: div#tabs-1 ul.top-level] took [0.407 s]
2018-01-26 at 21:28:53 CET logDebug - [pool-1-thread-1] Waiting for [findElementDynamic(): By.cssSelector: div#tabs-1 ul.top-level] took [0.045 s]
2018-01-26 at 21:28:53 CET logInfo - [pool-1-thread-1] testMenuByText(com.capgemini.ntc.selenium.features.webElements.MenuTest) PASSED.
2018-01-26 at 21:28:53 CET logInfo - [pool-1-thread-1] testMenuByText(com.capgemini.ntc.selenium.features.webElements.MenuTest) duration: 0,06 min
2018-01-26 at 21:28:53 CET logInfo - [pool-1-thread-1] testMenuItemsText(com.capgemini.ntc.selenium.features.webElements.MenuTest) STARTED.
2018-01-26 at 21:28:54 CET logDebug - [pool-1-thread-1] Waiting for [findElementDynamic(): By.cssSelector: div#tabs-1 ul.top-level] took [0.098 s]
2018-01-26 at 21:28:54 CET logDebug - [pool-1-thread-1] Waiting for [findElementDynamic(): By.cssSelector: div#tabs-1 ul.top-level] took [0.031 s]
2018-01-26 at 21:28:54 CET logInfo - [pool-1-thread-1] testMenuItemsText(com.capgemini.ntc.selenium.features.webElements.MenuTest) PASSED.
2018-01-26 at 21:28:54 CET logInfo - [pool-1-thread-1] testMenuItemsText(com.capgemini.ntc.selenium.features.webElements.MenuTest) duration: 0,01 min
2018-01-26 at 21:28:54 CET logInfo - [pool-1-thread-1] testLinkSubMenuItemByText(com.capgemini.ntc.selenium.features.webElements.MenuTest) STARTED.
2018-01-26 at 21:28:56 CET logDebug - [pool-1-thread-1] Waiting for [findElementDynamic(): By.cssSelector: li[aria-controls='tabs-2']] took [0.213 s]
2018-01-26 at 21:28:56 CET logDebug - [pool-1-thread-1] Waiting for [findElementDynamic(): By.cssSelector: li[aria-controls='tabs-2']] took [0.054 s]
2018-01-26 at 21:28:57 CET logDebug - [pool-1-thread-1] Waiting for [waitForPageLoaded] took [0.052 s]
2018-01-26 at 21:28:57 CET logDebug - [pool-1-thread-1] Waiting for [findElementDynamic(): By.cssSelector: li[aria-controls='tabs-2']] took [0.024 s]
2018-01-26 at 21:28:57 CET logDebug - [pool-1-thread-1] Waiting for [findElementDynamic(): By.cssSelector: div#tabs-2 ul.top-level] took [0.206 s]
2018-01-26 at 21:28:57 CET logDebug - [pool-1-thread-1] Waiting for [findElementDynamic(): By.cssSelector: div#tabs-2 ul.top-level] took [0.17 s]
2018-01-26 at 21:28:59 CET logDebug - [pool-1-thread-1] Waiting for [waitForElementVisible(): By.cssSelector: ul] took [0.187 s]
2018-01-26 at 21:28:59 CET logInfo - [pool-1-thread-1] testLinkSubMenuItemByText(com.capgemini.ntc.selenium.features.webElements.MenuTest) PASSED.
2018-01-26 at 21:28:59 CET logInfo - [pool-1-thread-1] testLinkSubMenuItemByText(com.capgemini.ntc.selenium.features.webElements.MenuTest) duration: 0,08 min
2018-01-26 at 21:28:59 CET logInfo - [pool-1-thread-1] testLinkSubMenuItemByIndex(com.capgemini.ntc.selenium.features.webElements.MenuTest) STARTED.
2018-01-26 at 21:29:00 CET logDebug - [pool-1-thread-1] Waiting for [findElementDynamic(): By.cssSelector: li[aria-controls='tabs-2']] took [0.137 s]
2018-01-26 at 21:29:00 CET logDebug - [pool-1-thread-1] Waiting for [findElementDynamic(): By.cssSelector: li[aria-controls='tabs-2']] took [0.055 s]
2018-01-26 at 21:29:00 CET logDebug - [pool-1-thread-1] Waiting for [waitForPageLoaded] took [0.024 s]
Running com.capgemini.ntc.selenium.features.webElements.InputTextTest
Tests run: 1, Failures: 0, Errors: 0, Skipped: 0, Time elapsed: 29.075 sec - in com.capgemini.ntc.selenium.features.webElements.InputTextTest
2018-01-26 at 21:29:00 CET logDebug - [pool-1-thread-1] Waiting for [findElementDynamic(): By.cssSelector: li[aria-controls='tabs-2']] took [0.048 s]
2018-01-26 at 21:29:00 CET logDebug - [pool-1-thread-1] Waiting for [findElementDynamic(): By.cssSelector: div#tabs-2 ul.top-level] took [0.031 s]
2018-01-26 at 21:29:00 CET logDebug - [pool-1-thread-1] Waiting for [findElementDynamic(): By.cssSelector: div#tabs-2 ul.top-level] took [0.049 s]
2018-01-26 at 21:29:01 CET logDebug - [pool-1-thread-1] Waiting for [waitForElementVisible(): By.cssSelector: div#tabs-2 ul.top-level] took [0.162 s]
2018-01-26 at 21:29:01 CET logInfo - [pool-1-thread-1] testLinkSubMenuItemByIndex(com.capgemini.ntc.selenium.features.webElements.MenuTest) PASSED.
2018-01-26 at 21:29:01 CET logInfo - [pool-1-thread-1] testLinkSubMenuItemByIndex(com.capgemini.ntc.selenium.features.webElements.MenuTest) duration: 0,04 min
2018-01-26 at 21:29:01 CET logInfo - [pool-1-thread-1] testMenuByIndex(com.capgemini.ntc.selenium.features.webElements.MenuTest) STARTED.
2018-01-26 at 21:29:02 CET logDebug - [pool-1-thread-1] Waiting for [findElementDynamic(): By.cssSelector: div#tabs-1 ul.top-level] took [0.072 s]
2018-01-26 at 21:29:02 CET logDebug - [pool-1-thread-1] Waiting for [findElementDynamic(): By.cssSelector: div#tabs-1 ul.top-level] took [0.023 s]
2018-01-26 at 21:29:02 CET logDebug - [pool-1-thread-1] Waiting for [findElementDynamic(): By.cssSelector: div#tabs-1 ul.top-level] took [0.064 s]
2018-01-26 at 21:29:03 CET logInfo - [pool-1-thread-1] testMenuByIndex(com.capgemini.ntc.selenium.features.webElements.MenuTest) PASSED.
2018-01-26 at 21:29:03 CET logInfo - [pool-1-thread-1] testMenuByIndex(com.capgemini.ntc.selenium.features.webElements.MenuTest) duration: 0,02 min
2018-01-26 at 21:29:03 CET logInfo - [pool-1-thread-1] testSelectSubMenuItemByIndex(com.capgemini.ntc.selenium.features.webElements.MenuTest) STARTED.
Running com.capgemini.ntc.selenium.features.webElements.LabelTest
Tests run: 1, Failures: 0, Errors: 0, Skipped: 0, Time elapsed: 32.389 sec - in com.capgemini.ntc.selenium.features.webElements.LabelTest
2018-01-26 at 21:29:04 CET logDebug - [pool-1-thread-1] Waiting for [findElementDynamic(): By.cssSelector: li[aria-controls='tabs-2']] took [0.155 s]
2018-01-26 at 21:29:04 CET logDebug - [pool-1-thread-1] Waiting for [findElementDynamic(): By.cssSelector: li[aria-controls='tabs-2']] took [0.1 s]
2018-01-26 at 21:29:04 CET logDebug - [pool-1-thread-1] Waiting for [waitForPageLoaded] took [0.03 s]
2018-01-26 at 21:29:05 CET logDebug - [pool-1-thread-1] Waiting for [findElementDynamic(): By.cssSelector: li[aria-controls='tabs-2']] took [0.023 s]
2018-01-26 at 21:29:05 CET logDebug - [pool-1-thread-1] Waiting for [findElementDynamic(): By.cssSelector: div#tabs-2 ul.top-level] took [0.072 s]
2018-01-26 at 21:29:05 CET logDebug - [pool-1-thread-1] Waiting for [findElementDynamic(): By.cssSelector: div#tabs-2 ul.top-level] took [0.027 s]
2018-01-26 at 21:29:06 CET logDebug - [pool-1-thread-1] Waiting for [waitForElementVisible(): By.cssSelector: div#tabs-2 ul.top-level] took [0.307 s]
2018-01-26 at 21:29:06 CET logInfo - [pool-1-thread-1] testSelectSubMenuItemByIndex(com.capgemini.ntc.selenium.features.webElements.MenuTest) PASSED.
2018-01-26 at 21:29:06 CET logInfo - [pool-1-thread-1] testSelectSubMenuItemByIndex(com.capgemini.ntc.selenium.features.webElements.MenuTest) duration: 0,06 min
2018-01-26 at 21:29:06 CET logInfo - [pool-1-thread-1] testMenuItemsCount(com.capgemini.ntc.selenium.features.webElements.MenuTest) STARTED.
2018-01-26 at 21:29:07 CET logDebug - [pool-1-thread-1] Waiting for [findElementDynamic(): By.cssSelector: div#tabs-1 ul.top-level] took [0.085 s]
2018-01-26 at 21:29:07 CET logDebug - [pool-1-thread-1] Waiting for [findElementDynamic(): By.cssSelector: div#tabs-1 ul.top-level] took [0.053 s]
2018-01-26 at 21:29:07 CET logInfo - [pool-1-thread-1] testMenuItemsCount(com.capgemini.ntc.selenium.features.webElements.MenuTest) PASSED.
2018-01-26 at 21:29:07 CET logInfo - [pool-1-thread-1] testMenuItemsCount(com.capgemini.ntc.selenium.features.webElements.MenuTest) duration: 0,01 min
2018-01-26 at 21:29:07 CET logDebug - [pool-1-thread-1] BaseTest.tearDownClass()
2018-01-26 at 21:29:07 CET logDebug - [pool-1-thread-1] BaseTestWatcher.observers: []
2018-01-26 at 21:29:07 CET logDebug - [pool-1-thread-1] TestClassRule.classObservers: []
2018-01-26 at 21:29:07 CET logDebug - [pool-1-thread-1] All observers cleared.
Running com.capgemini.ntc.selenium.features.webElements.MenuTest
Tests run: 8, Failures: 0, Errors: 0, Skipped: 0, Time elapsed: 36.147 sec - in com.capgemini.ntc.selenium.features.webElements.MenuTest
2018-01-26 at 21:29:07 CET logInfo - [pool-1-thread-1] test(com.capgemini.ntc.selenium.features.webElements.TooltipTest) STARTED.
Running com.capgemini.ntc.selenium.features.webElements.ButtonTest
Tests run: 1, Failures: 0, Errors: 0, Skipped: 0, Time elapsed: 36.491 sec - in com.capgemini.ntc.selenium.features.webElements.ButtonTest
2018-01-26 at 21:29:09 CET logDebug - [pool-1-thread-1] Waiting for [findElementDynamic(): By.cssSelector: input[id='age']] took [0.134 s]
2018-01-26 at 21:29:09 CET logDebug - [pool-1-thread-1] Waiting for [findElementDynamic(): By.cssSelector: div.ui-tooltip] took [0.102 s]
2018-01-26 at 21:29:09 CET logDebug - [pool-1-thread-1] Waiting for [findElementDynamic(): By.cssSelector: div.ui-tooltip] took [0.018 s]
2018-01-26 at 21:29:09 CET logInfo - [pool-1-thread-1] test(com.capgemini.ntc.selenium.features.webElements.TooltipTest) PASSED.
2018-01-26 at 21:29:09 CET logInfo - [pool-1-thread-1] test(com.capgemini.ntc.selenium.features.webElements.TooltipTest) duration: 0,04 min
2018-01-26 at 21:29:09 CET logDebug - [pool-1-thread-1] BaseTest.tearDownClass()
2018-01-26 at 21:29:09 CET logDebug - [pool-1-thread-1] BaseTestWatcher.observers: []
2018-01-26 at 21:29:09 CET logDebug - [pool-1-thread-1] TestClassRule.classObservers: []
2018-01-26 at 21:29:09 CET logDebug - [pool-1-thread-1] All observers cleared.
Running com.capgemini.ntc.selenium.features.webElements.TooltipTest
Tests run: 1, Failures: 0, Errors: 0, Skipped: 0, Time elapsed: 2.289 sec - in com.capgemini.ntc.selenium.features.webElements.TooltipTest
2018-01-26 at 21:29:09 CET logInfo - [pool-1-thread-1] test(com.capgemini.ntc.selenium.projectX.navigationbar.NavigationBarTest) STARTED.
2018-01-26 at 21:29:09 CET logInfo - [pool-1-thread-1] [Step 1] Open main page
2018-01-26 at 21:29:09 CET logDebug - [pool-1-thread-1] To add observer: com.capgemini.ntc.selenium.pages.projectX.MainPage@289c8e94
2018-01-26 at 21:29:10 CET logDebug - [pool-1-thread-1] BaseTestWatcher.observers: []
2018-01-26 at 21:29:10 CET logDebug - [pool-1-thread-1] TestClassRule.classObservers: []
2018-01-26 at 21:29:10 CET logDebug - [pool-1-thread-1] Added observer: com.capgemini.ntc.selenium.pages.projectX.MainPage@289c8e94
2018-01-26 at 21:29:10 CET logDebug - [pool-1-thread-1] Waiting for [waitForPageLoaded] took [0.081 s]
2018-01-26 at 21:29:10 CET logDebug - [pool-1-thread-1] com.capgemini.ntc.selenium.pages.projectX.MainPage: Current loaded page (http://demoqa.com/) with pageTitle (Tooltip | Demoqa). Page to load: (http://demoqa.com/) ,for page title: (Demoqa | Just another WordPress site)
Running com.capgemini.ntc.selenium.features.webElements.CheckBoxTest
Tests run: 5, Failures: 0, Errors: 0, Skipped: 0, Time elapsed: 40.441 sec - in com.capgemini.ntc.selenium.features.webElements.CheckBoxTest
2018-01-26 at 21:29:12 CET logInfo - [pool-1-thread-1] [Step 2] Click navigation bar - Home
2018-01-26 at 21:29:12 CET logDebug - [pool-1-thread-1] To add observer: com.capgemini.ntc.selenium.pages.projectX.navigationbar.NavigationBar@35fe4109
2018-01-26 at 21:29:12 CET logDebug - [pool-1-thread-1] BaseTestWatcher.observers: [com.capgemini.ntc.selenium.pages.projectX.MainPage@289c8e94]
2018-01-26 at 21:29:12 CET logDebug - [pool-1-thread-1] TestClassRule.classObservers: []
2018-01-26 at 21:29:12 CET logDebug - [pool-1-thread-1] Waiting for [waitForPageLoaded] took [0.021 s]
2018-01-26 at 21:29:12 CET logDebug - [pool-1-thread-1] Waiting for [findElementDynamic(): By.cssSelector: li[id='menu-item-38']] took [0.055 s]
2018-01-26 at 21:29:12 CET logDebug - [pool-1-thread-1] Waiting for [findElementDynamic(): By.cssSelector: li[id='menu-item-38']] took [0.059 s]
2018-01-26 at 21:29:13 CET logDebug - [pool-1-thread-1] Waiting for [waitForPageLoaded] took [0.031 s]
Running com.capgemini.ntc.selenium.features.webElements.RadioButtonTest
Input text element: com.capgemini.ntc.selenium.core.newDrivers.elementType.RadioButtonElement@1c1d8f03 isn't clicked.
Input text element: com.capgemini.ntc.selenium.core.newDrivers.elementType.RadioButtonElement@1c1d8f03 isn't clicked.
Input text element: com.capgemini.ntc.selenium.core.newDrivers.elementType.RadioButtonElement@7a6620e4 isn't clicked.
Tests run: 4, Failures: 0, Errors: 0, Skipped: 0, Time elapsed: 12.489 sec - in com.capgemini.ntc.selenium.features.webElements.RadioButtonTest
2018-01-26 at 21:29:13 CET logDebug - [pool-1-thread-1] Waiting for [findElementDynamic(): By.cssSelector: li[id='menu-item-38']] took [0.077 s]
2018-01-26 at 21:29:13 CET logInfo - [pool-1-thread-1] Clicking on Navigation bar link - Home
2018-01-26 at 21:29:14 CET logDebug - [pool-1-thread-1] Waiting for [waitForPageLoaded] took [0.037 s]
2018-01-26 at 21:29:14 CET logInfo - [pool-1-thread-1] [Step 3] Verify if main page is opened
2018-01-26 at 21:29:14 CET logDebug - [pool-1-thread-1] To add observer: com.capgemini.ntc.selenium.pages.projectX.navigationbar.home.NavBarHome@f3ab618
2018-01-26 at 21:29:14 CET logDebug - [pool-1-thread-1] BaseTestWatcher.observers: [com.capgemini.ntc.selenium.pages.projectX.MainPage@289c8e94]
2018-01-26 at 21:29:14 CET logDebug - [pool-1-thread-1] TestClassRule.classObservers: []
2018-01-26 at 21:29:14 CET logDebug - [pool-1-thread-1] Waiting for [waitForPageLoaded] took [0.035 s]
2018-01-26 at 21:29:14 CET logDebug - [pool-1-thread-1] Waiting for [waitForPageLoaded] took [0.02 s]
2018-01-26 at 21:29:14 CET logInfo - [pool-1-thread-1] test(com.capgemini.ntc.selenium.projectX.navigationbar.NavigationBarTest) PASSED.
2018-01-26 at 21:29:14 CET logDebug - [pool-1-thread-1] BasePage.onTestSuccess    MainPage
2018-01-26 at 21:29:14 CET logInfo - [pool-1-thread-1] test(com.capgemini.ntc.selenium.projectX.navigationbar.NavigationBarTest) duration: 0,07 min
2018-01-26 at 21:29:14 CET logDebug - [pool-1-thread-1] BasePage.onTestFinish   MainPage
2018-01-26 at 21:29:14 CET logDebug - [pool-1-thread-1] To remove observer: com.capgemini.ntc.selenium.pages.projectX.MainPage@289c8e94
2018-01-26 at 21:29:14 CET logDebug - [pool-1-thread-1] BaseTest.tearDownClass()
2018-01-26 at 21:29:14 CET logDebug - [pool-1-thread-1] BaseTestWatcher.observers: [com.capgemini.ntc.selenium.pages.projectX.MainPage@289c8e94]
2018-01-26 at 21:29:14 CET logDebug - [pool-1-thread-1] TestClassRule.classObservers: []
2018-01-26 at 21:29:14 CET logDebug - [pool-1-thread-1] BasePage.onTestClassFinish   MainPage
2018-01-26 at 21:29:14 CET logDebug - [pool-1-thread-1] driver:NewChromeDriver: chrome on XP (13f20f971a537b2a7b08c14e8b20e2e8)
2018-01-26 at 21:29:14 CET logDebug - [pool-1-thread-1] Closing WebDriver for this thread. chrome
Running com.capgemini.ntc.selenium.features.webElements.TabTest
Tests run: 4, Failures: 0, Errors: 0, Skipped: 0, Time elapsed: 16.214 sec - in com.capgemini.ntc.selenium.features.webElements.TabTest
Running com.capgemini.ntc.selenium.features.webElements.NavigationBarTest
Tests run: 6, Failures: 0, Errors: 0, Skipped: 0, Time elapsed: 55.041 sec - in com.capgemini.ntc.selenium.features.webElements.NavigationBarTest
sty 26, 2018 9:29:43 PM org.openqa.selenium.os.ProcessUtils killWinProcess
WARNING: Process refused to die after 10 seconds, and couldn't taskkill it
org.openqa.selenium.os.ProcessUtils$ProcessStillAliveException: Timeout waiting for process to die
	at org.openqa.selenium.os.ProcessUtils.waitForProcessDeath(ProcessUtils.java:67)
	at org.openqa.selenium.os.ProcessUtils.killWinProcess(ProcessUtils.java:129)
	at org.openqa.selenium.os.ProcessUtils.killProcess(ProcessUtils.java:81)
	at org.openqa.selenium.os.UnixProcess$SeleniumWatchDog.destroyHarder(UnixProcess.java:246)
	at org.openqa.selenium.os.UnixProcess$SeleniumWatchDog.access$200(UnixProcess.java:200)
	at org.openqa.selenium.os.UnixProcess.destroy(UnixProcess.java:126)
	at org.openqa.selenium.os.CommandLine.destroy(CommandLine.java:153)
	at org.openqa.selenium.remote.service.DriverService.stop(DriverService.java:221)
	at org.openqa.selenium.remote.service.DriverCommandExecutor.execute(DriverCommandExecutor.java:94)
	at org.openqa.selenium.remote.RemoteWebDriver.execute(RemoteWebDriver.java:637)
	at org.openqa.selenium.remote.RemoteWebDriver.execute(RemoteWebDriver.java:694)
	at org.openqa.selenium.remote.RemoteWebDriver.quit(RemoteWebDriver.java:533)
	at com.capgemini.ntc.selenium.core.newDrivers.DriverManager.closeDriver(DriverManager.java:87)
	at com.capgemini.ntc.selenium.core.BasePage.onTestClassFinish(BasePage.java:126)
	at java.util.ArrayList.forEach(ArrayList.java:1249)
	at com.capgemini.ntc.test.core.BaseTest.tearDownClass(BaseTest.java:71)
	at sun.reflect.GeneratedMethodAccessor13.invoke(Unknown Source)
	at sun.reflect.DelegatingMethodAccessorImpl.invoke(DelegatingMethodAccessorImpl.java:43)
	at java.lang.reflect.Method.invoke(Method.java:497)
	at org.junit.runners.model.FrameworkMethod$1.runReflectiveCall(FrameworkMethod.java:50)
	at org.junit.internal.runners.model.ReflectiveCallable.run(ReflectiveCallable.java:12)
	at org.junit.runners.model.FrameworkMethod.invokeExplosively(FrameworkMethod.java:47)
	at com.capgemini.ntc.test.core.testRunners.core.CustomRunAfters.evaluate(CustomRunAfters.java:43)
	at org.junit.rules.ExternalResource$1.evaluate(ExternalResource.java:48)
	at org.junit.rules.RunRules.evaluate(RunRules.java:20)
	at com.capgemini.ntc.test.core.testRunners.ParallelTestClassRunner.run(ParallelTestClassRunner.java:33)
	at org.junit.runners.Suite.runChild(Suite.java:128)
	at org.junit.runners.Suite.runChild(Suite.java:27)
	at org.junit.runners.ParentRunner$3.run(ParentRunner.java:290)
	at org.apache.maven.surefire.junitcore.pc.Scheduler$1.run(Scheduler.java:393)
	at java.util.concurrent.Executors$RunnableAdapter.call(Executors.java:511)
	at java.util.concurrent.FutureTask.run(FutureTask.java:266)
	at java.util.concurrent.ThreadPoolExecutor.runWorker(ThreadPoolExecutor.java:1142)
	at java.util.concurrent.ThreadPoolExecutor$Worker.run(ThreadPoolExecutor.java:617)
	at java.lang.Thread.run(Thread.java:745)
Caused by: java.lang.InterruptedException
	at java.lang.ProcessImpl.waitFor(ProcessImpl.java:451)
	at org.openqa.selenium.os.ProcessUtils$ProcessWaiter.run(ProcessUtils.java:154)
	... 1 more

2018-01-26 at 21:29:43 CET logDebug - [pool-1-thread-1] Ooops! Something went wrong while closing the driver: 
org.openqa.selenium.remote.UnreachableBrowserException: Error communicating with the remote browser. It may have died.
Build info: version: '3.4.0', revision: 'unknown', time: 'unknown'
System info: host: 'lucst-laptop', ip: '172.18.250.81', os.name: 'Windows 10', os.arch: 'amd64', os.version: '10.0', java.version: '1.8.0_60'
Driver info: driver.version: RemoteWebDriver
Capabilities [{applicationCacheEnabled=false, rotatable=false, mobileEmulationEnabled=false, networkConnectionEnabled=false, chrome={chromedriverVersion=2.33.506120 (e3e53437346286c0bc2d2dc9aa4915ba81d9023f), userDataDir=C:\Users\lucst\AppData\Local\Temp\scoped_dir15760_9511}, takesHeapSnapshot=true, pageLoadStrategy=normal, databaseEnabled=false, handlesAlerts=true, hasTouchScreen=false, version=63.0.3239.132, platform=XP, browserConnectionEnabled=false, nativeEvents=true, acceptSslCerts=true, locationContextEnabled=true, webStorageEnabled=true, browserName=chrome, takesScreenshot=true, javascriptEnabled=true, cssSelectorsEnabled=true, setWindowRect=true, unexpectedAlertBehaviour=}]
Session ID: 13f20f971a537b2a7b08c14e8b20e2e8
	at org.openqa.selenium.remote.RemoteWebDriver.execute(RemoteWebDriver.java:658)
	at org.openqa.selenium.remote.RemoteWebDriver.execute(RemoteWebDriver.java:694)
	at org.openqa.selenium.remote.RemoteWebDriver.quit(RemoteWebDriver.java:533)
	at com.capgemini.ntc.selenium.core.newDrivers.DriverManager.closeDriver(DriverManager.java:87)
	at com.capgemini.ntc.selenium.core.BasePage.onTestClassFinish(BasePage.java:126)
	at java.util.ArrayList.forEach(ArrayList.java:1249)
	at com.capgemini.ntc.test.core.BaseTest.tearDownClass(BaseTest.java:71)
	at sun.reflect.GeneratedMethodAccessor13.invoke(Unknown Source)
	at sun.reflect.DelegatingMethodAccessorImpl.invoke(DelegatingMethodAccessorImpl.java:43)
	at java.lang.reflect.Method.invoke(Method.java:497)
	at org.junit.runners.model.FrameworkMethod$1.runReflectiveCall(FrameworkMethod.java:50)
	at org.junit.internal.runners.model.ReflectiveCallable.run(ReflectiveCallable.java:12)
	at org.junit.runners.model.FrameworkMethod.invokeExplosively(FrameworkMethod.java:47)
	at com.capgemini.ntc.test.core.testRunners.core.CustomRunAfters.evaluate(CustomRunAfters.java:43)
	at org.junit.rules.ExternalResource$1.evaluate(ExternalResource.java:48)
	at org.junit.rules.RunRules.evaluate(RunRules.java:20)
	at com.capgemini.ntc.test.core.testRunners.ParallelTestClassRunner.run(ParallelTestClassRunner.java:33)
	at org.junit.runners.Suite.runChild(Suite.java:128)
	at org.junit.runners.Suite.runChild(Suite.java:27)
	at org.junit.runners.ParentRunner$3.run(ParentRunner.java:290)
	at org.apache.maven.surefire.junitcore.pc.Scheduler$1.run(Scheduler.java:393)
	at java.util.concurrent.Executors$RunnableAdapter.call(Executors.java:511)
	at java.util.concurrent.FutureTask.run(FutureTask.java:266)
	at java.util.concurrent.ThreadPoolExecutor.runWorker(ThreadPoolExecutor.java:1142)
	at java.util.concurrent.ThreadPoolExecutor$Worker.run(ThreadPoolExecutor.java:617)
	at java.lang.Thread.run(Thread.java:745)
Caused by: java.lang.RuntimeException: Process refused to die after 10 seconds, and couldn't taskkill it: Timeout waiting for process to die
	at org.openqa.selenium.os.ProcessUtils.killWinProcess(ProcessUtils.java:133)
	at org.openqa.selenium.os.ProcessUtils.killProcess(ProcessUtils.java:81)
	at org.openqa.selenium.os.UnixProcess$SeleniumWatchDog.destroyHarder(UnixProcess.java:246)
	at org.openqa.selenium.os.UnixProcess$SeleniumWatchDog.access$200(UnixProcess.java:200)
	at org.openqa.selenium.os.UnixProcess.destroy(UnixProcess.java:126)
	at org.openqa.selenium.os.CommandLine.destroy(CommandLine.java:153)
	at org.openqa.selenium.remote.service.DriverService.stop(DriverService.java:221)
	at org.openqa.selenium.remote.service.DriverCommandExecutor.execute(DriverCommandExecutor.java:94)
	at org.openqa.selenium.remote.RemoteWebDriver.execute(RemoteWebDriver.java:637)
	... 25 more
Caused by: org.openqa.selenium.os.ProcessUtils$ProcessStillAliveException: Timeout waiting for process to die
	at org.openqa.selenium.os.ProcessUtils.waitForProcessDeath(ProcessUtils.java:67)
	at org.openqa.selenium.os.ProcessUtils.killWinProcess(ProcessUtils.java:129)
	... 33 more
Caused by: java.lang.InterruptedException
	at java.lang.ProcessImpl.waitFor(ProcessImpl.java:451)
	at org.openqa.selenium.os.ProcessUtils$ProcessWaiter.run(ProcessUtils.java:154)
	... 1 more
2018-01-26 at 21:29:43 CET logDebug - [pool-1-thread-1] All observers cleared.
2018-01-26 at 21:29:43 CET logInfo - [pool-1-thread-1] Step1 - open Chrome browser
2018-01-26 at 21:29:43 CET logInfo - [pool-1-thread-1] Step2 - load http://the-internet.herokuapp.com/ page
2018-01-26 at 21:29:43 CET logDebug - [pool-1-thread-1] Creating new browser=chrome WebDriver.
Starting ChromeDriver 2.33.506120 (e3e53437346286c0bc2d2dc9aa4915ba81d9023f) on port 29041
Only local connections are allowed.
sty 26, 2018 9:29:47 PM org.openqa.selenium.remote.ProtocolHandshake createSession
INFO: Detected dialect: OSS
2018-01-26 at 21:29:47 CET logInfo - [pool-1-thread-1] Trying to set requested resolution: 1600x1200.
2018-01-26 at 21:29:48 CET logInfo - [pool-1-thread-1] Resolution readed from device: 1600x1100
2018-01-26 at 21:29:48 CET logInfo - [pool-1-thread-1] Trying to set increased resolution for 'View port': 1616x1200.
2018-01-26 at 21:29:49 CET logInfo - [pool-1-thread-1] Resolution readed from device: 1616x1100
2018-01-26 at 21:29:49 CET logDebug - [pool-1-thread-1] driver:NewChromeDriver: chrome on XP (8a0556932bfe95b5cabf5b5a16d3bcd9)
2018-01-26 at 21:29:49 CET logDebug - [pool-1-thread-1] To add observer: com.capgemini.ntc.selenium.pages.projectY.TheInternetPage@4549ddad
2018-01-26 at 21:29:49 CET logDebug - [pool-1-thread-1] BaseTestWatcher.observers: []
2018-01-26 at 21:29:49 CET logDebug - [pool-1-thread-1] TestClassRule.classObservers: []
2018-01-26 at 21:29:49 CET logDebug - [pool-1-thread-1] Added observer: com.capgemini.ntc.selenium.pages.projectY.TheInternetPage@4549ddad
2018-01-26 at 21:29:49 CET logDebug - [pool-1-thread-1] The internet page is loaded: data:,
2018-01-26 at 21:29:49 CET logDebug - [pool-1-thread-1] load page
2018-01-26 at 21:29:51 CET logDebug - [pool-1-thread-1] Waiting for [waitForPageLoaded] took [0.028 s]
2018-01-26 at 21:29:51 CET logDebug - [pool-1-thread-1] The internet page is loaded: http://the-internet.herokuapp.com/
2018-01-26 at 21:29:51 CET logInfo - [pool-1-thread-1] shouldOpenABtestWhenClickABtestingLink(com.capgemini.ntc.selenium.projectY.ABtestingTest) STARTED.
2018-01-26 at 21:29:51 CET logInfo - [pool-1-thread-1] Step3 - click ABtesting link
2018-01-26 at 21:29:51 CET logDebug - [pool-1-thread-1] Waiting for [findElementDynamic(): By.cssSelector: li > a[href*=abtest]] took [0.041 s]
2018-01-26 at 21:29:52 CET logDebug - [pool-1-thread-1] To add observer: com.capgemini.ntc.selenium.pages.projectY.ABtestPage@3eb4678f
2018-01-26 at 21:29:52 CET logDebug - [pool-1-thread-1] BaseTestWatcher.observers: []
2018-01-26 at 21:29:52 CET logDebug - [pool-1-thread-1] TestClassRule.classObservers: [com.capgemini.ntc.selenium.pages.projectY.TheInternetPage@4549ddad]
2018-01-26 at 21:29:53 CET logInfo - [pool-1-thread-1] shouldOpenABtestWhenClickABtestingLink(com.capgemini.ntc.selenium.projectY.ABtestingTest) PASSED.
2018-01-26 at 21:29:53 CET logDebug - [pool-1-thread-1] BasePage.onTestSuccess    TheInternetPage
2018-01-26 at 21:29:53 CET logInfo - [pool-1-thread-1] shouldOpenABtestWhenClickABtestingLink(com.capgemini.ntc.selenium.projectY.ABtestingTest) duration: 0,02 min
2018-01-26 at 21:29:53 CET logDebug - [pool-1-thread-1] Waiting for [waitForPageLoaded] took [0.028 s]
2018-01-26 at 21:29:53 CET logInfo - [pool-1-thread-1] shouldOpenElementalSeleniumPageWhenClickElementalSeleniumLink(com.capgemini.ntc.selenium.projectY.ABtestingTest) STARTED.
2018-01-26 at 21:29:53 CET logInfo - [pool-1-thread-1] Step3 - click ABtesting link
2018-01-26 at 21:29:53 CET logDebug - [pool-1-thread-1] Waiting for [findElementDynamic(): By.cssSelector: li > a[href*=abtest]] took [0.039 s]
2018-01-26 at 21:29:54 CET logDebug - [pool-1-thread-1] To add observer: com.capgemini.ntc.selenium.pages.projectY.ABtestPage@22951bc7
2018-01-26 at 21:29:54 CET logDebug - [pool-1-thread-1] BaseTestWatcher.observers: []
2018-01-26 at 21:29:54 CET logDebug - [pool-1-thread-1] TestClassRule.classObservers: [com.capgemini.ntc.selenium.pages.projectY.TheInternetPage@4549ddad]
2018-01-26 at 21:29:54 CET logInfo - [pool-1-thread-1] Step4 - click Elemental Selenium link
2018-01-26 at 21:29:54 CET logDebug - [pool-1-thread-1] Waiting for [findElementDynamic(): By.cssSelector: div > div > a] took [0.046 s]
2018-01-26 at 21:29:54 CET logDebug - [pool-1-thread-1] Waiting for [waitForPageLoaded] took [0.021 s]
2018-01-26 at 21:29:54 CET logDebug - [pool-1-thread-1] To add observer: com.capgemini.ntc.selenium.pages.projectY.ElementalSeleniumPage@5e332c36
2018-01-26 at 21:29:54 CET logDebug - [pool-1-thread-1] BaseTestWatcher.observers: []
2018-01-26 at 21:29:54 CET logDebug - [pool-1-thread-1] TestClassRule.classObservers: [com.capgemini.ntc.selenium.pages.projectY.TheInternetPage@4549ddad]
2018-01-26 at 21:29:54 CET logDebug - [pool-1-thread-1] load()
2018-01-26 at 21:29:54 CET logInfo - [pool-1-thread-1] Step5 - switch tab in browser to new opened Elemental Selenium link
2018-01-26 at 21:29:56 CET logInfo - [pool-1-thread-1] shouldOpenElementalSeleniumPageWhenClickElementalSeleniumLink(com.capgemini.ntc.selenium.projectY.ABtestingTest) PASSED.
2018-01-26 at 21:29:56 CET logDebug - [pool-1-thread-1] BasePage.onTestSuccess    TheInternetPage
2018-01-26 at 21:29:56 CET logInfo - [pool-1-thread-1] shouldOpenElementalSeleniumPageWhenClickElementalSeleniumLink(com.capgemini.ntc.selenium.projectY.ABtestingTest) duration: 0,05 min
2018-01-26 at 21:29:57 CET logDebug - [pool-1-thread-1] Waiting for [waitForPageLoaded] took [0.53 s]
2018-01-26 at 21:29:57 CET logDebug - [pool-1-thread-1] BaseTest.tearDownClass()
2018-01-26 at 21:29:57 CET logDebug - [pool-1-thread-1] BaseTestWatcher.observers: []
2018-01-26 at 21:29:57 CET logDebug - [pool-1-thread-1] TestClassRule.classObservers: [com.capgemini.ntc.selenium.pages.projectY.TheInternetPage@4549ddad]
2018-01-26 at 21:29:57 CET logDebug - [pool-1-thread-1] BasePage.onTestClassFinish   TheInternetPage
2018-01-26 at 21:29:57 CET logDebug - [pool-1-thread-1] driver:NewChromeDriver: chrome on XP (8a0556932bfe95b5cabf5b5a16d3bcd9)
2018-01-26 at 21:29:57 CET logDebug - [pool-1-thread-1] Closing WebDriver for this thread. chrome
Running com.capgemini.ntc.selenium.projectX.registration.RegistryPageTest
2018-01-26 at 21:27:04 CET logInfo - [pool-1-thread-8] QCID_12342343_StayOnResistryPage(com.capgemini.ntc.selenium.projectX.registration.RegistryPageTest) STARTED.
2018-01-26 at 21:27:04 CET logInfo - [pool-1-thread-8] [Step 1] As a standard user I will open Registry Page,  So that my I can fill data
2018-01-26 at 21:27:04 CET logDebug - [pool-1-thread-8] Creating new browser=chrome WebDriver.
2018-01-26 at 21:27:08 CET logInfo - [pool-1-thread-8] Trying to set requested resolution: 1600x1200.
2018-01-26 at 21:27:09 CET logInfo - [pool-1-thread-8] Resolution readed from device: 1600x1100
2018-01-26 at 21:27:10 CET logInfo - [pool-1-thread-8] Trying to set increased resolution for 'View port': 1616x1200.
2018-01-26 at 21:27:10 CET logInfo - [pool-1-thread-8] Resolution readed from device: 1616x1100
2018-01-26 at 21:27:10 CET logDebug - [pool-1-thread-8] driver:NewChromeDriver: chrome on XP (7bacd3e60ecd6492741ab3a5d0276ab1)
2018-01-26 at 21:27:10 CET logDebug - [pool-1-thread-8] To add observer: com.capgemini.ntc.selenium.pages.projectX.registration.RegistryPage@66f00e5f
2018-01-26 at 21:27:10 CET logDebug - [pool-1-thread-8] BaseTestWatcher.observers: []
2018-01-26 at 21:27:10 CET logDebug - [pool-1-thread-8] TestClassRule.classObservers: []
2018-01-26 at 21:27:10 CET logDebug - [pool-1-thread-8] Added observer: com.capgemini.ntc.selenium.pages.projectX.registration.RegistryPage@66f00e5f
2018-01-26 at 21:27:10 CET logDebug - [pool-1-thread-8] Waiting for [waitForPageLoaded] took [0.035 s]
2018-01-26 at 21:27:10 CET logDebug - [pool-1-thread-8] com.capgemini.ntc.selenium.pages.projectX.registration.RegistryPage: Current loaded page (http://demoqa.com/registration/) with pageTitle (). Page to load: (http://demoqa.com/registration/) ,for page title: (Registration | Demoqa)
2018-01-26 at 21:27:19 CET logDebug - [pool-1-thread-8] Waiting for [waitForPageLoaded] took [0.019 s]
2018-01-26 at 21:27:19 CET logInfo - [pool-1-thread-8] [Step 1] As a standard user I will open Registry Page,  So that my I can fill data
2018-01-26 at 21:27:19 CET logDebug - [pool-1-thread-8] To add observer: com.capgemini.ntc.selenium.pages.projectX.registration.RegistryPage@17fd8233
2018-01-26 at 21:27:19 CET logDebug - [pool-1-thread-8] BaseTestWatcher.observers: [com.capgemini.ntc.selenium.pages.projectX.registration.RegistryPage@66f00e5f]
2018-01-26 at 21:27:19 CET logDebug - [pool-1-thread-8] TestClassRule.classObservers: []
2018-01-26 at 21:27:19 CET logDebug - [pool-1-thread-8] Waiting for [waitForPageLoaded] took [0.024 s]
2018-01-26 at 21:27:19 CET logInfo - [pool-1-thread-8] [Step 2] As a standard user I click Submit button,  So that I will stay on Registry page
2018-01-26 at 21:27:19 CET logDebug - [pool-1-thread-8] Waiting for [findElementDynamic(): By.cssSelector: input[id='name_3_firstname']] took [0.049 s]
2018-01-26 at 21:27:19 CET logDebug - [pool-1-thread-8] Waiting for [findElementDynamic(): By.cssSelector: input[id='name_3_firstname']] took [0.032 s]
2018-01-26 at 21:27:19 CET logDebug - [pool-1-thread-8] Waiting for [waitForPageLoaded] took [0.012 s]
2018-01-26 at 21:27:19 CET logDebug - [pool-1-thread-8] Waiting for [findElementDynamic(): By.cssSelector: input[id='name_3_firstname']] took [0.044 s]
2018-01-26 at 21:27:19 CET logDebug - [pool-1-thread-8] Waiting for [waitForPageLoaded] took [0.018 s]
2018-01-26 at 21:27:19 CET logInfo - [pool-1-thread-8] QCID_12342343_StayOnResistryPage(com.capgemini.ntc.selenium.projectX.registration.RegistryPageTest) PASSED.
2018-01-26 at 21:27:19 CET logDebug - [pool-1-thread-8] BasePage.onTestSuccess    RegistryPage
2018-01-26 at 21:27:19 CET logInfo - [pool-1-thread-8] QCID_12342343_StayOnResistryPage(com.capgemini.ntc.selenium.projectX.registration.RegistryPageTest) duration: 0,25 min
2018-01-26 at 21:27:19 CET logDebug - [pool-1-thread-8] BasePage.onTestFinish   RegistryPage
2018-01-26 at 21:27:19 CET logDebug - [pool-1-thread-8] To remove observer: com.capgemini.ntc.selenium.pages.projectX.registration.RegistryPage@66f00e5f
2018-01-26 at 21:27:19 CET logInfo - [pool-1-thread-8] EXAMPLE_FAIL_TEST(com.capgemini.ntc.selenium.projectX.registration.RegistryPageTest) STARTED.
2018-01-26 at 21:27:19 CET logInfo - [pool-1-thread-8] [Step 1] As a standard user I will open Registry Page,  So that my I can fill data
2018-01-26 at 21:27:19 CET logDebug - [pool-1-thread-8] To add observer: com.capgemini.ntc.selenium.pages.projectX.registration.RegistryPage@71211d67
2018-01-26 at 21:27:19 CET logDebug - [pool-1-thread-8] BaseTestWatcher.observers: [com.capgemini.ntc.selenium.pages.projectX.registration.RegistryPage@66f00e5f]
2018-01-26 at 21:27:19 CET logDebug - [pool-1-thread-8] TestClassRule.classObservers: []
2018-01-26 at 21:27:19 CET logDebug - [pool-1-thread-8] Waiting for [waitForPageLoaded] took [0.01 s]
2018-01-26 at 21:27:19 CET logInfo - [pool-1-thread-8] [Step 1] As a standard user I will open Registry Page,  So that my I can fill data
2018-01-26 at 21:27:19 CET logDebug - [pool-1-thread-8] To add observer: com.capgemini.ntc.selenium.pages.projectX.registration.RegistryPage@328dfe5c
2018-01-26 at 21:27:19 CET logDebug - [pool-1-thread-8] BaseTestWatcher.observers: [com.capgemini.ntc.selenium.pages.projectX.registration.RegistryPage@66f00e5f]
2018-01-26 at 21:27:19 CET logDebug - [pool-1-thread-8] TestClassRule.classObservers: []
2018-01-26 at 21:27:20 CET logDebug - [pool-1-thread-8] Waiting for [waitForPageLoaded] took [0.016 s]
2018-01-26 at 21:27:20 CET logInfo - [pool-1-thread-8] [Step 2] As a standard user I click Submit button,  So that my data will be saved
2018-01-26 at 21:27:20 CET logDebug - [pool-1-thread-8] Waiting for [findElementDynamic(): By.cssSelector: input[id='name_3_firstname']] took [0.02 s]
2018-01-26 at 21:27:20 CET logDebug - [pool-1-thread-8] Waiting for [findElementDynamic(): By.cssSelector: input[id='name_3_firstname']] took [0.022 s]
2018-01-26 at 21:27:20 CET logDebug - [pool-1-thread-8] Waiting for [waitForPageLoaded] took [0.01 s]
2018-01-26 at 21:27:20 CET logDebug - [pool-1-thread-8] Waiting for [findElementDynamic(): By.cssSelector: input[id='name_3_firstname']] took [0.022 s]
2018-01-26 at 21:27:20 CET logDebug - [pool-1-thread-8] Waiting for [findElementDynamic(): By.cssSelector: input[id='name_3_firstname']] took [0.023 s]
2018-01-26 at 21:27:20 CET logInfo - [pool-1-thread-8] EXAMPLE_FAIL_TEST(com.capgemini.ntc.selenium.projectX.registration.RegistryPageTest) FAILED.
2018-01-26 at 21:27:20 CET logDebug - [pool-1-thread-8] BasePage.onTestFailure    RegistryPage
2018-01-26 at 21:27:20 CET logInfo - [pool-1-thread-8] EXAMPLE_FAIL_TEST(com.capgemini.ntc.selenium.projectX.registration.RegistryPageTest) duration: 0,02 min
2018-01-26 at 21:27:20 CET logDebug - [pool-1-thread-8] BasePage.onTestFinish   RegistryPage
2018-01-26 at 21:27:20 CET logDebug - [pool-1-thread-8] To remove observer: com.capgemini.ntc.selenium.pages.projectX.registration.RegistryPage@66f00e5f
2018-01-26 at 21:27:21 CET logDebug - [pool-1-thread-8] BaseTest.tearDownClass()
2018-01-26 at 21:27:21 CET logDebug - [pool-1-thread-8] BaseTestWatcher.observers: [com.capgemini.ntc.selenium.pages.projectX.registration.RegistryPage@66f00e5f]
2018-01-26 at 21:27:21 CET logDebug - [pool-1-thread-8] TestClassRule.classObservers: []
2018-01-26 at 21:27:21 CET logDebug - [pool-1-thread-8] BasePage.onTestClassFinish   RegistryPage
2018-01-26 at 21:27:21 CET logDebug - [pool-1-thread-8] driver:NewChromeDriver: chrome on XP (7bacd3e60ecd6492741ab3a5d0276ab1)
2018-01-26 at 21:27:21 CET logDebug - [pool-1-thread-8] Closing WebDriver for this thread. chrome
2018-01-26 at 21:27:23 CET logDebug - [pool-1-thread-8] All observers cleared.
2018-01-26 at 21:28:02 CET logInfo - [pool-1-thread-8] Step 1: Open the Url http://the-internet.herokuapp.com/
2018-01-26 at 21:28:02 CET logDebug - [pool-1-thread-8] Creating new browser=chrome WebDriver.
2018-01-26 at 21:28:06 CET logInfo - [pool-1-thread-8] Trying to set requested resolution: 1600x1200.
2018-01-26 at 21:28:07 CET logInfo - [pool-1-thread-8] Resolution readed from device: 1600x1100
2018-01-26 at 21:28:07 CET logInfo - [pool-1-thread-8] Trying to set increased resolution for 'View port': 1616x1200.
2018-01-26 at 21:28:07 CET logInfo - [pool-1-thread-8] Resolution readed from device: 1616x1100
2018-01-26 at 21:28:07 CET logDebug - [pool-1-thread-8] driver:NewChromeDriver: chrome on XP (2ab6d2066ba13fa199d3f107d2a655d4)
2018-01-26 at 21:28:07 CET logDebug - [pool-1-thread-8] To add observer: com.capgemini.ntc.selenium.pages.projectY.TheInternetPage@583bd12f
2018-01-26 at 21:28:07 CET logDebug - [pool-1-thread-8] BaseTestWatcher.observers: []
2018-01-26 at 21:28:07 CET logDebug - [pool-1-thread-8] TestClassRule.classObservers: []
2018-01-26 at 21:28:07 CET logDebug - [pool-1-thread-8] Added observer: com.capgemini.ntc.selenium.pages.projectY.TheInternetPage@583bd12f
2018-01-26 at 21:28:07 CET logDebug - [pool-1-thread-8] The internet page is loaded: data:,
2018-01-26 at 21:28:07 CET logDebug - [pool-1-thread-8] load page
2018-01-26 at 21:28:23 CET logDebug - [pool-1-thread-8] Waiting for [waitForPageLoaded] took [0.103 s]
2018-01-26 at 21:28:23 CET logInfo - [pool-1-thread-8] Step 2: Verify if Url http://the-internet.herokuapp.com/ opens
2018-01-26 at 21:28:23 CET logDebug - [pool-1-thread-8] The internet page is loaded: http://the-internet.herokuapp.com/
2018-01-26 at 21:28:24 CET logInfo - [pool-1-thread-8] Step 3: Click Checkboxes link
2018-01-26 at 21:28:24 CET logDebug - [pool-1-thread-8] Waiting for [findElementDynamic(): By.cssSelector: li > a[href*=checkboxes]] took [0.093 s]
2018-01-26 at 21:28:25 CET logDebug - [pool-1-thread-8] To add observer: com.capgemini.ntc.selenium.pages.projectY.CheckboxesPage@30018f69
2018-01-26 at 21:28:25 CET logDebug - [pool-1-thread-8] BaseTestWatcher.observers: []
2018-01-26 at 21:28:25 CET logDebug - [pool-1-thread-8] TestClassRule.classObservers: [com.capgemini.ntc.selenium.pages.projectY.TheInternetPage@583bd12f]
2018-01-26 at 21:28:25 CET logDebug - [pool-1-thread-8] The checkboxes page is loaded.
2018-01-26 at 21:28:25 CET logInfo - [pool-1-thread-8] Step 4: Verify if Checkboxes Page opens
2018-01-26 at 21:28:25 CET logDebug - [pool-1-thread-8] The checkboxes page is loaded.
2018-01-26 at 21:28:26 CET logInfo - [pool-1-thread-8] Step 5: Verify if checkboxes elements are visible
2018-01-26 at 21:28:26 CET logDebug - [pool-1-thread-8] Waiting for [findElementDynamic(): By.cssSelector: #checkboxes] took [0.18 s]
2018-01-26 at 21:28:26 CET logInfo - [pool-1-thread-8] thickCheckboxTest(com.capgemini.ntc.selenium.projectY.CheckboxesTest) STARTED.
2018-01-26 at 21:28:26 CET logInfo - [pool-1-thread-8] Step 6: Verify if first checkbox is not selected
2018-01-26 at 21:28:26 CET logDebug - [pool-1-thread-8] Waiting for [findElementDynamic(): By.cssSelector: #checkboxes] took [0.138 s]
2018-01-26 at 21:28:26 CET logDebug - [pool-1-thread-8] Waiting for [findElementDynamic(): By.cssSelector: #checkboxes] took [0.053 s]
2018-01-26 at 21:28:26 CET logInfo - [pool-1-thread-8] Step 7: Tick first checkbox
2018-01-26 at 21:28:26 CET logDebug - [pool-1-thread-8] Waiting for [findElementDynamic(): By.cssSelector: #checkboxes] took [0.033 s]
2018-01-26 at 21:28:26 CET logDebug - [pool-1-thread-8] Waiting for [findElementDynamic(): By.cssSelector: #checkboxes] took [0.025 s]
2018-01-26 at 21:28:26 CET logDebug - [pool-1-thread-8] Waiting for [findElementDynamic(): By.cssSelector: #checkboxes] took [0.036 s]
2018-01-26 at 21:28:27 CET logDebug - [pool-1-thread-8] Waiting for [findElementDynamic(): By.cssSelector: #checkboxes] took [0.03 s]
2018-01-26 at 21:28:27 CET logInfo - [pool-1-thread-8] Step 8: Verify if first checkbox is selected
2018-01-26 at 21:28:27 CET logDebug - [pool-1-thread-8] Waiting for [findElementDynamic(): By.cssSelector: #checkboxes] took [0.04 s]
2018-01-26 at 21:28:27 CET logDebug - [pool-1-thread-8] Waiting for [findElementDynamic(): By.cssSelector: #checkboxes] took [0.085 s]
2018-01-26 at 21:28:27 CET logInfo - [pool-1-thread-8] thickCheckboxTest(com.capgemini.ntc.selenium.projectY.CheckboxesTest) PASSED.
2018-01-26 at 21:28:27 CET logDebug - [pool-1-thread-8] BasePage.onTestSuccess    TheInternetPage
2018-01-26 at 21:28:27 CET logInfo - [pool-1-thread-8] thickCheckboxTest(com.capgemini.ntc.selenium.projectY.CheckboxesTest) duration: 0,02 min
2018-01-26 at 21:28:27 CET logInfo - [pool-1-thread-8] unthickCheckboxTest(com.capgemini.ntc.selenium.projectY.CheckboxesTest) STARTED.
2018-01-26 at 21:28:27 CET logInfo - [pool-1-thread-8] Step 9: Verify if second checkbox is selected
2018-01-26 at 21:28:27 CET logDebug - [pool-1-thread-8] Waiting for [findElementDynamic(): By.cssSelector: #checkboxes] took [0.025 s]
2018-01-26 at 21:28:27 CET logDebug - [pool-1-thread-8] Waiting for [findElementDynamic(): By.cssSelector: #checkboxes] took [0.094 s]
2018-01-26 at 21:28:27 CET logInfo - [pool-1-thread-8] Step 10: Tick second checkbox
2018-01-26 at 21:28:27 CET logDebug - [pool-1-thread-8] Waiting for [findElementDynamic(): By.cssSelector: #checkboxes] took [0.073 s]
2018-01-26 at 21:28:28 CET logDebug - [pool-1-thread-8] Waiting for [findElementDynamic(): By.cssSelector: #checkboxes] took [0.14 s]
2018-01-26 at 21:28:28 CET logDebug - [pool-1-thread-8] Waiting for [findElementDynamic(): By.cssSelector: #checkboxes] took [0.016 s]
2018-01-26 at 21:28:28 CET logDebug - [pool-1-thread-8] Waiting for [findElementDynamic(): By.cssSelector: #checkboxes] took [0.024 s]
2018-01-26 at 21:28:28 CET logInfo - [pool-1-thread-8] Step 11: Verify if second checkbox is not selected
2018-01-26 at 21:28:28 CET logDebug - [pool-1-thread-8] Waiting for [findElementDynamic(): By.cssSelector: #checkboxes] took [0.136 s]
2018-01-26 at 21:28:28 CET logDebug - [pool-1-thread-8] Waiting for [findElementDynamic(): By.cssSelector: #checkboxes] took [0.044 s]
2018-01-26 at 21:28:28 CET logInfo - [pool-1-thread-8] unthickCheckboxTest(com.capgemini.ntc.selenium.projectY.CheckboxesTest) PASSED.
2018-01-26 at 21:28:28 CET logDebug - [pool-1-thread-8] BasePage.onTestSuccess    TheInternetPage
2018-01-26 at 21:28:28 CET logInfo - [pool-1-thread-8] unthickCheckboxTest(com.capgemini.ntc.selenium.projectY.CheckboxesTest) duration: 0,02 min
2018-01-26 at 21:28:28 CET logDebug - [pool-1-thread-8] BaseTest.tearDownClass()
2018-01-26 at 21:28:28 CET logDebug - [pool-1-thread-8] BaseTestWatcher.observers: []
2018-01-26 at 21:28:28 CET logDebug - [pool-1-thread-8] TestClassRule.classObservers: [com.capgemini.ntc.selenium.pages.projectY.TheInternetPage@583bd12f]
2018-01-26 at 21:28:28 CET logDebug - [pool-1-thread-8] BasePage.onTestClassFinish   TheInternetPage
2018-01-26 at 21:28:28 CET logDebug - [pool-1-thread-8] driver:NewChromeDriver: chrome on XP (2ab6d2066ba13fa199d3f107d2a655d4)
2018-01-26 at 21:28:28 CET logDebug - [pool-1-thread-8] Closing WebDriver for this thread. chrome
2018-01-26 at 21:28:30 CET logDebug - [pool-1-thread-8] All observers cleared.
2018-01-26 at 21:28:31 CET logInfo - [pool-1-thread-8] testNumberOfCheckBoxes(com.capgemini.ntc.selenium.features.webElements.CheckBoxTest) STARTED.
2018-01-26 at 21:28:31 CET logDebug - [pool-1-thread-8] Creating new browser=chrome WebDriver.
2018-01-26 at 21:28:35 CET logInfo - [pool-1-thread-8] Trying to set requested resolution: 1600x1200.
2018-01-26 at 21:28:37 CET logInfo - [pool-1-thread-8] Resolution readed from device: 1600x1100
2018-01-26 at 21:28:37 CET logInfo - [pool-1-thread-8] Trying to set increased resolution for 'View port': 1616x1200.
2018-01-26 at 21:28:37 CET logInfo - [pool-1-thread-8] Resolution readed from device: 1616x1100
2018-01-26 at 21:28:37 CET logDebug - [pool-1-thread-8] driver:NewChromeDriver: chrome on XP (889ffdadeb7cf45da7cacd3e149a0d37)
2018-01-26 at 21:28:55 CET logDebug - [pool-1-thread-8] Waiting for [findElementDynamic(): By.cssSelector: li.fields.pageFields_1:nth-child(3) div.radio_wrap] took [0.05 s]
2018-01-26 at 21:28:55 CET logDebug - [pool-1-thread-8] Waiting for [findElementDynamic(): By.cssSelector: li.fields.pageFields_1:nth-child(3) div.radio_wrap] took [0.044 s]
2018-01-26 at 21:28:55 CET logInfo - [pool-1-thread-8] testNumberOfCheckBoxes(com.capgemini.ntc.selenium.features.webElements.CheckBoxTest) PASSED.
2018-01-26 at 21:28:55 CET logInfo - [pool-1-thread-8] testNumberOfCheckBoxes(com.capgemini.ntc.selenium.features.webElements.CheckBoxTest) duration: 0,40 min
2018-01-26 at 21:28:55 CET logInfo - [pool-1-thread-8] testCheckBoxByIndex(com.capgemini.ntc.selenium.features.webElements.CheckBoxTest) STARTED.
2018-01-26 at 21:28:57 CET logDebug - [pool-1-thread-8] Waiting for [findElementDynamic(): By.cssSelector: li.fields.pageFields_1:nth-child(3) div.radio_wrap] took [0.079 s]
2018-01-26 at 21:28:57 CET logDebug - [pool-1-thread-8] Waiting for [findElementDynamic(): By.cssSelector: li.fields.pageFields_1:nth-child(3) div.radio_wrap] took [0.024 s]
2018-01-26 at 21:28:57 CET logDebug - [pool-1-thread-8] Waiting for [findElementDynamic(): By.cssSelector: li.fields.pageFields_1:nth-child(3) div.radio_wrap] took [0.162 s]
2018-01-26 at 21:28:58 CET logDebug - [pool-1-thread-8] Waiting for [findElementDynamic(): By.cssSelector: li.fields.pageFields_1:nth-child(3) div.radio_wrap] took [0.031 s]
2018-01-26 at 21:28:58 CET logDebug - [pool-1-thread-8] Waiting for [findElementDynamic(): By.cssSelector: li.fields.pageFields_1:nth-child(3) div.radio_wrap] took [0.024 s]
2018-01-26 at 21:28:58 CET logDebug - [pool-1-thread-8] Waiting for [findElementDynamic(): By.cssSelector: li.fields.pageFields_1:nth-child(3) div.radio_wrap] took [0.018 s]
2018-01-26 at 21:28:58 CET logDebug - [pool-1-thread-8] Waiting for [findElementDynamic(): By.cssSelector: li.fields.pageFields_1:nth-child(3) div.radio_wrap] took [0.014 s]
2018-01-26 at 21:28:58 CET logDebug - [pool-1-thread-8] Waiting for [findElementDynamic(): By.cssSelector: li.fields.pageFields_1:nth-child(3) div.radio_wrap] took [0.02 s]
2018-01-26 at 21:28:58 CET logDebug - [pool-1-thread-8] Waiting for [findElementDynamic(): By.cssSelector: li.fields.pageFields_1:nth-child(3) div.radio_wrap] took [0.015 s]
2018-01-26 at 21:28:58 CET logInfo - [pool-1-thread-8] testCheckBoxByIndex(com.capgemini.ntc.selenium.features.webElements.CheckBoxTest) PASSED.
2018-01-26 at 21:28:58 CET logInfo - [pool-1-thread-8] testCheckBoxByIndex(com.capgemini.ntc.selenium.features.webElements.CheckBoxTest) duration: 0,05 min
2018-01-26 at 21:28:58 CET logInfo - [pool-1-thread-8] testCheckBoxByText(com.capgemini.ntc.selenium.features.webElements.CheckBoxTest) STARTED.
2018-01-26 at 21:29:00 CET logDebug - [pool-1-thread-8] Waiting for [findElementDynamic(): By.cssSelector: li.fields.pageFields_1:nth-child(3) div.radio_wrap] took [0.09 s]
2018-01-26 at 21:29:00 CET logDebug - [pool-1-thread-8] Waiting for [findElementDynamic(): By.cssSelector: li.fields.pageFields_1:nth-child(3) div.radio_wrap] took [0.046 s]
2018-01-26 at 21:29:00 CET logDebug - [pool-1-thread-8] Waiting for [findElementDynamic(): By.cssSelector: li.fields.pageFields_1:nth-child(3) div.radio_wrap] took [0.065 s]
2018-01-26 at 21:29:00 CET logDebug - [pool-1-thread-8] Waiting for [findElementDynamic(): By.cssSelector: li.fields.pageFields_1:nth-child(3) div.radio_wrap] took [0.08 s]
2018-01-26 at 21:29:01 CET logDebug - [pool-1-thread-8] Waiting for [findElementDynamic(): By.cssSelector: li.fields.pageFields_1:nth-child(3) div.radio_wrap] took [0.082 s]
2018-01-26 at 21:29:01 CET logDebug - [pool-1-thread-8] Waiting for [findElementDynamic(): By.cssSelector: li.fields.pageFields_1:nth-child(3) div.radio_wrap] took [0.069 s]
2018-01-26 at 21:29:01 CET logDebug - [pool-1-thread-8] Waiting for [findElementDynamic(): By.cssSelector: li.fields.pageFields_1:nth-child(3) div.radio_wrap] took [0.069 s]
2018-01-26 at 21:29:01 CET logDebug - [pool-1-thread-8] Waiting for [findElementDynamic(): By.cssSelector: li.fields.pageFields_1:nth-child(3) div.radio_wrap] took [0.053 s]
2018-01-26 at 21:29:01 CET logDebug - [pool-1-thread-8] Waiting for [findElementDynamic(): By.cssSelector: li.fields.pageFields_1:nth-child(3) div.radio_wrap] took [0.069 s]
2018-01-26 at 21:29:01 CET logDebug - [pool-1-thread-8] Waiting for [findElementDynamic(): By.cssSelector: li.fields.pageFields_1:nth-child(3) div.radio_wrap] took [0.034 s]
2018-01-26 at 21:29:02 CET logDebug - [pool-1-thread-8] Waiting for [findElementDynamic(): By.cssSelector: li.fields.pageFields_1:nth-child(3) div.radio_wrap] took [0.047 s]
2018-01-26 at 21:29:02 CET logDebug - [pool-1-thread-8] Waiting for [findElementDynamic(): By.cssSelector: li.fields.pageFields_1:nth-child(3) div.radio_wrap] took [0.026 s]
2018-01-26 at 21:29:02 CET logDebug - [pool-1-thread-8] Waiting for [findElementDynamic(): By.cssSelector: li.fields.pageFields_1:nth-child(3) div.radio_wrap] took [0.066 s]
2018-01-26 at 21:29:02 CET logInfo - [pool-1-thread-8] testCheckBoxByText(com.capgemini.ntc.selenium.features.webElements.CheckBoxTest) PASSED.
2018-01-26 at 21:29:02 CET logInfo - [pool-1-thread-8] testCheckBoxByText(com.capgemini.ntc.selenium.features.webElements.CheckBoxTest) duration: 0,07 min
2018-01-26 at 21:29:02 CET logInfo - [pool-1-thread-8] testCheckBoxByValue(com.capgemini.ntc.selenium.features.webElements.CheckBoxTest) STARTED.
2018-01-26 at 21:29:05 CET logDebug - [pool-1-thread-8] Waiting for [findElementDynamic(): By.cssSelector: li.fields.pageFields_1:nth-child(3) div.radio_wrap] took [0.088 s]
2018-01-26 at 21:29:05 CET logDebug - [pool-1-thread-8] Waiting for [findElementDynamic(): By.cssSelector: li.fields.pageFields_1:nth-child(3) div.radio_wrap] took [0.043 s]
2018-01-26 at 21:29:05 CET logDebug - [pool-1-thread-8] Waiting for [findElementDynamic(): By.cssSelector: li.fields.pageFields_1:nth-child(3) div.radio_wrap] took [0.092 s]
2018-01-26 at 21:29:06 CET logDebug - [pool-1-thread-8] Waiting for [findElementDynamic(): By.cssSelector: li.fields.pageFields_1:nth-child(3) div.radio_wrap] took [0.085 s]
2018-01-26 at 21:29:06 CET logDebug - [pool-1-thread-8] Waiting for [findElementDynamic(): By.cssSelector: li.fields.pageFields_1:nth-child(3) div.radio_wrap] took [0.077 s]
2018-01-26 at 21:29:07 CET logDebug - [pool-1-thread-8] Waiting for [findElementDynamic(): By.cssSelector: li.fields.pageFields_1:nth-child(3) div.radio_wrap] took [0.107 s]
2018-01-26 at 21:29:07 CET logDebug - [pool-1-thread-8] Waiting for [findElementDynamic(): By.cssSelector: li.fields.pageFields_1:nth-child(3) div.radio_wrap] took [0.079 s]
2018-01-26 at 21:29:07 CET logInfo - [pool-1-thread-8] testCheckBoxByValue(com.capgemini.ntc.selenium.features.webElements.CheckBoxTest) PASSED.
2018-01-26 at 21:29:07 CET logInfo - [pool-1-thread-8] testCheckBoxByValue(com.capgemini.ntc.selenium.features.webElements.CheckBoxTest) duration: 0,08 min
2018-01-26 at 21:29:07 CET logInfo - [pool-1-thread-8] testCheckBoxAllValues(com.capgemini.ntc.selenium.features.webElements.CheckBoxTest) STARTED.
2018-01-26 at 21:29:10 CET logDebug - [pool-1-thread-8] Waiting for [findElementDynamic(): By.cssSelector: li.fields.pageFields_1:nth-child(3) div.radio_wrap] took [0.313 s]
2018-01-26 at 21:29:10 CET logDebug - [pool-1-thread-8] Waiting for [findElementDynamic(): By.cssSelector: li.fields.pageFields_1:nth-child(3) div.radio_wrap] took [0.094 s]
2018-01-26 at 21:29:10 CET logDebug - [pool-1-thread-8] Waiting for [findElementDynamic(): By.cssSelector: li.fields.pageFields_1:nth-child(3) div.radio_wrap] took [0.017 s]
2018-01-26 at 21:29:11 CET logDebug - [pool-1-thread-8] Waiting for [findElementDynamic(): By.cssSelector: li.fields.pageFields_1:nth-child(3) div.radio_wrap] took [0.017 s]
2018-01-26 at 21:29:11 CET logDebug - [pool-1-thread-8] Waiting for [findElementDynamic(): By.cssSelector: li.fields.pageFields_1:nth-child(3) div.radio_wrap] took [0.018 s]
2018-01-26 at 21:29:11 CET logDebug - [pool-1-thread-8] Waiting for [findElementDynamic(): By.cssSelector: li.fields.pageFields_1:nth-child(3) div.radio_wrap] took [0.045 s]
2018-01-26 at 21:29:11 CET logDebug - [pool-1-thread-8] Waiting for [findElementDynamic(): By.cssSelector: li.fields.pageFields_1:nth-child(3) div.radio_wrap] took [0.017 s]
2018-01-26 at 21:29:11 CET logInfo - [pool-1-thread-8] testCheckBoxAllValues(com.capgemini.ntc.selenium.features.webElements.CheckBoxTest) PASSED.
2018-01-26 at 21:29:11 CET logInfo - [pool-1-thread-8] testCheckBoxAllValues(com.capgemini.ntc.selenium.features.webElements.CheckBoxTest) duration: 0,07 min
2018-01-26 at 21:29:11 CET logDebug - [pool-1-thread-8] BaseTest.tearDownClass()
2018-01-26 at 21:29:11 CET logDebug - [pool-1-thread-8] BaseTestWatcher.observers: []
2018-01-26 at 21:29:11 CET logDebug - [pool-1-thread-8] TestClassRule.classObservers: []
2018-01-26 at 21:29:11 CET logDebug - [pool-1-thread-8] All observers cleared.
2018-01-26 at 21:29:11 CET logInfo - [pool-1-thread-8] Register_OK(com.capgemini.ntc.selenium.projectX.registration.RegisterOKTest) STARTED.
2018-01-26 at 21:29:11 CET logDebug - [pool-1-thread-8] To add observer: com.capgemini.ntc.selenium.pages.projectX.registration.RegistrationPage@6f12821d
2018-01-26 at 21:29:11 CET logDebug - [pool-1-thread-8] BaseTestWatcher.observers: []
2018-01-26 at 21:29:11 CET logDebug - [pool-1-thread-8] TestClassRule.classObservers: []
2018-01-26 at 21:29:11 CET logDebug - [pool-1-thread-8] Added observer: com.capgemini.ntc.selenium.pages.projectX.registration.RegistrationPage@6f12821d
2018-01-26 at 21:29:11 CET logDebug - [pool-1-thread-8] Waiting for [waitForPageLoaded] took [0.024 s]
2018-01-26 at 21:29:12 CET logDebug - [pool-1-thread-8] Waiting for [waitForPageLoaded] took [0.009 s]
2018-01-26 at 21:29:12 CET logDebug - [pool-1-thread-8] Waiting for [findElementDynamic(): By.cssSelector: input[id='name_3_firstname']] took [0.048 s]
2018-01-26 at 21:29:12 CET logDebug - [pool-1-thread-8] Waiting for [findElementDynamic(): By.cssSelector: input[id='name_3_firstname']] took [0.037 s]
2018-01-26 at 21:29:12 CET logDebug - [pool-1-thread-8] Waiting for [findElementDynamic(): By.cssSelector: input[id='name_3_firstname']] took [0.04 s]
2018-01-26 at 21:29:12 CET logDebug - [pool-1-thread-8] Waiting for [findElementDynamic(): By.cssSelector: input[id='name_3_lastname']] took [0.066 s]
2018-01-26 at 21:29:12 CET logDebug - [pool-1-thread-8] Waiting for [findElementDynamic(): By.cssSelector: input[id='name_3_lastname']] took [0.02 s]
2018-01-26 at 21:29:13 CET logDebug - [pool-1-thread-8] Waiting for [findElementDynamic(): By.cssSelector: input[id='name_3_lastname']] took [0.034 s]
2018-01-26 at 21:29:13 CET logDebug - [pool-1-thread-8] Waiting for [findElementDynamic(): By.cssSelector: div[class='radio_wrap']] took [0.038 s]
2018-01-26 at 21:29:13 CET logDebug - [pool-1-thread-8] Waiting for [findElementDynamic(): By.cssSelector: div[class='radio_wrap']] took [0.025 s]
2018-01-26 at 21:29:13 CET logDebug - [pool-1-thread-8] Waiting for [findElementDynamic(): By.cssSelector: div[class='radio_wrap']] took [0.091 s]
2018-01-26 at 21:29:14 CET logDebug - [pool-1-thread-8] Waiting for [findElementDynamic(): By.cssSelector: li.fields.pageFields_1:nth-child(3) div.radio_wrap] took [0.023 s]
2018-01-26 at 21:29:14 CET logDebug - [pool-1-thread-8] Waiting for [findElementDynamic(): By.cssSelector: li.fields.pageFields_1:nth-child(3) div.radio_wrap] took [0.022 s]
2018-01-26 at 21:29:14 CET logDebug - [pool-1-thread-8] Waiting for [findElementDynamic(): By.cssSelector: li.fields.pageFields_1:nth-child(3) div.radio_wrap] took [0.026 s]
2018-01-26 at 21:29:14 CET logDebug - [pool-1-thread-8] Waiting for [findElementDynamic(): By.cssSelector: li.fields.pageFields_1:nth-child(3) div.radio_wrap] took [0.027 s]
2018-01-26 at 21:29:14 CET logDebug - [pool-1-thread-8] Waiting for [findElementDynamic(): By.cssSelector: select[id='dropdown_7']] took [0.057 s]
2018-01-26 at 21:29:14 CET logDebug - [pool-1-thread-8] Waiting for [findElementDynamic(): By.cssSelector: select[id='dropdown_7']] took [0.024 s]
2018-01-26 at 21:29:15 CET logDebug - [pool-1-thread-8] Waiting for [findElementDynamic(): By.cssSelector: select[id='dropdown_7']] took [0.035 s]
2018-01-26 at 21:29:29 CET logDebug - [pool-1-thread-8] Waiting for [findElementDynamic(): By.cssSelector: select[id='dropdown_7']] took [0.149 s]
2018-01-26 at 21:29:30 CET logDebug - [pool-1-thread-8] Waiting for [findElementDynamic(): By.cssSelector: select[id='mm_date_8']] took [0.062 s]
2018-01-26 at 21:29:30 CET logDebug - [pool-1-thread-8] Waiting for [findElementDynamic(): By.cssSelector: select[id='mm_date_8']] took [0.02 s]
2018-01-26 at 21:29:30 CET logDebug - [pool-1-thread-8] Waiting for [findElementDynamic(): By.cssSelector: select[id='mm_date_8']] took [0.033 s]
2018-01-26 at 21:29:31 CET logDebug - [pool-1-thread-8] Waiting for [findElementDynamic(): By.cssSelector: select[id='mm_date_8']] took [0.11 s]
2018-01-26 at 21:29:31 CET logDebug - [pool-1-thread-8] Waiting for [findElementDynamic(): By.cssSelector: select[id='dd_date_8']] took [0.051 s]
2018-01-26 at 21:29:31 CET logDebug - [pool-1-thread-8] Waiting for [findElementDynamic(): By.cssSelector: select[id='dd_date_8']] took [0.022 s]
2018-01-26 at 21:29:32 CET logDebug - [pool-1-thread-8] Waiting for [findElementDynamic(): By.cssSelector: select[id='dd_date_8']] took [0.253 s]
2018-01-26 at 21:29:34 CET logDebug - [pool-1-thread-8] Waiting for [findElementDynamic(): By.cssSelector: select[id='dd_date_8']] took [0.031 s]
2018-01-26 at 21:29:34 CET logDebug - [pool-1-thread-8] Waiting for [findElementDynamic(): By.cssSelector: select[id='yy_date_8']] took [0.101 s]
2018-01-26 at 21:29:34 CET logDebug - [pool-1-thread-8] Waiting for [findElementDynamic(): By.cssSelector: select[id='yy_date_8']] took [0.07 s]
2018-01-26 at 21:29:35 CET logDebug - [pool-1-thread-8] Waiting for [findElementDynamic(): By.cssSelector: select[id='yy_date_8']] took [0.067 s]
2018-01-26 at 21:29:39 CET logDebug - [pool-1-thread-8] Waiting for [findElementDynamic(): By.cssSelector: select[id='yy_date_8']] took [0.026 s]
2018-01-26 at 21:29:39 CET logDebug - [pool-1-thread-8] Waiting for [findElementDynamic(): By.cssSelector: input[id='phone_9']] took [0.055 s]
2018-01-26 at 21:29:39 CET logDebug - [pool-1-thread-8] Waiting for [findElementDynamic(): By.cssSelector: input[id='phone_9']] took [0.024 s]
2018-01-26 at 21:29:39 CET logDebug - [pool-1-thread-8] Waiting for [findElementDynamic(): By.cssSelector: input[id='phone_9']] took [0.022 s]
2018-01-26 at 21:29:39 CET logDebug - [pool-1-thread-8] Waiting for [findElementDynamic(): By.cssSelector: input[id='username']] took [0.036 s]
2018-01-26 at 21:29:39 CET logDebug - [pool-1-thread-8] Waiting for [findElementDynamic(): By.cssSelector: input[id='username']] took [0.017 s]
2018-01-26 at 21:29:39 CET logDebug - [pool-1-thread-8] Waiting for [findElementDynamic(): By.cssSelector: input[id='username']] took [0.041 s]
2018-01-26 at 21:29:40 CET logDebug - [pool-1-thread-8] Waiting for [findElementDynamic(): By.cssSelector: input[id='email_1']] took [0.078 s]
2018-01-26 at 21:29:40 CET logDebug - [pool-1-thread-8] Waiting for [findElementDynamic(): By.cssSelector: input[id='email_1']] took [0.047 s]
2018-01-26 at 21:29:40 CET logDebug - [pool-1-thread-8] Waiting for [findElementDynamic(): By.cssSelector: input[id='email_1']] took [0.025 s]
2018-01-26 at 21:29:41 CET logDebug - [pool-1-thread-8] Waiting for [findElementDynamic(): By.cssSelector: textarea[ id='description' ]] took [0.094 s]
2018-01-26 at 21:29:41 CET logDebug - [pool-1-thread-8] Waiting for [findElementDynamic(): By.cssSelector: textarea[ id='description' ]] took [0.026 s]
2018-01-26 at 21:29:42 CET logDebug - [pool-1-thread-8] Waiting for [findElementDynamic(): By.cssSelector: textarea[ id='description' ]] took [0.089 s]
2018-01-26 at 21:29:43 CET logDebug - [pool-1-thread-8] Waiting for [findElementDynamic(): By.cssSelector: input[id='password_2']] took [0.091 s]
2018-01-26 at 21:29:43 CET logDebug - [pool-1-thread-8] Waiting for [findElementDynamic(): By.cssSelector: input[id='password_2']] took [0.074 s]
2018-01-26 at 21:29:43 CET logDebug - [pool-1-thread-8] Waiting for [findElementDynamic(): By.cssSelector: input[id='password_2']] took [0.156 s]
2018-01-26 at 21:29:44 CET logDebug - [pool-1-thread-8] Waiting for [findElementDynamic(): By.cssSelector: input[id='confirm_password_password_2']] took [0.042 s]
2018-01-26 at 21:29:44 CET logDebug - [pool-1-thread-8] Waiting for [findElementDynamic(): By.cssSelector: input[id='confirm_password_password_2']] took [0.029 s]
2018-01-26 at 21:29:44 CET logDebug - [pool-1-thread-8] Waiting for [findElementDynamic(): By.cssSelector: input[id='confirm_password_password_2']] took [0.215 s]
2018-01-26 at 21:29:45 CET logDebug - [pool-1-thread-8] Waiting for [findElementDynamic(): By.cssSelector: input[name='pie_submit']] took [0.063 s]
2018-01-26 at 21:29:46 CET logDebug - [pool-1-thread-8] Waiting for [findElementDynamic(): By.cssSelector: input[name='pie_submit']] took [0.042 s]
2018-01-26 at 21:29:46 CET logDebug - [pool-1-thread-8] Waiting for [waitForPageLoaded] took [0.043 s]
2018-01-26 at 21:29:46 CET logDebug - [pool-1-thread-8] Waiting for [findElementDynamic(): By.cssSelector: input[name='pie_submit']] took [0.051 s]
2018-01-26 at 21:29:52 CET logDebug - [pool-1-thread-8] Waiting for [waitForElementVisible(): By.cssSelector: p[class='piereg_login_error']] took [0.605 s]
2018-01-26 at 21:29:52 CET logDebug - [pool-1-thread-8] Waiting for [waitForElementVisible(): By.cssSelector: p[class='piereg_login_error']] took [0.328 s]
2018-01-26 at 21:29:52 CET logDebug - [pool-1-thread-8] Error: Username already exists
2018-01-26 at 21:29:53 CET logDebug - [pool-1-thread-8] Waiting for [findElementDynamic(): By.cssSelector: p[class='piereg_login_error']] took [0.144 s]
2018-01-26 at 21:29:53 CET logDebug - [pool-1-thread-8] Waiting for [findElementDynamic(): By.cssSelector: p[class='piereg_login_error']] took [0.05 s]
2018-01-26 at 21:29:53 CET logInfo - [pool-1-thread-8] Register_OK(com.capgemini.ntc.selenium.projectX.registration.RegisterOKTest) PASSED.
2018-01-26 at 21:29:53 CET logDebug - [pool-1-thread-8] BasePage.onTestSuccess    RegistrationPage
2018-01-26 at 21:29:53 CET logInfo - [pool-1-thread-8] Register_OK(com.capgemini.ntc.selenium.projectX.registration.RegisterOKTest) duration: 0,69 min
2018-01-26 at 21:29:53 CET logDebug - [pool-1-thread-8] BasePage.onTestFinish   RegistrationPage
2018-01-26 at 21:29:53 CET logDebug - [pool-1-thread-8] To remove observer: com.capgemini.ntc.selenium.pages.projectX.registration.RegistrationPage@6f12821d
2018-01-26 at 21:29:53 CET logDebug - [pool-1-thread-8] BaseTest.tearDownClass()
2018-01-26 at 21:29:53 CET logDebug - [pool-1-thread-8] BaseTestWatcher.observers: [com.capgemini.ntc.selenium.pages.projectX.registration.RegistrationPage@6f12821d]
2018-01-26 at 21:29:53 CET logDebug - [pool-1-thread-8] TestClassRule.classObservers: []
2018-01-26 at 21:29:53 CET logDebug - [pool-1-thread-8] BasePage.onTestClassFinish   RegistrationPage
2018-01-26 at 21:29:53 CET logDebug - [pool-1-thread-8] driver:NewChromeDriver: chrome on XP (889ffdadeb7cf45da7cacd3e149a0d37)
2018-01-26 at 21:29:53 CET logDebug - [pool-1-thread-8] Closing WebDriver for this thread. chrome
Tests run: 4, Failures: 2, Errors: 0, Skipped: 0, Time elapsed: 162.88 sec <<< FAILURE! - in com.capgemini.ntc.selenium.projectX.registration.RegistryPageTest
EXAMPLE_FAIL_TEST(com.capgemini.ntc.selenium.projectX.registration.RegistryPageTest)  Time elapsed: 1.056 sec  <<< FAILURE!
java.lang.AssertionError: 
Submit display button was not visible
Expected: is <true>
     but: was <false>
	at com.capgemini.ntc.selenium.projectX.registration.RegistryPageTest.EXAMPLE_FAIL_TEST(RegistryPageTest.java:53)

EXAMPLE_FAIL_TEST(com.capgemini.ntc.selenium.projectX.registration.RegistryPageTest)  Time elapsed: 1.012 sec  <<< FAILURE!
java.lang.AssertionError: 
Submit display button was not visible
Expected: is <true>
     but: was <false>
	at com.capgemini.ntc.selenium.projectX.registration.RegistryPageTest.EXAMPLE_FAIL_TEST(RegistryPageTest.java:53)

Starting ChromeDriver 2.33.506120 (e3e53437346286c0bc2d2dc9aa4915ba81d9023f) on port 26068
Only local connections are allowed.
2018-01-26 at 21:29:58 CET logDebug - [pool-1-thread-1] All observers cleared.
2018-01-26 at 21:29:58 CET logInfo - [pool-1-thread-1] HoverOverRandomElementTest(com.capgemini.ntc.selenium.projectY.HoversTest) STARTED.
2018-01-26 at 21:29:58 CET logInfo - [pool-1-thread-1] Step1 - open Chrome browser
2018-01-26 at 21:29:58 CET logInfo - [pool-1-thread-1] Step2 - open web page http://the-internet.herokuapp.com/
2018-01-26 at 21:29:58 CET logDebug - [pool-1-thread-1] Creating new browser=chrome WebDriver.
sty 26, 2018 9:30:01 PM org.openqa.selenium.remote.ProtocolHandshake createSession
INFO: Detected dialect: OSS
2018-01-26 at 21:30:02 CET logInfo - [pool-1-thread-1] Trying to set requested resolution: 1600x1200.
2018-01-26 at 21:30:03 CET logInfo - [pool-1-thread-1] Resolution readed from device: 1600x1100
2018-01-26 at 21:30:03 CET logInfo - [pool-1-thread-1] Trying to set increased resolution for 'View port': 1616x1200.
2018-01-26 at 21:30:03 CET logInfo - [pool-1-thread-1] Resolution readed from device: 1616x1100
2018-01-26 at 21:30:03 CET logDebug - [pool-1-thread-1] driver:NewChromeDriver: chrome on XP (68ce28f7d208f8c693f824e0cb78085a)
2018-01-26 at 21:30:03 CET logDebug - [pool-1-thread-1] To add observer: com.capgemini.ntc.selenium.pages.projectY.TheInternetPage@e98f6d2
2018-01-26 at 21:30:03 CET logDebug - [pool-1-thread-1] BaseTestWatcher.observers: []
2018-01-26 at 21:30:03 CET logDebug - [pool-1-thread-1] TestClassRule.classObservers: []
2018-01-26 at 21:30:03 CET logDebug - [pool-1-thread-1] Added observer: com.capgemini.ntc.selenium.pages.projectY.TheInternetPage@e98f6d2
2018-01-26 at 21:30:03 CET logDebug - [pool-1-thread-1] The internet page is loaded: data:,
2018-01-26 at 21:30:04 CET logDebug - [pool-1-thread-1] load page
2018-01-26 at 21:30:07 CET logDebug - [pool-1-thread-1] Waiting for [waitForPageLoaded] took [0.044 s]
2018-01-26 at 21:30:07 CET logDebug - [pool-1-thread-1] The internet page is loaded: http://the-internet.herokuapp.com/
2018-01-26 at 21:30:07 CET logDebug - [pool-1-thread-1] Step 3 - Click on the Hovers link
2018-01-26 at 21:30:07 CET logDebug - [pool-1-thread-1] Waiting for [findElementDynamic(): By.cssSelector: li > a[href*=hovers]] took [0.03 s]
2018-01-26 at 21:30:08 CET logDebug - [pool-1-thread-1] To add observer: com.capgemini.ntc.selenium.pages.projectY.HoversPage@7160d31f
2018-01-26 at 21:30:08 CET logDebug - [pool-1-thread-1] BaseTestWatcher.observers: [com.capgemini.ntc.selenium.pages.projectY.TheInternetPage@e98f6d2]
2018-01-26 at 21:30:08 CET logDebug - [pool-1-thread-1] TestClassRule.classObservers: []
2018-01-26 at 21:30:08 CET logDebug - [pool-1-thread-1] The Hovers page is loaded.
2018-01-26 at 21:30:08 CET logDebug - [pool-1-thread-1] Step 4 - Verify if the Hovers page opens
2018-01-26 at 21:30:08 CET logDebug - [pool-1-thread-1] The Hovers page is loaded.
2018-01-26 at 21:30:09 CET logDebug - [pool-1-thread-1] Waiting for [findElementDynamics(): By.cssSelector: div.figure > img] took [0.206 s]
2018-01-26 at 21:30:09 CET logDebug - [pool-1-thread-1] Waiting for [findElementDynamics(): By.cssSelector: div.figcaption h5] took [0.181 s]
2018-01-26 at 21:30:09 CET logInfo - [pool-1-thread-1] HoverOverRandomElementTest(com.capgemini.ntc.selenium.projectY.HoversTest) PASSED.
2018-01-26 at 21:30:09 CET logDebug - [pool-1-thread-1] BasePage.onTestSuccess    TheInternetPage
2018-01-26 at 21:30:09 CET logInfo - [pool-1-thread-1] HoverOverRandomElementTest(com.capgemini.ntc.selenium.projectY.HoversTest) duration: 0,19 min
2018-01-26 at 21:30:09 CET logInfo - [pool-1-thread-1] Step5 - navigate back to The-Internet page
2018-01-26 at 21:30:10 CET logDebug - [pool-1-thread-1] Waiting for [waitForPageLoaded] took [0.044 s]
2018-01-26 at 21:30:10 CET logDebug - [pool-1-thread-1] BasePage.onTestFinish   TheInternetPage
2018-01-26 at 21:30:10 CET logDebug - [pool-1-thread-1] To remove observer: com.capgemini.ntc.selenium.pages.projectY.TheInternetPage@e98f6d2
2018-01-26 at 21:30:10 CET logDebug - [pool-1-thread-1] BaseTest.tearDownClass()
2018-01-26 at 21:30:10 CET logDebug - [pool-1-thread-1] BaseTestWatcher.observers: [com.capgemini.ntc.selenium.pages.projectY.TheInternetPage@e98f6d2]
2018-01-26 at 21:30:10 CET logDebug - [pool-1-thread-1] TestClassRule.classObservers: []
2018-01-26 at 21:30:10 CET logDebug - [pool-1-thread-1] BasePage.onTestClassFinish   TheInternetPage
2018-01-26 at 21:30:10 CET logDebug - [pool-1-thread-1] driver:NewChromeDriver: chrome on XP (68ce28f7d208f8c693f824e0cb78085a)
2018-01-26 at 21:30:10 CET logDebug - [pool-1-thread-1] Closing WebDriver for this thread. chrome
Starting ChromeDriver 2.33.506120 (e3e53437346286c0bc2d2dc9aa4915ba81d9023f) on port 15376
Only local connections are allowed.
2018-01-26 at 21:30:21 CET logDebug - [pool-1-thread-1] All observers cleared.
sty 26, 2018 9:30:22 PM org.openqa.selenium.remote.ProtocolHandshake createSession
INFO: Detected dialect: OSS
Running com.capgemini.ntc.selenium.features.webElements.DropdownListTest
Tests run: 5, Failures: 0, Errors: 0, Skipped: 0, Time elapsed: 111.278 sec - in com.capgemini.ntc.selenium.features.webElements.DropdownListTest

Results :

Failed tests: 
com.capgemini.ntc.selenium.projectX.registration.RegistryPageTest.EXAMPLE_FAIL_TEST(com.capgemini.ntc.selenium.projectX.registration.RegistryPageTest)
  Run 1: RegistryPageTest.EXAMPLE_FAIL_TEST:53 Submit display button was not visible
Expected: is <true>
     but: was <false>
  Run 2: RegistryPageTest.EXAMPLE_FAIL_TEST:53 Submit display button was not visible
Expected: is <true>
     but: was <false>


Tests run: 61, Failures: 1, Errors: 0, Skipped: 0

[ERROR] There are test failures.

Please refer to D:\eclipse\Allure_Test_Framework\workspace\devonfw-testing\allure-app-under-test\target\surefire-reports for the individual test results.
[INFO] 
[INFO] --- maven-site-plugin:3.3:site (default-site) @ allure-app-under-test ---
[INFO] configuring report plugin ru.yandex.qatools.allure:allure-maven-plugin:2.6
[INFO] Relativizing decoration links with respect to project URL: https://github.com/devonfw/devonfw-testing
[INFO] Rendering site with org.apache.maven.skins:maven-default-skin:jar:1.0 skin.
[INFO] Skipped "Allure" report, file "allure-maven-plugin.html" already exists for the English version.
[INFO] Skipped "Allure" report, file "allure-maven-plugin.html" already exists for the English version.
[INFO] Generating "Allure" report    --- allure-maven-plugin:2.6
[INFO] Generate Allure report (aggregate) with version 1.5.4
[INFO] Generate Allure report to D:\eclipse\Allure_Test_Framework\workspace\devonfw-testing\allure-app-under-test/target//site/allure-report
[INFO] Found results directory D:\eclipse\Allure_Test_Framework\workspace\devonfw-testing\allure-app-under-test\target\allure-results
[INFO] ------------------------------------------------------------------------
[INFO] BUILD SUCCESS
[INFO] ------------------------------------------------------------------------
[INFO] Total time: 04:19 min
[INFO] Finished at: 2018-01-26T21:30:46+01:00
[INFO] Final Memory: 52M/462M
[INFO] ------------------------------------------------------------------------
