[INFO] Scanning for projects...
[INFO]                                                                         
[INFO] ------------------------------------------------------------------------
[INFO] Building AllureTestFramework - List of Integration Test for Application Under Test 2.0.0-SNAPSHOT
[INFO] ------------------------------------------------------------------------
Downloading: http://central.maven.org/maven2/com/capgemini/ntc/allure-core-module/4.12.0.4-SNAPSHOT/maven-metadata.xml
Downloading: http://central.maven.org/maven2/com/capgemini/ntc/allure-selenium-module/3.8.1.3-SNAPSHOT/maven-metadata.xml
[INFO] 
[INFO] --- maven-clean-plugin:3.0.0:clean (default-clean) @ allure-app-under-test ---
[INFO] Deleting D:\eclipse\Allure_Test_Framework\workspace\devonfw-testing\allure-app-under-test\target
[INFO] Deleting D:\eclipse\Allure_Test_Framework\workspace\devonfw-testing\allure-app-under-test\logs (includes = [], excludes = [])
[INFO] 
[INFO] --- maven-resources-plugin:2.6:resources (default-resources) @ allure-app-under-test ---
[INFO] Using 'UTF8' encoding to copy filtered resources.
[INFO] skip non existing resourceDirectory D:\eclipse\Allure_Test_Framework\workspace\devonfw-testing\allure-app-under-test\src\main\resources
[INFO] 
[INFO] --- maven-compiler-plugin:3.6.1:compile (default-compile) @ allure-app-under-test ---
[INFO] Changes detected - recompiling the module!
[INFO] Compiling 25 source files to D:\eclipse\Allure_Test_Framework\workspace\devonfw-testing\allure-app-under-test\target\classes
[INFO] /D:/eclipse/Allure_Test_Framework/workspace/devonfw-testing/allure-app-under-test/src/main/java/com/capgemini/ntc/selenium/pages/features/samples/readFromTable/EditableGridPage.java: Some input files use or override a deprecated API.
[INFO] /D:/eclipse/Allure_Test_Framework/workspace/devonfw-testing/allure-app-under-test/src/main/java/com/capgemini/ntc/selenium/pages/features/samples/readFromTable/EditableGridPage.java: Recompile with -Xlint:deprecation for details.
[INFO] 
[INFO] --- maven-resources-plugin:2.6:testResources (default-testResources) @ allure-app-under-test ---
[INFO] Using 'UTF8' encoding to copy filtered resources.
[INFO] Copying 5 resources
[INFO] 
[INFO] --- maven-compiler-plugin:3.6.1:testCompile (default-testCompile) @ allure-app-under-test ---
[INFO] Changes detected - recompiling the module!
[INFO] Compiling 63 source files to D:\eclipse\Allure_Test_Framework\workspace\devonfw-testing\allure-app-under-test\target\test-classes
[INFO] 
[INFO] --- maven-resources-plugin:2.6:resources (default-resources) @ allure-app-under-test ---
[INFO] Using 'UTF8' encoding to copy filtered resources.
[INFO] skip non existing resourceDirectory D:\eclipse\Allure_Test_Framework\workspace\devonfw-testing\allure-app-under-test\src\main\resources
[INFO] 
[INFO] --- maven-compiler-plugin:3.6.1:compile (default-compile) @ allure-app-under-test ---
[INFO] Nothing to compile - all classes are up to date
[INFO] 
[INFO] --- maven-resources-plugin:2.6:testResources (default-testResources) @ allure-app-under-test ---
[INFO] Using 'UTF8' encoding to copy filtered resources.
[INFO] Copying 5 resources
[INFO] 
[INFO] --- maven-compiler-plugin:3.6.1:testCompile (default-testCompile) @ allure-app-under-test ---
[INFO] Nothing to compile - all classes are up to date
[INFO] 
[INFO] --- maven-surefire-plugin:2.19.1:test (default-test) @ allure-app-under-test ---

-------------------------------------------------------
 T E S T S
-------------------------------------------------------
2018-01-27 at 00:40:53 CET logDebug - [main] Properties settings file path=D:\eclipse\Allure_Test_Framework\workspace\devonfw-testing\allure-app-under-test\src\resources\settings.properties
[AppClassLoader@14dad5dc] warning javax.* types are not being woven because the weaver option '-Xset:weaveJavaxPackages=true' has not been specified
2018-01-27 at 00:40:57 CET logDebug - [main] env=DEV
2018-01-27 at 00:40:57 CET logInfo - [main] Selected Environment: DEV
2018-01-27 at 00:40:57 CET logDebug - [main] Reading environment from: D:\eclipse\Allure_Test_Framework\workspace\devonfw-testing\allure-app-under-test\src\resources\enviroments\environments.csv
2018-01-27 at 00:40:57 CET logInfo - [main] Selected Environment: DEV
2018-01-27 at 00:40:57 CET logAnalytics - [main] Is analytics enabled:true
log4j:WARN No appenders could be found for logger (org.apache.http.client.protocol.RequestAddCookies).
log4j:WARN Please initialize the log4j system properly.
log4j:WARN See http://logging.apache.org/log4j/1.2/faq.html#noconfig for more info.
2018-01-27 at 00:41:00 CET logDebug - [pool-1-thread-1] OPEN BROWSER AND ENTER HTTP://WWW.EDITABLEGRID.NET/EN/
2018-01-27 at 00:41:00 CET logDebug - [pool-1-thread-1] [browser=chrome, browserVersion=8.0, seleniumGrid=false, os=windows]
2018-01-27 at 00:41:00 CET logDebug - [pool-1-thread-1] Creating new browser=chrome WebDriver.
sty 27, 2018 12:41:00 AM org.openqa.selenium.remote.DesiredCapabilities chrome
INFO: Using `new ChromeOptions()` is preferred to `DesiredCapabilities.chrome()`
Starting ChromeDriver 2.33.506120 (e3e53437346286c0bc2d2dc9aa4915ba81d9023f) on port 5419
Only local connections are allowed.
sty 27, 2018 12:41:05 AM org.openqa.selenium.remote.ProtocolHandshake createSession
INFO: Detected dialect: OSS
2018-01-27 at 00:41:05 CET logInfo - [pool-1-thread-1] Trying to set requested resolution: 1600x1200.
2018-01-27 at 00:41:06 CET logInfo - [pool-1-thread-1] Resolution readed from device: 1600x1100
2018-01-27 at 00:41:06 CET logInfo - [pool-1-thread-1] Trying to set increased resolution for 'View port': 1616x1200.
2018-01-27 at 00:41:07 CET logInfo - [pool-1-thread-1] Resolution readed from device: 1616x1100
2018-01-27 at 00:41:07 CET logDebug - [pool-1-thread-1] driver:NewChromeDriver: chrome on XP (bdfee234d4a1d955444c7f031db780e9)
2018-01-27 at 00:41:07 CET logDebug - [pool-1-thread-1] To add observer: com.capgemini.ntc.selenium.pages.features.samples.readFromTable.EditableGridPage@58331300
2018-01-27 at 00:41:07 CET logDebug - [pool-1-thread-1] BaseTestWatcher.observers: []
2018-01-27 at 00:41:07 CET logDebug - [pool-1-thread-1] TestClassRule.classObservers: []
2018-01-27 at 00:41:07 CET logDebug - [pool-1-thread-1] Added observer: com.capgemini.ntc.selenium.pages.features.samples.readFromTable.EditableGridPage@58331300
2018-01-27 at 00:41:11 CET logDebug - [pool-1-thread-1] Waiting for [waitForPageLoaded] took [0.012 s]
2018-01-27 at 00:41:11 CET logDebug - [pool-1-thread-1] VERIFY PAGE IS DISPLAYED
2018-01-27 at 00:41:11 CET logInfo - [pool-1-thread-1] Test1_exercise1_printAllCells(com.capgemini.ntc.selenium.features.samples.readFromTable.JsoupTest) STARTED.
2018-01-27 at 00:41:11 CET logInfo - [pool-1-thread-1] [TEST1] - Print all cells
2018-01-27 at 00:41:12 CET logInfo - [pool-1-thread-1] Hoffman
2018-01-27 at 00:41:12 CET logInfo - [pool-1-thread-1] Tatyana
2018-01-27 at 00:41:12 CET logInfo - [pool-1-thread-1] 88
2018-01-27 at 00:41:12 CET logInfo - [pool-1-thread-1] 1,32 m
2018-01-27 at 00:41:12 CET logInfo - [pool-1-thread-1] 
2018-01-27 at 00:41:12 CET logInfo - [pool-1-thread-1] Nam@quisdiamluctus.json.org
2018-01-27 at 00:41:12 CET logInfo - [pool-1-thread-1] 
2018-01-27 at 00:41:12 CET logInfo - [pool-1-thread-1] 17 Apr 2012
2018-01-27 at 00:41:12 CET logInfo - [pool-1-thread-1] 
2018-01-27 at 00:41:12 CET logInfo - [pool-1-thread-1] Atkins
2018-01-27 at 00:41:12 CET logInfo - [pool-1-thread-1] Ishmael
2018-01-27 at 00:41:12 CET logInfo - [pool-1-thread-1] 44
2018-01-27 at 00:41:12 CET logInfo - [pool-1-thread-1] 1,42 m
2018-01-27 at 00:41:12 CET logInfo - [pool-1-thread-1] 
2018-01-27 at 00:41:12 CET logInfo - [pool-1-thread-1] arcu.et.pede@musProin.ca
2018-01-27 at 00:41:12 CET logInfo - [pool-1-thread-1] 
2018-01-27 at 00:41:12 CET logInfo - [pool-1-thread-1] 12 Jan 2011
2018-01-27 at 00:41:12 CET logInfo - [pool-1-thread-1] 
2018-01-27 at 00:41:12 CET logInfo - [pool-1-thread-1] Hamilton
2018-01-27 at 00:41:12 CET logInfo - [pool-1-thread-1] Mohammad
2018-01-27 at 00:41:12 CET logInfo - [pool-1-thread-1] 73
2018-01-27 at 00:41:12 CET logInfo - [pool-1-thread-1] 1,22 m
2018-01-27 at 00:41:12 CET logInfo - [pool-1-thread-1] 
2018-01-27 at 00:41:12 CET logInfo - [pool-1-thread-1] dui@duiCras.edu
2018-01-27 at 00:41:12 CET logInfo - [pool-1-thread-1] 
2018-01-27 at 00:41:12 CET logInfo - [pool-1-thread-1] 25 Sep 2012
2018-01-27 at 00:41:12 CET logInfo - [pool-1-thread-1] 
2018-01-27 at 00:41:12 CET logInfo - [pool-1-thread-1] Murray
2018-01-27 at 00:41:12 CET logInfo - [pool-1-thread-1] Troy
2018-01-27 at 00:41:12 CET logInfo - [pool-1-thread-1] 18
2018-01-27 at 00:41:12 CET logInfo - [pool-1-thread-1] 1,92 m
2018-01-27 at 00:41:12 CET logInfo - [pool-1-thread-1] 
2018-01-27 at 00:41:12 CET logInfo - [pool-1-thread-1] mollis@eutellus.co.uk
2018-01-27 at 00:41:12 CET logInfo - [pool-1-thread-1] 
2018-01-27 at 00:41:12 CET logInfo - [pool-1-thread-1] 22 Jul 2012
2018-01-27 at 00:41:12 CET logInfo - [pool-1-thread-1] 
2018-01-27 at 00:41:12 CET logInfo - [pool-1-thread-1] Schwartz
2018-01-27 at 00:41:12 CET logInfo - [pool-1-thread-1] Carla
2018-01-27 at 00:41:12 CET logInfo - [pool-1-thread-1] 79
2018-01-27 at 00:41:12 CET logInfo - [pool-1-thread-1] 1,50 m
2018-01-27 at 00:41:12 CET logInfo - [pool-1-thread-1] 
2018-01-27 at 00:41:12 CET logInfo - [pool-1-thread-1] ante@adipiscing.org
2018-01-27 at 00:41:12 CET logInfo - [pool-1-thread-1] 
2018-01-27 at 00:41:12 CET logInfo - [pool-1-thread-1] 31 Mar 2012
2018-01-27 at 00:41:12 CET logInfo - [pool-1-thread-1] 
2018-01-27 at 00:41:12 CET logInfo - [pool-1-thread-1] Bond
2018-01-27 at 00:41:12 CET logInfo - [pool-1-thread-1] Lenore
2018-01-27 at 00:41:12 CET logInfo - [pool-1-thread-1] 33
2018-01-27 at 00:41:12 CET logInfo - [pool-1-thread-1] 1,55 m
2018-01-27 at 00:41:12 CET logInfo - [pool-1-thread-1] 
2018-01-27 at 00:41:12 CET logInfo - [pool-1-thread-1] semper.tellus.id@sem.co.uk
2018-01-27 at 00:41:12 CET logInfo - [pool-1-thread-1] 
2018-01-27 at 00:41:12 CET logInfo - [pool-1-thread-1] 4 Feb 2011
2018-01-27 at 00:41:12 CET logInfo - [pool-1-thread-1] 
2018-01-27 at 00:41:12 CET logInfo - [pool-1-thread-1] Noble
2018-01-27 at 00:41:12 CET logInfo - [pool-1-thread-1] Georgia
2018-01-27 at 00:41:12 CET logInfo - [pool-1-thread-1] 88
2018-01-27 at 00:41:12 CET logInfo - [pool-1-thread-1] 1,90 m
2018-01-27 at 00:41:12 CET logInfo - [pool-1-thread-1] 
2018-01-27 at 00:41:12 CET logInfo - [pool-1-thread-1] mi.lacinia@nisiaodio.co.uk
2018-01-27 at 00:41:12 CET logInfo - [pool-1-thread-1] 
2018-01-27 at 00:41:12 CET logInfo - [pool-1-thread-1] 17 Jan 2011
2018-01-27 at 00:41:12 CET logInfo - [pool-1-thread-1] 
2018-01-27 at 00:41:12 CET logInfo - [pool-1-thread-1] Frederick
2018-01-27 at 00:41:12 CET logInfo - [pool-1-thread-1] Bradley
2018-01-27 at 00:41:12 CET logInfo - [pool-1-thread-1] 80
2018-01-27 at 00:41:12 CET logInfo - [pool-1-thread-1] 1,87 m
2018-01-27 at 00:41:12 CET logInfo - [pool-1-thread-1] 
2018-01-27 at 00:41:12 CET logInfo - [pool-1-thread-1] dapibus.id.blandit@aptenttacitisociosqu.com
2018-01-27 at 00:41:12 CET logInfo - [pool-1-thread-1] 
2018-01-27 at 00:41:12 CET logInfo - [pool-1-thread-1] 27 Jul 2011
2018-01-27 at 00:41:12 CET logInfo - [pool-1-thread-1] 
2018-01-27 at 00:41:12 CET logInfo - [pool-1-thread-1] Chambers
2018-01-27 at 00:41:12 CET logInfo - [pool-1-thread-1] Aphrodite
2018-01-27 at 00:41:12 CET logInfo - [pool-1-thread-1] 63
2018-01-27 at 00:41:12 CET logInfo - [pool-1-thread-1] 1,30 m
2018-01-27 at 00:41:12 CET logInfo - [pool-1-thread-1] 
2018-01-27 at 00:41:12 CET logInfo - [pool-1-thread-1] mattis@venenatisvel.co.uk
2018-01-27 at 00:41:12 CET logInfo - [pool-1-thread-1] 
2018-01-27 at 00:41:12 CET logInfo - [pool-1-thread-1] 10 Sep 2011
2018-01-27 at 00:41:12 CET logInfo - [pool-1-thread-1] 
2018-01-27 at 00:41:12 CET logInfo - [pool-1-thread-1] Schultz
2018-01-27 at 00:41:12 CET logInfo - [pool-1-thread-1] Allegra
2018-01-27 at 00:41:12 CET logInfo - [pool-1-thread-1] 90
2018-01-27 at 00:41:12 CET logInfo - [pool-1-thread-1] 1,70 m
2018-01-27 at 00:41:12 CET logInfo - [pool-1-thread-1] 
2018-01-27 at 00:41:12 CET logInfo - [pool-1-thread-1] Fusce.feugiat.Lorem@Duis.net
2018-01-27 at 00:41:12 CET logInfo - [pool-1-thread-1] 
2018-01-27 at 00:41:12 CET logInfo - [pool-1-thread-1] 3 Apr 2012
2018-01-27 at 00:41:12 CET logInfo - [pool-1-thread-1] 
2018-01-27 at 00:41:12 CET logInfo - [pool-1-thread-1] Test1_exercise1_printAllCells(com.capgemini.ntc.selenium.features.samples.readFromTable.JsoupTest) PASSED.
2018-01-27 at 00:41:12 CET logDebug - [pool-1-thread-1] BasePage.onTestSuccess    EditableGridPage
2018-01-27 at 00:41:12 CET logInfo - [pool-1-thread-1] Test1_exercise1_printAllCells(com.capgemini.ntc.selenium.features.samples.readFromTable.JsoupTest) duration: 0,02 min
2018-01-27 at 00:41:14 CET logDebug - [pool-1-thread-1] BaseTest.tearDownClass()
2018-01-27 at 00:41:14 CET logDebug - [pool-1-thread-1] BaseTestWatcher.observers: []
2018-01-27 at 00:41:14 CET logDebug - [pool-1-thread-1] TestClassRule.classObservers: [com.capgemini.ntc.selenium.pages.features.samples.readFromTable.EditableGridPage@58331300]
2018-01-27 at 00:41:14 CET logDebug - [pool-1-thread-1] BasePage.onTestClassFinish   EditableGridPage
2018-01-27 at 00:41:14 CET logDebug - [pool-1-thread-1] driver:NewChromeDriver: chrome on XP (bdfee234d4a1d955444c7f031db780e9)
2018-01-27 at 00:41:14 CET logDebug - [pool-1-thread-1] Closing WebDriver for this thread. chrome
2018-01-27 at 00:41:15 CET logDebug - [pool-1-thread-1] All observers cleared.
2018-01-27 at 00:41:17 CET logDebug - [Finalizer] closeDriver() was called but there was no driver for this thread.
2018-01-27 at 00:41:17 CET logDebug - [Finalizer] Closing Driver in finalize()
2018-01-27 at 00:42:37 CET logInfo - [pool-1-thread-1] Step1 - open Chrome browser
2018-01-27 at 00:42:37 CET logInfo - [pool-1-thread-1] Step2 - load http://the-internet.herokuapp.com/ page
2018-01-27 at 00:42:37 CET logDebug - [pool-1-thread-1] Creating new browser=chrome WebDriver.
Running resolution_test
sty 27, 2018 12:42:37 AM org.openqa.selenium.remote.DesiredCapabilities chrome
INFO: Using `new ChromeOptions()` is preferred to `DesiredCapabilities.chrome()`
sty 27, 2018 12:42:37 AM org.openqa.selenium.remote.DesiredCapabilities chrome
INFO: Using `new ChromeOptions()` is preferred to `DesiredCapabilities.chrome()`
2018-01-27 at 00:41:00 CET logInfo - [pool-1-thread-2] resolution_test(com.capgemini.ntc.selenium.features.samples.resolutions.ResolutionTest) STARTED.
2018-01-27 at 00:41:00 CET logDebug - [pool-1-thread-2] Creating new browser=chrome WebDriver.
2018-01-27 at 00:41:05 CET logInfo - [pool-1-thread-2] Trying to set requested resolution: 1600x1200.
2018-01-27 at 00:41:06 CET logInfo - [pool-1-thread-2] Resolution readed from device: 1600x1100
2018-01-27 at 00:41:06 CET logInfo - [pool-1-thread-2] Trying to set increased resolution for 'View port': 1616x1200.
2018-01-27 at 00:41:06 CET logInfo - [pool-1-thread-2] Resolution readed from device: 1616x1100
2018-01-27 at 00:41:06 CET logDebug - [pool-1-thread-2] driver:NewChromeDriver: chrome on XP (7d41dfd04cf412c8aede009dd11f1603)
2018-01-27 at 00:41:06 CET logDebug - [pool-1-thread-2] To add observer: com.capgemini.ntc.selenium.pages.projectX.registration.RegistryPage@16f87346
2018-01-27 at 00:41:06 CET logDebug - [pool-1-thread-2] BaseTestWatcher.observers: []
2018-01-27 at 00:41:06 CET logDebug - [pool-1-thread-2] TestClassRule.classObservers: []
2018-01-27 at 00:41:06 CET logDebug - [pool-1-thread-2] Added observer: com.capgemini.ntc.selenium.pages.projectX.registration.RegistryPage@16f87346
2018-01-27 at 00:41:06 CET logDebug - [pool-1-thread-2] Waiting for [waitForPageLoaded] took [0.011 s]
sty 27, 2018 12:42:37 AM org.openqa.selenium.remote.DesiredCapabilities chrome
INFO: Using `new ChromeOptions()` is preferred to `DesiredCapabilities.chrome()`
2018-01-27 at 00:41:06 CET logDebug - [pool-1-thread-2] com.capgemini.ntc.selenium.pages.projectX.registration.RegistryPage: Current loaded page (http://demoqa.com/registration/) with pageTitle (). Page to load: (http://demoqa.com/registration/) ,for page title: (Registration | Demoqa)
2018-01-27 at 00:41:16 CET logDebug - [pool-1-thread-2] Waiting for [waitForPageLoaded] took [0.014 s]
2018-01-27 at 00:41:16 CET logInfo - [pool-1-thread-2] Trying to set requested resolution: 768x576.
2018-01-27 at 00:41:17 CET logInfo - [pool-1-thread-2] Resolution readed from device: 768x576
2018-01-27 at 00:41:17 CET logInfo - [pool-1-thread-2] Trying to set increased resolution for 'View port': 801x576.
2018-01-27 at 00:41:17 CET logInfo - [pool-1-thread-2] Resolution readed from device: 801x576
2018-01-27 at 00:41:17 CET logDebug - [pool-1-thread-2] Waiting for [findElementDynamic(): By.cssSelector: input[id='name_3_firstname']] took [0.134 s]
2018-01-27 at 00:41:18 CET logInfo - [pool-1-thread-2] resolution_test(com.capgemini.ntc.selenium.features.samples.resolutions.ResolutionTest) PASSED.
2018-01-27 at 00:41:18 CET logDebug - [pool-1-thread-2] BasePage.onTestSuccess    RegistryPage
2018-01-27 at 00:41:18 CET logInfo - [pool-1-thread-2] resolution_test(com.capgemini.ntc.selenium.features.samples.resolutions.ResolutionTest) duration: 0,29 min
2018-01-27 at 00:41:18 CET logDebug - [pool-1-thread-2] BasePage.onTestFinish   RegistryPage
2018-01-27 at 00:41:18 CET logDebug - [pool-1-thread-2] To remove observer: com.capgemini.ntc.selenium.pages.projectX.registration.RegistryPage@16f87346
2018-01-27 at 00:41:18 CET logInfo - [pool-1-thread-2] resolution_test(com.capgemini.ntc.selenium.features.samples.resolutions.ResolutionTest) STARTED.
2018-01-27 at 00:41:18 CET logDebug - [pool-1-thread-2] To add observer: com.capgemini.ntc.selenium.pages.projectX.registration.RegistryPage@4a6c1522
2018-01-27 at 00:41:18 CET logDebug - [pool-1-thread-2] BaseTestWatcher.observers: [com.capgemini.ntc.selenium.pages.projectX.registration.RegistryPage@16f87346]
2018-01-27 at 00:41:18 CET logDebug - [pool-1-thread-2] TestClassRule.classObservers: []
2018-01-27 at 00:41:18 CET logDebug - [pool-1-thread-2] Waiting for [waitForPageLoaded] took [0.023 s]
2018-01-27 at 00:41:18 CET logInfo - [pool-1-thread-2] Trying to set requested resolution: 960x720.
2018-01-27 at 00:41:18 CET logInfo - [pool-1-thread-2] Resolution readed from device: 960x720
2018-01-27 at 00:41:18 CET logInfo - [pool-1-thread-2] Trying to set increased resolution for 'View port': 993x720.
2018-01-27 at 00:41:18 CET logInfo - [pool-1-thread-2] Resolution readed from device: 993x720
2018-01-27 at 00:41:18 CET logDebug - [pool-1-thread-2] Waiting for [findElementDynamic(): By.cssSelector: input[id='name_3_firstname']] took [0.013 s]
2018-01-27 at 00:41:19 CET logInfo - [pool-1-thread-2] resolution_test(com.capgemini.ntc.selenium.features.samples.resolutions.ResolutionTest) PASSED.
2018-01-27 at 00:41:19 CET logDebug - [pool-1-thread-2] BasePage.onTestSuccess    RegistryPage
2018-01-27 at 00:41:19 CET logInfo - [pool-1-thread-2] resolution_test(com.capgemini.ntc.selenium.features.samples.resolutions.ResolutionTest) duration: 0,02 min
2018-01-27 at 00:41:19 CET logDebug - [pool-1-thread-2] BasePage.onTestFinish   RegistryPage
2018-01-27 at 00:41:19 CET logDebug - [pool-1-thread-2] To remove observer: com.capgemini.ntc.selenium.pages.projectX.registration.RegistryPage@16f87346
2018-01-27 at 00:41:20 CET logInfo - [pool-1-thread-2] resolution_test(com.capgemini.ntc.selenium.features.samples.resolutions.ResolutionTest) STARTED.
2018-01-27 at 00:41:20 CET logDebug - [pool-1-thread-2] To add observer: com.capgemini.ntc.selenium.pages.projectX.registration.RegistryPage@2f4fb351
2018-01-27 at 00:41:20 CET logDebug - [pool-1-thread-2] BaseTestWatcher.observers: [com.capgemini.ntc.selenium.pages.projectX.registration.RegistryPage@16f87346]
2018-01-27 at 00:41:20 CET logDebug - [pool-1-thread-2] TestClassRule.classObservers: []
2018-01-27 at 00:41:20 CET logDebug - [pool-1-thread-2] Waiting for [waitForPageLoaded] took [0.014 s]
2018-01-27 at 00:41:20 CET logInfo - [pool-1-thread-2] Trying to set requested resolution: 1920x1080.
2018-01-27 at 00:41:20 CET logInfo - [pool-1-thread-2] Resolution readed from device: 1920x1080
2018-01-27 at 00:41:20 CET logInfo - [pool-1-thread-2] Trying to set increased resolution for 'View port': 1953x1080.
2018-01-27 at 00:41:20 CET logInfo - [pool-1-thread-2] Resolution readed from device: 1940x1080
2018-01-27 at 00:41:20 CET logDebug - [pool-1-thread-2] Waiting for [findElementDynamic(): By.cssSelector: input[id='name_3_firstname']] took [0.012 s]
2018-01-27 at 00:41:21 CET logInfo - [pool-1-thread-2] resolution_test(com.capgemini.ntc.selenium.features.samples.resolutions.ResolutionTest) PASSED.
2018-01-27 at 00:41:21 CET logDebug - [pool-1-thread-2] BasePage.onTestSuccess    RegistryPage
2018-01-27 at 00:41:21 CET logInfo - [pool-1-thread-2] resolution_test(com.capgemini.ntc.selenium.features.samples.resolutions.ResolutionTest) duration: 0,02 min
2018-01-27 at 00:41:21 CET logDebug - [pool-1-thread-2] BasePage.onTestFinish   RegistryPage
2018-01-27 at 00:41:21 CET logDebug - [pool-1-thread-2] To remove observer: com.capgemini.ntc.selenium.pages.projectX.registration.RegistryPage@16f87346
2018-01-27 at 00:41:21 CET logDebug - [pool-1-thread-2] BaseTest.tearDownClass()
2018-01-27 at 00:41:21 CET logDebug - [pool-1-thread-2] BaseTestWatcher.observers: [com.capgemini.ntc.selenium.pages.projectX.registration.RegistryPage@16f87346]
2018-01-27 at 00:41:21 CET logDebug - [pool-1-thread-2] TestClassRule.classObservers: []
2018-01-27 at 00:41:21 CET logDebug - [pool-1-thread-2] BasePage.onTestClassFinish   RegistryPage
2018-01-27 at 00:41:21 CET logDebug - [pool-1-thread-2] driver:NewChromeDriver: chrome on XP (7d41dfd04cf412c8aede009dd11f1603)
2018-01-27 at 00:41:21 CET logDebug - [pool-1-thread-2] Closing WebDriver for this thread. chrome
2018-01-27 at 00:41:22 CET logDebug - [pool-1-thread-2] All observers cleared.
Tests run: 3, Failures: 0, Errors: 0, Skipped: 0, Time elapsed: 20.655 sec - in resolution_test
Running registrationTest
2018-01-27 at 00:41:22 CET logInfo - [pool-1-thread-6] registrationTest(com.capgemini.ntc.selenium.projectX.registration.RegisterOKTestDDExternalDataTest) STARTED.
2018-01-27 at 00:41:22 CET logDebug - [pool-1-thread-6] Creating new browser=chrome WebDriver.
2018-01-27 at 00:41:27 CET logInfo - [pool-1-thread-6] Trying to set requested resolution: 1600x1200.
2018-01-27 at 00:41:28 CET logInfo - [pool-1-thread-6] Resolution readed from device: 1600x1100
2018-01-27 at 00:41:28 CET logInfo - [pool-1-thread-6] Trying to set increased resolution for 'View port': 1616x1200.
2018-01-27 at 00:41:29 CET logInfo - [pool-1-thread-6] Resolution readed from device: 1616x1100
2018-01-27 at 00:41:29 CET logDebug - [pool-1-thread-6] driver:NewChromeDriver: chrome on XP (9a9d7f31f3fcddbb3ae231d0abe48a21)
2018-01-27 at 00:41:29 CET logDebug - [pool-1-thread-6] To add observer: com.capgemini.ntc.selenium.pages.projectX.registration.RegistrationPage@26119f5b
2018-01-27 at 00:41:29 CET logDebug - [pool-1-thread-6] BaseTestWatcher.observers: []
2018-01-27 at 00:41:29 CET logDebug - [pool-1-thread-6] TestClassRule.classObservers: []
2018-01-27 at 00:41:29 CET logDebug - [pool-1-thread-6] Added observer: com.capgemini.ntc.selenium.pages.projectX.registration.RegistrationPage@26119f5b
2018-01-27 at 00:41:29 CET logDebug - [pool-1-thread-6] Waiting for [waitForPageLoaded] took [0.036 s]
2018-01-27 at 00:41:29 CET logDebug - [pool-1-thread-6] com.capgemini.ntc.selenium.pages.projectX.registration.RegistrationPage: Current loaded page (http://demoqa.com/registration/) with pageTitle (). Page to load: (http://demoqa.com/registration/) ,for page title: (Registration | Demoqa)
2018-01-27 at 00:41:37 CET logDebug - [pool-1-thread-6] Waiting for [waitForPageLoaded] took [0.012 s]
2018-01-27 at 00:41:37 CET logDebug - [pool-1-thread-6] Waiting for [findElementDynamic(): By.cssSelector: input[id='name_3_firstname']] took [0.046 s]
2018-01-27 at 00:41:37 CET logDebug - [pool-1-thread-6] Waiting for [findElementDynamic(): By.cssSelector: input[id='name_3_firstname']] took [0.02 s]
2018-01-27 at 00:41:37 CET logDebug - [pool-1-thread-6] Waiting for [findElementDynamic(): By.cssSelector: input[id='name_3_firstname']] took [0.033 s]
2018-01-27 at 00:41:38 CET logDebug - [pool-1-thread-6] Waiting for [findElementDynamic(): By.cssSelector: input[id='name_3_lastname']] took [0.129 s]
2018-01-27 at 00:41:38 CET logDebug - [pool-1-thread-6] Waiting for [findElementDynamic(): By.cssSelector: input[id='name_3_lastname']] took [0.029 s]
2018-01-27 at 00:41:38 CET logDebug - [pool-1-thread-6] Waiting for [findElementDynamic(): By.cssSelector: input[id='name_3_lastname']] took [0.016 s]
2018-01-27 at 00:41:38 CET logDebug - [pool-1-thread-6] Waiting for [findElementDynamic(): By.cssSelector: div[class='radio_wrap']] took [0.051 s]
2018-01-27 at 00:41:38 CET logDebug - [pool-1-thread-6] Waiting for [findElementDynamic(): By.cssSelector: div[class='radio_wrap']] took [0.016 s]
2018-01-27 at 00:41:38 CET logDebug - [pool-1-thread-6] Waiting for [findElementDynamic(): By.cssSelector: div[class='radio_wrap']] took [0.023 s]
Input text element: com.capgemini.ntc.selenium.core.newDrivers.elementType.RadioButtonElement@5b467fec isn't clicked.
2018-01-27 at 00:41:38 CET logDebug - [pool-1-thread-6] Waiting for [findElementDynamic(): By.cssSelector: li.fields.pageFields_1:nth-child(3) div.radio_wrap] took [0.041 s]
2018-01-27 at 00:41:38 CET logDebug - [pool-1-thread-6] Waiting for [findElementDynamic(): By.cssSelector: li.fields.pageFields_1:nth-child(3) div.radio_wrap] took [0.02 s]
2018-01-27 at 00:41:39 CET logDebug - [pool-1-thread-6] Waiting for [findElementDynamic(): By.cssSelector: select[id='dropdown_7']] took [0.039 s]
2018-01-27 at 00:41:39 CET logDebug - [pool-1-thread-6] Waiting for [findElementDynamic(): By.cssSelector: select[id='dropdown_7']] took [0.069 s]
2018-01-27 at 00:41:39 CET logDebug - [pool-1-thread-6] Waiting for [findElementDynamic(): By.cssSelector: select[id='dropdown_7']] took [0.024 s]
2018-01-27 at 00:41:52 CET logDebug - [pool-1-thread-6] Waiting for [findElementDynamic(): By.cssSelector: select[id='dropdown_7']] took [0.03 s]
2018-01-27 at 00:41:52 CET logDebug - [pool-1-thread-6] Waiting for [findElementDynamic(): By.cssSelector: select[id='mm_date_8']] took [0.036 s]
2018-01-27 at 00:41:52 CET logDebug - [pool-1-thread-6] Waiting for [findElementDynamic(): By.cssSelector: select[id='mm_date_8']] took [0.034 s]
2018-01-27 at 00:41:52 CET logDebug - [pool-1-thread-6] Waiting for [findElementDynamic(): By.cssSelector: select[id='mm_date_8']] took [0.169 s]
2018-01-27 at 00:41:53 CET logDebug - [pool-1-thread-6] Waiting for [findElementDynamic(): By.cssSelector: select[id='mm_date_8']] took [0.028 s]
2018-01-27 at 00:41:53 CET logDebug - [pool-1-thread-6] Waiting for [findElementDynamic(): By.cssSelector: select[id='dd_date_8']] took [0.036 s]
2018-01-27 at 00:41:53 CET logDebug - [pool-1-thread-6] Waiting for [findElementDynamic(): By.cssSelector: select[id='dd_date_8']] took [0.027 s]
2018-01-27 at 00:41:54 CET logDebug - [pool-1-thread-6] Waiting for [findElementDynamic(): By.cssSelector: select[id='dd_date_8']] took [0.036 s]
2018-01-27 at 00:41:56 CET logDebug - [pool-1-thread-6] Waiting for [findElementDynamic(): By.cssSelector: select[id='dd_date_8']] took [0.029 s]
2018-01-27 at 00:41:56 CET logDebug - [pool-1-thread-6] Waiting for [findElementDynamic(): By.cssSelector: select[id='yy_date_8']] took [0.042 s]
2018-01-27 at 00:41:56 CET logDebug - [pool-1-thread-6] Waiting for [findElementDynamic(): By.cssSelector: select[id='yy_date_8']] took [0.018 s]
2018-01-27 at 00:41:56 CET logDebug - [pool-1-thread-6] Waiting for [findElementDynamic(): By.cssSelector: select[id='yy_date_8']] took [0.028 s]
2018-01-27 at 00:42:00 CET logDebug - [pool-1-thread-6] Waiting for [findElementDynamic(): By.cssSelector: select[id='yy_date_8']] took [0.038 s]
2018-01-27 at 00:42:00 CET logDebug - [pool-1-thread-6] Waiting for [findElementDynamic(): By.cssSelector: input[id='phone_9']] took [0.055 s]
2018-01-27 at 00:42:00 CET logDebug - [pool-1-thread-6] Waiting for [findElementDynamic(): By.cssSelector: input[id='phone_9']] took [0.019 s]
2018-01-27 at 00:42:01 CET logDebug - [pool-1-thread-6] Waiting for [findElementDynamic(): By.cssSelector: input[id='phone_9']] took [0.031 s]
2018-01-27 at 00:42:01 CET logDebug - [pool-1-thread-6] Waiting for [findElementDynamic(): By.cssSelector: input[id='username']] took [0.043 s]
2018-01-27 at 00:42:01 CET logDebug - [pool-1-thread-6] Waiting for [findElementDynamic(): By.cssSelector: input[id='username']] took [0.017 s]
2018-01-27 at 00:42:01 CET logDebug - [pool-1-thread-6] Waiting for [findElementDynamic(): By.cssSelector: input[id='username']] took [0.029 s]
2018-01-27 at 00:42:02 CET logDebug - [pool-1-thread-6] Waiting for [findElementDynamic(): By.cssSelector: input[id='email_1']] took [0.033 s]
2018-01-27 at 00:42:02 CET logDebug - [pool-1-thread-6] Waiting for [findElementDynamic(): By.cssSelector: input[id='email_1']] took [0.015 s]
2018-01-27 at 00:42:02 CET logDebug - [pool-1-thread-6] Waiting for [findElementDynamic(): By.cssSelector: input[id='email_1']] took [0.022 s]
2018-01-27 at 00:42:02 CET logDebug - [pool-1-thread-6] Waiting for [findElementDynamic(): By.cssSelector: textarea[ id='description' ]] took [0.042 s]
2018-01-27 at 00:42:02 CET logDebug - [pool-1-thread-6] Waiting for [findElementDynamic(): By.cssSelector: textarea[ id='description' ]] took [0.015 s]
2018-01-27 at 00:42:02 CET logDebug - [pool-1-thread-6] Waiting for [findElementDynamic(): By.cssSelector: textarea[ id='description' ]] took [0.045 s]
2018-01-27 at 00:42:03 CET logDebug - [pool-1-thread-6] Waiting for [findElementDynamic(): By.cssSelector: input[id='password_2']] took [0.033 s]
2018-01-27 at 00:42:03 CET logDebug - [pool-1-thread-6] Waiting for [findElementDynamic(): By.cssSelector: input[id='password_2']] took [0.021 s]
2018-01-27 at 00:42:03 CET logDebug - [pool-1-thread-6] Waiting for [findElementDynamic(): By.cssSelector: input[id='password_2']] took [0.047 s]
2018-01-27 at 00:42:03 CET logDebug - [pool-1-thread-6] Waiting for [findElementDynamic(): By.cssSelector: input[id='confirm_password_password_2']] took [0.032 s]
2018-01-27 at 00:42:03 CET logDebug - [pool-1-thread-6] Waiting for [findElementDynamic(): By.cssSelector: input[id='confirm_password_password_2']] took [0.021 s]
2018-01-27 at 00:42:03 CET logDebug - [pool-1-thread-6] Waiting for [findElementDynamic(): By.cssSelector: input[id='confirm_password_password_2']] took [0.03 s]
2018-01-27 at 00:42:04 CET logDebug - [pool-1-thread-6] Waiting for [findElementDynamic(): By.cssSelector: input[name='pie_submit']] took [0.05 s]
2018-01-27 at 00:42:04 CET logDebug - [pool-1-thread-6] Waiting for [findElementDynamic(): By.cssSelector: input[name='pie_submit']] took [0.015 s]
2018-01-27 at 00:42:04 CET logDebug - [pool-1-thread-6] Waiting for [waitForPageLoaded] took [0.022 s]
2018-01-27 at 00:42:04 CET logDebug - [pool-1-thread-6] Waiting for [findElementDynamic(): By.cssSelector: input[name='pie_submit']] took [0.017 s]
2018-01-27 at 00:42:07 CET logDebug - [pool-1-thread-6] Waiting for [waitForElementVisible(): By.cssSelector: p[class='piereg_login_error']] took [0.577 s]
2018-01-27 at 00:42:07 CET logDebug - [pool-1-thread-6] Waiting for [waitForElementVisible(): By.cssSelector: p[class='piereg_login_error']] took [0.083 s]
2018-01-27 at 00:42:07 CET logDebug - [pool-1-thread-6] Error: Username already exists
2018-01-27 at 00:42:07 CET logDebug - [pool-1-thread-6] Waiting for [findElementDynamic(): By.cssSelector: p[class='piereg_login_error']] took [0.013 s]
2018-01-27 at 00:42:07 CET logDebug - [pool-1-thread-6] Waiting for [findElementDynamic(): By.cssSelector: p[class='piereg_login_error']] took [0.02 s]
2018-01-27 at 00:42:07 CET logInfo - [pool-1-thread-6] registrationTest(com.capgemini.ntc.selenium.projectX.registration.RegisterOKTestDDExternalDataTest) PASSED.
2018-01-27 at 00:42:07 CET logDebug - [pool-1-thread-6] BasePage.onTestSuccess    RegistrationPage
2018-01-27 at 00:42:07 CET logInfo - [pool-1-thread-6] registrationTest(com.capgemini.ntc.selenium.projectX.registration.RegisterOKTestDDExternalDataTest) duration: 0,76 min
2018-01-27 at 00:42:09 CET logDebug - [pool-1-thread-6] BasePage.onTestFinish   RegistrationPage
2018-01-27 at 00:42:09 CET logDebug - [pool-1-thread-6] To remove observer: com.capgemini.ntc.selenium.pages.projectX.registration.RegistrationPage@26119f5b
2018-01-27 at 00:42:09 CET logInfo - [pool-1-thread-6] registrationTest(com.capgemini.ntc.selenium.projectX.registration.RegisterOKTestDDExternalDataTest) STARTED.
2018-01-27 at 00:42:09 CET logDebug - [pool-1-thread-6] To add observer: com.capgemini.ntc.selenium.pages.projectX.registration.RegistrationPage@17d4a206
2018-01-27 at 00:42:09 CET logDebug - [pool-1-thread-6] BaseTestWatcher.observers: [com.capgemini.ntc.selenium.pages.projectX.registration.RegistrationPage@26119f5b]
2018-01-27 at 00:42:09 CET logDebug - [pool-1-thread-6] TestClassRule.classObservers: []
2018-01-27 at 00:42:09 CET logDebug - [pool-1-thread-6] Waiting for [waitForPageLoaded] took [0.142 s]
2018-01-27 at 00:42:09 CET logDebug - [pool-1-thread-6] Waiting for [waitForPageLoaded] took [0.172 s]
2018-01-27 at 00:42:10 CET logDebug - [pool-1-thread-6] Waiting for [findElementDynamic(): By.cssSelector: input[id='name_3_firstname']] took [0.055 s]
2018-01-27 at 00:42:10 CET logDebug - [pool-1-thread-6] Waiting for [findElementDynamic(): By.cssSelector: input[id='name_3_firstname']] took [0.063 s]
2018-01-27 at 00:42:10 CET logDebug - [pool-1-thread-6] Waiting for [findElementDynamic(): By.cssSelector: input[id='name_3_firstname']] took [0.041 s]
2018-01-27 at 00:42:10 CET logDebug - [pool-1-thread-6] Waiting for [findElementDynamic(): By.cssSelector: input[id='name_3_lastname']] took [0.027 s]
2018-01-27 at 00:42:10 CET logDebug - [pool-1-thread-6] Waiting for [findElementDynamic(): By.cssSelector: input[id='name_3_lastname']] took [0.028 s]
2018-01-27 at 00:42:11 CET logDebug - [pool-1-thread-6] Waiting for [findElementDynamic(): By.cssSelector: input[id='name_3_lastname']] took [0.076 s]
2018-01-27 at 00:42:11 CET logDebug - [pool-1-thread-6] Waiting for [findElementDynamic(): By.cssSelector: div[class='radio_wrap']] took [0.037 s]
2018-01-27 at 00:42:11 CET logDebug - [pool-1-thread-6] Waiting for [findElementDynamic(): By.cssSelector: div[class='radio_wrap']] took [0.037 s]
2018-01-27 at 00:42:11 CET logDebug - [pool-1-thread-6] Waiting for [findElementDynamic(): By.cssSelector: div[class='radio_wrap']] took [0.044 s]
2018-01-27 at 00:42:12 CET logDebug - [pool-1-thread-6] Waiting for [findElementDynamic(): By.cssSelector: li.fields.pageFields_1:nth-child(3) div.radio_wrap] took [0.183 s]
2018-01-27 at 00:42:12 CET logDebug - [pool-1-thread-6] Waiting for [findElementDynamic(): By.cssSelector: li.fields.pageFields_1:nth-child(3) div.radio_wrap] took [0.105 s]
2018-01-27 at 00:42:12 CET logDebug - [pool-1-thread-6] Waiting for [findElementDynamic(): By.cssSelector: select[id='dropdown_7']] took [0.038 s]
2018-01-27 at 00:42:12 CET logDebug - [pool-1-thread-6] Waiting for [findElementDynamic(): By.cssSelector: select[id='dropdown_7']] took [0.013 s]
2018-01-27 at 00:42:13 CET logDebug - [pool-1-thread-6] Waiting for [findElementDynamic(): By.cssSelector: select[id='dropdown_7']] took [0.017 s]
2018-01-27 at 00:42:21 CET logDebug - [pool-1-thread-6] Waiting for [findElementDynamic(): By.cssSelector: select[id='dropdown_7']] took [0.014 s]
2018-01-27 at 00:42:21 CET logDebug - [pool-1-thread-6] Waiting for [findElementDynamic(): By.cssSelector: select[id='mm_date_8']] took [0.03 s]
2018-01-27 at 00:42:21 CET logDebug - [pool-1-thread-6] Waiting for [findElementDynamic(): By.cssSelector: select[id='mm_date_8']] took [0.012 s]
2018-01-27 at 00:42:21 CET logDebug - [pool-1-thread-6] Waiting for [findElementDynamic(): By.cssSelector: select[id='mm_date_8']] took [0.025 s]
2018-01-27 at 00:42:22 CET logDebug - [pool-1-thread-6] Waiting for [findElementDynamic(): By.cssSelector: select[id='mm_date_8']] took [0.012 s]
2018-01-27 at 00:42:22 CET logDebug - [pool-1-thread-6] Waiting for [findElementDynamic(): By.cssSelector: select[id='dd_date_8']] took [0.024 s]
2018-01-27 at 00:42:22 CET logDebug - [pool-1-thread-6] Waiting for [findElementDynamic(): By.cssSelector: select[id='dd_date_8']] took [0.011 s]
2018-01-27 at 00:42:22 CET logDebug - [pool-1-thread-6] Waiting for [findElementDynamic(): By.cssSelector: select[id='dd_date_8']] took [0.016 s]
2018-01-27 at 00:42:23 CET logDebug - [pool-1-thread-6] Waiting for [findElementDynamic(): By.cssSelector: select[id='dd_date_8']] took [0.012 s]
2018-01-27 at 00:42:24 CET logDebug - [pool-1-thread-6] Waiting for [findElementDynamic(): By.cssSelector: select[id='yy_date_8']] took [0.029 s]
2018-01-27 at 00:42:24 CET logDebug - [pool-1-thread-6] Waiting for [findElementDynamic(): By.cssSelector: select[id='yy_date_8']] took [0.013 s]
2018-01-27 at 00:42:24 CET logDebug - [pool-1-thread-6] Waiting for [findElementDynamic(): By.cssSelector: select[id='yy_date_8']] took [0.013 s]
2018-01-27 at 00:42:27 CET logDebug - [pool-1-thread-6] Waiting for [findElementDynamic(): By.cssSelector: select[id='yy_date_8']] took [0.016 s]
2018-01-27 at 00:42:27 CET logDebug - [pool-1-thread-6] Waiting for [findElementDynamic(): By.cssSelector: input[id='phone_9']] took [0.029 s]
2018-01-27 at 00:42:27 CET logDebug - [pool-1-thread-6] Waiting for [findElementDynamic(): By.cssSelector: input[id='phone_9']] took [0.024 s]
2018-01-27 at 00:42:27 CET logDebug - [pool-1-thread-6] Waiting for [findElementDynamic(): By.cssSelector: input[id='phone_9']] took [0.022 s]
2018-01-27 at 00:42:27 CET logDebug - [pool-1-thread-6] Waiting for [findElementDynamic(): By.cssSelector: input[id='username']] took [0.033 s]
2018-01-27 at 00:42:27 CET logDebug - [pool-1-thread-6] Waiting for [findElementDynamic(): By.cssSelector: input[id='username']] took [0.017 s]
2018-01-27 at 00:42:27 CET logDebug - [pool-1-thread-6] Waiting for [findElementDynamic(): By.cssSelector: input[id='username']] took [0.016 s]
2018-01-27 at 00:42:28 CET logDebug - [pool-1-thread-6] Waiting for [findElementDynamic(): By.cssSelector: input[id='email_1']] took [0.031 s]
2018-01-27 at 00:42:28 CET logDebug - [pool-1-thread-6] Waiting for [findElementDynamic(): By.cssSelector: input[id='email_1']] took [0.015 s]
2018-01-27 at 00:42:28 CET logDebug - [pool-1-thread-6] Waiting for [findElementDynamic(): By.cssSelector: input[id='email_1']] took [0.018 s]
2018-01-27 at 00:42:28 CET logDebug - [pool-1-thread-6] Waiting for [findElementDynamic(): By.cssSelector: textarea[ id='description' ]] took [0.028 s]
2018-01-27 at 00:42:28 CET logDebug - [pool-1-thread-6] Waiting for [findElementDynamic(): By.cssSelector: textarea[ id='description' ]] took [0.019 s]
2018-01-27 at 00:42:28 CET logDebug - [pool-1-thread-6] Waiting for [findElementDynamic(): By.cssSelector: textarea[ id='description' ]] took [0.033 s]
2018-01-27 at 00:42:28 CET logDebug - [pool-1-thread-6] Waiting for [findElementDynamic(): By.cssSelector: input[id='password_2']] took [0.032 s]
2018-01-27 at 00:42:28 CET logDebug - [pool-1-thread-6] Waiting for [findElementDynamic(): By.cssSelector: input[id='password_2']] took [0.013 s]
2018-01-27 at 00:42:28 CET logDebug - [pool-1-thread-6] Waiting for [findElementDynamic(): By.cssSelector: input[id='password_2']] took [0.026 s]
2018-01-27 at 00:42:29 CET logDebug - [pool-1-thread-6] Waiting for [findElementDynamic(): By.cssSelector: input[id='confirm_password_password_2']] took [0.037 s]
2018-01-27 at 00:42:29 CET logDebug - [pool-1-thread-6] Waiting for [findElementDynamic(): By.cssSelector: input[id='confirm_password_password_2']] took [0.02 s]
2018-01-27 at 00:42:29 CET logDebug - [pool-1-thread-6] Waiting for [findElementDynamic(): By.cssSelector: input[id='confirm_password_password_2']] took [0.015 s]
2018-01-27 at 00:42:29 CET logDebug - [pool-1-thread-6] Waiting for [findElementDynamic(): By.cssSelector: input[name='pie_submit']] took [0.027 s]
2018-01-27 at 00:42:29 CET logDebug - [pool-1-thread-6] Waiting for [findElementDynamic(): By.cssSelector: input[name='pie_submit']] took [0.012 s]
2018-01-27 at 00:42:29 CET logDebug - [pool-1-thread-6] Waiting for [waitForPageLoaded] took [0.025 s]
2018-01-27 at 00:42:29 CET logDebug - [pool-1-thread-6] Waiting for [findElementDynamic(): By.cssSelector: input[name='pie_submit']] took [0.018 s]
2018-01-27 at 00:42:31 CET logDebug - [pool-1-thread-6] Waiting for [waitForElementVisible(): By.cssSelector: p[class='piereg_login_error']] took [0.274 s]
2018-01-27 at 00:42:31 CET logDebug - [pool-1-thread-6] Waiting for [waitForElementVisible(): By.cssSelector: p[class='piereg_login_error']] took [0.123 s]
2018-01-27 at 00:42:31 CET logDebug - [pool-1-thread-6] Error: Username already exists
2018-01-27 at 00:42:31 CET logDebug - [pool-1-thread-6] Waiting for [findElementDynamic(): By.cssSelector: p[class='piereg_login_error']] took [0.036 s]
2018-01-27 at 00:42:32 CET logDebug - [pool-1-thread-6] Waiting for [findElementDynamic(): By.cssSelector: p[class='piereg_login_error']] took [0.038 s]
2018-01-27 at 00:42:32 CET logInfo - [pool-1-thread-6] registrationTest(com.capgemini.ntc.selenium.projectX.registration.RegisterOKTestDDExternalDataTest) PASSED.
2018-01-27 at 00:42:32 CET logDebug - [pool-1-thread-6] BasePage.onTestSuccess    RegistrationPage
2018-01-27 at 00:42:32 CET logInfo - [pool-1-thread-6] registrationTest(com.capgemini.ntc.selenium.projectX.registration.RegisterOKTestDDExternalDataTest) duration: 0,38 min
2018-01-27 at 00:42:33 CET logDebug - [pool-1-thread-6] BasePage.onTestFinish   RegistrationPage
2018-01-27 at 00:42:33 CET logDebug - [pool-1-thread-6] To remove observer: com.capgemini.ntc.selenium.pages.projectX.registration.RegistrationPage@26119f5b
2018-01-27 at 00:42:33 CET logDebug - [pool-1-thread-6] BaseTest.tearDownClass()
2018-01-27 at 00:42:33 CET logDebug - [pool-1-thread-6] BaseTestWatcher.observers: [com.capgemini.ntc.selenium.pages.projectX.registration.RegistrationPage@26119f5b]
2018-01-27 at 00:42:33 CET logDebug - [pool-1-thread-6] TestClassRule.classObservers: []
2018-01-27 at 00:42:33 CET logDebug - [pool-1-thread-6] BasePage.onTestClassFinish   RegistrationPage
2018-01-27 at 00:42:33 CET logDebug - [pool-1-thread-6] driver:NewChromeDriver: chrome on XP (9a9d7f31f3fcddbb3ae231d0abe48a21)
2018-01-27 at 00:42:33 CET logDebug - [pool-1-thread-6] Closing WebDriver for this thread. chrome
2018-01-27 at 00:42:34 CET logDebug - [pool-1-thread-6] All observers cleared.
Input text element: com.capgemini.ntc.selenium.core.newDrivers.elementType.RadioButtonElement@5f1e864a isn't clicked.
Tests run: 2, Failures: 0, Errors: 0, Skipped: 0, Time elapsed: 71.078 sec - in registrationTest
Running com.capgemini.ntc.selenium.projectX.registration.RegisterOKTest
2018-01-27 at 00:41:22 CET logInfo - [pool-1-thread-5] Register_OK(com.capgemini.ntc.selenium.projectX.registration.RegisterOKTest) STARTED.
2018-01-27 at 00:41:22 CET logDebug - [pool-1-thread-5] Creating new browser=chrome WebDriver.
2018-01-27 at 00:41:26 CET logInfo - [pool-1-thread-5] Trying to set requested resolution: 1600x1200.
2018-01-27 at 00:41:27 CET logInfo - [pool-1-thread-5] Resolution readed from device: 1600x1100
2018-01-27 at 00:41:27 CET logInfo - [pool-1-thread-5] Trying to set increased resolution for 'View port': 1616x1200.
2018-01-27 at 00:41:27 CET logInfo - [pool-1-thread-5] Resolution readed from device: 1616x1100
2018-01-27 at 00:41:27 CET logDebug - [pool-1-thread-5] driver:NewChromeDriver: chrome on XP (eaeae515a9e44de4fb1bce7f43a49045)
2018-01-27 at 00:41:27 CET logDebug - [pool-1-thread-5] To add observer: com.capgemini.ntc.selenium.pages.projectX.registration.RegistrationPage@27399ed1
2018-01-27 at 00:41:27 CET logDebug - [pool-1-thread-5] BaseTestWatcher.observers: []
2018-01-27 at 00:41:27 CET logDebug - [pool-1-thread-5] TestClassRule.classObservers: []
2018-01-27 at 00:41:27 CET logDebug - [pool-1-thread-5] Added observer: com.capgemini.ntc.selenium.pages.projectX.registration.RegistrationPage@27399ed1
2018-01-27 at 00:41:27 CET logDebug - [pool-1-thread-5] Waiting for [waitForPageLoaded] took [0.034 s]
2018-01-27 at 00:41:28 CET logDebug - [pool-1-thread-5] com.capgemini.ntc.selenium.pages.projectX.registration.RegistrationPage: Current loaded page (http://demoqa.com/registration/) with pageTitle (). Page to load: (http://demoqa.com/registration/) ,for page title: (Registration | Demoqa)
2018-01-27 at 00:41:42 CET logDebug - [pool-1-thread-5] Waiting for [waitForPageLoaded] took [0.014 s]
2018-01-27 at 00:41:42 CET logDebug - [pool-1-thread-5] Waiting for [findElementDynamic(): By.cssSelector: input[id='name_3_firstname']] took [0.041 s]
2018-01-27 at 00:41:42 CET logDebug - [pool-1-thread-5] Waiting for [findElementDynamic(): By.cssSelector: input[id='name_3_firstname']] took [0.059 s]
2018-01-27 at 00:41:42 CET logDebug - [pool-1-thread-5] Waiting for [findElementDynamic(): By.cssSelector: input[id='name_3_firstname']] took [0.078 s]
2018-01-27 at 00:41:42 CET logDebug - [pool-1-thread-5] Waiting for [findElementDynamic(): By.cssSelector: input[id='name_3_lastname']] took [0.034 s]
2018-01-27 at 00:41:42 CET logDebug - [pool-1-thread-5] Waiting for [findElementDynamic(): By.cssSelector: input[id='name_3_lastname']] took [0.018 s]
2018-01-27 at 00:41:43 CET logDebug - [pool-1-thread-5] Waiting for [findElementDynamic(): By.cssSelector: input[id='name_3_lastname']] took [0.047 s]
2018-01-27 at 00:41:43 CET logDebug - [pool-1-thread-5] Waiting for [findElementDynamic(): By.cssSelector: div[class='radio_wrap']] took [0.053 s]
2018-01-27 at 00:41:43 CET logDebug - [pool-1-thread-5] Waiting for [findElementDynamic(): By.cssSelector: div[class='radio_wrap']] took [0.026 s]
2018-01-27 at 00:41:43 CET logDebug - [pool-1-thread-5] Waiting for [findElementDynamic(): By.cssSelector: div[class='radio_wrap']] took [0.017 s]
Input text element: com.capgemini.ntc.selenium.core.newDrivers.elementType.RadioButtonElement@13187d28 isn't clicked.
2018-01-27 at 00:41:43 CET logDebug - [pool-1-thread-5] Waiting for [findElementDynamic(): By.cssSelector: li.fields.pageFields_1:nth-child(3) div.radio_wrap] took [0.035 s]
2018-01-27 at 00:41:43 CET logDebug - [pool-1-thread-5] Waiting for [findElementDynamic(): By.cssSelector: li.fields.pageFields_1:nth-child(3) div.radio_wrap] took [0.026 s]
2018-01-27 at 00:41:44 CET logDebug - [pool-1-thread-5] Waiting for [findElementDynamic(): By.cssSelector: li.fields.pageFields_1:nth-child(3) div.radio_wrap] took [0.031 s]
2018-01-27 at 00:41:44 CET logDebug - [pool-1-thread-5] Waiting for [findElementDynamic(): By.cssSelector: li.fields.pageFields_1:nth-child(3) div.radio_wrap] took [0.016 s]
2018-01-27 at 00:41:44 CET logDebug - [pool-1-thread-5] Waiting for [findElementDynamic(): By.cssSelector: select[id='dropdown_7']] took [0.063 s]
2018-01-27 at 00:41:44 CET logDebug - [pool-1-thread-5] Waiting for [findElementDynamic(): By.cssSelector: select[id='dropdown_7']] took [0.059 s]
2018-01-27 at 00:41:45 CET logDebug - [pool-1-thread-5] Waiting for [findElementDynamic(): By.cssSelector: select[id='dropdown_7']] took [0.069 s]
2018-01-27 at 00:41:57 CET logDebug - [pool-1-thread-5] Waiting for [findElementDynamic(): By.cssSelector: select[id='dropdown_7']] took [0.021 s]
2018-01-27 at 00:41:57 CET logDebug - [pool-1-thread-5] Waiting for [findElementDynamic(): By.cssSelector: select[id='mm_date_8']] took [0.052 s]
2018-01-27 at 00:41:57 CET logDebug - [pool-1-thread-5] Waiting for [findElementDynamic(): By.cssSelector: select[id='mm_date_8']] took [0.034 s]
2018-01-27 at 00:41:57 CET logDebug - [pool-1-thread-5] Waiting for [findElementDynamic(): By.cssSelector: select[id='mm_date_8']] took [0.029 s]
2018-01-27 at 00:41:58 CET logDebug - [pool-1-thread-5] Waiting for [findElementDynamic(): By.cssSelector: select[id='mm_date_8']] took [0.02 s]
2018-01-27 at 00:41:58 CET logDebug - [pool-1-thread-5] Waiting for [findElementDynamic(): By.cssSelector: select[id='dd_date_8']] took [0.03 s]
2018-01-27 at 00:41:58 CET logDebug - [pool-1-thread-5] Waiting for [findElementDynamic(): By.cssSelector: select[id='dd_date_8']] took [0.024 s]
2018-01-27 at 00:41:58 CET logDebug - [pool-1-thread-5] Waiting for [findElementDynamic(): By.cssSelector: select[id='dd_date_8']] took [0.029 s]
2018-01-27 at 00:42:01 CET logDebug - [pool-1-thread-5] Waiting for [findElementDynamic(): By.cssSelector: select[id='dd_date_8']] took [0.029 s]
2018-01-27 at 00:42:01 CET logDebug - [pool-1-thread-5] Waiting for [findElementDynamic(): By.cssSelector: select[id='yy_date_8']] took [0.051 s]
2018-01-27 at 00:42:01 CET logDebug - [pool-1-thread-5] Waiting for [findElementDynamic(): By.cssSelector: select[id='yy_date_8']] took [0.027 s]
2018-01-27 at 00:42:01 CET logDebug - [pool-1-thread-5] Waiting for [findElementDynamic(): By.cssSelector: select[id='yy_date_8']] took [0.038 s]
2018-01-27 at 00:42:05 CET logDebug - [pool-1-thread-5] Waiting for [findElementDynamic(): By.cssSelector: select[id='yy_date_8']] took [0.016 s]
2018-01-27 at 00:42:05 CET logDebug - [pool-1-thread-5] Waiting for [findElementDynamic(): By.cssSelector: input[id='phone_9']] took [0.027 s]
2018-01-27 at 00:42:05 CET logDebug - [pool-1-thread-5] Waiting for [findElementDynamic(): By.cssSelector: input[id='phone_9']] took [0.014 s]
2018-01-27 at 00:42:05 CET logDebug - [pool-1-thread-5] Waiting for [findElementDynamic(): By.cssSelector: input[id='phone_9']] took [0.055 s]
2018-01-27 at 00:42:06 CET logDebug - [pool-1-thread-5] Waiting for [findElementDynamic(): By.cssSelector: input[id='username']] took [0.049 s]
2018-01-27 at 00:42:06 CET logDebug - [pool-1-thread-5] Waiting for [findElementDynamic(): By.cssSelector: input[id='username']] took [0.019 s]
2018-01-27 at 00:42:06 CET logDebug - [pool-1-thread-5] Waiting for [findElementDynamic(): By.cssSelector: input[id='username']] took [0.043 s]
2018-01-27 at 00:42:07 CET logDebug - [pool-1-thread-5] Waiting for [findElementDynamic(): By.cssSelector: input[id='email_1']] took [0.037 s]
2018-01-27 at 00:42:07 CET logDebug - [pool-1-thread-5] Waiting for [findElementDynamic(): By.cssSelector: input[id='email_1']] took [0.022 s]
2018-01-27 at 00:42:07 CET logDebug - [pool-1-thread-5] Waiting for [findElementDynamic(): By.cssSelector: input[id='email_1']] took [0.056 s]
2018-01-27 at 00:42:08 CET logDebug - [pool-1-thread-5] Waiting for [findElementDynamic(): By.cssSelector: textarea[ id='description' ]] took [0.042 s]
2018-01-27 at 00:42:08 CET logDebug - [pool-1-thread-5] Waiting for [findElementDynamic(): By.cssSelector: textarea[ id='description' ]] took [0.023 s]
2018-01-27 at 00:42:08 CET logDebug - [pool-1-thread-5] Waiting for [findElementDynamic(): By.cssSelector: textarea[ id='description' ]] took [0.024 s]
2018-01-27 at 00:42:09 CET logDebug - [pool-1-thread-5] Waiting for [findElementDynamic(): By.cssSelector: input[id='password_2']] took [0.063 s]
2018-01-27 at 00:42:09 CET logDebug - [pool-1-thread-5] Waiting for [findElementDynamic(): By.cssSelector: input[id='password_2']] took [0.039 s]
2018-01-27 at 00:42:09 CET logDebug - [pool-1-thread-5] Waiting for [findElementDynamic(): By.cssSelector: input[id='password_2']] took [0.066 s]
2018-01-27 at 00:42:10 CET logDebug - [pool-1-thread-5] Waiting for [findElementDynamic(): By.cssSelector: input[id='confirm_password_password_2']] took [0.089 s]
2018-01-27 at 00:42:10 CET logDebug - [pool-1-thread-5] Waiting for [findElementDynamic(): By.cssSelector: input[id='confirm_password_password_2']] took [0.048 s]
2018-01-27 at 00:42:10 CET logDebug - [pool-1-thread-5] Waiting for [findElementDynamic(): By.cssSelector: input[id='confirm_password_password_2']] took [0.019 s]
2018-01-27 at 00:42:11 CET logDebug - [pool-1-thread-5] Waiting for [findElementDynamic(): By.cssSelector: input[name='pie_submit']] took [0.065 s]
2018-01-27 at 00:42:11 CET logDebug - [pool-1-thread-5] Waiting for [findElementDynamic(): By.cssSelector: input[name='pie_submit']] took [0.052 s]
2018-01-27 at 00:42:11 CET logDebug - [pool-1-thread-5] Waiting for [waitForPageLoaded] took [0.074 s]
2018-01-27 at 00:42:11 CET logDebug - [pool-1-thread-5] Waiting for [findElementDynamic(): By.cssSelector: input[name='pie_submit']] took [0.22 s]
2018-01-27 at 00:42:15 CET logDebug - [pool-1-thread-5] Waiting for [waitForElementVisible(): By.cssSelector: p[class='piereg_login_error']] took [0.478 s]
2018-01-27 at 00:42:15 CET logDebug - [pool-1-thread-5] Waiting for [waitForElementVisible(): By.cssSelector: p[class='piereg_login_error']] took [0.087 s]
2018-01-27 at 00:42:15 CET logDebug - [pool-1-thread-5] Error: Username already exists
2018-01-27 at 00:42:15 CET logDebug - [pool-1-thread-5] Waiting for [findElementDynamic(): By.cssSelector: p[class='piereg_login_error']] took [0.022 s]
2018-01-27 at 00:42:15 CET logDebug - [pool-1-thread-5] Waiting for [findElementDynamic(): By.cssSelector: p[class='piereg_login_error']] took [0.023 s]
2018-01-27 at 00:42:15 CET logInfo - [pool-1-thread-5] Register_OK(com.capgemini.ntc.selenium.projectX.registration.RegisterOKTest) PASSED.
2018-01-27 at 00:42:15 CET logDebug - [pool-1-thread-5] BasePage.onTestSuccess    RegistrationPage
2018-01-27 at 00:42:15 CET logInfo - [pool-1-thread-5] Register_OK(com.capgemini.ntc.selenium.projectX.registration.RegisterOKTest) duration: 0,89 min
2018-01-27 at 00:42:15 CET logDebug - [pool-1-thread-5] BasePage.onTestFinish   RegistrationPage
2018-01-27 at 00:42:15 CET logDebug - [pool-1-thread-5] To remove observer: com.capgemini.ntc.selenium.pages.projectX.registration.RegistrationPage@27399ed1
2018-01-27 at 00:42:15 CET logDebug - [pool-1-thread-5] BaseTest.tearDownClass()
2018-01-27 at 00:42:15 CET logDebug - [pool-1-thread-5] BaseTestWatcher.observers: [com.capgemini.ntc.selenium.pages.projectX.registration.RegistrationPage@27399ed1]
2018-01-27 at 00:42:15 CET logDebug - [pool-1-thread-5] TestClassRule.classObservers: []
2018-01-27 at 00:42:15 CET logDebug - [pool-1-thread-5] BasePage.onTestClassFinish   RegistrationPage
2018-01-27 at 00:42:15 CET logDebug - [pool-1-thread-5] driver:NewChromeDriver: chrome on XP (eaeae515a9e44de4fb1bce7f43a49045)
2018-01-27 at 00:42:15 CET logDebug - [pool-1-thread-5] Closing WebDriver for this thread. chrome
2018-01-27 at 00:42:17 CET logDebug - [pool-1-thread-5] All observers cleared.
Tests run: 1, Failures: 0, Errors: 0, Skipped: 0, Time elapsed: 53.391 sec - in com.capgemini.ntc.selenium.projectX.registration.RegisterOKTest
Running com.capgemini.ntc.selenium.projectX.MainPageTest
2018-01-27 at 00:41:22 CET logInfo - [pool-1-thread-3] test(com.capgemini.ntc.selenium.projectX.MainPageTest) STARTED.
2018-01-27 at 00:41:22 CET logDebug - [pool-1-thread-3] Creating new browser=chrome WebDriver.
2018-01-27 at 00:41:26 CET logInfo - [pool-1-thread-3] Trying to set requested resolution: 1600x1200.
2018-01-27 at 00:41:27 CET logInfo - [pool-1-thread-3] Resolution readed from device: 1600x1100
2018-01-27 at 00:41:27 CET logInfo - [pool-1-thread-3] Trying to set increased resolution for 'View port': 1616x1200.
2018-01-27 at 00:41:28 CET logInfo - [pool-1-thread-3] Resolution readed from device: 1616x1100
2018-01-27 at 00:41:28 CET logDebug - [pool-1-thread-3] driver:NewChromeDriver: chrome on XP (32249614c9f76f19dc301f5b44996c62)
2018-01-27 at 00:41:28 CET logDebug - [pool-1-thread-3] To add observer: com.capgemini.ntc.selenium.pages.projectX.MainPage@5563d36d
2018-01-27 at 00:41:28 CET logDebug - [pool-1-thread-3] BaseTestWatcher.observers: []
2018-01-27 at 00:41:28 CET logDebug - [pool-1-thread-3] TestClassRule.classObservers: []
2018-01-27 at 00:41:28 CET logDebug - [pool-1-thread-3] Added observer: com.capgemini.ntc.selenium.pages.projectX.MainPage@5563d36d
2018-01-27 at 00:41:28 CET logDebug - [pool-1-thread-3] Waiting for [waitForPageLoaded] took [0.088 s]
2018-01-27 at 00:41:28 CET logDebug - [pool-1-thread-3] com.capgemini.ntc.selenium.pages.projectX.MainPage: Current loaded page (http://demoqa.com/) with pageTitle (). Page to load: (http://demoqa.com/) ,for page title: (Demoqa | Just another WordPress site)
2018-01-27 at 00:41:42 CET logInfo - [pool-1-thread-3] test(com.capgemini.ntc.selenium.projectX.MainPageTest) PASSED.
2018-01-27 at 00:41:42 CET logDebug - [pool-1-thread-3] BasePage.onTestSuccess    MainPage
2018-01-27 at 00:41:42 CET logInfo - [pool-1-thread-3] test(com.capgemini.ntc.selenium.projectX.MainPageTest) duration: 0,35 min
2018-01-27 at 00:41:42 CET logDebug - [pool-1-thread-3] BasePage.onTestFinish   MainPage
2018-01-27 at 00:41:42 CET logDebug - [pool-1-thread-3] To remove observer: com.capgemini.ntc.selenium.pages.projectX.MainPage@5563d36d
2018-01-27 at 00:41:42 CET logDebug - [pool-1-thread-3] BaseTest.tearDownClass()
2018-01-27 at 00:41:42 CET logDebug - [pool-1-thread-3] BaseTestWatcher.observers: [com.capgemini.ntc.selenium.pages.projectX.MainPage@5563d36d]
2018-01-27 at 00:41:42 CET logDebug - [pool-1-thread-3] TestClassRule.classObservers: []
2018-01-27 at 00:41:42 CET logDebug - [pool-1-thread-3] BasePage.onTestClassFinish   MainPage
2018-01-27 at 00:41:42 CET logDebug - [pool-1-thread-3] driver:NewChromeDriver: chrome on XP (32249614c9f76f19dc301f5b44996c62)
2018-01-27 at 00:41:42 CET logDebug - [pool-1-thread-3] Closing WebDriver for this thread. chrome
2018-01-27 at 00:41:47 CET logDebug - [pool-1-thread-3] All observers cleared.
Tests run: 1, Failures: 0, Errors: 0, Skipped: 0, Time elapsed: 20.76 sec - in com.capgemini.ntc.selenium.projectX.MainPageTest
Starting ChromeDriver 2.33.506120 (e3e53437346286c0bc2d2dc9aa4915ba81d9023f) on port 25464
Only local connections are allowed.
Starting ChromeDriver 2.33.506120 (e3e53437346286c0bc2d2dc9aa4915ba81d9023f) on port 28073
Only local connections are allowed.
Starting ChromeDriver 2.33.506120 (e3e53437346286c0bc2d2dc9aa4915ba81d9023f) on port 24072
Only local connections are allowed.
sty 27, 2018 12:42:42 AM org.openqa.selenium.remote.ProtocolHandshake createSession
INFO: Detected dialect: OSS
sty 27, 2018 12:42:42 AM org.openqa.selenium.remote.ProtocolHandshake createSession
INFO: Detected dialect: OSS
2018-01-27 at 00:42:42 CET logInfo - [pool-1-thread-1] Trying to set requested resolution: 1600x1200.
sty 27, 2018 12:42:43 AM org.openqa.selenium.remote.ProtocolHandshake createSession
INFO: Detected dialect: OSS
2018-01-27 at 00:42:44 CET logInfo - [pool-1-thread-1] Resolution readed from device: 1600x1100
2018-01-27 at 00:42:44 CET logInfo - [pool-1-thread-1] Trying to set increased resolution for 'View port': 1616x1200.
2018-01-27 at 00:42:44 CET logInfo - [pool-1-thread-1] Resolution readed from device: 1616x1100
2018-01-27 at 00:42:44 CET logDebug - [pool-1-thread-1] driver:NewChromeDriver: chrome on XP (5a4f4aa6f2e8ad70ec143365f5cbfc19)
2018-01-27 at 00:42:44 CET logDebug - [pool-1-thread-1] To add observer: com.capgemini.ntc.selenium.pages.projectY.TheInternetPage@1e84a685
2018-01-27 at 00:42:44 CET logDebug - [pool-1-thread-1] BaseTestWatcher.observers: []
2018-01-27 at 00:42:44 CET logDebug - [pool-1-thread-1] TestClassRule.classObservers: []
2018-01-27 at 00:42:44 CET logDebug - [pool-1-thread-1] Added observer: com.capgemini.ntc.selenium.pages.projectY.TheInternetPage@1e84a685
2018-01-27 at 00:42:44 CET logDebug - [pool-1-thread-1] The internet page is loaded: data:,
2018-01-27 at 00:42:44 CET logDebug - [pool-1-thread-1] load page
Running registrationTest
2018-01-27 at 00:41:22 CET logInfo - [pool-1-thread-7] registrationTest(com.capgemini.ntc.selenium.projectX.registration.RegisterOKTestDDInternalDataTest) STARTED.
2018-01-27 at 00:41:22 CET logDebug - [pool-1-thread-7] Creating new browser=chrome WebDriver.
2018-01-27 at 00:41:26 CET logInfo - [pool-1-thread-7] Trying to set requested resolution: 1600x1200.
2018-01-27 at 00:41:28 CET logInfo - [pool-1-thread-7] Resolution readed from device: 1600x1100
2018-01-27 at 00:41:28 CET logInfo - [pool-1-thread-7] Trying to set increased resolution for 'View port': 1616x1200.
2018-01-27 at 00:41:28 CET logInfo - [pool-1-thread-7] Resolution readed from device: 1616x1100
2018-01-27 at 00:41:28 CET logDebug - [pool-1-thread-7] driver:NewChromeDriver: chrome on XP (82a444dea3a86d51af67cca75d62640d)
2018-01-27 at 00:41:28 CET logDebug - [pool-1-thread-7] To add observer: com.capgemini.ntc.selenium.pages.projectX.registration.RegistrationPage@49f427c2
2018-01-27 at 00:41:28 CET logDebug - [pool-1-thread-7] BaseTestWatcher.observers: []
2018-01-27 at 00:41:28 CET logDebug - [pool-1-thread-7] TestClassRule.classObservers: []
2018-01-27 at 00:41:28 CET logDebug - [pool-1-thread-7] Added observer: com.capgemini.ntc.selenium.pages.projectX.registration.RegistrationPage@49f427c2
2018-01-27 at 00:41:28 CET logDebug - [pool-1-thread-7] Waiting for [waitForPageLoaded] took [0.044 s]
2018-01-27 at 00:41:28 CET logDebug - [pool-1-thread-7] com.capgemini.ntc.selenium.pages.projectX.registration.RegistrationPage: Current loaded page (http://demoqa.com/registration/) with pageTitle (). Page to load: (http://demoqa.com/registration/) ,for page title: (Registration | Demoqa)
2018-01-27 at 00:41:42 CET logDebug - [pool-1-thread-7] Waiting for [waitForPageLoaded] took [0.024 s]
2018-01-27 at 00:41:42 CET logDebug - [pool-1-thread-7] Waiting for [findElementDynamic(): By.cssSelector: input[id='name_3_firstname']] took [0.16 s]
2018-01-27 at 00:41:42 CET logDebug - [pool-1-thread-7] Waiting for [findElementDynamic(): By.cssSelector: input[id='name_3_firstname']] took [0.07 s]
2018-01-27 at 00:41:42 CET logDebug - [pool-1-thread-7] Waiting for [findElementDynamic(): By.cssSelector: input[id='name_3_firstname']] took [0.045 s]
2018-01-27 at 00:41:43 CET logDebug - [pool-1-thread-7] Waiting for [findElementDynamic(): By.cssSelector: input[id='name_3_lastname']] took [0.075 s]
2018-01-27 at 00:41:43 CET logDebug - [pool-1-thread-7] Waiting for [findElementDynamic(): By.cssSelector: input[id='name_3_lastname']] took [0.039 s]
2018-01-27 at 00:41:43 CET logDebug - [pool-1-thread-7] Waiting for [findElementDynamic(): By.cssSelector: input[id='name_3_lastname']] took [0.03 s]
2018-01-27 at 00:41:43 CET logDebug - [pool-1-thread-7] Waiting for [findElementDynamic(): By.cssSelector: div[class='radio_wrap']] took [0.032 s]
2018-01-27 at 00:41:43 CET logDebug - [pool-1-thread-7] Waiting for [findElementDynamic(): By.cssSelector: div[class='radio_wrap']] took [0.035 s]
2018-01-27 at 00:41:43 CET logDebug - [pool-1-thread-7] Waiting for [findElementDynamic(): By.cssSelector: div[class='radio_wrap']] took [0.04 s]
Input text element: com.capgemini.ntc.selenium.core.newDrivers.elementType.RadioButtonElement@23dfd7eb isn't clicked.
2018-01-27 at 00:41:44 CET logDebug - [pool-1-thread-7] Waiting for [findElementDynamic(): By.cssSelector: li.fields.pageFields_1:nth-child(3) div.radio_wrap] took [0.034 s]
2018-01-27 at 00:41:44 CET logDebug - [pool-1-thread-7] Waiting for [findElementDynamic(): By.cssSelector: li.fields.pageFields_1:nth-child(3) div.radio_wrap] took [0.041 s]
2018-01-27 at 00:41:44 CET logDebug - [pool-1-thread-7] Waiting for [findElementDynamic(): By.cssSelector: select[id='dropdown_7']] took [0.033 s]
2018-01-27 at 00:41:44 CET logDebug - [pool-1-thread-7] Waiting for [findElementDynamic(): By.cssSelector: select[id='dropdown_7']] took [0.019 s]
2018-01-27 at 00:41:44 CET logDebug - [pool-1-thread-7] Waiting for [findElementDynamic(): By.cssSelector: select[id='dropdown_7']] took [0.148 s]
2018-01-27 at 00:41:56 CET logDebug - [pool-1-thread-7] Waiting for [findElementDynamic(): By.cssSelector: select[id='dropdown_7']] took [0.02 s]
2018-01-27 at 00:41:56 CET logDebug - [pool-1-thread-7] Waiting for [findElementDynamic(): By.cssSelector: select[id='mm_date_8']] took [0.04 s]
2018-01-27 at 00:41:56 CET logDebug - [pool-1-thread-7] Waiting for [findElementDynamic(): By.cssSelector: select[id='mm_date_8']] took [0.016 s]
2018-01-27 at 00:41:57 CET logDebug - [pool-1-thread-7] Waiting for [findElementDynamic(): By.cssSelector: select[id='mm_date_8']] took [0.03 s]
2018-01-27 at 00:41:57 CET logDebug - [pool-1-thread-7] Waiting for [findElementDynamic(): By.cssSelector: select[id='mm_date_8']] took [0.016 s]
2018-01-27 at 00:41:58 CET logDebug - [pool-1-thread-7] Waiting for [findElementDynamic(): By.cssSelector: select[id='dd_date_8']] took [0.028 s]
2018-01-27 at 00:41:58 CET logDebug - [pool-1-thread-7] Waiting for [findElementDynamic(): By.cssSelector: select[id='dd_date_8']] took [0.017 s]
2018-01-27 at 00:41:58 CET logDebug - [pool-1-thread-7] Waiting for [findElementDynamic(): By.cssSelector: select[id='dd_date_8']] took [0.015 s]
2018-01-27 at 00:42:00 CET logDebug - [pool-1-thread-7] Waiting for [findElementDynamic(): By.cssSelector: select[id='dd_date_8']] took [0.014 s]
2018-01-27 at 00:42:00 CET logDebug - [pool-1-thread-7] Waiting for [findElementDynamic(): By.cssSelector: select[id='yy_date_8']] took [0.032 s]
2018-01-27 at 00:42:00 CET logDebug - [pool-1-thread-7] Waiting for [findElementDynamic(): By.cssSelector: select[id='yy_date_8']] took [0.018 s]
2018-01-27 at 00:42:00 CET logDebug - [pool-1-thread-7] Waiting for [findElementDynamic(): By.cssSelector: select[id='yy_date_8']] took [0.023 s]
2018-01-27 at 00:42:04 CET logDebug - [pool-1-thread-7] Waiting for [findElementDynamic(): By.cssSelector: select[id='yy_date_8']] took [0.03 s]
2018-01-27 at 00:42:05 CET logDebug - [pool-1-thread-7] Waiting for [findElementDynamic(): By.cssSelector: input[id='phone_9']] took [0.036 s]
2018-01-27 at 00:42:05 CET logDebug - [pool-1-thread-7] Waiting for [findElementDynamic(): By.cssSelector: input[id='phone_9']] took [0.033 s]
2018-01-27 at 00:42:05 CET logDebug - [pool-1-thread-7] Waiting for [findElementDynamic(): By.cssSelector: input[id='phone_9']] took [0.022 s]
2018-01-27 at 00:42:05 CET logDebug - [pool-1-thread-7] Waiting for [findElementDynamic(): By.cssSelector: input[id='username']] took [0.034 s]
2018-01-27 at 00:42:05 CET logDebug - [pool-1-thread-7] Waiting for [findElementDynamic(): By.cssSelector: input[id='username']] took [0.016 s]
2018-01-27 at 00:42:05 CET logDebug - [pool-1-thread-7] Waiting for [findElementDynamic(): By.cssSelector: input[id='username']] took [0.018 s]
2018-01-27 at 00:42:06 CET logDebug - [pool-1-thread-7] Waiting for [findElementDynamic(): By.cssSelector: input[id='email_1']] took [0.046 s]
2018-01-27 at 00:42:06 CET logDebug - [pool-1-thread-7] Waiting for [findElementDynamic(): By.cssSelector: input[id='email_1']] took [0.043 s]
2018-01-27 at 00:42:06 CET logDebug - [pool-1-thread-7] Waiting for [findElementDynamic(): By.cssSelector: input[id='email_1']] took [0.041 s]
2018-01-27 at 00:42:07 CET logDebug - [pool-1-thread-7] Waiting for [findElementDynamic(): By.cssSelector: textarea[ id='description' ]] took [0.069 s]
2018-01-27 at 00:42:07 CET logDebug - [pool-1-thread-7] Waiting for [findElementDynamic(): By.cssSelector: textarea[ id='description' ]] took [0.048 s]
2018-01-27 at 00:42:07 CET logDebug - [pool-1-thread-7] Waiting for [findElementDynamic(): By.cssSelector: textarea[ id='description' ]] took [0.033 s]
2018-01-27 at 00:42:07 CET logDebug - [pool-1-thread-7] Waiting for [findElementDynamic(): By.cssSelector: input[id='password_2']] took [0.041 s]
2018-01-27 at 00:42:07 CET logDebug - [pool-1-thread-7] Waiting for [findElementDynamic(): By.cssSelector: input[id='password_2']] took [0.021 s]
2018-01-27 at 00:42:07 CET logDebug - [pool-1-thread-7] Waiting for [findElementDynamic(): By.cssSelector: input[id='password_2']] took [0.073 s]
2018-01-27 at 00:42:08 CET logDebug - [pool-1-thread-7] Waiting for [findElementDynamic(): By.cssSelector: input[id='confirm_password_password_2']] took [0.049 s]
2018-01-27 at 00:42:08 CET logDebug - [pool-1-thread-7] Waiting for [findElementDynamic(): By.cssSelector: input[id='confirm_password_password_2']] took [0.02 s]
2018-01-27 at 00:42:08 CET logDebug - [pool-1-thread-7] Waiting for [findElementDynamic(): By.cssSelector: input[id='confirm_password_password_2']] took [0.109 s]
2018-01-27 at 00:42:10 CET logDebug - [pool-1-thread-7] Waiting for [findElementDynamic(): By.cssSelector: input[name='pie_submit']] took [0.094 s]
2018-01-27 at 00:42:10 CET logDebug - [pool-1-thread-7] Waiting for [findElementDynamic(): By.cssSelector: input[name='pie_submit']] took [0.061 s]
2018-01-27 at 00:42:10 CET logDebug - [pool-1-thread-7] Waiting for [waitForPageLoaded] took [0.044 s]
2018-01-27 at 00:42:10 CET logDebug - [pool-1-thread-7] Waiting for [findElementDynamic(): By.cssSelector: input[name='pie_submit']] took [0.107 s]
2018-01-27 at 00:42:13 CET logDebug - [pool-1-thread-7] Waiting for [waitForElementVisible(): By.cssSelector: p[class='piereg_login_error']] took [0.245 s]
2018-01-27 at 00:42:13 CET logDebug - [pool-1-thread-7] Waiting for [waitForElementVisible(): By.cssSelector: p[class='piereg_login_error']] took [0.054 s]
2018-01-27 at 00:42:13 CET logDebug - [pool-1-thread-7] Error: Username already exists
2018-01-27 at 00:42:13 CET logDebug - [pool-1-thread-7] Waiting for [findElementDynamic(): By.cssSelector: p[class='piereg_login_error']] took [0.041 s]
2018-01-27 at 00:42:13 CET logDebug - [pool-1-thread-7] Waiting for [findElementDynamic(): By.cssSelector: p[class='piereg_login_error']] took [0.039 s]
2018-01-27 at 00:42:13 CET logInfo - [pool-1-thread-7] registrationTest(com.capgemini.ntc.selenium.projectX.registration.RegisterOKTestDDInternalDataTest) PASSED.
2018-01-27 at 00:42:13 CET logDebug - [pool-1-thread-7] BasePage.onTestSuccess    RegistrationPage
2018-01-27 at 00:42:13 CET logInfo - [pool-1-thread-7] registrationTest(com.capgemini.ntc.selenium.projectX.registration.RegisterOKTestDDInternalDataTest) duration: 0,86 min
2018-01-27 at 00:42:15 CET logDebug - [pool-1-thread-7] BasePage.onTestFinish   RegistrationPage
2018-01-27 at 00:42:15 CET logDebug - [pool-1-thread-7] To remove observer: com.capgemini.ntc.selenium.pages.projectX.registration.RegistrationPage@49f427c2
2018-01-27 at 00:42:15 CET logInfo - [pool-1-thread-7] registrationTest(com.capgemini.ntc.selenium.projectX.registration.RegisterOKTestDDInternalDataTest) STARTED.
2018-01-27 at 00:42:15 CET logDebug - [pool-1-thread-7] To add observer: com.capgemini.ntc.selenium.pages.projectX.registration.RegistrationPage@2bc41295
2018-01-27 at 00:42:15 CET logDebug - [pool-1-thread-7] BaseTestWatcher.observers: [com.capgemini.ntc.selenium.pages.projectX.registration.RegistrationPage@49f427c2]
2018-01-27 at 00:42:15 CET logDebug - [pool-1-thread-7] TestClassRule.classObservers: []
2018-01-27 at 00:42:15 CET logDebug - [pool-1-thread-7] Waiting for [waitForPageLoaded] took [0.366 s]
2018-01-27 at 00:42:15 CET logDebug - [pool-1-thread-7] Waiting for [waitForPageLoaded] took [0.029 s]
2018-01-27 at 00:42:15 CET logDebug - [pool-1-thread-7] Waiting for [findElementDynamic(): By.cssSelector: input[id='name_3_firstname']] took [0.051 s]
2018-01-27 at 00:42:15 CET logDebug - [pool-1-thread-7] Waiting for [findElementDynamic(): By.cssSelector: input[id='name_3_firstname']] took [0.014 s]
2018-01-27 at 00:42:16 CET logDebug - [pool-1-thread-7] Waiting for [findElementDynamic(): By.cssSelector: input[id='name_3_firstname']] took [0.026 s]
2018-01-27 at 00:42:16 CET logDebug - [pool-1-thread-7] Waiting for [findElementDynamic(): By.cssSelector: input[id='name_3_lastname']] took [0.031 s]
2018-01-27 at 00:42:16 CET logDebug - [pool-1-thread-7] Waiting for [findElementDynamic(): By.cssSelector: input[id='name_3_lastname']] took [0.029 s]
2018-01-27 at 00:42:16 CET logDebug - [pool-1-thread-7] Waiting for [findElementDynamic(): By.cssSelector: input[id='name_3_lastname']] took [0.019 s]
2018-01-27 at 00:42:16 CET logDebug - [pool-1-thread-7] Waiting for [findElementDynamic(): By.cssSelector: div[class='radio_wrap']] took [0.036 s]
2018-01-27 at 00:42:16 CET logDebug - [pool-1-thread-7] Waiting for [findElementDynamic(): By.cssSelector: div[class='radio_wrap']] took [0.015 s]
2018-01-27 at 00:42:16 CET logDebug - [pool-1-thread-7] Waiting for [findElementDynamic(): By.cssSelector: div[class='radio_wrap']] took [0.033 s]
2018-01-27 at 00:42:16 CET logDebug - [pool-1-thread-7] Waiting for [findElementDynamic(): By.cssSelector: div[class='radio_wrap']] took [0.023 s]
2018-01-27 at 00:42:17 CET logDebug - [pool-1-thread-7] Waiting for [findElementDynamic(): By.cssSelector: li.fields.pageFields_1:nth-child(3) div.radio_wrap] took [0.032 s]
2018-01-27 at 00:42:17 CET logDebug - [pool-1-thread-7] Waiting for [findElementDynamic(): By.cssSelector: li.fields.pageFields_1:nth-child(3) div.radio_wrap] took [0.015 s]
2018-01-27 at 00:42:17 CET logDebug - [pool-1-thread-7] Waiting for [findElementDynamic(): By.cssSelector: select[id='dropdown_7']] took [0.026 s]
2018-01-27 at 00:42:17 CET logDebug - [pool-1-thread-7] Waiting for [findElementDynamic(): By.cssSelector: select[id='dropdown_7']] took [0.013 s]
2018-01-27 at 00:42:17 CET logDebug - [pool-1-thread-7] Waiting for [findElementDynamic(): By.cssSelector: select[id='dropdown_7']] took [0.013 s]
2018-01-27 at 00:42:24 CET logDebug - [pool-1-thread-7] Waiting for [findElementDynamic(): By.cssSelector: select[id='dropdown_7']] took [0.014 s]
2018-01-27 at 00:42:24 CET logDebug - [pool-1-thread-7] Waiting for [findElementDynamic(): By.cssSelector: select[id='mm_date_8']] took [0.03 s]
2018-01-27 at 00:42:24 CET logDebug - [pool-1-thread-7] Waiting for [findElementDynamic(): By.cssSelector: select[id='mm_date_8']] took [0.014 s]
2018-01-27 at 00:42:25 CET logDebug - [pool-1-thread-7] Waiting for [findElementDynamic(): By.cssSelector: select[id='mm_date_8']] took [0.022 s]
2018-01-27 at 00:42:25 CET logDebug - [pool-1-thread-7] Waiting for [findElementDynamic(): By.cssSelector: select[id='mm_date_8']] took [0.013 s]
2018-01-27 at 00:42:25 CET logDebug - [pool-1-thread-7] Waiting for [findElementDynamic(): By.cssSelector: select[id='dd_date_8']] took [0.028 s]
2018-01-27 at 00:42:25 CET logDebug - [pool-1-thread-7] Waiting for [findElementDynamic(): By.cssSelector: select[id='dd_date_8']] took [0.015 s]
2018-01-27 at 00:42:26 CET logDebug - [pool-1-thread-7] Waiting for [findElementDynamic(): By.cssSelector: select[id='dd_date_8']] took [0.034 s]
2018-01-27 at 00:42:27 CET logDebug - [pool-1-thread-7] Waiting for [findElementDynamic(): By.cssSelector: select[id='dd_date_8']] took [0.015 s]
2018-01-27 at 00:42:27 CET logDebug - [pool-1-thread-7] Waiting for [findElementDynamic(): By.cssSelector: select[id='yy_date_8']] took [0.027 s]
2018-01-27 at 00:42:27 CET logDebug - [pool-1-thread-7] Waiting for [findElementDynamic(): By.cssSelector: select[id='yy_date_8']] took [0.013 s]
2018-01-27 at 00:42:27 CET logDebug - [pool-1-thread-7] Waiting for [findElementDynamic(): By.cssSelector: select[id='yy_date_8']] took [0.021 s]
2018-01-27 at 00:42:30 CET logDebug - [pool-1-thread-7] Waiting for [findElementDynamic(): By.cssSelector: select[id='yy_date_8']] took [0.01 s]
2018-01-27 at 00:42:30 CET logDebug - [pool-1-thread-7] Waiting for [findElementDynamic(): By.cssSelector: input[id='phone_9']] took [0.024 s]
2018-01-27 at 00:42:30 CET logDebug - [pool-1-thread-7] Waiting for [findElementDynamic(): By.cssSelector: input[id='phone_9']] took [0.01 s]
2018-01-27 at 00:42:30 CET logDebug - [pool-1-thread-7] Waiting for [findElementDynamic(): By.cssSelector: input[id='phone_9']] took [0.014 s]
2018-01-27 at 00:42:30 CET logDebug - [pool-1-thread-7] Waiting for [findElementDynamic(): By.cssSelector: input[id='username']] took [0.019 s]
2018-01-27 at 00:42:30 CET logDebug - [pool-1-thread-7] Waiting for [findElementDynamic(): By.cssSelector: input[id='username']] took [0.013 s]
2018-01-27 at 00:42:30 CET logDebug - [pool-1-thread-7] Waiting for [findElementDynamic(): By.cssSelector: input[id='username']] took [0.014 s]
2018-01-27 at 00:42:31 CET logDebug - [pool-1-thread-7] Waiting for [findElementDynamic(): By.cssSelector: input[id='email_1']] took [0.034 s]
2018-01-27 at 00:42:31 CET logDebug - [pool-1-thread-7] Waiting for [findElementDynamic(): By.cssSelector: input[id='email_1']] took [0.014 s]
2018-01-27 at 00:42:31 CET logDebug - [pool-1-thread-7] Waiting for [findElementDynamic(): By.cssSelector: input[id='email_1']] took [0.027 s]
2018-01-27 at 00:42:31 CET logDebug - [pool-1-thread-7] Waiting for [findElementDynamic(): By.cssSelector: textarea[ id='description' ]] took [0.037 s]
2018-01-27 at 00:42:31 CET logDebug - [pool-1-thread-7] Waiting for [findElementDynamic(): By.cssSelector: textarea[ id='description' ]] took [0.024 s]
2018-01-27 at 00:42:31 CET logDebug - [pool-1-thread-7] Waiting for [findElementDynamic(): By.cssSelector: textarea[ id='description' ]] took [0.026 s]
2018-01-27 at 00:42:32 CET logDebug - [pool-1-thread-7] Waiting for [findElementDynamic(): By.cssSelector: input[id='password_2']] took [0.046 s]
2018-01-27 at 00:42:32 CET logDebug - [pool-1-thread-7] Waiting for [findElementDynamic(): By.cssSelector: input[id='password_2']] took [0.012 s]
2018-01-27 at 00:42:32 CET logDebug - [pool-1-thread-7] Waiting for [findElementDynamic(): By.cssSelector: input[id='password_2']] took [0.02 s]
2018-01-27 at 00:42:32 CET logDebug - [pool-1-thread-7] Waiting for [findElementDynamic(): By.cssSelector: input[id='confirm_password_password_2']] took [0.023 s]
2018-01-27 at 00:42:32 CET logDebug - [pool-1-thread-7] Waiting for [findElementDynamic(): By.cssSelector: input[id='confirm_password_password_2']] took [0.014 s]
2018-01-27 at 00:42:32 CET logDebug - [pool-1-thread-7] Waiting for [findElementDynamic(): By.cssSelector: input[id='confirm_password_password_2']] took [0.05 s]
2018-01-27 at 00:42:33 CET logDebug - [pool-1-thread-7] Waiting for [findElementDynamic(): By.cssSelector: input[name='pie_submit']] took [0.036 s]
2018-01-27 at 00:42:33 CET logDebug - [pool-1-thread-7] Waiting for [findElementDynamic(): By.cssSelector: input[name='pie_submit']] took [0.018 s]
2018-01-27 at 00:42:33 CET logDebug - [pool-1-thread-7] Waiting for [waitForPageLoaded] took [0.012 s]
2018-01-27 at 00:42:33 CET logDebug - [pool-1-thread-7] Waiting for [findElementDynamic(): By.cssSelector: input[name='pie_submit']] took [0.021 s]
2018-01-27 at 00:42:35 CET logDebug - [pool-1-thread-7] Waiting for [waitForElementVisible(): By.cssSelector: p[class='piereg_login_error']] took [0.2 s]
2018-01-27 at 00:42:35 CET logDebug - [pool-1-thread-7] Waiting for [waitForElementVisible(): By.cssSelector: p[class='piereg_login_error']] took [0.025 s]
2018-01-27 at 00:42:35 CET logDebug - [pool-1-thread-7] Error: Username already exists
2018-01-27 at 00:42:35 CET logDebug - [pool-1-thread-7] Waiting for [findElementDynamic(): By.cssSelector: p[class='piereg_login_error']] took [0.012 s]
2018-01-27 at 00:42:35 CET logDebug - [pool-1-thread-7] Waiting for [findElementDynamic(): By.cssSelector: p[class='piereg_login_error']] took [0.01 s]
2018-01-27 at 00:42:35 CET logInfo - [pool-1-thread-7] registrationTest(com.capgemini.ntc.selenium.projectX.registration.RegisterOKTestDDInternalDataTest) PASSED.
2018-01-27 at 00:42:35 CET logDebug - [pool-1-thread-7] BasePage.onTestSuccess    RegistrationPage
2018-01-27 at 00:42:35 CET logInfo - [pool-1-thread-7] registrationTest(com.capgemini.ntc.selenium.projectX.registration.RegisterOKTestDDInternalDataTest) duration: 0,33 min
2018-01-27 at 00:42:37 CET logDebug - [pool-1-thread-7] BasePage.onTestFinish   RegistrationPage
2018-01-27 at 00:42:37 CET logDebug - [pool-1-thread-7] To remove observer: com.capgemini.ntc.selenium.pages.projectX.registration.RegistrationPage@49f427c2
2018-01-27 at 00:42:37 CET logDebug - [pool-1-thread-7] BaseTest.tearDownClass()
2018-01-27 at 00:42:37 CET logDebug - [pool-1-thread-7] BaseTestWatcher.observers: [com.capgemini.ntc.selenium.pages.projectX.registration.RegistrationPage@49f427c2]
2018-01-27 at 00:42:37 CET logDebug - [pool-1-thread-7] TestClassRule.classObservers: []
2018-01-27 at 00:42:37 CET logDebug - [pool-1-thread-7] BasePage.onTestClassFinish   RegistrationPage
2018-01-27 at 00:42:37 CET logDebug - [pool-1-thread-7] driver:NewChromeDriver: chrome on XP (82a444dea3a86d51af67cca75d62640d)
2018-01-27 at 00:42:37 CET logDebug - [pool-1-thread-7] Closing WebDriver for this thread. chrome
2018-01-27 at 00:42:37 CET logDebug - [pool-1-thread-7] All observers cleared.
2018-01-27 at 00:42:37 CET logInfo - [pool-1-thread-7] Step 1: Open the Url http://the-internet.herokuapp.com/
2018-01-27 at 00:42:37 CET logDebug - [pool-1-thread-7] Creating new browser=chrome WebDriver.
2018-01-27 at 00:42:43 CET logInfo - [pool-1-thread-7] Trying to set requested resolution: 1600x1200.
2018-01-27 at 00:42:44 CET logInfo - [pool-1-thread-7] Resolution readed from device: 1600x1100
2018-01-27 at 00:42:45 CET logInfo - [pool-1-thread-7] Trying to set increased resolution for 'View port': 1616x1200.
2018-01-27 at 00:42:45 CET logInfo - [pool-1-thread-7] Resolution readed from device: 1616x1100
2018-01-27 at 00:42:45 CET logDebug - [pool-1-thread-7] driver:NewChromeDriver: chrome on XP (279d0e554eaaadd06c12b4147621d2ee)
2018-01-27 at 00:42:45 CET logDebug - [pool-1-thread-7] To add observer: com.capgemini.ntc.selenium.pages.projectY.TheInternetPage@268ae36c
2018-01-27 at 00:42:45 CET logDebug - [pool-1-thread-7] BaseTestWatcher.observers: []
2018-01-27 at 00:42:45 CET logDebug - [pool-1-thread-7] TestClassRule.classObservers: []
2018-01-27 at 00:42:45 CET logDebug - [pool-1-thread-7] Added observer: com.capgemini.ntc.selenium.pages.projectY.TheInternetPage@268ae36c
2018-01-27 at 00:42:45 CET logDebug - [pool-1-thread-7] The internet page is loaded: data:,
2018-01-27 at 00:42:45 CET logDebug - [pool-1-thread-7] load page
2018-01-27 at 00:43:01 CET logDebug - [pool-1-thread-7] Waiting for [waitForPageLoaded] took [0.012 s]
2018-01-27 at 00:43:01 CET logInfo - [pool-1-thread-7] Step 2: Verify if Url http://the-internet.herokuapp.com/ opens
2018-01-27 at 00:43:01 CET logDebug - [pool-1-thread-7] The internet page is loaded: http://the-internet.herokuapp.com/
Input text element: com.capgemini.ntc.selenium.core.newDrivers.elementType.RadioButtonElement@52dc8d17 isn't clicked.
Tests run: 2, Failures: 0, Errors: 0, Skipped: 0, Time elapsed: 74.957 sec - in registrationTest
2018-01-27 at 00:43:02 CET logDebug - [pool-1-thread-1] Waiting for [waitForPageLoaded] took [0.031 s]
2018-01-27 at 00:43:02 CET logDebug - [pool-1-thread-1] The internet page is loaded: http://the-internet.herokuapp.com/
Running com.capgemini.ntc.selenium.features.samples.readFromTable.JsoupTest
Tests run: 1, Failures: 0, Errors: 0, Skipped: 0, Time elapsed: 2.229 sec - in com.capgemini.ntc.selenium.features.samples.readFromTable.JsoupTest
2018-01-27 at 00:43:02 CET logInfo - [pool-1-thread-1] shouldOpenABtestWhenClickABtestingLink(com.capgemini.ntc.selenium.projectY.ABtestingTest) STARTED.
2018-01-27 at 00:43:02 CET logInfo - [pool-1-thread-1] Step3 - click ABtesting link
2018-01-27 at 00:43:02 CET logDebug - [pool-1-thread-1] Waiting for [findElementDynamic(): By.cssSelector: li > a[href*=abtest]] took [0.092 s]
Running com.capgemini.ntc.selenium.projectX.navigationbar.NavigationBarTest
2018-01-27 at 00:41:22 CET logInfo - [pool-1-thread-4] test(com.capgemini.ntc.selenium.projectX.navigationbar.NavigationBarTest) STARTED.
2018-01-27 at 00:41:22 CET logInfo - [pool-1-thread-4] [Step 1] Open main page
2018-01-27 at 00:41:22 CET logDebug - [pool-1-thread-4] Creating new browser=chrome WebDriver.
2018-01-27 at 00:41:26 CET logInfo - [pool-1-thread-4] Trying to set requested resolution: 1600x1200.
2018-01-27 at 00:41:27 CET logInfo - [pool-1-thread-4] Resolution readed from device: 1600x1100
2018-01-27 at 00:41:27 CET logInfo - [pool-1-thread-4] Trying to set increased resolution for 'View port': 1616x1200.
2018-01-27 at 00:41:27 CET logInfo - [pool-1-thread-4] Resolution readed from device: 1616x1100
2018-01-27 at 00:41:27 CET logDebug - [pool-1-thread-4] driver:NewChromeDriver: chrome on XP (c804d5d112cf68662f404f8e70aae982)
2018-01-27 at 00:41:27 CET logDebug - [pool-1-thread-4] To add observer: com.capgemini.ntc.selenium.pages.projectX.MainPage@3ce496cd
2018-01-27 at 00:41:27 CET logDebug - [pool-1-thread-4] BaseTestWatcher.observers: []
2018-01-27 at 00:41:27 CET logDebug - [pool-1-thread-4] TestClassRule.classObservers: []
2018-01-27 at 00:41:27 CET logDebug - [pool-1-thread-4] Added observer: com.capgemini.ntc.selenium.pages.projectX.MainPage@3ce496cd
2018-01-27 at 00:41:27 CET logDebug - [pool-1-thread-4] Waiting for [waitForPageLoaded] took [0.013 s]
2018-01-27 at 00:41:27 CET logDebug - [pool-1-thread-4] com.capgemini.ntc.selenium.pages.projectX.MainPage: Current loaded page (http://demoqa.com/) with pageTitle (). Page to load: (http://demoqa.com/) ,for page title: (Demoqa | Just another WordPress site)
2018-01-27 at 00:41:37 CET logInfo - [pool-1-thread-4] [Step 2] Click navigation bar - Home
2018-01-27 at 00:41:37 CET logDebug - [pool-1-thread-4] To add observer: com.capgemini.ntc.selenium.pages.projectX.navigationbar.NavigationBar@c981ffe
2018-01-27 at 00:41:37 CET logDebug - [pool-1-thread-4] BaseTestWatcher.observers: [com.capgemini.ntc.selenium.pages.projectX.MainPage@3ce496cd]
2018-01-27 at 00:41:37 CET logDebug - [pool-1-thread-4] TestClassRule.classObservers: []
2018-01-27 at 00:41:37 CET logDebug - [pool-1-thread-4] Waiting for [waitForPageLoaded] took [0.016 s]
2018-01-27 at 00:41:37 CET logDebug - [pool-1-thread-4] Waiting for [findElementDynamic(): By.cssSelector: li[id='menu-item-38']] took [0.035 s]
2018-01-27 at 00:41:37 CET logDebug - [pool-1-thread-4] Waiting for [findElementDynamic(): By.cssSelector: li[id='menu-item-38']] took [0.032 s]
2018-01-27 at 00:41:37 CET logDebug - [pool-1-thread-4] Waiting for [waitForPageLoaded] took [0.013 s]
2018-01-27 at 00:41:37 CET logDebug - [pool-1-thread-4] Waiting for [findElementDynamic(): By.cssSelector: li[id='menu-item-38']] took [0.019 s]
2018-01-27 at 00:41:38 CET logInfo - [pool-1-thread-4] Clicking on Navigation bar link - Home
2018-01-27 at 00:41:38 CET logDebug - [pool-1-thread-4] Waiting for [waitForPageLoaded] took [0.041 s]
2018-01-27 at 00:41:38 CET logInfo - [pool-1-thread-4] [Step 3] Verify if main page is opened
2018-01-27 at 00:41:38 CET logDebug - [pool-1-thread-4] To add observer: com.capgemini.ntc.selenium.pages.projectX.navigationbar.home.NavBarHome@1944d81b
2018-01-27 at 00:41:38 CET logDebug - [pool-1-thread-4] BaseTestWatcher.observers: [com.capgemini.ntc.selenium.pages.projectX.MainPage@3ce496cd]
2018-01-27 at 00:41:38 CET logDebug - [pool-1-thread-4] TestClassRule.classObservers: []
2018-01-27 at 00:41:38 CET logDebug - [pool-1-thread-4] Waiting for [waitForPageLoaded] took [0.012 s]
2018-01-27 at 00:41:38 CET logDebug - [pool-1-thread-4] Waiting for [waitForPageLoaded] took [0.014 s]
2018-01-27 at 00:41:38 CET logInfo - [pool-1-thread-4] test(com.capgemini.ntc.selenium.projectX.navigationbar.NavigationBarTest) PASSED.
2018-01-27 at 00:41:38 CET logDebug - [pool-1-thread-4] BasePage.onTestSuccess    MainPage
2018-01-27 at 00:41:38 CET logInfo - [pool-1-thread-4] test(com.capgemini.ntc.selenium.projectX.navigationbar.NavigationBarTest) duration: 0,28 min
2018-01-27 at 00:41:38 CET logDebug - [pool-1-thread-4] BasePage.onTestFinish   MainPage
2018-01-27 at 00:41:38 CET logDebug - [pool-1-thread-4] To remove observer: com.capgemini.ntc.selenium.pages.projectX.MainPage@3ce496cd
2018-01-27 at 00:41:38 CET logDebug - [pool-1-thread-4] BaseTest.tearDownClass()
2018-01-27 at 00:41:38 CET logDebug - [pool-1-thread-4] BaseTestWatcher.observers: [com.capgemini.ntc.selenium.pages.projectX.MainPage@3ce496cd]
2018-01-27 at 00:41:38 CET logDebug - [pool-1-thread-4] TestClassRule.classObservers: []
2018-01-27 at 00:41:38 CET logDebug - [pool-1-thread-4] BasePage.onTestClassFinish   MainPage
2018-01-27 at 00:41:38 CET logDebug - [pool-1-thread-4] driver:NewChromeDriver: chrome on XP (c804d5d112cf68662f404f8e70aae982)
2018-01-27 at 00:41:38 CET logDebug - [pool-1-thread-4] Closing WebDriver for this thread. chrome
2018-01-27 at 00:41:39 CET logDebug - [pool-1-thread-4] All observers cleared.
2018-01-27 at 00:42:37 CET logInfo - [pool-1-thread-4] Step 1: Open the Url http://the-internet.herokuapp.com/
2018-01-27 at 00:42:37 CET logDebug - [pool-1-thread-4] Creating new browser=chrome WebDriver.
2018-01-27 at 00:42:42 CET logInfo - [pool-1-thread-4] Trying to set requested resolution: 1600x1200.
2018-01-27 at 00:42:43 CET logInfo - [pool-1-thread-4] Resolution readed from device: 1600x1100
2018-01-27 at 00:42:43 CET logInfo - [pool-1-thread-4] Trying to set increased resolution for 'View port': 1616x1200.
2018-01-27 at 00:42:44 CET logInfo - [pool-1-thread-4] Resolution readed from device: 1616x1100
2018-01-27 at 00:42:44 CET logDebug - [pool-1-thread-4] driver:NewChromeDriver: chrome on XP (dfb79060e8a43ae4dc510a7b073e3779)
2018-01-27 at 00:42:44 CET logDebug - [pool-1-thread-4] To add observer: com.capgemini.ntc.selenium.pages.projectY.TheInternetPage@2b23fe78
2018-01-27 at 00:42:44 CET logDebug - [pool-1-thread-4] BaseTestWatcher.observers: []
2018-01-27 at 00:42:44 CET logDebug - [pool-1-thread-4] TestClassRule.classObservers: []
2018-01-27 at 00:42:44 CET logDebug - [pool-1-thread-4] Added observer: com.capgemini.ntc.selenium.pages.projectY.TheInternetPage@2b23fe78
2018-01-27 at 00:42:44 CET logDebug - [pool-1-thread-4] The internet page is loaded: data:,
2018-01-27 at 00:42:44 CET logDebug - [pool-1-thread-4] load page
2018-01-27 at 00:43:01 CET logDebug - [pool-1-thread-4] Waiting for [waitForPageLoaded] took [0.023 s]
2018-01-27 at 00:43:01 CET logInfo - [pool-1-thread-4] Step 2: Verify if Url http://the-internet.herokuapp.com/ opens
2018-01-27 at 00:43:01 CET logDebug - [pool-1-thread-4] The internet page is loaded: http://the-internet.herokuapp.com/
2018-01-27 at 00:43:01 CET logInfo - [pool-1-thread-4] Step 3: Click Checkboxes link
2018-01-27 at 00:43:01 CET logDebug - [pool-1-thread-4] Waiting for [findElementDynamic(): By.cssSelector: li > a[href*=checkboxes]] took [0.031 s]
2018-01-27 at 00:43:02 CET logDebug - [pool-1-thread-4] To add observer: com.capgemini.ntc.selenium.pages.projectY.CheckboxesPage@5deb72ee
2018-01-27 at 00:43:02 CET logDebug - [pool-1-thread-4] BaseTestWatcher.observers: []
2018-01-27 at 00:43:02 CET logDebug - [pool-1-thread-4] TestClassRule.classObservers: [com.capgemini.ntc.selenium.pages.projectY.TheInternetPage@2b23fe78]
2018-01-27 at 00:43:02 CET logDebug - [pool-1-thread-4] The checkboxes page is loaded.
2018-01-27 at 00:43:02 CET logInfo - [pool-1-thread-4] Step 4: Verify if Checkboxes Page opens
2018-01-27 at 00:43:02 CET logDebug - [pool-1-thread-4] The checkboxes page is loaded.
2018-01-27 at 00:43:02 CET logInfo - [pool-1-thread-4] Step 5: Verify if checkboxes elements are visible
2018-01-27 at 00:43:03 CET logDebug - [pool-1-thread-4] Waiting for [findElementDynamic(): By.cssSelector: #checkboxes] took [0.136 s]
Tests run: 1, Failures: 0, Errors: 0, Skipped: 0, Time elapsed: 16.886 sec - in com.capgemini.ntc.selenium.projectX.navigationbar.NavigationBarTest
2018-01-27 at 00:43:03 CET logDebug - [pool-1-thread-1] To add observer: com.capgemini.ntc.selenium.pages.projectY.ABtestPage@47de4eca
2018-01-27 at 00:43:03 CET logDebug - [pool-1-thread-1] BaseTestWatcher.observers: []
2018-01-27 at 00:43:03 CET logDebug - [pool-1-thread-1] TestClassRule.classObservers: [com.capgemini.ntc.selenium.pages.projectY.TheInternetPage@1e84a685]
2018-01-27 at 00:43:03 CET logInfo - [pool-1-thread-1] shouldOpenABtestWhenClickABtestingLink(com.capgemini.ntc.selenium.projectY.ABtestingTest) PASSED.
2018-01-27 at 00:43:03 CET logDebug - [pool-1-thread-1] BasePage.onTestSuccess    TheInternetPage
2018-01-27 at 00:43:03 CET logInfo - [pool-1-thread-1] shouldOpenABtestWhenClickABtestingLink(com.capgemini.ntc.selenium.projectY.ABtestingTest) duration: 0,03 min
2018-01-27 at 00:43:04 CET logDebug - [pool-1-thread-1] Waiting for [waitForPageLoaded] took [0.039 s]
2018-01-27 at 00:43:04 CET logInfo - [pool-1-thread-1] shouldOpenElementalSeleniumPageWhenClickElementalSeleniumLink(com.capgemini.ntc.selenium.projectY.ABtestingTest) STARTED.
2018-01-27 at 00:43:04 CET logInfo - [pool-1-thread-1] Step3 - click ABtesting link
2018-01-27 at 00:43:04 CET logDebug - [pool-1-thread-1] Waiting for [findElementDynamic(): By.cssSelector: li > a[href*=abtest]] took [0.144 s]
2018-01-27 at 00:43:06 CET logDebug - [pool-1-thread-1] To add observer: com.capgemini.ntc.selenium.pages.projectY.ABtestPage@32ae7ec6
2018-01-27 at 00:43:06 CET logDebug - [pool-1-thread-1] BaseTestWatcher.observers: []
2018-01-27 at 00:43:06 CET logDebug - [pool-1-thread-1] TestClassRule.classObservers: [com.capgemini.ntc.selenium.pages.projectY.TheInternetPage@1e84a685]
2018-01-27 at 00:43:06 CET logInfo - [pool-1-thread-1] Step4 - click Elemental Selenium link
2018-01-27 at 00:43:06 CET logDebug - [pool-1-thread-1] Waiting for [findElementDynamic(): By.cssSelector: div > div > a] took [0.229 s]
2018-01-27 at 00:43:07 CET logDebug - [pool-1-thread-1] Waiting for [waitForPageLoaded] took [0.068 s]
2018-01-27 at 00:43:07 CET logDebug - [pool-1-thread-1] To add observer: com.capgemini.ntc.selenium.pages.projectY.ElementalSeleniumPage@22ee7776
2018-01-27 at 00:43:07 CET logDebug - [pool-1-thread-1] BaseTestWatcher.observers: []
2018-01-27 at 00:43:07 CET logDebug - [pool-1-thread-1] TestClassRule.classObservers: [com.capgemini.ntc.selenium.pages.projectY.TheInternetPage@1e84a685]
2018-01-27 at 00:43:07 CET logDebug - [pool-1-thread-1] load()
2018-01-27 at 00:43:07 CET logInfo - [pool-1-thread-1] Step5 - switch tab in browser to new opened Elemental Selenium link
2018-01-27 at 00:43:09 CET logInfo - [pool-1-thread-1] shouldOpenElementalSeleniumPageWhenClickElementalSeleniumLink(com.capgemini.ntc.selenium.projectY.ABtestingTest) PASSED.
2018-01-27 at 00:43:09 CET logDebug - [pool-1-thread-1] BasePage.onTestSuccess    TheInternetPage
2018-01-27 at 00:43:09 CET logInfo - [pool-1-thread-1] shouldOpenElementalSeleniumPageWhenClickElementalSeleniumLink(com.capgemini.ntc.selenium.projectY.ABtestingTest) duration: 0,09 min
2018-01-27 at 00:43:09 CET logDebug - [pool-1-thread-1] Waiting for [waitForPageLoaded] took [0.547 s]
2018-01-27 at 00:43:09 CET logDebug - [pool-1-thread-1] BaseTest.tearDownClass()
2018-01-27 at 00:43:09 CET logDebug - [pool-1-thread-1] BaseTestWatcher.observers: []
2018-01-27 at 00:43:09 CET logDebug - [pool-1-thread-1] TestClassRule.classObservers: [com.capgemini.ntc.selenium.pages.projectY.TheInternetPage@1e84a685]
2018-01-27 at 00:43:09 CET logDebug - [pool-1-thread-1] BasePage.onTestClassFinish   TheInternetPage
2018-01-27 at 00:43:09 CET logDebug - [pool-1-thread-1] driver:NewChromeDriver: chrome on XP (5a4f4aa6f2e8ad70ec143365f5cbfc19)
2018-01-27 at 00:43:09 CET logDebug - [pool-1-thread-1] Closing WebDriver for this thread. chrome
2018-01-27 at 00:43:11 CET logDebug - [pool-1-thread-1] All observers cleared.
sty 27, 2018 12:43:11 AM org.openqa.selenium.remote.DesiredCapabilities chrome
INFO: Using `new ChromeOptions()` is preferred to `DesiredCapabilities.chrome()`
Running com.capgemini.ntc.selenium.projectY.BrokenImagesTest
Tests run: 1, Failures: 0, Errors: 0, Skipped: 0, Time elapsed: 29.947 sec - in com.capgemini.ntc.selenium.projectY.BrokenImagesTest
Running com.capgemini.ntc.selenium.projectY.DropdownTest
Tests run: 2, Failures: 0, Errors: 0, Skipped: 0, Time elapsed: 32.921 sec - in com.capgemini.ntc.selenium.projectY.DropdownTest
Running com.capgemini.ntc.selenium.projectY.ABtestingTest
Tests run: 2, Failures: 0, Errors: 0, Skipped: 0, Time elapsed: 7.662 sec - in com.capgemini.ntc.selenium.projectY.ABtestingTest
Running com.capgemini.ntc.selenium.projectY.KeyPressesTest
Tests run: 1, Failures: 0, Errors: 0, Skipped: 0, Time elapsed: 29.051 sec - in com.capgemini.ntc.selenium.projectY.KeyPressesTest
2018-01-27 at 00:43:11 CET logInfo - [pool-1-thread-1] test(com.capgemini.ntc.selenium.features.webElements.LabelTest) STARTED.
2018-01-27 at 00:43:11 CET logDebug - [pool-1-thread-1] Creating new browser=chrome WebDriver.
Running com.capgemini.ntc.selenium.projectY.ChallengingDomTest
Tests run: 1, Failures: 0, Errors: 0, Skipped: 0, Time elapsed: 31.154 sec - in com.capgemini.ntc.selenium.projectY.ChallengingDomTest
Running com.capgemini.ntc.selenium.projectY.HoversTest
Tests run: 1, Failures: 0, Errors: 0, Skipped: 0, Time elapsed: 29.911 sec - in com.capgemini.ntc.selenium.projectY.HoversTest
Running com.capgemini.ntc.selenium.projectY.CheckboxesTest
Tests run: 2, Failures: 0, Errors: 0, Skipped: 0, Time elapsed: 4.935 sec - in com.capgemini.ntc.selenium.projectY.CheckboxesTest
Starting ChromeDriver 2.33.506120 (e3e53437346286c0bc2d2dc9aa4915ba81d9023f) on port 45352
Only local connections are allowed.
sty 27, 2018 12:43:15 AM org.openqa.selenium.remote.ProtocolHandshake createSession
INFO: Detected dialect: OSS
2018-01-27 at 00:43:15 CET logInfo - [pool-1-thread-1] Trying to set requested resolution: 1600x1200.
2018-01-27 at 00:43:17 CET logInfo - [pool-1-thread-1] Resolution readed from device: 1600x1100
2018-01-27 at 00:43:17 CET logInfo - [pool-1-thread-1] Trying to set increased resolution for 'View port': 1616x1200.
2018-01-27 at 00:43:17 CET logInfo - [pool-1-thread-1] Resolution readed from device: 1616x1100
2018-01-27 at 00:43:17 CET logDebug - [pool-1-thread-1] driver:NewChromeDriver: chrome on XP (ca7b95849fe260252d3ea889d88e792d)
Running com.capgemini.ntc.selenium.projectY.MultipleWindowsTest
Tests run: 1, Failures: 0, Errors: 0, Skipped: 0, Time elapsed: 3.536 sec - in com.capgemini.ntc.selenium.projectY.MultipleWindowsTest
2018-01-27 at 00:43:43 CET logDebug - [pool-1-thread-1] Waiting for [findElementDynamic(): By.cssSelector: span.bcd] took [1.203 s]
2018-01-27 at 00:43:44 CET logDebug - [pool-1-thread-1] Waiting for [findElementDynamic(): By.cssSelector: span.bcd] took [0.253 s]
2018-01-27 at 00:43:44 CET logDebug - [pool-1-thread-1] Waiting for [findElementDynamic(): By.cssSelector: span.bcd] took [0.235 s]
2018-01-27 at 00:43:45 CET logDebug - [pool-1-thread-1] Waiting for [findElementDynamic(): By.cssSelector: span.bcd] took [0.217 s]
2018-01-27 at 00:43:45 CET logDebug - [pool-1-thread-1] Waiting for [findElementDynamic(): By.cssSelector: span.bcd] took [0.127 s]
2018-01-27 at 00:43:45 CET logInfo - [pool-1-thread-1] test(com.capgemini.ntc.selenium.features.webElements.LabelTest) PASSED.
2018-01-27 at 00:43:45 CET logInfo - [pool-1-thread-1] test(com.capgemini.ntc.selenium.features.webElements.LabelTest) duration: 0,57 min
Running com.capgemini.ntc.selenium.features.webElements.CheckBoxTest
2018-01-27 at 00:43:47 CET logDebug - [pool-1-thread-1] BaseTest.tearDownClass()
2018-01-27 at 00:43:47 CET logDebug - [pool-1-thread-1] BaseTestWatcher.observers: []
2018-01-27 at 00:43:47 CET logDebug - [pool-1-thread-1] TestClassRule.classObservers: []
2018-01-27 at 00:43:47 CET logDebug - [pool-1-thread-1] All observers cleared.
Tests run: 5, Failures: 0, Errors: 0, Skipped: 0, Time elapsed: 35.864 sec - in com.capgemini.ntc.selenium.features.webElements.CheckBoxTest
Running com.capgemini.ntc.selenium.features.webElements.LabelTest
Tests run: 1, Failures: 0, Errors: 0, Skipped: 0, Time elapsed: 35.891 sec - in com.capgemini.ntc.selenium.features.webElements.LabelTest
2018-01-27 at 00:43:47 CET logInfo - [pool-1-thread-1] testPossibleValues(com.capgemini.ntc.selenium.features.webElements.TabTest) STARTED.
Running com.capgemini.ntc.selenium.features.webElements.ButtonTest
Tests run: 1, Failures: 0, Errors: 0, Skipped: 0, Time elapsed: 48.418 sec - in com.capgemini.ntc.selenium.features.webElements.ButtonTest
Running com.capgemini.ntc.selenium.features.webElements.MenuTest
Tests run: 8, Failures: 0, Errors: 0, Skipped: 0, Time elapsed: 49.089 sec - in com.capgemini.ntc.selenium.features.webElements.MenuTest
Running com.capgemini.ntc.selenium.features.webElements.InputTextTest
Tests run: 1, Failures: 0, Errors: 0, Skipped: 0, Time elapsed: 49.593 sec - in com.capgemini.ntc.selenium.features.webElements.InputTextTest
2018-01-27 at 00:44:04 CET logDebug - [pool-1-thread-1] Waiting for [findElementDynamic(): By.cssSelector: ul[role='tablist']] took [0.113 s]
2018-01-27 at 00:44:04 CET logDebug - [pool-1-thread-1] Waiting for [findElementDynamic(): By.cssSelector: ul[role='tablist']] took [0.132 s]
Running com.capgemini.ntc.selenium.features.webElements.RadioButtonTest
Input text element: com.capgemini.ntc.selenium.core.newDrivers.elementType.RadioButtonElement@ed85817 isn't clicked.
Input text element: com.capgemini.ntc.selenium.core.newDrivers.elementType.RadioButtonElement@ed85817 isn't clicked.
Input text element: com.capgemini.ntc.selenium.core.newDrivers.elementType.RadioButtonElement@7552c2c isn't clicked.
Tests run: 4, Failures: 0, Errors: 0, Skipped: 0, Time elapsed: 17.522 sec - in com.capgemini.ntc.selenium.features.webElements.RadioButtonTest
2018-01-27 at 00:44:04 CET logInfo - [pool-1-thread-1] testPossibleValues(com.capgemini.ntc.selenium.features.webElements.TabTest) PASSED.
2018-01-27 at 00:44:04 CET logInfo - [pool-1-thread-1] testPossibleValues(com.capgemini.ntc.selenium.features.webElements.TabTest) duration: 0,29 min
2018-01-27 at 00:44:04 CET logInfo - [pool-1-thread-1] testSelection(com.capgemini.ntc.selenium.features.webElements.TabTest) STARTED.
2018-01-27 at 00:44:06 CET logDebug - [pool-1-thread-1] Waiting for [findElementDynamic(): By.cssSelector: ul[role='tablist']] took [0.028 s]
2018-01-27 at 00:44:06 CET logDebug - [pool-1-thread-1] Waiting for [findElementDynamic(): By.cssSelector: ul[role='tablist']] took [0.037 s]
2018-01-27 at 00:44:07 CET logDebug - [pool-1-thread-1] Waiting for [findElementDynamic(): By.cssSelector: ul[role='tablist']] took [0.037 s]
2018-01-27 at 00:44:07 CET logDebug - [pool-1-thread-1] Waiting for [findElementDynamic(): By.cssSelector: ul[role='tablist']] took [0.022 s]
2018-01-27 at 00:44:07 CET logDebug - [pool-1-thread-1] Waiting for [findElementDynamic(): By.cssSelector: ul[role='tablist']] took [0.026 s]
2018-01-27 at 00:44:07 CET logDebug - [pool-1-thread-1] Waiting for [findElementDynamic(): By.cssSelector: ul[role='tablist']] took [0.03 s]
2018-01-27 at 00:44:07 CET logDebug - [pool-1-thread-1] Waiting for [findElementDynamic(): By.cssSelector: ul[role='tablist']] took [0.019 s]
2018-01-27 at 00:44:07 CET logDebug - [pool-1-thread-1] Waiting for [findElementDynamic(): By.cssSelector: ul[role='tablist']] took [0.016 s]
2018-01-27 at 00:44:07 CET logInfo - [pool-1-thread-1] testSelection(com.capgemini.ntc.selenium.features.webElements.TabTest) PASSED.
2018-01-27 at 00:44:07 CET logInfo - [pool-1-thread-1] testSelection(com.capgemini.ntc.selenium.features.webElements.TabTest) duration: 0,05 min
2018-01-27 at 00:44:07 CET logInfo - [pool-1-thread-1] testSelectionSpecifiedItem(com.capgemini.ntc.selenium.features.webElements.TabTest) STARTED.
2018-01-27 at 00:44:09 CET logDebug - [pool-1-thread-1] Waiting for [findElementDynamic(): By.cssSelector: ul[role='tablist']] took [0.103 s]
2018-01-27 at 00:44:09 CET logDebug - [pool-1-thread-1] Waiting for [findElementDynamic(): By.cssSelector: ul[role='tablist']] took [0.032 s]
2018-01-27 at 00:44:09 CET logDebug - [pool-1-thread-1] Waiting for [findElementDynamic(): By.cssSelector: ul[role='tablist']] took [0.03 s]
2018-01-27 at 00:44:09 CET logDebug - [pool-1-thread-1] Waiting for [findElementDynamic(): By.cssSelector: ul[role='tablist']] took [0.057 s]
2018-01-27 at 00:44:09 CET logDebug - [pool-1-thread-1] Waiting for [findElementDynamic(): By.cssSelector: ul[role='tablist']] took [0.034 s]
2018-01-27 at 00:44:09 CET logDebug - [pool-1-thread-1] Waiting for [findElementDynamic(): By.cssSelector: ul[role='tablist']] took [0.021 s]
2018-01-27 at 00:44:10 CET logDebug - [pool-1-thread-1] Waiting for [findElementDynamic(): By.cssSelector: ul[role='tablist']] took [0.02 s]
2018-01-27 at 00:44:10 CET logInfo - [pool-1-thread-1] testSelectionSpecifiedItem(com.capgemini.ntc.selenium.features.webElements.TabTest) PASSED.
2018-01-27 at 00:44:10 CET logInfo - [pool-1-thread-1] testSelectionSpecifiedItem(com.capgemini.ntc.selenium.features.webElements.TabTest) duration: 0,04 min
2018-01-27 at 00:44:10 CET logInfo - [pool-1-thread-1] testRadioButtonElementsCount(com.capgemini.ntc.selenium.features.webElements.TabTest) STARTED.
2018-01-27 at 00:44:11 CET logDebug - [pool-1-thread-1] Waiting for [findElementDynamic(): By.cssSelector: ul[role='tablist']] took [0.03 s]
2018-01-27 at 00:44:11 CET logDebug - [pool-1-thread-1] Waiting for [findElementDynamic(): By.cssSelector: ul[role='tablist']] took [0.045 s]
2018-01-27 at 00:44:11 CET logInfo - [pool-1-thread-1] testRadioButtonElementsCount(com.capgemini.ntc.selenium.features.webElements.TabTest) PASSED.
2018-01-27 at 00:44:11 CET logInfo - [pool-1-thread-1] testRadioButtonElementsCount(com.capgemini.ntc.selenium.features.webElements.TabTest) duration: 0,02 min
2018-01-27 at 00:44:11 CET logDebug - [pool-1-thread-1] BaseTest.tearDownClass()
2018-01-27 at 00:44:11 CET logDebug - [pool-1-thread-1] BaseTestWatcher.observers: []
2018-01-27 at 00:44:11 CET logDebug - [pool-1-thread-1] TestClassRule.classObservers: []
Running com.capgemini.ntc.selenium.features.webElements.TabTest
Tests run: 4, Failures: 0, Errors: 0, Skipped: 0, Time elapsed: 24.134 sec - in com.capgemini.ntc.selenium.features.webElements.TabTest
2018-01-27 at 00:44:11 CET logDebug - [pool-1-thread-1] All observers cleared.
2018-01-27 at 00:44:11 CET logInfo - [pool-1-thread-1] registrationTest(com.capgemini.ntc.selenium.projectX.registration.RegisterOKTestDDExternalDataTest) STARTED.
2018-01-27 at 00:44:11 CET logDebug - [pool-1-thread-1] To add observer: com.capgemini.ntc.selenium.pages.projectX.registration.RegistrationPage@3e78eb32
2018-01-27 at 00:44:11 CET logDebug - [pool-1-thread-1] BaseTestWatcher.observers: []
2018-01-27 at 00:44:11 CET logDebug - [pool-1-thread-1] TestClassRule.classObservers: []
2018-01-27 at 00:44:11 CET logDebug - [pool-1-thread-1] Added observer: com.capgemini.ntc.selenium.pages.projectX.registration.RegistrationPage@3e78eb32
2018-01-27 at 00:44:11 CET logDebug - [pool-1-thread-1] Waiting for [waitForPageLoaded] took [0.034 s]
2018-01-27 at 00:44:11 CET logDebug - [pool-1-thread-1] com.capgemini.ntc.selenium.pages.projectX.registration.RegistrationPage: Current loaded page (http://demoqa.com/registration/) with pageTitle (Tabs | Demoqa). Page to load: (http://demoqa.com/registration/) ,for page title: (Registration | Demoqa)
2018-01-27 at 00:44:12 CET logDebug - [pool-1-thread-1] Waiting for [waitForPageLoaded] took [0.035 s]
2018-01-27 at 00:44:12 CET logDebug - [pool-1-thread-1] Waiting for [findElementDynamic(): By.cssSelector: input[id='name_3_firstname']] took [0.032 s]
2018-01-27 at 00:44:13 CET logDebug - [pool-1-thread-1] Waiting for [findElementDynamic(): By.cssSelector: input[id='name_3_firstname']] took [0.106 s]
2018-01-27 at 00:44:13 CET logDebug - [pool-1-thread-1] Waiting for [findElementDynamic(): By.cssSelector: input[id='name_3_firstname']] took [0.071 s]
2018-01-27 at 00:44:13 CET logDebug - [pool-1-thread-1] Waiting for [findElementDynamic(): By.cssSelector: input[id='name_3_lastname']] took [0.073 s]
2018-01-27 at 00:44:14 CET logDebug - [pool-1-thread-1] Waiting for [findElementDynamic(): By.cssSelector: input[id='name_3_lastname']] took [0.115 s]
2018-01-27 at 00:44:14 CET logDebug - [pool-1-thread-1] Waiting for [findElementDynamic(): By.cssSelector: input[id='name_3_lastname']] took [0.204 s]
2018-01-27 at 00:44:15 CET logDebug - [pool-1-thread-1] Waiting for [findElementDynamic(): By.cssSelector: div[class='radio_wrap']] took [0.041 s]
2018-01-27 at 00:44:15 CET logDebug - [pool-1-thread-1] Waiting for [findElementDynamic(): By.cssSelector: div[class='radio_wrap']] took [0.017 s]
2018-01-27 at 00:44:15 CET logDebug - [pool-1-thread-1] Waiting for [findElementDynamic(): By.cssSelector: div[class='radio_wrap']] took [0.035 s]
2018-01-27 at 00:44:16 CET logDebug - [pool-1-thread-1] Waiting for [findElementDynamic(): By.cssSelector: li.fields.pageFields_1:nth-child(3) div.radio_wrap] took [0.087 s]
2018-01-27 at 00:44:16 CET logDebug - [pool-1-thread-1] Waiting for [findElementDynamic(): By.cssSelector: li.fields.pageFields_1:nth-child(3) div.radio_wrap] took [0.04 s]
2018-01-27 at 00:44:17 CET logDebug - [pool-1-thread-1] Waiting for [findElementDynamic(): By.cssSelector: select[id='dropdown_7']] took [0.112 s]
2018-01-27 at 00:44:17 CET logDebug - [pool-1-thread-1] Waiting for [findElementDynamic(): By.cssSelector: select[id='dropdown_7']] took [0.051 s]
2018-01-27 at 00:44:17 CET logDebug - [pool-1-thread-1] Waiting for [findElementDynamic(): By.cssSelector: select[id='dropdown_7']] took [0.1 s]
Running com.capgemini.ntc.selenium.features.webElements.TooltipTest
Tests run: 1, Failures: 0, Errors: 0, Skipped: 0, Time elapsed: 19.514 sec - in com.capgemini.ntc.selenium.features.webElements.TooltipTest
2018-01-27 at 00:44:36 CET logDebug - [pool-1-thread-1] Waiting for [findElementDynamic(): By.cssSelector: select[id='dropdown_7']] took [0.14 s]
2018-01-27 at 00:44:37 CET logDebug - [pool-1-thread-1] Waiting for [findElementDynamic(): By.cssSelector: select[id='mm_date_8']] took [0.068 s]
2018-01-27 at 00:44:37 CET logDebug - [pool-1-thread-1] Waiting for [findElementDynamic(): By.cssSelector: select[id='mm_date_8']] took [0.033 s]
2018-01-27 at 00:44:37 CET logDebug - [pool-1-thread-1] Waiting for [findElementDynamic(): By.cssSelector: select[id='mm_date_8']] took [0.038 s]
2018-01-27 at 00:44:38 CET logDebug - [pool-1-thread-1] Waiting for [findElementDynamic(): By.cssSelector: select[id='mm_date_8']] took [0.029 s]
2018-01-27 at 00:44:38 CET logDebug - [pool-1-thread-1] Waiting for [findElementDynamic(): By.cssSelector: select[id='dd_date_8']] took [0.034 s]
2018-01-27 at 00:44:38 CET logDebug - [pool-1-thread-1] Waiting for [findElementDynamic(): By.cssSelector: select[id='dd_date_8']] took [0.021 s]
2018-01-27 at 00:44:39 CET logDebug - [pool-1-thread-1] Waiting for [findElementDynamic(): By.cssSelector: select[id='dd_date_8']] took [0.036 s]
2018-01-27 at 00:44:41 CET logDebug - [pool-1-thread-1] Waiting for [findElementDynamic(): By.cssSelector: select[id='dd_date_8']] took [0.019 s]
2018-01-27 at 00:44:41 CET logDebug - [pool-1-thread-1] Waiting for [findElementDynamic(): By.cssSelector: select[id='yy_date_8']] took [0.06 s]
2018-01-27 at 00:44:41 CET logDebug - [pool-1-thread-1] Waiting for [findElementDynamic(): By.cssSelector: select[id='yy_date_8']] took [0.054 s]
2018-01-27 at 00:44:42 CET logDebug - [pool-1-thread-1] Waiting for [findElementDynamic(): By.cssSelector: select[id='yy_date_8']] took [0.047 s]
sty 27, 2018 12:44:45 AM org.openqa.selenium.os.OsProcess destroy
INFO: Unable to drain process streams. Ignoring but the exception being swallowed follows.
org.apache.commons.exec.ExecuteException: The stop timeout of 2000 ms was exceeded (Exit value: -559038737)
	at org.apache.commons.exec.PumpStreamHandler.stopThread(PumpStreamHandler.java:295)
	at org.apache.commons.exec.PumpStreamHandler.stop(PumpStreamHandler.java:181)
	at org.openqa.selenium.os.OsProcess.destroy(OsProcess.java:136)
	at org.openqa.selenium.os.CommandLine.destroy(CommandLine.java:153)
	at org.openqa.selenium.remote.service.DriverService.stop(DriverService.java:222)
	at org.openqa.selenium.remote.service.DriverCommandExecutor.execute(DriverCommandExecutor.java:95)
	at org.openqa.selenium.remote.RemoteWebDriver.execute(RemoteWebDriver.java:601)
	at org.openqa.selenium.remote.RemoteWebDriver.execute(RemoteWebDriver.java:658)
	at org.openqa.selenium.remote.RemoteWebDriver.quit(RemoteWebDriver.java:497)
	at com.capgemini.ntc.selenium.core.newDrivers.DriverManager.closeDriver(DriverManager.java:86)
	at com.capgemini.ntc.selenium.core.BasePage.onTestClassFinish(BasePage.java:126)
	at java.util.ArrayList.forEach(ArrayList.java:1249)
	at com.capgemini.ntc.test.core.BaseTest.tearDownClass(BaseTest.java:71)
	at sun.reflect.GeneratedMethodAccessor7.invoke(Unknown Source)
	at sun.reflect.DelegatingMethodAccessorImpl.invoke(DelegatingMethodAccessorImpl.java:43)
	at java.lang.reflect.Method.invoke(Method.java:497)
	at org.junit.runners.model.FrameworkMethod$1.runReflectiveCall(FrameworkMethod.java:50)
	at org.junit.internal.runners.model.ReflectiveCallable.run(ReflectiveCallable.java:12)
	at org.junit.runners.model.FrameworkMethod.invokeExplosively(FrameworkMethod.java:47)
	at com.capgemini.ntc.test.core.testRunners.core.CustomRunAfters.evaluate(CustomRunAfters.java:43)
	at org.junit.rules.ExternalResource$1.evaluate(ExternalResource.java:48)
	at org.junit.rules.RunRules.evaluate(RunRules.java:20)
	at com.capgemini.ntc.test.core.testRunners.ParallelTestClassRunner.run(ParallelTestClassRunner.java:33)
	at org.junit.runners.Suite.runChild(Suite.java:128)
	at org.junit.runners.Suite.runChild(Suite.java:27)
	at org.junit.runners.ParentRunner$3.run(ParentRunner.java:290)
	at org.apache.maven.surefire.junitcore.pc.Scheduler$1.run(Scheduler.java:393)
	at java.util.concurrent.Executors$RunnableAdapter.call(Executors.java:511)
	at java.util.concurrent.FutureTask.run(FutureTask.java:266)
	at java.util.concurrent.ThreadPoolExecutor.runWorker(ThreadPoolExecutor.java:1142)
	at java.util.concurrent.ThreadPoolExecutor$Worker.run(ThreadPoolExecutor.java:617)
	at java.lang.Thread.run(Thread.java:745)

sty 27, 2018 12:44:45 AM org.openqa.selenium.os.OsProcess destroy
SEVERE: Unable to kill process java.lang.ProcessImpl@d4b7c81
sty 27, 2018 12:44:46 AM org.openqa.selenium.remote.DesiredCapabilities chrome
INFO: Using `new ChromeOptions()` is preferred to `DesiredCapabilities.chrome()`
Starting ChromeDriver 2.33.506120 (e3e53437346286c0bc2d2dc9aa4915ba81d9023f) on port 10529
Only local connections are allowed.
2018-01-27 at 00:44:55 CET logDebug - [pool-1-thread-1] Waiting for [findElementDynamic(): By.cssSelector: select[id='yy_date_8']] took [0.042 s]
2018-01-27 at 00:44:55 CET logDebug - [pool-1-thread-1] Waiting for [findElementDynamic(): By.cssSelector: input[id='phone_9']] took [0.026 s]
2018-01-27 at 00:44:55 CET logDebug - [pool-1-thread-1] Waiting for [findElementDynamic(): By.cssSelector: input[id='phone_9']] took [0.018 s]
2018-01-27 at 00:44:55 CET logDebug - [pool-1-thread-1] Waiting for [findElementDynamic(): By.cssSelector: input[id='phone_9']] took [0.037 s]
2018-01-27 at 00:44:55 CET logDebug - [pool-1-thread-1] Waiting for [findElementDynamic(): By.cssSelector: input[id='username']] took [0.059 s]
2018-01-27 at 00:44:55 CET logDebug - [pool-1-thread-1] Waiting for [findElementDynamic(): By.cssSelector: input[id='username']] took [0.026 s]
2018-01-27 at 00:44:56 CET logDebug - [pool-1-thread-1] Waiting for [findElementDynamic(): By.cssSelector: input[id='username']] took [0.04 s]
2018-01-27 at 00:44:56 CET logDebug - [pool-1-thread-1] Waiting for [findElementDynamic(): By.cssSelector: input[id='email_1']] took [0.035 s]
2018-01-27 at 00:44:56 CET logDebug - [pool-1-thread-1] Waiting for [findElementDynamic(): By.cssSelector: input[id='email_1']] took [0.032 s]
2018-01-27 at 00:44:56 CET logDebug - [pool-1-thread-1] Waiting for [findElementDynamic(): By.cssSelector: input[id='email_1']] took [0.04 s]
sty 27, 2018 12:44:56 AM org.openqa.selenium.remote.ProtocolHandshake createSession
INFO: Detected dialect: OSS
2018-01-27 at 00:44:57 CET logDebug - [pool-1-thread-1] Waiting for [findElementDynamic(): By.cssSelector: textarea[ id='description' ]] took [0.053 s]
2018-01-27 at 00:44:57 CET logDebug - [pool-1-thread-1] Waiting for [findElementDynamic(): By.cssSelector: textarea[ id='description' ]] took [0.017 s]
2018-01-27 at 00:44:57 CET logDebug - [pool-1-thread-1] Waiting for [findElementDynamic(): By.cssSelector: textarea[ id='description' ]] took [0.037 s]
2018-01-27 at 00:44:57 CET logDebug - [pool-1-thread-1] Waiting for [findElementDynamic(): By.cssSelector: input[id='password_2']] took [0.033 s]
2018-01-27 at 00:44:57 CET logDebug - [pool-1-thread-1] Waiting for [findElementDynamic(): By.cssSelector: input[id='password_2']] took [0.014 s]
2018-01-27 at 00:44:58 CET logDebug - [pool-1-thread-1] Waiting for [findElementDynamic(): By.cssSelector: input[id='password_2']] took [0.043 s]
2018-01-27 at 00:44:58 CET logDebug - [pool-1-thread-1] Waiting for [findElementDynamic(): By.cssSelector: input[id='confirm_password_password_2']] took [0.032 s]
2018-01-27 at 00:44:58 CET logDebug - [pool-1-thread-1] Waiting for [findElementDynamic(): By.cssSelector: input[id='confirm_password_password_2']] took [0.021 s]
2018-01-27 at 00:44:58 CET logDebug - [pool-1-thread-1] Waiting for [findElementDynamic(): By.cssSelector: input[id='confirm_password_password_2']] took [0.053 s]
2018-01-27 at 00:44:59 CET logDebug - [pool-1-thread-1] Waiting for [findElementDynamic(): By.cssSelector: input[name='pie_submit']] took [0.03 s]
2018-01-27 at 00:44:59 CET logDebug - [pool-1-thread-1] Waiting for [findElementDynamic(): By.cssSelector: input[name='pie_submit']] took [0.022 s]
2018-01-27 at 00:44:59 CET logDebug - [pool-1-thread-1] Waiting for [waitForPageLoaded] took [0.028 s]
2018-01-27 at 00:44:59 CET logDebug - [pool-1-thread-1] Waiting for [findElementDynamic(): By.cssSelector: input[name='pie_submit']] took [0.071 s]
2018-01-27 at 00:45:04 CET logDebug - [pool-1-thread-1] Waiting for [waitForElementVisible(): By.cssSelector: p[class='piereg_login_error']] took [0.619 s]
2018-01-27 at 00:45:04 CET logDebug - [pool-1-thread-1] Waiting for [waitForElementVisible(): By.cssSelector: p[class='piereg_login_error']] took [0.132 s]
2018-01-27 at 00:45:04 CET logDebug - [pool-1-thread-1] Error: Username already exists
2018-01-27 at 00:45:04 CET logDebug - [pool-1-thread-1] Waiting for [findElementDynamic(): By.cssSelector: p[class='piereg_login_error']] took [0.025 s]
2018-01-27 at 00:45:04 CET logDebug - [pool-1-thread-1] Waiting for [findElementDynamic(): By.cssSelector: p[class='piereg_login_error']] took [0.049 s]
2018-01-27 at 00:45:05 CET logInfo - [pool-1-thread-1] registrationTest(com.capgemini.ntc.selenium.projectX.registration.RegisterOKTestDDExternalDataTest) PASSED.
2018-01-27 at 00:45:05 CET logDebug - [pool-1-thread-1] BasePage.onTestSuccess    RegistrationPage
2018-01-27 at 00:45:05 CET logInfo - [pool-1-thread-1] registrationTest(com.capgemini.ntc.selenium.projectX.registration.RegisterOKTestDDExternalDataTest) duration: 0,89 min
2018-01-27 at 00:45:06 CET logDebug - [pool-1-thread-1] BasePage.onTestFinish   RegistrationPage
2018-01-27 at 00:45:06 CET logDebug - [pool-1-thread-1] To remove observer: com.capgemini.ntc.selenium.pages.projectX.registration.RegistrationPage@3e78eb32
2018-01-27 at 00:45:06 CET logInfo - [pool-1-thread-1] registrationTest(com.capgemini.ntc.selenium.projectX.registration.RegisterOKTestDDExternalDataTest) STARTED.
2018-01-27 at 00:45:06 CET logDebug - [pool-1-thread-1] To add observer: com.capgemini.ntc.selenium.pages.projectX.registration.RegistrationPage@5e5e7bbf
2018-01-27 at 00:45:06 CET logDebug - [pool-1-thread-1] BaseTestWatcher.observers: [com.capgemini.ntc.selenium.pages.projectX.registration.RegistrationPage@3e78eb32]
2018-01-27 at 00:45:06 CET logDebug - [pool-1-thread-1] TestClassRule.classObservers: []
Running com.capgemini.ntc.selenium.features.webElements.NavigationBarTest
Tests run: 6, Failures: 0, Errors: 0, Skipped: 0, Time elapsed: 99.83 sec - in com.capgemini.ntc.selenium.features.webElements.NavigationBarTest
2018-01-27 at 00:45:07 CET logDebug - [pool-1-thread-1] Waiting for [waitForPageLoaded] took [0.292 s]
2018-01-27 at 00:45:07 CET logDebug - [pool-1-thread-1] Waiting for [waitForPageLoaded] took [0.025 s]
2018-01-27 at 00:45:07 CET logDebug - [pool-1-thread-1] Waiting for [findElementDynamic(): By.cssSelector: input[id='name_3_firstname']] took [0.057 s]
2018-01-27 at 00:45:07 CET logDebug - [pool-1-thread-1] Waiting for [findElementDynamic(): By.cssSelector: input[id='name_3_firstname']] took [0.037 s]
2018-01-27 at 00:45:07 CET logDebug - [pool-1-thread-1] Waiting for [findElementDynamic(): By.cssSelector: input[id='name_3_firstname']] took [0.068 s]
2018-01-27 at 00:45:08 CET logDebug - [pool-1-thread-1] Waiting for [findElementDynamic(): By.cssSelector: input[id='name_3_lastname']] took [0.044 s]
2018-01-27 at 00:45:08 CET logDebug - [pool-1-thread-1] Waiting for [findElementDynamic(): By.cssSelector: input[id='name_3_lastname']] took [0.036 s]
2018-01-27 at 00:45:08 CET logDebug - [pool-1-thread-1] Waiting for [findElementDynamic(): By.cssSelector: input[id='name_3_lastname']] took [0.039 s]
2018-01-27 at 00:45:08 CET logDebug - [pool-1-thread-1] Waiting for [findElementDynamic(): By.cssSelector: div[class='radio_wrap']] took [0.058 s]
2018-01-27 at 00:45:08 CET logDebug - [pool-1-thread-1] Waiting for [findElementDynamic(): By.cssSelector: div[class='radio_wrap']] took [0.106 s]
2018-01-27 at 00:45:08 CET logDebug - [pool-1-thread-1] Waiting for [findElementDynamic(): By.cssSelector: div[class='radio_wrap']] took [0.032 s]
2018-01-27 at 00:45:09 CET logDebug - [pool-1-thread-1] Waiting for [findElementDynamic(): By.cssSelector: li.fields.pageFields_1:nth-child(3) div.radio_wrap] took [0.044 s]
2018-01-27 at 00:45:09 CET logDebug - [pool-1-thread-1] Waiting for [findElementDynamic(): By.cssSelector: li.fields.pageFields_1:nth-child(3) div.radio_wrap] took [0.024 s]
2018-01-27 at 00:45:09 CET logDebug - [pool-1-thread-1] Waiting for [findElementDynamic(): By.cssSelector: select[id='dropdown_7']] took [0.065 s]
2018-01-27 at 00:45:09 CET logDebug - [pool-1-thread-1] Waiting for [findElementDynamic(): By.cssSelector: select[id='dropdown_7']] took [0.039 s]
2018-01-27 at 00:45:10 CET logDebug - [pool-1-thread-1] Waiting for [findElementDynamic(): By.cssSelector: select[id='dropdown_7']] took [0.047 s]
2018-01-27 at 00:45:28 CET logDebug - [pool-1-thread-1] Waiting for [findElementDynamic(): By.cssSelector: select[id='dropdown_7']] took [0.126 s]
2018-01-27 at 00:45:28 CET logDebug - [pool-1-thread-1] Waiting for [findElementDynamic(): By.cssSelector: select[id='mm_date_8']] took [0.047 s]
2018-01-27 at 00:45:28 CET logDebug - [pool-1-thread-1] Waiting for [findElementDynamic(): By.cssSelector: select[id='mm_date_8']] took [0.019 s]
2018-01-27 at 00:45:29 CET logDebug - [pool-1-thread-1] Waiting for [findElementDynamic(): By.cssSelector: select[id='mm_date_8']] took [0.029 s]
2018-01-27 at 00:45:29 CET logDebug - [pool-1-thread-1] Waiting for [findElementDynamic(): By.cssSelector: select[id='mm_date_8']] took [0.02 s]
2018-01-27 at 00:45:29 CET logDebug - [pool-1-thread-1] Waiting for [findElementDynamic(): By.cssSelector: select[id='dd_date_8']] took [0.027 s]
2018-01-27 at 00:45:29 CET logDebug - [pool-1-thread-1] Waiting for [findElementDynamic(): By.cssSelector: select[id='dd_date_8']] took [0.021 s]
2018-01-27 at 00:45:30 CET logDebug - [pool-1-thread-1] Waiting for [findElementDynamic(): By.cssSelector: select[id='dd_date_8']] took [0.018 s]
Running com.capgemini.ntc.selenium.features.webElements.DropdownListTest
Tests run: 5, Failures: 0, Errors: 0, Skipped: 0, Time elapsed: 125.854 sec - in com.capgemini.ntc.selenium.features.webElements.DropdownListTest
2018-01-27 at 00:45:33 CET logDebug - [pool-1-thread-1] Waiting for [findElementDynamic(): By.cssSelector: select[id='dd_date_8']] took [0.135 s]
2018-01-27 at 00:45:34 CET logDebug - [pool-1-thread-1] Waiting for [findElementDynamic(): By.cssSelector: select[id='yy_date_8']] took [0.039 s]
2018-01-27 at 00:45:34 CET logDebug - [pool-1-thread-1] Waiting for [findElementDynamic(): By.cssSelector: select[id='yy_date_8']] took [0.025 s]
2018-01-27 at 00:45:34 CET logDebug - [pool-1-thread-1] Waiting for [findElementDynamic(): By.cssSelector: select[id='yy_date_8']] took [0.033 s]
sty 27, 2018 12:45:38 AM org.openqa.selenium.remote.DesiredCapabilities chrome
INFO: Using `new ChromeOptions()` is preferred to `DesiredCapabilities.chrome()`
Starting ChromeDriver 2.33.506120 (e3e53437346286c0bc2d2dc9aa4915ba81d9023f) on port 19594
Only local connections are allowed.
2018-01-27 at 00:45:40 CET logDebug - [pool-1-thread-1] Waiting for [findElementDynamic(): By.cssSelector: select[id='yy_date_8']] took [0.025 s]
2018-01-27 at 00:45:40 CET logDebug - [pool-1-thread-1] Waiting for [findElementDynamic(): By.cssSelector: input[id='phone_9']] took [0.084 s]
2018-01-27 at 00:45:41 CET logDebug - [pool-1-thread-1] Waiting for [findElementDynamic(): By.cssSelector: input[id='phone_9']] took [0.166 s]
2018-01-27 at 00:45:41 CET logDebug - [pool-1-thread-1] Waiting for [findElementDynamic(): By.cssSelector: input[id='phone_9']] took [0.081 s]
2018-01-27 at 00:45:42 CET logDebug - [pool-1-thread-1] Waiting for [findElementDynamic(): By.cssSelector: input[id='username']] took [0.053 s]
2018-01-27 at 00:45:42 CET logDebug - [pool-1-thread-1] Waiting for [findElementDynamic(): By.cssSelector: input[id='username']] took [0.027 s]
2018-01-27 at 00:45:43 CET logDebug - [pool-1-thread-1] Waiting for [findElementDynamic(): By.cssSelector: input[id='username']] took [0.137 s]
2018-01-27 at 00:45:44 CET logDebug - [pool-1-thread-1] Waiting for [findElementDynamic(): By.cssSelector: input[id='email_1']] took [0.105 s]
2018-01-27 at 00:45:44 CET logDebug - [pool-1-thread-1] Waiting for [findElementDynamic(): By.cssSelector: input[id='email_1']] took [0.084 s]
2018-01-27 at 00:45:44 CET logDebug - [pool-1-thread-1] Waiting for [findElementDynamic(): By.cssSelector: input[id='email_1']] took [0.048 s]
2018-01-27 at 00:45:46 CET logDebug - [pool-1-thread-1] Waiting for [findElementDynamic(): By.cssSelector: textarea[ id='description' ]] took [0.045 s]
2018-01-27 at 00:45:46 CET logDebug - [pool-1-thread-1] Waiting for [findElementDynamic(): By.cssSelector: textarea[ id='description' ]] took [0.019 s]
2018-01-27 at 00:45:46 CET logDebug - [pool-1-thread-1] Waiting for [findElementDynamic(): By.cssSelector: textarea[ id='description' ]] took [0.057 s]
2018-01-27 at 00:45:46 CET logDebug - [pool-1-thread-1] Waiting for [findElementDynamic(): By.cssSelector: input[id='password_2']] took [0.047 s]
2018-01-27 at 00:45:46 CET logDebug - [pool-1-thread-1] Waiting for [findElementDynamic(): By.cssSelector: input[id='password_2']] took [0.033 s]
2018-01-27 at 00:45:47 CET logDebug - [pool-1-thread-1] Waiting for [findElementDynamic(): By.cssSelector: input[id='password_2']] took [0.098 s]
2018-01-27 at 00:45:48 CET logDebug - [pool-1-thread-1] Waiting for [findElementDynamic(): By.cssSelector: input[id='confirm_password_password_2']] took [0.16 s]
2018-01-27 at 00:45:48 CET logDebug - [pool-1-thread-1] Waiting for [findElementDynamic(): By.cssSelector: input[id='confirm_password_password_2']] took [0.083 s]
2018-01-27 at 00:45:49 CET logDebug - [pool-1-thread-1] Waiting for [findElementDynamic(): By.cssSelector: input[id='confirm_password_password_2']] took [0.072 s]
2018-01-27 at 00:45:50 CET logDebug - [pool-1-thread-1] Waiting for [findElementDynamic(): By.cssSelector: input[name='pie_submit']] took [0.076 s]
2018-01-27 at 00:45:50 CET logDebug - [pool-1-thread-1] Waiting for [findElementDynamic(): By.cssSelector: input[name='pie_submit']] took [0.081 s]
2018-01-27 at 00:45:50 CET logDebug - [pool-1-thread-1] Waiting for [waitForPageLoaded] took [0.031 s]
2018-01-27 at 00:45:50 CET logDebug - [pool-1-thread-1] Waiting for [findElementDynamic(): By.cssSelector: input[name='pie_submit']] took [0.024 s]
sty 27, 2018 12:45:51 AM org.openqa.selenium.remote.ProtocolHandshake createSession
INFO: Detected dialect: OSS
2018-01-27 at 00:45:53 CET logDebug - [pool-1-thread-1] Waiting for [waitForElementVisible(): By.cssSelector: p[class='piereg_login_error']] took [0.716 s]
2018-01-27 at 00:45:54 CET logDebug - [pool-1-thread-1] Waiting for [waitForElementVisible(): By.cssSelector: p[class='piereg_login_error']] took [0.443 s]
2018-01-27 at 00:45:54 CET logDebug - [pool-1-thread-1] Error: Username already exists
2018-01-27 at 00:45:54 CET logDebug - [pool-1-thread-1] Waiting for [findElementDynamic(): By.cssSelector: p[class='piereg_login_error']] took [0.08 s]
2018-01-27 at 00:45:54 CET logDebug - [pool-1-thread-1] Waiting for [findElementDynamic(): By.cssSelector: p[class='piereg_login_error']] took [0.065 s]
2018-01-27 at 00:45:54 CET logInfo - [pool-1-thread-1] registrationTest(com.capgemini.ntc.selenium.projectX.registration.RegisterOKTestDDExternalDataTest) PASSED.
2018-01-27 at 00:45:54 CET logDebug - [pool-1-thread-1] BasePage.onTestSuccess    RegistrationPage
2018-01-27 at 00:45:54 CET logInfo - [pool-1-thread-1] registrationTest(com.capgemini.ntc.selenium.projectX.registration.RegisterOKTestDDExternalDataTest) duration: 0,79 min
2018-01-27 at 00:45:55 CET logDebug - [pool-1-thread-1] BasePage.onTestFinish   RegistrationPage
2018-01-27 at 00:45:55 CET logDebug - [pool-1-thread-1] To remove observer: com.capgemini.ntc.selenium.pages.projectX.registration.RegistrationPage@3e78eb32
2018-01-27 at 00:45:55 CET logDebug - [pool-1-thread-1] BaseTest.tearDownClass()
2018-01-27 at 00:45:55 CET logDebug - [pool-1-thread-1] BaseTestWatcher.observers: [com.capgemini.ntc.selenium.pages.projectX.registration.RegistrationPage@3e78eb32]
2018-01-27 at 00:45:55 CET logDebug - [pool-1-thread-1] TestClassRule.classObservers: []
2018-01-27 at 00:45:55 CET logDebug - [pool-1-thread-1] BasePage.onTestClassFinish   RegistrationPage
2018-01-27 at 00:45:55 CET logDebug - [pool-1-thread-1] driver:NewChromeDriver: chrome on XP (ca7b95849fe260252d3ea889d88e792d)
2018-01-27 at 00:45:55 CET logDebug - [pool-1-thread-1] Closing WebDriver for this thread. chrome
2018-01-27 at 00:45:58 CET logDebug - [pool-1-thread-1] All observers cleared.
Running com.capgemini.ntc.selenium.projectX.registration.RegistryPageTest
2018-01-27 at 00:41:22 CET logInfo - [pool-1-thread-8] QCID_12342343_StayOnResistryPage(com.capgemini.ntc.selenium.projectX.registration.RegistryPageTest) STARTED.
2018-01-27 at 00:41:22 CET logInfo - [pool-1-thread-8] [Step 1] As a standard user I will open Registry Page,  So that my I can fill data
2018-01-27 at 00:41:22 CET logDebug - [pool-1-thread-8] Creating new browser=chrome WebDriver.
2018-01-27 at 00:41:27 CET logInfo - [pool-1-thread-8] Trying to set requested resolution: 1600x1200.
2018-01-27 at 00:41:28 CET logInfo - [pool-1-thread-8] Resolution readed from device: 1600x1100
2018-01-27 at 00:41:28 CET logInfo - [pool-1-thread-8] Trying to set increased resolution for 'View port': 1616x1200.
2018-01-27 at 00:41:29 CET logInfo - [pool-1-thread-8] Resolution readed from device: 1616x1100
2018-01-27 at 00:41:29 CET logDebug - [pool-1-thread-8] driver:NewChromeDriver: chrome on XP (ba49cf3e6ee2dc64de87bb23976f4a61)
2018-01-27 at 00:41:29 CET logDebug - [pool-1-thread-8] To add observer: com.capgemini.ntc.selenium.pages.projectX.registration.RegistryPage@1bddef27
2018-01-27 at 00:41:29 CET logDebug - [pool-1-thread-8] BaseTestWatcher.observers: []
2018-01-27 at 00:41:29 CET logDebug - [pool-1-thread-8] TestClassRule.classObservers: []
2018-01-27 at 00:41:29 CET logDebug - [pool-1-thread-8] Added observer: com.capgemini.ntc.selenium.pages.projectX.registration.RegistryPage@1bddef27
2018-01-27 at 00:41:29 CET logDebug - [pool-1-thread-8] Waiting for [waitForPageLoaded] took [0.036 s]
2018-01-27 at 00:41:29 CET logDebug - [pool-1-thread-8] com.capgemini.ntc.selenium.pages.projectX.registration.RegistryPage: Current loaded page (http://demoqa.com/registration/) with pageTitle (). Page to load: (http://demoqa.com/registration/) ,for page title: (Registration | Demoqa)
2018-01-27 at 00:41:34 CET logDebug - [pool-1-thread-8] Waiting for [waitForPageLoaded] took [0.011 s]
2018-01-27 at 00:41:34 CET logInfo - [pool-1-thread-8] [Step 1] As a standard user I will open Registry Page,  So that my I can fill data
2018-01-27 at 00:41:34 CET logDebug - [pool-1-thread-8] To add observer: com.capgemini.ntc.selenium.pages.projectX.registration.RegistryPage@5c5ffe13
2018-01-27 at 00:41:34 CET logDebug - [pool-1-thread-8] BaseTestWatcher.observers: [com.capgemini.ntc.selenium.pages.projectX.registration.RegistryPage@1bddef27]
2018-01-27 at 00:41:34 CET logDebug - [pool-1-thread-8] TestClassRule.classObservers: []
2018-01-27 at 00:41:34 CET logDebug - [pool-1-thread-8] Waiting for [waitForPageLoaded] took [0.006 s]
2018-01-27 at 00:41:34 CET logInfo - [pool-1-thread-8] [Step 2] As a standard user I click Submit button,  So that I will stay on Registry page
2018-01-27 at 00:41:34 CET logDebug - [pool-1-thread-8] Waiting for [findElementDynamic(): By.cssSelector: input[id='name_3_firstname']] took [0.029 s]
2018-01-27 at 00:41:34 CET logDebug - [pool-1-thread-8] Waiting for [findElementDynamic(): By.cssSelector: input[id='name_3_firstname']] took [0.016 s]
2018-01-27 at 00:41:34 CET logDebug - [pool-1-thread-8] Waiting for [waitForPageLoaded] took [0.011 s]
2018-01-27 at 00:41:34 CET logDebug - [pool-1-thread-8] Waiting for [findElementDynamic(): By.cssSelector: input[id='name_3_firstname']] took [0.023 s]
2018-01-27 at 00:41:34 CET logDebug - [pool-1-thread-8] Waiting for [waitForPageLoaded] took [0.014 s]
2018-01-27 at 00:41:34 CET logInfo - [pool-1-thread-8] QCID_12342343_StayOnResistryPage(com.capgemini.ntc.selenium.projectX.registration.RegistryPageTest) PASSED.
2018-01-27 at 00:41:34 CET logDebug - [pool-1-thread-8] BasePage.onTestSuccess    RegistryPage
2018-01-27 at 00:41:34 CET logInfo - [pool-1-thread-8] QCID_12342343_StayOnResistryPage(com.capgemini.ntc.selenium.projectX.registration.RegistryPageTest) duration: 0,21 min
2018-01-27 at 00:41:34 CET logDebug - [pool-1-thread-8] BasePage.onTestFinish   RegistryPage
2018-01-27 at 00:41:34 CET logDebug - [pool-1-thread-8] To remove observer: com.capgemini.ntc.selenium.pages.projectX.registration.RegistryPage@1bddef27
2018-01-27 at 00:41:34 CET logInfo - [pool-1-thread-8] EXAMPLE_FAIL_TEST(com.capgemini.ntc.selenium.projectX.registration.RegistryPageTest) STARTED.
2018-01-27 at 00:41:34 CET logInfo - [pool-1-thread-8] [Step 1] As a standard user I will open Registry Page,  So that my I can fill data
2018-01-27 at 00:41:34 CET logDebug - [pool-1-thread-8] To add observer: com.capgemini.ntc.selenium.pages.projectX.registration.RegistryPage@6ab9d321
2018-01-27 at 00:41:34 CET logDebug - [pool-1-thread-8] BaseTestWatcher.observers: [com.capgemini.ntc.selenium.pages.projectX.registration.RegistryPage@1bddef27]
2018-01-27 at 00:41:34 CET logDebug - [pool-1-thread-8] TestClassRule.classObservers: []
2018-01-27 at 00:41:34 CET logDebug - [pool-1-thread-8] Waiting for [waitForPageLoaded] took [0.063 s]
2018-01-27 at 00:41:34 CET logInfo - [pool-1-thread-8] [Step 1] As a standard user I will open Registry Page,  So that my I can fill data
2018-01-27 at 00:41:34 CET logDebug - [pool-1-thread-8] To add observer: com.capgemini.ntc.selenium.pages.projectX.registration.RegistryPage@6ac34b99
2018-01-27 at 00:41:34 CET logDebug - [pool-1-thread-8] BaseTestWatcher.observers: [com.capgemini.ntc.selenium.pages.projectX.registration.RegistryPage@1bddef27]
2018-01-27 at 00:41:34 CET logDebug - [pool-1-thread-8] TestClassRule.classObservers: []
2018-01-27 at 00:41:34 CET logDebug - [pool-1-thread-8] Waiting for [waitForPageLoaded] took [0.013 s]
2018-01-27 at 00:41:34 CET logInfo - [pool-1-thread-8] [Step 2] As a standard user I click Submit button,  So that my data will be saved
2018-01-27 at 00:41:34 CET logDebug - [pool-1-thread-8] Waiting for [findElementDynamic(): By.cssSelector: input[id='name_3_firstname']] took [0.016 s]
2018-01-27 at 00:41:34 CET logDebug - [pool-1-thread-8] Waiting for [findElementDynamic(): By.cssSelector: input[id='name_3_firstname']] took [0.015 s]
2018-01-27 at 00:41:35 CET logDebug - [pool-1-thread-8] Waiting for [waitForPageLoaded] took [0.011 s]
2018-01-27 at 00:41:35 CET logDebug - [pool-1-thread-8] Waiting for [findElementDynamic(): By.cssSelector: input[id='name_3_firstname']] took [0.024 s]
2018-01-27 at 00:41:35 CET logDebug - [pool-1-thread-8] Waiting for [findElementDynamic(): By.cssSelector: input[id='name_3_firstname']] took [0.018 s]
2018-01-27 at 00:41:35 CET logInfo - [pool-1-thread-8] EXAMPLE_FAIL_TEST(com.capgemini.ntc.selenium.projectX.registration.RegistryPageTest) FAILED.
2018-01-27 at 00:41:35 CET logDebug - [pool-1-thread-8] BasePage.onTestFailure    RegistryPage
2018-01-27 at 00:41:36 CET logInfo - [pool-1-thread-8] EXAMPLE_FAIL_TEST(com.capgemini.ntc.selenium.projectX.registration.RegistryPageTest) duration: 0,02 min
2018-01-27 at 00:41:36 CET logDebug - [pool-1-thread-8] BasePage.onTestFinish   RegistryPage
2018-01-27 at 00:41:36 CET logDebug - [pool-1-thread-8] To remove observer: com.capgemini.ntc.selenium.pages.projectX.registration.RegistryPage@1bddef27
2018-01-27 at 00:41:36 CET logDebug - [pool-1-thread-8] BaseTest.tearDownClass()
2018-01-27 at 00:41:36 CET logDebug - [pool-1-thread-8] BaseTestWatcher.observers: [com.capgemini.ntc.selenium.pages.projectX.registration.RegistryPage@1bddef27]
2018-01-27 at 00:41:36 CET logDebug - [pool-1-thread-8] TestClassRule.classObservers: []
2018-01-27 at 00:41:36 CET logDebug - [pool-1-thread-8] BasePage.onTestClassFinish   RegistryPage
2018-01-27 at 00:41:36 CET logDebug - [pool-1-thread-8] driver:NewChromeDriver: chrome on XP (ba49cf3e6ee2dc64de87bb23976f4a61)
2018-01-27 at 00:41:36 CET logDebug - [pool-1-thread-8] Closing WebDriver for this thread. chrome
2018-01-27 at 00:41:37 CET logDebug - [pool-1-thread-8] All observers cleared.
2018-01-27 at 00:42:37 CET logInfo - [pool-1-thread-8] valuesInTableCellsShouldNotChangeAfterClick(com.capgemini.ntc.selenium.projectY.ChallengingDomTest) STARTED.
2018-01-27 at 00:42:37 CET logDebug - [pool-1-thread-8] Step1 - open Chrome browser
2018-01-27 at 00:42:37 CET logDebug - [pool-1-thread-8] Step2 - load http://the-internet.herokuapp.com/ page
2018-01-27 at 00:42:37 CET logDebug - [pool-1-thread-8] Creating new browser=chrome WebDriver.
2018-01-27 at 00:42:43 CET logInfo - [pool-1-thread-8] Trying to set requested resolution: 1600x1200.
2018-01-27 at 00:42:45 CET logInfo - [pool-1-thread-8] Resolution readed from device: 1600x1100
2018-01-27 at 00:42:45 CET logInfo - [pool-1-thread-8] Trying to set increased resolution for 'View port': 1616x1200.
2018-01-27 at 00:42:45 CET logInfo - [pool-1-thread-8] Resolution readed from device: 1616x1100
2018-01-27 at 00:42:45 CET logDebug - [pool-1-thread-8] driver:NewChromeDriver: chrome on XP (a0fd7e548b83159e98310ccf0e2070f9)
2018-01-27 at 00:42:45 CET logDebug - [pool-1-thread-8] To add observer: com.capgemini.ntc.selenium.pages.projectY.TheInternetPage@56b4b810
2018-01-27 at 00:42:45 CET logDebug - [pool-1-thread-8] BaseTestWatcher.observers: []
2018-01-27 at 00:42:45 CET logDebug - [pool-1-thread-8] TestClassRule.classObservers: []
2018-01-27 at 00:42:45 CET logDebug - [pool-1-thread-8] Added observer: com.capgemini.ntc.selenium.pages.projectY.TheInternetPage@56b4b810
2018-01-27 at 00:42:45 CET logDebug - [pool-1-thread-8] The internet page is loaded: data:,
2018-01-27 at 00:42:45 CET logDebug - [pool-1-thread-8] load page
2018-01-27 at 00:43:03 CET logDebug - [pool-1-thread-8] Waiting for [waitForPageLoaded] took [0.051 s]
2018-01-27 at 00:43:03 CET logDebug - [pool-1-thread-8] The internet page is loaded: http://the-internet.herokuapp.com/
2018-01-27 at 00:43:03 CET logDebug - [pool-1-thread-8] Step 3 - Click on the Challenging DOM link
2018-01-27 at 00:43:03 CET logDebug - [pool-1-thread-8] Waiting for [findElementDynamic(): By.cssSelector: li > a[href*=challenging_dom]] took [0.064 s]
2018-01-27 at 00:43:05 CET logDebug - [pool-1-thread-8] To add observer: com.capgemini.ntc.selenium.pages.projectY.ChallengingDomPage@4e9865b4
2018-01-27 at 00:43:05 CET logDebug - [pool-1-thread-8] BaseTestWatcher.observers: [com.capgemini.ntc.selenium.pages.projectY.TheInternetPage@56b4b810]
2018-01-27 at 00:43:05 CET logDebug - [pool-1-thread-8] TestClassRule.classObservers: []
2018-01-27 at 00:43:05 CET logDebug - [pool-1-thread-8] The ChallengingDOM page is loaded.
2018-01-27 at 00:43:05 CET logDebug - [pool-1-thread-8] Step 4 - Verify if Challenging DOM Page opens
2018-01-27 at 00:43:05 CET logDebug - [pool-1-thread-8] The ChallengingDOM page is loaded.
2018-01-27 at 00:43:06 CET logDebug - [pool-1-thread-8] Step 5 - Getting the table values (before click first button)
2018-01-27 at 00:43:06 CET logDebug - [pool-1-thread-8] Step 6 - Click first button
2018-01-27 at 00:43:06 CET logDebug - [pool-1-thread-8] Waiting for [findElementDynamic(): By.cssSelector: .large-2.columns > .button:nth-child(1)] took [0.112 s]
2018-01-27 at 00:43:06 CET logDebug - [pool-1-thread-8] Waiting for [findElementDynamic(): By.cssSelector: .large-2.columns > .button:nth-child(1)] took [0.23 s]
2018-01-27 at 00:43:07 CET logDebug - [pool-1-thread-8] Waiting for [waitForPageLoaded] took [0.043 s]
2018-01-27 at 00:43:07 CET logDebug - [pool-1-thread-8] Waiting for [findElementDynamic(): By.cssSelector: .large-2.columns > .button:nth-child(1)] took [0.064 s]
2018-01-27 at 00:43:08 CET logDebug - [pool-1-thread-8] Waiting for [waitForPageLoaded] took [0.082 s]
2018-01-27 at 00:43:08 CET logDebug - [pool-1-thread-8] Step 7 - Getting the table values (after click first button)
2018-01-27 at 00:43:08 CET logDebug - [pool-1-thread-8] Step 8 - Comparing the table values before and after click
2018-01-27 at 00:43:08 CET logInfo - [pool-1-thread-8] valuesInTableCellsShouldNotChangeAfterClick(com.capgemini.ntc.selenium.projectY.ChallengingDomTest) PASSED.
2018-01-27 at 00:43:08 CET logDebug - [pool-1-thread-8] BasePage.onTestSuccess    TheInternetPage
2018-01-27 at 00:43:08 CET logInfo - [pool-1-thread-8] valuesInTableCellsShouldNotChangeAfterClick(com.capgemini.ntc.selenium.projectY.ChallengingDomTest) duration: 0,51 min
2018-01-27 at 00:43:08 CET logDebug - [pool-1-thread-8] Step 9 - navigate back to The-Internet page
2018-01-27 at 00:43:08 CET logDebug - [pool-1-thread-8] Waiting for [waitForPageLoaded] took [0.051 s]
2018-01-27 at 00:43:08 CET logDebug - [pool-1-thread-8] BasePage.onTestFinish   TheInternetPage
2018-01-27 at 00:43:08 CET logDebug - [pool-1-thread-8] To remove observer: com.capgemini.ntc.selenium.pages.projectY.TheInternetPage@56b4b810
2018-01-27 at 00:43:08 CET logDebug - [pool-1-thread-8] BaseTest.tearDownClass()
2018-01-27 at 00:43:08 CET logDebug - [pool-1-thread-8] BaseTestWatcher.observers: [com.capgemini.ntc.selenium.pages.projectY.TheInternetPage@56b4b810]
2018-01-27 at 00:43:08 CET logDebug - [pool-1-thread-8] TestClassRule.classObservers: []
2018-01-27 at 00:43:08 CET logDebug - [pool-1-thread-8] BasePage.onTestClassFinish   TheInternetPage
2018-01-27 at 00:43:08 CET logDebug - [pool-1-thread-8] driver:NewChromeDriver: chrome on XP (a0fd7e548b83159e98310ccf0e2070f9)
2018-01-27 at 00:43:08 CET logDebug - [pool-1-thread-8] Closing WebDriver for this thread. chrome
2018-01-27 at 00:43:11 CET logDebug - [pool-1-thread-8] All observers cleared.
2018-01-27 at 00:43:11 CET logInfo - [pool-1-thread-8] testNumberOfCheckBoxes(com.capgemini.ntc.selenium.features.webElements.CheckBoxTest) STARTED.
2018-01-27 at 00:43:11 CET logDebug - [pool-1-thread-8] Creating new browser=chrome WebDriver.
2018-01-27 at 00:43:16 CET logInfo - [pool-1-thread-8] Trying to set requested resolution: 1600x1200.
2018-01-27 at 00:43:18 CET logInfo - [pool-1-thread-8] Resolution readed from device: 1600x1100
2018-01-27 at 00:43:18 CET logInfo - [pool-1-thread-8] Trying to set increased resolution for 'View port': 1616x1200.
2018-01-27 at 00:43:18 CET logInfo - [pool-1-thread-8] Resolution readed from device: 1616x1100
2018-01-27 at 00:43:18 CET logDebug - [pool-1-thread-8] driver:NewChromeDriver: chrome on XP (03a8e8b4bfe820b7a2cfbca3e206aa64)
2018-01-27 at 00:43:29 CET logDebug - [pool-1-thread-8] Waiting for [findElementDynamic(): By.cssSelector: li.fields.pageFields_1:nth-child(3) div.radio_wrap] took [0.569 s]
2018-01-27 at 00:43:30 CET logDebug - [pool-1-thread-8] Waiting for [findElementDynamic(): By.cssSelector: li.fields.pageFields_1:nth-child(3) div.radio_wrap] took [0.312 s]
2018-01-27 at 00:43:30 CET logInfo - [pool-1-thread-8] testNumberOfCheckBoxes(com.capgemini.ntc.selenium.features.webElements.CheckBoxTest) PASSED.
2018-01-27 at 00:43:30 CET logInfo - [pool-1-thread-8] testNumberOfCheckBoxes(com.capgemini.ntc.selenium.features.webElements.CheckBoxTest) duration: 0,32 min
2018-01-27 at 00:43:30 CET logInfo - [pool-1-thread-8] testCheckBoxByIndex(com.capgemini.ntc.selenium.features.webElements.CheckBoxTest) STARTED.
2018-01-27 at 00:43:32 CET logDebug - [pool-1-thread-8] Waiting for [findElementDynamic(): By.cssSelector: li.fields.pageFields_1:nth-child(3) div.radio_wrap] took [0.12 s]
2018-01-27 at 00:43:32 CET logDebug - [pool-1-thread-8] Waiting for [findElementDynamic(): By.cssSelector: li.fields.pageFields_1:nth-child(3) div.radio_wrap] took [0.049 s]
2018-01-27 at 00:43:33 CET logDebug - [pool-1-thread-8] Waiting for [findElementDynamic(): By.cssSelector: li.fields.pageFields_1:nth-child(3) div.radio_wrap] took [0.104 s]
2018-01-27 at 00:43:34 CET logDebug - [pool-1-thread-8] Waiting for [findElementDynamic(): By.cssSelector: li.fields.pageFields_1:nth-child(3) div.radio_wrap] took [0.212 s]
2018-01-27 at 00:43:34 CET logDebug - [pool-1-thread-8] Waiting for [findElementDynamic(): By.cssSelector: li.fields.pageFields_1:nth-child(3) div.radio_wrap] took [0.031 s]
2018-01-27 at 00:43:34 CET logDebug - [pool-1-thread-8] Waiting for [findElementDynamic(): By.cssSelector: li.fields.pageFields_1:nth-child(3) div.radio_wrap] took [0.041 s]
2018-01-27 at 00:43:34 CET logDebug - [pool-1-thread-8] Waiting for [findElementDynamic(): By.cssSelector: li.fields.pageFields_1:nth-child(3) div.radio_wrap] took [0.019 s]
2018-01-27 at 00:43:34 CET logDebug - [pool-1-thread-8] Waiting for [findElementDynamic(): By.cssSelector: li.fields.pageFields_1:nth-child(3) div.radio_wrap] took [0.048 s]
2018-01-27 at 00:43:34 CET logDebug - [pool-1-thread-8] Waiting for [findElementDynamic(): By.cssSelector: li.fields.pageFields_1:nth-child(3) div.radio_wrap] took [0.016 s]
2018-01-27 at 00:43:34 CET logInfo - [pool-1-thread-8] testCheckBoxByIndex(com.capgemini.ntc.selenium.features.webElements.CheckBoxTest) PASSED.
2018-01-27 at 00:43:34 CET logInfo - [pool-1-thread-8] testCheckBoxByIndex(com.capgemini.ntc.selenium.features.webElements.CheckBoxTest) duration: 0,07 min
2018-01-27 at 00:43:34 CET logInfo - [pool-1-thread-8] testCheckBoxByText(com.capgemini.ntc.selenium.features.webElements.CheckBoxTest) STARTED.
2018-01-27 at 00:43:36 CET logDebug - [pool-1-thread-8] Waiting for [findElementDynamic(): By.cssSelector: li.fields.pageFields_1:nth-child(3) div.radio_wrap] took [0.065 s]
2018-01-27 at 00:43:36 CET logDebug - [pool-1-thread-8] Waiting for [findElementDynamic(): By.cssSelector: li.fields.pageFields_1:nth-child(3) div.radio_wrap] took [0.062 s]
2018-01-27 at 00:43:36 CET logDebug - [pool-1-thread-8] Waiting for [findElementDynamic(): By.cssSelector: li.fields.pageFields_1:nth-child(3) div.radio_wrap] took [0.08 s]
2018-01-27 at 00:43:37 CET logDebug - [pool-1-thread-8] Waiting for [findElementDynamic(): By.cssSelector: li.fields.pageFields_1:nth-child(3) div.radio_wrap] took [0.154 s]
2018-01-27 at 00:43:37 CET logDebug - [pool-1-thread-8] Waiting for [findElementDynamic(): By.cssSelector: li.fields.pageFields_1:nth-child(3) div.radio_wrap] took [0.022 s]
2018-01-27 at 00:43:37 CET logDebug - [pool-1-thread-8] Waiting for [findElementDynamic(): By.cssSelector: li.fields.pageFields_1:nth-child(3) div.radio_wrap] took [0.019 s]
2018-01-27 at 00:43:37 CET logDebug - [pool-1-thread-8] Waiting for [findElementDynamic(): By.cssSelector: li.fields.pageFields_1:nth-child(3) div.radio_wrap] took [0.017 s]
2018-01-27 at 00:43:37 CET logDebug - [pool-1-thread-8] Waiting for [findElementDynamic(): By.cssSelector: li.fields.pageFields_1:nth-child(3) div.radio_wrap] took [0.029 s]
2018-01-27 at 00:43:37 CET logDebug - [pool-1-thread-8] Waiting for [findElementDynamic(): By.cssSelector: li.fields.pageFields_1:nth-child(3) div.radio_wrap] took [0.023 s]
2018-01-27 at 00:43:38 CET logDebug - [pool-1-thread-8] Waiting for [findElementDynamic(): By.cssSelector: li.fields.pageFields_1:nth-child(3) div.radio_wrap] took [0.024 s]
2018-01-27 at 00:43:38 CET logDebug - [pool-1-thread-8] Waiting for [findElementDynamic(): By.cssSelector: li.fields.pageFields_1:nth-child(3) div.radio_wrap] took [0.028 s]
2018-01-27 at 00:43:38 CET logDebug - [pool-1-thread-8] Waiting for [findElementDynamic(): By.cssSelector: li.fields.pageFields_1:nth-child(3) div.radio_wrap] took [0.022 s]
2018-01-27 at 00:43:38 CET logDebug - [pool-1-thread-8] Waiting for [findElementDynamic(): By.cssSelector: li.fields.pageFields_1:nth-child(3) div.radio_wrap] took [0.132 s]
2018-01-27 at 00:43:38 CET logInfo - [pool-1-thread-8] testCheckBoxByText(com.capgemini.ntc.selenium.features.webElements.CheckBoxTest) PASSED.
2018-01-27 at 00:43:38 CET logInfo - [pool-1-thread-8] testCheckBoxByText(com.capgemini.ntc.selenium.features.webElements.CheckBoxTest) duration: 0,06 min
2018-01-27 at 00:43:38 CET logInfo - [pool-1-thread-8] testCheckBoxByValue(com.capgemini.ntc.selenium.features.webElements.CheckBoxTest) STARTED.
2018-01-27 at 00:43:40 CET logDebug - [pool-1-thread-8] Waiting for [findElementDynamic(): By.cssSelector: li.fields.pageFields_1:nth-child(3) div.radio_wrap] took [0.208 s]
2018-01-27 at 00:43:40 CET logDebug - [pool-1-thread-8] Waiting for [findElementDynamic(): By.cssSelector: li.fields.pageFields_1:nth-child(3) div.radio_wrap] took [0.264 s]
2018-01-27 at 00:43:41 CET logDebug - [pool-1-thread-8] Waiting for [findElementDynamic(): By.cssSelector: li.fields.pageFields_1:nth-child(3) div.radio_wrap] took [0.035 s]
2018-01-27 at 00:43:41 CET logDebug - [pool-1-thread-8] Waiting for [findElementDynamic(): By.cssSelector: li.fields.pageFields_1:nth-child(3) div.radio_wrap] took [0.252 s]
2018-01-27 at 00:43:42 CET logDebug - [pool-1-thread-8] Waiting for [findElementDynamic(): By.cssSelector: li.fields.pageFields_1:nth-child(3) div.radio_wrap] took [0.027 s]
2018-01-27 at 00:43:42 CET logDebug - [pool-1-thread-8] Waiting for [findElementDynamic(): By.cssSelector: li.fields.pageFields_1:nth-child(3) div.radio_wrap] took [0.048 s]
2018-01-27 at 00:43:42 CET logDebug - [pool-1-thread-8] Waiting for [findElementDynamic(): By.cssSelector: li.fields.pageFields_1:nth-child(3) div.radio_wrap] took [0.059 s]
2018-01-27 at 00:43:43 CET logInfo - [pool-1-thread-8] testCheckBoxByValue(com.capgemini.ntc.selenium.features.webElements.CheckBoxTest) PASSED.
2018-01-27 at 00:43:43 CET logInfo - [pool-1-thread-8] testCheckBoxByValue(com.capgemini.ntc.selenium.features.webElements.CheckBoxTest) duration: 0,08 min
2018-01-27 at 00:43:43 CET logInfo - [pool-1-thread-8] testCheckBoxAllValues(com.capgemini.ntc.selenium.features.webElements.CheckBoxTest) STARTED.
2018-01-27 at 00:43:45 CET logDebug - [pool-1-thread-8] Waiting for [findElementDynamic(): By.cssSelector: li.fields.pageFields_1:nth-child(3) div.radio_wrap] took [0.127 s]
2018-01-27 at 00:43:45 CET logDebug - [pool-1-thread-8] Waiting for [findElementDynamic(): By.cssSelector: li.fields.pageFields_1:nth-child(3) div.radio_wrap] took [0.065 s]
2018-01-27 at 00:43:46 CET logDebug - [pool-1-thread-8] Waiting for [findElementDynamic(): By.cssSelector: li.fields.pageFields_1:nth-child(3) div.radio_wrap] took [0.053 s]
2018-01-27 at 00:43:46 CET logDebug - [pool-1-thread-8] Waiting for [findElementDynamic(): By.cssSelector: li.fields.pageFields_1:nth-child(3) div.radio_wrap] took [0.038 s]
2018-01-27 at 00:43:46 CET logDebug - [pool-1-thread-8] Waiting for [findElementDynamic(): By.cssSelector: li.fields.pageFields_1:nth-child(3) div.radio_wrap] took [0.02 s]
2018-01-27 at 00:43:46 CET logDebug - [pool-1-thread-8] Waiting for [findElementDynamic(): By.cssSelector: li.fields.pageFields_1:nth-child(3) div.radio_wrap] took [0.016 s]
2018-01-27 at 00:43:47 CET logDebug - [pool-1-thread-8] Waiting for [findElementDynamic(): By.cssSelector: li.fields.pageFields_1:nth-child(3) div.radio_wrap] took [0.02 s]
2018-01-27 at 00:43:47 CET logInfo - [pool-1-thread-8] testCheckBoxAllValues(com.capgemini.ntc.selenium.features.webElements.CheckBoxTest) PASSED.
2018-01-27 at 00:43:47 CET logInfo - [pool-1-thread-8] testCheckBoxAllValues(com.capgemini.ntc.selenium.features.webElements.CheckBoxTest) duration: 0,06 min
2018-01-27 at 00:43:47 CET logDebug - [pool-1-thread-8] BaseTest.tearDownClass()
2018-01-27 at 00:43:47 CET logDebug - [pool-1-thread-8] BaseTestWatcher.observers: []
2018-01-27 at 00:43:47 CET logDebug - [pool-1-thread-8] TestClassRule.classObservers: []
2018-01-27 at 00:43:47 CET logDebug - [pool-1-thread-8] All observers cleared.
2018-01-27 at 00:43:47 CET logInfo - [pool-1-thread-8] testPossibleValues(com.capgemini.ntc.selenium.features.webElements.RadioButtonTest) STARTED.
2018-01-27 at 00:43:49 CET logDebug - [pool-1-thread-8] Waiting for [findElementDynamic(): By.cssSelector: div[class='radio_wrap']] took [0.085 s]
2018-01-27 at 00:43:49 CET logDebug - [pool-1-thread-8] Waiting for [findElementDynamic(): By.cssSelector: div[class='radio_wrap']] took [0.033 s]
2018-01-27 at 00:43:49 CET logInfo - [pool-1-thread-8] testPossibleValues(com.capgemini.ntc.selenium.features.webElements.RadioButtonTest) PASSED.
2018-01-27 at 00:43:49 CET logInfo - [pool-1-thread-8] testPossibleValues(com.capgemini.ntc.selenium.features.webElements.RadioButtonTest) duration: 0,04 min
2018-01-27 at 00:43:49 CET logInfo - [pool-1-thread-8] testSelection(com.capgemini.ntc.selenium.features.webElements.RadioButtonTest) STARTED.
2018-01-27 at 00:43:51 CET logDebug - [pool-1-thread-8] Waiting for [findElementDynamic(): By.cssSelector: div[class='radio_wrap']] took [0.071 s]
2018-01-27 at 00:43:51 CET logDebug - [pool-1-thread-8] Waiting for [findElementDynamic(): By.cssSelector: div[class='radio_wrap']] took [0.099 s]
2018-01-27 at 00:43:51 CET logDebug - [pool-1-thread-8] Waiting for [findElementDynamic(): By.cssSelector: div[class='radio_wrap']] took [0.032 s]
2018-01-27 at 00:43:51 CET logDebug - [pool-1-thread-8] Waiting for [findElementDynamic(): By.cssSelector: div[class='radio_wrap']] took [0.028 s]
2018-01-27 at 00:43:51 CET logDebug - [pool-1-thread-8] Waiting for [findElementDynamic(): By.cssSelector: div[class='radio_wrap']] took [0.023 s]
2018-01-27 at 00:43:51 CET logDebug - [pool-1-thread-8] Waiting for [findElementDynamic(): By.cssSelector: div[class='radio_wrap']] took [0.03 s]
2018-01-27 at 00:43:51 CET logDebug - [pool-1-thread-8] Waiting for [findElementDynamic(): By.cssSelector: div[class='radio_wrap']] took [0.031 s]
2018-01-27 at 00:43:51 CET logDebug - [pool-1-thread-8] Waiting for [findElementDynamic(): By.cssSelector: div[class='radio_wrap']] took [0.029 s]
2018-01-27 at 00:43:52 CET logDebug - [pool-1-thread-8] Waiting for [findElementDynamic(): By.cssSelector: div[class='radio_wrap']] took [0.253 s]
2018-01-27 at 00:43:54 CET logDebug - [pool-1-thread-8] Waiting for [findElementDynamic(): By.cssSelector: div[class='radio_wrap']] took [0.196 s]
2018-01-27 at 00:43:56 CET logDebug - [pool-1-thread-8] Waiting for [findElementDynamic(): By.cssSelector: div[class='radio_wrap']] took [0.409 s]
2018-01-27 at 00:43:57 CET logInfo - [pool-1-thread-8] testSelection(com.capgemini.ntc.selenium.features.webElements.RadioButtonTest) PASSED.
2018-01-27 at 00:43:57 CET logInfo - [pool-1-thread-8] testSelection(com.capgemini.ntc.selenium.features.webElements.RadioButtonTest) duration: 0,14 min
2018-01-27 at 00:43:57 CET logInfo - [pool-1-thread-8] testSelectionSpecifiedItem(com.capgemini.ntc.selenium.features.webElements.RadioButtonTest) STARTED.
2018-01-27 at 00:44:00 CET logDebug - [pool-1-thread-8] Waiting for [findElementDynamic(): By.cssSelector: div[class='radio_wrap']] took [0.524 s]
2018-01-27 at 00:44:00 CET logDebug - [pool-1-thread-8] Waiting for [findElementDynamic(): By.cssSelector: div[class='radio_wrap']] took [0.086 s]
2018-01-27 at 00:44:00 CET logDebug - [pool-1-thread-8] Waiting for [findElementDynamic(): By.cssSelector: div[class='radio_wrap']] took [0.151 s]
2018-01-27 at 00:44:00 CET logDebug - [pool-1-thread-8] Waiting for [findElementDynamic(): By.cssSelector: div[class='radio_wrap']] took [0.015 s]
2018-01-27 at 00:44:01 CET logDebug - [pool-1-thread-8] Waiting for [findElementDynamic(): By.cssSelector: div[class='radio_wrap']] took [0.026 s]
2018-01-27 at 00:44:01 CET logDebug - [pool-1-thread-8] Waiting for [findElementDynamic(): By.cssSelector: div[class='radio_wrap']] took [0.014 s]
2018-01-27 at 00:44:01 CET logDebug - [pool-1-thread-8] Waiting for [findElementDynamic(): By.cssSelector: div[class='radio_wrap']] took [0.023 s]
2018-01-27 at 00:44:01 CET logInfo - [pool-1-thread-8] testSelectionSpecifiedItem(com.capgemini.ntc.selenium.features.webElements.RadioButtonTest) PASSED.
2018-01-27 at 00:44:01 CET logInfo - [pool-1-thread-8] testSelectionSpecifiedItem(com.capgemini.ntc.selenium.features.webElements.RadioButtonTest) duration: 0,07 min
2018-01-27 at 00:44:01 CET logInfo - [pool-1-thread-8] testRadioButtonElementsCount(com.capgemini.ntc.selenium.features.webElements.RadioButtonTest) STARTED.
2018-01-27 at 00:44:04 CET logDebug - [pool-1-thread-8] Waiting for [findElementDynamic(): By.cssSelector: div[class='radio_wrap']] took [0.198 s]
2018-01-27 at 00:44:04 CET logDebug - [pool-1-thread-8] Waiting for [findElementDynamic(): By.cssSelector: div[class='radio_wrap']] took [0.136 s]
2018-01-27 at 00:44:04 CET logInfo - [pool-1-thread-8] testRadioButtonElementsCount(com.capgemini.ntc.selenium.features.webElements.RadioButtonTest) PASSED.
2018-01-27 at 00:44:04 CET logInfo - [pool-1-thread-8] testRadioButtonElementsCount(com.capgemini.ntc.selenium.features.webElements.RadioButtonTest) duration: 0,05 min
2018-01-27 at 00:44:04 CET logDebug - [pool-1-thread-8] BaseTest.tearDownClass()
2018-01-27 at 00:44:04 CET logDebug - [pool-1-thread-8] BaseTestWatcher.observers: []
2018-01-27 at 00:44:04 CET logDebug - [pool-1-thread-8] TestClassRule.classObservers: []
2018-01-27 at 00:44:04 CET logDebug - [pool-1-thread-8] All observers cleared.
2018-01-27 at 00:44:04 CET logInfo - [pool-1-thread-8] Register_OK(com.capgemini.ntc.selenium.projectX.registration.RegisterOKTest) STARTED.
2018-01-27 at 00:44:04 CET logDebug - [pool-1-thread-8] To add observer: com.capgemini.ntc.selenium.pages.projectX.registration.RegistrationPage@1593b842
2018-01-27 at 00:44:04 CET logDebug - [pool-1-thread-8] BaseTestWatcher.observers: []
2018-01-27 at 00:44:04 CET logDebug - [pool-1-thread-8] TestClassRule.classObservers: []
2018-01-27 at 00:44:04 CET logDebug - [pool-1-thread-8] Added observer: com.capgemini.ntc.selenium.pages.projectX.registration.RegistrationPage@1593b842
2018-01-27 at 00:44:04 CET logDebug - [pool-1-thread-8] Waiting for [waitForPageLoaded] took [0.131 s]
2018-01-27 at 00:44:05 CET logDebug - [pool-1-thread-8] Waiting for [waitForPageLoaded] took [0.147 s]
2018-01-27 at 00:44:05 CET logDebug - [pool-1-thread-8] Waiting for [findElementDynamic(): By.cssSelector: input[id='name_3_firstname']] took [0.031 s]
2018-01-27 at 00:44:05 CET logDebug - [pool-1-thread-8] Waiting for [findElementDynamic(): By.cssSelector: input[id='name_3_firstname']] took [0.05 s]
2018-01-27 at 00:44:05 CET logDebug - [pool-1-thread-8] Waiting for [findElementDynamic(): By.cssSelector: input[id='name_3_firstname']] took [0.063 s]
2018-01-27 at 00:44:05 CET logDebug - [pool-1-thread-8] Waiting for [findElementDynamic(): By.cssSelector: input[id='name_3_lastname']] took [0.052 s]
2018-01-27 at 00:44:06 CET logDebug - [pool-1-thread-8] Waiting for [findElementDynamic(): By.cssSelector: input[id='name_3_lastname']] took [0.034 s]
2018-01-27 at 00:44:06 CET logDebug - [pool-1-thread-8] Waiting for [findElementDynamic(): By.cssSelector: input[id='name_3_lastname']] took [0.153 s]
2018-01-27 at 00:44:06 CET logDebug - [pool-1-thread-8] Waiting for [findElementDynamic(): By.cssSelector: div[class='radio_wrap']] took [0.018 s]
2018-01-27 at 00:44:06 CET logDebug - [pool-1-thread-8] Waiting for [findElementDynamic(): By.cssSelector: div[class='radio_wrap']] took [0.016 s]
2018-01-27 at 00:44:06 CET logDebug - [pool-1-thread-8] Waiting for [findElementDynamic(): By.cssSelector: div[class='radio_wrap']] took [0.015 s]
2018-01-27 at 00:44:07 CET logDebug - [pool-1-thread-8] Waiting for [findElementDynamic(): By.cssSelector: li.fields.pageFields_1:nth-child(3) div.radio_wrap] took [0.054 s]
2018-01-27 at 00:44:07 CET logDebug - [pool-1-thread-8] Waiting for [findElementDynamic(): By.cssSelector: li.fields.pageFields_1:nth-child(3) div.radio_wrap] took [0.049 s]
2018-01-27 at 00:44:07 CET logDebug - [pool-1-thread-8] Waiting for [findElementDynamic(): By.cssSelector: li.fields.pageFields_1:nth-child(3) div.radio_wrap] took [0.019 s]
2018-01-27 at 00:44:07 CET logDebug - [pool-1-thread-8] Waiting for [findElementDynamic(): By.cssSelector: li.fields.pageFields_1:nth-child(3) div.radio_wrap] took [0.015 s]
2018-01-27 at 00:44:07 CET logDebug - [pool-1-thread-8] Waiting for [findElementDynamic(): By.cssSelector: select[id='dropdown_7']] took [0.038 s]
2018-01-27 at 00:44:07 CET logDebug - [pool-1-thread-8] Waiting for [findElementDynamic(): By.cssSelector: select[id='dropdown_7']] took [0.016 s]
2018-01-27 at 00:44:08 CET logDebug - [pool-1-thread-8] Waiting for [findElementDynamic(): By.cssSelector: select[id='dropdown_7']] took [0.016 s]
2018-01-27 at 00:44:24 CET logDebug - [pool-1-thread-8] Waiting for [findElementDynamic(): By.cssSelector: select[id='dropdown_7']] took [0.045 s]
2018-01-27 at 00:44:25 CET logDebug - [pool-1-thread-8] Waiting for [findElementDynamic(): By.cssSelector: select[id='mm_date_8']] took [0.037 s]
2018-01-27 at 00:44:25 CET logDebug - [pool-1-thread-8] Waiting for [findElementDynamic(): By.cssSelector: select[id='mm_date_8']] took [0.018 s]
2018-01-27 at 00:44:25 CET logDebug - [pool-1-thread-8] Waiting for [findElementDynamic(): By.cssSelector: select[id='mm_date_8']] took [0.054 s]
2018-01-27 at 00:44:27 CET logDebug - [pool-1-thread-8] Waiting for [findElementDynamic(): By.cssSelector: select[id='mm_date_8']] took [0.09 s]
2018-01-27 at 00:44:27 CET logDebug - [pool-1-thread-8] Waiting for [findElementDynamic(): By.cssSelector: select[id='dd_date_8']] took [0.06 s]
2018-01-27 at 00:44:27 CET logDebug - [pool-1-thread-8] Waiting for [findElementDynamic(): By.cssSelector: select[id='dd_date_8']] took [0.066 s]
2018-01-27 at 00:44:28 CET logDebug - [pool-1-thread-8] Waiting for [findElementDynamic(): By.cssSelector: select[id='dd_date_8']] took [0.123 s]
2018-01-27 at 00:44:32 CET logDebug - [pool-1-thread-8] Waiting for [findElementDynamic(): By.cssSelector: select[id='dd_date_8']] took [0.052 s]
2018-01-27 at 00:44:32 CET logDebug - [pool-1-thread-8] Waiting for [findElementDynamic(): By.cssSelector: select[id='yy_date_8']] took [0.139 s]
2018-01-27 at 00:44:33 CET logDebug - [pool-1-thread-8] Waiting for [findElementDynamic(): By.cssSelector: select[id='yy_date_8']] took [0.095 s]
2018-01-27 at 00:44:33 CET logDebug - [pool-1-thread-8] Waiting for [findElementDynamic(): By.cssSelector: select[id='yy_date_8']] took [0.168 s]
2018-01-27 at 00:44:40 CET logDebug - [pool-1-thread-8] Waiting for [findElementDynamic(): By.cssSelector: select[id='yy_date_8']] took [0.023 s]
2018-01-27 at 00:44:40 CET logDebug - [pool-1-thread-8] Waiting for [findElementDynamic(): By.cssSelector: input[id='phone_9']] took [0.042 s]
2018-01-27 at 00:44:40 CET logDebug - [pool-1-thread-8] Waiting for [findElementDynamic(): By.cssSelector: input[id='phone_9']] took [0.021 s]
2018-01-27 at 00:44:40 CET logDebug - [pool-1-thread-8] Waiting for [findElementDynamic(): By.cssSelector: input[id='phone_9']] took [0.035 s]
2018-01-27 at 00:44:40 CET logDebug - [pool-1-thread-8] Waiting for [findElementDynamic(): By.cssSelector: input[id='username']] took [0.089 s]
2018-01-27 at 00:44:40 CET logDebug - [pool-1-thread-8] Waiting for [findElementDynamic(): By.cssSelector: input[id='username']] took [0.025 s]
2018-01-27 at 00:44:41 CET logDebug - [pool-1-thread-8] Waiting for [findElementDynamic(): By.cssSelector: input[id='username']] took [0.048 s]
2018-01-27 at 00:44:41 CET logDebug - [pool-1-thread-8] Waiting for [findElementDynamic(): By.cssSelector: input[id='email_1']] took [0.036 s]
2018-01-27 at 00:44:41 CET logDebug - [pool-1-thread-8] Waiting for [findElementDynamic(): By.cssSelector: input[id='email_1']] took [0.019 s]
2018-01-27 at 00:44:41 CET logDebug - [pool-1-thread-8] Waiting for [findElementDynamic(): By.cssSelector: input[id='email_1']] took [0.045 s]
2018-01-27 at 00:44:42 CET logDebug - [pool-1-thread-8] Waiting for [findElementDynamic(): By.cssSelector: textarea[ id='description' ]] took [0.034 s]
2018-01-27 at 00:44:42 CET logDebug - [pool-1-thread-8] Waiting for [findElementDynamic(): By.cssSelector: textarea[ id='description' ]] took [0.02 s]
2018-01-27 at 00:44:42 CET logDebug - [pool-1-thread-8] Waiting for [findElementDynamic(): By.cssSelector: textarea[ id='description' ]] took [0.078 s]
2018-01-27 at 00:44:43 CET logDebug - [pool-1-thread-8] Waiting for [findElementDynamic(): By.cssSelector: input[id='password_2']] took [0.047 s]
2018-01-27 at 00:44:43 CET logDebug - [pool-1-thread-8] Waiting for [findElementDynamic(): By.cssSelector: input[id='password_2']] took [0.02 s]
2018-01-27 at 00:44:43 CET logDebug - [pool-1-thread-8] Waiting for [findElementDynamic(): By.cssSelector: input[id='password_2']] took [0.018 s]
2018-01-27 at 00:44:43 CET logDebug - [pool-1-thread-8] Waiting for [findElementDynamic(): By.cssSelector: input[id='confirm_password_password_2']] took [0.046 s]
2018-01-27 at 00:44:43 CET logDebug - [pool-1-thread-8] Waiting for [findElementDynamic(): By.cssSelector: input[id='confirm_password_password_2']] took [0.076 s]
2018-01-27 at 00:44:44 CET logDebug - [pool-1-thread-8] Waiting for [findElementDynamic(): By.cssSelector: input[id='confirm_password_password_2']] took [0.035 s]
2018-01-27 at 00:44:45 CET logDebug - [pool-1-thread-8] Waiting for [findElementDynamic(): By.cssSelector: input[name='pie_submit']] took [0.641 s]
2018-01-27 at 00:44:45 CET logDebug - [pool-1-thread-8] Waiting for [findElementDynamic(): By.cssSelector: input[name='pie_submit']] took [0.377 s]
2018-01-27 at 00:44:47 CET logDebug - [pool-1-thread-8] Waiting for [waitForPageLoaded] took [0.523 s]
2018-01-27 at 00:44:47 CET logDebug - [pool-1-thread-8] Waiting for [findElementDynamic(): By.cssSelector: input[name='pie_submit']] took [0.229 s]
2018-01-27 at 00:44:53 CET logDebug - [pool-1-thread-8] Waiting for [waitForElementVisible(): By.cssSelector: p[class='piereg_login_error']] took [0.925 s]
2018-01-27 at 00:44:53 CET logDebug - [pool-1-thread-8] Waiting for [waitForElementVisible(): By.cssSelector: p[class='piereg_login_error']] took [0.272 s]
2018-01-27 at 00:44:53 CET logDebug - [pool-1-thread-8] Error: Username already exists
2018-01-27 at 00:44:53 CET logDebug - [pool-1-thread-8] Waiting for [findElementDynamic(): By.cssSelector: p[class='piereg_login_error']] took [0.069 s]
2018-01-27 at 00:44:53 CET logDebug - [pool-1-thread-8] Waiting for [findElementDynamic(): By.cssSelector: p[class='piereg_login_error']] took [0.027 s]
2018-01-27 at 00:44:53 CET logInfo - [pool-1-thread-8] Register_OK(com.capgemini.ntc.selenium.projectX.registration.RegisterOKTest) PASSED.
2018-01-27 at 00:44:53 CET logDebug - [pool-1-thread-8] BasePage.onTestSuccess    RegistrationPage
2018-01-27 at 00:44:53 CET logInfo - [pool-1-thread-8] Register_OK(com.capgemini.ntc.selenium.projectX.registration.RegisterOKTest) duration: 0,82 min
2018-01-27 at 00:44:53 CET logDebug - [pool-1-thread-8] BasePage.onTestFinish   RegistrationPage
2018-01-27 at 00:44:53 CET logDebug - [pool-1-thread-8] To remove observer: com.capgemini.ntc.selenium.pages.projectX.registration.RegistrationPage@1593b842
2018-01-27 at 00:44:53 CET logDebug - [pool-1-thread-8] BaseTest.tearDownClass()
2018-01-27 at 00:44:53 CET logDebug - [pool-1-thread-8] BaseTestWatcher.observers: [com.capgemini.ntc.selenium.pages.projectX.registration.RegistrationPage@1593b842]
2018-01-27 at 00:44:53 CET logDebug - [pool-1-thread-8] TestClassRule.classObservers: []
2018-01-27 at 00:44:53 CET logDebug - [pool-1-thread-8] BasePage.onTestClassFinish   RegistrationPage
2018-01-27 at 00:44:53 CET logDebug - [pool-1-thread-8] driver:NewChromeDriver: chrome on XP (03a8e8b4bfe820b7a2cfbca3e206aa64)
2018-01-27 at 00:44:53 CET logDebug - [pool-1-thread-8] Closing WebDriver for this thread. chrome
2018-01-27 at 00:45:21 CET logDebug - [pool-1-thread-8] All observers cleared.
2018-01-27 at 00:45:21 CET logInfo - [pool-1-thread-8] HoverOverRandomElementTest(com.capgemini.ntc.selenium.projectY.HoversTest) STARTED.
2018-01-27 at 00:45:21 CET logInfo - [pool-1-thread-8] Step1 - open Chrome browser
2018-01-27 at 00:45:21 CET logInfo - [pool-1-thread-8] Step2 - open web page http://the-internet.herokuapp.com/
2018-01-27 at 00:45:21 CET logDebug - [pool-1-thread-8] Creating new browser=chrome WebDriver.
2018-01-27 at 00:45:29 CET logInfo - [pool-1-thread-8] Trying to set requested resolution: 1600x1200.
2018-01-27 at 00:45:31 CET logInfo - [pool-1-thread-8] Resolution readed from device: 1600x1100
2018-01-27 at 00:45:31 CET logInfo - [pool-1-thread-8] Trying to set increased resolution for 'View port': 1616x1200.
2018-01-27 at 00:45:31 CET logInfo - [pool-1-thread-8] Resolution readed from device: 1616x1100
2018-01-27 at 00:45:31 CET logDebug - [pool-1-thread-8] driver:NewChromeDriver: chrome on XP (7e7b6619a326edd3ca3276e625fc37d1)
2018-01-27 at 00:45:31 CET logDebug - [pool-1-thread-8] To add observer: com.capgemini.ntc.selenium.pages.projectY.TheInternetPage@62db7815
2018-01-27 at 00:45:31 CET logDebug - [pool-1-thread-8] BaseTestWatcher.observers: []
2018-01-27 at 00:45:31 CET logDebug - [pool-1-thread-8] TestClassRule.classObservers: []
2018-01-27 at 00:45:31 CET logDebug - [pool-1-thread-8] Added observer: com.capgemini.ntc.selenium.pages.projectY.TheInternetPage@62db7815
2018-01-27 at 00:45:31 CET logDebug - [pool-1-thread-8] The internet page is loaded: data:,
2018-01-27 at 00:45:32 CET logDebug - [pool-1-thread-8] load page
2018-01-27 at 00:45:54 CET logDebug - [pool-1-thread-8] Waiting for [waitForPageLoaded] took [0.019 s]
2018-01-27 at 00:45:54 CET logDebug - [pool-1-thread-8] The internet page is loaded: http://the-internet.herokuapp.com/
2018-01-27 at 00:45:54 CET logDebug - [pool-1-thread-8] Step 3 - Click on the Hovers link
2018-01-27 at 00:45:54 CET logDebug - [pool-1-thread-8] Waiting for [findElementDynamic(): By.cssSelector: li > a[href*=hovers]] took [0.051 s]
2018-01-27 at 00:45:55 CET logDebug - [pool-1-thread-8] To add observer: com.capgemini.ntc.selenium.pages.projectY.HoversPage@30f60dcc
2018-01-27 at 00:45:55 CET logDebug - [pool-1-thread-8] BaseTestWatcher.observers: [com.capgemini.ntc.selenium.pages.projectY.TheInternetPage@62db7815]
2018-01-27 at 00:45:55 CET logDebug - [pool-1-thread-8] TestClassRule.classObservers: []
2018-01-27 at 00:45:55 CET logDebug - [pool-1-thread-8] The Hovers page is loaded.
2018-01-27 at 00:45:55 CET logDebug - [pool-1-thread-8] Step 4 - Verify if the Hovers page opens
2018-01-27 at 00:45:55 CET logDebug - [pool-1-thread-8] The Hovers page is loaded.
2018-01-27 at 00:45:55 CET logDebug - [pool-1-thread-8] Waiting for [findElementDynamics(): By.cssSelector: div.figure > img] took [0.123 s]
2018-01-27 at 00:45:56 CET logDebug - [pool-1-thread-8] Waiting for [findElementDynamics(): By.cssSelector: div.figcaption h5] took [0.058 s]
2018-01-27 at 00:45:56 CET logInfo - [pool-1-thread-8] HoverOverRandomElementTest(com.capgemini.ntc.selenium.projectY.HoversTest) PASSED.
2018-01-27 at 00:45:56 CET logDebug - [pool-1-thread-8] BasePage.onTestSuccess    TheInternetPage
2018-01-27 at 00:45:56 CET logInfo - [pool-1-thread-8] HoverOverRandomElementTest(com.capgemini.ntc.selenium.projectY.HoversTest) duration: 0,58 min
2018-01-27 at 00:45:56 CET logInfo - [pool-1-thread-8] Step5 - navigate back to The-Internet page
2018-01-27 at 00:45:56 CET logDebug - [pool-1-thread-8] Waiting for [waitForPageLoaded] took [0.023 s]
2018-01-27 at 00:45:56 CET logDebug - [pool-1-thread-8] BasePage.onTestFinish   TheInternetPage
2018-01-27 at 00:45:56 CET logDebug - [pool-1-thread-8] To remove observer: com.capgemini.ntc.selenium.pages.projectY.TheInternetPage@62db7815
2018-01-27 at 00:45:56 CET logDebug - [pool-1-thread-8] BaseTest.tearDownClass()
2018-01-27 at 00:45:56 CET logDebug - [pool-1-thread-8] BaseTestWatcher.observers: [com.capgemini.ntc.selenium.pages.projectY.TheInternetPage@62db7815]
2018-01-27 at 00:45:56 CET logDebug - [pool-1-thread-8] TestClassRule.classObservers: []
2018-01-27 at 00:45:56 CET logDebug - [pool-1-thread-8] BasePage.onTestClassFinish   TheInternetPage
2018-01-27 at 00:45:56 CET logDebug - [pool-1-thread-8] driver:NewChromeDriver: chrome on XP (7e7b6619a326edd3ca3276e625fc37d1)
2018-01-27 at 00:45:56 CET logDebug - [pool-1-thread-8] Closing WebDriver for this thread. chrome
2018-01-27 at 00:45:59 CET logDebug - [pool-1-thread-8] All observers cleared.
Tests run: 4, Failures: 2, Errors: 0, Skipped: 0, Time elapsed: 244.622 sec <<< FAILURE! - in com.capgemini.ntc.selenium.projectX.registration.RegistryPageTest
EXAMPLE_FAIL_TEST(com.capgemini.ntc.selenium.projectX.registration.RegistryPageTest)  Time elapsed: 1.413 sec  <<< FAILURE!
java.lang.AssertionError: 
Submit display button was not visible
Expected: is <true>
     but: was <false>
	at com.capgemini.ntc.selenium.projectX.registration.RegistryPageTest.EXAMPLE_FAIL_TEST(RegistryPageTest.java:53)

EXAMPLE_FAIL_TEST(com.capgemini.ntc.selenium.projectX.registration.RegistryPageTest)  Time elapsed: 1.549 sec  <<< FAILURE!
java.lang.AssertionError: 
Submit display button was not visible
Expected: is <true>
     but: was <false>
	at com.capgemini.ntc.selenium.projectX.registration.RegistryPageTest.EXAMPLE_FAIL_TEST(RegistryPageTest.java:53)


Results :

Failed tests: 
com.capgemini.ntc.selenium.projectX.registration.RegistryPageTest.EXAMPLE_FAIL_TEST(com.capgemini.ntc.selenium.projectX.registration.RegistryPageTest)
  Run 1: RegistryPageTest.EXAMPLE_FAIL_TEST:53 Submit display button was not visible
Expected: is <true>
     but: was <false>
  Run 2: RegistryPageTest.EXAMPLE_FAIL_TEST:53 Submit display button was not visible
Expected: is <true>
     but: was <false>


Tests run: 61, Failures: 1, Errors: 0, Skipped: 0

[ERROR] There are test failures.

Please refer to D:\eclipse\Allure_Test_Framework\workspace\devonfw-testing\allure-app-under-test\target\surefire-reports for the individual test results.
[INFO] 
[INFO] --- maven-site-plugin:3.3:site (default-site) @ allure-app-under-test ---
[INFO] configuring report plugin ru.yandex.qatools.allure:allure-maven-plugin:2.6
[INFO] Relativizing decoration links with respect to project URL: https://github.com/devonfw/devonfw-testing
[INFO] Rendering site with org.apache.maven.skins:maven-default-skin:jar:1.0 skin.
[INFO] Skipped "Allure" report, file "allure-maven-plugin.html" already exists for the English version.
[INFO] Skipped "Allure" report, file "allure-maven-plugin.html" already exists for the English version.
[INFO] Generating "Allure" report    --- allure-maven-plugin:2.6
[INFO] Generate Allure report (aggregate) with version 1.5.4
[INFO] Generate Allure report to D:\eclipse\Allure_Test_Framework\workspace\devonfw-testing\allure-app-under-test/target//site/allure-report
[INFO] Found results directory D:\eclipse\Allure_Test_Framework\workspace\devonfw-testing\allure-app-under-test\target\allure-results
[INFO] ------------------------------------------------------------------------
[INFO] BUILD SUCCESS
[INFO] ------------------------------------------------------------------------
[INFO] Total time: 05:58 min
[INFO] Finished at: 2018-01-27T00:46:25+01:00
[INFO] Final Memory: 51M/365M
[INFO] ------------------------------------------------------------------------
