[INFO] Scanning for projects...
[INFO]                                                                         
[INFO] ------------------------------------------------------------------------
[INFO] Building AllureTestFramework - List of Integration Test for Application Under Test 2.0.0-SNAPSHOT
[INFO] ------------------------------------------------------------------------
Downloading: http://central.maven.org/maven2/com/capgemini/ntc/allure-core-module/4.12.0.4-SNAPSHOT/maven-metadata.xml
Downloading: http://central.maven.org/maven2/com/capgemini/ntc/allure-selenium-module/3.8.1.3-SNAPSHOT/maven-metadata.xml
[INFO] 
[INFO] --- maven-clean-plugin:3.0.0:clean (default-clean) @ allure-app-under-test ---
[INFO] Deleting D:\eclipse\Allure_Test_Framework\workspace\devonfw-testing\allure-app-under-test\target
[INFO] Deleting D:\eclipse\Allure_Test_Framework\workspace\devonfw-testing\allure-app-under-test\logs (includes = [], excludes = [])
[INFO] 
[INFO] --- maven-resources-plugin:2.6:resources (default-resources) @ allure-app-under-test ---
[INFO] Using 'UTF8' encoding to copy filtered resources.
[INFO] skip non existing resourceDirectory D:\eclipse\Allure_Test_Framework\workspace\devonfw-testing\allure-app-under-test\src\main\resources
[INFO] 
[INFO] --- maven-compiler-plugin:3.6.1:compile (default-compile) @ allure-app-under-test ---
[INFO] Changes detected - recompiling the module!
[INFO] Compiling 25 source files to D:\eclipse\Allure_Test_Framework\workspace\devonfw-testing\allure-app-under-test\target\classes
[INFO] /D:/eclipse/Allure_Test_Framework/workspace/devonfw-testing/allure-app-under-test/src/main/java/com/capgemini/ntc/selenium/pages/features/samples/readFromTable/EditableGridPage.java: Some input files use or override a deprecated API.
[INFO] /D:/eclipse/Allure_Test_Framework/workspace/devonfw-testing/allure-app-under-test/src/main/java/com/capgemini/ntc/selenium/pages/features/samples/readFromTable/EditableGridPage.java: Recompile with -Xlint:deprecation for details.
[INFO] 
[INFO] --- maven-resources-plugin:2.6:testResources (default-testResources) @ allure-app-under-test ---
[INFO] Using 'UTF8' encoding to copy filtered resources.
[INFO] Copying 5 resources
[INFO] 
[INFO] --- maven-compiler-plugin:3.6.1:testCompile (default-testCompile) @ allure-app-under-test ---
[INFO] Changes detected - recompiling the module!
[INFO] Compiling 63 source files to D:\eclipse\Allure_Test_Framework\workspace\devonfw-testing\allure-app-under-test\target\test-classes
[INFO] 
[INFO] --- maven-resources-plugin:2.6:resources (default-resources) @ allure-app-under-test ---
[INFO] Using 'UTF8' encoding to copy filtered resources.
[INFO] skip non existing resourceDirectory D:\eclipse\Allure_Test_Framework\workspace\devonfw-testing\allure-app-under-test\src\main\resources
[INFO] 
[INFO] --- maven-compiler-plugin:3.6.1:compile (default-compile) @ allure-app-under-test ---
[INFO] Nothing to compile - all classes are up to date
[INFO] 
[INFO] --- maven-resources-plugin:2.6:testResources (default-testResources) @ allure-app-under-test ---
[INFO] Using 'UTF8' encoding to copy filtered resources.
[INFO] Copying 5 resources
[INFO] 
[INFO] --- maven-compiler-plugin:3.6.1:testCompile (default-testCompile) @ allure-app-under-test ---
[INFO] Nothing to compile - all classes are up to date
[INFO] 
[INFO] --- maven-surefire-plugin:2.19.1:test (default-test) @ allure-app-under-test ---

-------------------------------------------------------
 T E S T S
-------------------------------------------------------
2018-01-26 at 23:57:40 CET logDebug - [main] Properties settings file path=D:\eclipse\Allure_Test_Framework\workspace\devonfw-testing\allure-app-under-test\src\resources\settings.properties
[AppClassLoader@14dad5dc] warning javax.* types are not being woven because the weaver option '-Xset:weaveJavaxPackages=true' has not been specified
2018-01-26 at 23:57:41 CET logDebug - [main] env=DEV
2018-01-26 at 23:57:42 CET logInfo - [main] Selected Environment: DEV
2018-01-26 at 23:57:42 CET logDebug - [main] Reading environment from: D:\eclipse\Allure_Test_Framework\workspace\devonfw-testing\allure-app-under-test\src\resources\enviroments\environments.csv
2018-01-26 at 23:57:42 CET logInfo - [main] Selected Environment: DEV
2018-01-26 at 23:57:42 CET logAnalytics - [main] Is analytics enabled:true
log4j:WARN No appenders could be found for logger (org.apache.http.client.protocol.RequestAddCookies).
log4j:WARN Please initialize the log4j system properly.
log4j:WARN See http://logging.apache.org/log4j/1.2/faq.html#noconfig for more info.
2018-01-26 at 23:57:44 CET logDebug - [pool-1-thread-1] OPEN BROWSER AND ENTER HTTP://WWW.EDITABLEGRID.NET/EN/
2018-01-26 at 23:57:44 CET logDebug - [pool-1-thread-1] [browser=chrome, browserVersion=8.0, seleniumGrid=false, os=windows]
2018-01-26 at 23:57:44 CET logDebug - [pool-1-thread-1] Creating new browser=chrome WebDriver.
sty 26, 2018 11:57:44 PM org.openqa.selenium.remote.DesiredCapabilities chrome
INFO: Using `new ChromeOptions()` is preferred to `DesiredCapabilities.chrome()`
Starting ChromeDriver 2.33.506120 (e3e53437346286c0bc2d2dc9aa4915ba81d9023f) on port 21953
Only local connections are allowed.
sty 26, 2018 11:57:48 PM org.openqa.selenium.remote.ProtocolHandshake createSession
INFO: Detected dialect: OSS
2018-01-26 at 23:57:48 CET logInfo - [pool-1-thread-1] Trying to set requested resolution: 1600x1200.
2018-01-26 at 23:57:49 CET logInfo - [pool-1-thread-1] Resolution readed from device: 1600x1100
2018-01-26 at 23:57:50 CET logInfo - [pool-1-thread-1] Trying to set increased resolution for 'View port': 1616x1200.
2018-01-26 at 23:57:50 CET logInfo - [pool-1-thread-1] Resolution readed from device: 1616x1100
2018-01-26 at 23:57:50 CET logDebug - [pool-1-thread-1] driver:NewChromeDriver: chrome on XP (b929d28144ead361c69f15e6cdbd59e1)
2018-01-26 at 23:57:50 CET logDebug - [pool-1-thread-1] To add observer: com.capgemini.ntc.selenium.pages.features.samples.readFromTable.EditableGridPage@4ef6b7b9
2018-01-26 at 23:57:50 CET logDebug - [pool-1-thread-1] BaseTestWatcher.observers: []
2018-01-26 at 23:57:50 CET logDebug - [pool-1-thread-1] TestClassRule.classObservers: []
2018-01-26 at 23:57:50 CET logDebug - [pool-1-thread-1] Added observer: com.capgemini.ntc.selenium.pages.features.samples.readFromTable.EditableGridPage@4ef6b7b9
2018-01-26 at 23:57:54 CET logDebug - [pool-1-thread-1] Waiting for [waitForPageLoaded] took [0.009 s]
2018-01-26 at 23:57:54 CET logDebug - [pool-1-thread-1] VERIFY PAGE IS DISPLAYED
2018-01-26 at 23:57:54 CET logInfo - [pool-1-thread-1] Test1_exercise1_printAllCells(com.capgemini.ntc.selenium.features.samples.readFromTable.JsoupTest) STARTED.
2018-01-26 at 23:57:54 CET logInfo - [pool-1-thread-1] [TEST1] - Print all cells
2018-01-26 at 23:57:55 CET logInfo - [pool-1-thread-1] Hoffman
2018-01-26 at 23:57:55 CET logInfo - [pool-1-thread-1] Tatyana
2018-01-26 at 23:57:55 CET logInfo - [pool-1-thread-1] 88
2018-01-26 at 23:57:55 CET logInfo - [pool-1-thread-1] 1,32 m
2018-01-26 at 23:57:55 CET logInfo - [pool-1-thread-1] 
2018-01-26 at 23:57:55 CET logInfo - [pool-1-thread-1] Nam@quisdiamluctus.json.org
2018-01-26 at 23:57:55 CET logInfo - [pool-1-thread-1] 
2018-01-26 at 23:57:55 CET logInfo - [pool-1-thread-1] 17 Apr 2012
2018-01-26 at 23:57:55 CET logInfo - [pool-1-thread-1] 
2018-01-26 at 23:57:55 CET logInfo - [pool-1-thread-1] Atkins
2018-01-26 at 23:57:55 CET logInfo - [pool-1-thread-1] Ishmael
2018-01-26 at 23:57:55 CET logInfo - [pool-1-thread-1] 44
2018-01-26 at 23:57:55 CET logInfo - [pool-1-thread-1] 1,42 m
2018-01-26 at 23:57:55 CET logInfo - [pool-1-thread-1] 
2018-01-26 at 23:57:55 CET logInfo - [pool-1-thread-1] arcu.et.pede@musProin.ca
2018-01-26 at 23:57:55 CET logInfo - [pool-1-thread-1] 
2018-01-26 at 23:57:55 CET logInfo - [pool-1-thread-1] 12 Jan 2011
2018-01-26 at 23:57:55 CET logInfo - [pool-1-thread-1] 
2018-01-26 at 23:57:55 CET logInfo - [pool-1-thread-1] Hamilton
2018-01-26 at 23:57:55 CET logInfo - [pool-1-thread-1] Mohammad
2018-01-26 at 23:57:55 CET logInfo - [pool-1-thread-1] 73
2018-01-26 at 23:57:55 CET logInfo - [pool-1-thread-1] 1,22 m
2018-01-26 at 23:57:55 CET logInfo - [pool-1-thread-1] 
2018-01-26 at 23:57:55 CET logInfo - [pool-1-thread-1] dui@duiCras.edu
2018-01-26 at 23:57:55 CET logInfo - [pool-1-thread-1] 
2018-01-26 at 23:57:55 CET logInfo - [pool-1-thread-1] 25 Sep 2012
2018-01-26 at 23:57:55 CET logInfo - [pool-1-thread-1] 
2018-01-26 at 23:57:55 CET logInfo - [pool-1-thread-1] Murray
2018-01-26 at 23:57:55 CET logInfo - [pool-1-thread-1] Troy
2018-01-26 at 23:57:55 CET logInfo - [pool-1-thread-1] 18
2018-01-26 at 23:57:55 CET logInfo - [pool-1-thread-1] 1,92 m
2018-01-26 at 23:57:55 CET logInfo - [pool-1-thread-1] 
2018-01-26 at 23:57:55 CET logInfo - [pool-1-thread-1] mollis@eutellus.co.uk
2018-01-26 at 23:57:55 CET logInfo - [pool-1-thread-1] 
2018-01-26 at 23:57:55 CET logInfo - [pool-1-thread-1] 22 Jul 2012
2018-01-26 at 23:57:55 CET logInfo - [pool-1-thread-1] 
2018-01-26 at 23:57:55 CET logInfo - [pool-1-thread-1] Schwartz
2018-01-26 at 23:57:55 CET logInfo - [pool-1-thread-1] Carla
2018-01-26 at 23:57:55 CET logInfo - [pool-1-thread-1] 79
2018-01-26 at 23:57:55 CET logInfo - [pool-1-thread-1] 1,50 m
2018-01-26 at 23:57:55 CET logInfo - [pool-1-thread-1] 
2018-01-26 at 23:57:55 CET logInfo - [pool-1-thread-1] ante@adipiscing.org
2018-01-26 at 23:57:55 CET logInfo - [pool-1-thread-1] 
2018-01-26 at 23:57:55 CET logInfo - [pool-1-thread-1] 31 Mar 2012
2018-01-26 at 23:57:55 CET logInfo - [pool-1-thread-1] 
2018-01-26 at 23:57:55 CET logInfo - [pool-1-thread-1] Bond
2018-01-26 at 23:57:55 CET logInfo - [pool-1-thread-1] Lenore
2018-01-26 at 23:57:55 CET logInfo - [pool-1-thread-1] 33
2018-01-26 at 23:57:55 CET logInfo - [pool-1-thread-1] 1,55 m
2018-01-26 at 23:57:55 CET logInfo - [pool-1-thread-1] 
2018-01-26 at 23:57:55 CET logInfo - [pool-1-thread-1] semper.tellus.id@sem.co.uk
2018-01-26 at 23:57:55 CET logInfo - [pool-1-thread-1] 
2018-01-26 at 23:57:55 CET logInfo - [pool-1-thread-1] 4 Feb 2011
2018-01-26 at 23:57:55 CET logInfo - [pool-1-thread-1] 
2018-01-26 at 23:57:55 CET logInfo - [pool-1-thread-1] Noble
2018-01-26 at 23:57:55 CET logInfo - [pool-1-thread-1] Georgia
2018-01-26 at 23:57:55 CET logInfo - [pool-1-thread-1] 88
2018-01-26 at 23:57:55 CET logInfo - [pool-1-thread-1] 1,90 m
2018-01-26 at 23:57:55 CET logInfo - [pool-1-thread-1] 
2018-01-26 at 23:57:55 CET logInfo - [pool-1-thread-1] mi.lacinia@nisiaodio.co.uk
2018-01-26 at 23:57:55 CET logInfo - [pool-1-thread-1] 
2018-01-26 at 23:57:55 CET logInfo - [pool-1-thread-1] 17 Jan 2011
2018-01-26 at 23:57:55 CET logInfo - [pool-1-thread-1] 
2018-01-26 at 23:57:55 CET logInfo - [pool-1-thread-1] Frederick
2018-01-26 at 23:57:55 CET logInfo - [pool-1-thread-1] Bradley
2018-01-26 at 23:57:55 CET logInfo - [pool-1-thread-1] 80
2018-01-26 at 23:57:55 CET logInfo - [pool-1-thread-1] 1,87 m
2018-01-26 at 23:57:55 CET logInfo - [pool-1-thread-1] 
2018-01-26 at 23:57:55 CET logInfo - [pool-1-thread-1] dapibus.id.blandit@aptenttacitisociosqu.com
2018-01-26 at 23:57:55 CET logInfo - [pool-1-thread-1] 
2018-01-26 at 23:57:55 CET logInfo - [pool-1-thread-1] 27 Jul 2011
2018-01-26 at 23:57:55 CET logInfo - [pool-1-thread-1] 
2018-01-26 at 23:57:55 CET logInfo - [pool-1-thread-1] Chambers
2018-01-26 at 23:57:55 CET logInfo - [pool-1-thread-1] Aphrodite
2018-01-26 at 23:57:55 CET logInfo - [pool-1-thread-1] 63
2018-01-26 at 23:57:55 CET logInfo - [pool-1-thread-1] 1,30 m
2018-01-26 at 23:57:55 CET logInfo - [pool-1-thread-1] 
2018-01-26 at 23:57:55 CET logInfo - [pool-1-thread-1] mattis@venenatisvel.co.uk
2018-01-26 at 23:57:55 CET logInfo - [pool-1-thread-1] 
2018-01-26 at 23:57:55 CET logInfo - [pool-1-thread-1] 10 Sep 2011
2018-01-26 at 23:57:55 CET logInfo - [pool-1-thread-1] 
2018-01-26 at 23:57:55 CET logInfo - [pool-1-thread-1] Schultz
2018-01-26 at 23:57:55 CET logInfo - [pool-1-thread-1] Allegra
2018-01-26 at 23:57:55 CET logInfo - [pool-1-thread-1] 90
2018-01-26 at 23:57:55 CET logInfo - [pool-1-thread-1] 1,70 m
2018-01-26 at 23:57:55 CET logInfo - [pool-1-thread-1] 
2018-01-26 at 23:57:55 CET logInfo - [pool-1-thread-1] Fusce.feugiat.Lorem@Duis.net
2018-01-26 at 23:57:55 CET logInfo - [pool-1-thread-1] 
2018-01-26 at 23:57:55 CET logInfo - [pool-1-thread-1] 3 Apr 2012
2018-01-26 at 23:57:55 CET logInfo - [pool-1-thread-1] 
2018-01-26 at 23:57:55 CET logInfo - [pool-1-thread-1] Test1_exercise1_printAllCells(com.capgemini.ntc.selenium.features.samples.readFromTable.JsoupTest) PASSED.
2018-01-26 at 23:57:55 CET logDebug - [pool-1-thread-1] BasePage.onTestSuccess    EditableGridPage
2018-01-26 at 23:57:55 CET logInfo - [pool-1-thread-1] Test1_exercise1_printAllCells(com.capgemini.ntc.selenium.features.samples.readFromTable.JsoupTest) duration: 0,01 min
2018-01-26 at 23:57:56 CET logDebug - [Finalizer] closeDriver() was called but there was no driver for this thread.
2018-01-26 at 23:57:56 CET logDebug - [Finalizer] Closing Driver in finalize()
2018-01-26 at 23:57:56 CET logDebug - [pool-1-thread-1] BaseTest.tearDownClass()
2018-01-26 at 23:57:56 CET logDebug - [pool-1-thread-1] BaseTestWatcher.observers: []
2018-01-26 at 23:57:56 CET logDebug - [pool-1-thread-1] TestClassRule.classObservers: [com.capgemini.ntc.selenium.pages.features.samples.readFromTable.EditableGridPage@4ef6b7b9]
2018-01-26 at 23:57:56 CET logDebug - [pool-1-thread-1] BasePage.onTestClassFinish   EditableGridPage
2018-01-26 at 23:57:56 CET logDebug - [pool-1-thread-1] driver:NewChromeDriver: chrome on XP (b929d28144ead361c69f15e6cdbd59e1)
2018-01-26 at 23:57:56 CET logDebug - [pool-1-thread-1] Closing WebDriver for this thread. chrome
2018-01-26 at 23:57:56 CET logDebug - [pool-1-thread-1] All observers cleared.
Running resolution_test
2018-01-26 at 23:59:25 CET logInfo - [pool-1-thread-1] Step1 - open Chrome browser
2018-01-26 at 23:59:25 CET logInfo - [pool-1-thread-1] Step2 - load http://the-internet.herokuapp.com/ page
2018-01-26 at 23:57:44 CET logInfo - [pool-1-thread-2] resolution_test(com.capgemini.ntc.selenium.features.samples.resolutions.ResolutionTest) STARTED.
2018-01-26 at 23:57:44 CET logDebug - [pool-1-thread-2] Creating new browser=chrome WebDriver.
sty 26, 2018 11:59:25 PM org.openqa.selenium.remote.DesiredCapabilities chrome
INFO: Using `new ChromeOptions()` is preferred to `DesiredCapabilities.chrome()`
2018-01-26 at 23:59:25 CET logDebug - [pool-1-thread-1] Creating new browser=chrome WebDriver.
sty 26, 2018 11:59:25 PM org.openqa.selenium.remote.DesiredCapabilities chrome
INFO: Using `new ChromeOptions()` is preferred to `DesiredCapabilities.chrome()`
sty 26, 2018 11:59:25 PM org.openqa.selenium.remote.DesiredCapabilities chrome
INFO: Using `new ChromeOptions()` is preferred to `DesiredCapabilities.chrome()`
2018-01-26 at 23:57:48 CET logInfo - [pool-1-thread-2] Trying to set requested resolution: 1600x1200.
2018-01-26 at 23:57:50 CET logInfo - [pool-1-thread-2] Resolution readed from device: 1600x1100
2018-01-26 at 23:57:50 CET logInfo - [pool-1-thread-2] Trying to set increased resolution for 'View port': 1616x1200.
2018-01-26 at 23:57:50 CET logInfo - [pool-1-thread-2] Resolution readed from device: 1616x1100
2018-01-26 at 23:57:50 CET logDebug - [pool-1-thread-2] driver:NewChromeDriver: chrome on XP (1d1cfc6badffb4974f5a6cdffa2f1b6b)
2018-01-26 at 23:57:50 CET logDebug - [pool-1-thread-2] To add observer: com.capgemini.ntc.selenium.pages.projectX.registration.RegistryPage@20eaf8a7
2018-01-26 at 23:57:50 CET logDebug - [pool-1-thread-2] BaseTestWatcher.observers: []
2018-01-26 at 23:57:50 CET logDebug - [pool-1-thread-2] TestClassRule.classObservers: []
2018-01-26 at 23:57:50 CET logDebug - [pool-1-thread-2] Added observer: com.capgemini.ntc.selenium.pages.projectX.registration.RegistryPage@20eaf8a7
2018-01-26 at 23:57:50 CET logDebug - [pool-1-thread-2] Waiting for [waitForPageLoaded] took [0.036 s]
2018-01-26 at 23:57:50 CET logDebug - [pool-1-thread-2] com.capgemini.ntc.selenium.pages.projectX.registration.RegistryPage: Current loaded page (http://demoqa.com/registration/) with pageTitle (). Page to load: (http://demoqa.com/registration/) ,for page title: (Registration | Demoqa)
2018-01-26 at 23:57:54 CET logDebug - [pool-1-thread-2] Waiting for [waitForPageLoaded] took [0.041 s]
2018-01-26 at 23:57:54 CET logInfo - [pool-1-thread-2] Trying to set requested resolution: 768x576.
2018-01-26 at 23:57:55 CET logInfo - [pool-1-thread-2] Resolution readed from device: 768x576
2018-01-26 at 23:57:55 CET logInfo - [pool-1-thread-2] Trying to set increased resolution for 'View port': 801x576.
2018-01-26 at 23:57:55 CET logInfo - [pool-1-thread-2] Resolution readed from device: 801x576
2018-01-26 at 23:57:55 CET logDebug - [pool-1-thread-2] Waiting for [findElementDynamic(): By.cssSelector: input[id='name_3_firstname']] took [0.055 s]
2018-01-26 at 23:57:56 CET logInfo - [pool-1-thread-2] resolution_test(com.capgemini.ntc.selenium.features.samples.resolutions.ResolutionTest) PASSED.
2018-01-26 at 23:57:56 CET logDebug - [pool-1-thread-2] BasePage.onTestSuccess    RegistryPage
2018-01-26 at 23:57:56 CET logInfo - [pool-1-thread-2] resolution_test(com.capgemini.ntc.selenium.features.samples.resolutions.ResolutionTest) duration: 0,21 min
2018-01-26 at 23:57:56 CET logDebug - [pool-1-thread-2] BasePage.onTestFinish   RegistryPage
2018-01-26 at 23:57:56 CET logDebug - [pool-1-thread-2] To remove observer: com.capgemini.ntc.selenium.pages.projectX.registration.RegistryPage@20eaf8a7
2018-01-26 at 23:57:56 CET logInfo - [pool-1-thread-2] resolution_test(com.capgemini.ntc.selenium.features.samples.resolutions.ResolutionTest) STARTED.
2018-01-26 at 23:57:56 CET logDebug - [pool-1-thread-2] To add observer: com.capgemini.ntc.selenium.pages.projectX.registration.RegistryPage@425bf120
2018-01-26 at 23:57:56 CET logDebug - [pool-1-thread-2] BaseTestWatcher.observers: [com.capgemini.ntc.selenium.pages.projectX.registration.RegistryPage@20eaf8a7]
2018-01-26 at 23:57:56 CET logDebug - [pool-1-thread-2] TestClassRule.classObservers: []
2018-01-26 at 23:57:56 CET logDebug - [pool-1-thread-2] Waiting for [waitForPageLoaded] took [0.019 s]
2018-01-26 at 23:57:56 CET logInfo - [pool-1-thread-2] Trying to set requested resolution: 960x720.
2018-01-26 at 23:57:57 CET logInfo - [pool-1-thread-2] Resolution readed from device: 960x720
2018-01-26 at 23:57:57 CET logInfo - [pool-1-thread-2] Trying to set increased resolution for 'View port': 993x720.
2018-01-26 at 23:57:57 CET logInfo - [pool-1-thread-2] Resolution readed from device: 993x720
2018-01-26 at 23:57:57 CET logDebug - [pool-1-thread-2] Waiting for [findElementDynamic(): By.cssSelector: input[id='name_3_firstname']] took [0.015 s]
2018-01-26 at 23:57:58 CET logInfo - [pool-1-thread-2] resolution_test(com.capgemini.ntc.selenium.features.samples.resolutions.ResolutionTest) PASSED.
2018-01-26 at 23:57:58 CET logDebug - [pool-1-thread-2] BasePage.onTestSuccess    RegistryPage
2018-01-26 at 23:57:58 CET logInfo - [pool-1-thread-2] resolution_test(com.capgemini.ntc.selenium.features.samples.resolutions.ResolutionTest) duration: 0,02 min
2018-01-26 at 23:57:58 CET logDebug - [pool-1-thread-2] BasePage.onTestFinish   RegistryPage
2018-01-26 at 23:57:58 CET logDebug - [pool-1-thread-2] To remove observer: com.capgemini.ntc.selenium.pages.projectX.registration.RegistryPage@20eaf8a7
2018-01-26 at 23:57:58 CET logInfo - [pool-1-thread-2] resolution_test(com.capgemini.ntc.selenium.features.samples.resolutions.ResolutionTest) STARTED.
2018-01-26 at 23:57:58 CET logDebug - [pool-1-thread-2] To add observer: com.capgemini.ntc.selenium.pages.projectX.registration.RegistryPage@76557940
2018-01-26 at 23:57:58 CET logDebug - [pool-1-thread-2] BaseTestWatcher.observers: [com.capgemini.ntc.selenium.pages.projectX.registration.RegistryPage@20eaf8a7]
2018-01-26 at 23:57:58 CET logDebug - [pool-1-thread-2] TestClassRule.classObservers: []
2018-01-26 at 23:57:58 CET logDebug - [pool-1-thread-2] Waiting for [waitForPageLoaded] took [0.01 s]
2018-01-26 at 23:57:58 CET logInfo - [pool-1-thread-2] Trying to set requested resolution: 1920x1080.
2018-01-26 at 23:57:58 CET logInfo - [pool-1-thread-2] Resolution readed from device: 1920x1080
2018-01-26 at 23:57:58 CET logInfo - [pool-1-thread-2] Trying to set increased resolution for 'View port': 1953x1080.
2018-01-26 at 23:57:58 CET logInfo - [pool-1-thread-2] Resolution readed from device: 1940x1080
2018-01-26 at 23:57:58 CET logDebug - [pool-1-thread-2] Waiting for [findElementDynamic(): By.cssSelector: input[id='name_3_firstname']] took [0.013 s]
2018-01-26 at 23:57:59 CET logInfo - [pool-1-thread-2] resolution_test(com.capgemini.ntc.selenium.features.samples.resolutions.ResolutionTest) PASSED.
2018-01-26 at 23:57:59 CET logDebug - [pool-1-thread-2] BasePage.onTestSuccess    RegistryPage
2018-01-26 at 23:57:59 CET logInfo - [pool-1-thread-2] resolution_test(com.capgemini.ntc.selenium.features.samples.resolutions.ResolutionTest) duration: 0,02 min
2018-01-26 at 23:57:59 CET logDebug - [pool-1-thread-2] BasePage.onTestFinish   RegistryPage
2018-01-26 at 23:57:59 CET logDebug - [pool-1-thread-2] To remove observer: com.capgemini.ntc.selenium.pages.projectX.registration.RegistryPage@20eaf8a7
2018-01-26 at 23:57:59 CET logDebug - [pool-1-thread-2] BaseTest.tearDownClass()
2018-01-26 at 23:57:59 CET logDebug - [pool-1-thread-2] BaseTestWatcher.observers: [com.capgemini.ntc.selenium.pages.projectX.registration.RegistryPage@20eaf8a7]
2018-01-26 at 23:57:59 CET logDebug - [pool-1-thread-2] TestClassRule.classObservers: []
2018-01-26 at 23:57:59 CET logDebug - [pool-1-thread-2] BasePage.onTestClassFinish   RegistryPage
2018-01-26 at 23:57:59 CET logDebug - [pool-1-thread-2] driver:NewChromeDriver: chrome on XP (1d1cfc6badffb4974f5a6cdffa2f1b6b)
2018-01-26 at 23:57:59 CET logDebug - [pool-1-thread-2] Closing WebDriver for this thread. chrome
2018-01-26 at 23:58:00 CET logDebug - [pool-1-thread-2] All observers cleared.
Tests run: 3, Failures: 0, Errors: 0, Skipped: 0, Time elapsed: 15.311 sec - in resolution_test
Running registrationTest
2018-01-26 at 23:58:00 CET logInfo - [pool-1-thread-6] registrationTest(com.capgemini.ntc.selenium.projectX.registration.RegisterOKTestDDExternalDataTest) STARTED.
2018-01-26 at 23:58:00 CET logDebug - [pool-1-thread-6] Creating new browser=chrome WebDriver.
2018-01-26 at 23:58:04 CET logInfo - [pool-1-thread-6] Trying to set requested resolution: 1600x1200.
2018-01-26 at 23:58:05 CET logInfo - [pool-1-thread-6] Resolution readed from device: 1600x1100
2018-01-26 at 23:58:05 CET logInfo - [pool-1-thread-6] Trying to set increased resolution for 'View port': 1616x1200.
2018-01-26 at 23:58:05 CET logInfo - [pool-1-thread-6] Resolution readed from device: 1616x1100
2018-01-26 at 23:58:05 CET logDebug - [pool-1-thread-6] driver:NewChromeDriver: chrome on XP (26181125202f5cc0535a35bb63623187)
2018-01-26 at 23:58:05 CET logDebug - [pool-1-thread-6] To add observer: com.capgemini.ntc.selenium.pages.projectX.registration.RegistrationPage@7abc4003
2018-01-26 at 23:58:05 CET logDebug - [pool-1-thread-6] BaseTestWatcher.observers: []
2018-01-26 at 23:58:05 CET logDebug - [pool-1-thread-6] TestClassRule.classObservers: []
2018-01-26 at 23:58:05 CET logDebug - [pool-1-thread-6] Added observer: com.capgemini.ntc.selenium.pages.projectX.registration.RegistrationPage@7abc4003
2018-01-26 at 23:58:05 CET logDebug - [pool-1-thread-6] Waiting for [waitForPageLoaded] took [0.024 s]
2018-01-26 at 23:58:05 CET logDebug - [pool-1-thread-6] com.capgemini.ntc.selenium.pages.projectX.registration.RegistrationPage: Current loaded page (http://demoqa.com/registration/) with pageTitle (). Page to load: (http://demoqa.com/registration/) ,for page title: (Registration | Demoqa)
2018-01-26 at 23:58:12 CET logDebug - [pool-1-thread-6] Waiting for [waitForPageLoaded] took [0.104 s]
2018-01-26 at 23:58:12 CET logDebug - [pool-1-thread-6] Waiting for [findElementDynamic(): By.cssSelector: input[id='name_3_firstname']] took [0.107 s]
2018-01-26 at 23:58:12 CET logDebug - [pool-1-thread-6] Waiting for [findElementDynamic(): By.cssSelector: input[id='name_3_firstname']] took [0.03 s]
2018-01-26 at 23:58:13 CET logDebug - [pool-1-thread-6] Waiting for [findElementDynamic(): By.cssSelector: input[id='name_3_firstname']] took [0.083 s]
2018-01-26 at 23:58:13 CET logDebug - [pool-1-thread-6] Waiting for [findElementDynamic(): By.cssSelector: input[id='name_3_lastname']] took [0.031 s]
2018-01-26 at 23:58:13 CET logDebug - [pool-1-thread-6] Waiting for [findElementDynamic(): By.cssSelector: input[id='name_3_lastname']] took [0.018 s]
2018-01-26 at 23:58:13 CET logDebug - [pool-1-thread-6] Waiting for [findElementDynamic(): By.cssSelector: input[id='name_3_lastname']] took [0.023 s]
2018-01-26 at 23:58:13 CET logDebug - [pool-1-thread-6] Waiting for [findElementDynamic(): By.cssSelector: div[class='radio_wrap']] took [0.049 s]
2018-01-26 at 23:58:13 CET logDebug - [pool-1-thread-6] Waiting for [findElementDynamic(): By.cssSelector: div[class='radio_wrap']] took [0.021 s]
2018-01-26 at 23:58:13 CET logDebug - [pool-1-thread-6] Waiting for [findElementDynamic(): By.cssSelector: div[class='radio_wrap']] took [0.02 s]
Input text element: com.capgemini.ntc.selenium.core.newDrivers.elementType.RadioButtonElement@37927fdb isn't clicked.
2018-01-26 at 23:58:14 CET logDebug - [pool-1-thread-6] Waiting for [findElementDynamic(): By.cssSelector: li.fields.pageFields_1:nth-child(3) div.radio_wrap] took [0.051 s]
2018-01-26 at 23:58:14 CET logDebug - [pool-1-thread-6] Waiting for [findElementDynamic(): By.cssSelector: li.fields.pageFields_1:nth-child(3) div.radio_wrap] took [0.033 s]
2018-01-26 at 23:58:14 CET logDebug - [pool-1-thread-6] Waiting for [findElementDynamic(): By.cssSelector: select[id='dropdown_7']] took [0.035 s]
2018-01-26 at 23:58:14 CET logDebug - [pool-1-thread-6] Waiting for [findElementDynamic(): By.cssSelector: select[id='dropdown_7']] took [0.025 s]
2018-01-26 at 23:58:15 CET logDebug - [pool-1-thread-6] Waiting for [findElementDynamic(): By.cssSelector: select[id='dropdown_7']] took [0.121 s]
2018-01-26 at 23:58:26 CET logDebug - [pool-1-thread-6] Waiting for [findElementDynamic(): By.cssSelector: select[id='dropdown_7']] took [0.032 s]
2018-01-26 at 23:58:26 CET logDebug - [pool-1-thread-6] Waiting for [findElementDynamic(): By.cssSelector: select[id='mm_date_8']] took [0.03 s]
2018-01-26 at 23:58:26 CET logDebug - [pool-1-thread-6] Waiting for [findElementDynamic(): By.cssSelector: select[id='mm_date_8']] took [0.015 s]
2018-01-26 at 23:58:26 CET logDebug - [pool-1-thread-6] Waiting for [findElementDynamic(): By.cssSelector: select[id='mm_date_8']] took [0.019 s]
2018-01-26 at 23:58:27 CET logDebug - [pool-1-thread-6] Waiting for [findElementDynamic(): By.cssSelector: select[id='mm_date_8']] took [0.015 s]
2018-01-26 at 23:58:27 CET logDebug - [pool-1-thread-6] Waiting for [findElementDynamic(): By.cssSelector: select[id='dd_date_8']] took [0.025 s]
2018-01-26 at 23:58:27 CET logDebug - [pool-1-thread-6] Waiting for [findElementDynamic(): By.cssSelector: select[id='dd_date_8']] took [0.015 s]
2018-01-26 at 23:58:27 CET logDebug - [pool-1-thread-6] Waiting for [findElementDynamic(): By.cssSelector: select[id='dd_date_8']] took [0.018 s]
2018-01-26 at 23:58:28 CET logDebug - [pool-1-thread-6] Waiting for [findElementDynamic(): By.cssSelector: select[id='dd_date_8']] took [0.012 s]
2018-01-26 at 23:58:28 CET logDebug - [pool-1-thread-6] Waiting for [findElementDynamic(): By.cssSelector: select[id='yy_date_8']] took [0.024 s]
2018-01-26 at 23:58:28 CET logDebug - [pool-1-thread-6] Waiting for [findElementDynamic(): By.cssSelector: select[id='yy_date_8']] took [0.013 s]
2018-01-26 at 23:58:29 CET logDebug - [pool-1-thread-6] Waiting for [findElementDynamic(): By.cssSelector: select[id='yy_date_8']] took [0.017 s]
2018-01-26 at 23:58:31 CET logDebug - [pool-1-thread-6] Waiting for [findElementDynamic(): By.cssSelector: select[id='yy_date_8']] took [0.013 s]
2018-01-26 at 23:58:31 CET logDebug - [pool-1-thread-6] Waiting for [findElementDynamic(): By.cssSelector: input[id='phone_9']] took [0.034 s]
2018-01-26 at 23:58:31 CET logDebug - [pool-1-thread-6] Waiting for [findElementDynamic(): By.cssSelector: input[id='phone_9']] took [0.015 s]
2018-01-26 at 23:58:31 CET logDebug - [pool-1-thread-6] Waiting for [findElementDynamic(): By.cssSelector: input[id='phone_9']] took [0.017 s]
2018-01-26 at 23:58:32 CET logDebug - [pool-1-thread-6] Waiting for [findElementDynamic(): By.cssSelector: input[id='username']] took [0.025 s]
2018-01-26 at 23:58:32 CET logDebug - [pool-1-thread-6] Waiting for [findElementDynamic(): By.cssSelector: input[id='username']] took [0.012 s]
2018-01-26 at 23:58:32 CET logDebug - [pool-1-thread-6] Waiting for [findElementDynamic(): By.cssSelector: input[id='username']] took [0.029 s]
2018-01-26 at 23:58:32 CET logDebug - [pool-1-thread-6] Waiting for [findElementDynamic(): By.cssSelector: input[id='email_1']] took [0.031 s]
2018-01-26 at 23:58:32 CET logDebug - [pool-1-thread-6] Waiting for [findElementDynamic(): By.cssSelector: input[id='email_1']] took [0.015 s]
2018-01-26 at 23:58:32 CET logDebug - [pool-1-thread-6] Waiting for [findElementDynamic(): By.cssSelector: input[id='email_1']] took [0.019 s]
2018-01-26 at 23:58:33 CET logDebug - [pool-1-thread-6] Waiting for [findElementDynamic(): By.cssSelector: textarea[ id='description' ]] took [0.028 s]
2018-01-26 at 23:58:33 CET logDebug - [pool-1-thread-6] Waiting for [findElementDynamic(): By.cssSelector: textarea[ id='description' ]] took [0.017 s]
2018-01-26 at 23:58:33 CET logDebug - [pool-1-thread-6] Waiting for [findElementDynamic(): By.cssSelector: textarea[ id='description' ]] took [0.018 s]
2018-01-26 at 23:58:33 CET logDebug - [pool-1-thread-6] Waiting for [findElementDynamic(): By.cssSelector: input[id='password_2']] took [0.031 s]
2018-01-26 at 23:58:33 CET logDebug - [pool-1-thread-6] Waiting for [findElementDynamic(): By.cssSelector: input[id='password_2']] took [0.015 s]
2018-01-26 at 23:58:33 CET logDebug - [pool-1-thread-6] Waiting for [findElementDynamic(): By.cssSelector: input[id='password_2']] took [0.017 s]
2018-01-26 at 23:58:33 CET logDebug - [pool-1-thread-6] Waiting for [findElementDynamic(): By.cssSelector: input[id='confirm_password_password_2']] took [0.046 s]
2018-01-26 at 23:58:33 CET logDebug - [pool-1-thread-6] Waiting for [findElementDynamic(): By.cssSelector: input[id='confirm_password_password_2']] took [0.036 s]
2018-01-26 at 23:58:34 CET logDebug - [pool-1-thread-6] Waiting for [findElementDynamic(): By.cssSelector: input[id='confirm_password_password_2']] took [0.018 s]
2018-01-26 at 23:58:34 CET logDebug - [pool-1-thread-6] Waiting for [findElementDynamic(): By.cssSelector: input[name='pie_submit']] took [0.03 s]
2018-01-26 at 23:58:34 CET logDebug - [pool-1-thread-6] Waiting for [findElementDynamic(): By.cssSelector: input[name='pie_submit']] took [0.019 s]
2018-01-26 at 23:58:34 CET logDebug - [pool-1-thread-6] Waiting for [waitForPageLoaded] took [0.014 s]
2018-01-26 at 23:58:34 CET logDebug - [pool-1-thread-6] Waiting for [findElementDynamic(): By.cssSelector: input[name='pie_submit']] took [0.014 s]
2018-01-26 at 23:58:37 CET logDebug - [pool-1-thread-6] Waiting for [waitForElementVisible(): By.cssSelector: p[class='piereg_login_error']] took [0.418 s]
2018-01-26 at 23:58:37 CET logDebug - [pool-1-thread-6] Waiting for [waitForElementVisible(): By.cssSelector: p[class='piereg_login_error']] took [0.033 s]
2018-01-26 at 23:58:37 CET logDebug - [pool-1-thread-6] Error: Username already exists
2018-01-26 at 23:58:37 CET logDebug - [pool-1-thread-6] Waiting for [findElementDynamic(): By.cssSelector: p[class='piereg_login_error']] took [0.02 s]
2018-01-26 at 23:58:37 CET logDebug - [pool-1-thread-6] Waiting for [findElementDynamic(): By.cssSelector: p[class='piereg_login_error']] took [0.016 s]
2018-01-26 at 23:58:37 CET logInfo - [pool-1-thread-6] registrationTest(com.capgemini.ntc.selenium.projectX.registration.RegisterOKTestDDExternalDataTest) PASSED.
2018-01-26 at 23:58:37 CET logDebug - [pool-1-thread-6] BasePage.onTestSuccess    RegistrationPage
2018-01-26 at 23:58:37 CET logInfo - [pool-1-thread-6] registrationTest(com.capgemini.ntc.selenium.projectX.registration.RegisterOKTestDDExternalDataTest) duration: 0,61 min
2018-01-26 at 23:58:38 CET logDebug - [pool-1-thread-6] BasePage.onTestFinish   RegistrationPage
2018-01-26 at 23:58:38 CET logDebug - [pool-1-thread-6] To remove observer: com.capgemini.ntc.selenium.pages.projectX.registration.RegistrationPage@7abc4003
2018-01-26 at 23:58:38 CET logInfo - [pool-1-thread-6] registrationTest(com.capgemini.ntc.selenium.projectX.registration.RegisterOKTestDDExternalDataTest) STARTED.
2018-01-26 at 23:58:38 CET logDebug - [pool-1-thread-6] To add observer: com.capgemini.ntc.selenium.pages.projectX.registration.RegistrationPage@3f52489a
2018-01-26 at 23:58:38 CET logDebug - [pool-1-thread-6] BaseTestWatcher.observers: [com.capgemini.ntc.selenium.pages.projectX.registration.RegistrationPage@7abc4003]
2018-01-26 at 23:58:38 CET logDebug - [pool-1-thread-6] TestClassRule.classObservers: []
2018-01-26 at 23:58:38 CET logDebug - [pool-1-thread-6] Waiting for [waitForPageLoaded] took [0.365 s]
2018-01-26 at 23:58:39 CET logDebug - [pool-1-thread-6] Waiting for [waitForPageLoaded] took [0.114 s]
2018-01-26 at 23:58:39 CET logDebug - [pool-1-thread-6] Waiting for [findElementDynamic(): By.cssSelector: input[id='name_3_firstname']] took [0.058 s]
2018-01-26 at 23:58:39 CET logDebug - [pool-1-thread-6] Waiting for [findElementDynamic(): By.cssSelector: input[id='name_3_firstname']] took [0.085 s]
2018-01-26 at 23:58:39 CET logDebug - [pool-1-thread-6] Waiting for [findElementDynamic(): By.cssSelector: input[id='name_3_firstname']] took [0.057 s]
2018-01-26 at 23:58:40 CET logDebug - [pool-1-thread-6] Waiting for [findElementDynamic(): By.cssSelector: input[id='name_3_lastname']] took [0.061 s]
2018-01-26 at 23:58:40 CET logDebug - [pool-1-thread-6] Waiting for [findElementDynamic(): By.cssSelector: input[id='name_3_lastname']] took [0.072 s]
2018-01-26 at 23:58:40 CET logDebug - [pool-1-thread-6] Waiting for [findElementDynamic(): By.cssSelector: input[id='name_3_lastname']] took [0.023 s]
2018-01-26 at 23:58:40 CET logDebug - [pool-1-thread-6] Waiting for [findElementDynamic(): By.cssSelector: div[class='radio_wrap']] took [0.079 s]
2018-01-26 at 23:58:40 CET logDebug - [pool-1-thread-6] Waiting for [findElementDynamic(): By.cssSelector: div[class='radio_wrap']] took [0.054 s]
2018-01-26 at 23:58:40 CET logDebug - [pool-1-thread-6] Waiting for [findElementDynamic(): By.cssSelector: div[class='radio_wrap']] took [0.04 s]
2018-01-26 at 23:58:41 CET logDebug - [pool-1-thread-6] Waiting for [findElementDynamic(): By.cssSelector: li.fields.pageFields_1:nth-child(3) div.radio_wrap] took [0.035 s]
2018-01-26 at 23:58:41 CET logDebug - [pool-1-thread-6] Waiting for [findElementDynamic(): By.cssSelector: li.fields.pageFields_1:nth-child(3) div.radio_wrap] took [0.017 s]
2018-01-26 at 23:58:41 CET logDebug - [pool-1-thread-6] Waiting for [findElementDynamic(): By.cssSelector: select[id='dropdown_7']] took [0.027 s]
2018-01-26 at 23:58:41 CET logDebug - [pool-1-thread-6] Waiting for [findElementDynamic(): By.cssSelector: select[id='dropdown_7']] took [0.016 s]
2018-01-26 at 23:58:41 CET logDebug - [pool-1-thread-6] Waiting for [findElementDynamic(): By.cssSelector: select[id='dropdown_7']] took [0.017 s]
2018-01-26 at 23:58:58 CET logDebug - [pool-1-thread-6] Waiting for [findElementDynamic(): By.cssSelector: select[id='dropdown_7']] took [0.018 s]
2018-01-26 at 23:58:58 CET logDebug - [pool-1-thread-6] Waiting for [findElementDynamic(): By.cssSelector: select[id='mm_date_8']] took [0.03 s]
2018-01-26 at 23:58:58 CET logDebug - [pool-1-thread-6] Waiting for [findElementDynamic(): By.cssSelector: select[id='mm_date_8']] took [0.016 s]
2018-01-26 at 23:58:59 CET logDebug - [pool-1-thread-6] Waiting for [findElementDynamic(): By.cssSelector: select[id='mm_date_8']] took [0.048 s]
2018-01-26 at 23:59:00 CET logDebug - [pool-1-thread-6] Waiting for [findElementDynamic(): By.cssSelector: select[id='mm_date_8']] took [0.068 s]
2018-01-26 at 23:59:00 CET logDebug - [pool-1-thread-6] Waiting for [findElementDynamic(): By.cssSelector: select[id='dd_date_8']] took [0.085 s]
2018-01-26 at 23:59:00 CET logDebug - [pool-1-thread-6] Waiting for [findElementDynamic(): By.cssSelector: select[id='dd_date_8']] took [0.108 s]
2018-01-26 at 23:59:01 CET logDebug - [pool-1-thread-6] Waiting for [findElementDynamic(): By.cssSelector: select[id='dd_date_8']] took [0.121 s]
2018-01-26 at 23:59:05 CET logDebug - [pool-1-thread-6] Waiting for [findElementDynamic(): By.cssSelector: select[id='dd_date_8']] took [0.021 s]
2018-01-26 at 23:59:05 CET logDebug - [pool-1-thread-6] Waiting for [findElementDynamic(): By.cssSelector: select[id='yy_date_8']] took [0.04 s]
2018-01-26 at 23:59:05 CET logDebug - [pool-1-thread-6] Waiting for [findElementDynamic(): By.cssSelector: select[id='yy_date_8']] took [0.016 s]
2018-01-26 at 23:59:05 CET logDebug - [pool-1-thread-6] Waiting for [findElementDynamic(): By.cssSelector: select[id='yy_date_8']] took [0.022 s]
2018-01-26 at 23:59:09 CET logDebug - [pool-1-thread-6] Waiting for [findElementDynamic(): By.cssSelector: select[id='yy_date_8']] took [0.025 s]
2018-01-26 at 23:59:09 CET logDebug - [pool-1-thread-6] Waiting for [findElementDynamic(): By.cssSelector: input[id='phone_9']] took [0.052 s]
2018-01-26 at 23:59:10 CET logDebug - [pool-1-thread-6] Waiting for [findElementDynamic(): By.cssSelector: input[id='phone_9']] took [0.034 s]
2018-01-26 at 23:59:10 CET logDebug - [pool-1-thread-6] Waiting for [findElementDynamic(): By.cssSelector: input[id='phone_9']] took [0.051 s]
2018-01-26 at 23:59:10 CET logDebug - [pool-1-thread-6] Waiting for [findElementDynamic(): By.cssSelector: input[id='username']] took [0.036 s]
2018-01-26 at 23:59:10 CET logDebug - [pool-1-thread-6] Waiting for [findElementDynamic(): By.cssSelector: input[id='username']] took [0.023 s]
2018-01-26 at 23:59:10 CET logDebug - [pool-1-thread-6] Waiting for [findElementDynamic(): By.cssSelector: input[id='username']] took [0.025 s]
2018-01-26 at 23:59:11 CET logDebug - [pool-1-thread-6] Waiting for [findElementDynamic(): By.cssSelector: input[id='email_1']] took [0.039 s]
2018-01-26 at 23:59:11 CET logDebug - [pool-1-thread-6] Waiting for [findElementDynamic(): By.cssSelector: input[id='email_1']] took [0.018 s]
2018-01-26 at 23:59:11 CET logDebug - [pool-1-thread-6] Waiting for [findElementDynamic(): By.cssSelector: input[id='email_1']] took [0.035 s]
2018-01-26 at 23:59:12 CET logDebug - [pool-1-thread-6] Waiting for [findElementDynamic(): By.cssSelector: textarea[ id='description' ]] took [0.076 s]
2018-01-26 at 23:59:12 CET logDebug - [pool-1-thread-6] Waiting for [findElementDynamic(): By.cssSelector: textarea[ id='description' ]] took [0.014 s]
2018-01-26 at 23:59:12 CET logDebug - [pool-1-thread-6] Waiting for [findElementDynamic(): By.cssSelector: textarea[ id='description' ]] took [0.022 s]
2018-01-26 at 23:59:12 CET logDebug - [pool-1-thread-6] Waiting for [findElementDynamic(): By.cssSelector: input[id='password_2']] took [0.04 s]
2018-01-26 at 23:59:12 CET logDebug - [pool-1-thread-6] Waiting for [findElementDynamic(): By.cssSelector: input[id='password_2']] took [0.026 s]
2018-01-26 at 23:59:12 CET logDebug - [pool-1-thread-6] Waiting for [findElementDynamic(): By.cssSelector: input[id='password_2']] took [0.033 s]
2018-01-26 at 23:59:13 CET logDebug - [pool-1-thread-6] Waiting for [findElementDynamic(): By.cssSelector: input[id='confirm_password_password_2']] took [0.055 s]
2018-01-26 at 23:59:13 CET logDebug - [pool-1-thread-6] Waiting for [findElementDynamic(): By.cssSelector: input[id='confirm_password_password_2']] took [0.028 s]
2018-01-26 at 23:59:13 CET logDebug - [pool-1-thread-6] Waiting for [findElementDynamic(): By.cssSelector: input[id='confirm_password_password_2']] took [0.025 s]
2018-01-26 at 23:59:14 CET logDebug - [pool-1-thread-6] Waiting for [findElementDynamic(): By.cssSelector: input[name='pie_submit']] took [0.068 s]
2018-01-26 at 23:59:14 CET logDebug - [pool-1-thread-6] Waiting for [findElementDynamic(): By.cssSelector: input[name='pie_submit']] took [0.034 s]
2018-01-26 at 23:59:14 CET logDebug - [pool-1-thread-6] Waiting for [waitForPageLoaded] took [0.05 s]
2018-01-26 at 23:59:14 CET logDebug - [pool-1-thread-6] Waiting for [findElementDynamic(): By.cssSelector: input[name='pie_submit']] took [0.032 s]
2018-01-26 at 23:59:16 CET logDebug - [pool-1-thread-6] Waiting for [waitForElementVisible(): By.cssSelector: p[class='piereg_login_error']] took [0.29 s]
2018-01-26 at 23:59:16 CET logDebug - [pool-1-thread-6] Waiting for [waitForElementVisible(): By.cssSelector: p[class='piereg_login_error']] took [0.063 s]
2018-01-26 at 23:59:16 CET logDebug - [pool-1-thread-6] Error: Username already exists
2018-01-26 at 23:59:16 CET logDebug - [pool-1-thread-6] Waiting for [findElementDynamic(): By.cssSelector: p[class='piereg_login_error']] took [0.048 s]
2018-01-26 at 23:59:16 CET logDebug - [pool-1-thread-6] Waiting for [findElementDynamic(): By.cssSelector: p[class='piereg_login_error']] took [0.03 s]
2018-01-26 at 23:59:16 CET logInfo - [pool-1-thread-6] registrationTest(com.capgemini.ntc.selenium.projectX.registration.RegisterOKTestDDExternalDataTest) PASSED.
2018-01-26 at 23:59:16 CET logDebug - [pool-1-thread-6] BasePage.onTestSuccess    RegistrationPage
2018-01-26 at 23:59:16 CET logInfo - [pool-1-thread-6] registrationTest(com.capgemini.ntc.selenium.projectX.registration.RegisterOKTestDDExternalDataTest) duration: 0,64 min
2018-01-26 at 23:59:17 CET logDebug - [pool-1-thread-6] BasePage.onTestFinish   RegistrationPage
2018-01-26 at 23:59:17 CET logDebug - [pool-1-thread-6] To remove observer: com.capgemini.ntc.selenium.pages.projectX.registration.RegistrationPage@7abc4003
2018-01-26 at 23:59:17 CET logDebug - [pool-1-thread-6] BaseTest.tearDownClass()
2018-01-26 at 23:59:17 CET logDebug - [pool-1-thread-6] BaseTestWatcher.observers: [com.capgemini.ntc.selenium.pages.projectX.registration.RegistrationPage@7abc4003]
2018-01-26 at 23:59:17 CET logDebug - [pool-1-thread-6] TestClassRule.classObservers: []
2018-01-26 at 23:59:17 CET logDebug - [pool-1-thread-6] BasePage.onTestClassFinish   RegistrationPage
2018-01-26 at 23:59:17 CET logDebug - [pool-1-thread-6] driver:NewChromeDriver: chrome on XP (26181125202f5cc0535a35bb63623187)
2018-01-26 at 23:59:17 CET logDebug - [pool-1-thread-6] Closing WebDriver for this thread. chrome
2018-01-26 at 23:59:18 CET logDebug - [pool-1-thread-6] All observers cleared.
Input text element: com.capgemini.ntc.selenium.core.newDrivers.elementType.RadioButtonElement@34ba5a7d isn't clicked.
Tests run: 2, Failures: 0, Errors: 0, Skipped: 0, Time elapsed: 77.557 sec - in registrationTest
Running com.capgemini.ntc.selenium.projectX.registration.RegisterOKTest
2018-01-26 at 23:58:00 CET logInfo - [pool-1-thread-5] Register_OK(com.capgemini.ntc.selenium.projectX.registration.RegisterOKTest) STARTED.
2018-01-26 at 23:58:00 CET logDebug - [pool-1-thread-5] Creating new browser=chrome WebDriver.
2018-01-26 at 23:58:03 CET logInfo - [pool-1-thread-5] Trying to set requested resolution: 1600x1200.
2018-01-26 at 23:58:05 CET logInfo - [pool-1-thread-5] Resolution readed from device: 1600x1100
2018-01-26 at 23:58:05 CET logInfo - [pool-1-thread-5] Trying to set increased resolution for 'View port': 1616x1200.
2018-01-26 at 23:58:05 CET logInfo - [pool-1-thread-5] Resolution readed from device: 1616x1100
2018-01-26 at 23:58:05 CET logDebug - [pool-1-thread-5] driver:NewChromeDriver: chrome on XP (34ebf05c2b7bb6ed0b5cb00d68b2d7f2)
2018-01-26 at 23:58:05 CET logDebug - [pool-1-thread-5] To add observer: com.capgemini.ntc.selenium.pages.projectX.registration.RegistrationPage@171b2763
2018-01-26 at 23:58:05 CET logDebug - [pool-1-thread-5] BaseTestWatcher.observers: []
2018-01-26 at 23:58:05 CET logDebug - [pool-1-thread-5] TestClassRule.classObservers: []
2018-01-26 at 23:58:05 CET logDebug - [pool-1-thread-5] Added observer: com.capgemini.ntc.selenium.pages.projectX.registration.RegistrationPage@171b2763
2018-01-26 at 23:58:05 CET logDebug - [pool-1-thread-5] Waiting for [waitForPageLoaded] took [0.031 s]
2018-01-26 at 23:58:05 CET logDebug - [pool-1-thread-5] com.capgemini.ntc.selenium.pages.projectX.registration.RegistrationPage: Current loaded page (http://demoqa.com/registration/) with pageTitle (). Page to load: (http://demoqa.com/registration/) ,for page title: (Registration | Demoqa)
2018-01-26 at 23:58:13 CET logDebug - [pool-1-thread-5] Waiting for [waitForPageLoaded] took [0.019 s]
2018-01-26 at 23:58:13 CET logDebug - [pool-1-thread-5] Waiting for [findElementDynamic(): By.cssSelector: input[id='name_3_firstname']] took [0.05 s]
2018-01-26 at 23:58:13 CET logDebug - [pool-1-thread-5] Waiting for [findElementDynamic(): By.cssSelector: input[id='name_3_firstname']] took [0.018 s]
2018-01-26 at 23:58:13 CET logDebug - [pool-1-thread-5] Waiting for [findElementDynamic(): By.cssSelector: input[id='name_3_firstname']] took [0.02 s]
2018-01-26 at 23:58:13 CET logDebug - [pool-1-thread-5] Waiting for [findElementDynamic(): By.cssSelector: input[id='name_3_lastname']] took [0.069 s]
2018-01-26 at 23:58:13 CET logDebug - [pool-1-thread-5] Waiting for [findElementDynamic(): By.cssSelector: input[id='name_3_lastname']] took [0.023 s]
2018-01-26 at 23:58:13 CET logDebug - [pool-1-thread-5] Waiting for [findElementDynamic(): By.cssSelector: input[id='name_3_lastname']] took [0.028 s]
2018-01-26 at 23:58:14 CET logDebug - [pool-1-thread-5] Waiting for [findElementDynamic(): By.cssSelector: div[class='radio_wrap']] took [0.032 s]
2018-01-26 at 23:58:14 CET logDebug - [pool-1-thread-5] Waiting for [findElementDynamic(): By.cssSelector: div[class='radio_wrap']] took [0.019 s]
2018-01-26 at 23:58:14 CET logDebug - [pool-1-thread-5] Waiting for [findElementDynamic(): By.cssSelector: div[class='radio_wrap']] took [0.039 s]
Input text element: com.capgemini.ntc.selenium.core.newDrivers.elementType.RadioButtonElement@3b4e8517 isn't clicked.
2018-01-26 at 23:58:14 CET logDebug - [pool-1-thread-5] Waiting for [findElementDynamic(): By.cssSelector: li.fields.pageFields_1:nth-child(3) div.radio_wrap] took [0.035 s]
2018-01-26 at 23:58:14 CET logDebug - [pool-1-thread-5] Waiting for [findElementDynamic(): By.cssSelector: li.fields.pageFields_1:nth-child(3) div.radio_wrap] took [0.019 s]
2018-01-26 at 23:58:15 CET logDebug - [pool-1-thread-5] Waiting for [findElementDynamic(): By.cssSelector: li.fields.pageFields_1:nth-child(3) div.radio_wrap] took [0.052 s]
2018-01-26 at 23:58:15 CET logDebug - [pool-1-thread-5] Waiting for [findElementDynamic(): By.cssSelector: li.fields.pageFields_1:nth-child(3) div.radio_wrap] took [0.015 s]
2018-01-26 at 23:58:16 CET logDebug - [pool-1-thread-5] Waiting for [findElementDynamic(): By.cssSelector: select[id='dropdown_7']] took [0.033 s]
2018-01-26 at 23:58:16 CET logDebug - [pool-1-thread-5] Waiting for [findElementDynamic(): By.cssSelector: select[id='dropdown_7']] took [0.024 s]
2018-01-26 at 23:58:16 CET logDebug - [pool-1-thread-5] Waiting for [findElementDynamic(): By.cssSelector: select[id='dropdown_7']] took [0.156 s]
2018-01-26 at 23:58:27 CET logDebug - [pool-1-thread-5] Waiting for [findElementDynamic(): By.cssSelector: select[id='dropdown_7']] took [0.014 s]
2018-01-26 at 23:58:27 CET logDebug - [pool-1-thread-5] Waiting for [findElementDynamic(): By.cssSelector: select[id='mm_date_8']] took [0.027 s]
2018-01-26 at 23:58:27 CET logDebug - [pool-1-thread-5] Waiting for [findElementDynamic(): By.cssSelector: select[id='mm_date_8']] took [0.015 s]
2018-01-26 at 23:58:28 CET logDebug - [pool-1-thread-5] Waiting for [findElementDynamic(): By.cssSelector: select[id='mm_date_8']] took [0.02 s]
2018-01-26 at 23:58:28 CET logDebug - [pool-1-thread-5] Waiting for [findElementDynamic(): By.cssSelector: select[id='mm_date_8']] took [0.013 s]
2018-01-26 at 23:58:28 CET logDebug - [pool-1-thread-5] Waiting for [findElementDynamic(): By.cssSelector: select[id='dd_date_8']] took [0.025 s]
2018-01-26 at 23:58:28 CET logDebug - [pool-1-thread-5] Waiting for [findElementDynamic(): By.cssSelector: select[id='dd_date_8']] took [0.014 s]
2018-01-26 at 23:58:28 CET logDebug - [pool-1-thread-5] Waiting for [findElementDynamic(): By.cssSelector: select[id='dd_date_8']] took [0.02 s]
2018-01-26 at 23:58:30 CET logDebug - [pool-1-thread-5] Waiting for [findElementDynamic(): By.cssSelector: select[id='dd_date_8']] took [0.014 s]
2018-01-26 at 23:58:30 CET logDebug - [pool-1-thread-5] Waiting for [findElementDynamic(): By.cssSelector: select[id='yy_date_8']] took [0.026 s]
2018-01-26 at 23:58:30 CET logDebug - [pool-1-thread-5] Waiting for [findElementDynamic(): By.cssSelector: select[id='yy_date_8']] took [0.016 s]
2018-01-26 at 23:58:30 CET logDebug - [pool-1-thread-5] Waiting for [findElementDynamic(): By.cssSelector: select[id='yy_date_8']] took [0.055 s]
2018-01-26 at 23:58:33 CET logDebug - [pool-1-thread-5] Waiting for [findElementDynamic(): By.cssSelector: select[id='yy_date_8']] took [0.015 s]
2018-01-26 at 23:58:33 CET logDebug - [pool-1-thread-5] Waiting for [findElementDynamic(): By.cssSelector: input[id='phone_9']] took [0.028 s]
2018-01-26 at 23:58:33 CET logDebug - [pool-1-thread-5] Waiting for [findElementDynamic(): By.cssSelector: input[id='phone_9']] took [0.023 s]
2018-01-26 at 23:58:33 CET logDebug - [pool-1-thread-5] Waiting for [findElementDynamic(): By.cssSelector: input[id='phone_9']] took [0.036 s]
2018-01-26 at 23:58:34 CET logDebug - [pool-1-thread-5] Waiting for [findElementDynamic(): By.cssSelector: input[id='username']] took [0.034 s]
2018-01-26 at 23:58:34 CET logDebug - [pool-1-thread-5] Waiting for [findElementDynamic(): By.cssSelector: input[id='username']] took [0.016 s]
2018-01-26 at 23:58:34 CET logDebug - [pool-1-thread-5] Waiting for [findElementDynamic(): By.cssSelector: input[id='username']] took [0.016 s]
2018-01-26 at 23:58:34 CET logDebug - [pool-1-thread-5] Waiting for [findElementDynamic(): By.cssSelector: input[id='email_1']] took [0.029 s]
2018-01-26 at 23:58:34 CET logDebug - [pool-1-thread-5] Waiting for [findElementDynamic(): By.cssSelector: input[id='email_1']] took [0.016 s]
2018-01-26 at 23:58:34 CET logDebug - [pool-1-thread-5] Waiting for [findElementDynamic(): By.cssSelector: input[id='email_1']] took [0.019 s]
2018-01-26 at 23:58:34 CET logDebug - [pool-1-thread-5] Waiting for [findElementDynamic(): By.cssSelector: textarea[ id='description' ]] took [0.026 s]
2018-01-26 at 23:58:35 CET logDebug - [pool-1-thread-5] Waiting for [findElementDynamic(): By.cssSelector: textarea[ id='description' ]] took [0.015 s]
2018-01-26 at 23:58:35 CET logDebug - [pool-1-thread-5] Waiting for [findElementDynamic(): By.cssSelector: textarea[ id='description' ]] took [0.021 s]
2018-01-26 at 23:58:35 CET logDebug - [pool-1-thread-5] Waiting for [findElementDynamic(): By.cssSelector: input[id='password_2']] took [0.023 s]
2018-01-26 at 23:58:35 CET logDebug - [pool-1-thread-5] Waiting for [findElementDynamic(): By.cssSelector: input[id='password_2']] took [0.01 s]
2018-01-26 at 23:58:35 CET logDebug - [pool-1-thread-5] Waiting for [findElementDynamic(): By.cssSelector: input[id='password_2']] took [0.019 s]
2018-01-26 at 23:58:35 CET logDebug - [pool-1-thread-5] Waiting for [findElementDynamic(): By.cssSelector: input[id='confirm_password_password_2']] took [0.041 s]
2018-01-26 at 23:58:35 CET logDebug - [pool-1-thread-5] Waiting for [findElementDynamic(): By.cssSelector: input[id='confirm_password_password_2']] took [0.027 s]
2018-01-26 at 23:58:35 CET logDebug - [pool-1-thread-5] Waiting for [findElementDynamic(): By.cssSelector: input[id='confirm_password_password_2']] took [0.016 s]
2018-01-26 at 23:58:36 CET logDebug - [pool-1-thread-5] Waiting for [findElementDynamic(): By.cssSelector: input[name='pie_submit']] took [0.058 s]
2018-01-26 at 23:58:36 CET logDebug - [pool-1-thread-5] Waiting for [findElementDynamic(): By.cssSelector: input[name='pie_submit']] took [0.033 s]
2018-01-26 at 23:58:36 CET logDebug - [pool-1-thread-5] Waiting for [waitForPageLoaded] took [0.013 s]
2018-01-26 at 23:58:36 CET logDebug - [pool-1-thread-5] Waiting for [findElementDynamic(): By.cssSelector: input[name='pie_submit']] took [0.031 s]
2018-01-26 at 23:58:39 CET logDebug - [pool-1-thread-5] Waiting for [waitForElementVisible(): By.cssSelector: p[class='piereg_login_error']] took [0.632 s]
2018-01-26 at 23:58:39 CET logDebug - [pool-1-thread-5] Waiting for [waitForElementVisible(): By.cssSelector: p[class='piereg_login_error']] took [0.141 s]
2018-01-26 at 23:58:39 CET logDebug - [pool-1-thread-5] Error: Username already exists
2018-01-26 at 23:58:39 CET logDebug - [pool-1-thread-5] Waiting for [findElementDynamic(): By.cssSelector: p[class='piereg_login_error']] took [0.07 s]
2018-01-26 at 23:58:39 CET logDebug - [pool-1-thread-5] Waiting for [findElementDynamic(): By.cssSelector: p[class='piereg_login_error']] took [0.038 s]
2018-01-26 at 23:58:39 CET logInfo - [pool-1-thread-5] Register_OK(com.capgemini.ntc.selenium.projectX.registration.RegisterOKTest) PASSED.
2018-01-26 at 23:58:39 CET logDebug - [pool-1-thread-5] BasePage.onTestSuccess    RegistrationPage
2018-01-26 at 23:58:39 CET logInfo - [pool-1-thread-5] Register_OK(com.capgemini.ntc.selenium.projectX.registration.RegisterOKTest) duration: 0,66 min
2018-01-26 at 23:58:39 CET logDebug - [pool-1-thread-5] BasePage.onTestFinish   RegistrationPage
2018-01-26 at 23:58:39 CET logDebug - [pool-1-thread-5] To remove observer: com.capgemini.ntc.selenium.pages.projectX.registration.RegistrationPage@171b2763
2018-01-26 at 23:58:39 CET logDebug - [pool-1-thread-5] BaseTest.tearDownClass()
2018-01-26 at 23:58:39 CET logDebug - [pool-1-thread-5] BaseTestWatcher.observers: [com.capgemini.ntc.selenium.pages.projectX.registration.RegistrationPage@171b2763]
2018-01-26 at 23:58:39 CET logDebug - [pool-1-thread-5] TestClassRule.classObservers: []
2018-01-26 at 23:58:39 CET logDebug - [pool-1-thread-5] BasePage.onTestClassFinish   RegistrationPage
2018-01-26 at 23:58:39 CET logDebug - [pool-1-thread-5] driver:NewChromeDriver: chrome on XP (34ebf05c2b7bb6ed0b5cb00d68b2d7f2)
2018-01-26 at 23:58:39 CET logDebug - [pool-1-thread-5] Closing WebDriver for this thread. chrome
2018-01-26 at 23:58:42 CET logDebug - [pool-1-thread-5] All observers cleared.
Tests run: 1, Failures: 0, Errors: 0, Skipped: 0, Time elapsed: 39.43 sec - in com.capgemini.ntc.selenium.projectX.registration.RegisterOKTest
Running com.capgemini.ntc.selenium.projectX.navigationbar.NavigationBarTest
2018-01-26 at 23:58:00 CET logInfo - [pool-1-thread-4] test(com.capgemini.ntc.selenium.projectX.navigationbar.NavigationBarTest) STARTED.
2018-01-26 at 23:58:00 CET logInfo - [pool-1-thread-4] [Step 1] Open main page
2018-01-26 at 23:58:00 CET logDebug - [pool-1-thread-4] Creating new browser=chrome WebDriver.
2018-01-26 at 23:58:03 CET logInfo - [pool-1-thread-4] Trying to set requested resolution: 1600x1200.
2018-01-26 at 23:58:05 CET logInfo - [pool-1-thread-4] Resolution readed from device: 1600x1100
2018-01-26 at 23:58:05 CET logInfo - [pool-1-thread-4] Trying to set increased resolution for 'View port': 1616x1200.
2018-01-26 at 23:58:05 CET logInfo - [pool-1-thread-4] Resolution readed from device: 1616x1100
2018-01-26 at 23:58:05 CET logDebug - [pool-1-thread-4] driver:NewChromeDriver: chrome on XP (b33a64a59fc6339fe929f8fb706fc065)
2018-01-26 at 23:58:05 CET logDebug - [pool-1-thread-4] To add observer: com.capgemini.ntc.selenium.pages.projectX.MainPage@4343c7e3
2018-01-26 at 23:58:05 CET logDebug - [pool-1-thread-4] BaseTestWatcher.observers: []
2018-01-26 at 23:58:05 CET logDebug - [pool-1-thread-4] TestClassRule.classObservers: []
2018-01-26 at 23:58:05 CET logDebug - [pool-1-thread-4] Added observer: com.capgemini.ntc.selenium.pages.projectX.MainPage@4343c7e3
2018-01-26 at 23:58:05 CET logDebug - [pool-1-thread-4] Waiting for [waitForPageLoaded] took [0.034 s]
2018-01-26 at 23:58:05 CET logDebug - [pool-1-thread-4] com.capgemini.ntc.selenium.pages.projectX.MainPage: Current loaded page (http://demoqa.com/) with pageTitle (). Page to load: (http://demoqa.com/) ,for page title: (Demoqa | Just another WordPress site)
2018-01-26 at 23:58:16 CET logInfo - [pool-1-thread-4] [Step 2] Click navigation bar - Home
2018-01-26 at 23:58:16 CET logDebug - [pool-1-thread-4] To add observer: com.capgemini.ntc.selenium.pages.projectX.navigationbar.NavigationBar@695cd187
2018-01-26 at 23:58:16 CET logDebug - [pool-1-thread-4] BaseTestWatcher.observers: [com.capgemini.ntc.selenium.pages.projectX.MainPage@4343c7e3]
2018-01-26 at 23:58:16 CET logDebug - [pool-1-thread-4] TestClassRule.classObservers: []
2018-01-26 at 23:58:16 CET logDebug - [pool-1-thread-4] Waiting for [waitForPageLoaded] took [0.078 s]
2018-01-26 at 23:58:17 CET logDebug - [pool-1-thread-4] Waiting for [findElementDynamic(): By.cssSelector: li[id='menu-item-38']] took [0.151 s]
2018-01-26 at 23:58:17 CET logDebug - [pool-1-thread-4] Waiting for [findElementDynamic(): By.cssSelector: li[id='menu-item-38']] took [0.051 s]
2018-01-26 at 23:58:17 CET logDebug - [pool-1-thread-4] Waiting for [waitForPageLoaded] took [0.05 s]
2018-01-26 at 23:58:17 CET logDebug - [pool-1-thread-4] Waiting for [findElementDynamic(): By.cssSelector: li[id='menu-item-38']] took [0.045 s]
2018-01-26 at 23:58:18 CET logInfo - [pool-1-thread-4] Clicking on Navigation bar link - Home
2018-01-26 at 23:58:18 CET logDebug - [pool-1-thread-4] Waiting for [waitForPageLoaded] took [0.047 s]
2018-01-26 at 23:58:18 CET logInfo - [pool-1-thread-4] [Step 3] Verify if main page is opened
2018-01-26 at 23:58:18 CET logDebug - [pool-1-thread-4] To add observer: com.capgemini.ntc.selenium.pages.projectX.navigationbar.home.NavBarHome@459a899c
2018-01-26 at 23:58:18 CET logDebug - [pool-1-thread-4] BaseTestWatcher.observers: [com.capgemini.ntc.selenium.pages.projectX.MainPage@4343c7e3]
2018-01-26 at 23:58:18 CET logDebug - [pool-1-thread-4] TestClassRule.classObservers: []
2018-01-26 at 23:58:18 CET logDebug - [pool-1-thread-4] Waiting for [waitForPageLoaded] took [0.031 s]
2018-01-26 at 23:58:18 CET logDebug - [pool-1-thread-4] Waiting for [waitForPageLoaded] took [0.011 s]
2018-01-26 at 23:58:18 CET logInfo - [pool-1-thread-4] test(com.capgemini.ntc.selenium.projectX.navigationbar.NavigationBarTest) PASSED.
2018-01-26 at 23:58:18 CET logDebug - [pool-1-thread-4] BasePage.onTestSuccess    MainPage
2018-01-26 at 23:58:18 CET logInfo - [pool-1-thread-4] test(com.capgemini.ntc.selenium.projectX.navigationbar.NavigationBarTest) duration: 0,31 min
2018-01-26 at 23:58:18 CET logDebug - [pool-1-thread-4] BasePage.onTestFinish   MainPage
2018-01-26 at 23:58:18 CET logDebug - [pool-1-thread-4] To remove observer: com.capgemini.ntc.selenium.pages.projectX.MainPage@4343c7e3
2018-01-26 at 23:58:18 CET logDebug - [pool-1-thread-4] BaseTest.tearDownClass()
2018-01-26 at 23:58:18 CET logDebug - [pool-1-thread-4] BaseTestWatcher.observers: [com.capgemini.ntc.selenium.pages.projectX.MainPage@4343c7e3]
2018-01-26 at 23:58:18 CET logDebug - [pool-1-thread-4] TestClassRule.classObservers: []
2018-01-26 at 23:58:18 CET logDebug - [pool-1-thread-4] BasePage.onTestClassFinish   MainPage
2018-01-26 at 23:58:18 CET logDebug - [pool-1-thread-4] driver:NewChromeDriver: chrome on XP (b33a64a59fc6339fe929f8fb706fc065)
2018-01-26 at 23:58:18 CET logDebug - [pool-1-thread-4] Closing WebDriver for this thread. chrome
2018-01-26 at 23:58:23 CET logDebug - [pool-1-thread-4] All observers cleared.
Tests run: 1, Failures: 0, Errors: 0, Skipped: 0, Time elapsed: 18.607 sec - in com.capgemini.ntc.selenium.projectX.navigationbar.NavigationBarTest
Starting ChromeDriver 2.33.506120 (e3e53437346286c0bc2d2dc9aa4915ba81d9023f) on port 9104
Only local connections are allowed.
Starting ChromeDriver 2.33.506120 (e3e53437346286c0bc2d2dc9aa4915ba81d9023f) on port 26645
Only local connections are allowed.
Starting ChromeDriver 2.33.506120 (e3e53437346286c0bc2d2dc9aa4915ba81d9023f) on port 36929
Only local connections are allowed.
sty 26, 2018 11:59:31 PM org.openqa.selenium.remote.ProtocolHandshake createSession
INFO: Detected dialect: OSS
sty 26, 2018 11:59:31 PM org.openqa.selenium.remote.ProtocolHandshake createSession
INFO: Detected dialect: OSS
sty 26, 2018 11:59:31 PM org.openqa.selenium.remote.ProtocolHandshake createSession
INFO: Detected dialect: OSS
2018-01-26 at 23:59:31 CET logInfo - [pool-1-thread-1] Trying to set requested resolution: 1600x1200.
2018-01-26 at 23:59:32 CET logInfo - [pool-1-thread-1] Resolution readed from device: 1600x1100
2018-01-26 at 23:59:32 CET logInfo - [pool-1-thread-1] Trying to set increased resolution for 'View port': 1616x1200.
2018-01-26 at 23:59:33 CET logInfo - [pool-1-thread-1] Resolution readed from device: 1616x1100
2018-01-26 at 23:59:33 CET logDebug - [pool-1-thread-1] driver:NewChromeDriver: chrome on XP (8a1cbca581badc6f867d6e02ea95540a)
2018-01-26 at 23:59:33 CET logDebug - [pool-1-thread-1] To add observer: com.capgemini.ntc.selenium.pages.projectY.TheInternetPage@1682d801
2018-01-26 at 23:59:33 CET logDebug - [pool-1-thread-1] BaseTestWatcher.observers: []
2018-01-26 at 23:59:33 CET logDebug - [pool-1-thread-1] TestClassRule.classObservers: []
2018-01-26 at 23:59:33 CET logDebug - [pool-1-thread-1] Added observer: com.capgemini.ntc.selenium.pages.projectY.TheInternetPage@1682d801
2018-01-26 at 23:59:33 CET logDebug - [pool-1-thread-1] The internet page is loaded: data:,
2018-01-26 at 23:59:33 CET logDebug - [pool-1-thread-1] load page
2018-01-26 at 23:59:50 CET logDebug - [pool-1-thread-1] Waiting for [waitForPageLoaded] took [0.063 s]
Running registrationTest
2018-01-26 at 23:58:00 CET logInfo - [pool-1-thread-7] registrationTest(com.capgemini.ntc.selenium.projectX.registration.RegisterOKTestDDInternalDataTest) STARTED.
2018-01-26 at 23:58:00 CET logDebug - [pool-1-thread-7] Creating new browser=chrome WebDriver.
2018-01-26 at 23:58:03 CET logInfo - [pool-1-thread-7] Trying to set requested resolution: 1600x1200.
2018-01-26 at 23:58:05 CET logInfo - [pool-1-thread-7] Resolution readed from device: 1600x1100
2018-01-26 at 23:58:05 CET logInfo - [pool-1-thread-7] Trying to set increased resolution for 'View port': 1616x1200.
2018-01-26 at 23:58:05 CET logInfo - [pool-1-thread-7] Resolution readed from device: 1616x1100
2018-01-26 at 23:58:05 CET logDebug - [pool-1-thread-7] driver:NewChromeDriver: chrome on XP (86c392e42cf4e090bb0db8bbcf34a38b)
2018-01-26 at 23:58:05 CET logDebug - [pool-1-thread-7] To add observer: com.capgemini.ntc.selenium.pages.projectX.registration.RegistrationPage@37baabbc
2018-01-26 at 23:58:05 CET logDebug - [pool-1-thread-7] BaseTestWatcher.observers: []
2018-01-26 at 23:58:05 CET logDebug - [pool-1-thread-7] TestClassRule.classObservers: []
2018-01-26 at 23:58:05 CET logDebug - [pool-1-thread-7] Added observer: com.capgemini.ntc.selenium.pages.projectX.registration.RegistrationPage@37baabbc
2018-01-26 at 23:58:06 CET logDebug - [pool-1-thread-7] Waiting for [waitForPageLoaded] took [0.071 s]
2018-01-26 at 23:58:06 CET logDebug - [pool-1-thread-7] com.capgemini.ntc.selenium.pages.projectX.registration.RegistrationPage: Current loaded page (http://demoqa.com/registration/) with pageTitle (). Page to load: (http://demoqa.com/registration/) ,for page title: (Registration | Demoqa)
2018-01-26 at 23:58:16 CET logDebug - [pool-1-thread-7] Waiting for [waitForPageLoaded] took [0.163 s]
2018-01-26 at 23:58:17 CET logDebug - [pool-1-thread-7] Waiting for [findElementDynamic(): By.cssSelector: input[id='name_3_firstname']] took [0.047 s]
2018-01-26 at 23:58:17 CET logDebug - [pool-1-thread-7] Waiting for [findElementDynamic(): By.cssSelector: input[id='name_3_firstname']] took [0.092 s]
2018-01-26 at 23:58:17 CET logDebug - [pool-1-thread-7] Waiting for [findElementDynamic(): By.cssSelector: input[id='name_3_firstname']] took [0.041 s]
2018-01-26 at 23:58:18 CET logDebug - [pool-1-thread-7] Waiting for [findElementDynamic(): By.cssSelector: input[id='name_3_lastname']] took [0.172 s]
2018-01-26 at 23:58:18 CET logDebug - [pool-1-thread-7] Waiting for [findElementDynamic(): By.cssSelector: input[id='name_3_lastname']] took [0.159 s]
2018-01-26 at 23:58:18 CET logDebug - [pool-1-thread-7] Waiting for [findElementDynamic(): By.cssSelector: input[id='name_3_lastname']] took [0.105 s]
2018-01-26 at 23:58:18 CET logDebug - [pool-1-thread-7] Waiting for [findElementDynamic(): By.cssSelector: div[class='radio_wrap']] took [0.048 s]
2018-01-26 at 23:58:18 CET logDebug - [pool-1-thread-7] Waiting for [findElementDynamic(): By.cssSelector: div[class='radio_wrap']] took [0.029 s]
2018-01-26 at 23:58:18 CET logDebug - [pool-1-thread-7] Waiting for [findElementDynamic(): By.cssSelector: div[class='radio_wrap']] took [0.02 s]
Input text element: com.capgemini.ntc.selenium.core.newDrivers.elementType.RadioButtonElement@264740cd isn't clicked.
2018-01-26 at 23:58:19 CET logDebug - [pool-1-thread-7] Waiting for [findElementDynamic(): By.cssSelector: li.fields.pageFields_1:nth-child(3) div.radio_wrap] took [0.113 s]
2018-01-26 at 23:58:19 CET logDebug - [pool-1-thread-7] Waiting for [findElementDynamic(): By.cssSelector: li.fields.pageFields_1:nth-child(3) div.radio_wrap] took [0.051 s]
2018-01-26 at 23:58:19 CET logDebug - [pool-1-thread-7] Waiting for [findElementDynamic(): By.cssSelector: select[id='dropdown_7']] took [0.037 s]
2018-01-26 at 23:58:19 CET logDebug - [pool-1-thread-7] Waiting for [findElementDynamic(): By.cssSelector: select[id='dropdown_7']] took [0.017 s]
2018-01-26 at 23:58:20 CET logDebug - [pool-1-thread-7] Waiting for [findElementDynamic(): By.cssSelector: select[id='dropdown_7']] took [0.054 s]
2018-01-26 at 23:58:29 CET logDebug - [pool-1-thread-7] Waiting for [findElementDynamic(): By.cssSelector: select[id='dropdown_7']] took [0.018 s]
2018-01-26 at 23:58:29 CET logDebug - [pool-1-thread-7] Waiting for [findElementDynamic(): By.cssSelector: select[id='mm_date_8']] took [0.031 s]
2018-01-26 at 23:58:29 CET logDebug - [pool-1-thread-7] Waiting for [findElementDynamic(): By.cssSelector: select[id='mm_date_8']] took [0.013 s]
2018-01-26 at 23:58:29 CET logDebug - [pool-1-thread-7] Waiting for [findElementDynamic(): By.cssSelector: select[id='mm_date_8']] took [0.022 s]
2018-01-26 at 23:58:30 CET logDebug - [pool-1-thread-7] Waiting for [findElementDynamic(): By.cssSelector: select[id='mm_date_8']] took [0.014 s]
2018-01-26 at 23:58:30 CET logDebug - [pool-1-thread-7] Waiting for [findElementDynamic(): By.cssSelector: select[id='dd_date_8']] took [0.025 s]
2018-01-26 at 23:58:30 CET logDebug - [pool-1-thread-7] Waiting for [findElementDynamic(): By.cssSelector: select[id='dd_date_8']] took [0.014 s]
2018-01-26 at 23:58:30 CET logDebug - [pool-1-thread-7] Waiting for [findElementDynamic(): By.cssSelector: select[id='dd_date_8']] took [0.025 s]
2018-01-26 at 23:58:31 CET logDebug - [pool-1-thread-7] Waiting for [findElementDynamic(): By.cssSelector: select[id='dd_date_8']] took [0.016 s]
2018-01-26 at 23:58:31 CET logDebug - [pool-1-thread-7] Waiting for [findElementDynamic(): By.cssSelector: select[id='yy_date_8']] took [0.039 s]
2018-01-26 at 23:58:31 CET logDebug - [pool-1-thread-7] Waiting for [findElementDynamic(): By.cssSelector: select[id='yy_date_8']] took [0.029 s]
2018-01-26 at 23:58:32 CET logDebug - [pool-1-thread-7] Waiting for [findElementDynamic(): By.cssSelector: select[id='yy_date_8']] took [0.054 s]
2018-01-26 at 23:58:35 CET logDebug - [pool-1-thread-7] Waiting for [findElementDynamic(): By.cssSelector: select[id='yy_date_8']] took [0.016 s]
2018-01-26 at 23:58:35 CET logDebug - [pool-1-thread-7] Waiting for [findElementDynamic(): By.cssSelector: input[id='phone_9']] took [0.042 s]
2018-01-26 at 23:58:35 CET logDebug - [pool-1-thread-7] Waiting for [findElementDynamic(): By.cssSelector: input[id='phone_9']] took [0.02 s]
2018-01-26 at 23:58:35 CET logDebug - [pool-1-thread-7] Waiting for [findElementDynamic(): By.cssSelector: input[id='phone_9']] took [0.028 s]
2018-01-26 at 23:58:36 CET logDebug - [pool-1-thread-7] Waiting for [findElementDynamic(): By.cssSelector: input[id='username']] took [0.045 s]
2018-01-26 at 23:58:36 CET logDebug - [pool-1-thread-7] Waiting for [findElementDynamic(): By.cssSelector: input[id='username']] took [0.022 s]
2018-01-26 at 23:58:36 CET logDebug - [pool-1-thread-7] Waiting for [findElementDynamic(): By.cssSelector: input[id='username']] took [0.037 s]
2018-01-26 at 23:58:36 CET logDebug - [pool-1-thread-7] Waiting for [findElementDynamic(): By.cssSelector: input[id='email_1']] took [0.034 s]
2018-01-26 at 23:58:36 CET logDebug - [pool-1-thread-7] Waiting for [findElementDynamic(): By.cssSelector: input[id='email_1']] took [0.056 s]
2018-01-26 at 23:58:36 CET logDebug - [pool-1-thread-7] Waiting for [findElementDynamic(): By.cssSelector: input[id='email_1']] took [0.016 s]
2018-01-26 at 23:58:37 CET logDebug - [pool-1-thread-7] Waiting for [findElementDynamic(): By.cssSelector: textarea[ id='description' ]] took [0.033 s]
2018-01-26 at 23:58:37 CET logDebug - [pool-1-thread-7] Waiting for [findElementDynamic(): By.cssSelector: textarea[ id='description' ]] took [0.016 s]
2018-01-26 at 23:58:37 CET logDebug - [pool-1-thread-7] Waiting for [findElementDynamic(): By.cssSelector: textarea[ id='description' ]] took [0.018 s]
2018-01-26 at 23:58:37 CET logDebug - [pool-1-thread-7] Waiting for [findElementDynamic(): By.cssSelector: input[id='password_2']] took [0.076 s]
2018-01-26 at 23:58:37 CET logDebug - [pool-1-thread-7] Waiting for [findElementDynamic(): By.cssSelector: input[id='password_2']] took [0.052 s]
2018-01-26 at 23:58:38 CET logDebug - [pool-1-thread-7] Waiting for [findElementDynamic(): By.cssSelector: input[id='password_2']] took [0.049 s]
2018-01-26 at 23:58:39 CET logDebug - [pool-1-thread-7] Waiting for [findElementDynamic(): By.cssSelector: input[id='confirm_password_password_2']] took [0.088 s]
2018-01-26 at 23:58:39 CET logDebug - [pool-1-thread-7] Waiting for [findElementDynamic(): By.cssSelector: input[id='confirm_password_password_2']] took [0.049 s]
2018-01-26 at 23:58:39 CET logDebug - [pool-1-thread-7] Waiting for [findElementDynamic(): By.cssSelector: input[id='confirm_password_password_2']] took [0.035 s]
2018-01-26 at 23:58:40 CET logDebug - [pool-1-thread-7] Waiting for [findElementDynamic(): By.cssSelector: input[name='pie_submit']] took [0.068 s]
2018-01-26 at 23:58:40 CET logDebug - [pool-1-thread-7] Waiting for [findElementDynamic(): By.cssSelector: input[name='pie_submit']] took [0.017 s]
2018-01-26 at 23:58:40 CET logDebug - [pool-1-thread-7] Waiting for [waitForPageLoaded] took [0.113 s]
2018-01-26 at 23:58:40 CET logDebug - [pool-1-thread-7] Waiting for [findElementDynamic(): By.cssSelector: input[name='pie_submit']] took [0.024 s]
2018-01-26 at 23:58:44 CET logDebug - [pool-1-thread-7] Waiting for [waitForElementVisible(): By.cssSelector: p[class='piereg_login_error']] took [0.406 s]
2018-01-26 at 23:58:44 CET logDebug - [pool-1-thread-7] Waiting for [waitForElementVisible(): By.cssSelector: p[class='piereg_login_error']] took [0.082 s]
2018-01-26 at 23:58:44 CET logDebug - [pool-1-thread-7] Error: Username already exists
2018-01-26 at 23:58:44 CET logDebug - [pool-1-thread-7] Waiting for [findElementDynamic(): By.cssSelector: p[class='piereg_login_error']] took [0.025 s]
2018-01-26 at 23:58:44 CET logDebug - [pool-1-thread-7] Waiting for [findElementDynamic(): By.cssSelector: p[class='piereg_login_error']] took [0.02 s]
2018-01-26 at 23:58:44 CET logInfo - [pool-1-thread-7] registrationTest(com.capgemini.ntc.selenium.projectX.registration.RegisterOKTestDDInternalDataTest) PASSED.
2018-01-26 at 23:58:44 CET logDebug - [pool-1-thread-7] BasePage.onTestSuccess    RegistrationPage
2018-01-26 at 23:58:44 CET logInfo - [pool-1-thread-7] registrationTest(com.capgemini.ntc.selenium.projectX.registration.RegisterOKTestDDInternalDataTest) duration: 0,74 min
2018-01-26 at 23:58:48 CET logDebug - [pool-1-thread-7] BasePage.onTestFinish   RegistrationPage
2018-01-26 at 23:58:48 CET logDebug - [pool-1-thread-7] To remove observer: com.capgemini.ntc.selenium.pages.projectX.registration.RegistrationPage@37baabbc
2018-01-26 at 23:58:48 CET logInfo - [pool-1-thread-7] registrationTest(com.capgemini.ntc.selenium.projectX.registration.RegisterOKTestDDInternalDataTest) STARTED.
2018-01-26 at 23:58:48 CET logDebug - [pool-1-thread-7] To add observer: com.capgemini.ntc.selenium.pages.projectX.registration.RegistrationPage@131ad97e
2018-01-26 at 23:58:48 CET logDebug - [pool-1-thread-7] BaseTestWatcher.observers: [com.capgemini.ntc.selenium.pages.projectX.registration.RegistrationPage@37baabbc]
2018-01-26 at 23:58:48 CET logDebug - [pool-1-thread-7] TestClassRule.classObservers: []
2018-01-26 at 23:58:48 CET logDebug - [pool-1-thread-7] Waiting for [waitForPageLoaded] took [0.553 s]
2018-01-26 at 23:58:49 CET logDebug - [pool-1-thread-7] Waiting for [waitForPageLoaded] took [0.023 s]
2018-01-26 at 23:58:49 CET logDebug - [pool-1-thread-7] Waiting for [findElementDynamic(): By.cssSelector: input[id='name_3_firstname']] took [0.039 s]
2018-01-26 at 23:58:49 CET logDebug - [pool-1-thread-7] Waiting for [findElementDynamic(): By.cssSelector: input[id='name_3_firstname']] took [0.03 s]
2018-01-26 at 23:58:49 CET logDebug - [pool-1-thread-7] Waiting for [findElementDynamic(): By.cssSelector: input[id='name_3_firstname']] took [0.039 s]
2018-01-26 at 23:58:49 CET logDebug - [pool-1-thread-7] Waiting for [findElementDynamic(): By.cssSelector: input[id='name_3_lastname']] took [0.042 s]
2018-01-26 at 23:58:49 CET logDebug - [pool-1-thread-7] Waiting for [findElementDynamic(): By.cssSelector: input[id='name_3_lastname']] took [0.06 s]
2018-01-26 at 23:58:49 CET logDebug - [pool-1-thread-7] Waiting for [findElementDynamic(): By.cssSelector: input[id='name_3_lastname']] took [0.068 s]
2018-01-26 at 23:58:50 CET logDebug - [pool-1-thread-7] Waiting for [findElementDynamic(): By.cssSelector: div[class='radio_wrap']] took [0.029 s]
2018-01-26 at 23:58:50 CET logDebug - [pool-1-thread-7] Waiting for [findElementDynamic(): By.cssSelector: div[class='radio_wrap']] took [0.012 s]
2018-01-26 at 23:58:50 CET logDebug - [pool-1-thread-7] Waiting for [findElementDynamic(): By.cssSelector: div[class='radio_wrap']] took [0.018 s]
2018-01-26 at 23:58:50 CET logDebug - [pool-1-thread-7] Waiting for [findElementDynamic(): By.cssSelector: div[class='radio_wrap']] took [0.014 s]
2018-01-26 at 23:58:50 CET logDebug - [pool-1-thread-7] Waiting for [findElementDynamic(): By.cssSelector: li.fields.pageFields_1:nth-child(3) div.radio_wrap] took [0.113 s]
2018-01-26 at 23:58:50 CET logDebug - [pool-1-thread-7] Waiting for [findElementDynamic(): By.cssSelector: li.fields.pageFields_1:nth-child(3) div.radio_wrap] took [0.086 s]
2018-01-26 at 23:58:51 CET logDebug - [pool-1-thread-7] Waiting for [findElementDynamic(): By.cssSelector: select[id='dropdown_7']] took [0.083 s]
2018-01-26 at 23:58:51 CET logDebug - [pool-1-thread-7] Waiting for [findElementDynamic(): By.cssSelector: select[id='dropdown_7']] took [0.056 s]
2018-01-26 at 23:58:52 CET logDebug - [pool-1-thread-7] Waiting for [findElementDynamic(): By.cssSelector: select[id='dropdown_7']] took [0.108 s]
2018-01-26 at 23:59:09 CET logDebug - [pool-1-thread-7] Waiting for [findElementDynamic(): By.cssSelector: select[id='dropdown_7']] took [0.03 s]
2018-01-26 at 23:59:09 CET logDebug - [pool-1-thread-7] Waiting for [findElementDynamic(): By.cssSelector: select[id='mm_date_8']] took [0.042 s]
2018-01-26 at 23:59:09 CET logDebug - [pool-1-thread-7] Waiting for [findElementDynamic(): By.cssSelector: select[id='mm_date_8']] took [0.015 s]
2018-01-26 at 23:59:09 CET logDebug - [pool-1-thread-7] Waiting for [findElementDynamic(): By.cssSelector: select[id='mm_date_8']] took [0.052 s]
2018-01-26 at 23:59:10 CET logDebug - [pool-1-thread-7] Waiting for [findElementDynamic(): By.cssSelector: select[id='mm_date_8']] took [0.024 s]
2018-01-26 at 23:59:11 CET logDebug - [pool-1-thread-7] Waiting for [findElementDynamic(): By.cssSelector: select[id='dd_date_8']] took [0.032 s]
2018-01-26 at 23:59:11 CET logDebug - [pool-1-thread-7] Waiting for [findElementDynamic(): By.cssSelector: select[id='dd_date_8']] took [0.018 s]
2018-01-26 at 23:59:11 CET logDebug - [pool-1-thread-7] Waiting for [findElementDynamic(): By.cssSelector: select[id='dd_date_8']] took [0.165 s]
2018-01-26 at 23:59:13 CET logDebug - [pool-1-thread-7] Waiting for [findElementDynamic(): By.cssSelector: select[id='dd_date_8']] took [0.025 s]
2018-01-26 at 23:59:13 CET logDebug - [pool-1-thread-7] Waiting for [findElementDynamic(): By.cssSelector: select[id='yy_date_8']] took [0.051 s]
2018-01-26 at 23:59:14 CET logDebug - [pool-1-thread-7] Waiting for [findElementDynamic(): By.cssSelector: select[id='yy_date_8']] took [0.027 s]
2018-01-26 at 23:59:14 CET logDebug - [pool-1-thread-7] Waiting for [findElementDynamic(): By.cssSelector: select[id='yy_date_8']] took [0.037 s]
2018-01-26 at 23:59:18 CET logDebug - [pool-1-thread-7] Waiting for [findElementDynamic(): By.cssSelector: select[id='yy_date_8']] took [0.031 s]
2018-01-26 at 23:59:18 CET logDebug - [pool-1-thread-7] Waiting for [findElementDynamic(): By.cssSelector: input[id='phone_9']] took [0.144 s]
2018-01-26 at 23:59:18 CET logDebug - [pool-1-thread-7] Waiting for [findElementDynamic(): By.cssSelector: input[id='phone_9']] took [0.023 s]
2018-01-26 at 23:59:18 CET logDebug - [pool-1-thread-7] Waiting for [findElementDynamic(): By.cssSelector: input[id='phone_9']] took [0.021 s]
2018-01-26 at 23:59:18 CET logDebug - [pool-1-thread-7] Waiting for [findElementDynamic(): By.cssSelector: input[id='username']] took [0.03 s]
2018-01-26 at 23:59:18 CET logDebug - [pool-1-thread-7] Waiting for [findElementDynamic(): By.cssSelector: input[id='username']] took [0.019 s]
2018-01-26 at 23:59:18 CET logDebug - [pool-1-thread-7] Waiting for [findElementDynamic(): By.cssSelector: input[id='username']] took [0.018 s]
2018-01-26 at 23:59:19 CET logDebug - [pool-1-thread-7] Waiting for [findElementDynamic(): By.cssSelector: input[id='email_1']] took [0.029 s]
2018-01-26 at 23:59:19 CET logDebug - [pool-1-thread-7] Waiting for [findElementDynamic(): By.cssSelector: input[id='email_1']] took [0.031 s]
2018-01-26 at 23:59:19 CET logDebug - [pool-1-thread-7] Waiting for [findElementDynamic(): By.cssSelector: input[id='email_1']] took [0.084 s]
2018-01-26 at 23:59:19 CET logDebug - [pool-1-thread-7] Waiting for [findElementDynamic(): By.cssSelector: textarea[ id='description' ]] took [0.027 s]
2018-01-26 at 23:59:19 CET logDebug - [pool-1-thread-7] Waiting for [findElementDynamic(): By.cssSelector: textarea[ id='description' ]] took [0.013 s]
2018-01-26 at 23:59:20 CET logDebug - [pool-1-thread-7] Waiting for [findElementDynamic(): By.cssSelector: textarea[ id='description' ]] took [0.026 s]
2018-01-26 at 23:59:20 CET logDebug - [pool-1-thread-7] Waiting for [findElementDynamic(): By.cssSelector: input[id='password_2']] took [0.034 s]
2018-01-26 at 23:59:20 CET logDebug - [pool-1-thread-7] Waiting for [findElementDynamic(): By.cssSelector: input[id='password_2']] took [0.016 s]
2018-01-26 at 23:59:20 CET logDebug - [pool-1-thread-7] Waiting for [findElementDynamic(): By.cssSelector: input[id='password_2']] took [0.042 s]
2018-01-26 at 23:59:20 CET logDebug - [pool-1-thread-7] Waiting for [findElementDynamic(): By.cssSelector: input[id='confirm_password_password_2']] took [0.06 s]
2018-01-26 at 23:59:20 CET logDebug - [pool-1-thread-7] Waiting for [findElementDynamic(): By.cssSelector: input[id='confirm_password_password_2']] took [0.018 s]
2018-01-26 at 23:59:21 CET logDebug - [pool-1-thread-7] Waiting for [findElementDynamic(): By.cssSelector: input[id='confirm_password_password_2']] took [0.012 s]
2018-01-26 at 23:59:21 CET logDebug - [pool-1-thread-7] Waiting for [findElementDynamic(): By.cssSelector: input[name='pie_submit']] took [0.043 s]
2018-01-26 at 23:59:21 CET logDebug - [pool-1-thread-7] Waiting for [findElementDynamic(): By.cssSelector: input[name='pie_submit']] took [0.018 s]
2018-01-26 at 23:59:21 CET logDebug - [pool-1-thread-7] Waiting for [waitForPageLoaded] took [0.011 s]
2018-01-26 at 23:59:21 CET logDebug - [pool-1-thread-7] Waiting for [findElementDynamic(): By.cssSelector: input[name='pie_submit']] took [0.017 s]
2018-01-26 at 23:59:23 CET logDebug - [pool-1-thread-7] Waiting for [waitForElementVisible(): By.cssSelector: p[class='piereg_login_error']] took [0.215 s]
2018-01-26 at 23:59:23 CET logDebug - [pool-1-thread-7] Waiting for [waitForElementVisible(): By.cssSelector: p[class='piereg_login_error']] took [0.028 s]
2018-01-26 at 23:59:23 CET logDebug - [pool-1-thread-7] Error: Username already exists
2018-01-26 at 23:59:23 CET logDebug - [pool-1-thread-7] Waiting for [findElementDynamic(): By.cssSelector: p[class='piereg_login_error']] took [0.014 s]
2018-01-26 at 23:59:23 CET logDebug - [pool-1-thread-7] Waiting for [findElementDynamic(): By.cssSelector: p[class='piereg_login_error']] took [0.011 s]
2018-01-26 at 23:59:23 CET logInfo - [pool-1-thread-7] registrationTest(com.capgemini.ntc.selenium.projectX.registration.RegisterOKTestDDInternalDataTest) PASSED.
2018-01-26 at 23:59:23 CET logDebug - [pool-1-thread-7] BasePage.onTestSuccess    RegistrationPage
2018-01-26 at 23:59:23 CET logInfo - [pool-1-thread-7] registrationTest(com.capgemini.ntc.selenium.projectX.registration.RegisterOKTestDDInternalDataTest) duration: 0,58 min
2018-01-26 at 23:59:24 CET logDebug - [pool-1-thread-7] BasePage.onTestFinish   RegistrationPage
2018-01-26 at 23:59:24 CET logDebug - [pool-1-thread-7] To remove observer: com.capgemini.ntc.selenium.pages.projectX.registration.RegistrationPage@37baabbc
2018-01-26 at 23:59:24 CET logDebug - [pool-1-thread-7] BaseTest.tearDownClass()
2018-01-26 at 23:59:24 CET logDebug - [pool-1-thread-7] BaseTestWatcher.observers: [com.capgemini.ntc.selenium.pages.projectX.registration.RegistrationPage@37baabbc]
2018-01-26 at 23:59:24 CET logDebug - [pool-1-thread-7] TestClassRule.classObservers: []
2018-01-26 at 23:59:24 CET logDebug - [pool-1-thread-7] BasePage.onTestClassFinish   RegistrationPage
2018-01-26 at 23:59:24 CET logDebug - [pool-1-thread-7] driver:NewChromeDriver: chrome on XP (86c392e42cf4e090bb0db8bbcf34a38b)
2018-01-26 at 23:59:24 CET logDebug - [pool-1-thread-7] Closing WebDriver for this thread. chrome
2018-01-26 at 23:59:25 CET logDebug - [pool-1-thread-7] All observers cleared.
2018-01-26 at 23:59:25 CET logInfo - [pool-1-thread-7] Step 1: Open the Url http://the-internet.herokuapp.com/
2018-01-26 at 23:59:25 CET logDebug - [pool-1-thread-7] Creating new browser=chrome WebDriver.
2018-01-26 at 23:59:31 CET logInfo - [pool-1-thread-7] Trying to set requested resolution: 1600x1200.
2018-01-26 at 23:59:32 CET logInfo - [pool-1-thread-7] Resolution readed from device: 1600x1100
2018-01-26 at 23:59:32 CET logInfo - [pool-1-thread-7] Trying to set increased resolution for 'View port': 1616x1200.
2018-01-26 at 23:59:33 CET logInfo - [pool-1-thread-7] Resolution readed from device: 1616x1100
2018-01-26 at 23:59:33 CET logDebug - [pool-1-thread-7] driver:NewChromeDriver: chrome on XP (65e050e73a730581dc4b11536292bbbe)
2018-01-26 at 23:59:33 CET logDebug - [pool-1-thread-7] To add observer: com.capgemini.ntc.selenium.pages.projectY.TheInternetPage@57f280
2018-01-26 at 23:59:33 CET logDebug - [pool-1-thread-7] BaseTestWatcher.observers: []
2018-01-26 at 23:59:33 CET logDebug - [pool-1-thread-7] TestClassRule.classObservers: []
2018-01-26 at 23:59:33 CET logDebug - [pool-1-thread-7] Added observer: com.capgemini.ntc.selenium.pages.projectY.TheInternetPage@57f280
2018-01-26 at 23:59:33 CET logDebug - [pool-1-thread-7] The internet page is loaded: data:,
2018-01-26 at 23:59:33 CET logDebug - [pool-1-thread-7] load page
2018-01-26 at 23:59:50 CET logDebug - [pool-1-thread-7] Waiting for [waitForPageLoaded] took [0.038 s]
2018-01-26 at 23:59:50 CET logInfo - [pool-1-thread-7] Step 2: Verify if Url http://the-internet.herokuapp.com/ opens
2018-01-26 at 23:59:50 CET logDebug - [pool-1-thread-7] The internet page is loaded: http://the-internet.herokuapp.com/
Input text element: com.capgemini.ntc.selenium.core.newDrivers.elementType.RadioButtonElement@546327c4 isn't clicked.
Tests run: 2, Failures: 0, Errors: 0, Skipped: 0, Time elapsed: 83.934 sec - in registrationTest
2018-01-26 at 23:59:50 CET logDebug - [pool-1-thread-1] The internet page is loaded: http://the-internet.herokuapp.com/
Running com.capgemini.ntc.selenium.features.samples.readFromTable.JsoupTest
Tests run: 1, Failures: 0, Errors: 0, Skipped: 0, Time elapsed: 1.583 sec - in com.capgemini.ntc.selenium.features.samples.readFromTable.JsoupTest
2018-01-26 at 23:59:50 CET logInfo - [pool-1-thread-1] shouldOpenABtestWhenClickABtestingLink(com.capgemini.ntc.selenium.projectY.ABtestingTest) STARTED.
2018-01-26 at 23:59:50 CET logInfo - [pool-1-thread-1] Step3 - click ABtesting link
2018-01-26 at 23:59:50 CET logDebug - [pool-1-thread-1] Waiting for [findElementDynamic(): By.cssSelector: li > a[href*=abtest]] took [0.164 s]
2018-01-26 at 23:59:52 CET logDebug - [pool-1-thread-1] To add observer: com.capgemini.ntc.selenium.pages.projectY.ABtestPage@7deda0d8
2018-01-26 at 23:59:52 CET logDebug - [pool-1-thread-1] BaseTestWatcher.observers: []
2018-01-26 at 23:59:52 CET logDebug - [pool-1-thread-1] TestClassRule.classObservers: [com.capgemini.ntc.selenium.pages.projectY.TheInternetPage@1682d801]
2018-01-26 at 23:59:52 CET logInfo - [pool-1-thread-1] shouldOpenABtestWhenClickABtestingLink(com.capgemini.ntc.selenium.projectY.ABtestingTest) PASSED.
2018-01-26 at 23:59:52 CET logDebug - [pool-1-thread-1] BasePage.onTestSuccess    TheInternetPage
2018-01-26 at 23:59:52 CET logInfo - [pool-1-thread-1] shouldOpenABtestWhenClickABtestingLink(com.capgemini.ntc.selenium.projectY.ABtestingTest) duration: 0,04 min
2018-01-26 at 23:59:53 CET logDebug - [pool-1-thread-1] Waiting for [waitForPageLoaded] took [0.15 s]
2018-01-26 at 23:59:53 CET logInfo - [pool-1-thread-1] shouldOpenElementalSeleniumPageWhenClickElementalSeleniumLink(com.capgemini.ntc.selenium.projectY.ABtestingTest) STARTED.
2018-01-26 at 23:59:53 CET logInfo - [pool-1-thread-1] Step3 - click ABtesting link
2018-01-26 at 23:59:53 CET logDebug - [pool-1-thread-1] Waiting for [findElementDynamic(): By.cssSelector: li > a[href*=abtest]] took [0.427 s]
Running com.capgemini.ntc.selenium.projectX.MainPageTest
2018-01-26 at 23:58:00 CET logInfo - [pool-1-thread-3] test(com.capgemini.ntc.selenium.projectX.MainPageTest) STARTED.
2018-01-26 at 23:58:00 CET logDebug - [pool-1-thread-3] Creating new browser=chrome WebDriver.
2018-01-26 at 23:58:03 CET logInfo - [pool-1-thread-3] Trying to set requested resolution: 1600x1200.
2018-01-26 at 23:58:04 CET logInfo - [pool-1-thread-3] Resolution readed from device: 1600x1100
2018-01-26 at 23:58:05 CET logInfo - [pool-1-thread-3] Trying to set increased resolution for 'View port': 1616x1200.
2018-01-26 at 23:58:05 CET logInfo - [pool-1-thread-3] Resolution readed from device: 1616x1100
2018-01-26 at 23:58:05 CET logDebug - [pool-1-thread-3] driver:NewChromeDriver: chrome on XP (8998d2795e6309c945dc547352211306)
2018-01-26 at 23:58:05 CET logDebug - [pool-1-thread-3] To add observer: com.capgemini.ntc.selenium.pages.projectX.MainPage@76c4f0a1
2018-01-26 at 23:58:05 CET logDebug - [pool-1-thread-3] BaseTestWatcher.observers: []
2018-01-26 at 23:58:05 CET logDebug - [pool-1-thread-3] TestClassRule.classObservers: []
2018-01-26 at 23:58:05 CET logDebug - [pool-1-thread-3] Added observer: com.capgemini.ntc.selenium.pages.projectX.MainPage@76c4f0a1
2018-01-26 at 23:58:05 CET logDebug - [pool-1-thread-3] Waiting for [waitForPageLoaded] took [0.061 s]
2018-01-26 at 23:58:05 CET logDebug - [pool-1-thread-3] com.capgemini.ntc.selenium.pages.projectX.MainPage: Current loaded page (http://demoqa.com/) with pageTitle (). Page to load: (http://demoqa.com/) ,for page title: (Demoqa | Just another WordPress site)
2018-01-26 at 23:58:19 CET logInfo - [pool-1-thread-3] test(com.capgemini.ntc.selenium.projectX.MainPageTest) PASSED.
2018-01-26 at 23:58:19 CET logDebug - [pool-1-thread-3] BasePage.onTestSuccess    MainPage
2018-01-26 at 23:58:19 CET logInfo - [pool-1-thread-3] test(com.capgemini.ntc.selenium.projectX.MainPageTest) duration: 0,32 min
2018-01-26 at 23:58:19 CET logDebug - [pool-1-thread-3] BasePage.onTestFinish   MainPage
2018-01-26 at 23:58:19 CET logDebug - [pool-1-thread-3] To remove observer: com.capgemini.ntc.selenium.pages.projectX.MainPage@76c4f0a1
2018-01-26 at 23:58:19 CET logDebug - [pool-1-thread-3] BaseTest.tearDownClass()
2018-01-26 at 23:58:19 CET logDebug - [pool-1-thread-3] BaseTestWatcher.observers: [com.capgemini.ntc.selenium.pages.projectX.MainPage@76c4f0a1]
2018-01-26 at 23:58:19 CET logDebug - [pool-1-thread-3] TestClassRule.classObservers: []
2018-01-26 at 23:58:19 CET logDebug - [pool-1-thread-3] BasePage.onTestClassFinish   MainPage
2018-01-26 at 23:58:19 CET logDebug - [pool-1-thread-3] driver:NewChromeDriver: chrome on XP (8998d2795e6309c945dc547352211306)
2018-01-26 at 23:58:19 CET logDebug - [pool-1-thread-3] Closing WebDriver for this thread. chrome
2018-01-26 at 23:58:23 CET logDebug - [pool-1-thread-3] All observers cleared.
2018-01-26 at 23:59:25 CET logInfo - [pool-1-thread-3] Step 1: Open the Url http://the-internet.herokuapp.com/
2018-01-26 at 23:59:25 CET logDebug - [pool-1-thread-3] Creating new browser=chrome WebDriver.
2018-01-26 at 23:59:31 CET logInfo - [pool-1-thread-3] Trying to set requested resolution: 1600x1200.
2018-01-26 at 23:59:32 CET logInfo - [pool-1-thread-3] Resolution readed from device: 1600x1100
2018-01-26 at 23:59:32 CET logInfo - [pool-1-thread-3] Trying to set increased resolution for 'View port': 1616x1200.
2018-01-26 at 23:59:32 CET logInfo - [pool-1-thread-3] Resolution readed from device: 1616x1100
2018-01-26 at 23:59:32 CET logDebug - [pool-1-thread-3] driver:NewChromeDriver: chrome on XP (6e4be6d242a7571d5d7e5dcc2e75d291)
2018-01-26 at 23:59:32 CET logDebug - [pool-1-thread-3] To add observer: com.capgemini.ntc.selenium.pages.projectY.TheInternetPage@273afc7d
2018-01-26 at 23:59:32 CET logDebug - [pool-1-thread-3] BaseTestWatcher.observers: []
2018-01-26 at 23:59:32 CET logDebug - [pool-1-thread-3] TestClassRule.classObservers: []
2018-01-26 at 23:59:32 CET logDebug - [pool-1-thread-3] Added observer: com.capgemini.ntc.selenium.pages.projectY.TheInternetPage@273afc7d
2018-01-26 at 23:59:32 CET logDebug - [pool-1-thread-3] The internet page is loaded: data:,
2018-01-26 at 23:59:33 CET logDebug - [pool-1-thread-3] load page
2018-01-26 at 23:59:52 CET logDebug - [pool-1-thread-3] Waiting for [waitForPageLoaded] took [0.125 s]
2018-01-26 at 23:59:52 CET logInfo - [pool-1-thread-3] Step 2: Verify if Url http://the-internet.herokuapp.com/ opens
2018-01-26 at 23:59:52 CET logDebug - [pool-1-thread-3] The internet page is loaded: http://the-internet.herokuapp.com/
2018-01-26 at 23:59:52 CET logInfo - [pool-1-thread-3] Step 3: Click Checkboxes link
2018-01-26 at 23:59:52 CET logDebug - [pool-1-thread-3] Waiting for [findElementDynamic(): By.cssSelector: li > a[href*=checkboxes]] took [0.107 s]
2018-01-26 at 23:59:55 CET logDebug - [pool-1-thread-3] To add observer: com.capgemini.ntc.selenium.pages.projectY.CheckboxesPage@1681308
2018-01-26 at 23:59:55 CET logDebug - [pool-1-thread-3] BaseTestWatcher.observers: []
2018-01-26 at 23:59:55 CET logDebug - [pool-1-thread-3] TestClassRule.classObservers: [com.capgemini.ntc.selenium.pages.projectY.TheInternetPage@273afc7d]
2018-01-26 at 23:59:55 CET logDebug - [pool-1-thread-3] The checkboxes page is loaded.
2018-01-26 at 23:59:55 CET logInfo - [pool-1-thread-3] Step 4: Verify if Checkboxes Page opens
2018-01-26 at 23:59:55 CET logDebug - [pool-1-thread-3] The checkboxes page is loaded.
2018-01-26 at 23:59:55 CET logInfo - [pool-1-thread-3] Step 5: Verify if checkboxes elements are visible
2018-01-26 at 23:59:55 CET logDebug - [pool-1-thread-3] Waiting for [findElementDynamic(): By.cssSelector: #checkboxes] took [0.128 s]
Tests run: 1, Failures: 0, Errors: 0, Skipped: 0, Time elapsed: 19.488 sec - in com.capgemini.ntc.selenium.projectX.MainPageTest
2018-01-26 at 23:59:56 CET logDebug - [pool-1-thread-1] To add observer: com.capgemini.ntc.selenium.pages.projectY.ABtestPage@6168a3cb
2018-01-26 at 23:59:56 CET logDebug - [pool-1-thread-1] BaseTestWatcher.observers: []
2018-01-26 at 23:59:56 CET logDebug - [pool-1-thread-1] TestClassRule.classObservers: [com.capgemini.ntc.selenium.pages.projectY.TheInternetPage@1682d801]
2018-01-26 at 23:59:56 CET logInfo - [pool-1-thread-1] Step4 - click Elemental Selenium link
2018-01-26 at 23:59:56 CET logDebug - [pool-1-thread-1] Waiting for [findElementDynamic(): By.cssSelector: div > div > a] took [0.182 s]
2018-01-26 at 23:59:57 CET logDebug - [pool-1-thread-1] Waiting for [waitForPageLoaded] took [0.062 s]
2018-01-26 at 23:59:57 CET logDebug - [pool-1-thread-1] To add observer: com.capgemini.ntc.selenium.pages.projectY.ElementalSeleniumPage@60d0f67e
2018-01-26 at 23:59:57 CET logDebug - [pool-1-thread-1] BaseTestWatcher.observers: []
2018-01-26 at 23:59:57 CET logDebug - [pool-1-thread-1] TestClassRule.classObservers: [com.capgemini.ntc.selenium.pages.projectY.TheInternetPage@1682d801]
2018-01-26 at 23:59:57 CET logDebug - [pool-1-thread-1] load()
2018-01-26 at 23:59:57 CET logInfo - [pool-1-thread-1] Step5 - switch tab in browser to new opened Elemental Selenium link
2018-01-26 at 23:59:59 CET logInfo - [pool-1-thread-1] shouldOpenElementalSeleniumPageWhenClickElementalSeleniumLink(com.capgemini.ntc.selenium.projectY.ABtestingTest) PASSED.
2018-01-26 at 23:59:59 CET logDebug - [pool-1-thread-1] BasePage.onTestSuccess    TheInternetPage
2018-01-26 at 23:59:59 CET logInfo - [pool-1-thread-1] shouldOpenElementalSeleniumPageWhenClickElementalSeleniumLink(com.capgemini.ntc.selenium.projectY.ABtestingTest) duration: 0,10 min
2018-01-27 at 00:00:00 CET logDebug - [pool-1-thread-1] Waiting for [waitForPageLoaded] took [1.105 s]
2018-01-27 at 00:00:00 CET logDebug - [pool-1-thread-1] BaseTest.tearDownClass()
2018-01-27 at 00:00:00 CET logDebug - [pool-1-thread-1] BaseTestWatcher.observers: []
2018-01-27 at 00:00:00 CET logDebug - [pool-1-thread-1] TestClassRule.classObservers: [com.capgemini.ntc.selenium.pages.projectY.TheInternetPage@1682d801]
2018-01-27 at 00:00:00 CET logDebug - [pool-1-thread-1] BasePage.onTestClassFinish   TheInternetPage
2018-01-27 at 00:00:00 CET logDebug - [pool-1-thread-1] driver:NewChromeDriver: chrome on XP (8a1cbca581badc6f867d6e02ea95540a)
2018-01-27 at 00:00:00 CET logDebug - [pool-1-thread-1] Closing WebDriver for this thread. chrome
2018-01-27 at 00:00:02 CET logDebug - [pool-1-thread-1] All observers cleared.
Running com.capgemini.ntc.selenium.projectY.CheckboxesTest
Tests run: 2, Failures: 0, Errors: 0, Skipped: 0, Time elapsed: 3.098 sec - in com.capgemini.ntc.selenium.projectY.CheckboxesTest
sty 27, 2018 12:00:02 AM org.openqa.selenium.remote.DesiredCapabilities chrome
INFO: Using `new ChromeOptions()` is preferred to `DesiredCapabilities.chrome()`
Running com.capgemini.ntc.selenium.projectY.KeyPressesTest
Tests run: 1, Failures: 0, Errors: 0, Skipped: 0, Time elapsed: 29.543 sec - in com.capgemini.ntc.selenium.projectY.KeyPressesTest
Running com.capgemini.ntc.selenium.projectY.DropdownTest
Tests run: 2, Failures: 0, Errors: 0, Skipped: 0, Time elapsed: 35.525 sec - in com.capgemini.ntc.selenium.projectY.DropdownTest
Running com.capgemini.ntc.selenium.projectY.ABtestingTest
Tests run: 2, Failures: 0, Errors: 0, Skipped: 0, Time elapsed: 10.08 sec - in com.capgemini.ntc.selenium.projectY.ABtestingTest
Running com.capgemini.ntc.selenium.projectY.HoversTest
2018-01-27 at 00:00:02 CET logInfo - [pool-1-thread-1] test(com.capgemini.ntc.selenium.features.webElements.LabelTest) STARTED.
2018-01-27 at 00:00:02 CET logDebug - [pool-1-thread-1] Creating new browser=chrome WebDriver.
Tests run: 1, Failures: 0, Errors: 0, Skipped: 0, Time elapsed: 31.617 sec - in com.capgemini.ntc.selenium.projectY.HoversTest
Running com.capgemini.ntc.selenium.projectY.ChallengingDomTest
Tests run: 1, Failures: 0, Errors: 0, Skipped: 0, Time elapsed: 33.091 sec - in com.capgemini.ntc.selenium.projectY.ChallengingDomTest
Running com.capgemini.ntc.selenium.projectY.BrokenImagesTest
Tests run: 1, Failures: 0, Errors: 0, Skipped: 0, Time elapsed: 32.106 sec - in com.capgemini.ntc.selenium.projectY.BrokenImagesTest
Starting ChromeDriver 2.33.506120 (e3e53437346286c0bc2d2dc9aa4915ba81d9023f) on port 23965
Only local connections are allowed.
sty 27, 2018 12:00:08 AM org.openqa.selenium.remote.ProtocolHandshake createSession
INFO: Detected dialect: OSS
2018-01-27 at 00:00:08 CET logInfo - [pool-1-thread-1] Trying to set requested resolution: 1600x1200.
2018-01-27 at 00:00:10 CET logInfo - [pool-1-thread-1] Resolution readed from device: 1600x1100
2018-01-27 at 00:00:10 CET logInfo - [pool-1-thread-1] Trying to set increased resolution for 'View port': 1616x1200.
2018-01-27 at 00:00:10 CET logInfo - [pool-1-thread-1] Resolution readed from device: 1616x1100
2018-01-27 at 00:00:10 CET logDebug - [pool-1-thread-1] driver:NewChromeDriver: chrome on XP (57892637c23b131f36a243fc38c3b007)
Running com.capgemini.ntc.selenium.features.webElements.InputTextTest
Tests run: 1, Failures: 0, Errors: 0, Skipped: 0, Time elapsed: 32.476 sec - in com.capgemini.ntc.selenium.features.webElements.InputTextTest
2018-01-27 at 00:00:38 CET logDebug - [pool-1-thread-1] Waiting for [findElementDynamic(): By.cssSelector: span.bcd] took [0.695 s]
2018-01-27 at 00:00:38 CET logDebug - [pool-1-thread-1] Waiting for [findElementDynamic(): By.cssSelector: span.bcd] took [0.087 s]
2018-01-27 at 00:00:39 CET logDebug - [pool-1-thread-1] Waiting for [findElementDynamic(): By.cssSelector: span.bcd] took [0.918 s]
2018-01-27 at 00:00:39 CET logDebug - [pool-1-thread-1] Waiting for [findElementDynamic(): By.cssSelector: span.bcd] took [0.1 s]
2018-01-27 at 00:00:39 CET logDebug - [pool-1-thread-1] Waiting for [findElementDynamic(): By.cssSelector: span.bcd] took [0.087 s]
2018-01-27 at 00:00:39 CET logInfo - [pool-1-thread-1] test(com.capgemini.ntc.selenium.features.webElements.LabelTest) PASSED.
2018-01-27 at 00:00:39 CET logInfo - [pool-1-thread-1] test(com.capgemini.ntc.selenium.features.webElements.LabelTest) duration: 0,62 min
Running com.capgemini.ntc.selenium.features.webElements.LabelTest
Tests run: 1, Failures: 0, Errors: 0, Skipped: 0, Time elapsed: 37.232 sec - in com.capgemini.ntc.selenium.features.webElements.LabelTest
2018-01-27 at 00:00:39 CET logDebug - [pool-1-thread-1] BaseTest.tearDownClass()
2018-01-27 at 00:00:39 CET logDebug - [pool-1-thread-1] BaseTestWatcher.observers: []
2018-01-27 at 00:00:39 CET logDebug - [pool-1-thread-1] TestClassRule.classObservers: []
2018-01-27 at 00:00:39 CET logDebug - [pool-1-thread-1] All observers cleared.
2018-01-27 at 00:00:39 CET logInfo - [pool-1-thread-1] testPossibleValues(com.capgemini.ntc.selenium.features.webElements.RadioButtonTest) STARTED.
Running com.capgemini.ntc.selenium.projectY.MultipleWindowsTest
Tests run: 1, Failures: 0, Errors: 0, Skipped: 0, Time elapsed: 5.168 sec - in com.capgemini.ntc.selenium.projectY.MultipleWindowsTest
Running com.capgemini.ntc.selenium.features.webElements.ButtonTest
Tests run: 1, Failures: 0, Errors: 0, Skipped: 0, Time elapsed: 57.219 sec - in com.capgemini.ntc.selenium.features.webElements.ButtonTest
2018-01-27 at 00:01:00 CET logDebug - [pool-1-thread-1] Waiting for [findElementDynamic(): By.cssSelector: div[class='radio_wrap']] took [0.094 s]
2018-01-27 at 00:01:00 CET logDebug - [pool-1-thread-1] Waiting for [findElementDynamic(): By.cssSelector: div[class='radio_wrap']] took [0.042 s]
2018-01-27 at 00:01:01 CET logInfo - [pool-1-thread-1] testPossibleValues(com.capgemini.ntc.selenium.features.webElements.RadioButtonTest) PASSED.
2018-01-27 at 00:01:01 CET logInfo - [pool-1-thread-1] testPossibleValues(com.capgemini.ntc.selenium.features.webElements.RadioButtonTest) duration: 0,35 min
2018-01-27 at 00:01:01 CET logInfo - [pool-1-thread-1] testSelection(com.capgemini.ntc.selenium.features.webElements.RadioButtonTest) STARTED.
Running com.capgemini.ntc.selenium.features.webElements.CheckBoxTest
Tests run: 5, Failures: 0, Errors: 0, Skipped: 0, Time elapsed: 61.007 sec - in com.capgemini.ntc.selenium.features.webElements.CheckBoxTest
2018-01-27 at 00:01:04 CET logDebug - [pool-1-thread-1] Waiting for [findElementDynamic(): By.cssSelector: div[class='radio_wrap']] took [0.086 s]
2018-01-27 at 00:01:04 CET logDebug - [pool-1-thread-1] Waiting for [findElementDynamic(): By.cssSelector: div[class='radio_wrap']] took [0.044 s]
Running com.capgemini.ntc.selenium.features.webElements.NavigationBarTest
Tests run: 6, Failures: 0, Errors: 0, Skipped: 0, Time elapsed: 29.332 sec - in com.capgemini.ntc.selenium.features.webElements.NavigationBarTest
2018-01-27 at 00:01:05 CET logDebug - [pool-1-thread-1] Waiting for [findElementDynamic(): By.cssSelector: div[class='radio_wrap']] took [0.029 s]
2018-01-27 at 00:01:05 CET logDebug - [pool-1-thread-1] Waiting for [findElementDynamic(): By.cssSelector: div[class='radio_wrap']] took [0.04 s]
2018-01-27 at 00:01:05 CET logDebug - [pool-1-thread-1] Waiting for [findElementDynamic(): By.cssSelector: div[class='radio_wrap']] took [0.07 s]
2018-01-27 at 00:01:05 CET logDebug - [pool-1-thread-1] Waiting for [findElementDynamic(): By.cssSelector: div[class='radio_wrap']] took [0.119 s]
2018-01-27 at 00:01:06 CET logDebug - [pool-1-thread-1] Waiting for [findElementDynamic(): By.cssSelector: div[class='radio_wrap']] took [0.39 s]
2018-01-27 at 00:01:06 CET logDebug - [pool-1-thread-1] Waiting for [findElementDynamic(): By.cssSelector: div[class='radio_wrap']] took [0.117 s]
2018-01-27 at 00:01:06 CET logDebug - [pool-1-thread-1] Waiting for [findElementDynamic(): By.cssSelector: div[class='radio_wrap']] took [0.034 s]
2018-01-27 at 00:01:07 CET logDebug - [pool-1-thread-1] Waiting for [findElementDynamic(): By.cssSelector: div[class='radio_wrap']] took [0.028 s]
Running com.capgemini.ntc.selenium.features.webElements.TooltipTest
Tests run: 1, Failures: 0, Errors: 0, Skipped: 0, Time elapsed: 4.469 sec - in com.capgemini.ntc.selenium.features.webElements.TooltipTest
2018-01-27 at 00:01:08 CET logDebug - [pool-1-thread-1] Waiting for [findElementDynamic(): By.cssSelector: div[class='radio_wrap']] took [0.055 s]
2018-01-27 at 00:01:08 CET logInfo - [pool-1-thread-1] testSelection(com.capgemini.ntc.selenium.features.webElements.RadioButtonTest) PASSED.
2018-01-27 at 00:01:08 CET logInfo - [pool-1-thread-1] testSelection(com.capgemini.ntc.selenium.features.webElements.RadioButtonTest) duration: 0,12 min
2018-01-27 at 00:01:08 CET logInfo - [pool-1-thread-1] testSelectionSpecifiedItem(com.capgemini.ntc.selenium.features.webElements.RadioButtonTest) STARTED.
Running com.capgemini.ntc.selenium.features.webElements.MenuTest
Tests run: 8, Failures: 0, Errors: 0, Skipped: 0, Time elapsed: 67.271 sec - in com.capgemini.ntc.selenium.features.webElements.MenuTest
2018-01-27 at 00:01:11 CET logDebug - [pool-1-thread-1] Waiting for [findElementDynamic(): By.cssSelector: div[class='radio_wrap']] took [0.084 s]
2018-01-27 at 00:01:11 CET logDebug - [pool-1-thread-1] Waiting for [findElementDynamic(): By.cssSelector: div[class='radio_wrap']] took [0.047 s]
2018-01-27 at 00:01:11 CET logDebug - [pool-1-thread-1] Waiting for [findElementDynamic(): By.cssSelector: div[class='radio_wrap']] took [0.061 s]
2018-01-27 at 00:01:11 CET logDebug - [pool-1-thread-1] Waiting for [findElementDynamic(): By.cssSelector: div[class='radio_wrap']] took [0.057 s]
2018-01-27 at 00:01:11 CET logDebug - [pool-1-thread-1] Waiting for [findElementDynamic(): By.cssSelector: div[class='radio_wrap']] took [0.046 s]
2018-01-27 at 00:01:12 CET logDebug - [pool-1-thread-1] Waiting for [findElementDynamic(): By.cssSelector: div[class='radio_wrap']] took [0.017 s]
2018-01-27 at 00:01:12 CET logDebug - [pool-1-thread-1] Waiting for [findElementDynamic(): By.cssSelector: div[class='radio_wrap']] took [0.036 s]
2018-01-27 at 00:01:12 CET logInfo - [pool-1-thread-1] testSelectionSpecifiedItem(com.capgemini.ntc.selenium.features.webElements.RadioButtonTest) PASSED.
2018-01-27 at 00:01:12 CET logInfo - [pool-1-thread-1] testSelectionSpecifiedItem(com.capgemini.ntc.selenium.features.webElements.RadioButtonTest) duration: 0,07 min
2018-01-27 at 00:01:12 CET logInfo - [pool-1-thread-1] testRadioButtonElementsCount(com.capgemini.ntc.selenium.features.webElements.RadioButtonTest) STARTED.
2018-01-27 at 00:01:15 CET logDebug - [pool-1-thread-1] Waiting for [findElementDynamic(): By.cssSelector: div[class='radio_wrap']] took [0.428 s]
2018-01-27 at 00:01:15 CET logDebug - [pool-1-thread-1] Waiting for [findElementDynamic(): By.cssSelector: div[class='radio_wrap']] took [0.066 s]
2018-01-27 at 00:01:15 CET logInfo - [pool-1-thread-1] testRadioButtonElementsCount(com.capgemini.ntc.selenium.features.webElements.RadioButtonTest) PASSED.
2018-01-27 at 00:01:15 CET logInfo - [pool-1-thread-1] testRadioButtonElementsCount(com.capgemini.ntc.selenium.features.webElements.RadioButtonTest) duration: 0,04 min
Running com.capgemini.ntc.selenium.features.webElements.RadioButtonTest
Input text element: com.capgemini.ntc.selenium.core.newDrivers.elementType.RadioButtonElement@3f605974 isn't clicked.
Input text element: com.capgemini.ntc.selenium.core.newDrivers.elementType.RadioButtonElement@3f605974 isn't clicked.
Input text element: com.capgemini.ntc.selenium.core.newDrivers.elementType.RadioButtonElement@24a6ec5f isn't clicked.
Tests run: 4, Failures: 0, Errors: 0, Skipped: 0, Time elapsed: 35.346 sec - in com.capgemini.ntc.selenium.features.webElements.RadioButtonTest
2018-01-27 at 00:01:15 CET logDebug - [pool-1-thread-1] BaseTest.tearDownClass()
2018-01-27 at 00:01:15 CET logDebug - [pool-1-thread-1] BaseTestWatcher.observers: []
2018-01-27 at 00:01:15 CET logDebug - [pool-1-thread-1] TestClassRule.classObservers: []
2018-01-27 at 00:01:15 CET logDebug - [pool-1-thread-1] All observers cleared.
2018-01-27 at 00:01:15 CET logInfo - [pool-1-thread-1] registrationTest(com.capgemini.ntc.selenium.projectX.registration.RegisterOKTestDDExternalDataTest) STARTED.
2018-01-27 at 00:01:15 CET logDebug - [pool-1-thread-1] To add observer: com.capgemini.ntc.selenium.pages.projectX.registration.RegistrationPage@10e24c08
2018-01-27 at 00:01:15 CET logDebug - [pool-1-thread-1] BaseTestWatcher.observers: []
2018-01-27 at 00:01:15 CET logDebug - [pool-1-thread-1] TestClassRule.classObservers: []
2018-01-27 at 00:01:15 CET logDebug - [pool-1-thread-1] Added observer: com.capgemini.ntc.selenium.pages.projectX.registration.RegistrationPage@10e24c08
2018-01-27 at 00:01:15 CET logDebug - [pool-1-thread-1] Waiting for [waitForPageLoaded] took [0.204 s]
2018-01-27 at 00:01:15 CET logDebug - [pool-1-thread-1] Waiting for [waitForPageLoaded] took [0.048 s]
2018-01-27 at 00:01:15 CET logDebug - [pool-1-thread-1] Waiting for [findElementDynamic(): By.cssSelector: input[id='name_3_firstname']] took [0.044 s]
2018-01-27 at 00:01:15 CET logDebug - [pool-1-thread-1] Waiting for [findElementDynamic(): By.cssSelector: input[id='name_3_firstname']] took [0.06 s]
2018-01-27 at 00:01:15 CET logDebug - [pool-1-thread-1] Waiting for [findElementDynamic(): By.cssSelector: input[id='name_3_firstname']] took [0.041 s]
2018-01-27 at 00:01:16 CET logDebug - [pool-1-thread-1] Waiting for [findElementDynamic(): By.cssSelector: input[id='name_3_lastname']] took [0.039 s]
2018-01-27 at 00:01:16 CET logDebug - [pool-1-thread-1] Waiting for [findElementDynamic(): By.cssSelector: input[id='name_3_lastname']] took [0.029 s]
2018-01-27 at 00:01:16 CET logDebug - [pool-1-thread-1] Waiting for [findElementDynamic(): By.cssSelector: input[id='name_3_lastname']] took [0.027 s]
2018-01-27 at 00:01:16 CET logDebug - [pool-1-thread-1] Waiting for [findElementDynamic(): By.cssSelector: div[class='radio_wrap']] took [0.05 s]
2018-01-27 at 00:01:17 CET logDebug - [pool-1-thread-1] Waiting for [findElementDynamic(): By.cssSelector: div[class='radio_wrap']] took [0.033 s]
2018-01-27 at 00:01:17 CET logDebug - [pool-1-thread-1] Waiting for [findElementDynamic(): By.cssSelector: div[class='radio_wrap']] took [0.124 s]
2018-01-27 at 00:01:17 CET logDebug - [pool-1-thread-1] Waiting for [findElementDynamic(): By.cssSelector: li.fields.pageFields_1:nth-child(3) div.radio_wrap] took [0.051 s]
2018-01-27 at 00:01:17 CET logDebug - [pool-1-thread-1] Waiting for [findElementDynamic(): By.cssSelector: li.fields.pageFields_1:nth-child(3) div.radio_wrap] took [0.027 s]
2018-01-27 at 00:01:18 CET logDebug - [pool-1-thread-1] Waiting for [findElementDynamic(): By.cssSelector: select[id='dropdown_7']] took [0.065 s]
2018-01-27 at 00:01:18 CET logDebug - [pool-1-thread-1] Waiting for [findElementDynamic(): By.cssSelector: select[id='dropdown_7']] took [0.049 s]
2018-01-27 at 00:01:19 CET logDebug - [pool-1-thread-1] Waiting for [findElementDynamic(): By.cssSelector: select[id='dropdown_7']] took [0.044 s]
Running com.capgemini.ntc.selenium.features.webElements.TabTest
Tests run: 4, Failures: 0, Errors: 0, Skipped: 0, Time elapsed: 22.518 sec - in com.capgemini.ntc.selenium.features.webElements.TabTest
sty 27, 2018 12:01:26 AM org.openqa.selenium.os.OsProcess destroy
INFO: Unable to drain process streams. Ignoring but the exception being swallowed follows.
org.apache.commons.exec.ExecuteException: The stop timeout of 2000 ms was exceeded (Exit value: -559038737)
	at org.apache.commons.exec.PumpStreamHandler.stopThread(PumpStreamHandler.java:295)
	at org.apache.commons.exec.PumpStreamHandler.stop(PumpStreamHandler.java:181)
	at org.openqa.selenium.os.OsProcess.destroy(OsProcess.java:136)
	at org.openqa.selenium.os.CommandLine.destroy(CommandLine.java:153)
	at org.openqa.selenium.remote.service.DriverService.stop(DriverService.java:222)
	at org.openqa.selenium.remote.service.DriverCommandExecutor.execute(DriverCommandExecutor.java:95)
	at org.openqa.selenium.remote.RemoteWebDriver.execute(RemoteWebDriver.java:601)
	at org.openqa.selenium.remote.RemoteWebDriver.execute(RemoteWebDriver.java:658)
	at org.openqa.selenium.remote.RemoteWebDriver.quit(RemoteWebDriver.java:497)
	at com.capgemini.ntc.selenium.core.newDrivers.DriverManager.closeDriver(DriverManager.java:86)
	at com.capgemini.ntc.selenium.core.BasePage.onTestClassFinish(BasePage.java:126)
	at java.util.ArrayList.forEach(ArrayList.java:1249)
	at com.capgemini.ntc.test.core.BaseTest.tearDownClass(BaseTest.java:71)
	at sun.reflect.GeneratedMethodAccessor7.invoke(Unknown Source)
	at sun.reflect.DelegatingMethodAccessorImpl.invoke(DelegatingMethodAccessorImpl.java:43)
	at java.lang.reflect.Method.invoke(Method.java:497)
	at org.junit.runners.model.FrameworkMethod$1.runReflectiveCall(FrameworkMethod.java:50)
	at org.junit.internal.runners.model.ReflectiveCallable.run(ReflectiveCallable.java:12)
	at org.junit.runners.model.FrameworkMethod.invokeExplosively(FrameworkMethod.java:47)
	at com.capgemini.ntc.test.core.testRunners.core.CustomRunAfters.evaluate(CustomRunAfters.java:43)
	at org.junit.rules.ExternalResource$1.evaluate(ExternalResource.java:48)
	at org.junit.rules.RunRules.evaluate(RunRules.java:20)
	at com.capgemini.ntc.test.core.testRunners.ParallelTestClassRunner.run(ParallelTestClassRunner.java:33)
	at org.junit.runners.Suite.runChild(Suite.java:128)
	at org.junit.runners.Suite.runChild(Suite.java:27)
	at org.junit.runners.ParentRunner$3.run(ParentRunner.java:290)
	at org.apache.maven.surefire.junitcore.pc.Scheduler$1.run(Scheduler.java:393)
	at java.util.concurrent.Executors$RunnableAdapter.call(Executors.java:511)
	at java.util.concurrent.FutureTask.run(FutureTask.java:266)
	at java.util.concurrent.ThreadPoolExecutor.runWorker(ThreadPoolExecutor.java:1142)
	at java.util.concurrent.ThreadPoolExecutor$Worker.run(ThreadPoolExecutor.java:617)
	at java.lang.Thread.run(Thread.java:745)

sty 27, 2018 12:01:26 AM org.openqa.selenium.os.OsProcess destroy
SEVERE: Unable to kill process java.lang.ProcessImpl@24ca6c3e
sty 27, 2018 12:01:35 AM org.openqa.selenium.os.OsProcess destroy
INFO: Unable to drain process streams. Ignoring but the exception being swallowed follows.
org.apache.commons.exec.ExecuteException: The stop timeout of 2000 ms was exceeded (Exit value: -559038737)
	at org.apache.commons.exec.PumpStreamHandler.stopThread(PumpStreamHandler.java:295)
	at org.apache.commons.exec.PumpStreamHandler.stop(PumpStreamHandler.java:180)
	at org.openqa.selenium.os.OsProcess.destroy(OsProcess.java:136)
	at org.openqa.selenium.os.CommandLine.destroy(CommandLine.java:153)
	at org.openqa.selenium.remote.service.DriverService.stop(DriverService.java:222)
	at org.openqa.selenium.remote.service.DriverCommandExecutor.execute(DriverCommandExecutor.java:95)
	at org.openqa.selenium.remote.RemoteWebDriver.execute(RemoteWebDriver.java:601)
	at org.openqa.selenium.remote.RemoteWebDriver.execute(RemoteWebDriver.java:658)
	at org.openqa.selenium.remote.RemoteWebDriver.quit(RemoteWebDriver.java:497)
	at com.capgemini.ntc.selenium.core.newDrivers.DriverManager.closeDriver(DriverManager.java:86)
	at com.capgemini.ntc.selenium.core.BasePage.onTestClassFinish(BasePage.java:126)
	at java.util.ArrayList.forEach(ArrayList.java:1249)
	at com.capgemini.ntc.test.core.BaseTest.tearDownClass(BaseTest.java:69)
	at sun.reflect.GeneratedMethodAccessor7.invoke(Unknown Source)
	at sun.reflect.DelegatingMethodAccessorImpl.invoke(DelegatingMethodAccessorImpl.java:43)
	at java.lang.reflect.Method.invoke(Method.java:497)
	at org.junit.runners.model.FrameworkMethod$1.runReflectiveCall(FrameworkMethod.java:50)
	at org.junit.internal.runners.model.ReflectiveCallable.run(ReflectiveCallable.java:12)
	at org.junit.runners.model.FrameworkMethod.invokeExplosively(FrameworkMethod.java:47)
	at com.capgemini.ntc.test.core.testRunners.core.CustomRunAfters.evaluate(CustomRunAfters.java:43)
	at org.junit.rules.ExternalResource$1.evaluate(ExternalResource.java:48)
	at org.junit.rules.RunRules.evaluate(RunRules.java:20)
	at com.capgemini.ntc.test.core.testRunners.ParallelTestClassRunner.run(ParallelTestClassRunner.java:33)
	at org.junit.runners.Suite.runChild(Suite.java:128)
	at org.junit.runners.Suite.runChild(Suite.java:27)
	at org.junit.runners.ParentRunner$3.run(ParentRunner.java:290)
	at org.apache.maven.surefire.junitcore.pc.Scheduler$1.run(Scheduler.java:393)
	at java.util.concurrent.Executors$RunnableAdapter.call(Executors.java:511)
	at java.util.concurrent.FutureTask.run(FutureTask.java:266)
	at java.util.concurrent.ThreadPoolExecutor.runWorker(ThreadPoolExecutor.java:1142)
	at java.util.concurrent.ThreadPoolExecutor$Worker.run(ThreadPoolExecutor.java:617)
	at java.lang.Thread.run(Thread.java:745)

sty 27, 2018 12:01:35 AM org.openqa.selenium.os.OsProcess destroy
SEVERE: Unable to kill process java.lang.ProcessImpl@20742bf6
sty 27, 2018 12:01:35 AM org.openqa.selenium.remote.DesiredCapabilities chrome
INFO: Using `new ChromeOptions()` is preferred to `DesiredCapabilities.chrome()`
Starting ChromeDriver 2.33.506120 (e3e53437346286c0bc2d2dc9aa4915ba81d9023f) on port 40260
Only local connections are allowed.
sty 27, 2018 12:01:43 AM org.openqa.selenium.os.OsProcess destroy
INFO: Unable to drain process streams. Ignoring but the exception being swallowed follows.
org.apache.commons.exec.ExecuteException: The stop timeout of 2000 ms was exceeded (Exit value: -559038737)
	at org.apache.commons.exec.PumpStreamHandler.stopThread(PumpStreamHandler.java:295)
	at org.apache.commons.exec.PumpStreamHandler.stop(PumpStreamHandler.java:181)
	at org.openqa.selenium.os.OsProcess.destroy(OsProcess.java:136)
	at org.openqa.selenium.os.CommandLine.destroy(CommandLine.java:153)
	at org.openqa.selenium.remote.service.DriverService.stop(DriverService.java:222)
	at org.openqa.selenium.remote.service.DriverCommandExecutor.execute(DriverCommandExecutor.java:95)
	at org.openqa.selenium.remote.RemoteWebDriver.execute(RemoteWebDriver.java:601)
	at org.openqa.selenium.remote.RemoteWebDriver.execute(RemoteWebDriver.java:658)
	at org.openqa.selenium.remote.RemoteWebDriver.quit(RemoteWebDriver.java:497)
	at com.capgemini.ntc.selenium.core.newDrivers.DriverManager.closeDriver(DriverManager.java:86)
	at com.capgemini.ntc.selenium.core.BasePage.onTestClassFinish(BasePage.java:126)
	at java.util.ArrayList.forEach(ArrayList.java:1249)
	at com.capgemini.ntc.test.core.BaseTest.tearDownClass(BaseTest.java:71)
	at sun.reflect.GeneratedMethodAccessor7.invoke(Unknown Source)
	at sun.reflect.DelegatingMethodAccessorImpl.invoke(DelegatingMethodAccessorImpl.java:43)
	at java.lang.reflect.Method.invoke(Method.java:497)
	at org.junit.runners.model.FrameworkMethod$1.runReflectiveCall(FrameworkMethod.java:50)
	at org.junit.internal.runners.model.ReflectiveCallable.run(ReflectiveCallable.java:12)
	at org.junit.runners.model.FrameworkMethod.invokeExplosively(FrameworkMethod.java:47)
	at com.capgemini.ntc.test.core.testRunners.core.CustomRunAfters.evaluate(CustomRunAfters.java:43)
	at org.junit.rules.ExternalResource$1.evaluate(ExternalResource.java:48)
	at org.junit.rules.RunRules.evaluate(RunRules.java:20)
	at com.capgemini.ntc.test.core.testRunners.ParallelTestClassRunner.run(ParallelTestClassRunner.java:33)
	at org.junit.runners.Suite.runChild(Suite.java:128)
	at org.junit.runners.Suite.runChild(Suite.java:27)
	at org.junit.runners.ParentRunner$3.run(ParentRunner.java:290)
	at org.apache.maven.surefire.junitcore.pc.Scheduler$1.run(Scheduler.java:393)
	at java.util.concurrent.Executors$RunnableAdapter.call(Executors.java:511)
	at java.util.concurrent.FutureTask.run(FutureTask.java:266)
	at java.util.concurrent.ThreadPoolExecutor.runWorker(ThreadPoolExecutor.java:1142)
	at java.util.concurrent.ThreadPoolExecutor$Worker.run(ThreadPoolExecutor.java:617)
	at java.lang.Thread.run(Thread.java:745)

sty 27, 2018 12:01:43 AM org.openqa.selenium.os.OsProcess destroy
SEVERE: Unable to kill process java.lang.ProcessImpl@2e2fe5b3
2018-01-27 at 00:01:47 CET logDebug - [pool-1-thread-1] Waiting for [findElementDynamic(): By.cssSelector: select[id='dropdown_7']] took [0.486 s]
sty 27, 2018 12:01:47 AM org.openqa.selenium.os.OsProcess destroy
INFO: Unable to drain process streams. Ignoring but the exception being swallowed follows.
org.apache.commons.exec.ExecuteException: The stop timeout of 2000 ms was exceeded (Exit value: -559038737)
	at org.apache.commons.exec.PumpStreamHandler.stopThread(PumpStreamHandler.java:295)
	at org.apache.commons.exec.PumpStreamHandler.stop(PumpStreamHandler.java:181)
	at org.openqa.selenium.os.OsProcess.destroy(OsProcess.java:136)
	at org.openqa.selenium.os.CommandLine.destroy(CommandLine.java:153)
	at org.openqa.selenium.remote.service.DriverService.stop(DriverService.java:222)
	at org.openqa.selenium.remote.service.DriverCommandExecutor.execute(DriverCommandExecutor.java:95)
	at org.openqa.selenium.remote.RemoteWebDriver.execute(RemoteWebDriver.java:601)
	at org.openqa.selenium.remote.RemoteWebDriver.execute(RemoteWebDriver.java:658)
	at org.openqa.selenium.remote.RemoteWebDriver.quit(RemoteWebDriver.java:497)
	at com.capgemini.ntc.selenium.core.newDrivers.DriverManager.closeDriver(DriverManager.java:86)
	at com.capgemini.ntc.selenium.core.BasePage.onTestClassFinish(BasePage.java:126)
	at java.util.ArrayList.forEach(ArrayList.java:1249)
	at com.capgemini.ntc.test.core.BaseTest.tearDownClass(BaseTest.java:71)
	at sun.reflect.GeneratedMethodAccessor7.invoke(Unknown Source)
	at sun.reflect.DelegatingMethodAccessorImpl.invoke(DelegatingMethodAccessorImpl.java:43)
	at java.lang.reflect.Method.invoke(Method.java:497)
	at org.junit.runners.model.FrameworkMethod$1.runReflectiveCall(FrameworkMethod.java:50)
	at org.junit.internal.runners.model.ReflectiveCallable.run(ReflectiveCallable.java:12)
	at org.junit.runners.model.FrameworkMethod.invokeExplosively(FrameworkMethod.java:47)
	at org.junit.internal.runners.statements.RunAfters.evaluate(RunAfters.java:33)
	at org.junit.rules.ExternalResource$1.evaluate(ExternalResource.java:48)
	at org.junit.rules.RunRules.evaluate(RunRules.java:20)
	at org.junit.runners.ParentRunner.run(ParentRunner.java:363)
	at org.junit.runners.Suite.runChild(Suite.java:128)
	at org.junit.runners.Suite.runChild(Suite.java:27)
	at org.junit.runners.ParentRunner$3.run(ParentRunner.java:290)
	at org.apache.maven.surefire.junitcore.pc.Scheduler$1.run(Scheduler.java:393)
	at java.util.concurrent.Executors$RunnableAdapter.call(Executors.java:511)
	at java.util.concurrent.FutureTask.run(FutureTask.java:266)
	at java.util.concurrent.ThreadPoolExecutor.runWorker(ThreadPoolExecutor.java:1142)
	at java.util.concurrent.ThreadPoolExecutor$Worker.run(ThreadPoolExecutor.java:617)
	at java.lang.Thread.run(Thread.java:745)

sty 27, 2018 12:01:47 AM org.openqa.selenium.os.OsProcess destroy
SEVERE: Unable to kill process java.lang.ProcessImpl@508636a9
2018-01-27 at 00:01:49 CET logDebug - [pool-1-thread-1] Waiting for [findElementDynamic(): By.cssSelector: select[id='mm_date_8']] took [0.125 s]
2018-01-27 at 00:01:50 CET logDebug - [pool-1-thread-1] Waiting for [findElementDynamic(): By.cssSelector: select[id='mm_date_8']] took [0.372 s]
2018-01-27 at 00:01:52 CET logDebug - [pool-1-thread-1] Waiting for [findElementDynamic(): By.cssSelector: select[id='mm_date_8']] took [0.229 s]
2018-01-27 at 00:01:55 CET logDebug - [pool-1-thread-1] Waiting for [findElementDynamic(): By.cssSelector: select[id='mm_date_8']] took [0.092 s]
2018-01-27 at 00:01:56 CET logDebug - [pool-1-thread-1] Waiting for [findElementDynamic(): By.cssSelector: select[id='dd_date_8']] took [0.164 s]
2018-01-27 at 00:01:56 CET logDebug - [pool-1-thread-1] Waiting for [findElementDynamic(): By.cssSelector: select[id='dd_date_8']] took [0.133 s]
sty 27, 2018 12:01:57 AM org.openqa.selenium.remote.ProtocolHandshake createSession
INFO: Detected dialect: OSS
2018-01-27 at 00:01:57 CET logDebug - [pool-1-thread-1] Waiting for [findElementDynamic(): By.cssSelector: select[id='dd_date_8']] took [0.152 s]
2018-01-27 at 00:02:03 CET logDebug - [pool-1-thread-1] Waiting for [findElementDynamic(): By.cssSelector: select[id='dd_date_8']] took [0.094 s]
2018-01-27 at 00:02:04 CET logDebug - [pool-1-thread-1] Waiting for [findElementDynamic(): By.cssSelector: select[id='yy_date_8']] took [0.156 s]
2018-01-27 at 00:02:04 CET logDebug - [pool-1-thread-1] Waiting for [findElementDynamic(): By.cssSelector: select[id='yy_date_8']] took [0.151 s]
2018-01-27 at 00:02:05 CET logDebug - [pool-1-thread-1] Waiting for [findElementDynamic(): By.cssSelector: select[id='yy_date_8']] took [0.135 s]
2018-01-27 at 00:02:20 CET logDebug - [pool-1-thread-1] Waiting for [findElementDynamic(): By.cssSelector: select[id='yy_date_8']] took [0.391 s]
2018-01-27 at 00:02:22 CET logDebug - [pool-1-thread-1] Waiting for [findElementDynamic(): By.cssSelector: input[id='phone_9']] took [0.37 s]
2018-01-27 at 00:02:22 CET logDebug - [pool-1-thread-1] Waiting for [findElementDynamic(): By.cssSelector: input[id='phone_9']] took [0.164 s]
2018-01-27 at 00:02:22 CET logDebug - [pool-1-thread-1] Waiting for [findElementDynamic(): By.cssSelector: input[id='phone_9']] took [0.266 s]
2018-01-27 at 00:02:26 CET logDebug - [pool-1-thread-1] Waiting for [findElementDynamic(): By.cssSelector: input[id='username']] took [0.162 s]
2018-01-27 at 00:02:27 CET logDebug - [pool-1-thread-1] Waiting for [findElementDynamic(): By.cssSelector: input[id='username']] took [0.316 s]
2018-01-27 at 00:02:27 CET logDebug - [pool-1-thread-1] Waiting for [findElementDynamic(): By.cssSelector: input[id='username']] took [0.199 s]
sty 27, 2018 12:02:30 AM org.openqa.selenium.remote.DesiredCapabilities chrome
INFO: Using `new ChromeOptions()` is preferred to `DesiredCapabilities.chrome()`
Starting ChromeDriver 2.33.506120 (e3e53437346286c0bc2d2dc9aa4915ba81d9023f) on port 1203
Only local connections are allowed.
2018-01-27 at 00:02:31 CET logDebug - [pool-1-thread-1] Waiting for [findElementDynamic(): By.cssSelector: input[id='email_1']] took [0.269 s]
2018-01-27 at 00:02:31 CET logDebug - [pool-1-thread-1] Waiting for [findElementDynamic(): By.cssSelector: input[id='email_1']] took [0.232 s]
2018-01-27 at 00:02:31 CET logDebug - [pool-1-thread-1] Waiting for [findElementDynamic(): By.cssSelector: input[id='email_1']] took [0.196 s]
2018-01-27 at 00:02:36 CET logDebug - [pool-1-thread-1] Waiting for [findElementDynamic(): By.cssSelector: textarea[ id='description' ]] took [0.183 s]
2018-01-27 at 00:02:36 CET logDebug - [pool-1-thread-1] Waiting for [findElementDynamic(): By.cssSelector: textarea[ id='description' ]] took [0.118 s]
2018-01-27 at 00:02:37 CET logDebug - [pool-1-thread-1] Waiting for [findElementDynamic(): By.cssSelector: textarea[ id='description' ]] took [0.183 s]
Running com.capgemini.ntc.selenium.projectX.registration.RegistryPageTest
2018-01-26 at 23:58:00 CET logInfo - [pool-1-thread-8] QCID_12342343_StayOnResistryPage(com.capgemini.ntc.selenium.projectX.registration.RegistryPageTest) STARTED.
2018-01-26 at 23:58:00 CET logInfo - [pool-1-thread-8] [Step 1] As a standard user I will open Registry Page,  So that my I can fill data
2018-01-26 at 23:58:00 CET logDebug - [pool-1-thread-8] Creating new browser=chrome WebDriver.
2018-01-26 at 23:58:04 CET logInfo - [pool-1-thread-8] Trying to set requested resolution: 1600x1200.
2018-01-26 at 23:58:05 CET logInfo - [pool-1-thread-8] Resolution readed from device: 1600x1100
2018-01-26 at 23:58:05 CET logInfo - [pool-1-thread-8] Trying to set increased resolution for 'View port': 1616x1200.
2018-01-26 at 23:58:06 CET logInfo - [pool-1-thread-8] Resolution readed from device: 1616x1100
2018-01-26 at 23:58:06 CET logDebug - [pool-1-thread-8] driver:NewChromeDriver: chrome on XP (db0a36198a62ca8e21b2db8ccc5d356c)
2018-01-26 at 23:58:06 CET logDebug - [pool-1-thread-8] To add observer: com.capgemini.ntc.selenium.pages.projectX.registration.RegistryPage@d8dcddc
2018-01-26 at 23:58:06 CET logDebug - [pool-1-thread-8] BaseTestWatcher.observers: []
2018-01-26 at 23:58:06 CET logDebug - [pool-1-thread-8] TestClassRule.classObservers: []
2018-01-26 at 23:58:06 CET logDebug - [pool-1-thread-8] Added observer: com.capgemini.ntc.selenium.pages.projectX.registration.RegistryPage@d8dcddc
2018-01-26 at 23:58:06 CET logDebug - [pool-1-thread-8] Waiting for [waitForPageLoaded] took [0.013 s]
2018-01-26 at 23:58:06 CET logDebug - [pool-1-thread-8] com.capgemini.ntc.selenium.pages.projectX.registration.RegistryPage: Current loaded page (http://demoqa.com/registration/) with pageTitle (). Page to load: (http://demoqa.com/registration/) ,for page title: (Registration | Demoqa)
2018-01-26 at 23:58:19 CET logDebug - [pool-1-thread-8] Waiting for [waitForPageLoaded] took [0.041 s]
2018-01-26 at 23:58:19 CET logInfo - [pool-1-thread-8] [Step 1] As a standard user I will open Registry Page,  So that my I can fill data
2018-01-26 at 23:58:19 CET logDebug - [pool-1-thread-8] To add observer: com.capgemini.ntc.selenium.pages.projectX.registration.RegistryPage@c7b8f7a
2018-01-26 at 23:58:19 CET logDebug - [pool-1-thread-8] BaseTestWatcher.observers: [com.capgemini.ntc.selenium.pages.projectX.registration.RegistryPage@d8dcddc]
2018-01-26 at 23:58:19 CET logDebug - [pool-1-thread-8] TestClassRule.classObservers: []
2018-01-26 at 23:58:19 CET logDebug - [pool-1-thread-8] Waiting for [waitForPageLoaded] took [0.069 s]
2018-01-26 at 23:58:20 CET logInfo - [pool-1-thread-8] [Step 2] As a standard user I click Submit button,  So that I will stay on Registry page
2018-01-26 at 23:58:20 CET logDebug - [pool-1-thread-8] Waiting for [findElementDynamic(): By.cssSelector: input[id='name_3_firstname']] took [0.069 s]
2018-01-26 at 23:58:20 CET logDebug - [pool-1-thread-8] Waiting for [findElementDynamic(): By.cssSelector: input[id='name_3_firstname']] took [0.073 s]
2018-01-26 at 23:58:20 CET logDebug - [pool-1-thread-8] Waiting for [waitForPageLoaded] took [0.026 s]
2018-01-26 at 23:58:20 CET logDebug - [pool-1-thread-8] Waiting for [findElementDynamic(): By.cssSelector: input[id='name_3_firstname']] took [0.023 s]
2018-01-26 at 23:58:20 CET logDebug - [pool-1-thread-8] Waiting for [waitForPageLoaded] took [0.036 s]
2018-01-26 at 23:58:20 CET logInfo - [pool-1-thread-8] QCID_12342343_StayOnResistryPage(com.capgemini.ntc.selenium.projectX.registration.RegistryPageTest) PASSED.
2018-01-26 at 23:58:20 CET logDebug - [pool-1-thread-8] BasePage.onTestSuccess    RegistryPage
2018-01-26 at 23:58:20 CET logInfo - [pool-1-thread-8] QCID_12342343_StayOnResistryPage(com.capgemini.ntc.selenium.projectX.registration.RegistryPageTest) duration: 0,34 min
2018-01-26 at 23:58:20 CET logDebug - [pool-1-thread-8] BasePage.onTestFinish   RegistryPage
2018-01-26 at 23:58:20 CET logDebug - [pool-1-thread-8] To remove observer: com.capgemini.ntc.selenium.pages.projectX.registration.RegistryPage@d8dcddc
2018-01-26 at 23:58:20 CET logInfo - [pool-1-thread-8] EXAMPLE_FAIL_TEST(com.capgemini.ntc.selenium.projectX.registration.RegistryPageTest) STARTED.
2018-01-26 at 23:58:20 CET logInfo - [pool-1-thread-8] [Step 1] As a standard user I will open Registry Page,  So that my I can fill data
2018-01-26 at 23:58:20 CET logDebug - [pool-1-thread-8] To add observer: com.capgemini.ntc.selenium.pages.projectX.registration.RegistryPage@7bc8f3d5
2018-01-26 at 23:58:20 CET logDebug - [pool-1-thread-8] BaseTestWatcher.observers: [com.capgemini.ntc.selenium.pages.projectX.registration.RegistryPage@d8dcddc]
2018-01-26 at 23:58:20 CET logDebug - [pool-1-thread-8] TestClassRule.classObservers: []
2018-01-26 at 23:58:20 CET logDebug - [pool-1-thread-8] Waiting for [waitForPageLoaded] took [0.019 s]
2018-01-26 at 23:58:20 CET logInfo - [pool-1-thread-8] [Step 1] As a standard user I will open Registry Page,  So that my I can fill data
2018-01-26 at 23:58:20 CET logDebug - [pool-1-thread-8] To add observer: com.capgemini.ntc.selenium.pages.projectX.registration.RegistryPage@18f6165a
2018-01-26 at 23:58:20 CET logDebug - [pool-1-thread-8] BaseTestWatcher.observers: [com.capgemini.ntc.selenium.pages.projectX.registration.RegistryPage@d8dcddc]
2018-01-26 at 23:58:20 CET logDebug - [pool-1-thread-8] TestClassRule.classObservers: []
2018-01-26 at 23:58:20 CET logDebug - [pool-1-thread-8] Waiting for [waitForPageLoaded] took [0.023 s]
2018-01-26 at 23:58:20 CET logInfo - [pool-1-thread-8] [Step 2] As a standard user I click Submit button,  So that my data will be saved
2018-01-26 at 23:58:21 CET logDebug - [pool-1-thread-8] Waiting for [findElementDynamic(): By.cssSelector: input[id='name_3_firstname']] took [0.038 s]
2018-01-26 at 23:58:21 CET logDebug - [pool-1-thread-8] Waiting for [findElementDynamic(): By.cssSelector: input[id='name_3_firstname']] took [0.017 s]
2018-01-26 at 23:58:21 CET logDebug - [pool-1-thread-8] Waiting for [waitForPageLoaded] took [0.01 s]
2018-01-26 at 23:58:21 CET logDebug - [pool-1-thread-8] Waiting for [findElementDynamic(): By.cssSelector: input[id='name_3_firstname']] took [0.02 s]
2018-01-26 at 23:58:21 CET logDebug - [pool-1-thread-8] Waiting for [findElementDynamic(): By.cssSelector: input[id='name_3_firstname']] took [0.015 s]
2018-01-26 at 23:58:21 CET logInfo - [pool-1-thread-8] EXAMPLE_FAIL_TEST(com.capgemini.ntc.selenium.projectX.registration.RegistryPageTest) FAILED.
2018-01-26 at 23:58:21 CET logDebug - [pool-1-thread-8] BasePage.onTestFailure    RegistryPage
2018-01-26 at 23:58:22 CET logInfo - [pool-1-thread-8] EXAMPLE_FAIL_TEST(com.capgemini.ntc.selenium.projectX.registration.RegistryPageTest) duration: 0,02 min
2018-01-26 at 23:58:22 CET logDebug - [pool-1-thread-8] BasePage.onTestFinish   RegistryPage
2018-01-26 at 23:58:22 CET logDebug - [pool-1-thread-8] To remove observer: com.capgemini.ntc.selenium.pages.projectX.registration.RegistryPage@d8dcddc
2018-01-26 at 23:58:22 CET logDebug - [pool-1-thread-8] BaseTest.tearDownClass()
2018-01-26 at 23:58:22 CET logDebug - [pool-1-thread-8] BaseTestWatcher.observers: [com.capgemini.ntc.selenium.pages.projectX.registration.RegistryPage@d8dcddc]
2018-01-26 at 23:58:22 CET logDebug - [pool-1-thread-8] TestClassRule.classObservers: []
2018-01-26 at 23:58:22 CET logDebug - [pool-1-thread-8] BasePage.onTestClassFinish   RegistryPage
2018-01-26 at 23:58:22 CET logDebug - [pool-1-thread-8] driver:NewChromeDriver: chrome on XP (db0a36198a62ca8e21b2db8ccc5d356c)
2018-01-26 at 23:58:22 CET logDebug - [pool-1-thread-8] Closing WebDriver for this thread. chrome
2018-01-26 at 23:58:24 CET logDebug - [pool-1-thread-8] All observers cleared.
2018-01-26 at 23:59:25 CET logInfo - [pool-1-thread-8] shouldDisplayCorrectTextOnDropdownWhenChooseValueOne(com.capgemini.ntc.selenium.projectY.DropdownTest) STARTED.
2018-01-26 at 23:59:25 CET logInfo - [pool-1-thread-8] Step1 - open Chrome browser
2018-01-26 at 23:59:25 CET logInfo - [pool-1-thread-8] Step2 - open web page http://the-internet.herokuapp.com/
2018-01-26 at 23:59:25 CET logDebug - [pool-1-thread-8] Creating new browser=chrome WebDriver.
2018-01-26 at 23:59:31 CET logInfo - [pool-1-thread-8] Trying to set requested resolution: 1600x1200.
2018-01-26 at 23:59:33 CET logInfo - [pool-1-thread-8] Resolution readed from device: 1600x1100
2018-01-26 at 23:59:33 CET logInfo - [pool-1-thread-8] Trying to set increased resolution for 'View port': 1616x1200.
2018-01-26 at 23:59:34 CET logInfo - [pool-1-thread-8] Resolution readed from device: 1616x1100
2018-01-26 at 23:59:34 CET logDebug - [pool-1-thread-8] driver:NewChromeDriver: chrome on XP (7bf6ac3d28f72149f8e82f10e214e83b)
2018-01-26 at 23:59:34 CET logDebug - [pool-1-thread-8] To add observer: com.capgemini.ntc.selenium.pages.projectY.TheInternetPage@10c06eed
2018-01-26 at 23:59:34 CET logDebug - [pool-1-thread-8] BaseTestWatcher.observers: []
2018-01-26 at 23:59:34 CET logDebug - [pool-1-thread-8] TestClassRule.classObservers: []
2018-01-26 at 23:59:34 CET logDebug - [pool-1-thread-8] Added observer: com.capgemini.ntc.selenium.pages.projectY.TheInternetPage@10c06eed
2018-01-26 at 23:59:34 CET logDebug - [pool-1-thread-8] The internet page is loaded: data:,
2018-01-26 at 23:59:34 CET logDebug - [pool-1-thread-8] load page
2018-01-26 at 23:59:52 CET logDebug - [pool-1-thread-8] Waiting for [waitForPageLoaded] took [0.204 s]
2018-01-26 at 23:59:52 CET logDebug - [pool-1-thread-8] The internet page is loaded: http://the-internet.herokuapp.com/
2018-01-26 at 23:59:52 CET logInfo - [pool-1-thread-8] Step3 - open 'dropdown' link
2018-01-26 at 23:59:53 CET logDebug - [pool-1-thread-8] Waiting for [findElementDynamic(): By.cssSelector: li > a[href*=dropdown]] took [0.211 s]
2018-01-26 at 23:59:55 CET logDebug - [pool-1-thread-8] To add observer: com.capgemini.ntc.selenium.pages.projectY.DropdownPage@2b54bb2d
2018-01-26 at 23:59:55 CET logDebug - [pool-1-thread-8] BaseTestWatcher.observers: [com.capgemini.ntc.selenium.pages.projectY.TheInternetPage@10c06eed]
2018-01-26 at 23:59:55 CET logDebug - [pool-1-thread-8] TestClassRule.classObservers: []
2018-01-26 at 23:59:55 CET logDebug - [pool-1-thread-8] Waiting for [waitForPageLoaded] took [0.078 s]
2018-01-26 at 23:59:56 CET logDebug - [pool-1-thread-8] Waiting for [findElementDynamic(): By.cssSelector: #dropdown] took [0.096 s]
2018-01-26 at 23:59:56 CET logDebug - [pool-1-thread-8] Waiting for [findElementDynamic(): By.cssSelector: #dropdown] took [0.13 s]
2018-01-26 at 23:59:57 CET logDebug - [pool-1-thread-8] Waiting for [findElementDynamic(): By.cssSelector: #dropdown] took [0.033 s]
2018-01-26 at 23:59:57 CET logDebug - [pool-1-thread-8] Waiting for [findElementDynamic(): By.cssSelector: #dropdown] took [0.068 s]
2018-01-26 at 23:59:57 CET logDebug - [pool-1-thread-8] Waiting for [findElementDynamic(): By.cssSelector: #dropdown] took [0.036 s]
2018-01-26 at 23:59:57 CET logInfo - [pool-1-thread-8] shouldDisplayCorrectTextOnDropdownWhenChooseValueOne(com.capgemini.ntc.selenium.projectY.DropdownTest) PASSED.
2018-01-26 at 23:59:57 CET logDebug - [pool-1-thread-8] BasePage.onTestSuccess    TheInternetPage
2018-01-26 at 23:59:57 CET logInfo - [pool-1-thread-8] shouldDisplayCorrectTextOnDropdownWhenChooseValueOne(com.capgemini.ntc.selenium.projectY.DropdownTest) duration: 0,54 min
2018-01-26 at 23:59:57 CET logInfo - [pool-1-thread-8] Step5 - navigate back to The-Internet page
2018-01-26 at 23:59:58 CET logDebug - [pool-1-thread-8] Waiting for [waitForPageLoaded] took [0.051 s]
2018-01-26 at 23:59:58 CET logDebug - [pool-1-thread-8] BasePage.onTestFinish   TheInternetPage
2018-01-26 at 23:59:58 CET logDebug - [pool-1-thread-8] To remove observer: com.capgemini.ntc.selenium.pages.projectY.TheInternetPage@10c06eed
2018-01-26 at 23:59:58 CET logInfo - [pool-1-thread-8] shouldDisplayCorrectTextOnDropdownWhenChooseValueTwo(com.capgemini.ntc.selenium.projectY.DropdownTest) STARTED.
2018-01-26 at 23:59:58 CET logInfo - [pool-1-thread-8] Step1 - open Chrome browser
2018-01-26 at 23:59:58 CET logInfo - [pool-1-thread-8] Step2 - open web page http://the-internet.herokuapp.com/
2018-01-26 at 23:59:58 CET logDebug - [pool-1-thread-8] To add observer: com.capgemini.ntc.selenium.pages.projectY.TheInternetPage@1b97f083
2018-01-26 at 23:59:58 CET logDebug - [pool-1-thread-8] BaseTestWatcher.observers: [com.capgemini.ntc.selenium.pages.projectY.TheInternetPage@10c06eed]
2018-01-26 at 23:59:58 CET logDebug - [pool-1-thread-8] TestClassRule.classObservers: []
2018-01-26 at 23:59:58 CET logDebug - [pool-1-thread-8] The internet page is loaded: http://the-internet.herokuapp.com/
2018-01-26 at 23:59:58 CET logDebug - [pool-1-thread-8] The internet page is loaded: http://the-internet.herokuapp.com/
2018-01-26 at 23:59:58 CET logInfo - [pool-1-thread-8] Step3 - open 'dropdown' link
2018-01-26 at 23:59:58 CET logDebug - [pool-1-thread-8] Waiting for [findElementDynamic(): By.cssSelector: li > a[href*=dropdown]] took [0.058 s]
2018-01-26 at 23:59:59 CET logDebug - [pool-1-thread-8] To add observer: com.capgemini.ntc.selenium.pages.projectY.DropdownPage@4f6edd47
2018-01-26 at 23:59:59 CET logDebug - [pool-1-thread-8] BaseTestWatcher.observers: [com.capgemini.ntc.selenium.pages.projectY.TheInternetPage@10c06eed]
2018-01-26 at 23:59:59 CET logDebug - [pool-1-thread-8] TestClassRule.classObservers: []
2018-01-26 at 23:59:59 CET logDebug - [pool-1-thread-8] Waiting for [waitForPageLoaded] took [0.015 s]
2018-01-26 at 23:59:59 CET logDebug - [pool-1-thread-8] Waiting for [findElementDynamic(): By.cssSelector: #dropdown] took [0.028 s]
2018-01-26 at 23:59:59 CET logDebug - [pool-1-thread-8] Waiting for [findElementDynamic(): By.cssSelector: #dropdown] took [0.042 s]
2018-01-26 at 23:59:59 CET logDebug - [pool-1-thread-8] Waiting for [findElementDynamic(): By.cssSelector: #dropdown] took [0.017 s]
2018-01-26 at 23:59:59 CET logDebug - [pool-1-thread-8] Waiting for [findElementDynamic(): By.cssSelector: #dropdown] took [0.017 s]
2018-01-26 at 23:59:59 CET logDebug - [pool-1-thread-8] Waiting for [findElementDynamic(): By.cssSelector: #dropdown] took [0.028 s]
2018-01-27 at 00:00:00 CET logInfo - [pool-1-thread-8] shouldDisplayCorrectTextOnDropdownWhenChooseValueTwo(com.capgemini.ntc.selenium.projectY.DropdownTest) PASSED.
2018-01-27 at 00:00:00 CET logDebug - [pool-1-thread-8] BasePage.onTestSuccess    TheInternetPage
2018-01-27 at 00:00:00 CET logInfo - [pool-1-thread-8] shouldDisplayCorrectTextOnDropdownWhenChooseValueTwo(com.capgemini.ntc.selenium.projectY.DropdownTest) duration: 0,03 min
2018-01-27 at 00:00:00 CET logInfo - [pool-1-thread-8] Step5 - navigate back to The-Internet page
2018-01-27 at 00:00:00 CET logDebug - [pool-1-thread-8] Waiting for [waitForPageLoaded] took [0.026 s]
2018-01-27 at 00:00:00 CET logDebug - [pool-1-thread-8] BasePage.onTestFinish   TheInternetPage
2018-01-27 at 00:00:00 CET logDebug - [pool-1-thread-8] To remove observer: com.capgemini.ntc.selenium.pages.projectY.TheInternetPage@10c06eed
2018-01-27 at 00:00:00 CET logDebug - [pool-1-thread-8] BaseTest.tearDownClass()
2018-01-27 at 00:00:00 CET logDebug - [pool-1-thread-8] BaseTestWatcher.observers: [com.capgemini.ntc.selenium.pages.projectY.TheInternetPage@10c06eed]
2018-01-27 at 00:00:00 CET logDebug - [pool-1-thread-8] TestClassRule.classObservers: []
2018-01-27 at 00:00:00 CET logDebug - [pool-1-thread-8] BasePage.onTestClassFinish   TheInternetPage
2018-01-27 at 00:00:00 CET logDebug - [pool-1-thread-8] driver:NewChromeDriver: chrome on XP (7bf6ac3d28f72149f8e82f10e214e83b)
2018-01-27 at 00:00:00 CET logDebug - [pool-1-thread-8] Closing WebDriver for this thread. chrome
2018-01-27 at 00:00:02 CET logDebug - [pool-1-thread-8] All observers cleared.
2018-01-27 at 00:00:02 CET logInfo - [pool-1-thread-8] testSelectSubMenuItemByText(com.capgemini.ntc.selenium.features.webElements.MenuTest) STARTED.
2018-01-27 at 00:00:02 CET logDebug - [pool-1-thread-8] Creating new browser=chrome WebDriver.
2018-01-27 at 00:00:08 CET logInfo - [pool-1-thread-8] Trying to set requested resolution: 1600x1200.
2018-01-27 at 00:00:10 CET logInfo - [pool-1-thread-8] Resolution readed from device: 1600x1100
2018-01-27 at 00:00:10 CET logInfo - [pool-1-thread-8] Trying to set increased resolution for 'View port': 1616x1200.
2018-01-27 at 00:00:11 CET logInfo - [pool-1-thread-8] Resolution readed from device: 1616x1100
2018-01-27 at 00:00:11 CET logDebug - [pool-1-thread-8] driver:NewChromeDriver: chrome on XP (bd2977edbcf6b545392522b43287e718)
2018-01-27 at 00:00:35 CET logDebug - [pool-1-thread-8] Waiting for [findElementDynamic(): By.cssSelector: li[aria-controls='tabs-2']] took [0.375 s]
2018-01-27 at 00:00:36 CET logDebug - [pool-1-thread-8] Waiting for [findElementDynamic(): By.cssSelector: li[aria-controls='tabs-2']] took [0.331 s]
2018-01-27 at 00:00:38 CET logDebug - [pool-1-thread-8] Waiting for [waitForPageLoaded] took [0.219 s]
2018-01-27 at 00:00:38 CET logDebug - [pool-1-thread-8] Waiting for [findElementDynamic(): By.cssSelector: li[aria-controls='tabs-2']] took [0.117 s]
2018-01-27 at 00:00:39 CET logDebug - [pool-1-thread-8] Waiting for [findElementDynamic(): By.cssSelector: div#tabs-2 ul.top-level] took [0.118 s]
2018-01-27 at 00:00:39 CET logDebug - [pool-1-thread-8] Waiting for [findElementDynamic(): By.cssSelector: div#tabs-2 ul.top-level] took [0.13 s]
2018-01-27 at 00:00:42 CET logDebug - [pool-1-thread-8] Waiting for [waitForElementVisible(): By.cssSelector: ul] took [0.236 s]
2018-01-27 at 00:00:42 CET logInfo - [pool-1-thread-8] testSelectSubMenuItemByText(com.capgemini.ntc.selenium.features.webElements.MenuTest) PASSED.
2018-01-27 at 00:00:42 CET logInfo - [pool-1-thread-8] testSelectSubMenuItemByText(com.capgemini.ntc.selenium.features.webElements.MenuTest) duration: 0,67 min
2018-01-27 at 00:00:42 CET logInfo - [pool-1-thread-8] testMenuByText(com.capgemini.ntc.selenium.features.webElements.MenuTest) STARTED.
2018-01-27 at 00:00:45 CET logDebug - [pool-1-thread-8] Waiting for [findElementDynamic(): By.cssSelector: div#tabs-1 ul.top-level] took [0.338 s]
2018-01-27 at 00:00:45 CET logDebug - [pool-1-thread-8] Waiting for [findElementDynamic(): By.cssSelector: div#tabs-1 ul.top-level] took [0.164 s]
2018-01-27 at 00:00:47 CET logDebug - [pool-1-thread-8] Waiting for [findElementDynamic(): By.cssSelector: div#tabs-1 ul.top-level] took [0.23 s]
2018-01-27 at 00:00:48 CET logInfo - [pool-1-thread-8] testMenuByText(com.capgemini.ntc.selenium.features.webElements.MenuTest) PASSED.
2018-01-27 at 00:00:48 CET logInfo - [pool-1-thread-8] testMenuByText(com.capgemini.ntc.selenium.features.webElements.MenuTest) duration: 0,09 min
2018-01-27 at 00:00:48 CET logInfo - [pool-1-thread-8] testMenuItemsText(com.capgemini.ntc.selenium.features.webElements.MenuTest) STARTED.
2018-01-27 at 00:00:49 CET logDebug - [pool-1-thread-8] Waiting for [findElementDynamic(): By.cssSelector: div#tabs-1 ul.top-level] took [0.767 s]
2018-01-27 at 00:00:49 CET logDebug - [pool-1-thread-8] Waiting for [findElementDynamic(): By.cssSelector: div#tabs-1 ul.top-level] took [0.124 s]
2018-01-27 at 00:00:50 CET logInfo - [pool-1-thread-8] testMenuItemsText(com.capgemini.ntc.selenium.features.webElements.MenuTest) PASSED.
2018-01-27 at 00:00:50 CET logInfo - [pool-1-thread-8] testMenuItemsText(com.capgemini.ntc.selenium.features.webElements.MenuTest) duration: 0,03 min
2018-01-27 at 00:00:50 CET logInfo - [pool-1-thread-8] testLinkSubMenuItemByText(com.capgemini.ntc.selenium.features.webElements.MenuTest) STARTED.
2018-01-27 at 00:00:52 CET logDebug - [pool-1-thread-8] Waiting for [findElementDynamic(): By.cssSelector: li[aria-controls='tabs-2']] took [0.405 s]
2018-01-27 at 00:00:52 CET logDebug - [pool-1-thread-8] Waiting for [findElementDynamic(): By.cssSelector: li[aria-controls='tabs-2']] took [0.212 s]
2018-01-27 at 00:00:53 CET logDebug - [pool-1-thread-8] Waiting for [waitForPageLoaded] took [0.184 s]
2018-01-27 at 00:00:53 CET logDebug - [pool-1-thread-8] Waiting for [findElementDynamic(): By.cssSelector: li[aria-controls='tabs-2']] took [0.097 s]
2018-01-27 at 00:00:54 CET logDebug - [pool-1-thread-8] Waiting for [findElementDynamic(): By.cssSelector: div#tabs-2 ul.top-level] took [0.162 s]
2018-01-27 at 00:00:54 CET logDebug - [pool-1-thread-8] Waiting for [findElementDynamic(): By.cssSelector: div#tabs-2 ul.top-level] took [0.103 s]
2018-01-27 at 00:00:58 CET logDebug - [pool-1-thread-8] Waiting for [waitForElementVisible(): By.cssSelector: ul] took [0.639 s]
2018-01-27 at 00:00:59 CET logInfo - [pool-1-thread-8] testLinkSubMenuItemByText(com.capgemini.ntc.selenium.features.webElements.MenuTest) PASSED.
2018-01-27 at 00:00:59 CET logInfo - [pool-1-thread-8] testLinkSubMenuItemByText(com.capgemini.ntc.selenium.features.webElements.MenuTest) duration: 0,16 min
2018-01-27 at 00:00:59 CET logInfo - [pool-1-thread-8] testLinkSubMenuItemByIndex(com.capgemini.ntc.selenium.features.webElements.MenuTest) STARTED.
2018-01-27 at 00:01:00 CET logDebug - [pool-1-thread-8] Waiting for [findElementDynamic(): By.cssSelector: li[aria-controls='tabs-2']] took [0.1 s]
2018-01-27 at 00:01:01 CET logDebug - [pool-1-thread-8] Waiting for [findElementDynamic(): By.cssSelector: li[aria-controls='tabs-2']] took [0.146 s]
2018-01-27 at 00:01:01 CET logDebug - [pool-1-thread-8] Waiting for [waitForPageLoaded] took [0.048 s]
2018-01-27 at 00:01:01 CET logDebug - [pool-1-thread-8] Waiting for [findElementDynamic(): By.cssSelector: li[aria-controls='tabs-2']] took [0.145 s]
2018-01-27 at 00:01:01 CET logDebug - [pool-1-thread-8] Waiting for [findElementDynamic(): By.cssSelector: div#tabs-2 ul.top-level] took [0.051 s]
2018-01-27 at 00:01:02 CET logDebug - [pool-1-thread-8] Waiting for [findElementDynamic(): By.cssSelector: div#tabs-2 ul.top-level] took [0.099 s]
2018-01-27 at 00:01:02 CET logDebug - [pool-1-thread-8] Waiting for [waitForElementVisible(): By.cssSelector: div#tabs-2 ul.top-level] took [0.287 s]
2018-01-27 at 00:01:03 CET logInfo - [pool-1-thread-8] testLinkSubMenuItemByIndex(com.capgemini.ntc.selenium.features.webElements.MenuTest) PASSED.
2018-01-27 at 00:01:03 CET logInfo - [pool-1-thread-8] testLinkSubMenuItemByIndex(com.capgemini.ntc.selenium.features.webElements.MenuTest) duration: 0,06 min
2018-01-27 at 00:01:03 CET logInfo - [pool-1-thread-8] testMenuByIndex(com.capgemini.ntc.selenium.features.webElements.MenuTest) STARTED.
2018-01-27 at 00:01:04 CET logDebug - [pool-1-thread-8] Waiting for [findElementDynamic(): By.cssSelector: div#tabs-1 ul.top-level] took [0.227 s]
2018-01-27 at 00:01:04 CET logDebug - [pool-1-thread-8] Waiting for [findElementDynamic(): By.cssSelector: div#tabs-1 ul.top-level] took [0.088 s]
2018-01-27 at 00:01:05 CET logDebug - [pool-1-thread-8] Waiting for [findElementDynamic(): By.cssSelector: div#tabs-1 ul.top-level] took [0.044 s]
2018-01-27 at 00:01:05 CET logInfo - [pool-1-thread-8] testMenuByIndex(com.capgemini.ntc.selenium.features.webElements.MenuTest) PASSED.
2018-01-27 at 00:01:05 CET logInfo - [pool-1-thread-8] testMenuByIndex(com.capgemini.ntc.selenium.features.webElements.MenuTest) duration: 0,04 min
2018-01-27 at 00:01:05 CET logInfo - [pool-1-thread-8] testSelectSubMenuItemByIndex(com.capgemini.ntc.selenium.features.webElements.MenuTest) STARTED.
2018-01-27 at 00:01:06 CET logDebug - [pool-1-thread-8] Waiting for [findElementDynamic(): By.cssSelector: li[aria-controls='tabs-2']] took [0.311 s]
2018-01-27 at 00:01:06 CET logDebug - [pool-1-thread-8] Waiting for [findElementDynamic(): By.cssSelector: li[aria-controls='tabs-2']] took [0.056 s]
2018-01-27 at 00:01:06 CET logDebug - [pool-1-thread-8] Waiting for [waitForPageLoaded] took [0.084 s]
2018-01-27 at 00:01:06 CET logDebug - [pool-1-thread-8] Waiting for [findElementDynamic(): By.cssSelector: li[aria-controls='tabs-2']] took [0.101 s]
2018-01-27 at 00:01:07 CET logDebug - [pool-1-thread-8] Waiting for [findElementDynamic(): By.cssSelector: div#tabs-2 ul.top-level] took [0.052 s]
2018-01-27 at 00:01:07 CET logDebug - [pool-1-thread-8] Waiting for [findElementDynamic(): By.cssSelector: div#tabs-2 ul.top-level] took [0.088 s]
2018-01-27 at 00:01:08 CET logDebug - [pool-1-thread-8] Waiting for [waitForElementVisible(): By.cssSelector: div#tabs-2 ul.top-level] took [0.12 s]
2018-01-27 at 00:01:08 CET logInfo - [pool-1-thread-8] testSelectSubMenuItemByIndex(com.capgemini.ntc.selenium.features.webElements.MenuTest) PASSED.
2018-01-27 at 00:01:08 CET logInfo - [pool-1-thread-8] testSelectSubMenuItemByIndex(com.capgemini.ntc.selenium.features.webElements.MenuTest) duration: 0,05 min
2018-01-27 at 00:01:08 CET logInfo - [pool-1-thread-8] testMenuItemsCount(com.capgemini.ntc.selenium.features.webElements.MenuTest) STARTED.
2018-01-27 at 00:01:09 CET logDebug - [pool-1-thread-8] Waiting for [findElementDynamic(): By.cssSelector: div#tabs-1 ul.top-level] took [0.432 s]
2018-01-27 at 00:01:09 CET logDebug - [pool-1-thread-8] Waiting for [findElementDynamic(): By.cssSelector: div#tabs-1 ul.top-level] took [0.083 s]
2018-01-27 at 00:01:09 CET logInfo - [pool-1-thread-8] testMenuItemsCount(com.capgemini.ntc.selenium.features.webElements.MenuTest) PASSED.
2018-01-27 at 00:01:09 CET logInfo - [pool-1-thread-8] testMenuItemsCount(com.capgemini.ntc.selenium.features.webElements.MenuTest) duration: 0,02 min
2018-01-27 at 00:01:09 CET logDebug - [pool-1-thread-8] BaseTest.tearDownClass()
2018-01-27 at 00:01:09 CET logDebug - [pool-1-thread-8] BaseTestWatcher.observers: []
2018-01-27 at 00:01:09 CET logDebug - [pool-1-thread-8] TestClassRule.classObservers: []
2018-01-27 at 00:01:09 CET logDebug - [pool-1-thread-8] All observers cleared.
2018-01-27 at 00:01:09 CET logInfo - [pool-1-thread-8] Register_OK(com.capgemini.ntc.selenium.projectX.registration.RegisterOKTest) STARTED.
2018-01-27 at 00:01:09 CET logDebug - [pool-1-thread-8] To add observer: com.capgemini.ntc.selenium.pages.projectX.registration.RegistrationPage@7f100a03
2018-01-27 at 00:01:09 CET logDebug - [pool-1-thread-8] BaseTestWatcher.observers: []
2018-01-27 at 00:01:09 CET logDebug - [pool-1-thread-8] TestClassRule.classObservers: []
2018-01-27 at 00:01:09 CET logDebug - [pool-1-thread-8] Added observer: com.capgemini.ntc.selenium.pages.projectX.registration.RegistrationPage@7f100a03
2018-01-27 at 00:01:10 CET logDebug - [pool-1-thread-8] Waiting for [waitForPageLoaded] took [0.169 s]
2018-01-27 at 00:01:10 CET logDebug - [pool-1-thread-8] com.capgemini.ntc.selenium.pages.projectX.registration.RegistrationPage: Current loaded page (http://demoqa.com/registration/) with pageTitle (Menu | Demoqa). Page to load: (http://demoqa.com/registration/) ,for page title: (Registration | Demoqa)
2018-01-27 at 00:01:13 CET logDebug - [pool-1-thread-8] Waiting for [waitForPageLoaded] took [0.563 s]
2018-01-27 at 00:01:13 CET logDebug - [pool-1-thread-8] Waiting for [findElementDynamic(): By.cssSelector: input[id='name_3_firstname']] took [0.045 s]
2018-01-27 at 00:01:13 CET logDebug - [pool-1-thread-8] Waiting for [findElementDynamic(): By.cssSelector: input[id='name_3_firstname']] took [0.065 s]
2018-01-27 at 00:01:13 CET logDebug - [pool-1-thread-8] Waiting for [findElementDynamic(): By.cssSelector: input[id='name_3_firstname']] took [0.053 s]
2018-01-27 at 00:01:14 CET logDebug - [pool-1-thread-8] Waiting for [findElementDynamic(): By.cssSelector: input[id='name_3_lastname']] took [0.299 s]
2018-01-27 at 00:01:14 CET logDebug - [pool-1-thread-8] Waiting for [findElementDynamic(): By.cssSelector: input[id='name_3_lastname']] took [0.23 s]
2018-01-27 at 00:01:14 CET logDebug - [pool-1-thread-8] Waiting for [findElementDynamic(): By.cssSelector: input[id='name_3_lastname']] took [0.117 s]
2018-01-27 at 00:01:15 CET logDebug - [pool-1-thread-8] Waiting for [findElementDynamic(): By.cssSelector: div[class='radio_wrap']] took [0.054 s]
2018-01-27 at 00:01:15 CET logDebug - [pool-1-thread-8] Waiting for [findElementDynamic(): By.cssSelector: div[class='radio_wrap']] took [0.021 s]
2018-01-27 at 00:01:15 CET logDebug - [pool-1-thread-8] Waiting for [findElementDynamic(): By.cssSelector: div[class='radio_wrap']] took [0.056 s]
2018-01-27 at 00:01:16 CET logDebug - [pool-1-thread-8] Waiting for [findElementDynamic(): By.cssSelector: li.fields.pageFields_1:nth-child(3) div.radio_wrap] took [0.05 s]
2018-01-27 at 00:01:16 CET logDebug - [pool-1-thread-8] Waiting for [findElementDynamic(): By.cssSelector: li.fields.pageFields_1:nth-child(3) div.radio_wrap] took [0.04 s]
2018-01-27 at 00:01:16 CET logDebug - [pool-1-thread-8] Waiting for [findElementDynamic(): By.cssSelector: li.fields.pageFields_1:nth-child(3) div.radio_wrap] took [0.042 s]
2018-01-27 at 00:01:16 CET logDebug - [pool-1-thread-8] Waiting for [findElementDynamic(): By.cssSelector: li.fields.pageFields_1:nth-child(3) div.radio_wrap] took [0.05 s]
2018-01-27 at 00:01:17 CET logDebug - [pool-1-thread-8] Waiting for [findElementDynamic(): By.cssSelector: select[id='dropdown_7']] took [0.06 s]
2018-01-27 at 00:01:17 CET logDebug - [pool-1-thread-8] Waiting for [findElementDynamic(): By.cssSelector: select[id='dropdown_7']] took [0.027 s]
2018-01-27 at 00:01:18 CET logDebug - [pool-1-thread-8] Waiting for [findElementDynamic(): By.cssSelector: select[id='dropdown_7']] took [0.031 s]
2018-01-27 at 00:01:43 CET logDebug - [pool-1-thread-8] Waiting for [findElementDynamic(): By.cssSelector: select[id='dropdown_7']] took [0.134 s]
2018-01-27 at 00:01:44 CET logDebug - [pool-1-thread-8] Waiting for [findElementDynamic(): By.cssSelector: select[id='mm_date_8']] took [0.187 s]
2018-01-27 at 00:01:45 CET logDebug - [pool-1-thread-8] Waiting for [findElementDynamic(): By.cssSelector: select[id='mm_date_8']] took [0.406 s]
2018-01-27 at 00:01:46 CET logDebug - [pool-1-thread-8] Waiting for [findElementDynamic(): By.cssSelector: select[id='mm_date_8']] took [0.16 s]
2018-01-27 at 00:01:53 CET logDebug - [pool-1-thread-8] Waiting for [findElementDynamic(): By.cssSelector: select[id='mm_date_8']] took [0.165 s]
2018-01-27 at 00:01:53 CET logDebug - [pool-1-thread-8] Waiting for [findElementDynamic(): By.cssSelector: select[id='dd_date_8']] took [0.106 s]
2018-01-27 at 00:01:53 CET logDebug - [pool-1-thread-8] Waiting for [findElementDynamic(): By.cssSelector: select[id='dd_date_8']] took [0.156 s]
2018-01-27 at 00:01:55 CET logDebug - [pool-1-thread-8] Waiting for [findElementDynamic(): By.cssSelector: select[id='dd_date_8']] took [0.225 s]
2018-01-27 at 00:02:01 CET logDebug - [pool-1-thread-8] Waiting for [findElementDynamic(): By.cssSelector: select[id='dd_date_8']] took [0.14 s]
2018-01-27 at 00:02:02 CET logDebug - [pool-1-thread-8] Waiting for [findElementDynamic(): By.cssSelector: select[id='yy_date_8']] took [0.258 s]
2018-01-27 at 00:02:02 CET logDebug - [pool-1-thread-8] Waiting for [findElementDynamic(): By.cssSelector: select[id='yy_date_8']] took [0.107 s]
2018-01-27 at 00:02:03 CET logDebug - [pool-1-thread-8] Waiting for [findElementDynamic(): By.cssSelector: select[id='yy_date_8']] took [0.183 s]
2018-01-27 at 00:02:16 CET logDebug - [pool-1-thread-8] Waiting for [findElementDynamic(): By.cssSelector: select[id='yy_date_8']] took [0.056 s]
2018-01-27 at 00:02:17 CET logDebug - [pool-1-thread-8] Waiting for [findElementDynamic(): By.cssSelector: input[id='phone_9']] took [0.088 s]
2018-01-27 at 00:02:17 CET logDebug - [pool-1-thread-8] Waiting for [findElementDynamic(): By.cssSelector: input[id='phone_9']] took [0.224 s]
2018-01-27 at 00:02:17 CET logDebug - [pool-1-thread-8] Waiting for [findElementDynamic(): By.cssSelector: input[id='phone_9']] took [0.211 s]
2018-01-27 at 00:02:20 CET logDebug - [pool-1-thread-8] Waiting for [findElementDynamic(): By.cssSelector: input[id='username']] took [0.255 s]
2018-01-27 at 00:02:21 CET logDebug - [pool-1-thread-8] Waiting for [findElementDynamic(): By.cssSelector: input[id='username']] took [0.26 s]
2018-01-27 at 00:02:21 CET logDebug - [pool-1-thread-8] Waiting for [findElementDynamic(): By.cssSelector: input[id='username']] took [0.25 s]
2018-01-27 at 00:02:26 CET logDebug - [pool-1-thread-8] Waiting for [findElementDynamic(): By.cssSelector: input[id='email_1']] took [0.19 s]
2018-01-27 at 00:02:26 CET logDebug - [pool-1-thread-8] Waiting for [findElementDynamic(): By.cssSelector: input[id='email_1']] took [0.289 s]
2018-01-27 at 00:02:27 CET logDebug - [pool-1-thread-8] Waiting for [findElementDynamic(): By.cssSelector: input[id='email_1']] took [0.236 s]
2018-01-27 at 00:02:33 CET logDebug - [pool-1-thread-8] Waiting for [findElementDynamic(): By.cssSelector: textarea[ id='description' ]] took [0.248 s]
2018-01-27 at 00:02:33 CET logDebug - [pool-1-thread-8] Waiting for [findElementDynamic(): By.cssSelector: textarea[ id='description' ]] took [0.123 s]
2018-01-27 at 00:02:34 CET logDebug - [pool-1-thread-8] Waiting for [findElementDynamic(): By.cssSelector: textarea[ id='description' ]] took [0.081 s]
2018-01-27 at 00:02:35 CET logDebug - [pool-1-thread-8] Waiting for [findElementDynamic(): By.cssSelector: input[id='password_2']] took [0.206 s]
2018-01-27 at 00:02:35 CET logDebug - [pool-1-thread-8] Waiting for [findElementDynamic(): By.cssSelector: input[id='password_2']] took [0.149 s]
2018-01-27 at 00:02:36 CET logDebug - [pool-1-thread-8] Waiting for [findElementDynamic(): By.cssSelector: input[id='password_2']] took [0.083 s]
Tests run: 4, Failures: 2, Errors: 0, Skipped: 0, Time elapsed: 240.24 sec <<< FAILURE! - in com.capgemini.ntc.selenium.projectX.registration.RegistryPageTest
EXAMPLE_FAIL_TEST(com.capgemini.ntc.selenium.projectX.registration.RegistryPageTest)  Time elapsed: 1.22 sec  <<< FAILURE!
java.lang.AssertionError: 
Submit display button was not visible
Expected: is <true>
     but: was <false>
	at com.capgemini.ntc.selenium.projectX.registration.RegistryPageTest.EXAMPLE_FAIL_TEST(RegistryPageTest.java:53)

EXAMPLE_FAIL_TEST(com.capgemini.ntc.selenium.projectX.registration.RegistryPageTest)  Time elapsed: 4.717 sec  <<< FAILURE!
java.lang.AssertionError: 
Submit display button was not visible
Expected: is <true>
     but: was <false>
	at com.capgemini.ntc.selenium.projectX.registration.RegistryPageTest.EXAMPLE_FAIL_TEST(RegistryPageTest.java:53)

2018-01-27 at 00:02:38 CET logDebug - [pool-1-thread-1] Waiting for [findElementDynamic(): By.cssSelector: input[id='password_2']] took [0.218 s]
2018-01-27 at 00:02:38 CET logDebug - [pool-1-thread-1] Waiting for [findElementDynamic(): By.cssSelector: input[id='password_2']] took [0.064 s]
2018-01-27 at 00:02:39 CET logDebug - [pool-1-thread-1] Waiting for [findElementDynamic(): By.cssSelector: input[id='password_2']] took [0.123 s]
sty 27, 2018 12:02:42 AM org.openqa.selenium.remote.ProtocolHandshake createSession
INFO: Detected dialect: OSS
2018-01-27 at 00:02:43 CET logDebug - [pool-1-thread-1] Waiting for [findElementDynamic(): By.cssSelector: input[id='confirm_password_password_2']] took [0.121 s]
2018-01-27 at 00:02:44 CET logDebug - [pool-1-thread-1] Waiting for [findElementDynamic(): By.cssSelector: input[id='confirm_password_password_2']] took [0.119 s]
2018-01-27 at 00:02:44 CET logDebug - [pool-1-thread-1] Waiting for [findElementDynamic(): By.cssSelector: input[id='confirm_password_password_2']] took [0.203 s]
2018-01-27 at 00:02:47 CET logDebug - [pool-1-thread-1] Waiting for [findElementDynamic(): By.cssSelector: input[name='pie_submit']] took [0.164 s]
2018-01-27 at 00:02:47 CET logDebug - [pool-1-thread-1] Waiting for [findElementDynamic(): By.cssSelector: input[name='pie_submit']] took [0.171 s]
2018-01-27 at 00:02:48 CET logDebug - [pool-1-thread-1] Waiting for [waitForPageLoaded] took [0.292 s]
2018-01-27 at 00:02:48 CET logDebug - [pool-1-thread-1] Waiting for [findElementDynamic(): By.cssSelector: input[name='pie_submit']] took [0.118 s]
2018-01-27 at 00:02:53 CET logDebug - [pool-1-thread-1] Waiting for [waitForElementVisible(): By.cssSelector: p[class='piereg_login_error']] took [0.765 s]
2018-01-27 at 00:02:53 CET logDebug - [pool-1-thread-1] Waiting for [waitForElementVisible(): By.cssSelector: p[class='piereg_login_error']] took [0.137 s]
2018-01-27 at 00:02:53 CET logDebug - [pool-1-thread-1] Error: Username already exists
2018-01-27 at 00:02:53 CET logDebug - [pool-1-thread-1] Waiting for [findElementDynamic(): By.cssSelector: p[class='piereg_login_error']] took [0.081 s]
2018-01-27 at 00:02:53 CET logDebug - [pool-1-thread-1] Waiting for [findElementDynamic(): By.cssSelector: p[class='piereg_login_error']] took [0.051 s]
2018-01-27 at 00:02:53 CET logInfo - [pool-1-thread-1] registrationTest(com.capgemini.ntc.selenium.projectX.registration.RegisterOKTestDDExternalDataTest) PASSED.
2018-01-27 at 00:02:53 CET logDebug - [pool-1-thread-1] BasePage.onTestSuccess    RegistrationPage
2018-01-27 at 00:02:53 CET logInfo - [pool-1-thread-1] registrationTest(com.capgemini.ntc.selenium.projectX.registration.RegisterOKTestDDExternalDataTest) duration: 1,65 min
2018-01-27 at 00:02:55 CET logDebug - [pool-1-thread-1] BasePage.onTestFinish   RegistrationPage
2018-01-27 at 00:02:55 CET logDebug - [pool-1-thread-1] To remove observer: com.capgemini.ntc.selenium.pages.projectX.registration.RegistrationPage@10e24c08
2018-01-27 at 00:02:55 CET logInfo - [pool-1-thread-1] registrationTest(com.capgemini.ntc.selenium.projectX.registration.RegisterOKTestDDExternalDataTest) STARTED.
2018-01-27 at 00:02:55 CET logDebug - [pool-1-thread-1] To add observer: com.capgemini.ntc.selenium.pages.projectX.registration.RegistrationPage@6e6745d7
2018-01-27 at 00:02:55 CET logDebug - [pool-1-thread-1] BaseTestWatcher.observers: [com.capgemini.ntc.selenium.pages.projectX.registration.RegistrationPage@10e24c08]
2018-01-27 at 00:02:55 CET logDebug - [pool-1-thread-1] TestClassRule.classObservers: []
2018-01-27 at 00:02:56 CET logDebug - [pool-1-thread-1] Waiting for [waitForPageLoaded] took [0.718 s]
2018-01-27 at 00:02:57 CET logDebug - [pool-1-thread-1] Waiting for [waitForPageLoaded] took [0.092 s]
2018-01-27 at 00:02:57 CET logDebug - [pool-1-thread-1] Waiting for [findElementDynamic(): By.cssSelector: input[id='name_3_firstname']] took [0.123 s]
2018-01-27 at 00:02:57 CET logDebug - [pool-1-thread-1] Waiting for [findElementDynamic(): By.cssSelector: input[id='name_3_firstname']] took [0.148 s]
2018-01-27 at 00:02:57 CET logDebug - [pool-1-thread-1] Waiting for [findElementDynamic(): By.cssSelector: input[id='name_3_firstname']] took [0.086 s]
2018-01-27 at 00:02:58 CET logDebug - [pool-1-thread-1] Waiting for [findElementDynamic(): By.cssSelector: input[id='name_3_lastname']] took [0.037 s]
2018-01-27 at 00:02:58 CET logDebug - [pool-1-thread-1] Waiting for [findElementDynamic(): By.cssSelector: input[id='name_3_lastname']] took [0.031 s]
2018-01-27 at 00:02:58 CET logDebug - [pool-1-thread-1] Waiting for [findElementDynamic(): By.cssSelector: input[id='name_3_lastname']] took [0.264 s]
2018-01-27 at 00:02:59 CET logDebug - [pool-1-thread-1] Waiting for [findElementDynamic(): By.cssSelector: div[class='radio_wrap']] took [0.057 s]
2018-01-27 at 00:02:59 CET logDebug - [pool-1-thread-1] Waiting for [findElementDynamic(): By.cssSelector: div[class='radio_wrap']] took [0.036 s]
2018-01-27 at 00:02:59 CET logDebug - [pool-1-thread-1] Waiting for [findElementDynamic(): By.cssSelector: div[class='radio_wrap']] took [0.055 s]
2018-01-27 at 00:03:00 CET logDebug - [pool-1-thread-1] Waiting for [findElementDynamic(): By.cssSelector: li.fields.pageFields_1:nth-child(3) div.radio_wrap] took [0.114 s]
2018-01-27 at 00:03:00 CET logDebug - [pool-1-thread-1] Waiting for [findElementDynamic(): By.cssSelector: li.fields.pageFields_1:nth-child(3) div.radio_wrap] took [0.059 s]
2018-01-27 at 00:03:01 CET logDebug - [pool-1-thread-1] Waiting for [findElementDynamic(): By.cssSelector: select[id='dropdown_7']] took [0.108 s]
2018-01-27 at 00:03:02 CET logDebug - [pool-1-thread-1] Waiting for [findElementDynamic(): By.cssSelector: select[id='dropdown_7']] took [0.223 s]
2018-01-27 at 00:03:03 CET logDebug - [pool-1-thread-1] Waiting for [findElementDynamic(): By.cssSelector: select[id='dropdown_7']] took [0.166 s]
sty 27, 2018 12:03:27 AM org.openqa.selenium.remote.DesiredCapabilities chrome
INFO: Using `new ChromeOptions()` is preferred to `DesiredCapabilities.chrome()`
Starting ChromeDriver 2.33.506120 (e3e53437346286c0bc2d2dc9aa4915ba81d9023f) on port 33618
Only local connections are allowed.
2018-01-27 at 00:03:36 CET logDebug - [pool-1-thread-1] Waiting for [findElementDynamic(): By.cssSelector: select[id='dropdown_7']] took [0.055 s]
2018-01-27 at 00:03:36 CET logDebug - [pool-1-thread-1] Waiting for [findElementDynamic(): By.cssSelector: select[id='mm_date_8']] took [0.055 s]
2018-01-27 at 00:03:36 CET logDebug - [pool-1-thread-1] Waiting for [findElementDynamic(): By.cssSelector: select[id='mm_date_8']] took [0.032 s]
sty 27, 2018 12:03:37 AM org.openqa.selenium.remote.ProtocolHandshake createSession
INFO: Detected dialect: OSS
2018-01-27 at 00:03:37 CET logDebug - [pool-1-thread-1] Waiting for [findElementDynamic(): By.cssSelector: select[id='mm_date_8']] took [0.119 s]
2018-01-27 at 00:03:38 CET logDebug - [pool-1-thread-1] Waiting for [findElementDynamic(): By.cssSelector: select[id='mm_date_8']] took [0.021 s]
2018-01-27 at 00:03:38 CET logDebug - [pool-1-thread-1] Waiting for [findElementDynamic(): By.cssSelector: select[id='dd_date_8']] took [0.122 s]
2018-01-27 at 00:03:38 CET logDebug - [pool-1-thread-1] Waiting for [findElementDynamic(): By.cssSelector: select[id='dd_date_8']] took [0.055 s]
2018-01-27 at 00:03:39 CET logDebug - [pool-1-thread-1] Waiting for [findElementDynamic(): By.cssSelector: select[id='dd_date_8']] took [0.123 s]
2018-01-27 at 00:03:41 CET logDebug - [pool-1-thread-1] Waiting for [findElementDynamic(): By.cssSelector: select[id='dd_date_8']] took [0.021 s]
2018-01-27 at 00:03:41 CET logDebug - [pool-1-thread-1] Waiting for [findElementDynamic(): By.cssSelector: select[id='yy_date_8']] took [0.056 s]
2018-01-27 at 00:03:41 CET logDebug - [pool-1-thread-1] Waiting for [findElementDynamic(): By.cssSelector: select[id='yy_date_8']] took [0.031 s]
2018-01-27 at 00:03:42 CET logDebug - [pool-1-thread-1] Waiting for [findElementDynamic(): By.cssSelector: select[id='yy_date_8']] took [0.061 s]
2018-01-27 at 00:03:48 CET logDebug - [pool-1-thread-1] Waiting for [findElementDynamic(): By.cssSelector: select[id='yy_date_8']] took [0.015 s]
2018-01-27 at 00:03:48 CET logDebug - [pool-1-thread-1] Waiting for [findElementDynamic(): By.cssSelector: input[id='phone_9']] took [0.028 s]
2018-01-27 at 00:03:48 CET logDebug - [pool-1-thread-1] Waiting for [findElementDynamic(): By.cssSelector: input[id='phone_9']] took [0.019 s]
2018-01-27 at 00:03:48 CET logDebug - [pool-1-thread-1] Waiting for [findElementDynamic(): By.cssSelector: input[id='phone_9']] took [0.018 s]
2018-01-27 at 00:03:48 CET logDebug - [pool-1-thread-1] Waiting for [findElementDynamic(): By.cssSelector: input[id='username']] took [0.082 s]
2018-01-27 at 00:03:48 CET logDebug - [pool-1-thread-1] Waiting for [findElementDynamic(): By.cssSelector: input[id='username']] took [0.019 s]
2018-01-27 at 00:03:48 CET logDebug - [pool-1-thread-1] Waiting for [findElementDynamic(): By.cssSelector: input[id='username']] took [0.051 s]
2018-01-27 at 00:03:49 CET logDebug - [pool-1-thread-1] Waiting for [findElementDynamic(): By.cssSelector: input[id='email_1']] took [0.044 s]
2018-01-27 at 00:03:49 CET logDebug - [pool-1-thread-1] Waiting for [findElementDynamic(): By.cssSelector: input[id='email_1']] took [0.02 s]
2018-01-27 at 00:03:49 CET logDebug - [pool-1-thread-1] Waiting for [findElementDynamic(): By.cssSelector: input[id='email_1']] took [0.031 s]
2018-01-27 at 00:03:49 CET logDebug - [pool-1-thread-1] Waiting for [findElementDynamic(): By.cssSelector: textarea[ id='description' ]] took [0.04 s]
2018-01-27 at 00:03:49 CET logDebug - [pool-1-thread-1] Waiting for [findElementDynamic(): By.cssSelector: textarea[ id='description' ]] took [0.033 s]
2018-01-27 at 00:03:50 CET logDebug - [pool-1-thread-1] Waiting for [findElementDynamic(): By.cssSelector: textarea[ id='description' ]] took [0.032 s]
2018-01-27 at 00:03:50 CET logDebug - [pool-1-thread-1] Waiting for [findElementDynamic(): By.cssSelector: input[id='password_2']] took [0.034 s]
2018-01-27 at 00:03:50 CET logDebug - [pool-1-thread-1] Waiting for [findElementDynamic(): By.cssSelector: input[id='password_2']] took [0.016 s]
2018-01-27 at 00:03:50 CET logDebug - [pool-1-thread-1] Waiting for [findElementDynamic(): By.cssSelector: input[id='password_2']] took [0.014 s]
2018-01-27 at 00:03:50 CET logDebug - [pool-1-thread-1] Waiting for [findElementDynamic(): By.cssSelector: input[id='confirm_password_password_2']] took [0.034 s]
2018-01-27 at 00:03:50 CET logDebug - [pool-1-thread-1] Waiting for [findElementDynamic(): By.cssSelector: input[id='confirm_password_password_2']] took [0.03 s]
2018-01-27 at 00:03:51 CET logDebug - [pool-1-thread-1] Waiting for [findElementDynamic(): By.cssSelector: input[id='confirm_password_password_2']] took [0.044 s]
2018-01-27 at 00:03:51 CET logDebug - [pool-1-thread-1] Waiting for [findElementDynamic(): By.cssSelector: input[name='pie_submit']] took [0.049 s]
2018-01-27 at 00:03:51 CET logDebug - [pool-1-thread-1] Waiting for [findElementDynamic(): By.cssSelector: input[name='pie_submit']] took [0.014 s]
2018-01-27 at 00:03:51 CET logDebug - [pool-1-thread-1] Waiting for [waitForPageLoaded] took [0.015 s]
2018-01-27 at 00:03:51 CET logDebug - [pool-1-thread-1] Waiting for [findElementDynamic(): By.cssSelector: input[name='pie_submit']] took [0.015 s]
2018-01-27 at 00:03:53 CET logDebug - [pool-1-thread-1] Waiting for [waitForElementVisible(): By.cssSelector: p[class='piereg_login_error']] took [0.329 s]
2018-01-27 at 00:03:53 CET logDebug - [pool-1-thread-1] Waiting for [waitForElementVisible(): By.cssSelector: p[class='piereg_login_error']] took [0.069 s]
2018-01-27 at 00:03:53 CET logDebug - [pool-1-thread-1] Error: Username already exists
2018-01-27 at 00:03:54 CET logDebug - [pool-1-thread-1] Waiting for [findElementDynamic(): By.cssSelector: p[class='piereg_login_error']] took [0.015 s]
2018-01-27 at 00:03:54 CET logDebug - [pool-1-thread-1] Waiting for [findElementDynamic(): By.cssSelector: p[class='piereg_login_error']] took [0.036 s]
2018-01-27 at 00:03:54 CET logInfo - [pool-1-thread-1] registrationTest(com.capgemini.ntc.selenium.projectX.registration.RegisterOKTestDDExternalDataTest) PASSED.
2018-01-27 at 00:03:54 CET logDebug - [pool-1-thread-1] BasePage.onTestSuccess    RegistrationPage
2018-01-27 at 00:03:54 CET logInfo - [pool-1-thread-1] registrationTest(com.capgemini.ntc.selenium.projectX.registration.RegisterOKTestDDExternalDataTest) duration: 0,97 min
2018-01-27 at 00:03:55 CET logDebug - [pool-1-thread-1] BasePage.onTestFinish   RegistrationPage
2018-01-27 at 00:03:55 CET logDebug - [pool-1-thread-1] To remove observer: com.capgemini.ntc.selenium.pages.projectX.registration.RegistrationPage@10e24c08
2018-01-27 at 00:03:55 CET logDebug - [pool-1-thread-1] BaseTest.tearDownClass()
2018-01-27 at 00:03:55 CET logDebug - [pool-1-thread-1] BaseTestWatcher.observers: [com.capgemini.ntc.selenium.pages.projectX.registration.RegistrationPage@10e24c08]
2018-01-27 at 00:03:55 CET logDebug - [pool-1-thread-1] TestClassRule.classObservers: []
2018-01-27 at 00:03:55 CET logDebug - [pool-1-thread-1] BasePage.onTestClassFinish   RegistrationPage
2018-01-27 at 00:03:55 CET logDebug - [pool-1-thread-1] driver:NewChromeDriver: chrome on XP (57892637c23b131f36a243fc38c3b007)
2018-01-27 at 00:03:55 CET logDebug - [pool-1-thread-1] Closing WebDriver for this thread. chrome
2018-01-27 at 00:03:56 CET logDebug - [pool-1-thread-1] All observers cleared.
Running com.capgemini.ntc.selenium.features.webElements.DropdownListTest
Tests run: 5, Failures: 0, Errors: 0, Skipped: 0, Time elapsed: 214.445 sec - in com.capgemini.ntc.selenium.features.webElements.DropdownListTest

Results :

Failed tests: 
com.capgemini.ntc.selenium.projectX.registration.RegistryPageTest.EXAMPLE_FAIL_TEST(com.capgemini.ntc.selenium.projectX.registration.RegistryPageTest)
  Run 1: RegistryPageTest.EXAMPLE_FAIL_TEST:53 Submit display button was not visible
Expected: is <true>
     but: was <false>
  Run 2: RegistryPageTest.EXAMPLE_FAIL_TEST:53 Submit display button was not visible
Expected: is <true>
     but: was <false>


Tests run: 61, Failures: 1, Errors: 0, Skipped: 0

[ERROR] There are test failures.

Please refer to D:\eclipse\Allure_Test_Framework\workspace\devonfw-testing\allure-app-under-test\target\surefire-reports for the individual test results.
[INFO] 
[INFO] --- maven-site-plugin:3.3:site (default-site) @ allure-app-under-test ---
[INFO] configuring report plugin ru.yandex.qatools.allure:allure-maven-plugin:2.6
[INFO] Relativizing decoration links with respect to project URL: https://github.com/devonfw/devonfw-testing
[INFO] Rendering site with org.apache.maven.skins:maven-default-skin:jar:1.0 skin.
[INFO] Skipped "Allure" report, file "allure-maven-plugin.html" already exists for the English version.
[INFO] Skipped "Allure" report, file "allure-maven-plugin.html" already exists for the English version.
[INFO] Generating "Allure" report    --- allure-maven-plugin:2.6
[INFO] Generate Allure report (aggregate) with version 1.5.4
[INFO] Generate Allure report to D:\eclipse\Allure_Test_Framework\workspace\devonfw-testing\allure-app-under-test/target//site/allure-report
[INFO] Found results directory D:\eclipse\Allure_Test_Framework\workspace\devonfw-testing\allure-app-under-test\target\allure-results
[INFO] ------------------------------------------------------------------------
[INFO] BUILD SUCCESS
[INFO] ------------------------------------------------------------------------
[INFO] Total time: 06:53 min
[INFO] Finished at: 2018-01-27T00:04:18+01:00
[INFO] Final Memory: 51M/494M
[INFO] ------------------------------------------------------------------------
