[INFO] Scanning for projects...
[INFO]                                                                         
[INFO] ------------------------------------------------------------------------
[INFO] Building AllureTestFramework - List of Integration Test for Application Under Test 2.0.0-SNAPSHOT
[INFO] ------------------------------------------------------------------------
Downloading: http://central.maven.org/maven2/com/capgemini/ntc/allure-core-module/4.12.0.4-SNAPSHOT/maven-metadata.xml
Downloading: http://central.maven.org/maven2/com/capgemini/ntc/allure-selenium-module/3.8.1.3-SNAPSHOT/maven-metadata.xml
[INFO] 
[INFO] --- maven-clean-plugin:3.0.0:clean (default-clean) @ allure-app-under-test ---
[INFO] Deleting D:\eclipse\Allure_Test_Framework\workspace\devonfw-testing\allure-app-under-test\target
[INFO] Deleting D:\eclipse\Allure_Test_Framework\workspace\devonfw-testing\allure-app-under-test\logs (includes = [], excludes = [])
[INFO] 
[INFO] --- maven-resources-plugin:2.6:resources (default-resources) @ allure-app-under-test ---
[INFO] Using 'UTF8' encoding to copy filtered resources.
[INFO] skip non existing resourceDirectory D:\eclipse\Allure_Test_Framework\workspace\devonfw-testing\allure-app-under-test\src\main\resources
[INFO] 
[INFO] --- maven-compiler-plugin:3.6.1:compile (default-compile) @ allure-app-under-test ---
[INFO] Changes detected - recompiling the module!
[INFO] Compiling 25 source files to D:\eclipse\Allure_Test_Framework\workspace\devonfw-testing\allure-app-under-test\target\classes
[INFO] /D:/eclipse/Allure_Test_Framework/workspace/devonfw-testing/allure-app-under-test/src/main/java/com/capgemini/ntc/selenium/pages/features/samples/readFromTable/EditableGridPage.java: Some input files use or override a deprecated API.
[INFO] /D:/eclipse/Allure_Test_Framework/workspace/devonfw-testing/allure-app-under-test/src/main/java/com/capgemini/ntc/selenium/pages/features/samples/readFromTable/EditableGridPage.java: Recompile with -Xlint:deprecation for details.
[INFO] 
[INFO] --- maven-resources-plugin:2.6:testResources (default-testResources) @ allure-app-under-test ---
[INFO] Using 'UTF8' encoding to copy filtered resources.
[INFO] Copying 5 resources
[INFO] 
[INFO] --- maven-compiler-plugin:3.6.1:testCompile (default-testCompile) @ allure-app-under-test ---
[INFO] Changes detected - recompiling the module!
[INFO] Compiling 63 source files to D:\eclipse\Allure_Test_Framework\workspace\devonfw-testing\allure-app-under-test\target\test-classes
[INFO] 
[INFO] --- maven-resources-plugin:2.6:resources (default-resources) @ allure-app-under-test ---
[INFO] Using 'UTF8' encoding to copy filtered resources.
[INFO] skip non existing resourceDirectory D:\eclipse\Allure_Test_Framework\workspace\devonfw-testing\allure-app-under-test\src\main\resources
[INFO] 
[INFO] --- maven-compiler-plugin:3.6.1:compile (default-compile) @ allure-app-under-test ---
[INFO] Nothing to compile - all classes are up to date
[INFO] 
[INFO] --- maven-resources-plugin:2.6:testResources (default-testResources) @ allure-app-under-test ---
[INFO] Using 'UTF8' encoding to copy filtered resources.
[INFO] Copying 5 resources
[INFO] 
[INFO] --- maven-compiler-plugin:3.6.1:testCompile (default-testCompile) @ allure-app-under-test ---
[INFO] Nothing to compile - all classes are up to date
[INFO] 
[INFO] --- maven-surefire-plugin:2.19.1:test (default-test) @ allure-app-under-test ---

-------------------------------------------------------
 T E S T S
-------------------------------------------------------
2018-01-27 at 00:49:13 CET logDebug - [main] Properties settings file path=D:\eclipse\Allure_Test_Framework\workspace\devonfw-testing\allure-app-under-test\src\resources\settings.properties
[AppClassLoader@14dad5dc] warning javax.* types are not being woven because the weaver option '-Xset:weaveJavaxPackages=true' has not been specified
2018-01-27 at 00:49:17 CET logDebug - [main] env=DEV
2018-01-27 at 00:49:17 CET logInfo - [main] Selected Environment: DEV
2018-01-27 at 00:49:17 CET logDebug - [main] Reading environment from: D:\eclipse\Allure_Test_Framework\workspace\devonfw-testing\allure-app-under-test\src\resources\enviroments\environments.csv
2018-01-27 at 00:49:17 CET logInfo - [main] Selected Environment: DEV
2018-01-27 at 00:49:17 CET logAnalytics - [main] Is analytics enabled:true
log4j:WARN No appenders could be found for logger (org.apache.http.client.protocol.RequestAddCookies).
log4j:WARN Please initialize the log4j system properly.
log4j:WARN See http://logging.apache.org/log4j/1.2/faq.html#noconfig for more info.
2018-01-27 at 00:49:20 CET logDebug - [pool-1-thread-1] OPEN BROWSER AND ENTER HTTP://WWW.EDITABLEGRID.NET/EN/
2018-01-27 at 00:49:20 CET logDebug - [pool-1-thread-1] [browser=chrome, browserVersion=8.0, seleniumGrid=false, os=windows]
2018-01-27 at 00:49:20 CET logDebug - [pool-1-thread-1] Creating new browser=chrome WebDriver.
sty 27, 2018 12:49:20 AM org.openqa.selenium.remote.DesiredCapabilities chrome
INFO: Using `new ChromeOptions()` is preferred to `DesiredCapabilities.chrome()`
Starting ChromeDriver 2.33.506120 (e3e53437346286c0bc2d2dc9aa4915ba81d9023f) on port 30512
Only local connections are allowed.
sty 27, 2018 12:49:25 AM org.openqa.selenium.remote.ProtocolHandshake createSession
INFO: Detected dialect: OSS
2018-01-27 at 00:49:25 CET logInfo - [pool-1-thread-1] Trying to set requested resolution: 1600x1200.
2018-01-27 at 00:49:27 CET logInfo - [pool-1-thread-1] Resolution readed from device: 1600x1100
2018-01-27 at 00:49:27 CET logInfo - [pool-1-thread-1] Trying to set increased resolution for 'View port': 1616x1200.
2018-01-27 at 00:49:27 CET logInfo - [pool-1-thread-1] Resolution readed from device: 1616x1100
2018-01-27 at 00:49:27 CET logDebug - [pool-1-thread-1] driver:NewChromeDriver: chrome on XP (f3f506f8baf8e8a731eb16d394913aff)
2018-01-27 at 00:49:27 CET logDebug - [pool-1-thread-1] To add observer: com.capgemini.ntc.selenium.pages.features.samples.readFromTable.EditableGridPage@240b9c43
2018-01-27 at 00:49:27 CET logDebug - [pool-1-thread-1] BaseTestWatcher.observers: []
2018-01-27 at 00:49:27 CET logDebug - [pool-1-thread-1] TestClassRule.classObservers: []
2018-01-27 at 00:49:27 CET logDebug - [pool-1-thread-1] Added observer: com.capgemini.ntc.selenium.pages.features.samples.readFromTable.EditableGridPage@240b9c43
2018-01-27 at 00:49:33 CET logDebug - [pool-1-thread-1] Waiting for [waitForPageLoaded] took [0.009 s]
2018-01-27 at 00:49:33 CET logDebug - [pool-1-thread-1] VERIFY PAGE IS DISPLAYED
2018-01-27 at 00:49:33 CET logInfo - [pool-1-thread-1] Test1_exercise1_printAllCells(com.capgemini.ntc.selenium.features.samples.readFromTable.JsoupTest) STARTED.
2018-01-27 at 00:49:33 CET logInfo - [pool-1-thread-1] [TEST1] - Print all cells
2018-01-27 at 00:49:33 CET logInfo - [pool-1-thread-1] Hoffman
2018-01-27 at 00:49:34 CET logInfo - [pool-1-thread-1] Tatyana
2018-01-27 at 00:49:34 CET logInfo - [pool-1-thread-1] 88
2018-01-27 at 00:49:34 CET logInfo - [pool-1-thread-1] 1,32 m
2018-01-27 at 00:49:34 CET logInfo - [pool-1-thread-1] 
2018-01-27 at 00:49:34 CET logInfo - [pool-1-thread-1] Nam@quisdiamluctus.json.org
2018-01-27 at 00:49:34 CET logInfo - [pool-1-thread-1] 
2018-01-27 at 00:49:34 CET logInfo - [pool-1-thread-1] 17 Apr 2012
2018-01-27 at 00:49:34 CET logInfo - [pool-1-thread-1] 
2018-01-27 at 00:49:34 CET logInfo - [pool-1-thread-1] Atkins
2018-01-27 at 00:49:34 CET logInfo - [pool-1-thread-1] Ishmael
2018-01-27 at 00:49:34 CET logInfo - [pool-1-thread-1] 44
2018-01-27 at 00:49:34 CET logInfo - [pool-1-thread-1] 1,42 m
2018-01-27 at 00:49:34 CET logInfo - [pool-1-thread-1] 
2018-01-27 at 00:49:34 CET logInfo - [pool-1-thread-1] arcu.et.pede@musProin.ca
2018-01-27 at 00:49:34 CET logInfo - [pool-1-thread-1] 
2018-01-27 at 00:49:34 CET logInfo - [pool-1-thread-1] 12 Jan 2011
2018-01-27 at 00:49:34 CET logInfo - [pool-1-thread-1] 
2018-01-27 at 00:49:34 CET logInfo - [pool-1-thread-1] Hamilton
2018-01-27 at 00:49:34 CET logInfo - [pool-1-thread-1] Mohammad
2018-01-27 at 00:49:34 CET logInfo - [pool-1-thread-1] 73
2018-01-27 at 00:49:34 CET logInfo - [pool-1-thread-1] 1,22 m
2018-01-27 at 00:49:34 CET logInfo - [pool-1-thread-1] 
2018-01-27 at 00:49:34 CET logInfo - [pool-1-thread-1] dui@duiCras.edu
2018-01-27 at 00:49:34 CET logInfo - [pool-1-thread-1] 
2018-01-27 at 00:49:34 CET logInfo - [pool-1-thread-1] 25 Sep 2012
2018-01-27 at 00:49:34 CET logInfo - [pool-1-thread-1] 
2018-01-27 at 00:49:34 CET logInfo - [pool-1-thread-1] Murray
2018-01-27 at 00:49:34 CET logInfo - [pool-1-thread-1] Troy
2018-01-27 at 00:49:34 CET logInfo - [pool-1-thread-1] 18
2018-01-27 at 00:49:34 CET logInfo - [pool-1-thread-1] 1,92 m
2018-01-27 at 00:49:34 CET logInfo - [pool-1-thread-1] 
2018-01-27 at 00:49:34 CET logInfo - [pool-1-thread-1] mollis@eutellus.co.uk
2018-01-27 at 00:49:34 CET logInfo - [pool-1-thread-1] 
2018-01-27 at 00:49:34 CET logInfo - [pool-1-thread-1] 22 Jul 2012
2018-01-27 at 00:49:34 CET logInfo - [pool-1-thread-1] 
2018-01-27 at 00:49:34 CET logInfo - [pool-1-thread-1] Schwartz
2018-01-27 at 00:49:34 CET logInfo - [pool-1-thread-1] Carla
2018-01-27 at 00:49:34 CET logInfo - [pool-1-thread-1] 79
2018-01-27 at 00:49:34 CET logInfo - [pool-1-thread-1] 1,50 m
2018-01-27 at 00:49:34 CET logInfo - [pool-1-thread-1] 
2018-01-27 at 00:49:34 CET logInfo - [pool-1-thread-1] ante@adipiscing.org
2018-01-27 at 00:49:34 CET logInfo - [pool-1-thread-1] 
2018-01-27 at 00:49:34 CET logInfo - [pool-1-thread-1] 31 Mar 2012
2018-01-27 at 00:49:34 CET logInfo - [pool-1-thread-1] 
2018-01-27 at 00:49:34 CET logInfo - [pool-1-thread-1] Bond
2018-01-27 at 00:49:34 CET logInfo - [pool-1-thread-1] Lenore
2018-01-27 at 00:49:34 CET logInfo - [pool-1-thread-1] 33
2018-01-27 at 00:49:34 CET logInfo - [pool-1-thread-1] 1,55 m
2018-01-27 at 00:49:34 CET logInfo - [pool-1-thread-1] 
2018-01-27 at 00:49:34 CET logInfo - [pool-1-thread-1] semper.tellus.id@sem.co.uk
2018-01-27 at 00:49:34 CET logInfo - [pool-1-thread-1] 
2018-01-27 at 00:49:34 CET logInfo - [pool-1-thread-1] 4 Feb 2011
2018-01-27 at 00:49:34 CET logInfo - [pool-1-thread-1] 
2018-01-27 at 00:49:34 CET logInfo - [pool-1-thread-1] Noble
2018-01-27 at 00:49:34 CET logInfo - [pool-1-thread-1] Georgia
2018-01-27 at 00:49:34 CET logInfo - [pool-1-thread-1] 88
2018-01-27 at 00:49:34 CET logInfo - [pool-1-thread-1] 1,90 m
2018-01-27 at 00:49:34 CET logInfo - [pool-1-thread-1] 
2018-01-27 at 00:49:34 CET logInfo - [pool-1-thread-1] mi.lacinia@nisiaodio.co.uk
2018-01-27 at 00:49:34 CET logInfo - [pool-1-thread-1] 
2018-01-27 at 00:49:34 CET logInfo - [pool-1-thread-1] 17 Jan 2011
2018-01-27 at 00:49:34 CET logInfo - [pool-1-thread-1] 
2018-01-27 at 00:49:34 CET logInfo - [pool-1-thread-1] Frederick
2018-01-27 at 00:49:34 CET logInfo - [pool-1-thread-1] Bradley
2018-01-27 at 00:49:34 CET logInfo - [pool-1-thread-1] 80
2018-01-27 at 00:49:34 CET logInfo - [pool-1-thread-1] 1,87 m
2018-01-27 at 00:49:34 CET logInfo - [pool-1-thread-1] 
2018-01-27 at 00:49:34 CET logInfo - [pool-1-thread-1] dapibus.id.blandit@aptenttacitisociosqu.com
2018-01-27 at 00:49:34 CET logInfo - [pool-1-thread-1] 
2018-01-27 at 00:49:34 CET logInfo - [pool-1-thread-1] 27 Jul 2011
2018-01-27 at 00:49:34 CET logInfo - [pool-1-thread-1] 
2018-01-27 at 00:49:34 CET logInfo - [pool-1-thread-1] Chambers
2018-01-27 at 00:49:34 CET logInfo - [pool-1-thread-1] Aphrodite
2018-01-27 at 00:49:34 CET logInfo - [pool-1-thread-1] 63
2018-01-27 at 00:49:34 CET logInfo - [pool-1-thread-1] 1,30 m
2018-01-27 at 00:49:34 CET logInfo - [pool-1-thread-1] 
2018-01-27 at 00:49:34 CET logInfo - [pool-1-thread-1] mattis@venenatisvel.co.uk
2018-01-27 at 00:49:34 CET logInfo - [pool-1-thread-1] 
2018-01-27 at 00:49:34 CET logInfo - [pool-1-thread-1] 10 Sep 2011
2018-01-27 at 00:49:34 CET logInfo - [pool-1-thread-1] 
2018-01-27 at 00:49:34 CET logInfo - [pool-1-thread-1] Schultz
2018-01-27 at 00:49:34 CET logInfo - [pool-1-thread-1] Allegra
2018-01-27 at 00:49:34 CET logInfo - [pool-1-thread-1] 90
2018-01-27 at 00:49:34 CET logInfo - [pool-1-thread-1] 1,70 m
2018-01-27 at 00:49:34 CET logInfo - [pool-1-thread-1] 
2018-01-27 at 00:49:34 CET logInfo - [pool-1-thread-1] Fusce.feugiat.Lorem@Duis.net
2018-01-27 at 00:49:34 CET logInfo - [pool-1-thread-1] 
2018-01-27 at 00:49:34 CET logInfo - [pool-1-thread-1] 3 Apr 2012
2018-01-27 at 00:49:34 CET logInfo - [pool-1-thread-1] 
2018-01-27 at 00:49:34 CET logInfo - [pool-1-thread-1] Test1_exercise1_printAllCells(com.capgemini.ntc.selenium.features.samples.readFromTable.JsoupTest) PASSED.
2018-01-27 at 00:49:34 CET logDebug - [pool-1-thread-1] BasePage.onTestSuccess    EditableGridPage
2018-01-27 at 00:49:34 CET logInfo - [pool-1-thread-1] Test1_exercise1_printAllCells(com.capgemini.ntc.selenium.features.samples.readFromTable.JsoupTest) duration: 0,02 min
2018-01-27 at 00:49:35 CET logDebug - [pool-1-thread-1] BaseTest.tearDownClass()
2018-01-27 at 00:49:35 CET logDebug - [pool-1-thread-1] BaseTestWatcher.observers: []
2018-01-27 at 00:49:35 CET logDebug - [pool-1-thread-1] TestClassRule.classObservers: [com.capgemini.ntc.selenium.pages.features.samples.readFromTable.EditableGridPage@240b9c43]
2018-01-27 at 00:49:35 CET logDebug - [pool-1-thread-1] BasePage.onTestClassFinish   EditableGridPage
2018-01-27 at 00:49:35 CET logDebug - [pool-1-thread-1] driver:NewChromeDriver: chrome on XP (f3f506f8baf8e8a731eb16d394913aff)
2018-01-27 at 00:49:35 CET logDebug - [pool-1-thread-1] Closing WebDriver for this thread. chrome
2018-01-27 at 00:49:37 CET logDebug - [pool-1-thread-1] All observers cleared.
sty 27, 2018 12:50:07 AM org.openqa.selenium.os.OsProcess destroy
INFO: Unable to drain process streams. Ignoring but the exception being swallowed follows.
org.apache.commons.exec.ExecuteException: The stop timeout of 2000 ms was exceeded (Exit value: -559038737)
	at org.apache.commons.exec.PumpStreamHandler.stopThread(PumpStreamHandler.java:295)
	at org.apache.commons.exec.PumpStreamHandler.stop(PumpStreamHandler.java:180)
	at org.openqa.selenium.os.OsProcess.destroy(OsProcess.java:136)
	at org.openqa.selenium.os.CommandLine.destroy(CommandLine.java:153)
	at org.openqa.selenium.remote.service.DriverService.stop(DriverService.java:222)
	at org.openqa.selenium.remote.service.DriverCommandExecutor.execute(DriverCommandExecutor.java:95)
	at org.openqa.selenium.remote.RemoteWebDriver.execute(RemoteWebDriver.java:601)
	at org.openqa.selenium.remote.RemoteWebDriver.execute(RemoteWebDriver.java:658)
	at org.openqa.selenium.remote.RemoteWebDriver.quit(RemoteWebDriver.java:497)
	at com.capgemini.ntc.selenium.core.newDrivers.DriverManager.closeDriver(DriverManager.java:86)
	at com.capgemini.ntc.selenium.core.BasePage.onTestClassFinish(BasePage.java:126)
	at java.util.ArrayList.forEach(ArrayList.java:1249)
	at com.capgemini.ntc.test.core.BaseTest.tearDownClass(BaseTest.java:71)
	at sun.reflect.NativeMethodAccessorImpl.invoke0(Native Method)
	at sun.reflect.NativeMethodAccessorImpl.invoke(NativeMethodAccessorImpl.java:62)
	at sun.reflect.DelegatingMethodAccessorImpl.invoke(DelegatingMethodAccessorImpl.java:43)
	at java.lang.reflect.Method.invoke(Method.java:497)
	at org.junit.runners.model.FrameworkMethod$1.runReflectiveCall(FrameworkMethod.java:50)
	at org.junit.internal.runners.model.ReflectiveCallable.run(ReflectiveCallable.java:12)
	at org.junit.runners.model.FrameworkMethod.invokeExplosively(FrameworkMethod.java:47)
	at com.capgemini.ntc.test.core.testRunners.core.CustomRunAfters.evaluate(CustomRunAfters.java:43)
	at org.junit.rules.ExternalResource$1.evaluate(ExternalResource.java:48)
	at org.junit.rules.RunRules.evaluate(RunRules.java:20)
	at com.capgemini.ntc.test.core.testRunners.ParallelTestClassRunner.run(ParallelTestClassRunner.java:33)
	at org.junit.runners.Suite.runChild(Suite.java:128)
	at org.junit.runners.Suite.runChild(Suite.java:27)
	at org.junit.runners.ParentRunner$3.run(ParentRunner.java:290)
	at org.apache.maven.surefire.junitcore.pc.Scheduler$1.run(Scheduler.java:393)
	at java.util.concurrent.Executors$RunnableAdapter.call(Executors.java:511)
	at java.util.concurrent.FutureTask.run(FutureTask.java:266)
	at java.util.concurrent.ThreadPoolExecutor.runWorker(ThreadPoolExecutor.java:1142)
	at java.util.concurrent.ThreadPoolExecutor$Worker.run(ThreadPoolExecutor.java:617)
	at java.lang.Thread.run(Thread.java:745)

sty 27, 2018 12:50:07 AM org.openqa.selenium.os.OsProcess destroy
SEVERE: Unable to kill process java.lang.ProcessImpl@699b4d3c
sty 27, 2018 12:50:10 AM org.openqa.selenium.os.OsProcess destroy
SEVERE: Unable to kill process java.lang.ProcessImpl@38a525e7
sty 27, 2018 12:50:20 AM org.openqa.selenium.os.OsProcess destroy
INFO: Unable to drain process streams. Ignoring but the exception being swallowed follows.
org.apache.commons.exec.ExecuteException: The stop timeout of 2000 ms was exceeded (Exit value: -559038737)
	at org.apache.commons.exec.PumpStreamHandler.stopThread(PumpStreamHandler.java:295)
	at org.apache.commons.exec.PumpStreamHandler.stop(PumpStreamHandler.java:181)
	at org.openqa.selenium.os.OsProcess.destroy(OsProcess.java:136)
	at org.openqa.selenium.os.CommandLine.destroy(CommandLine.java:153)
	at org.openqa.selenium.remote.service.DriverService.stop(DriverService.java:222)
	at org.openqa.selenium.remote.service.DriverCommandExecutor.execute(DriverCommandExecutor.java:95)
	at org.openqa.selenium.remote.RemoteWebDriver.execute(RemoteWebDriver.java:601)
	at org.openqa.selenium.remote.RemoteWebDriver.execute(RemoteWebDriver.java:658)
	at org.openqa.selenium.remote.RemoteWebDriver.quit(RemoteWebDriver.java:497)
	at com.capgemini.ntc.selenium.core.newDrivers.DriverManager.closeDriver(DriverManager.java:86)
	at com.capgemini.ntc.selenium.core.BasePage.onTestClassFinish(BasePage.java:126)
	at java.util.ArrayList.forEach(ArrayList.java:1249)
	at com.capgemini.ntc.test.core.BaseTest.tearDownClass(BaseTest.java:71)
	at sun.reflect.NativeMethodAccessorImpl.invoke0(Native Method)
	at sun.reflect.NativeMethodAccessorImpl.invoke(NativeMethodAccessorImpl.java:62)
	at sun.reflect.DelegatingMethodAccessorImpl.invoke(DelegatingMethodAccessorImpl.java:43)
	at java.lang.reflect.Method.invoke(Method.java:497)
	at org.junit.runners.model.FrameworkMethod$1.runReflectiveCall(FrameworkMethod.java:50)
	at org.junit.internal.runners.model.ReflectiveCallable.run(ReflectiveCallable.java:12)
	at org.junit.runners.model.FrameworkMethod.invokeExplosively(FrameworkMethod.java:47)
	at com.capgemini.ntc.test.core.testRunners.core.CustomRunAfters.evaluate(CustomRunAfters.java:43)
	at org.junit.rules.ExternalResource$1.evaluate(ExternalResource.java:48)
	at org.junit.rules.RunRules.evaluate(RunRules.java:20)
	at com.capgemini.ntc.test.core.testRunners.ParallelTestClassRunner.run(ParallelTestClassRunner.java:33)
	at org.junit.runners.Suite.runChild(Suite.java:128)
	at org.junit.runners.Suite.runChild(Suite.java:27)
	at org.junit.runners.ParentRunner$3.run(ParentRunner.java:290)
	at org.apache.maven.surefire.junitcore.pc.Scheduler$1.run(Scheduler.java:393)
	at java.util.concurrent.Executors$RunnableAdapter.call(Executors.java:511)
	at java.util.concurrent.FutureTask.run(FutureTask.java:266)
	at java.util.concurrent.ThreadPoolExecutor.runWorker(ThreadPoolExecutor.java:1142)
	at java.util.concurrent.ThreadPoolExecutor$Worker.run(ThreadPoolExecutor.java:617)
	at java.lang.Thread.run(Thread.java:745)

sty 27, 2018 12:50:20 AM org.openqa.selenium.os.OsProcess destroy
SEVERE: Unable to kill process java.lang.ProcessImpl@5c756f95
Running resolution_test
2018-01-27 at 00:51:16 CET logInfo - [pool-1-thread-1] Step1 - open Chrome browser
2018-01-27 at 00:51:16 CET logInfo - [pool-1-thread-1] Step2 - load http://the-internet.herokuapp.com/ page
sty 27, 2018 12:51:16 AM org.openqa.selenium.remote.DesiredCapabilities chrome
INFO: Using `new ChromeOptions()` is preferred to `DesiredCapabilities.chrome()`
2018-01-27 at 00:49:20 CET logInfo - [pool-1-thread-2] resolution_test(com.capgemini.ntc.selenium.features.samples.resolutions.ResolutionTest) STARTED.
2018-01-27 at 00:49:20 CET logDebug - [pool-1-thread-2] Creating new browser=chrome WebDriver.
2018-01-27 at 00:49:25 CET logInfo - [pool-1-thread-2] Trying to set requested resolution: 1600x1200.
2018-01-27 at 00:49:27 CET logInfo - [pool-1-thread-2] Resolution readed from device: 1600x1100
2018-01-27 at 00:49:27 CET logInfo - [pool-1-thread-2] Trying to set increased resolution for 'View port': 1616x1200.
2018-01-27 at 00:49:27 CET logInfo - [pool-1-thread-2] Resolution readed from device: 1616x1100
2018-01-27 at 00:49:27 CET logDebug - [pool-1-thread-2] driver:NewChromeDriver: chrome on XP (f41639175287e8cabcbf620e22a5ebd0)
2018-01-27 at 00:49:27 CET logDebug - [pool-1-thread-2] To add observer: com.capgemini.ntc.selenium.pages.projectX.registration.RegistryPage@118afa31
2018-01-27 at 00:49:27 CET logDebug - [pool-1-thread-2] BaseTestWatcher.observers: []
2018-01-27 at 00:49:27 CET logDebug - [pool-1-thread-2] TestClassRule.classObservers: []
2018-01-27 at 00:49:27 CET logDebug - [pool-1-thread-2] Added observer: com.capgemini.ntc.selenium.pages.projectX.registration.RegistryPage@118afa31
2018-01-27 at 00:49:27 CET logDebug - [pool-1-thread-2] Waiting for [waitForPageLoaded] took [0.059 s]
sty 27, 2018 12:51:16 AM org.openqa.selenium.remote.DesiredCapabilities chrome
INFO: Using `new ChromeOptions()` is preferred to `DesiredCapabilities.chrome()`
2018-01-27 at 00:51:16 CET logDebug - [pool-1-thread-1] Creating new browser=chrome WebDriver.
sty 27, 2018 12:51:16 AM org.openqa.selenium.remote.DesiredCapabilities chrome
INFO: Using `new ChromeOptions()` is preferred to `DesiredCapabilities.chrome()`
2018-01-27 at 00:49:27 CET logDebug - [pool-1-thread-2] com.capgemini.ntc.selenium.pages.projectX.registration.RegistryPage: Current loaded page (http://demoqa.com/registration/) with pageTitle (). Page to load: (http://demoqa.com/registration/) ,for page title: (Registration | Demoqa)
2018-01-27 at 00:49:34 CET logDebug - [pool-1-thread-2] Waiting for [waitForPageLoaded] took [0.015 s]
2018-01-27 at 00:49:34 CET logInfo - [pool-1-thread-2] Trying to set requested resolution: 768x576.
2018-01-27 at 00:49:35 CET logInfo - [pool-1-thread-2] Resolution readed from device: 768x576
2018-01-27 at 00:49:35 CET logInfo - [pool-1-thread-2] Trying to set increased resolution for 'View port': 801x576.
2018-01-27 at 00:49:35 CET logInfo - [pool-1-thread-2] Resolution readed from device: 801x576
2018-01-27 at 00:49:36 CET logDebug - [pool-1-thread-2] Waiting for [findElementDynamic(): By.cssSelector: input[id='name_3_firstname']] took [0.202 s]
2018-01-27 at 00:49:37 CET logInfo - [pool-1-thread-2] resolution_test(com.capgemini.ntc.selenium.features.samples.resolutions.ResolutionTest) PASSED.
2018-01-27 at 00:49:37 CET logDebug - [pool-1-thread-2] BasePage.onTestSuccess    RegistryPage
2018-01-27 at 00:49:37 CET logInfo - [pool-1-thread-2] resolution_test(com.capgemini.ntc.selenium.features.samples.resolutions.ResolutionTest) duration: 0,27 min
2018-01-27 at 00:49:37 CET logDebug - [pool-1-thread-2] BasePage.onTestFinish   RegistryPage
2018-01-27 at 00:49:37 CET logDebug - [pool-1-thread-2] To remove observer: com.capgemini.ntc.selenium.pages.projectX.registration.RegistryPage@118afa31
2018-01-27 at 00:49:37 CET logInfo - [pool-1-thread-2] resolution_test(com.capgemini.ntc.selenium.features.samples.resolutions.ResolutionTest) STARTED.
2018-01-27 at 00:49:37 CET logDebug - [pool-1-thread-2] To add observer: com.capgemini.ntc.selenium.pages.projectX.registration.RegistryPage@df46823
2018-01-27 at 00:49:37 CET logDebug - [pool-1-thread-2] BaseTestWatcher.observers: [com.capgemini.ntc.selenium.pages.projectX.registration.RegistryPage@118afa31]
2018-01-27 at 00:49:37 CET logDebug - [pool-1-thread-2] TestClassRule.classObservers: []
2018-01-27 at 00:49:37 CET logDebug - [pool-1-thread-2] Waiting for [waitForPageLoaded] took [0.038 s]
2018-01-27 at 00:49:37 CET logInfo - [pool-1-thread-2] Trying to set requested resolution: 960x720.
2018-01-27 at 00:49:37 CET logInfo - [pool-1-thread-2] Resolution readed from device: 960x720
2018-01-27 at 00:49:37 CET logInfo - [pool-1-thread-2] Trying to set increased resolution for 'View port': 993x720.
2018-01-27 at 00:49:37 CET logInfo - [pool-1-thread-2] Resolution readed from device: 993x720
2018-01-27 at 00:49:37 CET logDebug - [pool-1-thread-2] Waiting for [findElementDynamic(): By.cssSelector: input[id='name_3_firstname']] took [0.035 s]
2018-01-27 at 00:49:38 CET logInfo - [pool-1-thread-2] resolution_test(com.capgemini.ntc.selenium.features.samples.resolutions.ResolutionTest) PASSED.
2018-01-27 at 00:49:38 CET logDebug - [pool-1-thread-2] BasePage.onTestSuccess    RegistryPage
2018-01-27 at 00:49:38 CET logInfo - [pool-1-thread-2] resolution_test(com.capgemini.ntc.selenium.features.samples.resolutions.ResolutionTest) duration: 0,02 min
2018-01-27 at 00:49:38 CET logDebug - [pool-1-thread-2] BasePage.onTestFinish   RegistryPage
2018-01-27 at 00:49:38 CET logDebug - [pool-1-thread-2] To remove observer: com.capgemini.ntc.selenium.pages.projectX.registration.RegistryPage@118afa31
2018-01-27 at 00:49:38 CET logInfo - [pool-1-thread-2] resolution_test(com.capgemini.ntc.selenium.features.samples.resolutions.ResolutionTest) STARTED.
2018-01-27 at 00:49:38 CET logDebug - [pool-1-thread-2] To add observer: com.capgemini.ntc.selenium.pages.projectX.registration.RegistryPage@69aa762e
2018-01-27 at 00:49:38 CET logDebug - [pool-1-thread-2] BaseTestWatcher.observers: [com.capgemini.ntc.selenium.pages.projectX.registration.RegistryPage@118afa31]
2018-01-27 at 00:49:38 CET logDebug - [pool-1-thread-2] TestClassRule.classObservers: []
2018-01-27 at 00:49:38 CET logDebug - [pool-1-thread-2] Waiting for [waitForPageLoaded] took [0.02 s]
2018-01-27 at 00:49:38 CET logInfo - [pool-1-thread-2] Trying to set requested resolution: 1920x1080.
2018-01-27 at 00:49:38 CET logInfo - [pool-1-thread-2] Resolution readed from device: 1920x1080
2018-01-27 at 00:49:38 CET logInfo - [pool-1-thread-2] Trying to set increased resolution for 'View port': 1953x1080.
2018-01-27 at 00:49:39 CET logInfo - [pool-1-thread-2] Resolution readed from device: 1940x1080
2018-01-27 at 00:49:39 CET logDebug - [pool-1-thread-2] Waiting for [findElementDynamic(): By.cssSelector: input[id='name_3_firstname']] took [0.014 s]
2018-01-27 at 00:49:40 CET logInfo - [pool-1-thread-2] resolution_test(com.capgemini.ntc.selenium.features.samples.resolutions.ResolutionTest) PASSED.
2018-01-27 at 00:49:40 CET logDebug - [pool-1-thread-2] BasePage.onTestSuccess    RegistryPage
2018-01-27 at 00:49:40 CET logInfo - [pool-1-thread-2] resolution_test(com.capgemini.ntc.selenium.features.samples.resolutions.ResolutionTest) duration: 0,02 min
2018-01-27 at 00:49:40 CET logDebug - [pool-1-thread-2] BasePage.onTestFinish   RegistryPage
2018-01-27 at 00:49:40 CET logDebug - [pool-1-thread-2] To remove observer: com.capgemini.ntc.selenium.pages.projectX.registration.RegistryPage@118afa31
2018-01-27 at 00:49:40 CET logDebug - [pool-1-thread-2] BaseTest.tearDownClass()
2018-01-27 at 00:49:40 CET logDebug - [pool-1-thread-2] BaseTestWatcher.observers: [com.capgemini.ntc.selenium.pages.projectX.registration.RegistryPage@118afa31]
2018-01-27 at 00:49:40 CET logDebug - [pool-1-thread-2] TestClassRule.classObservers: []
2018-01-27 at 00:49:40 CET logDebug - [pool-1-thread-2] BasePage.onTestClassFinish   RegistryPage
2018-01-27 at 00:49:40 CET logDebug - [pool-1-thread-2] driver:NewChromeDriver: chrome on XP (f41639175287e8cabcbf620e22a5ebd0)
2018-01-27 at 00:49:40 CET logDebug - [pool-1-thread-2] Closing WebDriver for this thread. chrome
2018-01-27 at 00:49:40 CET logDebug - [pool-1-thread-2] All observers cleared.
Tests run: 3, Failures: 0, Errors: 0, Skipped: 0, Time elapsed: 19.54 sec - in resolution_test
Running registrationTest
2018-01-27 at 00:49:40 CET logInfo - [pool-1-thread-7] registrationTest(com.capgemini.ntc.selenium.projectX.registration.RegisterOKTestDDInternalDataTest) STARTED.
2018-01-27 at 00:49:40 CET logDebug - [pool-1-thread-7] Creating new browser=chrome WebDriver.
2018-01-27 at 00:49:44 CET logInfo - [pool-1-thread-7] Trying to set requested resolution: 1600x1200.
2018-01-27 at 00:49:46 CET logInfo - [pool-1-thread-7] Resolution readed from device: 1600x1100
2018-01-27 at 00:49:46 CET logInfo - [pool-1-thread-7] Trying to set increased resolution for 'View port': 1616x1200.
2018-01-27 at 00:49:46 CET logInfo - [pool-1-thread-7] Resolution readed from device: 1616x1100
2018-01-27 at 00:49:46 CET logDebug - [pool-1-thread-7] driver:NewChromeDriver: chrome on XP (9f83f4192cbf7d9d433c24e567f23a40)
2018-01-27 at 00:49:46 CET logDebug - [pool-1-thread-7] To add observer: com.capgemini.ntc.selenium.pages.projectX.registration.RegistrationPage@7311687c
2018-01-27 at 00:49:46 CET logDebug - [pool-1-thread-7] BaseTestWatcher.observers: []
2018-01-27 at 00:49:46 CET logDebug - [pool-1-thread-7] TestClassRule.classObservers: []
2018-01-27 at 00:49:46 CET logDebug - [pool-1-thread-7] Added observer: com.capgemini.ntc.selenium.pages.projectX.registration.RegistrationPage@7311687c
2018-01-27 at 00:49:46 CET logDebug - [pool-1-thread-7] Waiting for [waitForPageLoaded] took [0.017 s]
2018-01-27 at 00:49:46 CET logDebug - [pool-1-thread-7] com.capgemini.ntc.selenium.pages.projectX.registration.RegistrationPage: Current loaded page (http://demoqa.com/registration/) with pageTitle (). Page to load: (http://demoqa.com/registration/) ,for page title: (Registration | Demoqa)
2018-01-27 at 00:49:57 CET logDebug - [pool-1-thread-7] Waiting for [waitForPageLoaded] took [0.032 s]
2018-01-27 at 00:49:58 CET logDebug - [pool-1-thread-7] Waiting for [findElementDynamic(): By.cssSelector: input[id='name_3_firstname']] took [0.197 s]
2018-01-27 at 00:49:58 CET logDebug - [pool-1-thread-7] Waiting for [findElementDynamic(): By.cssSelector: input[id='name_3_firstname']] took [0.087 s]
2018-01-27 at 00:49:58 CET logDebug - [pool-1-thread-7] Waiting for [findElementDynamic(): By.cssSelector: input[id='name_3_firstname']] took [0.109 s]
2018-01-27 at 00:49:59 CET logDebug - [pool-1-thread-7] Waiting for [findElementDynamic(): By.cssSelector: input[id='name_3_lastname']] took [0.039 s]
2018-01-27 at 00:49:59 CET logDebug - [pool-1-thread-7] Waiting for [findElementDynamic(): By.cssSelector: input[id='name_3_lastname']] took [0.024 s]
2018-01-27 at 00:49:59 CET logDebug - [pool-1-thread-7] Waiting for [findElementDynamic(): By.cssSelector: input[id='name_3_lastname']] took [0.032 s]
2018-01-27 at 00:50:00 CET logDebug - [pool-1-thread-7] Waiting for [findElementDynamic(): By.cssSelector: div[class='radio_wrap']] took [0.144 s]
2018-01-27 at 00:50:00 CET logDebug - [pool-1-thread-7] Waiting for [findElementDynamic(): By.cssSelector: div[class='radio_wrap']] took [0.03 s]
2018-01-27 at 00:50:00 CET logDebug - [pool-1-thread-7] Waiting for [findElementDynamic(): By.cssSelector: div[class='radio_wrap']] took [0.034 s]
Input text element: com.capgemini.ntc.selenium.core.newDrivers.elementType.RadioButtonElement@25217012 isn't clicked.
2018-01-27 at 00:50:00 CET logDebug - [pool-1-thread-7] Waiting for [findElementDynamic(): By.cssSelector: li.fields.pageFields_1:nth-child(3) div.radio_wrap] took [0.041 s]
2018-01-27 at 00:50:00 CET logDebug - [pool-1-thread-7] Waiting for [findElementDynamic(): By.cssSelector: li.fields.pageFields_1:nth-child(3) div.radio_wrap] took [0.058 s]
2018-01-27 at 00:50:01 CET logDebug - [pool-1-thread-7] Waiting for [findElementDynamic(): By.cssSelector: select[id='dropdown_7']] took [0.086 s]
2018-01-27 at 00:50:01 CET logDebug - [pool-1-thread-7] Waiting for [findElementDynamic(): By.cssSelector: select[id='dropdown_7']] took [0.072 s]
2018-01-27 at 00:50:02 CET logDebug - [pool-1-thread-7] Waiting for [findElementDynamic(): By.cssSelector: select[id='dropdown_7']] took [0.053 s]
2018-01-27 at 00:50:20 CET logDebug - [pool-1-thread-7] Waiting for [findElementDynamic(): By.cssSelector: select[id='dropdown_7']] took [0.085 s]
2018-01-27 at 00:50:21 CET logDebug - [pool-1-thread-7] Waiting for [findElementDynamic(): By.cssSelector: select[id='mm_date_8']] took [0.149 s]
2018-01-27 at 00:50:21 CET logDebug - [pool-1-thread-7] Waiting for [findElementDynamic(): By.cssSelector: select[id='mm_date_8']] took [0.085 s]
2018-01-27 at 00:50:21 CET logDebug - [pool-1-thread-7] Waiting for [findElementDynamic(): By.cssSelector: select[id='mm_date_8']] took [0.175 s]
2018-01-27 at 00:50:23 CET logDebug - [pool-1-thread-7] Waiting for [findElementDynamic(): By.cssSelector: select[id='mm_date_8']] took [0.047 s]
2018-01-27 at 00:50:23 CET logDebug - [pool-1-thread-7] Waiting for [findElementDynamic(): By.cssSelector: select[id='dd_date_8']] took [0.056 s]
2018-01-27 at 00:50:23 CET logDebug - [pool-1-thread-7] Waiting for [findElementDynamic(): By.cssSelector: select[id='dd_date_8']] took [0.045 s]
2018-01-27 at 00:50:23 CET logDebug - [pool-1-thread-7] Waiting for [findElementDynamic(): By.cssSelector: select[id='dd_date_8']] took [0.084 s]
2018-01-27 at 00:50:26 CET logDebug - [pool-1-thread-7] Waiting for [findElementDynamic(): By.cssSelector: select[id='dd_date_8']] took [0.077 s]
2018-01-27 at 00:50:26 CET logDebug - [pool-1-thread-7] Waiting for [findElementDynamic(): By.cssSelector: select[id='yy_date_8']] took [0.155 s]
2018-01-27 at 00:50:27 CET logDebug - [pool-1-thread-7] Waiting for [findElementDynamic(): By.cssSelector: select[id='yy_date_8']] took [0.261 s]
2018-01-27 at 00:50:27 CET logDebug - [pool-1-thread-7] Waiting for [findElementDynamic(): By.cssSelector: select[id='yy_date_8']] took [0.173 s]
2018-01-27 at 00:50:34 CET logDebug - [pool-1-thread-7] Waiting for [findElementDynamic(): By.cssSelector: select[id='yy_date_8']] took [0.024 s]
2018-01-27 at 00:50:34 CET logDebug - [pool-1-thread-7] Waiting for [findElementDynamic(): By.cssSelector: input[id='phone_9']] took [0.032 s]
2018-01-27 at 00:50:34 CET logDebug - [pool-1-thread-7] Waiting for [findElementDynamic(): By.cssSelector: input[id='phone_9']] took [0.026 s]
2018-01-27 at 00:50:34 CET logDebug - [pool-1-thread-7] Waiting for [findElementDynamic(): By.cssSelector: input[id='phone_9']] took [0.016 s]
2018-01-27 at 00:50:35 CET logDebug - [pool-1-thread-7] Waiting for [findElementDynamic(): By.cssSelector: input[id='username']] took [0.035 s]
2018-01-27 at 00:50:35 CET logDebug - [pool-1-thread-7] Waiting for [findElementDynamic(): By.cssSelector: input[id='username']] took [0.018 s]
2018-01-27 at 00:50:35 CET logDebug - [pool-1-thread-7] Waiting for [findElementDynamic(): By.cssSelector: input[id='username']] took [0.037 s]
2018-01-27 at 00:50:36 CET logDebug - [pool-1-thread-7] Waiting for [findElementDynamic(): By.cssSelector: input[id='email_1']] took [0.031 s]
2018-01-27 at 00:50:36 CET logDebug - [pool-1-thread-7] Waiting for [findElementDynamic(): By.cssSelector: input[id='email_1']] took [0.025 s]
2018-01-27 at 00:50:36 CET logDebug - [pool-1-thread-7] Waiting for [findElementDynamic(): By.cssSelector: input[id='email_1']] took [0.037 s]
2018-01-27 at 00:50:37 CET logDebug - [pool-1-thread-7] Waiting for [findElementDynamic(): By.cssSelector: textarea[ id='description' ]] took [0.066 s]
2018-01-27 at 00:50:37 CET logDebug - [pool-1-thread-7] Waiting for [findElementDynamic(): By.cssSelector: textarea[ id='description' ]] took [0.043 s]
2018-01-27 at 00:50:37 CET logDebug - [pool-1-thread-7] Waiting for [findElementDynamic(): By.cssSelector: textarea[ id='description' ]] took [0.044 s]
2018-01-27 at 00:50:37 CET logDebug - [pool-1-thread-7] Waiting for [findElementDynamic(): By.cssSelector: input[id='password_2']] took [0.069 s]
2018-01-27 at 00:50:37 CET logDebug - [pool-1-thread-7] Waiting for [findElementDynamic(): By.cssSelector: input[id='password_2']] took [0.03 s]
2018-01-27 at 00:50:38 CET logDebug - [pool-1-thread-7] Waiting for [findElementDynamic(): By.cssSelector: input[id='password_2']] took [0.048 s]
2018-01-27 at 00:50:38 CET logDebug - [pool-1-thread-7] Waiting for [findElementDynamic(): By.cssSelector: input[id='confirm_password_password_2']] took [0.069 s]
2018-01-27 at 00:50:39 CET logDebug - [pool-1-thread-7] Waiting for [findElementDynamic(): By.cssSelector: input[id='confirm_password_password_2']] took [0.108 s]
2018-01-27 at 00:50:39 CET logDebug - [pool-1-thread-7] Waiting for [findElementDynamic(): By.cssSelector: input[id='confirm_password_password_2']] took [0.037 s]
2018-01-27 at 00:50:39 CET logDebug - [pool-1-thread-7] Waiting for [findElementDynamic(): By.cssSelector: input[name='pie_submit']] took [0.05 s]
2018-01-27 at 00:50:39 CET logDebug - [pool-1-thread-7] Waiting for [findElementDynamic(): By.cssSelector: input[name='pie_submit']] took [0.027 s]
2018-01-27 at 00:50:40 CET logDebug - [pool-1-thread-7] Waiting for [waitForPageLoaded] took [0.037 s]
2018-01-27 at 00:50:40 CET logDebug - [pool-1-thread-7] Waiting for [findElementDynamic(): By.cssSelector: input[name='pie_submit']] took [0.046 s]
2018-01-27 at 00:50:45 CET logDebug - [pool-1-thread-7] Waiting for [waitForElementVisible(): By.cssSelector: p[class='piereg_login_error']] took [0.996 s]
2018-01-27 at 00:50:45 CET logDebug - [pool-1-thread-7] Waiting for [waitForElementVisible(): By.cssSelector: p[class='piereg_login_error']] took [0.16 s]
2018-01-27 at 00:50:45 CET logDebug - [pool-1-thread-7] Error: Username already exists
2018-01-27 at 00:50:46 CET logDebug - [pool-1-thread-7] Waiting for [findElementDynamic(): By.cssSelector: p[class='piereg_login_error']] took [0.347 s]
2018-01-27 at 00:50:46 CET logDebug - [pool-1-thread-7] Waiting for [findElementDynamic(): By.cssSelector: p[class='piereg_login_error']] took [0.066 s]
2018-01-27 at 00:50:46 CET logInfo - [pool-1-thread-7] registrationTest(com.capgemini.ntc.selenium.projectX.registration.RegisterOKTestDDInternalDataTest) PASSED.
2018-01-27 at 00:50:46 CET logDebug - [pool-1-thread-7] BasePage.onTestSuccess    RegistrationPage
2018-01-27 at 00:50:46 CET logInfo - [pool-1-thread-7] registrationTest(com.capgemini.ntc.selenium.projectX.registration.RegisterOKTestDDInternalDataTest) duration: 1,09 min
2018-01-27 at 00:50:47 CET logDebug - [pool-1-thread-7] BasePage.onTestFinish   RegistrationPage
2018-01-27 at 00:50:47 CET logDebug - [pool-1-thread-7] To remove observer: com.capgemini.ntc.selenium.pages.projectX.registration.RegistrationPage@7311687c
2018-01-27 at 00:50:47 CET logInfo - [pool-1-thread-7] registrationTest(com.capgemini.ntc.selenium.projectX.registration.RegisterOKTestDDInternalDataTest) STARTED.
2018-01-27 at 00:50:47 CET logDebug - [pool-1-thread-7] To add observer: com.capgemini.ntc.selenium.pages.projectX.registration.RegistrationPage@4d2a27ac
2018-01-27 at 00:50:47 CET logDebug - [pool-1-thread-7] BaseTestWatcher.observers: [com.capgemini.ntc.selenium.pages.projectX.registration.RegistrationPage@7311687c]
2018-01-27 at 00:50:47 CET logDebug - [pool-1-thread-7] TestClassRule.classObservers: []
2018-01-27 at 00:50:48 CET logDebug - [pool-1-thread-7] Waiting for [waitForPageLoaded] took [0.495 s]
2018-01-27 at 00:50:48 CET logDebug - [pool-1-thread-7] Waiting for [waitForPageLoaded] took [0.008 s]
2018-01-27 at 00:50:48 CET logDebug - [pool-1-thread-7] Waiting for [findElementDynamic(): By.cssSelector: input[id='name_3_firstname']] took [0.033 s]
2018-01-27 at 00:50:48 CET logDebug - [pool-1-thread-7] Waiting for [findElementDynamic(): By.cssSelector: input[id='name_3_firstname']] took [0.015 s]
2018-01-27 at 00:50:48 CET logDebug - [pool-1-thread-7] Waiting for [findElementDynamic(): By.cssSelector: input[id='name_3_firstname']] took [0.028 s]
2018-01-27 at 00:50:48 CET logDebug - [pool-1-thread-7] Waiting for [findElementDynamic(): By.cssSelector: input[id='name_3_lastname']] took [0.041 s]
2018-01-27 at 00:50:48 CET logDebug - [pool-1-thread-7] Waiting for [findElementDynamic(): By.cssSelector: input[id='name_3_lastname']] took [0.01 s]
2018-01-27 at 00:50:48 CET logDebug - [pool-1-thread-7] Waiting for [findElementDynamic(): By.cssSelector: input[id='name_3_lastname']] took [0.03 s]
2018-01-27 at 00:50:49 CET logDebug - [pool-1-thread-7] Waiting for [findElementDynamic(): By.cssSelector: div[class='radio_wrap']] took [0.04 s]
2018-01-27 at 00:50:49 CET logDebug - [pool-1-thread-7] Waiting for [findElementDynamic(): By.cssSelector: div[class='radio_wrap']] took [0.043 s]
2018-01-27 at 00:50:49 CET logDebug - [pool-1-thread-7] Waiting for [findElementDynamic(): By.cssSelector: div[class='radio_wrap']] took [0.013 s]
2018-01-27 at 00:50:49 CET logDebug - [pool-1-thread-7] Waiting for [findElementDynamic(): By.cssSelector: div[class='radio_wrap']] took [0.033 s]
2018-01-27 at 00:50:49 CET logDebug - [pool-1-thread-7] Waiting for [findElementDynamic(): By.cssSelector: li.fields.pageFields_1:nth-child(3) div.radio_wrap] took [0.034 s]
2018-01-27 at 00:50:49 CET logDebug - [pool-1-thread-7] Waiting for [findElementDynamic(): By.cssSelector: li.fields.pageFields_1:nth-child(3) div.radio_wrap] took [0.03 s]
2018-01-27 at 00:50:50 CET logDebug - [pool-1-thread-7] Waiting for [findElementDynamic(): By.cssSelector: select[id='dropdown_7']] took [0.04 s]
2018-01-27 at 00:50:50 CET logDebug - [pool-1-thread-7] Waiting for [findElementDynamic(): By.cssSelector: select[id='dropdown_7']] took [0.036 s]
2018-01-27 at 00:50:50 CET logDebug - [pool-1-thread-7] Waiting for [findElementDynamic(): By.cssSelector: select[id='dropdown_7']] took [0.04 s]
2018-01-27 at 00:51:00 CET logDebug - [pool-1-thread-7] Waiting for [findElementDynamic(): By.cssSelector: select[id='dropdown_7']] took [0.027 s]
2018-01-27 at 00:51:00 CET logDebug - [pool-1-thread-7] Waiting for [findElementDynamic(): By.cssSelector: select[id='mm_date_8']] took [0.037 s]
2018-01-27 at 00:51:00 CET logDebug - [pool-1-thread-7] Waiting for [findElementDynamic(): By.cssSelector: select[id='mm_date_8']] took [0.02 s]
2018-01-27 at 00:51:00 CET logDebug - [pool-1-thread-7] Waiting for [findElementDynamic(): By.cssSelector: select[id='mm_date_8']] took [0.026 s]
2018-01-27 at 00:51:01 CET logDebug - [pool-1-thread-7] Waiting for [findElementDynamic(): By.cssSelector: select[id='mm_date_8']] took [0.01 s]
2018-01-27 at 00:51:01 CET logDebug - [pool-1-thread-7] Waiting for [findElementDynamic(): By.cssSelector: select[id='dd_date_8']] took [0.032 s]
2018-01-27 at 00:51:01 CET logDebug - [pool-1-thread-7] Waiting for [findElementDynamic(): By.cssSelector: select[id='dd_date_8']] took [0.01 s]
2018-01-27 at 00:51:01 CET logDebug - [pool-1-thread-7] Waiting for [findElementDynamic(): By.cssSelector: select[id='dd_date_8']] took [0.036 s]
2018-01-27 at 00:51:03 CET logDebug - [pool-1-thread-7] Waiting for [findElementDynamic(): By.cssSelector: select[id='dd_date_8']] took [0.015 s]
2018-01-27 at 00:51:03 CET logDebug - [pool-1-thread-7] Waiting for [findElementDynamic(): By.cssSelector: select[id='yy_date_8']] took [0.035 s]
2018-01-27 at 00:51:03 CET logDebug - [pool-1-thread-7] Waiting for [findElementDynamic(): By.cssSelector: select[id='yy_date_8']] took [0.012 s]
2018-01-27 at 00:51:03 CET logDebug - [pool-1-thread-7] Waiting for [findElementDynamic(): By.cssSelector: select[id='yy_date_8']] took [0.013 s]
2018-01-27 at 00:51:06 CET logDebug - [pool-1-thread-7] Waiting for [findElementDynamic(): By.cssSelector: select[id='yy_date_8']] took [0.024 s]
2018-01-27 at 00:51:06 CET logDebug - [pool-1-thread-7] Waiting for [findElementDynamic(): By.cssSelector: input[id='phone_9']] took [0.027 s]
2018-01-27 at 00:51:06 CET logDebug - [pool-1-thread-7] Waiting for [findElementDynamic(): By.cssSelector: input[id='phone_9']] took [0.017 s]
2018-01-27 at 00:51:06 CET logDebug - [pool-1-thread-7] Waiting for [findElementDynamic(): By.cssSelector: input[id='phone_9']] took [0.035 s]
2018-01-27 at 00:51:07 CET logDebug - [pool-1-thread-7] Waiting for [findElementDynamic(): By.cssSelector: input[id='username']] took [0.029 s]
2018-01-27 at 00:51:07 CET logDebug - [pool-1-thread-7] Waiting for [findElementDynamic(): By.cssSelector: input[id='username']] took [0.014 s]
2018-01-27 at 00:51:07 CET logDebug - [pool-1-thread-7] Waiting for [findElementDynamic(): By.cssSelector: input[id='username']] took [0.016 s]
2018-01-27 at 00:51:07 CET logDebug - [pool-1-thread-7] Waiting for [findElementDynamic(): By.cssSelector: input[id='email_1']] took [0.031 s]
2018-01-27 at 00:51:07 CET logDebug - [pool-1-thread-7] Waiting for [findElementDynamic(): By.cssSelector: input[id='email_1']] took [0.016 s]
2018-01-27 at 00:51:07 CET logDebug - [pool-1-thread-7] Waiting for [findElementDynamic(): By.cssSelector: input[id='email_1']] took [0.029 s]
2018-01-27 at 00:51:08 CET logDebug - [pool-1-thread-7] Waiting for [findElementDynamic(): By.cssSelector: textarea[ id='description' ]] took [0.033 s]
2018-01-27 at 00:51:08 CET logDebug - [pool-1-thread-7] Waiting for [findElementDynamic(): By.cssSelector: textarea[ id='description' ]] took [0.014 s]
2018-01-27 at 00:51:08 CET logDebug - [pool-1-thread-7] Waiting for [findElementDynamic(): By.cssSelector: textarea[ id='description' ]] took [0.018 s]
2018-01-27 at 00:51:08 CET logDebug - [pool-1-thread-7] Waiting for [findElementDynamic(): By.cssSelector: input[id='password_2']] took [0.049 s]
2018-01-27 at 00:51:08 CET logDebug - [pool-1-thread-7] Waiting for [findElementDynamic(): By.cssSelector: input[id='password_2']] took [0.022 s]
2018-01-27 at 00:51:08 CET logDebug - [pool-1-thread-7] Waiting for [findElementDynamic(): By.cssSelector: input[id='password_2']] took [0.019 s]
2018-01-27 at 00:51:09 CET logDebug - [pool-1-thread-7] Waiting for [findElementDynamic(): By.cssSelector: input[id='confirm_password_password_2']] took [0.048 s]
2018-01-27 at 00:51:09 CET logDebug - [pool-1-thread-7] Waiting for [findElementDynamic(): By.cssSelector: input[id='confirm_password_password_2']] took [0.024 s]
2018-01-27 at 00:51:09 CET logDebug - [pool-1-thread-7] Waiting for [findElementDynamic(): By.cssSelector: input[id='confirm_password_password_2']] took [0.03 s]
2018-01-27 at 00:51:10 CET logDebug - [pool-1-thread-7] Waiting for [findElementDynamic(): By.cssSelector: input[name='pie_submit']] took [0.038 s]
2018-01-27 at 00:51:10 CET logDebug - [pool-1-thread-7] Waiting for [findElementDynamic(): By.cssSelector: input[name='pie_submit']] took [0.021 s]
2018-01-27 at 00:51:10 CET logDebug - [pool-1-thread-7] Waiting for [waitForPageLoaded] took [0.021 s]
2018-01-27 at 00:51:10 CET logDebug - [pool-1-thread-7] Waiting for [findElementDynamic(): By.cssSelector: input[name='pie_submit']] took [0.023 s]
2018-01-27 at 00:51:11 CET logDebug - [pool-1-thread-7] Waiting for [waitForElementVisible(): By.cssSelector: p[class='piereg_login_error']] took [0.222 s]
2018-01-27 at 00:51:12 CET logDebug - [pool-1-thread-7] Waiting for [waitForElementVisible(): By.cssSelector: p[class='piereg_login_error']] took [0.045 s]
2018-01-27 at 00:51:12 CET logDebug - [pool-1-thread-7] Error: Username already exists
2018-01-27 at 00:51:12 CET logDebug - [pool-1-thread-7] Waiting for [findElementDynamic(): By.cssSelector: p[class='piereg_login_error']] took [0.015 s]
2018-01-27 at 00:51:12 CET logDebug - [pool-1-thread-7] Waiting for [findElementDynamic(): By.cssSelector: p[class='piereg_login_error']] took [0.01 s]
2018-01-27 at 00:51:12 CET logInfo - [pool-1-thread-7] registrationTest(com.capgemini.ntc.selenium.projectX.registration.RegisterOKTestDDInternalDataTest) PASSED.
2018-01-27 at 00:51:12 CET logDebug - [pool-1-thread-7] BasePage.onTestSuccess    RegistrationPage
2018-01-27 at 00:51:12 CET logInfo - [pool-1-thread-7] registrationTest(com.capgemini.ntc.selenium.projectX.registration.RegisterOKTestDDInternalDataTest) duration: 0,40 min
2018-01-27 at 00:51:14 CET logDebug - [pool-1-thread-7] BasePage.onTestFinish   RegistrationPage
2018-01-27 at 00:51:14 CET logDebug - [pool-1-thread-7] To remove observer: com.capgemini.ntc.selenium.pages.projectX.registration.RegistrationPage@7311687c
2018-01-27 at 00:51:14 CET logDebug - [pool-1-thread-7] BaseTest.tearDownClass()
2018-01-27 at 00:51:14 CET logDebug - [pool-1-thread-7] BaseTestWatcher.observers: [com.capgemini.ntc.selenium.pages.projectX.registration.RegistrationPage@7311687c]
2018-01-27 at 00:51:14 CET logDebug - [pool-1-thread-7] TestClassRule.classObservers: []
2018-01-27 at 00:51:14 CET logDebug - [pool-1-thread-7] BasePage.onTestClassFinish   RegistrationPage
2018-01-27 at 00:51:14 CET logDebug - [pool-1-thread-7] driver:NewChromeDriver: chrome on XP (9f83f4192cbf7d9d433c24e567f23a40)
2018-01-27 at 00:51:14 CET logDebug - [pool-1-thread-7] Closing WebDriver for this thread. chrome
2018-01-27 at 00:51:14 CET logDebug - [pool-1-thread-7] All observers cleared.
Input text element: com.capgemini.ntc.selenium.core.newDrivers.elementType.RadioButtonElement@69c2364 isn't clicked.
Tests run: 2, Failures: 0, Errors: 0, Skipped: 0, Time elapsed: 93.208 sec - in registrationTest
Running com.capgemini.ntc.selenium.projectX.registration.RegisterOKTest
2018-01-27 at 00:49:40 CET logInfo - [pool-1-thread-5] Register_OK(com.capgemini.ntc.selenium.projectX.registration.RegisterOKTest) STARTED.
2018-01-27 at 00:49:40 CET logDebug - [pool-1-thread-5] Creating new browser=chrome WebDriver.
2018-01-27 at 00:49:45 CET logInfo - [pool-1-thread-5] Trying to set requested resolution: 1600x1200.
2018-01-27 at 00:49:46 CET logInfo - [pool-1-thread-5] Resolution readed from device: 1600x1100
2018-01-27 at 00:49:47 CET logInfo - [pool-1-thread-5] Trying to set increased resolution for 'View port': 1616x1200.
2018-01-27 at 00:49:47 CET logInfo - [pool-1-thread-5] Resolution readed from device: 1616x1100
2018-01-27 at 00:49:47 CET logDebug - [pool-1-thread-5] driver:NewChromeDriver: chrome on XP (5cee5095ea73cb56e879d658c3ea27cb)
2018-01-27 at 00:49:47 CET logDebug - [pool-1-thread-5] To add observer: com.capgemini.ntc.selenium.pages.projectX.registration.RegistrationPage@68310200
2018-01-27 at 00:49:47 CET logDebug - [pool-1-thread-5] BaseTestWatcher.observers: []
2018-01-27 at 00:49:47 CET logDebug - [pool-1-thread-5] TestClassRule.classObservers: []
2018-01-27 at 00:49:47 CET logDebug - [pool-1-thread-5] Added observer: com.capgemini.ntc.selenium.pages.projectX.registration.RegistrationPage@68310200
2018-01-27 at 00:49:47 CET logDebug - [pool-1-thread-5] Waiting for [waitForPageLoaded] took [0.121 s]
2018-01-27 at 00:49:47 CET logDebug - [pool-1-thread-5] com.capgemini.ntc.selenium.pages.projectX.registration.RegistrationPage: Current loaded page (http://demoqa.com/registration/) with pageTitle (). Page to load: (http://demoqa.com/registration/) ,for page title: (Registration | Demoqa)
2018-01-27 at 00:50:01 CET logDebug - [pool-1-thread-5] Waiting for [waitForPageLoaded] took [0.058 s]
2018-01-27 at 00:50:01 CET logDebug - [pool-1-thread-5] Waiting for [findElementDynamic(): By.cssSelector: input[id='name_3_firstname']] took [0.073 s]
2018-01-27 at 00:50:01 CET logDebug - [pool-1-thread-5] Waiting for [findElementDynamic(): By.cssSelector: input[id='name_3_firstname']] took [0.083 s]
2018-01-27 at 00:50:02 CET logDebug - [pool-1-thread-5] Waiting for [findElementDynamic(): By.cssSelector: input[id='name_3_firstname']] took [0.063 s]
2018-01-27 at 00:50:02 CET logDebug - [pool-1-thread-5] Waiting for [findElementDynamic(): By.cssSelector: input[id='name_3_lastname']] took [0.283 s]
2018-01-27 at 00:50:03 CET logDebug - [pool-1-thread-5] Waiting for [findElementDynamic(): By.cssSelector: input[id='name_3_lastname']] took [0.218 s]
2018-01-27 at 00:50:03 CET logDebug - [pool-1-thread-5] Waiting for [findElementDynamic(): By.cssSelector: input[id='name_3_lastname']] took [0.066 s]
2018-01-27 at 00:50:03 CET logDebug - [pool-1-thread-5] Waiting for [findElementDynamic(): By.cssSelector: div[class='radio_wrap']] took [0.036 s]
2018-01-27 at 00:50:03 CET logDebug - [pool-1-thread-5] Waiting for [findElementDynamic(): By.cssSelector: div[class='radio_wrap']] took [0.029 s]
2018-01-27 at 00:50:04 CET logDebug - [pool-1-thread-5] Waiting for [findElementDynamic(): By.cssSelector: div[class='radio_wrap']] took [0.037 s]
Input text element: com.capgemini.ntc.selenium.core.newDrivers.elementType.RadioButtonElement@1f0257e1 isn't clicked.
2018-01-27 at 00:50:04 CET logDebug - [pool-1-thread-5] Waiting for [findElementDynamic(): By.cssSelector: li.fields.pageFields_1:nth-child(3) div.radio_wrap] took [0.061 s]
2018-01-27 at 00:50:04 CET logDebug - [pool-1-thread-5] Waiting for [findElementDynamic(): By.cssSelector: li.fields.pageFields_1:nth-child(3) div.radio_wrap] took [0.029 s]
2018-01-27 at 00:50:05 CET logDebug - [pool-1-thread-5] Waiting for [findElementDynamic(): By.cssSelector: li.fields.pageFields_1:nth-child(3) div.radio_wrap] took [0.021 s]
2018-01-27 at 00:50:05 CET logDebug - [pool-1-thread-5] Waiting for [findElementDynamic(): By.cssSelector: li.fields.pageFields_1:nth-child(3) div.radio_wrap] took [0.015 s]
2018-01-27 at 00:50:06 CET logDebug - [pool-1-thread-5] Waiting for [findElementDynamic(): By.cssSelector: select[id='dropdown_7']] took [0.084 s]
2018-01-27 at 00:50:06 CET logDebug - [pool-1-thread-5] Waiting for [findElementDynamic(): By.cssSelector: select[id='dropdown_7']] took [0.039 s]
2018-01-27 at 00:50:06 CET logDebug - [pool-1-thread-5] Waiting for [findElementDynamic(): By.cssSelector: select[id='dropdown_7']] took [0.051 s]
2018-01-27 at 00:50:23 CET logDebug - [pool-1-thread-5] Waiting for [findElementDynamic(): By.cssSelector: select[id='dropdown_7']] took [0.059 s]
2018-01-27 at 00:50:24 CET logDebug - [pool-1-thread-5] Waiting for [findElementDynamic(): By.cssSelector: select[id='mm_date_8']] took [0.053 s]
2018-01-27 at 00:50:24 CET logDebug - [pool-1-thread-5] Waiting for [findElementDynamic(): By.cssSelector: select[id='mm_date_8']] took [0.015 s]
2018-01-27 at 00:50:25 CET logDebug - [pool-1-thread-5] Waiting for [findElementDynamic(): By.cssSelector: select[id='mm_date_8']] took [0.112 s]
2018-01-27 at 00:50:25 CET logDebug - [pool-1-thread-5] Waiting for [findElementDynamic(): By.cssSelector: select[id='mm_date_8']] took [0.032 s]
2018-01-27 at 00:50:26 CET logDebug - [pool-1-thread-5] Waiting for [findElementDynamic(): By.cssSelector: select[id='dd_date_8']] took [0.052 s]
2018-01-27 at 00:50:26 CET logDebug - [pool-1-thread-5] Waiting for [findElementDynamic(): By.cssSelector: select[id='dd_date_8']] took [0.018 s]
2018-01-27 at 00:50:26 CET logDebug - [pool-1-thread-5] Waiting for [findElementDynamic(): By.cssSelector: select[id='dd_date_8']] took [0.172 s]
2018-01-27 at 00:50:31 CET logDebug - [pool-1-thread-5] Waiting for [findElementDynamic(): By.cssSelector: select[id='dd_date_8']] took [0.11 s]
2018-01-27 at 00:50:31 CET logDebug - [pool-1-thread-5] Waiting for [findElementDynamic(): By.cssSelector: select[id='yy_date_8']] took [0.076 s]
2018-01-27 at 00:50:31 CET logDebug - [pool-1-thread-5] Waiting for [findElementDynamic(): By.cssSelector: select[id='yy_date_8']] took [0.042 s]
2018-01-27 at 00:50:31 CET logDebug - [pool-1-thread-5] Waiting for [findElementDynamic(): By.cssSelector: select[id='yy_date_8']] took [0.065 s]
2018-01-27 at 00:50:36 CET logDebug - [pool-1-thread-5] Waiting for [findElementDynamic(): By.cssSelector: select[id='yy_date_8']] took [0.061 s]
2018-01-27 at 00:50:36 CET logDebug - [pool-1-thread-5] Waiting for [findElementDynamic(): By.cssSelector: input[id='phone_9']] took [0.043 s]
2018-01-27 at 00:50:37 CET logDebug - [pool-1-thread-5] Waiting for [findElementDynamic(): By.cssSelector: input[id='phone_9']] took [0.048 s]
2018-01-27 at 00:50:37 CET logDebug - [pool-1-thread-5] Waiting for [findElementDynamic(): By.cssSelector: input[id='phone_9']] took [0.049 s]
2018-01-27 at 00:50:37 CET logDebug - [pool-1-thread-5] Waiting for [findElementDynamic(): By.cssSelector: input[id='username']] took [0.043 s]
2018-01-27 at 00:50:37 CET logDebug - [pool-1-thread-5] Waiting for [findElementDynamic(): By.cssSelector: input[id='username']] took [0.034 s]
2018-01-27 at 00:50:37 CET logDebug - [pool-1-thread-5] Waiting for [findElementDynamic(): By.cssSelector: input[id='username']] took [0.086 s]
2018-01-27 at 00:50:38 CET logDebug - [pool-1-thread-5] Waiting for [findElementDynamic(): By.cssSelector: input[id='email_1']] took [0.042 s]
2018-01-27 at 00:50:38 CET logDebug - [pool-1-thread-5] Waiting for [findElementDynamic(): By.cssSelector: input[id='email_1']] took [0.034 s]
2018-01-27 at 00:50:38 CET logDebug - [pool-1-thread-5] Waiting for [findElementDynamic(): By.cssSelector: input[id='email_1']] took [0.053 s]
2018-01-27 at 00:50:39 CET logDebug - [pool-1-thread-5] Waiting for [findElementDynamic(): By.cssSelector: textarea[ id='description' ]] took [0.068 s]
2018-01-27 at 00:50:39 CET logDebug - [pool-1-thread-5] Waiting for [findElementDynamic(): By.cssSelector: textarea[ id='description' ]] took [0.035 s]
2018-01-27 at 00:50:40 CET logDebug - [pool-1-thread-5] Waiting for [findElementDynamic(): By.cssSelector: textarea[ id='description' ]] took [0.041 s]
2018-01-27 at 00:50:40 CET logDebug - [pool-1-thread-5] Waiting for [findElementDynamic(): By.cssSelector: input[id='password_2']] took [0.049 s]
2018-01-27 at 00:50:40 CET logDebug - [pool-1-thread-5] Waiting for [findElementDynamic(): By.cssSelector: input[id='password_2']] took [0.02 s]
2018-01-27 at 00:50:40 CET logDebug - [pool-1-thread-5] Waiting for [findElementDynamic(): By.cssSelector: input[id='password_2']] took [0.128 s]
2018-01-27 at 00:50:41 CET logDebug - [pool-1-thread-5] Waiting for [findElementDynamic(): By.cssSelector: input[id='confirm_password_password_2']] took [0.039 s]
2018-01-27 at 00:50:41 CET logDebug - [pool-1-thread-5] Waiting for [findElementDynamic(): By.cssSelector: input[id='confirm_password_password_2']] took [0.021 s]
2018-01-27 at 00:50:41 CET logDebug - [pool-1-thread-5] Waiting for [findElementDynamic(): By.cssSelector: input[id='confirm_password_password_2']] took [0.032 s]
2018-01-27 at 00:50:42 CET logDebug - [pool-1-thread-5] Waiting for [findElementDynamic(): By.cssSelector: input[name='pie_submit']] took [0.044 s]
2018-01-27 at 00:50:42 CET logDebug - [pool-1-thread-5] Waiting for [findElementDynamic(): By.cssSelector: input[name='pie_submit']] took [0.033 s]
2018-01-27 at 00:50:42 CET logDebug - [pool-1-thread-5] Waiting for [waitForPageLoaded] took [0.02 s]
2018-01-27 at 00:50:42 CET logDebug - [pool-1-thread-5] Waiting for [findElementDynamic(): By.cssSelector: input[name='pie_submit']] took [0.156 s]
2018-01-27 at 00:50:47 CET logDebug - [pool-1-thread-5] Waiting for [waitForElementVisible(): By.cssSelector: p[class='piereg_login_error']] took [0.381 s]
2018-01-27 at 00:50:48 CET logDebug - [pool-1-thread-5] Waiting for [waitForElementVisible(): By.cssSelector: p[class='piereg_login_error']] took [0.082 s]
2018-01-27 at 00:50:48 CET logDebug - [pool-1-thread-5] Error: Username already exists
2018-01-27 at 00:50:48 CET logDebug - [pool-1-thread-5] Waiting for [findElementDynamic(): By.cssSelector: p[class='piereg_login_error']] took [0.014 s]
2018-01-27 at 00:50:48 CET logDebug - [pool-1-thread-5] Waiting for [findElementDynamic(): By.cssSelector: p[class='piereg_login_error']] took [0.047 s]
2018-01-27 at 00:50:48 CET logInfo - [pool-1-thread-5] Register_OK(com.capgemini.ntc.selenium.projectX.registration.RegisterOKTest) PASSED.
2018-01-27 at 00:50:48 CET logDebug - [pool-1-thread-5] BasePage.onTestSuccess    RegistrationPage
2018-01-27 at 00:50:48 CET logInfo - [pool-1-thread-5] Register_OK(com.capgemini.ntc.selenium.projectX.registration.RegisterOKTest) duration: 1,12 min
2018-01-27 at 00:50:48 CET logDebug - [pool-1-thread-5] BasePage.onTestFinish   RegistrationPage
2018-01-27 at 00:50:48 CET logDebug - [pool-1-thread-5] To remove observer: com.capgemini.ntc.selenium.pages.projectX.registration.RegistrationPage@68310200
2018-01-27 at 00:50:48 CET logDebug - [pool-1-thread-5] BaseTest.tearDownClass()
2018-01-27 at 00:50:48 CET logDebug - [pool-1-thread-5] BaseTestWatcher.observers: [com.capgemini.ntc.selenium.pages.projectX.registration.RegistrationPage@68310200]
2018-01-27 at 00:50:48 CET logDebug - [pool-1-thread-5] TestClassRule.classObservers: []
2018-01-27 at 00:50:48 CET logDebug - [pool-1-thread-5] BasePage.onTestClassFinish   RegistrationPage
2018-01-27 at 00:50:48 CET logDebug - [pool-1-thread-5] driver:NewChromeDriver: chrome on XP (5cee5095ea73cb56e879d658c3ea27cb)
2018-01-27 at 00:50:48 CET logDebug - [pool-1-thread-5] Closing WebDriver for this thread. chrome
2018-01-27 at 00:50:49 CET logDebug - [pool-1-thread-5] All observers cleared.
Tests run: 1, Failures: 0, Errors: 0, Skipped: 0, Time elapsed: 67.479 sec - in com.capgemini.ntc.selenium.projectX.registration.RegisterOKTest
Running com.capgemini.ntc.selenium.projectX.navigationbar.NavigationBarTest
2018-01-27 at 00:49:40 CET logInfo - [pool-1-thread-4] test(com.capgemini.ntc.selenium.projectX.navigationbar.NavigationBarTest) STARTED.
2018-01-27 at 00:49:40 CET logInfo - [pool-1-thread-4] [Step 1] Open main page
2018-01-27 at 00:49:40 CET logDebug - [pool-1-thread-4] Creating new browser=chrome WebDriver.
2018-01-27 at 00:49:44 CET logInfo - [pool-1-thread-4] Trying to set requested resolution: 1600x1200.
2018-01-27 at 00:49:45 CET logInfo - [pool-1-thread-4] Resolution readed from device: 1600x1100
2018-01-27 at 00:49:46 CET logInfo - [pool-1-thread-4] Trying to set increased resolution for 'View port': 1616x1200.
2018-01-27 at 00:49:46 CET logInfo - [pool-1-thread-4] Resolution readed from device: 1616x1100
2018-01-27 at 00:49:46 CET logDebug - [pool-1-thread-4] driver:NewChromeDriver: chrome on XP (0160cc6897a0f936e89c09cb02387de8)
2018-01-27 at 00:49:46 CET logDebug - [pool-1-thread-4] To add observer: com.capgemini.ntc.selenium.pages.projectX.MainPage@cec5832
2018-01-27 at 00:49:46 CET logDebug - [pool-1-thread-4] BaseTestWatcher.observers: []
2018-01-27 at 00:49:46 CET logDebug - [pool-1-thread-4] TestClassRule.classObservers: []
2018-01-27 at 00:49:46 CET logDebug - [pool-1-thread-4] Added observer: com.capgemini.ntc.selenium.pages.projectX.MainPage@cec5832
2018-01-27 at 00:49:46 CET logDebug - [pool-1-thread-4] Waiting for [waitForPageLoaded] took [0.03 s]
2018-01-27 at 00:49:46 CET logDebug - [pool-1-thread-4] com.capgemini.ntc.selenium.pages.projectX.MainPage: Current loaded page (http://demoqa.com/) with pageTitle (). Page to load: (http://demoqa.com/) ,for page title: (Demoqa | Just another WordPress site)
2018-01-27 at 00:50:01 CET logInfo - [pool-1-thread-4] [Step 2] Click navigation bar - Home
2018-01-27 at 00:50:01 CET logDebug - [pool-1-thread-4] To add observer: com.capgemini.ntc.selenium.pages.projectX.navigationbar.NavigationBar@5891f641
2018-01-27 at 00:50:01 CET logDebug - [pool-1-thread-4] BaseTestWatcher.observers: [com.capgemini.ntc.selenium.pages.projectX.MainPage@cec5832]
2018-01-27 at 00:50:01 CET logDebug - [pool-1-thread-4] TestClassRule.classObservers: []
2018-01-27 at 00:50:01 CET logDebug - [pool-1-thread-4] Waiting for [waitForPageLoaded] took [0.059 s]
2018-01-27 at 00:50:01 CET logDebug - [pool-1-thread-4] Waiting for [findElementDynamic(): By.cssSelector: li[id='menu-item-38']] took [0.089 s]
2018-01-27 at 00:50:01 CET logDebug - [pool-1-thread-4] Waiting for [findElementDynamic(): By.cssSelector: li[id='menu-item-38']] took [0.253 s]
2018-01-27 at 00:50:02 CET logDebug - [pool-1-thread-4] Waiting for [waitForPageLoaded] took [0.038 s]
2018-01-27 at 00:50:02 CET logDebug - [pool-1-thread-4] Waiting for [findElementDynamic(): By.cssSelector: li[id='menu-item-38']] took [0.066 s]
2018-01-27 at 00:50:03 CET logInfo - [pool-1-thread-4] Clicking on Navigation bar link - Home
2018-01-27 at 00:50:03 CET logDebug - [pool-1-thread-4] Waiting for [waitForPageLoaded] took [0.128 s]
2018-01-27 at 00:50:03 CET logInfo - [pool-1-thread-4] [Step 3] Verify if main page is opened
2018-01-27 at 00:50:03 CET logDebug - [pool-1-thread-4] To add observer: com.capgemini.ntc.selenium.pages.projectX.navigationbar.home.NavBarHome@7b0b4e41
2018-01-27 at 00:50:03 CET logDebug - [pool-1-thread-4] BaseTestWatcher.observers: [com.capgemini.ntc.selenium.pages.projectX.MainPage@cec5832]
2018-01-27 at 00:50:03 CET logDebug - [pool-1-thread-4] TestClassRule.classObservers: []
2018-01-27 at 00:50:03 CET logDebug - [pool-1-thread-4] Waiting for [waitForPageLoaded] took [0.063 s]
2018-01-27 at 00:50:03 CET logDebug - [pool-1-thread-4] Waiting for [waitForPageLoaded] took [0.012 s]
2018-01-27 at 00:50:04 CET logInfo - [pool-1-thread-4] test(com.capgemini.ntc.selenium.projectX.navigationbar.NavigationBarTest) PASSED.
2018-01-27 at 00:50:04 CET logDebug - [pool-1-thread-4] BasePage.onTestSuccess    MainPage
2018-01-27 at 00:50:04 CET logInfo - [pool-1-thread-4] test(com.capgemini.ntc.selenium.projectX.navigationbar.NavigationBarTest) duration: 0,39 min
2018-01-27 at 00:50:04 CET logDebug - [pool-1-thread-4] BasePage.onTestFinish   MainPage
2018-01-27 at 00:50:04 CET logDebug - [pool-1-thread-4] To remove observer: com.capgemini.ntc.selenium.pages.projectX.MainPage@cec5832
2018-01-27 at 00:50:04 CET logDebug - [pool-1-thread-4] BaseTest.tearDownClass()
2018-01-27 at 00:50:04 CET logDebug - [pool-1-thread-4] BaseTestWatcher.observers: [com.capgemini.ntc.selenium.pages.projectX.MainPage@cec5832]
2018-01-27 at 00:50:04 CET logDebug - [pool-1-thread-4] TestClassRule.classObservers: []
2018-01-27 at 00:50:04 CET logDebug - [pool-1-thread-4] BasePage.onTestClassFinish   MainPage
2018-01-27 at 00:50:04 CET logDebug - [pool-1-thread-4] driver:NewChromeDriver: chrome on XP (0160cc6897a0f936e89c09cb02387de8)
2018-01-27 at 00:50:04 CET logDebug - [pool-1-thread-4] Closing WebDriver for this thread. chrome
2018-01-27 at 00:50:20 CET logDebug - [pool-1-thread-4] All observers cleared.
Tests run: 1, Failures: 0, Errors: 0, Skipped: 0, Time elapsed: 23.186 sec - in com.capgemini.ntc.selenium.projectX.navigationbar.NavigationBarTest
Starting ChromeDriver 2.33.506120 (e3e53437346286c0bc2d2dc9aa4915ba81d9023f) on port 30454
Only local connections are allowed.
Starting ChromeDriver 2.33.506120 (e3e53437346286c0bc2d2dc9aa4915ba81d9023f) on port 37308
Only local connections are allowed.
Starting ChromeDriver 2.33.506120 (e3e53437346286c0bc2d2dc9aa4915ba81d9023f) on port 23090
Only local connections are allowed.
sty 27, 2018 12:51:22 AM org.openqa.selenium.remote.ProtocolHandshake createSession
INFO: Detected dialect: OSS
2018-01-27 at 00:51:22 CET logInfo - [pool-1-thread-1] Trying to set requested resolution: 1600x1200.
sty 27, 2018 12:51:22 AM org.openqa.selenium.remote.ProtocolHandshake createSession
INFO: Detected dialect: OSS
sty 27, 2018 12:51:23 AM org.openqa.selenium.remote.ProtocolHandshake createSession
INFO: Detected dialect: OSS
2018-01-27 at 00:51:23 CET logInfo - [pool-1-thread-1] Resolution readed from device: 1600x1100
2018-01-27 at 00:51:23 CET logInfo - [pool-1-thread-1] Trying to set increased resolution for 'View port': 1616x1200.
2018-01-27 at 00:51:23 CET logInfo - [pool-1-thread-1] Resolution readed from device: 1616x1100
2018-01-27 at 00:51:23 CET logDebug - [pool-1-thread-1] driver:NewChromeDriver: chrome on XP (cba6ba7ba402de173b2c9ffd259b00eb)
2018-01-27 at 00:51:23 CET logDebug - [pool-1-thread-1] To add observer: com.capgemini.ntc.selenium.pages.projectY.TheInternetPage@47556fa8
2018-01-27 at 00:51:23 CET logDebug - [pool-1-thread-1] BaseTestWatcher.observers: []
2018-01-27 at 00:51:23 CET logDebug - [pool-1-thread-1] TestClassRule.classObservers: []
2018-01-27 at 00:51:23 CET logDebug - [pool-1-thread-1] Added observer: com.capgemini.ntc.selenium.pages.projectY.TheInternetPage@47556fa8
2018-01-27 at 00:51:23 CET logDebug - [pool-1-thread-1] The internet page is loaded: data:,
2018-01-27 at 00:51:23 CET logDebug - [pool-1-thread-1] load page
2018-01-27 at 00:51:41 CET logDebug - [pool-1-thread-1] Waiting for [waitForPageLoaded] took [0.096 s]
2018-01-27 at 00:51:41 CET logDebug - [pool-1-thread-1] The internet page is loaded: http://the-internet.herokuapp.com/
Running com.capgemini.ntc.selenium.features.samples.readFromTable.JsoupTest
Tests run: 1, Failures: 0, Errors: 0, Skipped: 0, Time elapsed: 2.422 sec - in com.capgemini.ntc.selenium.features.samples.readFromTable.JsoupTest
2018-01-27 at 00:51:41 CET logInfo - [pool-1-thread-1] shouldOpenABtestWhenClickABtestingLink(com.capgemini.ntc.selenium.projectY.ABtestingTest) STARTED.
2018-01-27 at 00:51:41 CET logInfo - [pool-1-thread-1] Step3 - click ABtesting link
2018-01-27 at 00:51:41 CET logDebug - [pool-1-thread-1] Waiting for [findElementDynamic(): By.cssSelector: li > a[href*=abtest]] took [0.064 s]
Running com.capgemini.ntc.selenium.projectX.MainPageTest
2018-01-27 at 00:49:40 CET logInfo - [pool-1-thread-3] test(com.capgemini.ntc.selenium.projectX.MainPageTest) STARTED.
2018-01-27 at 00:49:40 CET logDebug - [pool-1-thread-3] Creating new browser=chrome WebDriver.
2018-01-27 at 00:49:45 CET logInfo - [pool-1-thread-3] Trying to set requested resolution: 1600x1200.
2018-01-27 at 00:49:46 CET logInfo - [pool-1-thread-3] Resolution readed from device: 1600x1100
2018-01-27 at 00:49:46 CET logInfo - [pool-1-thread-3] Trying to set increased resolution for 'View port': 1616x1200.
2018-01-27 at 00:49:46 CET logInfo - [pool-1-thread-3] Resolution readed from device: 1616x1100
2018-01-27 at 00:49:46 CET logDebug - [pool-1-thread-3] driver:NewChromeDriver: chrome on XP (d7d32862fe8fc194b9db1a2cca45414b)
2018-01-27 at 00:49:46 CET logDebug - [pool-1-thread-3] To add observer: com.capgemini.ntc.selenium.pages.projectX.MainPage@620d7bcc
2018-01-27 at 00:49:46 CET logDebug - [pool-1-thread-3] BaseTestWatcher.observers: []
2018-01-27 at 00:49:46 CET logDebug - [pool-1-thread-3] TestClassRule.classObservers: []
2018-01-27 at 00:49:46 CET logDebug - [pool-1-thread-3] Added observer: com.capgemini.ntc.selenium.pages.projectX.MainPage@620d7bcc
2018-01-27 at 00:49:47 CET logDebug - [pool-1-thread-3] Waiting for [waitForPageLoaded] took [0.138 s]
2018-01-27 at 00:49:47 CET logDebug - [pool-1-thread-3] com.capgemini.ntc.selenium.pages.projectX.MainPage: Current loaded page (http://demoqa.com/) with pageTitle (). Page to load: (http://demoqa.com/) ,for page title: (Demoqa | Just another WordPress site)
2018-01-27 at 00:50:00 CET logInfo - [pool-1-thread-3] test(com.capgemini.ntc.selenium.projectX.MainPageTest) PASSED.
2018-01-27 at 00:50:00 CET logDebug - [pool-1-thread-3] BasePage.onTestSuccess    MainPage
2018-01-27 at 00:50:00 CET logInfo - [pool-1-thread-3] test(com.capgemini.ntc.selenium.projectX.MainPageTest) duration: 0,34 min
2018-01-27 at 00:50:00 CET logDebug - [pool-1-thread-3] BasePage.onTestFinish   MainPage
2018-01-27 at 00:50:00 CET logDebug - [pool-1-thread-3] To remove observer: com.capgemini.ntc.selenium.pages.projectX.MainPage@620d7bcc
2018-01-27 at 00:50:00 CET logDebug - [pool-1-thread-3] BaseTest.tearDownClass()
2018-01-27 at 00:50:00 CET logDebug - [pool-1-thread-3] BaseTestWatcher.observers: [com.capgemini.ntc.selenium.pages.projectX.MainPage@620d7bcc]
2018-01-27 at 00:50:00 CET logDebug - [pool-1-thread-3] TestClassRule.classObservers: []
2018-01-27 at 00:50:00 CET logDebug - [pool-1-thread-3] BasePage.onTestClassFinish   MainPage
2018-01-27 at 00:50:00 CET logDebug - [pool-1-thread-3] driver:NewChromeDriver: chrome on XP (d7d32862fe8fc194b9db1a2cca45414b)
2018-01-27 at 00:50:00 CET logDebug - [pool-1-thread-3] Closing WebDriver for this thread. chrome
2018-01-27 at 00:50:10 CET logDebug - [pool-1-thread-3] All observers cleared.
2018-01-27 at 00:51:16 CET logInfo - [pool-1-thread-3] Step 1: Open the Url http://the-internet.herokuapp.com/
2018-01-27 at 00:51:16 CET logDebug - [pool-1-thread-3] Creating new browser=chrome WebDriver.
2018-01-27 at 00:51:22 CET logInfo - [pool-1-thread-3] Trying to set requested resolution: 1600x1200.
2018-01-27 at 00:51:23 CET logInfo - [pool-1-thread-3] Resolution readed from device: 1600x1100
2018-01-27 at 00:51:23 CET logInfo - [pool-1-thread-3] Trying to set increased resolution for 'View port': 1616x1200.
2018-01-27 at 00:51:23 CET logInfo - [pool-1-thread-3] Resolution readed from device: 1616x1100
2018-01-27 at 00:51:23 CET logDebug - [pool-1-thread-3] driver:NewChromeDriver: chrome on XP (057d8509edddc208b65453e90a630166)
2018-01-27 at 00:51:23 CET logDebug - [pool-1-thread-3] To add observer: com.capgemini.ntc.selenium.pages.projectY.TheInternetPage@1721a854
2018-01-27 at 00:51:23 CET logDebug - [pool-1-thread-3] BaseTestWatcher.observers: []
2018-01-27 at 00:51:23 CET logDebug - [pool-1-thread-3] TestClassRule.classObservers: []
2018-01-27 at 00:51:23 CET logDebug - [pool-1-thread-3] Added observer: com.capgemini.ntc.selenium.pages.projectY.TheInternetPage@1721a854
2018-01-27 at 00:51:23 CET logDebug - [pool-1-thread-3] The internet page is loaded: data:,
2018-01-27 at 00:51:23 CET logDebug - [pool-1-thread-3] load page
2018-01-27 at 00:51:40 CET logDebug - [pool-1-thread-3] Waiting for [waitForPageLoaded] took [0.038 s]
2018-01-27 at 00:51:40 CET logInfo - [pool-1-thread-3] Step 2: Verify if Url http://the-internet.herokuapp.com/ opens
2018-01-27 at 00:51:40 CET logDebug - [pool-1-thread-3] The internet page is loaded: http://the-internet.herokuapp.com/
2018-01-27 at 00:51:40 CET logInfo - [pool-1-thread-3] Step 3: Click Checkboxes link
2018-01-27 at 00:51:40 CET logDebug - [pool-1-thread-3] Waiting for [findElementDynamic(): By.cssSelector: li > a[href*=checkboxes]] took [0.043 s]
2018-01-27 at 00:51:41 CET logDebug - [pool-1-thread-3] To add observer: com.capgemini.ntc.selenium.pages.projectY.CheckboxesPage@6267a0d3
2018-01-27 at 00:51:41 CET logDebug - [pool-1-thread-3] BaseTestWatcher.observers: []
2018-01-27 at 00:51:41 CET logDebug - [pool-1-thread-3] TestClassRule.classObservers: [com.capgemini.ntc.selenium.pages.projectY.TheInternetPage@1721a854]
2018-01-27 at 00:51:41 CET logDebug - [pool-1-thread-3] The checkboxes page is loaded.
2018-01-27 at 00:51:41 CET logInfo - [pool-1-thread-3] Step 4: Verify if Checkboxes Page opens
2018-01-27 at 00:51:41 CET logDebug - [pool-1-thread-3] The checkboxes page is loaded.
2018-01-27 at 00:51:41 CET logInfo - [pool-1-thread-3] Step 5: Verify if checkboxes elements are visible
2018-01-27 at 00:51:41 CET logDebug - [pool-1-thread-3] Waiting for [findElementDynamic(): By.cssSelector: #checkboxes] took [0.05 s]
Tests run: 1, Failures: 0, Errors: 0, Skipped: 0, Time elapsed: 20.139 sec - in com.capgemini.ntc.selenium.projectX.MainPageTest
2018-01-27 at 00:51:42 CET logDebug - [pool-1-thread-1] To add observer: com.capgemini.ntc.selenium.pages.projectY.ABtestPage@1e6a2068
2018-01-27 at 00:51:42 CET logDebug - [pool-1-thread-1] BaseTestWatcher.observers: []
2018-01-27 at 00:51:42 CET logDebug - [pool-1-thread-1] TestClassRule.classObservers: [com.capgemini.ntc.selenium.pages.projectY.TheInternetPage@47556fa8]
2018-01-27 at 00:51:42 CET logInfo - [pool-1-thread-1] shouldOpenABtestWhenClickABtestingLink(com.capgemini.ntc.selenium.projectY.ABtestingTest) PASSED.
2018-01-27 at 00:51:42 CET logDebug - [pool-1-thread-1] BasePage.onTestSuccess    TheInternetPage
2018-01-27 at 00:51:42 CET logInfo - [pool-1-thread-1] shouldOpenABtestWhenClickABtestingLink(com.capgemini.ntc.selenium.projectY.ABtestingTest) duration: 0,03 min
2018-01-27 at 00:51:43 CET logDebug - [pool-1-thread-1] Waiting for [waitForPageLoaded] took [0.114 s]
2018-01-27 at 00:51:43 CET logInfo - [pool-1-thread-1] shouldOpenElementalSeleniumPageWhenClickElementalSeleniumLink(com.capgemini.ntc.selenium.projectY.ABtestingTest) STARTED.
2018-01-27 at 00:51:43 CET logInfo - [pool-1-thread-1] Step3 - click ABtesting link
Running registrationTest
2018-01-27 at 00:49:40 CET logInfo - [pool-1-thread-6] registrationTest(com.capgemini.ntc.selenium.projectX.registration.RegisterOKTestDDExternalDataTest) STARTED.
2018-01-27 at 00:49:40 CET logDebug - [pool-1-thread-6] Creating new browser=chrome WebDriver.
2018-01-27 at 00:49:45 CET logInfo - [pool-1-thread-6] Trying to set requested resolution: 1600x1200.
2018-01-27 at 00:49:46 CET logInfo - [pool-1-thread-6] Resolution readed from device: 1600x1100
2018-01-27 at 00:49:46 CET logInfo - [pool-1-thread-6] Trying to set increased resolution for 'View port': 1616x1200.
2018-01-27 at 00:49:47 CET logInfo - [pool-1-thread-6] Resolution readed from device: 1616x1100
2018-01-27 at 00:49:47 CET logDebug - [pool-1-thread-6] driver:NewChromeDriver: chrome on XP (f7f8d4a53b6e6be106252e3cb762211f)
2018-01-27 at 00:49:47 CET logDebug - [pool-1-thread-6] To add observer: com.capgemini.ntc.selenium.pages.projectX.registration.RegistrationPage@706bfe9f
2018-01-27 at 00:49:47 CET logDebug - [pool-1-thread-6] BaseTestWatcher.observers: []
2018-01-27 at 00:49:47 CET logDebug - [pool-1-thread-6] TestClassRule.classObservers: []
2018-01-27 at 00:49:47 CET logDebug - [pool-1-thread-6] Added observer: com.capgemini.ntc.selenium.pages.projectX.registration.RegistrationPage@706bfe9f
2018-01-27 at 00:49:47 CET logDebug - [pool-1-thread-6] Waiting for [waitForPageLoaded] took [0.103 s]
2018-01-27 at 00:49:47 CET logDebug - [pool-1-thread-6] com.capgemini.ntc.selenium.pages.projectX.registration.RegistrationPage: Current loaded page (http://demoqa.com/registration/) with pageTitle (). Page to load: (http://demoqa.com/registration/) ,for page title: (Registration | Demoqa)
2018-01-27 at 00:50:01 CET logDebug - [pool-1-thread-6] Waiting for [waitForPageLoaded] took [0.035 s]
2018-01-27 at 00:50:01 CET logDebug - [pool-1-thread-6] Waiting for [findElementDynamic(): By.cssSelector: input[id='name_3_firstname']] took [0.158 s]
2018-01-27 at 00:50:01 CET logDebug - [pool-1-thread-6] Waiting for [findElementDynamic(): By.cssSelector: input[id='name_3_firstname']] took [0.123 s]
2018-01-27 at 00:50:01 CET logDebug - [pool-1-thread-6] Waiting for [findElementDynamic(): By.cssSelector: input[id='name_3_firstname']] took [0.094 s]
2018-01-27 at 00:50:02 CET logDebug - [pool-1-thread-6] Waiting for [findElementDynamic(): By.cssSelector: input[id='name_3_lastname']] took [0.11 s]
2018-01-27 at 00:50:02 CET logDebug - [pool-1-thread-6] Waiting for [findElementDynamic(): By.cssSelector: input[id='name_3_lastname']] took [0.109 s]
2018-01-27 at 00:50:03 CET logDebug - [pool-1-thread-6] Waiting for [findElementDynamic(): By.cssSelector: input[id='name_3_lastname']] took [0.178 s]
2018-01-27 at 00:50:03 CET logDebug - [pool-1-thread-6] Waiting for [findElementDynamic(): By.cssSelector: div[class='radio_wrap']] took [0.058 s]
2018-01-27 at 00:50:03 CET logDebug - [pool-1-thread-6] Waiting for [findElementDynamic(): By.cssSelector: div[class='radio_wrap']] took [0.031 s]
2018-01-27 at 00:50:04 CET logDebug - [pool-1-thread-6] Waiting for [findElementDynamic(): By.cssSelector: div[class='radio_wrap']] took [0.036 s]
Input text element: com.capgemini.ntc.selenium.core.newDrivers.elementType.RadioButtonElement@275488c3 isn't clicked.
2018-01-27 at 00:50:04 CET logDebug - [pool-1-thread-6] Waiting for [findElementDynamic(): By.cssSelector: li.fields.pageFields_1:nth-child(3) div.radio_wrap] took [0.076 s]
2018-01-27 at 00:50:04 CET logDebug - [pool-1-thread-6] Waiting for [findElementDynamic(): By.cssSelector: li.fields.pageFields_1:nth-child(3) div.radio_wrap] took [0.033 s]
2018-01-27 at 00:50:05 CET logDebug - [pool-1-thread-6] Waiting for [findElementDynamic(): By.cssSelector: select[id='dropdown_7']] took [0.086 s]
2018-01-27 at 00:50:05 CET logDebug - [pool-1-thread-6] Waiting for [findElementDynamic(): By.cssSelector: select[id='dropdown_7']] took [0.014 s]
2018-01-27 at 00:50:05 CET logDebug - [pool-1-thread-6] Waiting for [findElementDynamic(): By.cssSelector: select[id='dropdown_7']] took [0.032 s]
2018-01-27 at 00:50:23 CET logDebug - [pool-1-thread-6] Waiting for [findElementDynamic(): By.cssSelector: select[id='dropdown_7']] took [0.042 s]
2018-01-27 at 00:50:23 CET logDebug - [pool-1-thread-6] Waiting for [findElementDynamic(): By.cssSelector: select[id='mm_date_8']] took [0.05 s]
2018-01-27 at 00:50:23 CET logDebug - [pool-1-thread-6] Waiting for [findElementDynamic(): By.cssSelector: select[id='mm_date_8']] took [0.024 s]
2018-01-27 at 00:50:23 CET logDebug - [pool-1-thread-6] Waiting for [findElementDynamic(): By.cssSelector: select[id='mm_date_8']] took [0.093 s]
2018-01-27 at 00:50:25 CET logDebug - [pool-1-thread-6] Waiting for [findElementDynamic(): By.cssSelector: select[id='mm_date_8']] took [0.028 s]
2018-01-27 at 00:50:25 CET logDebug - [pool-1-thread-6] Waiting for [findElementDynamic(): By.cssSelector: select[id='dd_date_8']] took [0.035 s]
2018-01-27 at 00:50:25 CET logDebug - [pool-1-thread-6] Waiting for [findElementDynamic(): By.cssSelector: select[id='dd_date_8']] took [0.038 s]
2018-01-27 at 00:50:25 CET logDebug - [pool-1-thread-6] Waiting for [findElementDynamic(): By.cssSelector: select[id='dd_date_8']] took [0.027 s]
2018-01-27 at 00:50:30 CET logDebug - [pool-1-thread-6] Waiting for [findElementDynamic(): By.cssSelector: select[id='dd_date_8']] took [0.132 s]
2018-01-27 at 00:50:30 CET logDebug - [pool-1-thread-6] Waiting for [findElementDynamic(): By.cssSelector: select[id='yy_date_8']] took [0.079 s]
2018-01-27 at 00:50:30 CET logDebug - [pool-1-thread-6] Waiting for [findElementDynamic(): By.cssSelector: select[id='yy_date_8']] took [0.029 s]
2018-01-27 at 00:50:31 CET logDebug - [pool-1-thread-6] Waiting for [findElementDynamic(): By.cssSelector: select[id='yy_date_8']] took [0.077 s]
2018-01-27 at 00:50:36 CET logDebug - [pool-1-thread-6] Waiting for [findElementDynamic(): By.cssSelector: select[id='yy_date_8']] took [0.035 s]
2018-01-27 at 00:50:36 CET logDebug - [pool-1-thread-6] Waiting for [findElementDynamic(): By.cssSelector: input[id='phone_9']] took [0.052 s]
2018-01-27 at 00:50:36 CET logDebug - [pool-1-thread-6] Waiting for [findElementDynamic(): By.cssSelector: input[id='phone_9']] took [0.024 s]
2018-01-27 at 00:50:36 CET logDebug - [pool-1-thread-6] Waiting for [findElementDynamic(): By.cssSelector: input[id='phone_9']] took [0.052 s]
2018-01-27 at 00:50:37 CET logDebug - [pool-1-thread-6] Waiting for [findElementDynamic(): By.cssSelector: input[id='username']] took [0.041 s]
2018-01-27 at 00:50:37 CET logDebug - [pool-1-thread-6] Waiting for [findElementDynamic(): By.cssSelector: input[id='username']] took [0.041 s]
2018-01-27 at 00:50:37 CET logDebug - [pool-1-thread-6] Waiting for [findElementDynamic(): By.cssSelector: input[id='username']] took [0.042 s]
2018-01-27 at 00:50:37 CET logDebug - [pool-1-thread-6] Waiting for [findElementDynamic(): By.cssSelector: input[id='email_1']] took [0.111 s]
2018-01-27 at 00:50:37 CET logDebug - [pool-1-thread-6] Waiting for [findElementDynamic(): By.cssSelector: input[id='email_1']] took [0.058 s]
2018-01-27 at 00:50:38 CET logDebug - [pool-1-thread-6] Waiting for [findElementDynamic(): By.cssSelector: input[id='email_1']] took [0.079 s]
2018-01-27 at 00:50:39 CET logDebug - [pool-1-thread-6] Waiting for [findElementDynamic(): By.cssSelector: textarea[ id='description' ]] took [0.05 s]
2018-01-27 at 00:50:39 CET logDebug - [pool-1-thread-6] Waiting for [findElementDynamic(): By.cssSelector: textarea[ id='description' ]] took [0.028 s]
2018-01-27 at 00:50:39 CET logDebug - [pool-1-thread-6] Waiting for [findElementDynamic(): By.cssSelector: textarea[ id='description' ]] took [0.044 s]
2018-01-27 at 00:50:39 CET logDebug - [pool-1-thread-6] Waiting for [findElementDynamic(): By.cssSelector: input[id='password_2']] took [0.035 s]
2018-01-27 at 00:50:39 CET logDebug - [pool-1-thread-6] Waiting for [findElementDynamic(): By.cssSelector: input[id='password_2']] took [0.033 s]
2018-01-27 at 00:50:40 CET logDebug - [pool-1-thread-6] Waiting for [findElementDynamic(): By.cssSelector: input[id='password_2']] took [0.039 s]
2018-01-27 at 00:50:41 CET logDebug - [pool-1-thread-6] Waiting for [findElementDynamic(): By.cssSelector: input[id='confirm_password_password_2']] took [0.067 s]
2018-01-27 at 00:50:41 CET logDebug - [pool-1-thread-6] Waiting for [findElementDynamic(): By.cssSelector: input[id='confirm_password_password_2']] took [0.04 s]
2018-01-27 at 00:50:41 CET logDebug - [pool-1-thread-6] Waiting for [findElementDynamic(): By.cssSelector: input[id='confirm_password_password_2']] took [0.163 s]
2018-01-27 at 00:50:41 CET logDebug - [pool-1-thread-6] Waiting for [findElementDynamic(): By.cssSelector: input[name='pie_submit']] took [0.052 s]
2018-01-27 at 00:50:42 CET logDebug - [pool-1-thread-6] Waiting for [findElementDynamic(): By.cssSelector: input[name='pie_submit']] took [0.053 s]
2018-01-27 at 00:50:42 CET logDebug - [pool-1-thread-6] Waiting for [waitForPageLoaded] took [0.02 s]
2018-01-27 at 00:50:42 CET logDebug - [pool-1-thread-6] Waiting for [findElementDynamic(): By.cssSelector: input[name='pie_submit']] took [0.029 s]
2018-01-27 at 00:50:47 CET logDebug - [pool-1-thread-6] Waiting for [waitForElementVisible(): By.cssSelector: p[class='piereg_login_error']] took [0.587 s]
2018-01-27 at 00:50:48 CET logDebug - [pool-1-thread-6] Waiting for [waitForElementVisible(): By.cssSelector: p[class='piereg_login_error']] took [0.171 s]
2018-01-27 at 00:50:48 CET logDebug - [pool-1-thread-6] Error: Username already exists
2018-01-27 at 00:50:48 CET logDebug - [pool-1-thread-6] Waiting for [findElementDynamic(): By.cssSelector: p[class='piereg_login_error']] took [0.034 s]
2018-01-27 at 00:50:48 CET logDebug - [pool-1-thread-6] Waiting for [findElementDynamic(): By.cssSelector: p[class='piereg_login_error']] took [0.035 s]
2018-01-27 at 00:50:48 CET logInfo - [pool-1-thread-6] registrationTest(com.capgemini.ntc.selenium.projectX.registration.RegisterOKTestDDExternalDataTest) PASSED.
2018-01-27 at 00:50:48 CET logDebug - [pool-1-thread-6] BasePage.onTestSuccess    RegistrationPage
2018-01-27 at 00:50:48 CET logInfo - [pool-1-thread-6] registrationTest(com.capgemini.ntc.selenium.projectX.registration.RegisterOKTestDDExternalDataTest) duration: 1,12 min
2018-01-27 at 00:50:49 CET logDebug - [pool-1-thread-6] BasePage.onTestFinish   RegistrationPage
2018-01-27 at 00:50:49 CET logDebug - [pool-1-thread-6] To remove observer: com.capgemini.ntc.selenium.pages.projectX.registration.RegistrationPage@706bfe9f
2018-01-27 at 00:50:49 CET logInfo - [pool-1-thread-6] registrationTest(com.capgemini.ntc.selenium.projectX.registration.RegisterOKTestDDExternalDataTest) STARTED.
2018-01-27 at 00:50:49 CET logDebug - [pool-1-thread-6] To add observer: com.capgemini.ntc.selenium.pages.projectX.registration.RegistrationPage@22cafb71
2018-01-27 at 00:50:49 CET logDebug - [pool-1-thread-6] BaseTestWatcher.observers: [com.capgemini.ntc.selenium.pages.projectX.registration.RegistrationPage@706bfe9f]
2018-01-27 at 00:50:49 CET logDebug - [pool-1-thread-6] TestClassRule.classObservers: []
2018-01-27 at 00:50:49 CET logDebug - [pool-1-thread-6] Waiting for [waitForPageLoaded] took [0.336 s]
2018-01-27 at 00:50:49 CET logDebug - [pool-1-thread-6] Waiting for [waitForPageLoaded] took [0.01 s]
2018-01-27 at 00:50:50 CET logDebug - [pool-1-thread-6] Waiting for [findElementDynamic(): By.cssSelector: input[id='name_3_firstname']] took [0.038 s]
2018-01-27 at 00:50:50 CET logDebug - [pool-1-thread-6] Waiting for [findElementDynamic(): By.cssSelector: input[id='name_3_firstname']] took [0.029 s]
2018-01-27 at 00:50:50 CET logDebug - [pool-1-thread-6] Waiting for [findElementDynamic(): By.cssSelector: input[id='name_3_firstname']] took [0.025 s]
2018-01-27 at 00:50:50 CET logDebug - [pool-1-thread-6] Waiting for [findElementDynamic(): By.cssSelector: input[id='name_3_lastname']] took [0.029 s]
2018-01-27 at 00:50:50 CET logDebug - [pool-1-thread-6] Waiting for [findElementDynamic(): By.cssSelector: input[id='name_3_lastname']] took [0.02 s]
2018-01-27 at 00:50:50 CET logDebug - [pool-1-thread-6] Waiting for [findElementDynamic(): By.cssSelector: input[id='name_3_lastname']] took [0.015 s]
2018-01-27 at 00:50:50 CET logDebug - [pool-1-thread-6] Waiting for [findElementDynamic(): By.cssSelector: div[class='radio_wrap']] took [0.043 s]
2018-01-27 at 00:50:50 CET logDebug - [pool-1-thread-6] Waiting for [findElementDynamic(): By.cssSelector: div[class='radio_wrap']] took [0.019 s]
2018-01-27 at 00:50:51 CET logDebug - [pool-1-thread-6] Waiting for [findElementDynamic(): By.cssSelector: div[class='radio_wrap']] took [0.015 s]
2018-01-27 at 00:50:51 CET logDebug - [pool-1-thread-6] Waiting for [findElementDynamic(): By.cssSelector: li.fields.pageFields_1:nth-child(3) div.radio_wrap] took [0.033 s]
2018-01-27 at 00:50:51 CET logDebug - [pool-1-thread-6] Waiting for [findElementDynamic(): By.cssSelector: li.fields.pageFields_1:nth-child(3) div.radio_wrap] took [0.023 s]
2018-01-27 at 00:50:51 CET logDebug - [pool-1-thread-6] Waiting for [findElementDynamic(): By.cssSelector: select[id='dropdown_7']] took [0.041 s]
2018-01-27 at 00:50:51 CET logDebug - [pool-1-thread-6] Waiting for [findElementDynamic(): By.cssSelector: select[id='dropdown_7']] took [0.026 s]
2018-01-27 at 00:50:51 CET logDebug - [pool-1-thread-6] Waiting for [findElementDynamic(): By.cssSelector: select[id='dropdown_7']] took [0.027 s]
2018-01-27 at 00:51:01 CET logDebug - [pool-1-thread-6] Waiting for [findElementDynamic(): By.cssSelector: select[id='dropdown_7']] took [0.018 s]
2018-01-27 at 00:51:01 CET logDebug - [pool-1-thread-6] Waiting for [findElementDynamic(): By.cssSelector: select[id='mm_date_8']] took [0.034 s]
2018-01-27 at 00:51:01 CET logDebug - [pool-1-thread-6] Waiting for [findElementDynamic(): By.cssSelector: select[id='mm_date_8']] took [0.01 s]
2018-01-27 at 00:51:01 CET logDebug - [pool-1-thread-6] Waiting for [findElementDynamic(): By.cssSelector: select[id='mm_date_8']] took [0.032 s]
2018-01-27 at 00:51:02 CET logDebug - [pool-1-thread-6] Waiting for [findElementDynamic(): By.cssSelector: select[id='mm_date_8']] took [0.02 s]
2018-01-27 at 00:51:02 CET logDebug - [pool-1-thread-6] Waiting for [findElementDynamic(): By.cssSelector: select[id='dd_date_8']] took [0.026 s]
2018-01-27 at 00:51:02 CET logDebug - [pool-1-thread-6] Waiting for [findElementDynamic(): By.cssSelector: select[id='dd_date_8']] took [0.014 s]
2018-01-27 at 00:51:02 CET logDebug - [pool-1-thread-6] Waiting for [findElementDynamic(): By.cssSelector: select[id='dd_date_8']] took [0.027 s]
2018-01-27 at 00:51:04 CET logDebug - [pool-1-thread-6] Waiting for [findElementDynamic(): By.cssSelector: select[id='dd_date_8']] took [0.014 s]
2018-01-27 at 00:51:04 CET logDebug - [pool-1-thread-6] Waiting for [findElementDynamic(): By.cssSelector: select[id='yy_date_8']] took [0.024 s]
2018-01-27 at 00:51:04 CET logDebug - [pool-1-thread-6] Waiting for [findElementDynamic(): By.cssSelector: select[id='yy_date_8']] took [0.022 s]
2018-01-27 at 00:51:04 CET logDebug - [pool-1-thread-6] Waiting for [findElementDynamic(): By.cssSelector: select[id='yy_date_8']] took [0.045 s]
2018-01-27 at 00:51:07 CET logDebug - [pool-1-thread-6] Waiting for [findElementDynamic(): By.cssSelector: select[id='yy_date_8']] took [0.017 s]
2018-01-27 at 00:51:07 CET logDebug - [pool-1-thread-6] Waiting for [findElementDynamic(): By.cssSelector: input[id='phone_9']] took [0.041 s]
2018-01-27 at 00:51:07 CET logDebug - [pool-1-thread-6] Waiting for [findElementDynamic(): By.cssSelector: input[id='phone_9']] took [0.014 s]
2018-01-27 at 00:51:07 CET logDebug - [pool-1-thread-6] Waiting for [findElementDynamic(): By.cssSelector: input[id='phone_9']] took [0.022 s]
2018-01-27 at 00:51:08 CET logDebug - [pool-1-thread-6] Waiting for [findElementDynamic(): By.cssSelector: input[id='username']] took [0.027 s]
2018-01-27 at 00:51:08 CET logDebug - [pool-1-thread-6] Waiting for [findElementDynamic(): By.cssSelector: input[id='username']] took [0.012 s]
2018-01-27 at 00:51:08 CET logDebug - [pool-1-thread-6] Waiting for [findElementDynamic(): By.cssSelector: input[id='username']] took [0.03 s]
2018-01-27 at 00:51:08 CET logDebug - [pool-1-thread-6] Waiting for [findElementDynamic(): By.cssSelector: input[id='email_1']] took [0.039 s]
2018-01-27 at 00:51:08 CET logDebug - [pool-1-thread-6] Waiting for [findElementDynamic(): By.cssSelector: input[id='email_1']] took [0.017 s]
2018-01-27 at 00:51:08 CET logDebug - [pool-1-thread-6] Waiting for [findElementDynamic(): By.cssSelector: input[id='email_1']] took [0.03 s]
2018-01-27 at 00:51:09 CET logDebug - [pool-1-thread-6] Waiting for [findElementDynamic(): By.cssSelector: textarea[ id='description' ]] took [0.067 s]
2018-01-27 at 00:51:09 CET logDebug - [pool-1-thread-6] Waiting for [findElementDynamic(): By.cssSelector: textarea[ id='description' ]] took [0.041 s]
2018-01-27 at 00:51:09 CET logDebug - [pool-1-thread-6] Waiting for [findElementDynamic(): By.cssSelector: textarea[ id='description' ]] took [0.021 s]
2018-01-27 at 00:51:10 CET logDebug - [pool-1-thread-6] Waiting for [findElementDynamic(): By.cssSelector: input[id='password_2']] took [0.038 s]
2018-01-27 at 00:51:10 CET logDebug - [pool-1-thread-6] Waiting for [findElementDynamic(): By.cssSelector: input[id='password_2']] took [0.016 s]
2018-01-27 at 00:51:10 CET logDebug - [pool-1-thread-6] Waiting for [findElementDynamic(): By.cssSelector: input[id='password_2']] took [0.037 s]
2018-01-27 at 00:51:10 CET logDebug - [pool-1-thread-6] Waiting for [findElementDynamic(): By.cssSelector: input[id='confirm_password_password_2']] took [0.038 s]
2018-01-27 at 00:51:10 CET logDebug - [pool-1-thread-6] Waiting for [findElementDynamic(): By.cssSelector: input[id='confirm_password_password_2']] took [0.026 s]
2018-01-27 at 00:51:10 CET logDebug - [pool-1-thread-6] Waiting for [findElementDynamic(): By.cssSelector: input[id='confirm_password_password_2']] took [0.014 s]
2018-01-27 at 00:51:11 CET logDebug - [pool-1-thread-6] Waiting for [findElementDynamic(): By.cssSelector: input[name='pie_submit']] took [0.023 s]
2018-01-27 at 00:51:11 CET logDebug - [pool-1-thread-6] Waiting for [findElementDynamic(): By.cssSelector: input[name='pie_submit']] took [0.012 s]
2018-01-27 at 00:51:11 CET logDebug - [pool-1-thread-6] Waiting for [waitForPageLoaded] took [0.019 s]
2018-01-27 at 00:51:11 CET logDebug - [pool-1-thread-6] Waiting for [findElementDynamic(): By.cssSelector: input[name='pie_submit']] took [0.012 s]
2018-01-27 at 00:51:12 CET logDebug - [pool-1-thread-6] Waiting for [waitForElementVisible(): By.cssSelector: p[class='piereg_login_error']] took [0.262 s]
2018-01-27 at 00:51:12 CET logDebug - [pool-1-thread-6] Waiting for [waitForElementVisible(): By.cssSelector: p[class='piereg_login_error']] took [0.04 s]
2018-01-27 at 00:51:13 CET logDebug - [pool-1-thread-6] Error: Username already exists
2018-01-27 at 00:51:13 CET logDebug - [pool-1-thread-6] Waiting for [findElementDynamic(): By.cssSelector: p[class='piereg_login_error']] took [0.012 s]
2018-01-27 at 00:51:13 CET logDebug - [pool-1-thread-6] Waiting for [findElementDynamic(): By.cssSelector: p[class='piereg_login_error']] took [0.011 s]
2018-01-27 at 00:51:13 CET logInfo - [pool-1-thread-6] registrationTest(com.capgemini.ntc.selenium.projectX.registration.RegisterOKTestDDExternalDataTest) PASSED.
2018-01-27 at 00:51:13 CET logDebug - [pool-1-thread-6] BasePage.onTestSuccess    RegistrationPage
2018-01-27 at 00:51:13 CET logInfo - [pool-1-thread-6] registrationTest(com.capgemini.ntc.selenium.projectX.registration.RegisterOKTestDDExternalDataTest) duration: 0,39 min
2018-01-27 at 00:51:15 CET logDebug - [pool-1-thread-6] BasePage.onTestFinish   RegistrationPage
2018-01-27 at 00:51:15 CET logDebug - [pool-1-thread-6] To remove observer: com.capgemini.ntc.selenium.pages.projectX.registration.RegistrationPage@706bfe9f
2018-01-27 at 00:51:15 CET logDebug - [pool-1-thread-6] BaseTest.tearDownClass()
2018-01-27 at 00:51:15 CET logDebug - [pool-1-thread-6] BaseTestWatcher.observers: [com.capgemini.ntc.selenium.pages.projectX.registration.RegistrationPage@706bfe9f]
2018-01-27 at 00:51:15 CET logDebug - [pool-1-thread-6] TestClassRule.classObservers: []
2018-01-27 at 00:51:15 CET logDebug - [pool-1-thread-6] BasePage.onTestClassFinish   RegistrationPage
2018-01-27 at 00:51:15 CET logDebug - [pool-1-thread-6] driver:NewChromeDriver: chrome on XP (f7f8d4a53b6e6be106252e3cb762211f)
2018-01-27 at 00:51:15 CET logDebug - [pool-1-thread-6] Closing WebDriver for this thread. chrome
2018-01-27 at 00:51:16 CET logDebug - [pool-1-thread-6] All observers cleared.
2018-01-27 at 00:51:16 CET logInfo - [pool-1-thread-6] Step 1: Open the Url http://the-internet.herokuapp.com/
2018-01-27 at 00:51:16 CET logDebug - [pool-1-thread-6] Creating new browser=chrome WebDriver.
2018-01-27 at 00:51:23 CET logInfo - [pool-1-thread-6] Trying to set requested resolution: 1600x1200.
2018-01-27 at 00:51:24 CET logInfo - [pool-1-thread-6] Resolution readed from device: 1600x1100
2018-01-27 at 00:51:24 CET logInfo - [pool-1-thread-6] Trying to set increased resolution for 'View port': 1616x1200.
2018-01-27 at 00:51:25 CET logInfo - [pool-1-thread-6] Resolution readed from device: 1616x1100
2018-01-27 at 00:51:25 CET logDebug - [pool-1-thread-6] driver:NewChromeDriver: chrome on XP (9805120b4c3854193700e242d3b50780)
2018-01-27 at 00:51:25 CET logDebug - [pool-1-thread-6] To add observer: com.capgemini.ntc.selenium.pages.projectY.TheInternetPage@4b828c95
2018-01-27 at 00:51:25 CET logDebug - [pool-1-thread-6] BaseTestWatcher.observers: []
2018-01-27 at 00:51:25 CET logDebug - [pool-1-thread-6] TestClassRule.classObservers: []
2018-01-27 at 00:51:25 CET logDebug - [pool-1-thread-6] Added observer: com.capgemini.ntc.selenium.pages.projectY.TheInternetPage@4b828c95
2018-01-27 at 00:51:25 CET logDebug - [pool-1-thread-6] The internet page is loaded: data:,
2018-01-27 at 00:51:25 CET logDebug - [pool-1-thread-6] load page
2018-01-27 at 00:51:43 CET logDebug - [pool-1-thread-6] Waiting for [waitForPageLoaded] took [0.165 s]
2018-01-27 at 00:51:43 CET logInfo - [pool-1-thread-6] Step 2: Verify if Url http://the-internet.herokuapp.com/ opens
2018-01-27 at 00:51:43 CET logDebug - [pool-1-thread-6] The internet page is loaded: http://the-internet.herokuapp.com/
Input text element: com.capgemini.ntc.selenium.core.newDrivers.elementType.RadioButtonElement@4c9028ff isn't clicked.
Tests run: 2, Failures: 0, Errors: 0, Skipped: 0, Time elapsed: 94.514 sec - in registrationTest
2018-01-27 at 00:51:43 CET logDebug - [pool-1-thread-1] Waiting for [findElementDynamic(): By.cssSelector: li > a[href*=abtest]] took [0.105 s]
2018-01-27 at 00:51:44 CET logDebug - [pool-1-thread-1] To add observer: com.capgemini.ntc.selenium.pages.projectY.ABtestPage@27af941d
2018-01-27 at 00:51:44 CET logDebug - [pool-1-thread-1] BaseTestWatcher.observers: []
2018-01-27 at 00:51:44 CET logDebug - [pool-1-thread-1] TestClassRule.classObservers: [com.capgemini.ntc.selenium.pages.projectY.TheInternetPage@47556fa8]
2018-01-27 at 00:51:45 CET logInfo - [pool-1-thread-1] Step4 - click Elemental Selenium link
2018-01-27 at 00:51:45 CET logDebug - [pool-1-thread-1] Waiting for [findElementDynamic(): By.cssSelector: div > div > a] took [0.139 s]
2018-01-27 at 00:51:46 CET logDebug - [pool-1-thread-1] Waiting for [waitForPageLoaded] took [0.223 s]
2018-01-27 at 00:51:46 CET logDebug - [pool-1-thread-1] To add observer: com.capgemini.ntc.selenium.pages.projectY.ElementalSeleniumPage@6359562c
2018-01-27 at 00:51:46 CET logDebug - [pool-1-thread-1] BaseTestWatcher.observers: []
2018-01-27 at 00:51:46 CET logDebug - [pool-1-thread-1] TestClassRule.classObservers: [com.capgemini.ntc.selenium.pages.projectY.TheInternetPage@47556fa8]
2018-01-27 at 00:51:46 CET logDebug - [pool-1-thread-1] load()
2018-01-27 at 00:51:46 CET logInfo - [pool-1-thread-1] Step5 - switch tab in browser to new opened Elemental Selenium link
2018-01-27 at 00:51:49 CET logInfo - [pool-1-thread-1] shouldOpenElementalSeleniumPageWhenClickElementalSeleniumLink(com.capgemini.ntc.selenium.projectY.ABtestingTest) PASSED.
2018-01-27 at 00:51:49 CET logDebug - [pool-1-thread-1] BasePage.onTestSuccess    TheInternetPage
2018-01-27 at 00:51:49 CET logInfo - [pool-1-thread-1] shouldOpenElementalSeleniumPageWhenClickElementalSeleniumLink(com.capgemini.ntc.selenium.projectY.ABtestingTest) duration: 0,09 min
2018-01-27 at 00:51:51 CET logDebug - [pool-1-thread-1] Waiting for [waitForPageLoaded] took [2.582 s]
2018-01-27 at 00:51:51 CET logDebug - [pool-1-thread-1] BaseTest.tearDownClass()
2018-01-27 at 00:51:51 CET logDebug - [pool-1-thread-1] BaseTestWatcher.observers: []
2018-01-27 at 00:51:51 CET logDebug - [pool-1-thread-1] TestClassRule.classObservers: [com.capgemini.ntc.selenium.pages.projectY.TheInternetPage@47556fa8]
2018-01-27 at 00:51:51 CET logDebug - [pool-1-thread-1] BasePage.onTestClassFinish   TheInternetPage
2018-01-27 at 00:51:51 CET logDebug - [pool-1-thread-1] driver:NewChromeDriver: chrome on XP (cba6ba7ba402de173b2c9ffd259b00eb)
2018-01-27 at 00:51:51 CET logDebug - [pool-1-thread-1] Closing WebDriver for this thread. chrome
2018-01-27 at 00:51:52 CET logDebug - [pool-1-thread-1] All observers cleared.
Running com.capgemini.ntc.selenium.projectY.ChallengingDomTest
sty 27, 2018 12:51:52 AM org.openqa.selenium.remote.DesiredCapabilities chrome
INFO: Using `new ChromeOptions()` is preferred to `DesiredCapabilities.chrome()`
Tests run: 1, Failures: 0, Errors: 0, Skipped: 0, Time elapsed: 31.57 sec - in com.capgemini.ntc.selenium.projectY.ChallengingDomTest
Running com.capgemini.ntc.selenium.projectY.ABtestingTest
Tests run: 2, Failures: 0, Errors: 0, Skipped: 0, Time elapsed: 10.696 sec - in com.capgemini.ntc.selenium.projectY.ABtestingTest
Running com.capgemini.ntc.selenium.projectY.DropdownTest
Tests run: 2, Failures: 0, Errors: 0, Skipped: 0, Time elapsed: 35.271 sec - in com.capgemini.ntc.selenium.projectY.DropdownTest
2018-01-27 at 00:51:52 CET logInfo - [pool-1-thread-1] testSelectSubMenuItemByText(com.capgemini.ntc.selenium.features.webElements.MenuTest) STARTED.
2018-01-27 at 00:51:52 CET logDebug - [pool-1-thread-1] Creating new browser=chrome WebDriver.
Running com.capgemini.ntc.selenium.projectY.HoversTest
Tests run: 1, Failures: 0, Errors: 0, Skipped: 0, Time elapsed: 32.482 sec - in com.capgemini.ntc.selenium.projectY.HoversTest
Running com.capgemini.ntc.selenium.projectY.KeyPressesTest
Tests run: 1, Failures: 0, Errors: 0, Skipped: 0, Time elapsed: 32.346 sec - in com.capgemini.ntc.selenium.projectY.KeyPressesTest
Running com.capgemini.ntc.selenium.projectY.BrokenImagesTest
Tests run: 1, Failures: 0, Errors: 0, Skipped: 0, Time elapsed: 27.684 sec - in com.capgemini.ntc.selenium.projectY.BrokenImagesTest
Running com.capgemini.ntc.selenium.projectY.CheckboxesTest
Tests run: 2, Failures: 0, Errors: 0, Skipped: 0, Time elapsed: 6.521 sec - in com.capgemini.ntc.selenium.projectY.CheckboxesTest
Starting ChromeDriver 2.33.506120 (e3e53437346286c0bc2d2dc9aa4915ba81d9023f) on port 6991
Only local connections are allowed.
sty 27, 2018 12:51:57 AM org.openqa.selenium.remote.ProtocolHandshake createSession
INFO: Detected dialect: OSS
2018-01-27 at 00:51:58 CET logInfo - [pool-1-thread-1] Trying to set requested resolution: 1600x1200.
2018-01-27 at 00:51:59 CET logInfo - [pool-1-thread-1] Resolution readed from device: 1600x1100
2018-01-27 at 00:51:59 CET logInfo - [pool-1-thread-1] Trying to set increased resolution for 'View port': 1616x1200.
2018-01-27 at 00:51:59 CET logInfo - [pool-1-thread-1] Resolution readed from device: 1616x1100
2018-01-27 at 00:51:59 CET logDebug - [pool-1-thread-1] driver:NewChromeDriver: chrome on XP (55e763ffd7b883b3ce62a63c8ae3893b)
Running com.capgemini.ntc.selenium.projectY.MultipleWindowsTest
Tests run: 1, Failures: 0, Errors: 0, Skipped: 0, Time elapsed: 4.375 sec - in com.capgemini.ntc.selenium.projectY.MultipleWindowsTest
Running com.capgemini.ntc.selenium.features.webElements.InputTextTest
Tests run: 1, Failures: 0, Errors: 0, Skipped: 0, Time elapsed: 22.821 sec - in com.capgemini.ntc.selenium.features.webElements.InputTextTest
Running com.capgemini.ntc.selenium.features.webElements.LabelTest
Tests run: 1, Failures: 0, Errors: 0, Skipped: 0, Time elapsed: 29.075 sec - in com.capgemini.ntc.selenium.features.webElements.LabelTest
2018-01-27 at 00:52:25 CET logDebug - [pool-1-thread-1] Waiting for [findElementDynamic(): By.cssSelector: li[aria-controls='tabs-2']] took [0.354 s]
2018-01-27 at 00:52:25 CET logDebug - [pool-1-thread-1] Waiting for [findElementDynamic(): By.cssSelector: li[aria-controls='tabs-2']] took [0.158 s]
2018-01-27 at 00:52:25 CET logDebug - [pool-1-thread-1] Waiting for [waitForPageLoaded] took [0.064 s]
2018-01-27 at 00:52:26 CET logDebug - [pool-1-thread-1] Waiting for [findElementDynamic(): By.cssSelector: li[aria-controls='tabs-2']] took [0.208 s]
2018-01-27 at 00:52:26 CET logDebug - [pool-1-thread-1] Waiting for [findElementDynamic(): By.cssSelector: div#tabs-2 ul.top-level] took [0.058 s]
2018-01-27 at 00:52:26 CET logDebug - [pool-1-thread-1] Waiting for [findElementDynamic(): By.cssSelector: div#tabs-2 ul.top-level] took [0.077 s]
sty 27, 2018 12:52:27 AM org.openqa.selenium.os.OsProcess destroy
INFO: Unable to drain process streams. Ignoring but the exception being swallowed follows.
org.apache.commons.exec.ExecuteException: The stop timeout of 2000 ms was exceeded (Exit value: -559038737)
	at org.apache.commons.exec.PumpStreamHandler.stopThread(PumpStreamHandler.java:295)
	at org.apache.commons.exec.PumpStreamHandler.stop(PumpStreamHandler.java:180)
	at org.openqa.selenium.os.OsProcess.destroy(OsProcess.java:136)
	at org.openqa.selenium.os.CommandLine.destroy(CommandLine.java:153)
	at org.openqa.selenium.remote.service.DriverService.stop(DriverService.java:222)
	at org.openqa.selenium.remote.service.DriverCommandExecutor.execute(DriverCommandExecutor.java:95)
	at org.openqa.selenium.remote.RemoteWebDriver.execute(RemoteWebDriver.java:601)
	at org.openqa.selenium.remote.RemoteWebDriver.execute(RemoteWebDriver.java:658)
	at org.openqa.selenium.remote.RemoteWebDriver.quit(RemoteWebDriver.java:497)
	at com.capgemini.ntc.selenium.core.newDrivers.DriverManager.closeDriver(DriverManager.java:86)
	at com.capgemini.ntc.selenium.core.BasePage.onTestClassFinish(BasePage.java:126)
	at java.util.ArrayList.forEach(ArrayList.java:1249)
	at com.capgemini.ntc.test.core.BaseTest.tearDownClass(BaseTest.java:69)
	at sun.reflect.GeneratedMethodAccessor7.invoke(Unknown Source)
	at sun.reflect.DelegatingMethodAccessorImpl.invoke(DelegatingMethodAccessorImpl.java:43)
	at java.lang.reflect.Method.invoke(Method.java:497)
	at org.junit.runners.model.FrameworkMethod$1.runReflectiveCall(FrameworkMethod.java:50)
	at org.junit.internal.runners.model.ReflectiveCallable.run(ReflectiveCallable.java:12)
	at org.junit.runners.model.FrameworkMethod.invokeExplosively(FrameworkMethod.java:47)
	at com.capgemini.ntc.test.core.testRunners.core.CustomRunAfters.evaluate(CustomRunAfters.java:43)
	at org.junit.rules.ExternalResource$1.evaluate(ExternalResource.java:48)
	at org.junit.rules.RunRules.evaluate(RunRules.java:20)
	at com.capgemini.ntc.test.core.testRunners.ParallelTestClassRunner.run(ParallelTestClassRunner.java:33)
	at org.junit.runners.Suite.runChild(Suite.java:128)
	at org.junit.runners.Suite.runChild(Suite.java:27)
	at org.junit.runners.ParentRunner$3.run(ParentRunner.java:290)
	at org.apache.maven.surefire.junitcore.pc.Scheduler$1.run(Scheduler.java:393)
	at java.util.concurrent.Executors$RunnableAdapter.call(Executors.java:511)
	at java.util.concurrent.FutureTask.run(FutureTask.java:266)
	at java.util.concurrent.ThreadPoolExecutor.runWorker(ThreadPoolExecutor.java:1142)
	at java.util.concurrent.ThreadPoolExecutor$Worker.run(ThreadPoolExecutor.java:617)
	at java.lang.Thread.run(Thread.java:745)

sty 27, 2018 12:52:27 AM org.openqa.selenium.os.OsProcess destroy
SEVERE: Unable to kill process java.lang.ProcessImpl@6d457df8
2018-01-27 at 00:52:29 CET logDebug - [pool-1-thread-1] Waiting for [waitForElementVisible(): By.cssSelector: ul] took [0.564 s]
2018-01-27 at 00:52:29 CET logInfo - [pool-1-thread-1] testSelectSubMenuItemByText(com.capgemini.ntc.selenium.features.webElements.MenuTest) PASSED.
2018-01-27 at 00:52:29 CET logInfo - [pool-1-thread-1] testSelectSubMenuItemByText(com.capgemini.ntc.selenium.features.webElements.MenuTest) duration: 0,62 min
2018-01-27 at 00:52:29 CET logInfo - [pool-1-thread-1] testMenuByText(com.capgemini.ntc.selenium.features.webElements.MenuTest) STARTED.
2018-01-27 at 00:52:31 CET logDebug - [pool-1-thread-1] Waiting for [findElementDynamic(): By.cssSelector: div#tabs-1 ul.top-level] took [0.282 s]
2018-01-27 at 00:52:32 CET logDebug - [pool-1-thread-1] Waiting for [findElementDynamic(): By.cssSelector: div#tabs-1 ul.top-level] took [0.251 s]
2018-01-27 at 00:52:33 CET logDebug - [pool-1-thread-1] Waiting for [findElementDynamic(): By.cssSelector: div#tabs-1 ul.top-level] took [0.36 s]
2018-01-27 at 00:52:34 CET logInfo - [pool-1-thread-1] testMenuByText(com.capgemini.ntc.selenium.features.webElements.MenuTest) PASSED.
2018-01-27 at 00:52:34 CET logInfo - [pool-1-thread-1] testMenuByText(com.capgemini.ntc.selenium.features.webElements.MenuTest) duration: 0,07 min
2018-01-27 at 00:52:35 CET logInfo - [pool-1-thread-1] testMenuItemsText(com.capgemini.ntc.selenium.features.webElements.MenuTest) STARTED.
2018-01-27 at 00:52:37 CET logDebug - [pool-1-thread-1] Waiting for [findElementDynamic(): By.cssSelector: div#tabs-1 ul.top-level] took [0.17 s]
2018-01-27 at 00:52:37 CET logDebug - [pool-1-thread-1] Waiting for [findElementDynamic(): By.cssSelector: div#tabs-1 ul.top-level] took [0.054 s]
Running com.capgemini.ntc.selenium.features.webElements.ButtonTest
Tests run: 1, Failures: 0, Errors: 0, Skipped: 0, Time elapsed: 44.778 sec - in com.capgemini.ntc.selenium.features.webElements.ButtonTest
2018-01-27 at 00:52:37 CET logInfo - [pool-1-thread-1] testMenuItemsText(com.capgemini.ntc.selenium.features.webElements.MenuTest) PASSED.
2018-01-27 at 00:52:37 CET logInfo - [pool-1-thread-1] testMenuItemsText(com.capgemini.ntc.selenium.features.webElements.MenuTest) duration: 0,04 min
2018-01-27 at 00:52:37 CET logInfo - [pool-1-thread-1] testLinkSubMenuItemByText(com.capgemini.ntc.selenium.features.webElements.MenuTest) STARTED.
2018-01-27 at 00:52:43 CET logDebug - [pool-1-thread-1] Waiting for [findElementDynamic(): By.cssSelector: li[aria-controls='tabs-2']] took [0.903 s]
2018-01-27 at 00:52:43 CET logDebug - [pool-1-thread-1] Waiting for [findElementDynamic(): By.cssSelector: li[aria-controls='tabs-2']] took [0.222 s]
2018-01-27 at 00:52:46 CET logDebug - [pool-1-thread-1] Waiting for [waitForPageLoaded] took [0.104 s]
2018-01-27 at 00:52:46 CET logDebug - [pool-1-thread-1] Waiting for [findElementDynamic(): By.cssSelector: li[aria-controls='tabs-2']] took [0.139 s]
2018-01-27 at 00:52:46 CET logDebug - [pool-1-thread-1] Waiting for [findElementDynamic(): By.cssSelector: div#tabs-2 ul.top-level] took [0.095 s]
2018-01-27 at 00:52:46 CET logDebug - [pool-1-thread-1] Waiting for [findElementDynamic(): By.cssSelector: div#tabs-2 ul.top-level] took [0.032 s]
2018-01-27 at 00:52:48 CET logDebug - [pool-1-thread-1] Waiting for [waitForElementVisible(): By.cssSelector: ul] took [0.097 s]
2018-01-27 at 00:52:48 CET logInfo - [pool-1-thread-1] testLinkSubMenuItemByText(com.capgemini.ntc.selenium.features.webElements.MenuTest) PASSED.
2018-01-27 at 00:52:48 CET logInfo - [pool-1-thread-1] testLinkSubMenuItemByText(com.capgemini.ntc.selenium.features.webElements.MenuTest) duration: 0,18 min
2018-01-27 at 00:52:48 CET logInfo - [pool-1-thread-1] testLinkSubMenuItemByIndex(com.capgemini.ntc.selenium.features.webElements.MenuTest) STARTED.
2018-01-27 at 00:52:50 CET logDebug - [pool-1-thread-1] Waiting for [findElementDynamic(): By.cssSelector: li[aria-controls='tabs-2']] took [0.555 s]
2018-01-27 at 00:52:50 CET logDebug - [pool-1-thread-1] Waiting for [findElementDynamic(): By.cssSelector: li[aria-controls='tabs-2']] took [0.137 s]
2018-01-27 at 00:52:50 CET logDebug - [pool-1-thread-1] Waiting for [waitForPageLoaded] took [0.016 s]
2018-01-27 at 00:52:50 CET logDebug - [pool-1-thread-1] Waiting for [findElementDynamic(): By.cssSelector: li[aria-controls='tabs-2']] took [0.018 s]
2018-01-27 at 00:52:50 CET logDebug - [pool-1-thread-1] Waiting for [findElementDynamic(): By.cssSelector: div#tabs-2 ul.top-level] took [0.029 s]
2018-01-27 at 00:52:50 CET logDebug - [pool-1-thread-1] Waiting for [findElementDynamic(): By.cssSelector: div#tabs-2 ul.top-level] took [0.016 s]
2018-01-27 at 00:52:51 CET logDebug - [pool-1-thread-1] Waiting for [waitForElementVisible(): By.cssSelector: div#tabs-2 ul.top-level] took [0.19 s]
2018-01-27 at 00:52:52 CET logInfo - [pool-1-thread-1] testLinkSubMenuItemByIndex(com.capgemini.ntc.selenium.features.webElements.MenuTest) PASSED.
2018-01-27 at 00:52:52 CET logInfo - [pool-1-thread-1] testLinkSubMenuItemByIndex(com.capgemini.ntc.selenium.features.webElements.MenuTest) duration: 0,06 min
2018-01-27 at 00:52:52 CET logInfo - [pool-1-thread-1] testMenuByIndex(com.capgemini.ntc.selenium.features.webElements.MenuTest) STARTED.
Running com.capgemini.ntc.selenium.features.webElements.NavigationBarTest
Tests run: 6, Failures: 0, Errors: 0, Skipped: 0, Time elapsed: 38.579 sec - in com.capgemini.ntc.selenium.features.webElements.NavigationBarTest
2018-01-27 at 00:52:54 CET logDebug - [pool-1-thread-1] Waiting for [findElementDynamic(): By.cssSelector: div#tabs-1 ul.top-level] took [0.517 s]
2018-01-27 at 00:52:54 CET logDebug - [pool-1-thread-1] Waiting for [findElementDynamic(): By.cssSelector: div#tabs-1 ul.top-level] took [0.253 s]
2018-01-27 at 00:52:55 CET logDebug - [pool-1-thread-1] Waiting for [findElementDynamic(): By.cssSelector: div#tabs-1 ul.top-level] took [0.113 s]
2018-01-27 at 00:52:56 CET logInfo - [pool-1-thread-1] testMenuByIndex(com.capgemini.ntc.selenium.features.webElements.MenuTest) PASSED.
2018-01-27 at 00:52:56 CET logInfo - [pool-1-thread-1] testMenuByIndex(com.capgemini.ntc.selenium.features.webElements.MenuTest) duration: 0,06 min
2018-01-27 at 00:52:56 CET logInfo - [pool-1-thread-1] testSelectSubMenuItemByIndex(com.capgemini.ntc.selenium.features.webElements.MenuTest) STARTED.
Running com.capgemini.ntc.selenium.features.webElements.TooltipTest
Tests run: 1, Failures: 0, Errors: 0, Skipped: 0, Time elapsed: 20.06 sec - in com.capgemini.ntc.selenium.features.webElements.TooltipTest
2018-01-27 at 00:52:57 CET logDebug - [pool-1-thread-1] Waiting for [findElementDynamic(): By.cssSelector: li[aria-controls='tabs-2']] took [0.495 s]
2018-01-27 at 00:52:57 CET logDebug - [pool-1-thread-1] Waiting for [findElementDynamic(): By.cssSelector: li[aria-controls='tabs-2']] took [0.088 s]
2018-01-27 at 00:52:58 CET logDebug - [pool-1-thread-1] Waiting for [waitForPageLoaded] took [0.029 s]
2018-01-27 at 00:52:58 CET logDebug - [pool-1-thread-1] Waiting for [findElementDynamic(): By.cssSelector: li[aria-controls='tabs-2']] took [0.016 s]
2018-01-27 at 00:52:58 CET logDebug - [pool-1-thread-1] Waiting for [findElementDynamic(): By.cssSelector: div#tabs-2 ul.top-level] took [0.023 s]
2018-01-27 at 00:52:58 CET logDebug - [pool-1-thread-1] Waiting for [findElementDynamic(): By.cssSelector: div#tabs-2 ul.top-level] took [0.017 s]
2018-01-27 at 00:52:58 CET logDebug - [pool-1-thread-1] Waiting for [waitForElementVisible(): By.cssSelector: div#tabs-2 ul.top-level] took [0.111 s]
2018-01-27 at 00:52:59 CET logInfo - [pool-1-thread-1] testSelectSubMenuItemByIndex(com.capgemini.ntc.selenium.features.webElements.MenuTest) PASSED.
2018-01-27 at 00:52:59 CET logInfo - [pool-1-thread-1] testSelectSubMenuItemByIndex(com.capgemini.ntc.selenium.features.webElements.MenuTest) duration: 0,05 min
2018-01-27 at 00:52:59 CET logInfo - [pool-1-thread-1] testMenuItemsCount(com.capgemini.ntc.selenium.features.webElements.MenuTest) STARTED.
Running com.capgemini.ntc.selenium.features.webElements.RadioButtonTest
Input text element: com.capgemini.ntc.selenium.core.newDrivers.elementType.RadioButtonElement@365efd16 isn't clicked.
Input text element: com.capgemini.ntc.selenium.core.newDrivers.elementType.RadioButtonElement@365efd16 isn't clicked.
Input text element: com.capgemini.ntc.selenium.core.newDrivers.elementType.RadioButtonElement@7b3fd81f isn't clicked.
Tests run: 4, Failures: 0, Errors: 0, Skipped: 0, Time elapsed: 39.269 sec - in com.capgemini.ntc.selenium.features.webElements.RadioButtonTest
2018-01-27 at 00:53:01 CET logDebug - [pool-1-thread-1] Waiting for [findElementDynamic(): By.cssSelector: div#tabs-1 ul.top-level] took [0.59 s]
2018-01-27 at 00:53:01 CET logDebug - [pool-1-thread-1] Waiting for [findElementDynamic(): By.cssSelector: div#tabs-1 ul.top-level] took [0.152 s]
2018-01-27 at 00:53:01 CET logInfo - [pool-1-thread-1] testMenuItemsCount(com.capgemini.ntc.selenium.features.webElements.MenuTest) PASSED.
2018-01-27 at 00:53:01 CET logInfo - [pool-1-thread-1] testMenuItemsCount(com.capgemini.ntc.selenium.features.webElements.MenuTest) duration: 0,03 min
Running com.capgemini.ntc.selenium.features.webElements.MenuTest
2018-01-27 at 00:53:01 CET logDebug - [pool-1-thread-1] BaseTest.tearDownClass()
2018-01-27 at 00:53:01 CET logDebug - [pool-1-thread-1] BaseTestWatcher.observers: []
2018-01-27 at 00:53:01 CET logDebug - [pool-1-thread-1] TestClassRule.classObservers: []
2018-01-27 at 00:53:01 CET logDebug - [pool-1-thread-1] All observers cleared.
Tests run: 8, Failures: 0, Errors: 0, Skipped: 0, Time elapsed: 68.768 sec - in com.capgemini.ntc.selenium.features.webElements.MenuTest
2018-01-27 at 00:53:01 CET logInfo - [pool-1-thread-1] registrationTest(com.capgemini.ntc.selenium.projectX.registration.RegisterOKTestDDExternalDataTest) STARTED.
2018-01-27 at 00:53:01 CET logDebug - [pool-1-thread-1] To add observer: com.capgemini.ntc.selenium.pages.projectX.registration.RegistrationPage@7116cdad
2018-01-27 at 00:53:01 CET logDebug - [pool-1-thread-1] BaseTestWatcher.observers: []
2018-01-27 at 00:53:01 CET logDebug - [pool-1-thread-1] TestClassRule.classObservers: []
2018-01-27 at 00:53:01 CET logDebug - [pool-1-thread-1] Added observer: com.capgemini.ntc.selenium.pages.projectX.registration.RegistrationPage@7116cdad
2018-01-27 at 00:53:01 CET logDebug - [pool-1-thread-1] Waiting for [waitForPageLoaded] took [0.036 s]
2018-01-27 at 00:53:01 CET logDebug - [pool-1-thread-1] com.capgemini.ntc.selenium.pages.projectX.registration.RegistrationPage: Current loaded page (http://demoqa.com/registration/) with pageTitle (Menu | Demoqa). Page to load: (http://demoqa.com/registration/) ,for page title: (Registration | Demoqa)
Running com.capgemini.ntc.selenium.features.webElements.CheckBoxTest
Tests run: 5, Failures: 0, Errors: 0, Skipped: 0, Time elapsed: 71.816 sec - in com.capgemini.ntc.selenium.features.webElements.CheckBoxTest
2018-01-27 at 00:53:06 CET logDebug - [pool-1-thread-1] Waiting for [waitForPageLoaded] took [0.094 s]
2018-01-27 at 00:53:06 CET logDebug - [pool-1-thread-1] Waiting for [findElementDynamic(): By.cssSelector: input[id='name_3_firstname']] took [0.062 s]
2018-01-27 at 00:53:06 CET logDebug - [pool-1-thread-1] Waiting for [findElementDynamic(): By.cssSelector: input[id='name_3_firstname']] took [0.053 s]
2018-01-27 at 00:53:06 CET logDebug - [pool-1-thread-1] Waiting for [findElementDynamic(): By.cssSelector: input[id='name_3_firstname']] took [0.059 s]
2018-01-27 at 00:53:07 CET logDebug - [pool-1-thread-1] Waiting for [findElementDynamic(): By.cssSelector: input[id='name_3_lastname']] took [0.042 s]
2018-01-27 at 00:53:07 CET logDebug - [pool-1-thread-1] Waiting for [findElementDynamic(): By.cssSelector: input[id='name_3_lastname']] took [0.025 s]
2018-01-27 at 00:53:07 CET logDebug - [pool-1-thread-1] Waiting for [findElementDynamic(): By.cssSelector: input[id='name_3_lastname']] took [0.039 s]
2018-01-27 at 00:53:08 CET logDebug - [pool-1-thread-1] Waiting for [findElementDynamic(): By.cssSelector: div[class='radio_wrap']] took [0.045 s]
2018-01-27 at 00:53:08 CET logDebug - [pool-1-thread-1] Waiting for [findElementDynamic(): By.cssSelector: div[class='radio_wrap']] took [0.014 s]
2018-01-27 at 00:53:08 CET logDebug - [pool-1-thread-1] Waiting for [findElementDynamic(): By.cssSelector: div[class='radio_wrap']] took [0.021 s]
2018-01-27 at 00:53:08 CET logDebug - [pool-1-thread-1] Waiting for [findElementDynamic(): By.cssSelector: li.fields.pageFields_1:nth-child(3) div.radio_wrap] took [0.062 s]
2018-01-27 at 00:53:08 CET logDebug - [pool-1-thread-1] Waiting for [findElementDynamic(): By.cssSelector: li.fields.pageFields_1:nth-child(3) div.radio_wrap] took [0.041 s]
2018-01-27 at 00:53:09 CET logDebug - [pool-1-thread-1] Waiting for [findElementDynamic(): By.cssSelector: select[id='dropdown_7']] took [0.153 s]
2018-01-27 at 00:53:09 CET logDebug - [pool-1-thread-1] Waiting for [findElementDynamic(): By.cssSelector: select[id='dropdown_7']] took [0.095 s]
2018-01-27 at 00:53:10 CET logDebug - [pool-1-thread-1] Waiting for [findElementDynamic(): By.cssSelector: select[id='dropdown_7']] took [0.096 s]
2018-01-27 at 00:53:30 CET logDebug - [pool-1-thread-1] Waiting for [findElementDynamic(): By.cssSelector: select[id='dropdown_7']] took [0.079 s]
2018-01-27 at 00:53:31 CET logDebug - [pool-1-thread-1] Waiting for [findElementDynamic(): By.cssSelector: select[id='mm_date_8']] took [0.371 s]
2018-01-27 at 00:53:32 CET logDebug - [pool-1-thread-1] Waiting for [findElementDynamic(): By.cssSelector: select[id='mm_date_8']] took [0.423 s]
2018-01-27 at 00:53:32 CET logDebug - [pool-1-thread-1] Waiting for [findElementDynamic(): By.cssSelector: select[id='mm_date_8']] took [0.085 s]
2018-01-27 at 00:53:34 CET logDebug - [pool-1-thread-1] Waiting for [findElementDynamic(): By.cssSelector: select[id='mm_date_8']] took [0.056 s]
2018-01-27 at 00:53:34 CET logDebug - [pool-1-thread-1] Waiting for [findElementDynamic(): By.cssSelector: select[id='dd_date_8']] took [0.156 s]
2018-01-27 at 00:53:34 CET logDebug - [pool-1-thread-1] Waiting for [findElementDynamic(): By.cssSelector: select[id='dd_date_8']] took [0.095 s]
2018-01-27 at 00:53:35 CET logDebug - [pool-1-thread-1] Waiting for [findElementDynamic(): By.cssSelector: select[id='dd_date_8']] took [0.153 s]
2018-01-27 at 00:53:41 CET logDebug - [pool-1-thread-1] Waiting for [findElementDynamic(): By.cssSelector: select[id='dd_date_8']] took [0.045 s]
2018-01-27 at 00:53:41 CET logDebug - [pool-1-thread-1] Waiting for [findElementDynamic(): By.cssSelector: select[id='yy_date_8']] took [0.088 s]
2018-01-27 at 00:53:41 CET logDebug - [pool-1-thread-1] Waiting for [findElementDynamic(): By.cssSelector: select[id='yy_date_8']] took [0.031 s]
2018-01-27 at 00:53:42 CET logDebug - [pool-1-thread-1] Waiting for [findElementDynamic(): By.cssSelector: select[id='yy_date_8']] took [0.081 s]
sty 27, 2018 12:53:46 AM org.openqa.selenium.remote.DesiredCapabilities chrome
INFO: Using `new ChromeOptions()` is preferred to `DesiredCapabilities.chrome()`
Starting ChromeDriver 2.33.506120 (e3e53437346286c0bc2d2dc9aa4915ba81d9023f) on port 3891
Only local connections are allowed.
Running com.capgemini.ntc.selenium.features.webElements.TabTest
Tests run: 4, Failures: 0, Errors: 0, Skipped: 0, Time elapsed: 83.901 sec - in com.capgemini.ntc.selenium.features.webElements.TabTest
2018-01-27 at 00:53:52 CET logDebug - [pool-1-thread-1] Waiting for [findElementDynamic(): By.cssSelector: select[id='yy_date_8']] took [0.253 s]
2018-01-27 at 00:53:53 CET logDebug - [pool-1-thread-1] Waiting for [findElementDynamic(): By.cssSelector: input[id='phone_9']] took [0.065 s]
2018-01-27 at 00:53:53 CET logDebug - [pool-1-thread-1] Waiting for [findElementDynamic(): By.cssSelector: input[id='phone_9']] took [0.041 s]
2018-01-27 at 00:53:53 CET logDebug - [pool-1-thread-1] Waiting for [findElementDynamic(): By.cssSelector: input[id='phone_9']] took [0.229 s]
2018-01-27 at 00:53:55 CET logDebug - [pool-1-thread-1] Waiting for [findElementDynamic(): By.cssSelector: input[id='username']] took [0.5 s]
2018-01-27 at 00:53:55 CET logDebug - [pool-1-thread-1] Waiting for [findElementDynamic(): By.cssSelector: input[id='username']] took [0.206 s]
2018-01-27 at 00:53:56 CET logDebug - [pool-1-thread-1] Waiting for [findElementDynamic(): By.cssSelector: input[id='username']] took [0.168 s]
sty 27, 2018 12:53:57 AM org.openqa.selenium.remote.ProtocolHandshake createSession
INFO: Detected dialect: OSS
2018-01-27 at 00:53:57 CET logDebug - [pool-1-thread-1] Waiting for [findElementDynamic(): By.cssSelector: input[id='email_1']] took [0.059 s]
2018-01-27 at 00:53:57 CET logDebug - [pool-1-thread-1] Waiting for [findElementDynamic(): By.cssSelector: input[id='email_1']] took [0.034 s]
2018-01-27 at 00:53:58 CET logDebug - [pool-1-thread-1] Waiting for [findElementDynamic(): By.cssSelector: input[id='email_1']] took [0.106 s]
2018-01-27 at 00:54:00 CET logDebug - [pool-1-thread-1] Waiting for [findElementDynamic(): By.cssSelector: textarea[ id='description' ]] took [0.095 s]
2018-01-27 at 00:54:00 CET logDebug - [pool-1-thread-1] Waiting for [findElementDynamic(): By.cssSelector: textarea[ id='description' ]] took [0.083 s]
2018-01-27 at 00:54:00 CET logDebug - [pool-1-thread-1] Waiting for [findElementDynamic(): By.cssSelector: textarea[ id='description' ]] took [0.071 s]
2018-01-27 at 00:54:01 CET logDebug - [pool-1-thread-1] Waiting for [findElementDynamic(): By.cssSelector: input[id='password_2']] took [0.088 s]
2018-01-27 at 00:54:01 CET logDebug - [pool-1-thread-1] Waiting for [findElementDynamic(): By.cssSelector: input[id='password_2']] took [0.078 s]
2018-01-27 at 00:54:01 CET logDebug - [pool-1-thread-1] Waiting for [findElementDynamic(): By.cssSelector: input[id='password_2']] took [0.111 s]
2018-01-27 at 00:54:03 CET logDebug - [pool-1-thread-1] Waiting for [findElementDynamic(): By.cssSelector: input[id='confirm_password_password_2']] took [0.08 s]
2018-01-27 at 00:54:03 CET logDebug - [pool-1-thread-1] Waiting for [findElementDynamic(): By.cssSelector: input[id='confirm_password_password_2']] took [0.094 s]
2018-01-27 at 00:54:04 CET logDebug - [pool-1-thread-1] Waiting for [findElementDynamic(): By.cssSelector: input[id='confirm_password_password_2']] took [0.17 s]
2018-01-27 at 00:54:05 CET logDebug - [pool-1-thread-1] Waiting for [findElementDynamic(): By.cssSelector: input[name='pie_submit']] took [0.046 s]
2018-01-27 at 00:54:05 CET logDebug - [pool-1-thread-1] Waiting for [findElementDynamic(): By.cssSelector: input[name='pie_submit']] took [0.035 s]
2018-01-27 at 00:54:05 CET logDebug - [pool-1-thread-1] Waiting for [waitForPageLoaded] took [0.042 s]
2018-01-27 at 00:54:05 CET logDebug - [pool-1-thread-1] Waiting for [findElementDynamic(): By.cssSelector: input[name='pie_submit']] took [0.084 s]
2018-01-27 at 00:54:09 CET logDebug - [pool-1-thread-1] Waiting for [waitForElementVisible(): By.cssSelector: p[class='piereg_login_error']] took [0.543 s]
2018-01-27 at 00:54:09 CET logDebug - [pool-1-thread-1] Waiting for [waitForElementVisible(): By.cssSelector: p[class='piereg_login_error']] took [0.085 s]
2018-01-27 at 00:54:10 CET logDebug - [pool-1-thread-1] Error: Username already exists
2018-01-27 at 00:54:10 CET logDebug - [pool-1-thread-1] Waiting for [findElementDynamic(): By.cssSelector: p[class='piereg_login_error']] took [0.033 s]
2018-01-27 at 00:54:10 CET logDebug - [pool-1-thread-1] Waiting for [findElementDynamic(): By.cssSelector: p[class='piereg_login_error']] took [0.042 s]
2018-01-27 at 00:54:10 CET logInfo - [pool-1-thread-1] registrationTest(com.capgemini.ntc.selenium.projectX.registration.RegisterOKTestDDExternalDataTest) PASSED.
2018-01-27 at 00:54:10 CET logDebug - [pool-1-thread-1] BasePage.onTestSuccess    RegistrationPage
2018-01-27 at 00:54:10 CET logInfo - [pool-1-thread-1] registrationTest(com.capgemini.ntc.selenium.projectX.registration.RegisterOKTestDDExternalDataTest) duration: 1,15 min
2018-01-27 at 00:54:13 CET logDebug - [pool-1-thread-1] BasePage.onTestFinish   RegistrationPage
2018-01-27 at 00:54:13 CET logDebug - [pool-1-thread-1] To remove observer: com.capgemini.ntc.selenium.pages.projectX.registration.RegistrationPage@7116cdad
2018-01-27 at 00:54:13 CET logInfo - [pool-1-thread-1] registrationTest(com.capgemini.ntc.selenium.projectX.registration.RegisterOKTestDDExternalDataTest) STARTED.
2018-01-27 at 00:54:13 CET logDebug - [pool-1-thread-1] To add observer: com.capgemini.ntc.selenium.pages.projectX.registration.RegistrationPage@57938d9f
2018-01-27 at 00:54:13 CET logDebug - [pool-1-thread-1] BaseTestWatcher.observers: [com.capgemini.ntc.selenium.pages.projectX.registration.RegistrationPage@7116cdad]
2018-01-27 at 00:54:13 CET logDebug - [pool-1-thread-1] TestClassRule.classObservers: []
2018-01-27 at 00:54:14 CET logDebug - [pool-1-thread-1] Waiting for [waitForPageLoaded] took [0.367 s]
2018-01-27 at 00:54:14 CET logDebug - [pool-1-thread-1] Waiting for [waitForPageLoaded] took [0.042 s]
2018-01-27 at 00:54:14 CET logDebug - [pool-1-thread-1] Waiting for [findElementDynamic(): By.cssSelector: input[id='name_3_firstname']] took [0.082 s]
2018-01-27 at 00:54:14 CET logDebug - [pool-1-thread-1] Waiting for [findElementDynamic(): By.cssSelector: input[id='name_3_firstname']] took [0.061 s]
2018-01-27 at 00:54:14 CET logDebug - [pool-1-thread-1] Waiting for [findElementDynamic(): By.cssSelector: input[id='name_3_firstname']] took [0.045 s]
2018-01-27 at 00:54:15 CET logDebug - [pool-1-thread-1] Waiting for [findElementDynamic(): By.cssSelector: input[id='name_3_lastname']] took [0.045 s]
2018-01-27 at 00:54:15 CET logDebug - [pool-1-thread-1] Waiting for [findElementDynamic(): By.cssSelector: input[id='name_3_lastname']] took [0.041 s]
2018-01-27 at 00:54:15 CET logDebug - [pool-1-thread-1] Waiting for [findElementDynamic(): By.cssSelector: input[id='name_3_lastname']] took [0.037 s]
2018-01-27 at 00:54:16 CET logDebug - [pool-1-thread-1] Waiting for [findElementDynamic(): By.cssSelector: div[class='radio_wrap']] took [0.142 s]
2018-01-27 at 00:54:16 CET logDebug - [pool-1-thread-1] Waiting for [findElementDynamic(): By.cssSelector: div[class='radio_wrap']] took [0.109 s]
2018-01-27 at 00:54:16 CET logDebug - [pool-1-thread-1] Waiting for [findElementDynamic(): By.cssSelector: div[class='radio_wrap']] took [0.038 s]
2018-01-27 at 00:54:16 CET logDebug - [pool-1-thread-1] Waiting for [findElementDynamic(): By.cssSelector: li.fields.pageFields_1:nth-child(3) div.radio_wrap] took [0.072 s]
2018-01-27 at 00:54:16 CET logDebug - [pool-1-thread-1] Waiting for [findElementDynamic(): By.cssSelector: li.fields.pageFields_1:nth-child(3) div.radio_wrap] took [0.031 s]
2018-01-27 at 00:54:17 CET logDebug - [pool-1-thread-1] Waiting for [findElementDynamic(): By.cssSelector: select[id='dropdown_7']] took [0.114 s]
2018-01-27 at 00:54:17 CET logDebug - [pool-1-thread-1] Waiting for [findElementDynamic(): By.cssSelector: select[id='dropdown_7']] took [0.024 s]
2018-01-27 at 00:54:17 CET logDebug - [pool-1-thread-1] Waiting for [findElementDynamic(): By.cssSelector: select[id='dropdown_7']] took [0.065 s]
2018-01-27 at 00:54:35 CET logDebug - [pool-1-thread-1] Waiting for [findElementDynamic(): By.cssSelector: select[id='dropdown_7']] took [0.085 s]
2018-01-27 at 00:54:36 CET logDebug - [pool-1-thread-1] Waiting for [findElementDynamic(): By.cssSelector: select[id='mm_date_8']] took [0.475 s]
2018-01-27 at 00:54:36 CET logDebug - [pool-1-thread-1] Waiting for [findElementDynamic(): By.cssSelector: select[id='mm_date_8']] took [0.116 s]
2018-01-27 at 00:54:36 CET logDebug - [pool-1-thread-1] Waiting for [findElementDynamic(): By.cssSelector: select[id='mm_date_8']] took [0.085 s]
2018-01-27 at 00:54:38 CET logDebug - [pool-1-thread-1] Waiting for [findElementDynamic(): By.cssSelector: select[id='mm_date_8']] took [0.047 s]
2018-01-27 at 00:54:38 CET logDebug - [pool-1-thread-1] Waiting for [findElementDynamic(): By.cssSelector: select[id='dd_date_8']] took [0.047 s]
2018-01-27 at 00:54:38 CET logDebug - [pool-1-thread-1] Waiting for [findElementDynamic(): By.cssSelector: select[id='dd_date_8']] took [0.037 s]
2018-01-27 at 00:54:39 CET logDebug - [pool-1-thread-1] Waiting for [findElementDynamic(): By.cssSelector: select[id='dd_date_8']] took [0.103 s]
Running com.capgemini.ntc.selenium.features.webElements.DropdownListTest
Tests run: 5, Failures: 0, Errors: 0, Skipped: 0, Time elapsed: 159.682 sec - in com.capgemini.ntc.selenium.features.webElements.DropdownListTest
2018-01-27 at 00:54:41 CET logDebug - [pool-1-thread-1] Waiting for [findElementDynamic(): By.cssSelector: select[id='dd_date_8']] took [0.017 s]
2018-01-27 at 00:54:42 CET logDebug - [pool-1-thread-1] Waiting for [findElementDynamic(): By.cssSelector: select[id='yy_date_8']] took [0.048 s]
2018-01-27 at 00:54:42 CET logDebug - [pool-1-thread-1] Waiting for [findElementDynamic(): By.cssSelector: select[id='yy_date_8']] took [0.025 s]
2018-01-27 at 00:54:42 CET logDebug - [pool-1-thread-1] Waiting for [findElementDynamic(): By.cssSelector: select[id='yy_date_8']] took [0.055 s]
2018-01-27 at 00:54:49 CET logDebug - [pool-1-thread-1] Waiting for [findElementDynamic(): By.cssSelector: select[id='yy_date_8']] took [0.116 s]
2018-01-27 at 00:54:49 CET logDebug - [pool-1-thread-1] Waiting for [findElementDynamic(): By.cssSelector: input[id='phone_9']] took [0.034 s]
2018-01-27 at 00:54:49 CET logDebug - [pool-1-thread-1] Waiting for [findElementDynamic(): By.cssSelector: input[id='phone_9']] took [0.016 s]
2018-01-27 at 00:54:49 CET logDebug - [pool-1-thread-1] Waiting for [findElementDynamic(): By.cssSelector: input[id='phone_9']] took [0.049 s]
2018-01-27 at 00:54:50 CET logDebug - [pool-1-thread-1] Waiting for [findElementDynamic(): By.cssSelector: input[id='username']] took [0.07 s]
2018-01-27 at 00:54:50 CET logDebug - [pool-1-thread-1] Waiting for [findElementDynamic(): By.cssSelector: input[id='username']] took [0.025 s]
2018-01-27 at 00:54:50 CET logDebug - [pool-1-thread-1] Waiting for [findElementDynamic(): By.cssSelector: input[id='username']] took [0.033 s]
2018-01-27 at 00:54:51 CET logDebug - [pool-1-thread-1] Waiting for [findElementDynamic(): By.cssSelector: input[id='email_1']] took [0.075 s]
2018-01-27 at 00:54:51 CET logDebug - [pool-1-thread-1] Waiting for [findElementDynamic(): By.cssSelector: input[id='email_1']] took [0.027 s]
2018-01-27 at 00:54:51 CET logDebug - [pool-1-thread-1] Waiting for [findElementDynamic(): By.cssSelector: input[id='email_1']] took [0.068 s]
2018-01-27 at 00:54:52 CET logDebug - [pool-1-thread-1] Waiting for [findElementDynamic(): By.cssSelector: textarea[ id='description' ]] took [0.05 s]
2018-01-27 at 00:54:52 CET logDebug - [pool-1-thread-1] Waiting for [findElementDynamic(): By.cssSelector: textarea[ id='description' ]] took [0.021 s]
sty 27, 2018 12:54:52 AM org.openqa.selenium.remote.DesiredCapabilities chrome
INFO: Using `new ChromeOptions()` is preferred to `DesiredCapabilities.chrome()`
2018-01-27 at 00:54:52 CET logDebug - [pool-1-thread-1] Waiting for [findElementDynamic(): By.cssSelector: textarea[ id='description' ]] took [0.035 s]
Starting ChromeDriver 2.33.506120 (e3e53437346286c0bc2d2dc9aa4915ba81d9023f) on port 38680
Only local connections are allowed.
2018-01-27 at 00:54:53 CET logDebug - [pool-1-thread-1] Waiting for [findElementDynamic(): By.cssSelector: input[id='password_2']] took [0.126 s]
2018-01-27 at 00:54:53 CET logDebug - [pool-1-thread-1] Waiting for [findElementDynamic(): By.cssSelector: input[id='password_2']] took [0.04 s]
2018-01-27 at 00:54:53 CET logDebug - [pool-1-thread-1] Waiting for [findElementDynamic(): By.cssSelector: input[id='password_2']] took [0.058 s]
sty 27, 2018 12:54:55 AM org.openqa.selenium.os.OsProcess destroy
INFO: Unable to drain process streams. Ignoring but the exception being swallowed follows.
org.apache.commons.exec.ExecuteException: The stop timeout of 2000 ms was exceeded (Exit value: -559038737)
	at org.apache.commons.exec.PumpStreamHandler.stopThread(PumpStreamHandler.java:295)
	at org.apache.commons.exec.PumpStreamHandler.stop(PumpStreamHandler.java:180)
	at org.openqa.selenium.os.OsProcess.destroy(OsProcess.java:136)
	at org.openqa.selenium.os.CommandLine.destroy(CommandLine.java:153)
	at org.openqa.selenium.remote.service.DriverService.stop(DriverService.java:222)
	at org.openqa.selenium.remote.service.DriverCommandExecutor.execute(DriverCommandExecutor.java:95)
	at org.openqa.selenium.remote.RemoteWebDriver.execute(RemoteWebDriver.java:601)
	at org.openqa.selenium.remote.RemoteWebDriver.execute(RemoteWebDriver.java:658)
	at org.openqa.selenium.remote.RemoteWebDriver.quit(RemoteWebDriver.java:497)
	at com.capgemini.ntc.selenium.core.newDrivers.DriverManager.closeDriver(DriverManager.java:86)
	at com.capgemini.ntc.selenium.core.BasePage.onTestClassFinish(BasePage.java:126)
	at java.util.ArrayList.forEach(ArrayList.java:1249)
	at com.capgemini.ntc.test.core.BaseTest.tearDownClass(BaseTest.java:71)
	at sun.reflect.GeneratedMethodAccessor7.invoke(Unknown Source)
	at sun.reflect.DelegatingMethodAccessorImpl.invoke(DelegatingMethodAccessorImpl.java:43)
	at java.lang.reflect.Method.invoke(Method.java:497)
	at org.junit.runners.model.FrameworkMethod$1.runReflectiveCall(FrameworkMethod.java:50)
	at org.junit.internal.runners.model.ReflectiveCallable.run(ReflectiveCallable.java:12)
	at org.junit.runners.model.FrameworkMethod.invokeExplosively(FrameworkMethod.java:47)
	at com.capgemini.ntc.test.core.testRunners.core.CustomRunAfters.evaluate(CustomRunAfters.java:43)
	at org.junit.rules.ExternalResource$1.evaluate(ExternalResource.java:48)
	at org.junit.rules.RunRules.evaluate(RunRules.java:20)
	at com.capgemini.ntc.test.core.testRunners.ParallelTestClassRunner.run(ParallelTestClassRunner.java:33)
	at org.junit.runners.Suite.runChild(Suite.java:128)
	at org.junit.runners.Suite.runChild(Suite.java:27)
	at org.junit.runners.ParentRunner$3.run(ParentRunner.java:290)
	at org.apache.maven.surefire.junitcore.pc.Scheduler$1.run(Scheduler.java:393)
	at java.util.concurrent.Executors$RunnableAdapter.call(Executors.java:511)
	at java.util.concurrent.FutureTask.run(FutureTask.java:266)
	at java.util.concurrent.ThreadPoolExecutor.runWorker(ThreadPoolExecutor.java:1142)
	at java.util.concurrent.ThreadPoolExecutor$Worker.run(ThreadPoolExecutor.java:617)
	at java.lang.Thread.run(Thread.java:745)

sty 27, 2018 12:54:55 AM org.openqa.selenium.os.OsProcess destroy
SEVERE: Unable to kill process java.lang.ProcessImpl@2175135a
2018-01-27 at 00:54:56 CET logDebug - [pool-1-thread-1] Waiting for [findElementDynamic(): By.cssSelector: input[id='confirm_password_password_2']] took [0.057 s]
2018-01-27 at 00:54:56 CET logDebug - [pool-1-thread-1] Waiting for [findElementDynamic(): By.cssSelector: input[id='confirm_password_password_2']] took [0.031 s]
2018-01-27 at 00:54:56 CET logDebug - [pool-1-thread-1] Waiting for [findElementDynamic(): By.cssSelector: input[id='confirm_password_password_2']] took [0.019 s]
2018-01-27 at 00:54:57 CET logDebug - [pool-1-thread-1] Waiting for [findElementDynamic(): By.cssSelector: input[name='pie_submit']] took [0.096 s]
2018-01-27 at 00:54:57 CET logDebug - [pool-1-thread-1] Waiting for [findElementDynamic(): By.cssSelector: input[name='pie_submit']] took [0.044 s]
2018-01-27 at 00:54:57 CET logDebug - [pool-1-thread-1] Waiting for [waitForPageLoaded] took [0.016 s]
2018-01-27 at 00:54:57 CET logDebug - [pool-1-thread-1] Waiting for [findElementDynamic(): By.cssSelector: input[name='pie_submit']] took [0.02 s]
sty 27, 2018 12:54:57 AM org.openqa.selenium.remote.ProtocolHandshake createSession
INFO: Detected dialect: OSS
2018-01-27 at 00:55:01 CET logDebug - [pool-1-thread-1] Waiting for [waitForElementVisible(): By.cssSelector: p[class='piereg_login_error']] took [0.686 s]
2018-01-27 at 00:55:01 CET logDebug - [pool-1-thread-1] Waiting for [waitForElementVisible(): By.cssSelector: p[class='piereg_login_error']] took [0.076 s]
2018-01-27 at 00:55:01 CET logDebug - [pool-1-thread-1] Error: Username already exists
2018-01-27 at 00:55:01 CET logDebug - [pool-1-thread-1] Waiting for [findElementDynamic(): By.cssSelector: p[class='piereg_login_error']] took [0.013 s]
2018-01-27 at 00:55:01 CET logDebug - [pool-1-thread-1] Waiting for [findElementDynamic(): By.cssSelector: p[class='piereg_login_error']] took [0.069 s]
2018-01-27 at 00:55:01 CET logInfo - [pool-1-thread-1] registrationTest(com.capgemini.ntc.selenium.projectX.registration.RegisterOKTestDDExternalDataTest) PASSED.
2018-01-27 at 00:55:01 CET logDebug - [pool-1-thread-1] BasePage.onTestSuccess    RegistrationPage
2018-01-27 at 00:55:01 CET logInfo - [pool-1-thread-1] registrationTest(com.capgemini.ntc.selenium.projectX.registration.RegisterOKTestDDExternalDataTest) duration: 0,79 min
2018-01-27 at 00:55:02 CET logDebug - [pool-1-thread-1] BasePage.onTestFinish   RegistrationPage
2018-01-27 at 00:55:02 CET logDebug - [pool-1-thread-1] To remove observer: com.capgemini.ntc.selenium.pages.projectX.registration.RegistrationPage@7116cdad
2018-01-27 at 00:55:02 CET logDebug - [pool-1-thread-1] BaseTest.tearDownClass()
2018-01-27 at 00:55:02 CET logDebug - [pool-1-thread-1] BaseTestWatcher.observers: [com.capgemini.ntc.selenium.pages.projectX.registration.RegistrationPage@7116cdad]
2018-01-27 at 00:55:02 CET logDebug - [pool-1-thread-1] TestClassRule.classObservers: []
2018-01-27 at 00:55:02 CET logDebug - [pool-1-thread-1] BasePage.onTestClassFinish   RegistrationPage
2018-01-27 at 00:55:02 CET logDebug - [pool-1-thread-1] driver:NewChromeDriver: chrome on XP (55e763ffd7b883b3ce62a63c8ae3893b)
2018-01-27 at 00:55:02 CET logDebug - [pool-1-thread-1] Closing WebDriver for this thread. chrome
2018-01-27 at 00:55:03 CET logDebug - [pool-1-thread-1] All observers cleared.
Running com.capgemini.ntc.selenium.projectX.registration.RegistryPageTest
2018-01-27 at 00:49:40 CET logInfo - [pool-1-thread-8] QCID_12342343_StayOnResistryPage(com.capgemini.ntc.selenium.projectX.registration.RegistryPageTest) STARTED.
2018-01-27 at 00:49:40 CET logInfo - [pool-1-thread-8] [Step 1] As a standard user I will open Registry Page,  So that my I can fill data
2018-01-27 at 00:49:40 CET logDebug - [pool-1-thread-8] Creating new browser=chrome WebDriver.
2018-01-27 at 00:49:44 CET logInfo - [pool-1-thread-8] Trying to set requested resolution: 1600x1200.
2018-01-27 at 00:49:46 CET logInfo - [pool-1-thread-8] Resolution readed from device: 1600x1100
2018-01-27 at 00:49:46 CET logInfo - [pool-1-thread-8] Trying to set increased resolution for 'View port': 1616x1200.
2018-01-27 at 00:49:46 CET logInfo - [pool-1-thread-8] Resolution readed from device: 1616x1100
2018-01-27 at 00:49:46 CET logDebug - [pool-1-thread-8] driver:NewChromeDriver: chrome on XP (1d0a2e78255475962379ecedac74568f)
2018-01-27 at 00:49:46 CET logDebug - [pool-1-thread-8] To add observer: com.capgemini.ntc.selenium.pages.projectX.registration.RegistryPage@250d3cb0
2018-01-27 at 00:49:46 CET logDebug - [pool-1-thread-8] BaseTestWatcher.observers: []
2018-01-27 at 00:49:46 CET logDebug - [pool-1-thread-8] TestClassRule.classObservers: []
2018-01-27 at 00:49:46 CET logDebug - [pool-1-thread-8] Added observer: com.capgemini.ntc.selenium.pages.projectX.registration.RegistryPage@250d3cb0
2018-01-27 at 00:49:46 CET logDebug - [pool-1-thread-8] Waiting for [waitForPageLoaded] took [0.029 s]
2018-01-27 at 00:49:47 CET logDebug - [pool-1-thread-8] com.capgemini.ntc.selenium.pages.projectX.registration.RegistryPage: Current loaded page (http://demoqa.com/registration/) with pageTitle (). Page to load: (http://demoqa.com/registration/) ,for page title: (Registration | Demoqa)
2018-01-27 at 00:49:57 CET logDebug - [pool-1-thread-8] Waiting for [waitForPageLoaded] took [0.047 s]
2018-01-27 at 00:49:57 CET logInfo - [pool-1-thread-8] [Step 1] As a standard user I will open Registry Page,  So that my I can fill data
2018-01-27 at 00:49:57 CET logDebug - [pool-1-thread-8] To add observer: com.capgemini.ntc.selenium.pages.projectX.registration.RegistryPage@61a94fbf
2018-01-27 at 00:49:57 CET logDebug - [pool-1-thread-8] BaseTestWatcher.observers: [com.capgemini.ntc.selenium.pages.projectX.registration.RegistryPage@250d3cb0]
2018-01-27 at 00:49:57 CET logDebug - [pool-1-thread-8] TestClassRule.classObservers: []
2018-01-27 at 00:49:57 CET logDebug - [pool-1-thread-8] Waiting for [waitForPageLoaded] took [0.012 s]
2018-01-27 at 00:49:57 CET logInfo - [pool-1-thread-8] [Step 2] As a standard user I click Submit button,  So that I will stay on Registry page
2018-01-27 at 00:49:57 CET logDebug - [pool-1-thread-8] Waiting for [findElementDynamic(): By.cssSelector: input[id='name_3_firstname']] took [0.031 s]
2018-01-27 at 00:49:57 CET logDebug - [pool-1-thread-8] Waiting for [findElementDynamic(): By.cssSelector: input[id='name_3_firstname']] took [0.025 s]
2018-01-27 at 00:49:57 CET logDebug - [pool-1-thread-8] Waiting for [waitForPageLoaded] took [0.042 s]
2018-01-27 at 00:49:58 CET logDebug - [pool-1-thread-8] Waiting for [findElementDynamic(): By.cssSelector: input[id='name_3_firstname']] took [0.048 s]
2018-01-27 at 00:49:58 CET logDebug - [pool-1-thread-8] Waiting for [waitForPageLoaded] took [0.036 s]
2018-01-27 at 00:49:58 CET logInfo - [pool-1-thread-8] QCID_12342343_StayOnResistryPage(com.capgemini.ntc.selenium.projectX.registration.RegistryPageTest) PASSED.
2018-01-27 at 00:49:58 CET logDebug - [pool-1-thread-8] BasePage.onTestSuccess    RegistryPage
2018-01-27 at 00:49:58 CET logInfo - [pool-1-thread-8] QCID_12342343_StayOnResistryPage(com.capgemini.ntc.selenium.projectX.registration.RegistryPageTest) duration: 0,30 min
2018-01-27 at 00:49:58 CET logDebug - [pool-1-thread-8] BasePage.onTestFinish   RegistryPage
2018-01-27 at 00:49:58 CET logDebug - [pool-1-thread-8] To remove observer: com.capgemini.ntc.selenium.pages.projectX.registration.RegistryPage@250d3cb0
2018-01-27 at 00:49:58 CET logInfo - [pool-1-thread-8] EXAMPLE_FAIL_TEST(com.capgemini.ntc.selenium.projectX.registration.RegistryPageTest) STARTED.
2018-01-27 at 00:49:58 CET logInfo - [pool-1-thread-8] [Step 1] As a standard user I will open Registry Page,  So that my I can fill data
2018-01-27 at 00:49:58 CET logDebug - [pool-1-thread-8] To add observer: com.capgemini.ntc.selenium.pages.projectX.registration.RegistryPage@5ef97781
2018-01-27 at 00:49:58 CET logDebug - [pool-1-thread-8] BaseTestWatcher.observers: [com.capgemini.ntc.selenium.pages.projectX.registration.RegistryPage@250d3cb0]
2018-01-27 at 00:49:58 CET logDebug - [pool-1-thread-8] TestClassRule.classObservers: []
2018-01-27 at 00:49:58 CET logDebug - [pool-1-thread-8] Waiting for [waitForPageLoaded] took [0.211 s]
2018-01-27 at 00:49:59 CET logInfo - [pool-1-thread-8] [Step 1] As a standard user I will open Registry Page,  So that my I can fill data
2018-01-27 at 00:49:59 CET logDebug - [pool-1-thread-8] To add observer: com.capgemini.ntc.selenium.pages.projectX.registration.RegistryPage@49b087e3
2018-01-27 at 00:49:59 CET logDebug - [pool-1-thread-8] BaseTestWatcher.observers: [com.capgemini.ntc.selenium.pages.projectX.registration.RegistryPage@250d3cb0]
2018-01-27 at 00:49:59 CET logDebug - [pool-1-thread-8] TestClassRule.classObservers: []
2018-01-27 at 00:49:59 CET logDebug - [pool-1-thread-8] Waiting for [waitForPageLoaded] took [0.013 s]
2018-01-27 at 00:49:59 CET logInfo - [pool-1-thread-8] [Step 2] As a standard user I click Submit button,  So that my data will be saved
2018-01-27 at 00:49:59 CET logDebug - [pool-1-thread-8] Waiting for [findElementDynamic(): By.cssSelector: input[id='name_3_firstname']] took [0.03 s]
2018-01-27 at 00:49:59 CET logDebug - [pool-1-thread-8] Waiting for [findElementDynamic(): By.cssSelector: input[id='name_3_firstname']] took [0.032 s]
2018-01-27 at 00:49:59 CET logDebug - [pool-1-thread-8] Waiting for [waitForPageLoaded] took [0.025 s]
2018-01-27 at 00:49:59 CET logDebug - [pool-1-thread-8] Waiting for [findElementDynamic(): By.cssSelector: input[id='name_3_firstname']] took [0.023 s]
2018-01-27 at 00:49:59 CET logDebug - [pool-1-thread-8] Waiting for [findElementDynamic(): By.cssSelector: input[id='name_3_firstname']] took [0.029 s]
2018-01-27 at 00:49:59 CET logInfo - [pool-1-thread-8] EXAMPLE_FAIL_TEST(com.capgemini.ntc.selenium.projectX.registration.RegistryPageTest) FAILED.
2018-01-27 at 00:49:59 CET logDebug - [pool-1-thread-8] BasePage.onTestFailure    RegistryPage
2018-01-27 at 00:50:00 CET logInfo - [pool-1-thread-8] EXAMPLE_FAIL_TEST(com.capgemini.ntc.selenium.projectX.registration.RegistryPageTest) duration: 0,03 min
2018-01-27 at 00:50:00 CET logDebug - [pool-1-thread-8] BasePage.onTestFinish   RegistryPage
2018-01-27 at 00:50:00 CET logDebug - [pool-1-thread-8] To remove observer: com.capgemini.ntc.selenium.pages.projectX.registration.RegistryPage@250d3cb0
2018-01-27 at 00:50:00 CET logDebug - [pool-1-thread-8] BaseTest.tearDownClass()
2018-01-27 at 00:50:00 CET logDebug - [pool-1-thread-8] BaseTestWatcher.observers: [com.capgemini.ntc.selenium.pages.projectX.registration.RegistryPage@250d3cb0]
2018-01-27 at 00:50:00 CET logDebug - [pool-1-thread-8] TestClassRule.classObservers: []
2018-01-27 at 00:50:00 CET logDebug - [pool-1-thread-8] BasePage.onTestClassFinish   RegistryPage
2018-01-27 at 00:50:00 CET logDebug - [pool-1-thread-8] driver:NewChromeDriver: chrome on XP (1d0a2e78255475962379ecedac74568f)
2018-01-27 at 00:50:00 CET logDebug - [pool-1-thread-8] Closing WebDriver for this thread. chrome
2018-01-27 at 00:50:07 CET logDebug - [pool-1-thread-8] All observers cleared.
2018-01-27 at 00:51:16 CET logInfo - [pool-1-thread-8] valuesInTableCellsShouldNotChangeAfterClick(com.capgemini.ntc.selenium.projectY.ChallengingDomTest) STARTED.
2018-01-27 at 00:51:16 CET logDebug - [pool-1-thread-8] Step1 - open Chrome browser
2018-01-27 at 00:51:16 CET logDebug - [pool-1-thread-8] Step2 - load http://the-internet.herokuapp.com/ page
2018-01-27 at 00:51:16 CET logDebug - [pool-1-thread-8] Creating new browser=chrome WebDriver.
2018-01-27 at 00:51:22 CET logInfo - [pool-1-thread-8] Trying to set requested resolution: 1600x1200.
2018-01-27 at 00:51:24 CET logInfo - [pool-1-thread-8] Resolution readed from device: 1600x1100
2018-01-27 at 00:51:24 CET logInfo - [pool-1-thread-8] Trying to set increased resolution for 'View port': 1616x1200.
2018-01-27 at 00:51:25 CET logInfo - [pool-1-thread-8] Resolution readed from device: 1616x1100
2018-01-27 at 00:51:25 CET logDebug - [pool-1-thread-8] driver:NewChromeDriver: chrome on XP (f5e7b1f7731210ac10ebce882c711027)
2018-01-27 at 00:51:25 CET logDebug - [pool-1-thread-8] To add observer: com.capgemini.ntc.selenium.pages.projectY.TheInternetPage@5de338c
2018-01-27 at 00:51:25 CET logDebug - [pool-1-thread-8] BaseTestWatcher.observers: []
2018-01-27 at 00:51:25 CET logDebug - [pool-1-thread-8] TestClassRule.classObservers: []
2018-01-27 at 00:51:25 CET logDebug - [pool-1-thread-8] Added observer: com.capgemini.ntc.selenium.pages.projectY.TheInternetPage@5de338c
2018-01-27 at 00:51:25 CET logDebug - [pool-1-thread-8] The internet page is loaded: data:,
2018-01-27 at 00:51:25 CET logDebug - [pool-1-thread-8] load page
2018-01-27 at 00:51:41 CET logDebug - [pool-1-thread-8] Waiting for [waitForPageLoaded] took [0.083 s]
2018-01-27 at 00:51:41 CET logDebug - [pool-1-thread-8] The internet page is loaded: http://the-internet.herokuapp.com/
2018-01-27 at 00:51:41 CET logDebug - [pool-1-thread-8] Step 3 - Click on the Challenging DOM link
2018-01-27 at 00:51:41 CET logDebug - [pool-1-thread-8] Waiting for [findElementDynamic(): By.cssSelector: li > a[href*=challenging_dom]] took [0.064 s]
2018-01-27 at 00:51:43 CET logDebug - [pool-1-thread-8] To add observer: com.capgemini.ntc.selenium.pages.projectY.ChallengingDomPage@734ec32
2018-01-27 at 00:51:43 CET logDebug - [pool-1-thread-8] BaseTestWatcher.observers: [com.capgemini.ntc.selenium.pages.projectY.TheInternetPage@5de338c]
2018-01-27 at 00:51:43 CET logDebug - [pool-1-thread-8] TestClassRule.classObservers: []
2018-01-27 at 00:51:43 CET logDebug - [pool-1-thread-8] The ChallengingDOM page is loaded.
2018-01-27 at 00:51:43 CET logDebug - [pool-1-thread-8] Step 4 - Verify if Challenging DOM Page opens
2018-01-27 at 00:51:43 CET logDebug - [pool-1-thread-8] The ChallengingDOM page is loaded.
2018-01-27 at 00:51:43 CET logDebug - [pool-1-thread-8] Step 5 - Getting the table values (before click first button)
2018-01-27 at 00:51:43 CET logDebug - [pool-1-thread-8] Step 6 - Click first button
2018-01-27 at 00:51:44 CET logDebug - [pool-1-thread-8] Waiting for [findElementDynamic(): By.cssSelector: .large-2.columns > .button:nth-child(1)] took [0.148 s]
2018-01-27 at 00:51:44 CET logDebug - [pool-1-thread-8] Waiting for [findElementDynamic(): By.cssSelector: .large-2.columns > .button:nth-child(1)] took [0.169 s]
2018-01-27 at 00:51:44 CET logDebug - [pool-1-thread-8] Waiting for [waitForPageLoaded] took [0.092 s]
2018-01-27 at 00:51:45 CET logDebug - [pool-1-thread-8] Waiting for [findElementDynamic(): By.cssSelector: .large-2.columns > .button:nth-child(1)] took [0.129 s]
2018-01-27 at 00:51:46 CET logDebug - [pool-1-thread-8] Waiting for [waitForPageLoaded] took [0.136 s]
2018-01-27 at 00:51:46 CET logDebug - [pool-1-thread-8] Step 7 - Getting the table values (after click first button)
2018-01-27 at 00:51:46 CET logDebug - [pool-1-thread-8] Step 8 - Comparing the table values before and after click
2018-01-27 at 00:51:46 CET logInfo - [pool-1-thread-8] valuesInTableCellsShouldNotChangeAfterClick(com.capgemini.ntc.selenium.projectY.ChallengingDomTest) PASSED.
2018-01-27 at 00:51:46 CET logDebug - [pool-1-thread-8] BasePage.onTestSuccess    TheInternetPage
2018-01-27 at 00:51:46 CET logInfo - [pool-1-thread-8] valuesInTableCellsShouldNotChangeAfterClick(com.capgemini.ntc.selenium.projectY.ChallengingDomTest) duration: 0,51 min
2018-01-27 at 00:51:46 CET logDebug - [pool-1-thread-8] Step 9 - navigate back to The-Internet page
2018-01-27 at 00:51:47 CET logDebug - [pool-1-thread-8] Waiting for [waitForPageLoaded] took [0.093 s]
2018-01-27 at 00:51:47 CET logDebug - [pool-1-thread-8] BasePage.onTestFinish   TheInternetPage
2018-01-27 at 00:51:47 CET logDebug - [pool-1-thread-8] To remove observer: com.capgemini.ntc.selenium.pages.projectY.TheInternetPage@5de338c
2018-01-27 at 00:51:47 CET logDebug - [pool-1-thread-8] BaseTest.tearDownClass()
2018-01-27 at 00:51:47 CET logDebug - [pool-1-thread-8] BaseTestWatcher.observers: [com.capgemini.ntc.selenium.pages.projectY.TheInternetPage@5de338c]
2018-01-27 at 00:51:47 CET logDebug - [pool-1-thread-8] TestClassRule.classObservers: []
2018-01-27 at 00:51:47 CET logDebug - [pool-1-thread-8] BasePage.onTestClassFinish   TheInternetPage
2018-01-27 at 00:51:47 CET logDebug - [pool-1-thread-8] driver:NewChromeDriver: chrome on XP (f5e7b1f7731210ac10ebce882c711027)
2018-01-27 at 00:51:47 CET logDebug - [pool-1-thread-8] Closing WebDriver for this thread. chrome
2018-01-27 at 00:51:51 CET logDebug - [pool-1-thread-8] All observers cleared.
2018-01-27 at 00:51:52 CET logInfo - [pool-1-thread-8] test(com.capgemini.ntc.selenium.features.webElements.ButtonTest) STARTED.
2018-01-27 at 00:51:52 CET logDebug - [pool-1-thread-8] Creating new browser=chrome WebDriver.
2018-01-27 at 00:51:58 CET logInfo - [pool-1-thread-8] Trying to set requested resolution: 1600x1200.
2018-01-27 at 00:51:59 CET logInfo - [pool-1-thread-8] Resolution readed from device: 1600x1100
2018-01-27 at 00:51:59 CET logInfo - [pool-1-thread-8] Trying to set increased resolution for 'View port': 1616x1200.
2018-01-27 at 00:51:59 CET logInfo - [pool-1-thread-8] Resolution readed from device: 1616x1100
2018-01-27 at 00:51:59 CET logDebug - [pool-1-thread-8] driver:NewChromeDriver: chrome on XP (d713ec742db1958750201627ec4376dd)
2018-01-27 at 00:52:22 CET logDebug - [pool-1-thread-8] Waiting for [findElementDynamic(): By.cssSelector: button#submit] took [0.074 s]
2018-01-27 at 00:52:22 CET logDebug - [pool-1-thread-8] Waiting for [findElementDynamic(): By.cssSelector: button#submit] took [0.058 s]
2018-01-27 at 00:52:22 CET logDebug - [pool-1-thread-8] Waiting for [findElementDynamic(): By.cssSelector: button#submit] took [0.023 s]
2018-01-27 at 00:52:22 CET logDebug - [pool-1-thread-8] Waiting for [findElementDynamic(): By.cssSelector: button#submit] took [0.08 s]
2018-01-27 at 00:52:23 CET logDebug - [pool-1-thread-8] Waiting for [waitForPageLoaded] took [0.062 s]
2018-01-27 at 00:52:23 CET logDebug - [pool-1-thread-8] Waiting for [findElementDynamic(): By.cssSelector: button#submit] took [0.128 s]
2018-01-27 at 00:52:37 CET logInfo - [pool-1-thread-8] test(com.capgemini.ntc.selenium.features.webElements.ButtonTest) PASSED.
2018-01-27 at 00:52:37 CET logInfo - [pool-1-thread-8] test(com.capgemini.ntc.selenium.features.webElements.ButtonTest) duration: 0,75 min
2018-01-27 at 00:52:37 CET logDebug - [pool-1-thread-8] BaseTest.tearDownClass()
2018-01-27 at 00:52:37 CET logDebug - [pool-1-thread-8] BaseTestWatcher.observers: []
2018-01-27 at 00:52:37 CET logDebug - [pool-1-thread-8] TestClassRule.classObservers: []
2018-01-27 at 00:52:37 CET logDebug - [pool-1-thread-8] All observers cleared.
2018-01-27 at 00:52:37 CET logInfo - [pool-1-thread-8] test(com.capgemini.ntc.selenium.features.webElements.TooltipTest) STARTED.
2018-01-27 at 00:52:56 CET logDebug - [pool-1-thread-8] Waiting for [findElementDynamic(): By.cssSelector: input[id='age']] took [0.112 s]
2018-01-27 at 00:52:56 CET logDebug - [pool-1-thread-8] Waiting for [findElementDynamic(): By.cssSelector: div.ui-tooltip] took [0.166 s]
2018-01-27 at 00:52:57 CET logDebug - [pool-1-thread-8] Waiting for [findElementDynamic(): By.cssSelector: div.ui-tooltip] took [0.088 s]
2018-01-27 at 00:52:57 CET logInfo - [pool-1-thread-8] test(com.capgemini.ntc.selenium.features.webElements.TooltipTest) PASSED.
2018-01-27 at 00:52:57 CET logInfo - [pool-1-thread-8] test(com.capgemini.ntc.selenium.features.webElements.TooltipTest) duration: 0,33 min
2018-01-27 at 00:52:57 CET logDebug - [pool-1-thread-8] BaseTest.tearDownClass()
2018-01-27 at 00:52:57 CET logDebug - [pool-1-thread-8] BaseTestWatcher.observers: []
2018-01-27 at 00:52:57 CET logDebug - [pool-1-thread-8] TestClassRule.classObservers: []
2018-01-27 at 00:52:57 CET logDebug - [pool-1-thread-8] All observers cleared.
2018-01-27 at 00:52:57 CET logInfo - [pool-1-thread-8] test(com.capgemini.ntc.selenium.projectX.navigationbar.NavigationBarTest) STARTED.
2018-01-27 at 00:52:57 CET logInfo - [pool-1-thread-8] [Step 1] Open main page
2018-01-27 at 00:52:57 CET logDebug - [pool-1-thread-8] To add observer: com.capgemini.ntc.selenium.pages.projectX.MainPage@28d12c1b
2018-01-27 at 00:52:57 CET logDebug - [pool-1-thread-8] BaseTestWatcher.observers: []
2018-01-27 at 00:52:57 CET logDebug - [pool-1-thread-8] TestClassRule.classObservers: []
2018-01-27 at 00:52:57 CET logDebug - [pool-1-thread-8] Added observer: com.capgemini.ntc.selenium.pages.projectX.MainPage@28d12c1b
2018-01-27 at 00:52:57 CET logDebug - [pool-1-thread-8] Waiting for [waitForPageLoaded] took [0.148 s]
2018-01-27 at 00:52:57 CET logDebug - [pool-1-thread-8] com.capgemini.ntc.selenium.pages.projectX.MainPage: Current loaded page (http://demoqa.com/) with pageTitle (Tooltip | Demoqa). Page to load: (http://demoqa.com/) ,for page title: (Demoqa | Just another WordPress site)
2018-01-27 at 00:53:02 CET logInfo - [pool-1-thread-8] [Step 2] Click navigation bar - Home
2018-01-27 at 00:53:02 CET logDebug - [pool-1-thread-8] To add observer: com.capgemini.ntc.selenium.pages.projectX.navigationbar.NavigationBar@237eda30
2018-01-27 at 00:53:02 CET logDebug - [pool-1-thread-8] BaseTestWatcher.observers: [com.capgemini.ntc.selenium.pages.projectX.MainPage@28d12c1b]
2018-01-27 at 00:53:02 CET logDebug - [pool-1-thread-8] TestClassRule.classObservers: []
2018-01-27 at 00:53:02 CET logDebug - [pool-1-thread-8] Waiting for [waitForPageLoaded] took [0.117 s]
2018-01-27 at 00:53:03 CET logDebug - [pool-1-thread-8] Waiting for [findElementDynamic(): By.cssSelector: li[id='menu-item-38']] took [0.083 s]
2018-01-27 at 00:53:03 CET logDebug - [pool-1-thread-8] Waiting for [findElementDynamic(): By.cssSelector: li[id='menu-item-38']] took [0.049 s]
2018-01-27 at 00:53:03 CET logDebug - [pool-1-thread-8] Waiting for [waitForPageLoaded] took [0.027 s]
2018-01-27 at 00:53:03 CET logDebug - [pool-1-thread-8] Waiting for [findElementDynamic(): By.cssSelector: li[id='menu-item-38']] took [0.046 s]
2018-01-27 at 00:53:04 CET logInfo - [pool-1-thread-8] Clicking on Navigation bar link - Home
2018-01-27 at 00:53:04 CET logDebug - [pool-1-thread-8] Waiting for [waitForPageLoaded] took [0.128 s]
2018-01-27 at 00:53:04 CET logInfo - [pool-1-thread-8] [Step 3] Verify if main page is opened
2018-01-27 at 00:53:04 CET logDebug - [pool-1-thread-8] To add observer: com.capgemini.ntc.selenium.pages.projectX.navigationbar.home.NavBarHome@77f33234
2018-01-27 at 00:53:04 CET logDebug - [pool-1-thread-8] BaseTestWatcher.observers: [com.capgemini.ntc.selenium.pages.projectX.MainPage@28d12c1b]
2018-01-27 at 00:53:04 CET logDebug - [pool-1-thread-8] TestClassRule.classObservers: []
2018-01-27 at 00:53:05 CET logDebug - [pool-1-thread-8] Waiting for [waitForPageLoaded] took [0.285 s]
2018-01-27 at 00:53:05 CET logDebug - [pool-1-thread-8] Waiting for [waitForPageLoaded] took [0.087 s]
2018-01-27 at 00:53:05 CET logInfo - [pool-1-thread-8] test(com.capgemini.ntc.selenium.projectX.navigationbar.NavigationBarTest) PASSED.
2018-01-27 at 00:53:05 CET logDebug - [pool-1-thread-8] BasePage.onTestSuccess    MainPage
2018-01-27 at 00:53:05 CET logInfo - [pool-1-thread-8] test(com.capgemini.ntc.selenium.projectX.navigationbar.NavigationBarTest) duration: 0,14 min
2018-01-27 at 00:53:05 CET logDebug - [pool-1-thread-8] BasePage.onTestFinish   MainPage
2018-01-27 at 00:53:05 CET logDebug - [pool-1-thread-8] To remove observer: com.capgemini.ntc.selenium.pages.projectX.MainPage@28d12c1b
2018-01-27 at 00:53:05 CET logDebug - [pool-1-thread-8] BaseTest.tearDownClass()
2018-01-27 at 00:53:05 CET logDebug - [pool-1-thread-8] BaseTestWatcher.observers: [com.capgemini.ntc.selenium.pages.projectX.MainPage@28d12c1b]
2018-01-27 at 00:53:05 CET logDebug - [pool-1-thread-8] TestClassRule.classObservers: []
2018-01-27 at 00:53:05 CET logDebug - [pool-1-thread-8] BasePage.onTestClassFinish   MainPage
2018-01-27 at 00:53:05 CET logDebug - [pool-1-thread-8] driver:NewChromeDriver: chrome on XP (d713ec742db1958750201627ec4376dd)
2018-01-27 at 00:53:05 CET logDebug - [pool-1-thread-8] Closing WebDriver for this thread. chrome
2018-01-27 at 00:53:46 CET logDebug - [pool-1-thread-8] All observers cleared.
2018-01-27 at 00:53:46 CET logInfo - [pool-1-thread-8] Step1 - open Chrome browser
2018-01-27 at 00:53:46 CET logInfo - [pool-1-thread-8] Step2 - load http://the-internet.herokuapp.com/ page
2018-01-27 at 00:53:46 CET logDebug - [pool-1-thread-8] Creating new browser=chrome WebDriver.
2018-01-27 at 00:53:57 CET logInfo - [pool-1-thread-8] Trying to set requested resolution: 1600x1200.
2018-01-27 at 00:53:58 CET logInfo - [pool-1-thread-8] Resolution readed from device: 1600x1100
2018-01-27 at 00:53:58 CET logInfo - [pool-1-thread-8] Trying to set increased resolution for 'View port': 1616x1200.
2018-01-27 at 00:53:59 CET logInfo - [pool-1-thread-8] Resolution readed from device: 1616x1100
2018-01-27 at 00:53:59 CET logDebug - [pool-1-thread-8] driver:NewChromeDriver: chrome on XP (148acd3f13bc575cd729f64d85dda270)
2018-01-27 at 00:53:59 CET logDebug - [pool-1-thread-8] To add observer: com.capgemini.ntc.selenium.pages.projectY.TheInternetPage@669086a1
2018-01-27 at 00:53:59 CET logDebug - [pool-1-thread-8] BaseTestWatcher.observers: []
2018-01-27 at 00:53:59 CET logDebug - [pool-1-thread-8] TestClassRule.classObservers: []
2018-01-27 at 00:53:59 CET logDebug - [pool-1-thread-8] Added observer: com.capgemini.ntc.selenium.pages.projectY.TheInternetPage@669086a1
2018-01-27 at 00:53:59 CET logDebug - [pool-1-thread-8] The internet page is loaded: data:,
2018-01-27 at 00:53:59 CET logDebug - [pool-1-thread-8] load page
2018-01-27 at 00:54:18 CET logDebug - [pool-1-thread-8] Waiting for [waitForPageLoaded] took [0.036 s]
2018-01-27 at 00:54:18 CET logDebug - [pool-1-thread-8] The internet page is loaded: http://the-internet.herokuapp.com/
2018-01-27 at 00:54:18 CET logInfo - [pool-1-thread-8] shouldOpenABtestWhenClickABtestingLink(com.capgemini.ntc.selenium.projectY.ABtestingTest) STARTED.
2018-01-27 at 00:54:18 CET logInfo - [pool-1-thread-8] Step3 - click ABtesting link
2018-01-27 at 00:54:18 CET logDebug - [pool-1-thread-8] Waiting for [findElementDynamic(): By.cssSelector: li > a[href*=abtest]] took [0.065 s]
2018-01-27 at 00:54:19 CET logDebug - [pool-1-thread-8] To add observer: com.capgemini.ntc.selenium.pages.projectY.ABtestPage@652fc9d9
2018-01-27 at 00:54:19 CET logDebug - [pool-1-thread-8] BaseTestWatcher.observers: []
2018-01-27 at 00:54:19 CET logDebug - [pool-1-thread-8] TestClassRule.classObservers: [com.capgemini.ntc.selenium.pages.projectY.TheInternetPage@669086a1]
2018-01-27 at 00:54:19 CET logInfo - [pool-1-thread-8] shouldOpenABtestWhenClickABtestingLink(com.capgemini.ntc.selenium.projectY.ABtestingTest) PASSED.
2018-01-27 at 00:54:19 CET logDebug - [pool-1-thread-8] BasePage.onTestSuccess    TheInternetPage
2018-01-27 at 00:54:19 CET logInfo - [pool-1-thread-8] shouldOpenABtestWhenClickABtestingLink(com.capgemini.ntc.selenium.projectY.ABtestingTest) duration: 0,02 min
2018-01-27 at 00:54:19 CET logDebug - [pool-1-thread-8] Waiting for [waitForPageLoaded] took [0.046 s]
2018-01-27 at 00:54:19 CET logInfo - [pool-1-thread-8] shouldOpenElementalSeleniumPageWhenClickElementalSeleniumLink(com.capgemini.ntc.selenium.projectY.ABtestingTest) STARTED.
2018-01-27 at 00:54:19 CET logInfo - [pool-1-thread-8] Step3 - click ABtesting link
2018-01-27 at 00:54:19 CET logDebug - [pool-1-thread-8] Waiting for [findElementDynamic(): By.cssSelector: li > a[href*=abtest]] took [0.06 s]
2018-01-27 at 00:54:20 CET logDebug - [pool-1-thread-8] To add observer: com.capgemini.ntc.selenium.pages.projectY.ABtestPage@1220c92b
2018-01-27 at 00:54:20 CET logDebug - [pool-1-thread-8] BaseTestWatcher.observers: []
2018-01-27 at 00:54:20 CET logDebug - [pool-1-thread-8] TestClassRule.classObservers: [com.capgemini.ntc.selenium.pages.projectY.TheInternetPage@669086a1]
2018-01-27 at 00:54:20 CET logInfo - [pool-1-thread-8] Step4 - click Elemental Selenium link
2018-01-27 at 00:54:21 CET logDebug - [pool-1-thread-8] Waiting for [findElementDynamic(): By.cssSelector: div > div > a] took [0.083 s]
2018-01-27 at 00:54:21 CET logDebug - [pool-1-thread-8] Waiting for [waitForPageLoaded] took [0.045 s]
2018-01-27 at 00:54:21 CET logDebug - [pool-1-thread-8] To add observer: com.capgemini.ntc.selenium.pages.projectY.ElementalSeleniumPage@625f90de
2018-01-27 at 00:54:21 CET logDebug - [pool-1-thread-8] BaseTestWatcher.observers: []
2018-01-27 at 00:54:21 CET logDebug - [pool-1-thread-8] TestClassRule.classObservers: [com.capgemini.ntc.selenium.pages.projectY.TheInternetPage@669086a1]
2018-01-27 at 00:54:21 CET logDebug - [pool-1-thread-8] load()
2018-01-27 at 00:54:21 CET logInfo - [pool-1-thread-8] Step5 - switch tab in browser to new opened Elemental Selenium link
2018-01-27 at 00:54:25 CET logInfo - [pool-1-thread-8] shouldOpenElementalSeleniumPageWhenClickElementalSeleniumLink(com.capgemini.ntc.selenium.projectY.ABtestingTest) PASSED.
2018-01-27 at 00:54:25 CET logDebug - [pool-1-thread-8] BasePage.onTestSuccess    TheInternetPage
2018-01-27 at 00:54:25 CET logInfo - [pool-1-thread-8] shouldOpenElementalSeleniumPageWhenClickElementalSeleniumLink(com.capgemini.ntc.selenium.projectY.ABtestingTest) duration: 0,09 min
2018-01-27 at 00:54:26 CET logDebug - [pool-1-thread-8] Waiting for [waitForPageLoaded] took [0.604 s]
2018-01-27 at 00:54:26 CET logDebug - [pool-1-thread-8] BaseTest.tearDownClass()
2018-01-27 at 00:54:26 CET logDebug - [pool-1-thread-8] BaseTestWatcher.observers: []
2018-01-27 at 00:54:26 CET logDebug - [pool-1-thread-8] TestClassRule.classObservers: [com.capgemini.ntc.selenium.pages.projectY.TheInternetPage@669086a1]
2018-01-27 at 00:54:26 CET logDebug - [pool-1-thread-8] BasePage.onTestClassFinish   TheInternetPage
2018-01-27 at 00:54:26 CET logDebug - [pool-1-thread-8] driver:NewChromeDriver: chrome on XP (148acd3f13bc575cd729f64d85dda270)
2018-01-27 at 00:54:26 CET logDebug - [pool-1-thread-8] Closing WebDriver for this thread. chrome
2018-01-27 at 00:54:42 CET logDebug - [pool-1-thread-8] All observers cleared.
2018-01-27 at 00:54:42 CET logInfo - [pool-1-thread-8] pressKeyTest(com.capgemini.ntc.selenium.projectY.KeyPressesTest) STARTED.
2018-01-27 at 00:54:43 CET logInfo - [pool-1-thread-8] Step1 - open Chrome browser
2018-01-27 at 00:54:43 CET logInfo - [pool-1-thread-8] Step2 - open web page http://the-internet.herokuapp.com/
2018-01-27 at 00:54:43 CET logDebug - [pool-1-thread-8] Creating new browser=chrome WebDriver.
2018-01-27 at 00:54:46 CET logInfo - [pool-1-thread-8] Trying to set requested resolution: 1600x1200.
2018-01-27 at 00:54:47 CET logInfo - [pool-1-thread-8] Resolution readed from device: 1600x1100
2018-01-27 at 00:54:47 CET logInfo - [pool-1-thread-8] Trying to set increased resolution for 'View port': 1616x1200.
2018-01-27 at 00:54:47 CET logInfo - [pool-1-thread-8] Resolution readed from device: 1616x1100
2018-01-27 at 00:54:47 CET logDebug - [pool-1-thread-8] driver:NewChromeDriver: chrome on XP (361d6ff51d6b0d23a8d04cad4fde026d)
2018-01-27 at 00:54:47 CET logDebug - [pool-1-thread-8] To add observer: com.capgemini.ntc.selenium.pages.projectY.TheInternetPage@4e266cd9
2018-01-27 at 00:54:47 CET logDebug - [pool-1-thread-8] BaseTestWatcher.observers: []
2018-01-27 at 00:54:47 CET logDebug - [pool-1-thread-8] TestClassRule.classObservers: []
2018-01-27 at 00:54:47 CET logDebug - [pool-1-thread-8] Added observer: com.capgemini.ntc.selenium.pages.projectY.TheInternetPage@4e266cd9
2018-01-27 at 00:54:48 CET logDebug - [pool-1-thread-8] The internet page is loaded: data:,
2018-01-27 at 00:54:48 CET logDebug - [pool-1-thread-8] load page
2018-01-27 at 00:55:03 CET logDebug - [pool-1-thread-8] Waiting for [waitForPageLoaded] took [0.038 s]
2018-01-27 at 00:55:03 CET logDebug - [pool-1-thread-8] The internet page is loaded: http://the-internet.herokuapp.com/
2018-01-27 at 00:55:03 CET logDebug - [pool-1-thread-8] Step 3 - Click on the Key Presses link
2018-01-27 at 00:55:03 CET logDebug - [pool-1-thread-8] Waiting for [findElementDynamic(): By.cssSelector: li > a[href*=key_presses]] took [0.04 s]
2018-01-27 at 00:55:04 CET logDebug - [pool-1-thread-8] To add observer: com.capgemini.ntc.selenium.pages.projectY.KeyPressesPage@3e7792d5
2018-01-27 at 00:55:04 CET logDebug - [pool-1-thread-8] BaseTestWatcher.observers: [com.capgemini.ntc.selenium.pages.projectY.TheInternetPage@4e266cd9]
2018-01-27 at 00:55:04 CET logDebug - [pool-1-thread-8] TestClassRule.classObservers: []
2018-01-27 at 00:55:04 CET logDebug - [pool-1-thread-8] The KeyPresses page is loaded.
2018-01-27 at 00:55:04 CET logDebug - [pool-1-thread-8] Step 4 - Verify if the Url http://the-internet.herokuapp.com/key_presses opens
2018-01-27 at 00:55:04 CET logDebug - [pool-1-thread-8] The KeyPresses page is loaded.
2018-01-27 at 00:55:04 CET logDebug - [pool-1-thread-8] Waiting for [findElementDynamic(): By.cssSelector: #result] took [0.044 s]
2018-01-27 at 00:55:04 CET logInfo - [pool-1-thread-8] pressKeyTest(com.capgemini.ntc.selenium.projectY.KeyPressesTest) PASSED.
2018-01-27 at 00:55:04 CET logDebug - [pool-1-thread-8] BasePage.onTestSuccess    TheInternetPage
2018-01-27 at 00:55:04 CET logInfo - [pool-1-thread-8] pressKeyTest(com.capgemini.ntc.selenium.projectY.KeyPressesTest) duration: 0,36 min
2018-01-27 at 00:55:04 CET logInfo - [pool-1-thread-8] Step5 - navigate back to The-Internet page
2018-01-27 at 00:55:05 CET logDebug - [pool-1-thread-8] Waiting for [waitForPageLoaded] took [0.016 s]
2018-01-27 at 00:55:05 CET logDebug - [pool-1-thread-8] BasePage.onTestFinish   TheInternetPage
2018-01-27 at 00:55:05 CET logDebug - [pool-1-thread-8] To remove observer: com.capgemini.ntc.selenium.pages.projectY.TheInternetPage@4e266cd9
2018-01-27 at 00:55:05 CET logDebug - [pool-1-thread-8] BaseTest.tearDownClass()
2018-01-27 at 00:55:05 CET logDebug - [pool-1-thread-8] BaseTestWatcher.observers: [com.capgemini.ntc.selenium.pages.projectY.TheInternetPage@4e266cd9]
2018-01-27 at 00:55:05 CET logDebug - [pool-1-thread-8] TestClassRule.classObservers: []
2018-01-27 at 00:55:05 CET logDebug - [pool-1-thread-8] BasePage.onTestClassFinish   TheInternetPage
2018-01-27 at 00:55:05 CET logDebug - [pool-1-thread-8] driver:NewChromeDriver: chrome on XP (361d6ff51d6b0d23a8d04cad4fde026d)
2018-01-27 at 00:55:05 CET logDebug - [pool-1-thread-8] Closing WebDriver for this thread. chrome
2018-01-27 at 00:55:05 CET logDebug - [pool-1-thread-8] All observers cleared.
Tests run: 4, Failures: 2, Errors: 0, Skipped: 0, Time elapsed: 282.95 sec <<< FAILURE! - in com.capgemini.ntc.selenium.projectX.registration.RegistryPageTest
EXAMPLE_FAIL_TEST(com.capgemini.ntc.selenium.projectX.registration.RegistryPageTest)  Time elapsed: 1.854 sec  <<< FAILURE!
java.lang.AssertionError: 
Submit display button was not visible
Expected: is <true>
     but: was <false>
	at com.capgemini.ntc.selenium.projectX.registration.RegistryPageTest.EXAMPLE_FAIL_TEST(RegistryPageTest.java:53)

EXAMPLE_FAIL_TEST(com.capgemini.ntc.selenium.projectX.registration.RegistryPageTest)  Time elapsed: 1.673 sec  <<< FAILURE!
java.lang.AssertionError: 
Submit display button was not visible
Expected: is <true>
     but: was <false>
	at com.capgemini.ntc.selenium.projectX.registration.RegistryPageTest.EXAMPLE_FAIL_TEST(RegistryPageTest.java:53)


Results :

Failed tests: 
com.capgemini.ntc.selenium.projectX.registration.RegistryPageTest.EXAMPLE_FAIL_TEST(com.capgemini.ntc.selenium.projectX.registration.RegistryPageTest)
  Run 1: RegistryPageTest.EXAMPLE_FAIL_TEST:53 Submit display button was not visible
Expected: is <true>
     but: was <false>
  Run 2: RegistryPageTest.EXAMPLE_FAIL_TEST:53 Submit display button was not visible
Expected: is <true>
     but: was <false>


Tests run: 61, Failures: 1, Errors: 0, Skipped: 0

[ERROR] There are test failures.

Please refer to D:\eclipse\Allure_Test_Framework\workspace\devonfw-testing\allure-app-under-test\target\surefire-reports for the individual test results.
[INFO] 
[INFO] --- maven-site-plugin:3.3:site (default-site) @ allure-app-under-test ---
[INFO] configuring report plugin ru.yandex.qatools.allure:allure-maven-plugin:2.6
[INFO] Relativizing decoration links with respect to project URL: https://github.com/devonfw/devonfw-testing
[INFO] Rendering site with org.apache.maven.skins:maven-default-skin:jar:1.0 skin.
[INFO] Skipped "Allure" report, file "allure-maven-plugin.html" already exists for the English version.
[INFO] Skipped "Allure" report, file "allure-maven-plugin.html" already exists for the English version.
[INFO] Generating "Allure" report    --- allure-maven-plugin:2.6
[INFO] Generate Allure report (aggregate) with version 1.5.4
[INFO] Generate Allure report to D:\eclipse\Allure_Test_Framework\workspace\devonfw-testing\allure-app-under-test/target//site/allure-report
[INFO] Found results directory D:\eclipse\Allure_Test_Framework\workspace\devonfw-testing\allure-app-under-test\target\allure-results
[INFO] ------------------------------------------------------------------------
[INFO] BUILD SUCCESS
[INFO] ------------------------------------------------------------------------
[INFO] Total time: 06:41 min
[INFO] Finished at: 2018-01-27T00:55:28+01:00
[INFO] Final Memory: 51M/369M
[INFO] ------------------------------------------------------------------------
