[INFO] Scanning for projects...
[INFO]                                                                         
[INFO] ------------------------------------------------------------------------
[INFO] Building AllureTestFramework - List of Integration Test for Application Under Test 2.0.0-SNAPSHOT
[INFO] ------------------------------------------------------------------------
Downloading: http://central.maven.org/maven2/com/capgemini/ntc/allure-core-module/4.12.0.4-SNAPSHOT/maven-metadata.xml
Downloading: http://central.maven.org/maven2/com/capgemini/ntc/allure-selenium-module/3.8.1.3-SNAPSHOT/maven-metadata.xml
[INFO] 
[INFO] --- maven-clean-plugin:3.0.0:clean (default-clean) @ allure-app-under-test ---
[INFO] Deleting D:\eclipse\Allure_Test_Framework\workspace\devonfw-testing\allure-app-under-test\target
[INFO] Deleting D:\eclipse\Allure_Test_Framework\workspace\devonfw-testing\allure-app-under-test\logs (includes = [], excludes = [])
[INFO] 
[INFO] --- maven-resources-plugin:2.6:resources (default-resources) @ allure-app-under-test ---
[INFO] Using 'UTF8' encoding to copy filtered resources.
[INFO] skip non existing resourceDirectory D:\eclipse\Allure_Test_Framework\workspace\devonfw-testing\allure-app-under-test\src\main\resources
[INFO] 
[INFO] --- maven-compiler-plugin:3.6.1:compile (default-compile) @ allure-app-under-test ---
[INFO] Changes detected - recompiling the module!
[INFO] Compiling 25 source files to D:\eclipse\Allure_Test_Framework\workspace\devonfw-testing\allure-app-under-test\target\classes
[INFO] /D:/eclipse/Allure_Test_Framework/workspace/devonfw-testing/allure-app-under-test/src/main/java/com/capgemini/ntc/selenium/pages/features/samples/readFromTable/EditableGridPage.java: Some input files use or override a deprecated API.
[INFO] /D:/eclipse/Allure_Test_Framework/workspace/devonfw-testing/allure-app-under-test/src/main/java/com/capgemini/ntc/selenium/pages/features/samples/readFromTable/EditableGridPage.java: Recompile with -Xlint:deprecation for details.
[INFO] 
[INFO] --- maven-resources-plugin:2.6:testResources (default-testResources) @ allure-app-under-test ---
[INFO] Using 'UTF8' encoding to copy filtered resources.
[INFO] Copying 5 resources
[INFO] 
[INFO] --- maven-compiler-plugin:3.6.1:testCompile (default-testCompile) @ allure-app-under-test ---
[INFO] Changes detected - recompiling the module!
[INFO] Compiling 63 source files to D:\eclipse\Allure_Test_Framework\workspace\devonfw-testing\allure-app-under-test\target\test-classes
[INFO] 
[INFO] --- maven-resources-plugin:2.6:resources (default-resources) @ allure-app-under-test ---
[INFO] Using 'UTF8' encoding to copy filtered resources.
[INFO] skip non existing resourceDirectory D:\eclipse\Allure_Test_Framework\workspace\devonfw-testing\allure-app-under-test\src\main\resources
[INFO] 
[INFO] --- maven-compiler-plugin:3.6.1:compile (default-compile) @ allure-app-under-test ---
[INFO] Nothing to compile - all classes are up to date
[INFO] 
[INFO] --- maven-resources-plugin:2.6:testResources (default-testResources) @ allure-app-under-test ---
[INFO] Using 'UTF8' encoding to copy filtered resources.
[INFO] Copying 5 resources
[INFO] 
[INFO] --- maven-compiler-plugin:3.6.1:testCompile (default-testCompile) @ allure-app-under-test ---
[INFO] Nothing to compile - all classes are up to date
[INFO] 
[INFO] --- maven-surefire-plugin:2.19.1:test (default-test) @ allure-app-under-test ---

-------------------------------------------------------
 T E S T S
-------------------------------------------------------
2018-01-26 at 23:40:21 CET logDebug - [main] Properties settings file path=D:\eclipse\Allure_Test_Framework\workspace\devonfw-testing\allure-app-under-test\src\resources\settings.properties
[AppClassLoader@14dad5dc] warning javax.* types are not being woven because the weaver option '-Xset:weaveJavaxPackages=true' has not been specified
2018-01-26 at 23:40:23 CET logDebug - [main] env=DEV
2018-01-26 at 23:40:24 CET logInfo - [main] Selected Environment: DEV
2018-01-26 at 23:40:24 CET logDebug - [main] Reading environment from: D:\eclipse\Allure_Test_Framework\workspace\devonfw-testing\allure-app-under-test\src\resources\enviroments\environments.csv
2018-01-26 at 23:40:24 CET logInfo - [main] Selected Environment: DEV
2018-01-26 at 23:40:24 CET logAnalytics - [main] Is analytics enabled:true
2018-01-26 at 23:40:26 CET logDebug - [pool-1-thread-1] OPEN BROWSER AND ENTER HTTP://WWW.EDITABLEGRID.NET/EN/
2018-01-26 at 23:40:26 CET logDebug - [pool-1-thread-1] [browser=chrome, browserVersion=8.0, seleniumGrid=false, os=windows]
2018-01-26 at 23:40:26 CET logDebug - [pool-1-thread-1] Creating new browser=chrome WebDriver.
sty 26, 2018 11:40:26 PM org.openqa.selenium.remote.DesiredCapabilities chrome
INFO: Using `new ChromeOptions()` is preferred to `DesiredCapabilities.chrome()`
Starting ChromeDriver 2.33.506120 (e3e53437346286c0bc2d2dc9aa4915ba81d9023f) on port 23845
Only local connections are allowed.
log4j:WARN No appenders could be found for logger (org.apache.http.client.protocol.RequestAddCookies).
log4j:WARN Please initialize the log4j system properly.
log4j:WARN See http://logging.apache.org/log4j/1.2/faq.html#noconfig for more info.
sty 26, 2018 11:40:31 PM org.openqa.selenium.remote.ProtocolHandshake createSession
INFO: Detected dialect: OSS
2018-01-26 at 23:40:31 CET logInfo - [pool-1-thread-1] Trying to set requested resolution: 1600x1200.
2018-01-26 at 23:40:32 CET logInfo - [pool-1-thread-1] Resolution readed from device: 1600x1100
2018-01-26 at 23:40:32 CET logInfo - [pool-1-thread-1] Trying to set increased resolution for 'View port': 1616x1200.
2018-01-26 at 23:40:32 CET logInfo - [pool-1-thread-1] Resolution readed from device: 1616x1100
2018-01-26 at 23:40:32 CET logDebug - [pool-1-thread-1] driver:NewChromeDriver: chrome on XP (741a2fecc9ff07e80d046bcb73629103)
2018-01-26 at 23:40:32 CET logDebug - [pool-1-thread-1] To add observer: com.capgemini.ntc.selenium.pages.features.samples.readFromTable.EditableGridPage@9aa254
2018-01-26 at 23:40:32 CET logDebug - [pool-1-thread-1] BaseTestWatcher.observers: []
2018-01-26 at 23:40:32 CET logDebug - [pool-1-thread-1] TestClassRule.classObservers: []
2018-01-26 at 23:40:32 CET logDebug - [pool-1-thread-1] Added observer: com.capgemini.ntc.selenium.pages.features.samples.readFromTable.EditableGridPage@9aa254
2018-01-26 at 23:40:37 CET logDebug - [pool-1-thread-1] Waiting for [waitForPageLoaded] took [0.009 s]
2018-01-26 at 23:40:37 CET logDebug - [pool-1-thread-1] VERIFY PAGE IS DISPLAYED
2018-01-26 at 23:40:37 CET logInfo - [pool-1-thread-1] Test1_exercise1_printAllCells(com.capgemini.ntc.selenium.features.samples.readFromTable.JsoupTest) STARTED.
2018-01-26 at 23:40:37 CET logInfo - [pool-1-thread-1] [TEST1] - Print all cells
2018-01-26 at 23:40:37 CET logInfo - [pool-1-thread-1] Hoffman
2018-01-26 at 23:40:37 CET logInfo - [pool-1-thread-1] Tatyana
2018-01-26 at 23:40:37 CET logInfo - [pool-1-thread-1] 88
2018-01-26 at 23:40:37 CET logInfo - [pool-1-thread-1] 1,32 m
2018-01-26 at 23:40:37 CET logInfo - [pool-1-thread-1] 
2018-01-26 at 23:40:37 CET logInfo - [pool-1-thread-1] Nam@quisdiamluctus.json.org
2018-01-26 at 23:40:37 CET logInfo - [pool-1-thread-1] 
2018-01-26 at 23:40:37 CET logInfo - [pool-1-thread-1] 17 Apr 2012
2018-01-26 at 23:40:37 CET logInfo - [pool-1-thread-1] 
2018-01-26 at 23:40:37 CET logInfo - [pool-1-thread-1] Atkins
2018-01-26 at 23:40:37 CET logInfo - [pool-1-thread-1] Ishmael
2018-01-26 at 23:40:37 CET logInfo - [pool-1-thread-1] 44
2018-01-26 at 23:40:37 CET logInfo - [pool-1-thread-1] 1,42 m
2018-01-26 at 23:40:37 CET logInfo - [pool-1-thread-1] 
2018-01-26 at 23:40:37 CET logInfo - [pool-1-thread-1] arcu.et.pede@musProin.ca
2018-01-26 at 23:40:37 CET logInfo - [pool-1-thread-1] 
2018-01-26 at 23:40:37 CET logInfo - [pool-1-thread-1] 12 Jan 2011
2018-01-26 at 23:40:37 CET logInfo - [pool-1-thread-1] 
2018-01-26 at 23:40:37 CET logInfo - [pool-1-thread-1] Hamilton
2018-01-26 at 23:40:37 CET logInfo - [pool-1-thread-1] Mohammad
2018-01-26 at 23:40:37 CET logInfo - [pool-1-thread-1] 73
2018-01-26 at 23:40:37 CET logInfo - [pool-1-thread-1] 1,22 m
2018-01-26 at 23:40:37 CET logInfo - [pool-1-thread-1] 
2018-01-26 at 23:40:37 CET logInfo - [pool-1-thread-1] dui@duiCras.edu
2018-01-26 at 23:40:37 CET logInfo - [pool-1-thread-1] 
2018-01-26 at 23:40:37 CET logInfo - [pool-1-thread-1] 25 Sep 2012
2018-01-26 at 23:40:37 CET logInfo - [pool-1-thread-1] 
2018-01-26 at 23:40:37 CET logInfo - [pool-1-thread-1] Murray
2018-01-26 at 23:40:37 CET logInfo - [pool-1-thread-1] Troy
2018-01-26 at 23:40:37 CET logInfo - [pool-1-thread-1] 18
2018-01-26 at 23:40:37 CET logInfo - [pool-1-thread-1] 1,92 m
2018-01-26 at 23:40:37 CET logInfo - [pool-1-thread-1] 
2018-01-26 at 23:40:37 CET logInfo - [pool-1-thread-1] mollis@eutellus.co.uk
2018-01-26 at 23:40:37 CET logInfo - [pool-1-thread-1] 
2018-01-26 at 23:40:37 CET logInfo - [pool-1-thread-1] 22 Jul 2012
2018-01-26 at 23:40:37 CET logInfo - [pool-1-thread-1] 
2018-01-26 at 23:40:37 CET logInfo - [pool-1-thread-1] Schwartz
2018-01-26 at 23:40:37 CET logInfo - [pool-1-thread-1] Carla
2018-01-26 at 23:40:37 CET logInfo - [pool-1-thread-1] 79
2018-01-26 at 23:40:37 CET logInfo - [pool-1-thread-1] 1,50 m
2018-01-26 at 23:40:37 CET logInfo - [pool-1-thread-1] 
2018-01-26 at 23:40:37 CET logInfo - [pool-1-thread-1] ante@adipiscing.org
2018-01-26 at 23:40:37 CET logInfo - [pool-1-thread-1] 
2018-01-26 at 23:40:37 CET logInfo - [pool-1-thread-1] 31 Mar 2012
2018-01-26 at 23:40:37 CET logInfo - [pool-1-thread-1] 
2018-01-26 at 23:40:37 CET logInfo - [pool-1-thread-1] Bond
2018-01-26 at 23:40:37 CET logInfo - [pool-1-thread-1] Lenore
2018-01-26 at 23:40:37 CET logInfo - [pool-1-thread-1] 33
2018-01-26 at 23:40:37 CET logInfo - [pool-1-thread-1] 1,55 m
2018-01-26 at 23:40:37 CET logInfo - [pool-1-thread-1] 
2018-01-26 at 23:40:37 CET logInfo - [pool-1-thread-1] semper.tellus.id@sem.co.uk
2018-01-26 at 23:40:37 CET logInfo - [pool-1-thread-1] 
2018-01-26 at 23:40:37 CET logInfo - [pool-1-thread-1] 4 Feb 2011
2018-01-26 at 23:40:37 CET logInfo - [pool-1-thread-1] 
2018-01-26 at 23:40:37 CET logInfo - [pool-1-thread-1] Noble
2018-01-26 at 23:40:37 CET logInfo - [pool-1-thread-1] Georgia
2018-01-26 at 23:40:37 CET logInfo - [pool-1-thread-1] 88
2018-01-26 at 23:40:37 CET logInfo - [pool-1-thread-1] 1,90 m
2018-01-26 at 23:40:37 CET logInfo - [pool-1-thread-1] 
2018-01-26 at 23:40:37 CET logInfo - [pool-1-thread-1] mi.lacinia@nisiaodio.co.uk
2018-01-26 at 23:40:37 CET logInfo - [pool-1-thread-1] 
2018-01-26 at 23:40:37 CET logInfo - [pool-1-thread-1] 17 Jan 2011
2018-01-26 at 23:40:37 CET logInfo - [pool-1-thread-1] 
2018-01-26 at 23:40:37 CET logInfo - [pool-1-thread-1] Frederick
2018-01-26 at 23:40:37 CET logInfo - [pool-1-thread-1] Bradley
2018-01-26 at 23:40:37 CET logInfo - [pool-1-thread-1] 80
2018-01-26 at 23:40:37 CET logInfo - [pool-1-thread-1] 1,87 m
2018-01-26 at 23:40:37 CET logInfo - [pool-1-thread-1] 
2018-01-26 at 23:40:37 CET logInfo - [pool-1-thread-1] dapibus.id.blandit@aptenttacitisociosqu.com
2018-01-26 at 23:40:37 CET logInfo - [pool-1-thread-1] 
2018-01-26 at 23:40:37 CET logInfo - [pool-1-thread-1] 27 Jul 2011
2018-01-26 at 23:40:37 CET logInfo - [pool-1-thread-1] 
2018-01-26 at 23:40:37 CET logInfo - [pool-1-thread-1] Chambers
2018-01-26 at 23:40:37 CET logInfo - [pool-1-thread-1] Aphrodite
2018-01-26 at 23:40:37 CET logInfo - [pool-1-thread-1] 63
2018-01-26 at 23:40:37 CET logInfo - [pool-1-thread-1] 1,30 m
2018-01-26 at 23:40:37 CET logInfo - [pool-1-thread-1] 
2018-01-26 at 23:40:37 CET logInfo - [pool-1-thread-1] mattis@venenatisvel.co.uk
2018-01-26 at 23:40:37 CET logInfo - [pool-1-thread-1] 
2018-01-26 at 23:40:37 CET logInfo - [pool-1-thread-1] 10 Sep 2011
2018-01-26 at 23:40:37 CET logInfo - [pool-1-thread-1] 
2018-01-26 at 23:40:37 CET logInfo - [pool-1-thread-1] Schultz
2018-01-26 at 23:40:37 CET logInfo - [pool-1-thread-1] Allegra
2018-01-26 at 23:40:37 CET logInfo - [pool-1-thread-1] 90
2018-01-26 at 23:40:37 CET logInfo - [pool-1-thread-1] 1,70 m
2018-01-26 at 23:40:37 CET logInfo - [pool-1-thread-1] 
2018-01-26 at 23:40:37 CET logInfo - [pool-1-thread-1] Fusce.feugiat.Lorem@Duis.net
2018-01-26 at 23:40:37 CET logInfo - [pool-1-thread-1] 
2018-01-26 at 23:40:37 CET logInfo - [pool-1-thread-1] 3 Apr 2012
2018-01-26 at 23:40:37 CET logInfo - [pool-1-thread-1] 
2018-01-26 at 23:40:37 CET logInfo - [pool-1-thread-1] Test1_exercise1_printAllCells(com.capgemini.ntc.selenium.features.samples.readFromTable.JsoupTest) PASSED.
2018-01-26 at 23:40:37 CET logDebug - [pool-1-thread-1] BasePage.onTestSuccess    EditableGridPage
2018-01-26 at 23:40:37 CET logInfo - [pool-1-thread-1] Test1_exercise1_printAllCells(com.capgemini.ntc.selenium.features.samples.readFromTable.JsoupTest) duration: 0,01 min
2018-01-26 at 23:40:38 CET logDebug - [Finalizer] closeDriver() was called but there was no driver for this thread.
2018-01-26 at 23:40:38 CET logDebug - [Finalizer] Closing Driver in finalize()
2018-01-26 at 23:40:38 CET logDebug - [pool-1-thread-1] BaseTest.tearDownClass()
2018-01-26 at 23:40:38 CET logDebug - [pool-1-thread-1] BaseTestWatcher.observers: []
2018-01-26 at 23:40:38 CET logDebug - [pool-1-thread-1] TestClassRule.classObservers: [com.capgemini.ntc.selenium.pages.features.samples.readFromTable.EditableGridPage@9aa254]
2018-01-26 at 23:40:38 CET logDebug - [pool-1-thread-1] BasePage.onTestClassFinish   EditableGridPage
2018-01-26 at 23:40:38 CET logDebug - [pool-1-thread-1] driver:NewChromeDriver: chrome on XP (741a2fecc9ff07e80d046bcb73629103)
2018-01-26 at 23:40:38 CET logDebug - [pool-1-thread-1] Closing WebDriver for this thread. chrome
2018-01-26 at 23:40:39 CET logDebug - [pool-1-thread-1] All observers cleared.
Running com.capgemini.ntc.selenium.projectX.MainPageTest
2018-01-26 at 23:41:43 CET logInfo - [pool-1-thread-1] Step1 - open Chrome browser
2018-01-26 at 23:41:43 CET logInfo - [pool-1-thread-1] Step2 - load http://the-internet.herokuapp.com/ page
2018-01-26 at 23:40:43 CET logInfo - [pool-1-thread-3] test(com.capgemini.ntc.selenium.projectX.MainPageTest) STARTED.
2018-01-26 at 23:40:43 CET logDebug - [pool-1-thread-3] Creating new browser=chrome WebDriver.
sty 26, 2018 11:41:43 PM org.openqa.selenium.remote.DesiredCapabilities chrome
INFO: Using `new ChromeOptions()` is preferred to `DesiredCapabilities.chrome()`
2018-01-26 at 23:41:43 CET logDebug - [pool-1-thread-1] Creating new browser=chrome WebDriver.
sty 26, 2018 11:41:43 PM org.openqa.selenium.remote.DesiredCapabilities chrome
INFO: Using `new ChromeOptions()` is preferred to `DesiredCapabilities.chrome()`
sty 26, 2018 11:41:43 PM org.openqa.selenium.remote.DesiredCapabilities chrome
INFO: Using `new ChromeOptions()` is preferred to `DesiredCapabilities.chrome()`
2018-01-26 at 23:40:47 CET logInfo - [pool-1-thread-3] Trying to set requested resolution: 1600x1200.
2018-01-26 at 23:40:48 CET logInfo - [pool-1-thread-3] Resolution readed from device: 1600x1100
2018-01-26 at 23:40:48 CET logInfo - [pool-1-thread-3] Trying to set increased resolution for 'View port': 1616x1200.
2018-01-26 at 23:40:49 CET logInfo - [pool-1-thread-3] Resolution readed from device: 1616x1100
2018-01-26 at 23:40:49 CET logDebug - [pool-1-thread-3] driver:NewChromeDriver: chrome on XP (951ba3e953b23ca97da03baf2e482ddd)
2018-01-26 at 23:40:49 CET logDebug - [pool-1-thread-3] To add observer: com.capgemini.ntc.selenium.pages.projectX.MainPage@6295490f
2018-01-26 at 23:40:49 CET logDebug - [pool-1-thread-3] BaseTestWatcher.observers: []
2018-01-26 at 23:40:49 CET logDebug - [pool-1-thread-3] TestClassRule.classObservers: []
2018-01-26 at 23:40:49 CET logDebug - [pool-1-thread-3] Added observer: com.capgemini.ntc.selenium.pages.projectX.MainPage@6295490f
2018-01-26 at 23:40:49 CET logDebug - [pool-1-thread-3] Waiting for [waitForPageLoaded] took [0.037 s]
2018-01-26 at 23:40:49 CET logDebug - [pool-1-thread-3] com.capgemini.ntc.selenium.pages.projectX.MainPage: Current loaded page (http://demoqa.com/) with pageTitle (). Page to load: (http://demoqa.com/) ,for page title: (Demoqa | Just another WordPress site)
2018-01-26 at 23:41:04 CET logInfo - [pool-1-thread-3] test(com.capgemini.ntc.selenium.projectX.MainPageTest) PASSED.
2018-01-26 at 23:41:04 CET logDebug - [pool-1-thread-3] BasePage.onTestSuccess    MainPage
2018-01-26 at 23:41:04 CET logInfo - [pool-1-thread-3] test(com.capgemini.ntc.selenium.projectX.MainPageTest) duration: 0,35 min
2018-01-26 at 23:41:04 CET logDebug - [pool-1-thread-3] BasePage.onTestFinish   MainPage
2018-01-26 at 23:41:04 CET logDebug - [pool-1-thread-3] To remove observer: com.capgemini.ntc.selenium.pages.projectX.MainPage@6295490f
2018-01-26 at 23:41:04 CET logDebug - [pool-1-thread-3] BaseTest.tearDownClass()
2018-01-26 at 23:41:04 CET logDebug - [pool-1-thread-3] BaseTestWatcher.observers: [com.capgemini.ntc.selenium.pages.projectX.MainPage@6295490f]
2018-01-26 at 23:41:04 CET logDebug - [pool-1-thread-3] TestClassRule.classObservers: []
2018-01-26 at 23:41:04 CET logDebug - [pool-1-thread-3] BasePage.onTestClassFinish   MainPage
2018-01-26 at 23:41:04 CET logDebug - [pool-1-thread-3] driver:NewChromeDriver: chrome on XP (951ba3e953b23ca97da03baf2e482ddd)
2018-01-26 at 23:41:04 CET logDebug - [pool-1-thread-3] Closing WebDriver for this thread. chrome
2018-01-26 at 23:41:05 CET logDebug - [pool-1-thread-3] All observers cleared.
Tests run: 1, Failures: 0, Errors: 0, Skipped: 0, Time elapsed: 20.953 sec - in com.capgemini.ntc.selenium.projectX.MainPageTest
Running registrationTest
2018-01-26 at 23:40:43 CET logInfo - [pool-1-thread-7] registrationTest(com.capgemini.ntc.selenium.projectX.registration.RegisterOKTestDDInternalDataTest) STARTED.
2018-01-26 at 23:40:43 CET logDebug - [pool-1-thread-7] Creating new browser=chrome WebDriver.
2018-01-26 at 23:40:47 CET logInfo - [pool-1-thread-7] Trying to set requested resolution: 1600x1200.
2018-01-26 at 23:40:48 CET logInfo - [pool-1-thread-7] Resolution readed from device: 1600x1100
2018-01-26 at 23:40:49 CET logInfo - [pool-1-thread-7] Trying to set increased resolution for 'View port': 1616x1200.
2018-01-26 at 23:40:49 CET logInfo - [pool-1-thread-7] Resolution readed from device: 1616x1100
2018-01-26 at 23:40:49 CET logDebug - [pool-1-thread-7] driver:NewChromeDriver: chrome on XP (7b3b46726f1c45e678ddfa158ba370f1)
2018-01-26 at 23:40:49 CET logDebug - [pool-1-thread-7] To add observer: com.capgemini.ntc.selenium.pages.projectX.registration.RegistrationPage@3ce496cd
2018-01-26 at 23:40:49 CET logDebug - [pool-1-thread-7] BaseTestWatcher.observers: []
2018-01-26 at 23:40:49 CET logDebug - [pool-1-thread-7] TestClassRule.classObservers: []
2018-01-26 at 23:40:49 CET logDebug - [pool-1-thread-7] Added observer: com.capgemini.ntc.selenium.pages.projectX.registration.RegistrationPage@3ce496cd
2018-01-26 at 23:40:49 CET logDebug - [pool-1-thread-7] Waiting for [waitForPageLoaded] took [0.013 s]
2018-01-26 at 23:40:49 CET logDebug - [pool-1-thread-7] com.capgemini.ntc.selenium.pages.projectX.registration.RegistrationPage: Current loaded page (http://demoqa.com/registration/) with pageTitle (). Page to load: (http://demoqa.com/registration/) ,for page title: (Registration | Demoqa)
2018-01-26 at 23:40:58 CET logDebug - [pool-1-thread-7] Waiting for [waitForPageLoaded] took [0.037 s]
2018-01-26 at 23:40:58 CET logDebug - [pool-1-thread-7] Waiting for [findElementDynamic(): By.cssSelector: input[id='name_3_firstname']] took [0.059 s]
2018-01-26 at 23:40:58 CET logDebug - [pool-1-thread-7] Waiting for [findElementDynamic(): By.cssSelector: input[id='name_3_firstname']] took [0.047 s]
2018-01-26 at 23:40:58 CET logDebug - [pool-1-thread-7] Waiting for [findElementDynamic(): By.cssSelector: input[id='name_3_firstname']] took [0.057 s]
2018-01-26 at 23:40:58 CET logDebug - [pool-1-thread-7] Waiting for [findElementDynamic(): By.cssSelector: input[id='name_3_lastname']] took [0.056 s]
2018-01-26 at 23:40:58 CET logDebug - [pool-1-thread-7] Waiting for [findElementDynamic(): By.cssSelector: input[id='name_3_lastname']] took [0.036 s]
2018-01-26 at 23:40:59 CET logDebug - [pool-1-thread-7] Waiting for [findElementDynamic(): By.cssSelector: input[id='name_3_lastname']] took [0.093 s]
2018-01-26 at 23:40:59 CET logDebug - [pool-1-thread-7] Waiting for [findElementDynamic(): By.cssSelector: div[class='radio_wrap']] took [0.054 s]
2018-01-26 at 23:40:59 CET logDebug - [pool-1-thread-7] Waiting for [findElementDynamic(): By.cssSelector: div[class='radio_wrap']] took [0.034 s]
2018-01-26 at 23:40:59 CET logDebug - [pool-1-thread-7] Waiting for [findElementDynamic(): By.cssSelector: div[class='radio_wrap']] took [0.054 s]
Input text element: com.capgemini.ntc.selenium.core.newDrivers.elementType.RadioButtonElement@41d21410 isn't clicked.
2018-01-26 at 23:41:00 CET logDebug - [pool-1-thread-7] Waiting for [findElementDynamic(): By.cssSelector: li.fields.pageFields_1:nth-child(3) div.radio_wrap] took [0.076 s]
2018-01-26 at 23:41:00 CET logDebug - [pool-1-thread-7] Waiting for [findElementDynamic(): By.cssSelector: li.fields.pageFields_1:nth-child(3) div.radio_wrap] took [0.056 s]
2018-01-26 at 23:41:01 CET logDebug - [pool-1-thread-7] Waiting for [findElementDynamic(): By.cssSelector: select[id='dropdown_7']] took [0.036 s]
2018-01-26 at 23:41:01 CET logDebug - [pool-1-thread-7] Waiting for [findElementDynamic(): By.cssSelector: select[id='dropdown_7']] took [0.028 s]
2018-01-26 at 23:41:01 CET logDebug - [pool-1-thread-7] Waiting for [findElementDynamic(): By.cssSelector: select[id='dropdown_7']] took [0.068 s]
2018-01-26 at 23:41:10 CET logDebug - [pool-1-thread-7] Waiting for [findElementDynamic(): By.cssSelector: select[id='dropdown_7']] took [0.021 s]
2018-01-26 at 23:41:10 CET logDebug - [pool-1-thread-7] Waiting for [findElementDynamic(): By.cssSelector: select[id='mm_date_8']] took [0.035 s]
2018-01-26 at 23:41:10 CET logDebug - [pool-1-thread-7] Waiting for [findElementDynamic(): By.cssSelector: select[id='mm_date_8']] took [0.028 s]
2018-01-26 at 23:41:11 CET logDebug - [pool-1-thread-7] Waiting for [findElementDynamic(): By.cssSelector: select[id='mm_date_8']] took [0.054 s]
2018-01-26 at 23:41:11 CET logDebug - [pool-1-thread-7] Waiting for [findElementDynamic(): By.cssSelector: select[id='mm_date_8']] took [0.022 s]
2018-01-26 at 23:41:11 CET logDebug - [pool-1-thread-7] Waiting for [findElementDynamic(): By.cssSelector: select[id='dd_date_8']] took [0.03 s]
2018-01-26 at 23:41:11 CET logDebug - [pool-1-thread-7] Waiting for [findElementDynamic(): By.cssSelector: select[id='dd_date_8']] took [0.017 s]
2018-01-26 at 23:41:12 CET logDebug - [pool-1-thread-7] Waiting for [findElementDynamic(): By.cssSelector: select[id='dd_date_8']] took [0.028 s]
2018-01-26 at 23:41:13 CET logDebug - [pool-1-thread-7] Waiting for [findElementDynamic(): By.cssSelector: select[id='dd_date_8']] took [0.012 s]
2018-01-26 at 23:41:13 CET logDebug - [pool-1-thread-7] Waiting for [findElementDynamic(): By.cssSelector: select[id='yy_date_8']] took [0.024 s]
2018-01-26 at 23:41:13 CET logDebug - [pool-1-thread-7] Waiting for [findElementDynamic(): By.cssSelector: select[id='yy_date_8']] took [0.012 s]
2018-01-26 at 23:41:13 CET logDebug - [pool-1-thread-7] Waiting for [findElementDynamic(): By.cssSelector: select[id='yy_date_8']] took [0.019 s]
2018-01-26 at 23:41:16 CET logDebug - [pool-1-thread-7] Waiting for [findElementDynamic(): By.cssSelector: select[id='yy_date_8']] took [0.015 s]
2018-01-26 at 23:41:16 CET logDebug - [pool-1-thread-7] Waiting for [findElementDynamic(): By.cssSelector: input[id='phone_9']] took [0.026 s]
2018-01-26 at 23:41:16 CET logDebug - [pool-1-thread-7] Waiting for [findElementDynamic(): By.cssSelector: input[id='phone_9']] took [0.018 s]
2018-01-26 at 23:41:16 CET logDebug - [pool-1-thread-7] Waiting for [findElementDynamic(): By.cssSelector: input[id='phone_9']] took [0.016 s]
2018-01-26 at 23:41:16 CET logDebug - [pool-1-thread-7] Waiting for [findElementDynamic(): By.cssSelector: input[id='username']] took [0.029 s]
2018-01-26 at 23:41:16 CET logDebug - [pool-1-thread-7] Waiting for [findElementDynamic(): By.cssSelector: input[id='username']] took [0.016 s]
2018-01-26 at 23:41:16 CET logDebug - [pool-1-thread-7] Waiting for [findElementDynamic(): By.cssSelector: input[id='username']] took [0.018 s]
2018-01-26 at 23:41:16 CET logDebug - [pool-1-thread-7] Waiting for [findElementDynamic(): By.cssSelector: input[id='email_1']] took [0.032 s]
2018-01-26 at 23:41:16 CET logDebug - [pool-1-thread-7] Waiting for [findElementDynamic(): By.cssSelector: input[id='email_1']] took [0.017 s]
2018-01-26 at 23:41:17 CET logDebug - [pool-1-thread-7] Waiting for [findElementDynamic(): By.cssSelector: input[id='email_1']] took [0.023 s]
2018-01-26 at 23:41:17 CET logDebug - [pool-1-thread-7] Waiting for [findElementDynamic(): By.cssSelector: textarea[ id='description' ]] took [0.032 s]
2018-01-26 at 23:41:17 CET logDebug - [pool-1-thread-7] Waiting for [findElementDynamic(): By.cssSelector: textarea[ id='description' ]] took [0.02 s]
2018-01-26 at 23:41:17 CET logDebug - [pool-1-thread-7] Waiting for [findElementDynamic(): By.cssSelector: textarea[ id='description' ]] took [0.023 s]
2018-01-26 at 23:41:18 CET logDebug - [pool-1-thread-7] Waiting for [findElementDynamic(): By.cssSelector: input[id='password_2']] took [0.029 s]
2018-01-26 at 23:41:18 CET logDebug - [pool-1-thread-7] Waiting for [findElementDynamic(): By.cssSelector: input[id='password_2']] took [0.015 s]
2018-01-26 at 23:41:18 CET logDebug - [pool-1-thread-7] Waiting for [findElementDynamic(): By.cssSelector: input[id='password_2']] took [0.026 s]
2018-01-26 at 23:41:18 CET logDebug - [pool-1-thread-7] Waiting for [findElementDynamic(): By.cssSelector: input[id='confirm_password_password_2']] took [0.041 s]
2018-01-26 at 23:41:18 CET logDebug - [pool-1-thread-7] Waiting for [findElementDynamic(): By.cssSelector: input[id='confirm_password_password_2']] took [0.031 s]
2018-01-26 at 23:41:18 CET logDebug - [pool-1-thread-7] Waiting for [findElementDynamic(): By.cssSelector: input[id='confirm_password_password_2']] took [0.021 s]
2018-01-26 at 23:41:19 CET logDebug - [pool-1-thread-7] Waiting for [findElementDynamic(): By.cssSelector: input[name='pie_submit']] took [0.032 s]
2018-01-26 at 23:41:19 CET logDebug - [pool-1-thread-7] Waiting for [findElementDynamic(): By.cssSelector: input[name='pie_submit']] took [0.02 s]
2018-01-26 at 23:41:19 CET logDebug - [pool-1-thread-7] Waiting for [waitForPageLoaded] took [0.021 s]
2018-01-26 at 23:41:19 CET logDebug - [pool-1-thread-7] Waiting for [findElementDynamic(): By.cssSelector: input[name='pie_submit']] took [0.067 s]
2018-01-26 at 23:41:23 CET logDebug - [pool-1-thread-7] Waiting for [waitForElementVisible(): By.cssSelector: p[class='piereg_login_error']] took [0.577 s]
2018-01-26 at 23:41:23 CET logDebug - [pool-1-thread-7] Waiting for [waitForElementVisible(): By.cssSelector: p[class='piereg_login_error']] took [0.073 s]
2018-01-26 at 23:41:23 CET logDebug - [pool-1-thread-7] Error: Username already exists
2018-01-26 at 23:41:23 CET logDebug - [pool-1-thread-7] Waiting for [findElementDynamic(): By.cssSelector: p[class='piereg_login_error']] took [0.019 s]
2018-01-26 at 23:41:23 CET logDebug - [pool-1-thread-7] Waiting for [findElementDynamic(): By.cssSelector: p[class='piereg_login_error']] took [0.029 s]
2018-01-26 at 23:41:23 CET logInfo - [pool-1-thread-7] registrationTest(com.capgemini.ntc.selenium.projectX.registration.RegisterOKTestDDInternalDataTest) PASSED.
2018-01-26 at 23:41:23 CET logDebug - [pool-1-thread-7] BasePage.onTestSuccess    RegistrationPage
2018-01-26 at 23:41:23 CET logInfo - [pool-1-thread-7] registrationTest(com.capgemini.ntc.selenium.projectX.registration.RegisterOKTestDDInternalDataTest) duration: 0,67 min
2018-01-26 at 23:41:25 CET logDebug - [pool-1-thread-7] BasePage.onTestFinish   RegistrationPage
2018-01-26 at 23:41:25 CET logDebug - [pool-1-thread-7] To remove observer: com.capgemini.ntc.selenium.pages.projectX.registration.RegistrationPage@3ce496cd
2018-01-26 at 23:41:25 CET logInfo - [pool-1-thread-7] registrationTest(com.capgemini.ntc.selenium.projectX.registration.RegisterOKTestDDInternalDataTest) STARTED.
2018-01-26 at 23:41:25 CET logDebug - [pool-1-thread-7] To add observer: com.capgemini.ntc.selenium.pages.projectX.registration.RegistrationPage@39dc4790
2018-01-26 at 23:41:25 CET logDebug - [pool-1-thread-7] BaseTestWatcher.observers: [com.capgemini.ntc.selenium.pages.projectX.registration.RegistrationPage@3ce496cd]
2018-01-26 at 23:41:25 CET logDebug - [pool-1-thread-7] TestClassRule.classObservers: []
2018-01-26 at 23:41:25 CET logDebug - [pool-1-thread-7] Waiting for [waitForPageLoaded] took [0.037 s]
2018-01-26 at 23:41:25 CET logDebug - [pool-1-thread-7] Waiting for [waitForPageLoaded] took [0.007 s]
2018-01-26 at 23:41:25 CET logDebug - [pool-1-thread-7] Waiting for [findElementDynamic(): By.cssSelector: input[id='name_3_firstname']] took [0.024 s]
2018-01-26 at 23:41:25 CET logDebug - [pool-1-thread-7] Waiting for [findElementDynamic(): By.cssSelector: input[id='name_3_firstname']] took [0.013 s]
2018-01-26 at 23:41:25 CET logDebug - [pool-1-thread-7] Waiting for [findElementDynamic(): By.cssSelector: input[id='name_3_firstname']] took [0.017 s]
2018-01-26 at 23:41:25 CET logDebug - [pool-1-thread-7] Waiting for [findElementDynamic(): By.cssSelector: input[id='name_3_lastname']] took [0.022 s]
2018-01-26 at 23:41:25 CET logDebug - [pool-1-thread-7] Waiting for [findElementDynamic(): By.cssSelector: input[id='name_3_lastname']] took [0.012 s]
2018-01-26 at 23:41:25 CET logDebug - [pool-1-thread-7] Waiting for [findElementDynamic(): By.cssSelector: input[id='name_3_lastname']] took [0.01 s]
2018-01-26 at 23:41:25 CET logDebug - [pool-1-thread-7] Waiting for [findElementDynamic(): By.cssSelector: div[class='radio_wrap']] took [0.043 s]
2018-01-26 at 23:41:25 CET logDebug - [pool-1-thread-7] Waiting for [findElementDynamic(): By.cssSelector: div[class='radio_wrap']] took [0.014 s]
2018-01-26 at 23:41:25 CET logDebug - [pool-1-thread-7] Waiting for [findElementDynamic(): By.cssSelector: div[class='radio_wrap']] took [0.014 s]
2018-01-26 at 23:41:25 CET logDebug - [pool-1-thread-7] Waiting for [findElementDynamic(): By.cssSelector: div[class='radio_wrap']] took [0.015 s]
2018-01-26 at 23:41:26 CET logDebug - [pool-1-thread-7] Waiting for [findElementDynamic(): By.cssSelector: li.fields.pageFields_1:nth-child(3) div.radio_wrap] took [0.029 s]
2018-01-26 at 23:41:26 CET logDebug - [pool-1-thread-7] Waiting for [findElementDynamic(): By.cssSelector: li.fields.pageFields_1:nth-child(3) div.radio_wrap] took [0.019 s]
2018-01-26 at 23:41:26 CET logDebug - [pool-1-thread-7] Waiting for [findElementDynamic(): By.cssSelector: select[id='dropdown_7']] took [0.028 s]
2018-01-26 at 23:41:26 CET logDebug - [pool-1-thread-7] Waiting for [findElementDynamic(): By.cssSelector: select[id='dropdown_7']] took [0.013 s]
2018-01-26 at 23:41:26 CET logDebug - [pool-1-thread-7] Waiting for [findElementDynamic(): By.cssSelector: select[id='dropdown_7']] took [0.029 s]
2018-01-26 at 23:41:32 CET logDebug - [pool-1-thread-7] Waiting for [findElementDynamic(): By.cssSelector: select[id='dropdown_7']] took [0.012 s]
2018-01-26 at 23:41:32 CET logDebug - [pool-1-thread-7] Waiting for [findElementDynamic(): By.cssSelector: select[id='mm_date_8']] took [0.026 s]
2018-01-26 at 23:41:32 CET logDebug - [pool-1-thread-7] Waiting for [findElementDynamic(): By.cssSelector: select[id='mm_date_8']] took [0.013 s]
2018-01-26 at 23:41:32 CET logDebug - [pool-1-thread-7] Waiting for [findElementDynamic(): By.cssSelector: select[id='mm_date_8']] took [0.016 s]
2018-01-26 at 23:41:33 CET logDebug - [pool-1-thread-7] Waiting for [findElementDynamic(): By.cssSelector: select[id='mm_date_8']] took [0.011 s]
2018-01-26 at 23:41:33 CET logDebug - [pool-1-thread-7] Waiting for [findElementDynamic(): By.cssSelector: select[id='dd_date_8']] took [0.02 s]
2018-01-26 at 23:41:33 CET logDebug - [pool-1-thread-7] Waiting for [findElementDynamic(): By.cssSelector: select[id='dd_date_8']] took [0.014 s]
2018-01-26 at 23:41:33 CET logDebug - [pool-1-thread-7] Waiting for [findElementDynamic(): By.cssSelector: select[id='dd_date_8']] took [0.011 s]
2018-01-26 at 23:41:34 CET logDebug - [pool-1-thread-7] Waiting for [findElementDynamic(): By.cssSelector: select[id='dd_date_8']] took [0.01 s]
2018-01-26 at 23:41:34 CET logDebug - [pool-1-thread-7] Waiting for [findElementDynamic(): By.cssSelector: select[id='yy_date_8']] took [0.02 s]
2018-01-26 at 23:41:34 CET logDebug - [pool-1-thread-7] Waiting for [findElementDynamic(): By.cssSelector: select[id='yy_date_8']] took [0.01 s]
2018-01-26 at 23:41:34 CET logDebug - [pool-1-thread-7] Waiting for [findElementDynamic(): By.cssSelector: select[id='yy_date_8']] took [0.014 s]
2018-01-26 at 23:41:36 CET logDebug - [pool-1-thread-7] Waiting for [findElementDynamic(): By.cssSelector: select[id='yy_date_8']] took [0.01 s]
2018-01-26 at 23:41:36 CET logDebug - [pool-1-thread-7] Waiting for [findElementDynamic(): By.cssSelector: input[id='phone_9']] took [0.02 s]
2018-01-26 at 23:41:36 CET logDebug - [pool-1-thread-7] Waiting for [findElementDynamic(): By.cssSelector: input[id='phone_9']] took [0.009 s]
2018-01-26 at 23:41:36 CET logDebug - [pool-1-thread-7] Waiting for [findElementDynamic(): By.cssSelector: input[id='phone_9']] took [0.02 s]
2018-01-26 at 23:41:36 CET logDebug - [pool-1-thread-7] Waiting for [findElementDynamic(): By.cssSelector: input[id='username']] took [0.023 s]
2018-01-26 at 23:41:36 CET logDebug - [pool-1-thread-7] Waiting for [findElementDynamic(): By.cssSelector: input[id='username']] took [0.012 s]
2018-01-26 at 23:41:36 CET logDebug - [pool-1-thread-7] Waiting for [findElementDynamic(): By.cssSelector: input[id='username']] took [0.01 s]
2018-01-26 at 23:41:37 CET logDebug - [pool-1-thread-7] Waiting for [findElementDynamic(): By.cssSelector: input[id='email_1']] took [0.023 s]
2018-01-26 at 23:41:37 CET logDebug - [pool-1-thread-7] Waiting for [findElementDynamic(): By.cssSelector: input[id='email_1']] took [0.014 s]
2018-01-26 at 23:41:37 CET logDebug - [pool-1-thread-7] Waiting for [findElementDynamic(): By.cssSelector: input[id='email_1']] took [0.017 s]
2018-01-26 at 23:41:37 CET logDebug - [pool-1-thread-7] Waiting for [findElementDynamic(): By.cssSelector: textarea[ id='description' ]] took [0.022 s]
2018-01-26 at 23:41:37 CET logDebug - [pool-1-thread-7] Waiting for [findElementDynamic(): By.cssSelector: textarea[ id='description' ]] took [0.011 s]
2018-01-26 at 23:41:37 CET logDebug - [pool-1-thread-7] Waiting for [findElementDynamic(): By.cssSelector: textarea[ id='description' ]] took [0.017 s]
2018-01-26 at 23:41:37 CET logDebug - [pool-1-thread-7] Waiting for [findElementDynamic(): By.cssSelector: input[id='password_2']] took [0.026 s]
2018-01-26 at 23:41:37 CET logDebug - [pool-1-thread-7] Waiting for [findElementDynamic(): By.cssSelector: input[id='password_2']] took [0.015 s]
2018-01-26 at 23:41:37 CET logDebug - [pool-1-thread-7] Waiting for [findElementDynamic(): By.cssSelector: input[id='password_2']] took [0.023 s]
2018-01-26 at 23:41:38 CET logDebug - [pool-1-thread-7] Waiting for [findElementDynamic(): By.cssSelector: input[id='confirm_password_password_2']] took [0.03 s]
2018-01-26 at 23:41:38 CET logDebug - [pool-1-thread-7] Waiting for [findElementDynamic(): By.cssSelector: input[id='confirm_password_password_2']] took [0.015 s]
2018-01-26 at 23:41:38 CET logDebug - [pool-1-thread-7] Waiting for [findElementDynamic(): By.cssSelector: input[id='confirm_password_password_2']] took [0.032 s]
2018-01-26 at 23:41:38 CET logDebug - [pool-1-thread-7] Waiting for [findElementDynamic(): By.cssSelector: input[name='pie_submit']] took [0.028 s]
2018-01-26 at 23:41:38 CET logDebug - [pool-1-thread-7] Waiting for [findElementDynamic(): By.cssSelector: input[name='pie_submit']] took [0.014 s]
2018-01-26 at 23:41:38 CET logDebug - [pool-1-thread-7] Waiting for [waitForPageLoaded] took [0.013 s]
2018-01-26 at 23:41:38 CET logDebug - [pool-1-thread-7] Waiting for [findElementDynamic(): By.cssSelector: input[name='pie_submit']] took [0.016 s]
2018-01-26 at 23:41:40 CET logDebug - [pool-1-thread-7] Waiting for [waitForElementVisible(): By.cssSelector: p[class='piereg_login_error']] took [0.151 s]
2018-01-26 at 23:41:40 CET logDebug - [pool-1-thread-7] Waiting for [waitForElementVisible(): By.cssSelector: p[class='piereg_login_error']] took [0.041 s]
2018-01-26 at 23:41:40 CET logDebug - [pool-1-thread-7] Error: Username already exists
2018-01-26 at 23:41:40 CET logDebug - [pool-1-thread-7] Waiting for [findElementDynamic(): By.cssSelector: p[class='piereg_login_error']] took [0.011 s]
2018-01-26 at 23:41:40 CET logDebug - [pool-1-thread-7] Waiting for [findElementDynamic(): By.cssSelector: p[class='piereg_login_error']] took [0.01 s]
2018-01-26 at 23:41:40 CET logInfo - [pool-1-thread-7] registrationTest(com.capgemini.ntc.selenium.projectX.registration.RegisterOKTestDDInternalDataTest) PASSED.
2018-01-26 at 23:41:40 CET logDebug - [pool-1-thread-7] BasePage.onTestSuccess    RegistrationPage
2018-01-26 at 23:41:40 CET logInfo - [pool-1-thread-7] registrationTest(com.capgemini.ntc.selenium.projectX.registration.RegisterOKTestDDInternalDataTest) duration: 0,26 min
2018-01-26 at 23:41:42 CET logDebug - [pool-1-thread-7] BasePage.onTestFinish   RegistrationPage
2018-01-26 at 23:41:42 CET logDebug - [pool-1-thread-7] To remove observer: com.capgemini.ntc.selenium.pages.projectX.registration.RegistrationPage@3ce496cd
2018-01-26 at 23:41:42 CET logDebug - [pool-1-thread-7] BaseTest.tearDownClass()
2018-01-26 at 23:41:42 CET logDebug - [pool-1-thread-7] BaseTestWatcher.observers: [com.capgemini.ntc.selenium.pages.projectX.registration.RegistrationPage@3ce496cd]
2018-01-26 at 23:41:42 CET logDebug - [pool-1-thread-7] TestClassRule.classObservers: []
2018-01-26 at 23:41:42 CET logDebug - [pool-1-thread-7] BasePage.onTestClassFinish   RegistrationPage
2018-01-26 at 23:41:42 CET logDebug - [pool-1-thread-7] driver:NewChromeDriver: chrome on XP (7b3b46726f1c45e678ddfa158ba370f1)
2018-01-26 at 23:41:42 CET logDebug - [pool-1-thread-7] Closing WebDriver for this thread. chrome
2018-01-26 at 23:41:42 CET logDebug - [pool-1-thread-7] All observers cleared.
Input text element: com.capgemini.ntc.selenium.core.newDrivers.elementType.RadioButtonElement@30082671 isn't clicked.
Tests run: 2, Failures: 0, Errors: 0, Skipped: 0, Time elapsed: 58.848 sec - in registrationTest
Running com.capgemini.ntc.selenium.projectX.registration.RegisterOKTest
2018-01-26 at 23:40:43 CET logInfo - [pool-1-thread-5] Register_OK(com.capgemini.ntc.selenium.projectX.registration.RegisterOKTest) STARTED.
2018-01-26 at 23:40:43 CET logDebug - [pool-1-thread-5] Creating new browser=chrome WebDriver.
2018-01-26 at 23:40:46 CET logInfo - [pool-1-thread-5] Trying to set requested resolution: 1600x1200.
2018-01-26 at 23:40:48 CET logInfo - [pool-1-thread-5] Resolution readed from device: 1600x1100
2018-01-26 at 23:40:48 CET logInfo - [pool-1-thread-5] Trying to set increased resolution for 'View port': 1616x1200.
2018-01-26 at 23:40:48 CET logInfo - [pool-1-thread-5] Resolution readed from device: 1616x1100
2018-01-26 at 23:40:48 CET logDebug - [pool-1-thread-5] driver:NewChromeDriver: chrome on XP (13da0ec3bdd39022a7fc6a4a2ddae852)
2018-01-26 at 23:40:48 CET logDebug - [pool-1-thread-5] To add observer: com.capgemini.ntc.selenium.pages.projectX.registration.RegistrationPage@16097130
2018-01-26 at 23:40:48 CET logDebug - [pool-1-thread-5] BaseTestWatcher.observers: []
2018-01-26 at 23:40:48 CET logDebug - [pool-1-thread-5] TestClassRule.classObservers: []
2018-01-26 at 23:40:48 CET logDebug - [pool-1-thread-5] Added observer: com.capgemini.ntc.selenium.pages.projectX.registration.RegistrationPage@16097130
2018-01-26 at 23:40:48 CET logDebug - [pool-1-thread-5] Waiting for [waitForPageLoaded] took [0.14 s]
2018-01-26 at 23:40:48 CET logDebug - [pool-1-thread-5] com.capgemini.ntc.selenium.pages.projectX.registration.RegistrationPage: Current loaded page (http://demoqa.com/registration/) with pageTitle (). Page to load: (http://demoqa.com/registration/) ,for page title: (Registration | Demoqa)
2018-01-26 at 23:40:57 CET logDebug - [pool-1-thread-5] Waiting for [waitForPageLoaded] took [0.031 s]
2018-01-26 at 23:40:57 CET logDebug - [pool-1-thread-5] Waiting for [findElementDynamic(): By.cssSelector: input[id='name_3_firstname']] took [0.148 s]
2018-01-26 at 23:40:57 CET logDebug - [pool-1-thread-5] Waiting for [findElementDynamic(): By.cssSelector: input[id='name_3_firstname']] took [0.026 s]
2018-01-26 at 23:40:57 CET logDebug - [pool-1-thread-5] Waiting for [findElementDynamic(): By.cssSelector: input[id='name_3_firstname']] took [0.017 s]
2018-01-26 at 23:40:58 CET logDebug - [pool-1-thread-5] Waiting for [findElementDynamic(): By.cssSelector: input[id='name_3_lastname']] took [0.04 s]
2018-01-26 at 23:40:58 CET logDebug - [pool-1-thread-5] Waiting for [findElementDynamic(): By.cssSelector: input[id='name_3_lastname']] took [0.028 s]
2018-01-26 at 23:40:58 CET logDebug - [pool-1-thread-5] Waiting for [findElementDynamic(): By.cssSelector: input[id='name_3_lastname']] took [0.037 s]
2018-01-26 at 23:40:58 CET logDebug - [pool-1-thread-5] Waiting for [findElementDynamic(): By.cssSelector: div[class='radio_wrap']] took [0.074 s]
2018-01-26 at 23:40:58 CET logDebug - [pool-1-thread-5] Waiting for [findElementDynamic(): By.cssSelector: div[class='radio_wrap']] took [0.043 s]
2018-01-26 at 23:40:58 CET logDebug - [pool-1-thread-5] Waiting for [findElementDynamic(): By.cssSelector: div[class='radio_wrap']] took [0.037 s]
Input text element: com.capgemini.ntc.selenium.core.newDrivers.elementType.RadioButtonElement@27b22615 isn't clicked.
2018-01-26 at 23:40:59 CET logDebug - [pool-1-thread-5] Waiting for [findElementDynamic(): By.cssSelector: li.fields.pageFields_1:nth-child(3) div.radio_wrap] took [0.176 s]
2018-01-26 at 23:40:59 CET logDebug - [pool-1-thread-5] Waiting for [findElementDynamic(): By.cssSelector: li.fields.pageFields_1:nth-child(3) div.radio_wrap] took [0.053 s]
2018-01-26 at 23:41:00 CET logDebug - [pool-1-thread-5] Waiting for [findElementDynamic(): By.cssSelector: li.fields.pageFields_1:nth-child(3) div.radio_wrap] took [0.069 s]
2018-01-26 at 23:41:00 CET logDebug - [pool-1-thread-5] Waiting for [findElementDynamic(): By.cssSelector: li.fields.pageFields_1:nth-child(3) div.radio_wrap] took [0.138 s]
2018-01-26 at 23:41:00 CET logDebug - [pool-1-thread-5] Waiting for [findElementDynamic(): By.cssSelector: select[id='dropdown_7']] took [0.048 s]
2018-01-26 at 23:41:00 CET logDebug - [pool-1-thread-5] Waiting for [findElementDynamic(): By.cssSelector: select[id='dropdown_7']] took [0.044 s]
2018-01-26 at 23:41:01 CET logDebug - [pool-1-thread-5] Waiting for [findElementDynamic(): By.cssSelector: select[id='dropdown_7']] took [0.372 s]
2018-01-26 at 23:41:10 CET logDebug - [pool-1-thread-5] Waiting for [findElementDynamic(): By.cssSelector: select[id='dropdown_7']] took [0.04 s]
2018-01-26 at 23:41:10 CET logDebug - [pool-1-thread-5] Waiting for [findElementDynamic(): By.cssSelector: select[id='mm_date_8']] took [0.038 s]
2018-01-26 at 23:41:10 CET logDebug - [pool-1-thread-5] Waiting for [findElementDynamic(): By.cssSelector: select[id='mm_date_8']] took [0.063 s]
2018-01-26 at 23:41:11 CET logDebug - [pool-1-thread-5] Waiting for [findElementDynamic(): By.cssSelector: select[id='mm_date_8']] took [0.068 s]
2018-01-26 at 23:41:11 CET logDebug - [pool-1-thread-5] Waiting for [findElementDynamic(): By.cssSelector: select[id='mm_date_8']] took [0.016 s]
2018-01-26 at 23:41:12 CET logDebug - [pool-1-thread-5] Waiting for [findElementDynamic(): By.cssSelector: select[id='dd_date_8']] took [0.03 s]
2018-01-26 at 23:41:12 CET logDebug - [pool-1-thread-5] Waiting for [findElementDynamic(): By.cssSelector: select[id='dd_date_8']] took [0.013 s]
2018-01-26 at 23:41:12 CET logDebug - [pool-1-thread-5] Waiting for [findElementDynamic(): By.cssSelector: select[id='dd_date_8']] took [0.019 s]
2018-01-26 at 23:41:13 CET logDebug - [pool-1-thread-5] Waiting for [findElementDynamic(): By.cssSelector: select[id='dd_date_8']] took [0.016 s]
2018-01-26 at 23:41:13 CET logDebug - [pool-1-thread-5] Waiting for [findElementDynamic(): By.cssSelector: select[id='yy_date_8']] took [0.021 s]
2018-01-26 at 23:41:13 CET logDebug - [pool-1-thread-5] Waiting for [findElementDynamic(): By.cssSelector: select[id='yy_date_8']] took [0.014 s]
2018-01-26 at 23:41:13 CET logDebug - [pool-1-thread-5] Waiting for [findElementDynamic(): By.cssSelector: select[id='yy_date_8']] took [0.051 s]
2018-01-26 at 23:41:16 CET logDebug - [pool-1-thread-5] Waiting for [findElementDynamic(): By.cssSelector: select[id='yy_date_8']] took [0.024 s]
2018-01-26 at 23:41:16 CET logDebug - [pool-1-thread-5] Waiting for [findElementDynamic(): By.cssSelector: input[id='phone_9']] took [0.038 s]
2018-01-26 at 23:41:16 CET logDebug - [pool-1-thread-5] Waiting for [findElementDynamic(): By.cssSelector: input[id='phone_9']] took [0.027 s]
2018-01-26 at 23:41:16 CET logDebug - [pool-1-thread-5] Waiting for [findElementDynamic(): By.cssSelector: input[id='phone_9']] took [0.021 s]
2018-01-26 at 23:41:16 CET logDebug - [pool-1-thread-5] Waiting for [findElementDynamic(): By.cssSelector: input[id='username']] took [0.032 s]
2018-01-26 at 23:41:16 CET logDebug - [pool-1-thread-5] Waiting for [findElementDynamic(): By.cssSelector: input[id='username']] took [0.016 s]
2018-01-26 at 23:41:16 CET logDebug - [pool-1-thread-5] Waiting for [findElementDynamic(): By.cssSelector: input[id='username']] took [0.017 s]
2018-01-26 at 23:41:17 CET logDebug - [pool-1-thread-5] Waiting for [findElementDynamic(): By.cssSelector: input[id='email_1']] took [0.034 s]
2018-01-26 at 23:41:17 CET logDebug - [pool-1-thread-5] Waiting for [findElementDynamic(): By.cssSelector: input[id='email_1']] took [0.016 s]
2018-01-26 at 23:41:17 CET logDebug - [pool-1-thread-5] Waiting for [findElementDynamic(): By.cssSelector: input[id='email_1']] took [0.02 s]
2018-01-26 at 23:41:18 CET logDebug - [pool-1-thread-5] Waiting for [findElementDynamic(): By.cssSelector: textarea[ id='description' ]] took [0.032 s]
2018-01-26 at 23:41:18 CET logDebug - [pool-1-thread-5] Waiting for [findElementDynamic(): By.cssSelector: textarea[ id='description' ]] took [0.014 s]
2018-01-26 at 23:41:18 CET logDebug - [pool-1-thread-5] Waiting for [findElementDynamic(): By.cssSelector: textarea[ id='description' ]] took [0.033 s]
2018-01-26 at 23:41:18 CET logDebug - [pool-1-thread-5] Waiting for [findElementDynamic(): By.cssSelector: input[id='password_2']] took [0.048 s]
2018-01-26 at 23:41:18 CET logDebug - [pool-1-thread-5] Waiting for [findElementDynamic(): By.cssSelector: input[id='password_2']] took [0.029 s]
2018-01-26 at 23:41:18 CET logDebug - [pool-1-thread-5] Waiting for [findElementDynamic(): By.cssSelector: input[id='password_2']] took [0.055 s]
2018-01-26 at 23:41:19 CET logDebug - [pool-1-thread-5] Waiting for [findElementDynamic(): By.cssSelector: input[id='confirm_password_password_2']] took [0.04 s]
2018-01-26 at 23:41:19 CET logDebug - [pool-1-thread-5] Waiting for [findElementDynamic(): By.cssSelector: input[id='confirm_password_password_2']] took [0.032 s]
2018-01-26 at 23:41:19 CET logDebug - [pool-1-thread-5] Waiting for [findElementDynamic(): By.cssSelector: input[id='confirm_password_password_2']] took [0.02 s]
2018-01-26 at 23:41:19 CET logDebug - [pool-1-thread-5] Waiting for [findElementDynamic(): By.cssSelector: input[name='pie_submit']] took [0.055 s]
2018-01-26 at 23:41:19 CET logDebug - [pool-1-thread-5] Waiting for [findElementDynamic(): By.cssSelector: input[name='pie_submit']] took [0.028 s]
2018-01-26 at 23:41:19 CET logDebug - [pool-1-thread-5] Waiting for [waitForPageLoaded] took [0.015 s]
2018-01-26 at 23:41:19 CET logDebug - [pool-1-thread-5] Waiting for [findElementDynamic(): By.cssSelector: input[name='pie_submit']] took [0.017 s]
2018-01-26 at 23:41:23 CET logDebug - [pool-1-thread-5] Waiting for [waitForElementVisible(): By.cssSelector: p[class='piereg_login_error']] took [0.18 s]
2018-01-26 at 23:41:23 CET logDebug - [pool-1-thread-5] Waiting for [waitForElementVisible(): By.cssSelector: p[class='piereg_login_error']] took [0.053 s]
2018-01-26 at 23:41:23 CET logDebug - [pool-1-thread-5] Error: Username already exists
2018-01-26 at 23:41:23 CET logDebug - [pool-1-thread-5] Waiting for [findElementDynamic(): By.cssSelector: p[class='piereg_login_error']] took [0.051 s]
2018-01-26 at 23:41:23 CET logDebug - [pool-1-thread-5] Waiting for [findElementDynamic(): By.cssSelector: p[class='piereg_login_error']] took [0.029 s]
2018-01-26 at 23:41:24 CET logInfo - [pool-1-thread-5] Register_OK(com.capgemini.ntc.selenium.projectX.registration.RegisterOKTest) PASSED.
2018-01-26 at 23:41:24 CET logDebug - [pool-1-thread-5] BasePage.onTestSuccess    RegistrationPage
2018-01-26 at 23:41:24 CET logInfo - [pool-1-thread-5] Register_OK(com.capgemini.ntc.selenium.projectX.registration.RegisterOKTest) duration: 0,68 min
2018-01-26 at 23:41:24 CET logDebug - [pool-1-thread-5] BasePage.onTestFinish   RegistrationPage
2018-01-26 at 23:41:24 CET logDebug - [pool-1-thread-5] To remove observer: com.capgemini.ntc.selenium.pages.projectX.registration.RegistrationPage@16097130
2018-01-26 at 23:41:24 CET logDebug - [pool-1-thread-5] BaseTest.tearDownClass()
2018-01-26 at 23:41:24 CET logDebug - [pool-1-thread-5] BaseTestWatcher.observers: [com.capgemini.ntc.selenium.pages.projectX.registration.RegistrationPage@16097130]
2018-01-26 at 23:41:24 CET logDebug - [pool-1-thread-5] TestClassRule.classObservers: []
2018-01-26 at 23:41:24 CET logDebug - [pool-1-thread-5] BasePage.onTestClassFinish   RegistrationPage
2018-01-26 at 23:41:24 CET logDebug - [pool-1-thread-5] driver:NewChromeDriver: chrome on XP (13da0ec3bdd39022a7fc6a4a2ddae852)
2018-01-26 at 23:41:24 CET logDebug - [pool-1-thread-5] Closing WebDriver for this thread. chrome
2018-01-26 at 23:41:25 CET logDebug - [pool-1-thread-5] All observers cleared.
Tests run: 1, Failures: 0, Errors: 0, Skipped: 0, Time elapsed: 40.804 sec - in com.capgemini.ntc.selenium.projectX.registration.RegisterOKTest
Running com.capgemini.ntc.selenium.projectX.navigationbar.NavigationBarTest
2018-01-26 at 23:40:43 CET logInfo - [pool-1-thread-4] test(com.capgemini.ntc.selenium.projectX.navigationbar.NavigationBarTest) STARTED.
2018-01-26 at 23:40:43 CET logInfo - [pool-1-thread-4] [Step 1] Open main page
2018-01-26 at 23:40:43 CET logDebug - [pool-1-thread-4] Creating new browser=chrome WebDriver.
2018-01-26 at 23:40:46 CET logInfo - [pool-1-thread-4] Trying to set requested resolution: 1600x1200.
2018-01-26 at 23:40:48 CET logInfo - [pool-1-thread-4] Resolution readed from device: 1600x1100
2018-01-26 at 23:40:48 CET logInfo - [pool-1-thread-4] Trying to set increased resolution for 'View port': 1616x1200.
2018-01-26 at 23:40:48 CET logInfo - [pool-1-thread-4] Resolution readed from device: 1616x1100
2018-01-26 at 23:40:48 CET logDebug - [pool-1-thread-4] driver:NewChromeDriver: chrome on XP (bc284cfbc2b19bd65f7aa349adc6b5a7)
2018-01-26 at 23:40:48 CET logDebug - [pool-1-thread-4] To add observer: com.capgemini.ntc.selenium.pages.projectX.MainPage@3d744d9e
2018-01-26 at 23:40:48 CET logDebug - [pool-1-thread-4] BaseTestWatcher.observers: []
2018-01-26 at 23:40:48 CET logDebug - [pool-1-thread-4] TestClassRule.classObservers: []
2018-01-26 at 23:40:48 CET logDebug - [pool-1-thread-4] Added observer: com.capgemini.ntc.selenium.pages.projectX.MainPage@3d744d9e
2018-01-26 at 23:40:48 CET logDebug - [pool-1-thread-4] Waiting for [waitForPageLoaded] took [0.074 s]
2018-01-26 at 23:40:48 CET logDebug - [pool-1-thread-4] com.capgemini.ntc.selenium.pages.projectX.MainPage: Current loaded page (http://demoqa.com/) with pageTitle (). Page to load: (http://demoqa.com/) ,for page title: (Demoqa | Just another WordPress site)
2018-01-26 at 23:40:58 CET logInfo - [pool-1-thread-4] [Step 2] Click navigation bar - Home
2018-01-26 at 23:40:58 CET logDebug - [pool-1-thread-4] To add observer: com.capgemini.ntc.selenium.pages.projectX.navigationbar.NavigationBar@4d2afc72
2018-01-26 at 23:40:58 CET logDebug - [pool-1-thread-4] BaseTestWatcher.observers: [com.capgemini.ntc.selenium.pages.projectX.MainPage@3d744d9e]
2018-01-26 at 23:40:58 CET logDebug - [pool-1-thread-4] TestClassRule.classObservers: []
2018-01-26 at 23:40:58 CET logDebug - [pool-1-thread-4] Waiting for [waitForPageLoaded] took [0.026 s]
2018-01-26 at 23:40:58 CET logDebug - [pool-1-thread-4] Waiting for [findElementDynamic(): By.cssSelector: li[id='menu-item-38']] took [0.138 s]
2018-01-26 at 23:40:58 CET logDebug - [pool-1-thread-4] Waiting for [findElementDynamic(): By.cssSelector: li[id='menu-item-38']] took [0.064 s]
2018-01-26 at 23:40:59 CET logDebug - [pool-1-thread-4] Waiting for [waitForPageLoaded] took [0.037 s]
2018-01-26 at 23:40:59 CET logDebug - [pool-1-thread-4] Waiting for [findElementDynamic(): By.cssSelector: li[id='menu-item-38']] took [0.035 s]
2018-01-26 at 23:41:00 CET logInfo - [pool-1-thread-4] Clicking on Navigation bar link - Home
2018-01-26 at 23:41:00 CET logDebug - [pool-1-thread-4] Waiting for [waitForPageLoaded] took [0.21 s]
2018-01-26 at 23:41:00 CET logInfo - [pool-1-thread-4] [Step 3] Verify if main page is opened
2018-01-26 at 23:41:00 CET logDebug - [pool-1-thread-4] To add observer: com.capgemini.ntc.selenium.pages.projectX.navigationbar.home.NavBarHome@3098bdce
2018-01-26 at 23:41:00 CET logDebug - [pool-1-thread-4] BaseTestWatcher.observers: [com.capgemini.ntc.selenium.pages.projectX.MainPage@3d744d9e]
2018-01-26 at 23:41:00 CET logDebug - [pool-1-thread-4] TestClassRule.classObservers: []
2018-01-26 at 23:41:00 CET logDebug - [pool-1-thread-4] Waiting for [waitForPageLoaded] took [0.043 s]
2018-01-26 at 23:41:00 CET logDebug - [pool-1-thread-4] Waiting for [waitForPageLoaded] took [0.055 s]
2018-01-26 at 23:41:00 CET logInfo - [pool-1-thread-4] test(com.capgemini.ntc.selenium.projectX.navigationbar.NavigationBarTest) PASSED.
2018-01-26 at 23:41:00 CET logDebug - [pool-1-thread-4] BasePage.onTestSuccess    MainPage
2018-01-26 at 23:41:00 CET logInfo - [pool-1-thread-4] test(com.capgemini.ntc.selenium.projectX.navigationbar.NavigationBarTest) duration: 0,29 min
2018-01-26 at 23:41:00 CET logDebug - [pool-1-thread-4] BasePage.onTestFinish   MainPage
2018-01-26 at 23:41:00 CET logDebug - [pool-1-thread-4] To remove observer: com.capgemini.ntc.selenium.pages.projectX.MainPage@3d744d9e
2018-01-26 at 23:41:00 CET logDebug - [pool-1-thread-4] BaseTest.tearDownClass()
2018-01-26 at 23:41:00 CET logDebug - [pool-1-thread-4] BaseTestWatcher.observers: [com.capgemini.ntc.selenium.pages.projectX.MainPage@3d744d9e]
2018-01-26 at 23:41:00 CET logDebug - [pool-1-thread-4] TestClassRule.classObservers: []
2018-01-26 at 23:41:00 CET logDebug - [pool-1-thread-4] BasePage.onTestClassFinish   MainPage
2018-01-26 at 23:41:00 CET logDebug - [pool-1-thread-4] driver:NewChromeDriver: chrome on XP (bc284cfbc2b19bd65f7aa349adc6b5a7)
2018-01-26 at 23:41:00 CET logDebug - [pool-1-thread-4] Closing WebDriver for this thread. chrome
2018-01-26 at 23:41:05 CET logDebug - [pool-1-thread-4] All observers cleared.
Tests run: 1, Failures: 0, Errors: 0, Skipped: 0, Time elapsed: 17.416 sec - in com.capgemini.ntc.selenium.projectX.navigationbar.NavigationBarTest
Running resolution_test
2018-01-26 at 23:40:26 CET logInfo - [pool-1-thread-2] resolution_test(com.capgemini.ntc.selenium.features.samples.resolutions.ResolutionTest) STARTED.
2018-01-26 at 23:40:26 CET logDebug - [pool-1-thread-2] Creating new browser=chrome WebDriver.
2018-01-26 at 23:40:31 CET logInfo - [pool-1-thread-2] Trying to set requested resolution: 1600x1200.
2018-01-26 at 23:40:32 CET logInfo - [pool-1-thread-2] Resolution readed from device: 1600x1100
2018-01-26 at 23:40:32 CET logInfo - [pool-1-thread-2] Trying to set increased resolution for 'View port': 1616x1200.
2018-01-26 at 23:40:32 CET logInfo - [pool-1-thread-2] Resolution readed from device: 1616x1100
2018-01-26 at 23:40:32 CET logDebug - [pool-1-thread-2] driver:NewChromeDriver: chrome on XP (796ac8627d1b4e70a50f3a432238731c)
2018-01-26 at 23:40:32 CET logDebug - [pool-1-thread-2] To add observer: com.capgemini.ntc.selenium.pages.projectX.registration.RegistryPage@3da89988
2018-01-26 at 23:40:32 CET logDebug - [pool-1-thread-2] BaseTestWatcher.observers: []
2018-01-26 at 23:40:32 CET logDebug - [pool-1-thread-2] TestClassRule.classObservers: []
2018-01-26 at 23:40:32 CET logDebug - [pool-1-thread-2] Added observer: com.capgemini.ntc.selenium.pages.projectX.registration.RegistryPage@3da89988
2018-01-26 at 23:40:32 CET logDebug - [pool-1-thread-2] Waiting for [waitForPageLoaded] took [0.026 s]
2018-01-26 at 23:40:32 CET logDebug - [pool-1-thread-2] com.capgemini.ntc.selenium.pages.projectX.registration.RegistryPage: Current loaded page (http://demoqa.com/registration/) with pageTitle (). Page to load: (http://demoqa.com/registration/) ,for page title: (Registration | Demoqa)
2018-01-26 at 23:40:37 CET logDebug - [pool-1-thread-2] Waiting for [waitForPageLoaded] took [0.038 s]
2018-01-26 at 23:40:37 CET logInfo - [pool-1-thread-2] Trying to set requested resolution: 768x576.
2018-01-26 at 23:40:37 CET logInfo - [pool-1-thread-2] Resolution readed from device: 768x576
2018-01-26 at 23:40:38 CET logInfo - [pool-1-thread-2] Trying to set increased resolution for 'View port': 801x576.
2018-01-26 at 23:40:38 CET logInfo - [pool-1-thread-2] Resolution readed from device: 801x576
2018-01-26 at 23:40:38 CET logDebug - [pool-1-thread-2] Waiting for [findElementDynamic(): By.cssSelector: input[id='name_3_firstname']] took [0.051 s]
2018-01-26 at 23:40:39 CET logInfo - [pool-1-thread-2] resolution_test(com.capgemini.ntc.selenium.features.samples.resolutions.ResolutionTest) PASSED.
2018-01-26 at 23:40:39 CET logDebug - [pool-1-thread-2] BasePage.onTestSuccess    RegistryPage
2018-01-26 at 23:40:39 CET logInfo - [pool-1-thread-2] resolution_test(com.capgemini.ntc.selenium.features.samples.resolutions.ResolutionTest) duration: 0,21 min
2018-01-26 at 23:40:39 CET logDebug - [pool-1-thread-2] BasePage.onTestFinish   RegistryPage
2018-01-26 at 23:40:39 CET logDebug - [pool-1-thread-2] To remove observer: com.capgemini.ntc.selenium.pages.projectX.registration.RegistryPage@3da89988
2018-01-26 at 23:40:39 CET logInfo - [pool-1-thread-2] resolution_test(com.capgemini.ntc.selenium.features.samples.resolutions.ResolutionTest) STARTED.
2018-01-26 at 23:40:39 CET logDebug - [pool-1-thread-2] To add observer: com.capgemini.ntc.selenium.pages.projectX.registration.RegistryPage@3a33d57f
2018-01-26 at 23:40:39 CET logDebug - [pool-1-thread-2] BaseTestWatcher.observers: [com.capgemini.ntc.selenium.pages.projectX.registration.RegistryPage@3da89988]
2018-01-26 at 23:40:39 CET logDebug - [pool-1-thread-2] TestClassRule.classObservers: []
2018-01-26 at 23:40:39 CET logDebug - [pool-1-thread-2] Waiting for [waitForPageLoaded] took [0.011 s]
2018-01-26 at 23:40:39 CET logInfo - [pool-1-thread-2] Trying to set requested resolution: 960x720.
2018-01-26 at 23:40:39 CET logInfo - [pool-1-thread-2] Resolution readed from device: 960x720
2018-01-26 at 23:40:39 CET logInfo - [pool-1-thread-2] Trying to set increased resolution for 'View port': 993x720.
2018-01-26 at 23:40:40 CET logInfo - [pool-1-thread-2] Resolution readed from device: 993x720
2018-01-26 at 23:40:40 CET logDebug - [pool-1-thread-2] Waiting for [findElementDynamic(): By.cssSelector: input[id='name_3_firstname']] took [0.016 s]
2018-01-26 at 23:40:41 CET logInfo - [pool-1-thread-2] resolution_test(com.capgemini.ntc.selenium.features.samples.resolutions.ResolutionTest) PASSED.
2018-01-26 at 23:40:41 CET logDebug - [pool-1-thread-2] BasePage.onTestSuccess    RegistryPage
2018-01-26 at 23:40:41 CET logInfo - [pool-1-thread-2] resolution_test(com.capgemini.ntc.selenium.features.samples.resolutions.ResolutionTest) duration: 0,02 min
2018-01-26 at 23:40:41 CET logDebug - [pool-1-thread-2] BasePage.onTestFinish   RegistryPage
2018-01-26 at 23:40:41 CET logDebug - [pool-1-thread-2] To remove observer: com.capgemini.ntc.selenium.pages.projectX.registration.RegistryPage@3da89988
2018-01-26 at 23:40:41 CET logInfo - [pool-1-thread-2] resolution_test(com.capgemini.ntc.selenium.features.samples.resolutions.ResolutionTest) STARTED.
2018-01-26 at 23:40:41 CET logDebug - [pool-1-thread-2] To add observer: com.capgemini.ntc.selenium.pages.projectX.registration.RegistryPage@6aaf4c0
2018-01-26 at 23:40:41 CET logDebug - [pool-1-thread-2] BaseTestWatcher.observers: [com.capgemini.ntc.selenium.pages.projectX.registration.RegistryPage@3da89988]
2018-01-26 at 23:40:41 CET logDebug - [pool-1-thread-2] TestClassRule.classObservers: []
2018-01-26 at 23:40:41 CET logDebug - [pool-1-thread-2] Waiting for [waitForPageLoaded] took [0.012 s]
2018-01-26 at 23:40:41 CET logInfo - [pool-1-thread-2] Trying to set requested resolution: 1920x1080.
2018-01-26 at 23:40:41 CET logInfo - [pool-1-thread-2] Resolution readed from device: 1920x1080
2018-01-26 at 23:40:41 CET logInfo - [pool-1-thread-2] Trying to set increased resolution for 'View port': 1953x1080.
2018-01-26 at 23:40:41 CET logInfo - [pool-1-thread-2] Resolution readed from device: 1940x1080
2018-01-26 at 23:40:41 CET logDebug - [pool-1-thread-2] Waiting for [findElementDynamic(): By.cssSelector: input[id='name_3_firstname']] took [0.024 s]
2018-01-26 at 23:40:42 CET logInfo - [pool-1-thread-2] resolution_test(com.capgemini.ntc.selenium.features.samples.resolutions.ResolutionTest) PASSED.
2018-01-26 at 23:40:42 CET logDebug - [pool-1-thread-2] BasePage.onTestSuccess    RegistryPage
2018-01-26 at 23:40:42 CET logInfo - [pool-1-thread-2] resolution_test(com.capgemini.ntc.selenium.features.samples.resolutions.ResolutionTest) duration: 0,02 min
2018-01-26 at 23:40:42 CET logDebug - [pool-1-thread-2] BasePage.onTestFinish   RegistryPage
2018-01-26 at 23:40:42 CET logDebug - [pool-1-thread-2] To remove observer: com.capgemini.ntc.selenium.pages.projectX.registration.RegistryPage@3da89988
2018-01-26 at 23:40:42 CET logDebug - [pool-1-thread-2] BaseTest.tearDownClass()
2018-01-26 at 23:40:42 CET logDebug - [pool-1-thread-2] BaseTestWatcher.observers: [com.capgemini.ntc.selenium.pages.projectX.registration.RegistryPage@3da89988]
2018-01-26 at 23:40:42 CET logDebug - [pool-1-thread-2] TestClassRule.classObservers: []
2018-01-26 at 23:40:42 CET logDebug - [pool-1-thread-2] BasePage.onTestClassFinish   RegistryPage
2018-01-26 at 23:40:42 CET logDebug - [pool-1-thread-2] driver:NewChromeDriver: chrome on XP (796ac8627d1b4e70a50f3a432238731c)
2018-01-26 at 23:40:42 CET logDebug - [pool-1-thread-2] Closing WebDriver for this thread. chrome
2018-01-26 at 23:40:43 CET logDebug - [pool-1-thread-2] All observers cleared.
Tests run: 3, Failures: 0, Errors: 0, Skipped: 0, Time elapsed: 16.103 sec - in resolution_test
Starting ChromeDriver 2.33.506120 (e3e53437346286c0bc2d2dc9aa4915ba81d9023f) on port 21624
Only local connections are allowed.
Starting ChromeDriver 2.33.506120 (e3e53437346286c0bc2d2dc9aa4915ba81d9023f) on port 13782
Only local connections are allowed.
Starting ChromeDriver 2.33.506120 (e3e53437346286c0bc2d2dc9aa4915ba81d9023f) on port 37446
Only local connections are allowed.
sty 26, 2018 11:41:47 PM org.openqa.selenium.remote.ProtocolHandshake createSession
INFO: Detected dialect: OSS
sty 26, 2018 11:41:47 PM org.openqa.selenium.remote.ProtocolHandshake createSession
INFO: Detected dialect: OSS
2018-01-26 at 23:41:47 CET logInfo - [pool-1-thread-1] Trying to set requested resolution: 1600x1200.
sty 26, 2018 11:41:47 PM org.openqa.selenium.remote.ProtocolHandshake createSession
INFO: Detected dialect: OSS
2018-01-26 at 23:41:48 CET logInfo - [pool-1-thread-1] Resolution readed from device: 1600x1100
2018-01-26 at 23:41:49 CET logInfo - [pool-1-thread-1] Trying to set increased resolution for 'View port': 1616x1200.
2018-01-26 at 23:41:49 CET logInfo - [pool-1-thread-1] Resolution readed from device: 1616x1100
2018-01-26 at 23:41:49 CET logDebug - [pool-1-thread-1] driver:NewChromeDriver: chrome on XP (33a78078fc02e4c6c2174f4ca7cf4118)
2018-01-26 at 23:41:49 CET logDebug - [pool-1-thread-1] To add observer: com.capgemini.ntc.selenium.pages.projectY.TheInternetPage@47d1c454
2018-01-26 at 23:41:49 CET logDebug - [pool-1-thread-1] BaseTestWatcher.observers: []
2018-01-26 at 23:41:49 CET logDebug - [pool-1-thread-1] TestClassRule.classObservers: []
2018-01-26 at 23:41:49 CET logDebug - [pool-1-thread-1] Added observer: com.capgemini.ntc.selenium.pages.projectY.TheInternetPage@47d1c454
2018-01-26 at 23:41:49 CET logDebug - [pool-1-thread-1] The internet page is loaded: data:,
2018-01-26 at 23:41:49 CET logDebug - [pool-1-thread-1] load page
2018-01-26 at 23:42:03 CET logDebug - [pool-1-thread-1] Waiting for [waitForPageLoaded] took [0.034 s]
2018-01-26 at 23:42:03 CET logDebug - [pool-1-thread-1] The internet page is loaded: http://the-internet.herokuapp.com/
Running com.capgemini.ntc.selenium.features.samples.readFromTable.JsoupTest
Tests run: 1, Failures: 0, Errors: 0, Skipped: 0, Time elapsed: 1.434 sec - in com.capgemini.ntc.selenium.features.samples.readFromTable.JsoupTest
2018-01-26 at 23:42:03 CET logInfo - [pool-1-thread-1] shouldOpenABtestWhenClickABtestingLink(com.capgemini.ntc.selenium.projectY.ABtestingTest) STARTED.
2018-01-26 at 23:42:03 CET logInfo - [pool-1-thread-1] Step3 - click ABtesting link
2018-01-26 at 23:42:03 CET logDebug - [pool-1-thread-1] Waiting for [findElementDynamic(): By.cssSelector: li > a[href*=abtest]] took [0.074 s]
Running registrationTest
2018-01-26 at 23:40:43 CET logInfo - [pool-1-thread-6] registrationTest(com.capgemini.ntc.selenium.projectX.registration.RegisterOKTestDDExternalDataTest) STARTED.
2018-01-26 at 23:40:43 CET logDebug - [pool-1-thread-6] Creating new browser=chrome WebDriver.
2018-01-26 at 23:40:47 CET logInfo - [pool-1-thread-6] Trying to set requested resolution: 1600x1200.
2018-01-26 at 23:40:48 CET logInfo - [pool-1-thread-6] Resolution readed from device: 1600x1100
2018-01-26 at 23:40:48 CET logInfo - [pool-1-thread-6] Trying to set increased resolution for 'View port': 1616x1200.
2018-01-26 at 23:40:48 CET logInfo - [pool-1-thread-6] Resolution readed from device: 1616x1100
2018-01-26 at 23:40:48 CET logDebug - [pool-1-thread-6] driver:NewChromeDriver: chrome on XP (c9d7fd51285836a64177666fced3c246)
2018-01-26 at 23:40:48 CET logDebug - [pool-1-thread-6] To add observer: com.capgemini.ntc.selenium.pages.projectX.registration.RegistrationPage@58412018
2018-01-26 at 23:40:48 CET logDebug - [pool-1-thread-6] BaseTestWatcher.observers: []
2018-01-26 at 23:40:48 CET logDebug - [pool-1-thread-6] TestClassRule.classObservers: []
2018-01-26 at 23:40:48 CET logDebug - [pool-1-thread-6] Added observer: com.capgemini.ntc.selenium.pages.projectX.registration.RegistrationPage@58412018
2018-01-26 at 23:40:48 CET logDebug - [pool-1-thread-6] Waiting for [waitForPageLoaded] took [0.05 s]
2018-01-26 at 23:40:48 CET logDebug - [pool-1-thread-6] com.capgemini.ntc.selenium.pages.projectX.registration.RegistrationPage: Current loaded page (http://demoqa.com/registration/) with pageTitle (). Page to load: (http://demoqa.com/registration/) ,for page title: (Registration | Demoqa)
2018-01-26 at 23:40:58 CET logDebug - [pool-1-thread-6] Waiting for [waitForPageLoaded] took [0.032 s]
2018-01-26 at 23:40:59 CET logDebug - [pool-1-thread-6] Waiting for [findElementDynamic(): By.cssSelector: input[id='name_3_firstname']] took [0.097 s]
2018-01-26 at 23:40:59 CET logDebug - [pool-1-thread-6] Waiting for [findElementDynamic(): By.cssSelector: input[id='name_3_firstname']] took [0.039 s]
2018-01-26 at 23:40:59 CET logDebug - [pool-1-thread-6] Waiting for [findElementDynamic(): By.cssSelector: input[id='name_3_firstname']] took [0.05 s]
2018-01-26 at 23:40:59 CET logDebug - [pool-1-thread-6] Waiting for [findElementDynamic(): By.cssSelector: input[id='name_3_lastname']] took [0.07 s]
2018-01-26 at 23:40:59 CET logDebug - [pool-1-thread-6] Waiting for [findElementDynamic(): By.cssSelector: input[id='name_3_lastname']] took [0.024 s]
2018-01-26 at 23:40:59 CET logDebug - [pool-1-thread-6] Waiting for [findElementDynamic(): By.cssSelector: input[id='name_3_lastname']] took [0.073 s]
2018-01-26 at 23:41:00 CET logDebug - [pool-1-thread-6] Waiting for [findElementDynamic(): By.cssSelector: div[class='radio_wrap']] took [0.088 s]
2018-01-26 at 23:41:00 CET logDebug - [pool-1-thread-6] Waiting for [findElementDynamic(): By.cssSelector: div[class='radio_wrap']] took [0.044 s]
2018-01-26 at 23:41:00 CET logDebug - [pool-1-thread-6] Waiting for [findElementDynamic(): By.cssSelector: div[class='radio_wrap']] took [0.024 s]
Input text element: com.capgemini.ntc.selenium.core.newDrivers.elementType.RadioButtonElement@35e8b314 isn't clicked.
2018-01-26 at 23:41:01 CET logDebug - [pool-1-thread-6] Waiting for [findElementDynamic(): By.cssSelector: li.fields.pageFields_1:nth-child(3) div.radio_wrap] took [0.057 s]
2018-01-26 at 23:41:01 CET logDebug - [pool-1-thread-6] Waiting for [findElementDynamic(): By.cssSelector: li.fields.pageFields_1:nth-child(3) div.radio_wrap] took [0.059 s]
2018-01-26 at 23:41:01 CET logDebug - [pool-1-thread-6] Waiting for [findElementDynamic(): By.cssSelector: select[id='dropdown_7']] took [0.044 s]
2018-01-26 at 23:41:01 CET logDebug - [pool-1-thread-6] Waiting for [findElementDynamic(): By.cssSelector: select[id='dropdown_7']] took [0.085 s]
2018-01-26 at 23:41:02 CET logDebug - [pool-1-thread-6] Waiting for [findElementDynamic(): By.cssSelector: select[id='dropdown_7']] took [0.138 s]
2018-01-26 at 23:41:11 CET logDebug - [pool-1-thread-6] Waiting for [findElementDynamic(): By.cssSelector: select[id='dropdown_7']] took [0.016 s]
2018-01-26 at 23:41:11 CET logDebug - [pool-1-thread-6] Waiting for [findElementDynamic(): By.cssSelector: select[id='mm_date_8']] took [0.026 s]
2018-01-26 at 23:41:11 CET logDebug - [pool-1-thread-6] Waiting for [findElementDynamic(): By.cssSelector: select[id='mm_date_8']] took [0.023 s]
2018-01-26 at 23:41:11 CET logDebug - [pool-1-thread-6] Waiting for [findElementDynamic(): By.cssSelector: select[id='mm_date_8']] took [0.03 s]
2018-01-26 at 23:41:12 CET logDebug - [pool-1-thread-6] Waiting for [findElementDynamic(): By.cssSelector: select[id='mm_date_8']] took [0.012 s]
2018-01-26 at 23:41:12 CET logDebug - [pool-1-thread-6] Waiting for [findElementDynamic(): By.cssSelector: select[id='dd_date_8']] took [0.026 s]
2018-01-26 at 23:41:12 CET logDebug - [pool-1-thread-6] Waiting for [findElementDynamic(): By.cssSelector: select[id='dd_date_8']] took [0.015 s]
2018-01-26 at 23:41:12 CET logDebug - [pool-1-thread-6] Waiting for [findElementDynamic(): By.cssSelector: select[id='dd_date_8']] took [0.019 s]
2018-01-26 at 23:41:13 CET logDebug - [pool-1-thread-6] Waiting for [findElementDynamic(): By.cssSelector: select[id='dd_date_8']] took [0.014 s]
2018-01-26 at 23:41:14 CET logDebug - [pool-1-thread-6] Waiting for [findElementDynamic(): By.cssSelector: select[id='yy_date_8']] took [0.024 s]
2018-01-26 at 23:41:14 CET logDebug - [pool-1-thread-6] Waiting for [findElementDynamic(): By.cssSelector: select[id='yy_date_8']] took [0.014 s]
2018-01-26 at 23:41:14 CET logDebug - [pool-1-thread-6] Waiting for [findElementDynamic(): By.cssSelector: select[id='yy_date_8']] took [0.012 s]
2018-01-26 at 23:41:16 CET logDebug - [pool-1-thread-6] Waiting for [findElementDynamic(): By.cssSelector: select[id='yy_date_8']] took [0.022 s]
2018-01-26 at 23:41:16 CET logDebug - [pool-1-thread-6] Waiting for [findElementDynamic(): By.cssSelector: input[id='phone_9']] took [0.039 s]
2018-01-26 at 23:41:16 CET logDebug - [pool-1-thread-6] Waiting for [findElementDynamic(): By.cssSelector: input[id='phone_9']] took [0.02 s]
2018-01-26 at 23:41:16 CET logDebug - [pool-1-thread-6] Waiting for [findElementDynamic(): By.cssSelector: input[id='phone_9']] took [0.019 s]
2018-01-26 at 23:41:17 CET logDebug - [pool-1-thread-6] Waiting for [findElementDynamic(): By.cssSelector: input[id='username']] took [0.034 s]
2018-01-26 at 23:41:17 CET logDebug - [pool-1-thread-6] Waiting for [findElementDynamic(): By.cssSelector: input[id='username']] took [0.019 s]
2018-01-26 at 23:41:17 CET logDebug - [pool-1-thread-6] Waiting for [findElementDynamic(): By.cssSelector: input[id='username']] took [0.022 s]
2018-01-26 at 23:41:17 CET logDebug - [pool-1-thread-6] Waiting for [findElementDynamic(): By.cssSelector: input[id='email_1']] took [0.045 s]
2018-01-26 at 23:41:17 CET logDebug - [pool-1-thread-6] Waiting for [findElementDynamic(): By.cssSelector: input[id='email_1']] took [0.02 s]
2018-01-26 at 23:41:17 CET logDebug - [pool-1-thread-6] Waiting for [findElementDynamic(): By.cssSelector: input[id='email_1']] took [0.027 s]
2018-01-26 at 23:41:18 CET logDebug - [pool-1-thread-6] Waiting for [findElementDynamic(): By.cssSelector: textarea[ id='description' ]] took [0.042 s]
2018-01-26 at 23:41:18 CET logDebug - [pool-1-thread-6] Waiting for [findElementDynamic(): By.cssSelector: textarea[ id='description' ]] took [0.024 s]
2018-01-26 at 23:41:18 CET logDebug - [pool-1-thread-6] Waiting for [findElementDynamic(): By.cssSelector: textarea[ id='description' ]] took [0.038 s]
2018-01-26 at 23:41:19 CET logDebug - [pool-1-thread-6] Waiting for [findElementDynamic(): By.cssSelector: input[id='password_2']] took [0.04 s]
2018-01-26 at 23:41:19 CET logDebug - [pool-1-thread-6] Waiting for [findElementDynamic(): By.cssSelector: input[id='password_2']] took [0.017 s]
2018-01-26 at 23:41:19 CET logDebug - [pool-1-thread-6] Waiting for [findElementDynamic(): By.cssSelector: input[id='password_2']] took [0.043 s]
2018-01-26 at 23:41:19 CET logDebug - [pool-1-thread-6] Waiting for [findElementDynamic(): By.cssSelector: input[id='confirm_password_password_2']] took [0.03 s]
2018-01-26 at 23:41:19 CET logDebug - [pool-1-thread-6] Waiting for [findElementDynamic(): By.cssSelector: input[id='confirm_password_password_2']] took [0.015 s]
2018-01-26 at 23:41:19 CET logDebug - [pool-1-thread-6] Waiting for [findElementDynamic(): By.cssSelector: input[id='confirm_password_password_2']] took [0.025 s]
2018-01-26 at 23:41:20 CET logDebug - [pool-1-thread-6] Waiting for [findElementDynamic(): By.cssSelector: input[name='pie_submit']] took [0.022 s]
2018-01-26 at 23:41:20 CET logDebug - [pool-1-thread-6] Waiting for [findElementDynamic(): By.cssSelector: input[name='pie_submit']] took [0.011 s]
2018-01-26 at 23:41:20 CET logDebug - [pool-1-thread-6] Waiting for [waitForPageLoaded] took [0.008 s]
2018-01-26 at 23:41:20 CET logDebug - [pool-1-thread-6] Waiting for [findElementDynamic(): By.cssSelector: input[name='pie_submit']] took [0.01 s]
2018-01-26 at 23:41:23 CET logDebug - [pool-1-thread-6] Waiting for [waitForElementVisible(): By.cssSelector: p[class='piereg_login_error']] took [0.518 s]
2018-01-26 at 23:41:24 CET logDebug - [pool-1-thread-6] Waiting for [waitForElementVisible(): By.cssSelector: p[class='piereg_login_error']] took [0.13 s]
2018-01-26 at 23:41:24 CET logDebug - [pool-1-thread-6] Error: Username already exists
2018-01-26 at 23:41:24 CET logDebug - [pool-1-thread-6] Waiting for [findElementDynamic(): By.cssSelector: p[class='piereg_login_error']] took [0.022 s]
2018-01-26 at 23:41:24 CET logDebug - [pool-1-thread-6] Waiting for [findElementDynamic(): By.cssSelector: p[class='piereg_login_error']] took [0.04 s]
2018-01-26 at 23:41:24 CET logInfo - [pool-1-thread-6] registrationTest(com.capgemini.ntc.selenium.projectX.registration.RegisterOKTestDDExternalDataTest) PASSED.
2018-01-26 at 23:41:24 CET logDebug - [pool-1-thread-6] BasePage.onTestSuccess    RegistrationPage
2018-01-26 at 23:41:24 CET logInfo - [pool-1-thread-6] registrationTest(com.capgemini.ntc.selenium.projectX.registration.RegisterOKTestDDExternalDataTest) duration: 0,68 min
2018-01-26 at 23:41:26 CET logDebug - [pool-1-thread-6] BasePage.onTestFinish   RegistrationPage
2018-01-26 at 23:41:26 CET logDebug - [pool-1-thread-6] To remove observer: com.capgemini.ntc.selenium.pages.projectX.registration.RegistrationPage@58412018
2018-01-26 at 23:41:26 CET logInfo - [pool-1-thread-6] registrationTest(com.capgemini.ntc.selenium.projectX.registration.RegisterOKTestDDExternalDataTest) STARTED.
2018-01-26 at 23:41:26 CET logDebug - [pool-1-thread-6] To add observer: com.capgemini.ntc.selenium.pages.projectX.registration.RegistrationPage@6008b78e
2018-01-26 at 23:41:26 CET logDebug - [pool-1-thread-6] BaseTestWatcher.observers: [com.capgemini.ntc.selenium.pages.projectX.registration.RegistrationPage@58412018]
2018-01-26 at 23:41:26 CET logDebug - [pool-1-thread-6] TestClassRule.classObservers: []
2018-01-26 at 23:41:26 CET logDebug - [pool-1-thread-6] Waiting for [waitForPageLoaded] took [0.04 s]
2018-01-26 at 23:41:26 CET logDebug - [pool-1-thread-6] Waiting for [waitForPageLoaded] took [0.009 s]
2018-01-26 at 23:41:26 CET logDebug - [pool-1-thread-6] Waiting for [findElementDynamic(): By.cssSelector: input[id='name_3_firstname']] took [0.032 s]
2018-01-26 at 23:41:26 CET logDebug - [pool-1-thread-6] Waiting for [findElementDynamic(): By.cssSelector: input[id='name_3_firstname']] took [0.018 s]
2018-01-26 at 23:41:26 CET logDebug - [pool-1-thread-6] Waiting for [findElementDynamic(): By.cssSelector: input[id='name_3_firstname']] took [0.069 s]
2018-01-26 at 23:41:26 CET logDebug - [pool-1-thread-6] Waiting for [findElementDynamic(): By.cssSelector: input[id='name_3_lastname']] took [0.024 s]
2018-01-26 at 23:41:26 CET logDebug - [pool-1-thread-6] Waiting for [findElementDynamic(): By.cssSelector: input[id='name_3_lastname']] took [0.012 s]
2018-01-26 at 23:41:26 CET logDebug - [pool-1-thread-6] Waiting for [findElementDynamic(): By.cssSelector: input[id='name_3_lastname']] took [0.012 s]
2018-01-26 at 23:41:27 CET logDebug - [pool-1-thread-6] Waiting for [findElementDynamic(): By.cssSelector: div[class='radio_wrap']] took [0.025 s]
2018-01-26 at 23:41:27 CET logDebug - [pool-1-thread-6] Waiting for [findElementDynamic(): By.cssSelector: div[class='radio_wrap']] took [0.015 s]
2018-01-26 at 23:41:27 CET logDebug - [pool-1-thread-6] Waiting for [findElementDynamic(): By.cssSelector: div[class='radio_wrap']] took [0.013 s]
2018-01-26 at 23:41:27 CET logDebug - [pool-1-thread-6] Waiting for [findElementDynamic(): By.cssSelector: li.fields.pageFields_1:nth-child(3) div.radio_wrap] took [0.025 s]
2018-01-26 at 23:41:27 CET logDebug - [pool-1-thread-6] Waiting for [findElementDynamic(): By.cssSelector: li.fields.pageFields_1:nth-child(3) div.radio_wrap] took [0.013 s]
2018-01-26 at 23:41:27 CET logDebug - [pool-1-thread-6] Waiting for [findElementDynamic(): By.cssSelector: select[id='dropdown_7']] took [0.023 s]
2018-01-26 at 23:41:27 CET logDebug - [pool-1-thread-6] Waiting for [findElementDynamic(): By.cssSelector: select[id='dropdown_7']] took [0.011 s]
2018-01-26 at 23:41:27 CET logDebug - [pool-1-thread-6] Waiting for [findElementDynamic(): By.cssSelector: select[id='dropdown_7']] took [0.013 s]
2018-01-26 at 23:41:33 CET logDebug - [pool-1-thread-6] Waiting for [findElementDynamic(): By.cssSelector: select[id='dropdown_7']] took [0.01 s]
2018-01-26 at 23:41:33 CET logDebug - [pool-1-thread-6] Waiting for [findElementDynamic(): By.cssSelector: select[id='mm_date_8']] took [0.023 s]
2018-01-26 at 23:41:33 CET logDebug - [pool-1-thread-6] Waiting for [findElementDynamic(): By.cssSelector: select[id='mm_date_8']] took [0.013 s]
2018-01-26 at 23:41:33 CET logDebug - [pool-1-thread-6] Waiting for [findElementDynamic(): By.cssSelector: select[id='mm_date_8']] took [0.019 s]
2018-01-26 at 23:41:34 CET logDebug - [pool-1-thread-6] Waiting for [findElementDynamic(): By.cssSelector: select[id='mm_date_8']] took [0.01 s]
2018-01-26 at 23:41:34 CET logDebug - [pool-1-thread-6] Waiting for [findElementDynamic(): By.cssSelector: select[id='dd_date_8']] took [0.019 s]
2018-01-26 at 23:41:34 CET logDebug - [pool-1-thread-6] Waiting for [findElementDynamic(): By.cssSelector: select[id='dd_date_8']] took [0.011 s]
2018-01-26 at 23:41:34 CET logDebug - [pool-1-thread-6] Waiting for [findElementDynamic(): By.cssSelector: select[id='dd_date_8']] took [0.01 s]
2018-01-26 at 23:41:35 CET logDebug - [pool-1-thread-6] Waiting for [findElementDynamic(): By.cssSelector: select[id='dd_date_8']] took [0.01 s]
2018-01-26 at 23:41:35 CET logDebug - [pool-1-thread-6] Waiting for [findElementDynamic(): By.cssSelector: select[id='yy_date_8']] took [0.018 s]
2018-01-26 at 23:41:35 CET logDebug - [pool-1-thread-6] Waiting for [findElementDynamic(): By.cssSelector: select[id='yy_date_8']] took [0.012 s]
2018-01-26 at 23:41:35 CET logDebug - [pool-1-thread-6] Waiting for [findElementDynamic(): By.cssSelector: select[id='yy_date_8']] took [0.013 s]
2018-01-26 at 23:41:37 CET logDebug - [pool-1-thread-6] Waiting for [findElementDynamic(): By.cssSelector: select[id='yy_date_8']] took [0.011 s]
2018-01-26 at 23:41:37 CET logDebug - [pool-1-thread-6] Waiting for [findElementDynamic(): By.cssSelector: input[id='phone_9']] took [0.019 s]
2018-01-26 at 23:41:37 CET logDebug - [pool-1-thread-6] Waiting for [findElementDynamic(): By.cssSelector: input[id='phone_9']] took [0.015 s]
2018-01-26 at 23:41:37 CET logDebug - [pool-1-thread-6] Waiting for [findElementDynamic(): By.cssSelector: input[id='phone_9']] took [0.028 s]
2018-01-26 at 23:41:37 CET logDebug - [pool-1-thread-6] Waiting for [findElementDynamic(): By.cssSelector: input[id='username']] took [0.056 s]
2018-01-26 at 23:41:37 CET logDebug - [pool-1-thread-6] Waiting for [findElementDynamic(): By.cssSelector: input[id='username']] took [0.014 s]
2018-01-26 at 23:41:38 CET logDebug - [pool-1-thread-6] Waiting for [findElementDynamic(): By.cssSelector: input[id='username']] took [0.016 s]
2018-01-26 at 23:41:38 CET logDebug - [pool-1-thread-6] Waiting for [findElementDynamic(): By.cssSelector: input[id='email_1']] took [0.023 s]
2018-01-26 at 23:41:38 CET logDebug - [pool-1-thread-6] Waiting for [findElementDynamic(): By.cssSelector: input[id='email_1']] took [0.013 s]
2018-01-26 at 23:41:38 CET logDebug - [pool-1-thread-6] Waiting for [findElementDynamic(): By.cssSelector: input[id='email_1']] took [0.02 s]
2018-01-26 at 23:41:38 CET logDebug - [pool-1-thread-6] Waiting for [findElementDynamic(): By.cssSelector: textarea[ id='description' ]] took [0.033 s]
2018-01-26 at 23:41:38 CET logDebug - [pool-1-thread-6] Waiting for [findElementDynamic(): By.cssSelector: textarea[ id='description' ]] took [0.016 s]
2018-01-26 at 23:41:38 CET logDebug - [pool-1-thread-6] Waiting for [findElementDynamic(): By.cssSelector: textarea[ id='description' ]] took [0.029 s]
2018-01-26 at 23:41:39 CET logDebug - [pool-1-thread-6] Waiting for [findElementDynamic(): By.cssSelector: input[id='password_2']] took [0.023 s]
2018-01-26 at 23:41:39 CET logDebug - [pool-1-thread-6] Waiting for [findElementDynamic(): By.cssSelector: input[id='password_2']] took [0.011 s]
2018-01-26 at 23:41:39 CET logDebug - [pool-1-thread-6] Waiting for [findElementDynamic(): By.cssSelector: input[id='password_2']] took [0.018 s]
2018-01-26 at 23:41:39 CET logDebug - [pool-1-thread-6] Waiting for [findElementDynamic(): By.cssSelector: input[id='confirm_password_password_2']] took [0.036 s]
2018-01-26 at 23:41:39 CET logDebug - [pool-1-thread-6] Waiting for [findElementDynamic(): By.cssSelector: input[id='confirm_password_password_2']] took [0.015 s]
2018-01-26 at 23:41:39 CET logDebug - [pool-1-thread-6] Waiting for [findElementDynamic(): By.cssSelector: input[id='confirm_password_password_2']] took [0.015 s]
2018-01-26 at 23:41:39 CET logDebug - [pool-1-thread-6] Waiting for [findElementDynamic(): By.cssSelector: input[name='pie_submit']] took [0.041 s]
2018-01-26 at 23:41:39 CET logDebug - [pool-1-thread-6] Waiting for [findElementDynamic(): By.cssSelector: input[name='pie_submit']] took [0.016 s]
2018-01-26 at 23:41:39 CET logDebug - [pool-1-thread-6] Waiting for [waitForPageLoaded] took [0.01 s]
2018-01-26 at 23:41:39 CET logDebug - [pool-1-thread-6] Waiting for [findElementDynamic(): By.cssSelector: input[name='pie_submit']] took [0.017 s]
2018-01-26 at 23:41:41 CET logDebug - [pool-1-thread-6] Waiting for [waitForElementVisible(): By.cssSelector: p[class='piereg_login_error']] took [0.204 s]
2018-01-26 at 23:41:41 CET logDebug - [pool-1-thread-6] Waiting for [waitForElementVisible(): By.cssSelector: p[class='piereg_login_error']] took [0.024 s]
2018-01-26 at 23:41:41 CET logDebug - [pool-1-thread-6] Error: Username already exists
2018-01-26 at 23:41:41 CET logDebug - [pool-1-thread-6] Waiting for [findElementDynamic(): By.cssSelector: p[class='piereg_login_error']] took [0.011 s]
2018-01-26 at 23:41:41 CET logDebug - [pool-1-thread-6] Waiting for [findElementDynamic(): By.cssSelector: p[class='piereg_login_error']] took [0.01 s]
2018-01-26 at 23:41:41 CET logInfo - [pool-1-thread-6] registrationTest(com.capgemini.ntc.selenium.projectX.registration.RegisterOKTestDDExternalDataTest) PASSED.
2018-01-26 at 23:41:41 CET logDebug - [pool-1-thread-6] BasePage.onTestSuccess    RegistrationPage
2018-01-26 at 23:41:41 CET logInfo - [pool-1-thread-6] registrationTest(com.capgemini.ntc.selenium.projectX.registration.RegisterOKTestDDExternalDataTest) duration: 0,25 min
2018-01-26 at 23:41:42 CET logDebug - [pool-1-thread-6] BasePage.onTestFinish   RegistrationPage
2018-01-26 at 23:41:42 CET logDebug - [pool-1-thread-6] To remove observer: com.capgemini.ntc.selenium.pages.projectX.registration.RegistrationPage@58412018
2018-01-26 at 23:41:42 CET logDebug - [pool-1-thread-6] BaseTest.tearDownClass()
2018-01-26 at 23:41:42 CET logDebug - [pool-1-thread-6] BaseTestWatcher.observers: [com.capgemini.ntc.selenium.pages.projectX.registration.RegistrationPage@58412018]
2018-01-26 at 23:41:42 CET logDebug - [pool-1-thread-6] TestClassRule.classObservers: []
2018-01-26 at 23:41:42 CET logDebug - [pool-1-thread-6] BasePage.onTestClassFinish   RegistrationPage
2018-01-26 at 23:41:42 CET logDebug - [pool-1-thread-6] driver:NewChromeDriver: chrome on XP (c9d7fd51285836a64177666fced3c246)
2018-01-26 at 23:41:42 CET logDebug - [pool-1-thread-6] Closing WebDriver for this thread. chrome
2018-01-26 at 23:41:43 CET logDebug - [pool-1-thread-6] All observers cleared.
2018-01-26 at 23:41:43 CET logInfo - [pool-1-thread-6] Step 1: Open the Url http://the-internet.herokuapp.com/
2018-01-26 at 23:41:43 CET logDebug - [pool-1-thread-6] Creating new browser=chrome WebDriver.
2018-01-26 at 23:41:47 CET logInfo - [pool-1-thread-6] Trying to set requested resolution: 1600x1200.
2018-01-26 at 23:41:49 CET logInfo - [pool-1-thread-6] Resolution readed from device: 1600x1100
2018-01-26 at 23:41:49 CET logInfo - [pool-1-thread-6] Trying to set increased resolution for 'View port': 1616x1200.
2018-01-26 at 23:41:49 CET logInfo - [pool-1-thread-6] Resolution readed from device: 1616x1100
2018-01-26 at 23:41:49 CET logDebug - [pool-1-thread-6] driver:NewChromeDriver: chrome on XP (2205dd86661ec575dac0f98fdea5053e)
2018-01-26 at 23:41:49 CET logDebug - [pool-1-thread-6] To add observer: com.capgemini.ntc.selenium.pages.projectY.TheInternetPage@5bcd7ad8
2018-01-26 at 23:41:49 CET logDebug - [pool-1-thread-6] BaseTestWatcher.observers: []
2018-01-26 at 23:41:49 CET logDebug - [pool-1-thread-6] TestClassRule.classObservers: []
2018-01-26 at 23:41:49 CET logDebug - [pool-1-thread-6] Added observer: com.capgemini.ntc.selenium.pages.projectY.TheInternetPage@5bcd7ad8
2018-01-26 at 23:41:49 CET logDebug - [pool-1-thread-6] The internet page is loaded: data:,
2018-01-26 at 23:41:50 CET logDebug - [pool-1-thread-6] load page
2018-01-26 at 23:42:04 CET logDebug - [pool-1-thread-6] Waiting for [waitForPageLoaded] took [0.093 s]
2018-01-26 at 23:42:04 CET logInfo - [pool-1-thread-6] Step 2: Verify if Url http://the-internet.herokuapp.com/ opens
2018-01-26 at 23:42:04 CET logDebug - [pool-1-thread-6] The internet page is loaded: http://the-internet.herokuapp.com/
Input text element: com.capgemini.ntc.selenium.core.newDrivers.elementType.RadioButtonElement@1a37f7f7 isn't clicked.
Tests run: 2, Failures: 0, Errors: 0, Skipped: 0, Time elapsed: 59.254 sec - in registrationTest
2018-01-26 at 23:42:04 CET logDebug - [pool-1-thread-1] To add observer: com.capgemini.ntc.selenium.pages.projectY.ABtestPage@2bee7e91
2018-01-26 at 23:42:04 CET logDebug - [pool-1-thread-1] BaseTestWatcher.observers: []
2018-01-26 at 23:42:04 CET logDebug - [pool-1-thread-1] TestClassRule.classObservers: [com.capgemini.ntc.selenium.pages.projectY.TheInternetPage@47d1c454]
2018-01-26 at 23:42:04 CET logInfo - [pool-1-thread-1] shouldOpenABtestWhenClickABtestingLink(com.capgemini.ntc.selenium.projectY.ABtestingTest) PASSED.
2018-01-26 at 23:42:04 CET logDebug - [pool-1-thread-1] BasePage.onTestSuccess    TheInternetPage
2018-01-26 at 23:42:04 CET logInfo - [pool-1-thread-1] shouldOpenABtestWhenClickABtestingLink(com.capgemini.ntc.selenium.projectY.ABtestingTest) duration: 0,03 min
2018-01-26 at 23:42:05 CET logDebug - [pool-1-thread-1] Waiting for [waitForPageLoaded] took [0.139 s]
2018-01-26 at 23:42:05 CET logInfo - [pool-1-thread-1] shouldOpenElementalSeleniumPageWhenClickElementalSeleniumLink(com.capgemini.ntc.selenium.projectY.ABtestingTest) STARTED.
2018-01-26 at 23:42:05 CET logInfo - [pool-1-thread-1] Step3 - click ABtesting link
2018-01-26 at 23:42:05 CET logDebug - [pool-1-thread-1] Waiting for [findElementDynamic(): By.cssSelector: li > a[href*=abtest]] took [0.102 s]
2018-01-26 at 23:42:06 CET logDebug - [pool-1-thread-1] To add observer: com.capgemini.ntc.selenium.pages.projectY.ABtestPage@4d9c471
2018-01-26 at 23:42:06 CET logDebug - [pool-1-thread-1] BaseTestWatcher.observers: []
2018-01-26 at 23:42:06 CET logDebug - [pool-1-thread-1] TestClassRule.classObservers: [com.capgemini.ntc.selenium.pages.projectY.TheInternetPage@47d1c454]
2018-01-26 at 23:42:06 CET logInfo - [pool-1-thread-1] Step4 - click Elemental Selenium link
2018-01-26 at 23:42:06 CET logDebug - [pool-1-thread-1] Waiting for [findElementDynamic(): By.cssSelector: div > div > a] took [0.153 s]
2018-01-26 at 23:42:07 CET logDebug - [pool-1-thread-1] Waiting for [waitForPageLoaded] took [0.075 s]
2018-01-26 at 23:42:07 CET logDebug - [pool-1-thread-1] To add observer: com.capgemini.ntc.selenium.pages.projectY.ElementalSeleniumPage@4ef46996
2018-01-26 at 23:42:07 CET logDebug - [pool-1-thread-1] BaseTestWatcher.observers: []
2018-01-26 at 23:42:07 CET logDebug - [pool-1-thread-1] TestClassRule.classObservers: [com.capgemini.ntc.selenium.pages.projectY.TheInternetPage@47d1c454]
2018-01-26 at 23:42:07 CET logDebug - [pool-1-thread-1] load()
2018-01-26 at 23:42:07 CET logInfo - [pool-1-thread-1] Step5 - switch tab in browser to new opened Elemental Selenium link
2018-01-26 at 23:42:09 CET logInfo - [pool-1-thread-1] shouldOpenElementalSeleniumPageWhenClickElementalSeleniumLink(com.capgemini.ntc.selenium.projectY.ABtestingTest) PASSED.
2018-01-26 at 23:42:09 CET logDebug - [pool-1-thread-1] BasePage.onTestSuccess    TheInternetPage
2018-01-26 at 23:42:09 CET logInfo - [pool-1-thread-1] shouldOpenElementalSeleniumPageWhenClickElementalSeleniumLink(com.capgemini.ntc.selenium.projectY.ABtestingTest) duration: 0,07 min
2018-01-26 at 23:42:10 CET logDebug - [pool-1-thread-1] Waiting for [waitForPageLoaded] took [1.055 s]
2018-01-26 at 23:42:10 CET logDebug - [pool-1-thread-1] BaseTest.tearDownClass()
2018-01-26 at 23:42:10 CET logDebug - [pool-1-thread-1] BaseTestWatcher.observers: []
2018-01-26 at 23:42:10 CET logDebug - [pool-1-thread-1] TestClassRule.classObservers: [com.capgemini.ntc.selenium.pages.projectY.TheInternetPage@47d1c454]
2018-01-26 at 23:42:10 CET logDebug - [pool-1-thread-1] BasePage.onTestClassFinish   TheInternetPage
2018-01-26 at 23:42:10 CET logDebug - [pool-1-thread-1] driver:NewChromeDriver: chrome on XP (33a78078fc02e4c6c2174f4ca7cf4118)
2018-01-26 at 23:42:10 CET logDebug - [pool-1-thread-1] Closing WebDriver for this thread. chrome
2018-01-26 at 23:42:11 CET logDebug - [pool-1-thread-1] All observers cleared.
Running com.capgemini.ntc.selenium.projectY.HoversTest
Tests run: 1, Failures: 0, Errors: 0, Skipped: 0, Time elapsed: 24.835 sec - in com.capgemini.ntc.selenium.projectY.HoversTest
sty 26, 2018 11:42:11 PM org.openqa.selenium.remote.DesiredCapabilities chrome
INFO: Using `new ChromeOptions()` is preferred to `DesiredCapabilities.chrome()`
Running com.capgemini.ntc.selenium.projectY.KeyPressesTest
Tests run: 1, Failures: 0, Errors: 0, Skipped: 0, Time elapsed: 23.631 sec - in com.capgemini.ntc.selenium.projectY.KeyPressesTest
Running com.capgemini.ntc.selenium.projectY.ABtestingTest
Tests run: 2, Failures: 0, Errors: 0, Skipped: 0, Time elapsed: 7.471 sec - in com.capgemini.ntc.selenium.projectY.ABtestingTest
Running com.capgemini.ntc.selenium.projectY.DropdownTest
2018-01-26 at 23:42:11 CET logInfo - [pool-1-thread-1] testSelectSubMenuItemByText(com.capgemini.ntc.selenium.features.webElements.MenuTest) STARTED.
2018-01-26 at 23:42:11 CET logDebug - [pool-1-thread-1] Creating new browser=chrome WebDriver.
Tests run: 2, Failures: 0, Errors: 0, Skipped: 0, Time elapsed: 27.527 sec - in com.capgemini.ntc.selenium.projectY.DropdownTest
Running com.capgemini.ntc.selenium.projectY.BrokenImagesTest
Tests run: 1, Failures: 0, Errors: 0, Skipped: 0, Time elapsed: 24.219 sec - in com.capgemini.ntc.selenium.projectY.BrokenImagesTest
Running com.capgemini.ntc.selenium.projectY.CheckboxesTest
Tests run: 2, Failures: 0, Errors: 0, Skipped: 0, Time elapsed: 4.075 sec - in com.capgemini.ntc.selenium.projectY.CheckboxesTest
Running com.capgemini.ntc.selenium.projectY.MultipleWindowsTest
Tests run: 1, Failures: 0, Errors: 0, Skipped: 0, Time elapsed: 3.289 sec - in com.capgemini.ntc.selenium.projectY.MultipleWindowsTest
Starting ChromeDriver 2.33.506120 (e3e53437346286c0bc2d2dc9aa4915ba81d9023f) on port 32175
Only local connections are allowed.
sty 26, 2018 11:42:15 PM org.openqa.selenium.remote.ProtocolHandshake createSession
INFO: Detected dialect: OSS
2018-01-26 at 23:42:15 CET logInfo - [pool-1-thread-1] Trying to set requested resolution: 1600x1200.
2018-01-26 at 23:42:17 CET logInfo - [pool-1-thread-1] Resolution readed from device: 1600x1100
2018-01-26 at 23:42:17 CET logInfo - [pool-1-thread-1] Trying to set increased resolution for 'View port': 1616x1200.
2018-01-26 at 23:42:17 CET logInfo - [pool-1-thread-1] Resolution readed from device: 1616x1100
2018-01-26 at 23:42:17 CET logDebug - [pool-1-thread-1] driver:NewChromeDriver: chrome on XP (b3d48f5edb5540fd052e37f9c4b23f26)
Running com.capgemini.ntc.selenium.projectY.ChallengingDomTest
Tests run: 1, Failures: 0, Errors: 0, Skipped: 0, Time elapsed: 26.692 sec - in com.capgemini.ntc.selenium.projectY.ChallengingDomTest
Running com.capgemini.ntc.selenium.features.webElements.InputTextTest
Tests run: 1, Failures: 0, Errors: 0, Skipped: 0, Time elapsed: 19.232 sec - in com.capgemini.ntc.selenium.features.webElements.InputTextTest
2018-01-26 at 23:42:32 CET logDebug - [pool-1-thread-1] Waiting for [findElementDynamic(): By.cssSelector: li[aria-controls='tabs-2']] took [0.246 s]
2018-01-26 at 23:42:33 CET logDebug - [pool-1-thread-1] Waiting for [findElementDynamic(): By.cssSelector: li[aria-controls='tabs-2']] took [0.325 s]
2018-01-26 at 23:42:34 CET logDebug - [pool-1-thread-1] Waiting for [waitForPageLoaded] took [0.132 s]
2018-01-26 at 23:42:34 CET logDebug - [pool-1-thread-1] Waiting for [findElementDynamic(): By.cssSelector: li[aria-controls='tabs-2']] took [0.095 s]
2018-01-26 at 23:42:35 CET logDebug - [pool-1-thread-1] Waiting for [findElementDynamic(): By.cssSelector: div#tabs-2 ul.top-level] took [0.074 s]
2018-01-26 at 23:42:35 CET logDebug - [pool-1-thread-1] Waiting for [findElementDynamic(): By.cssSelector: div#tabs-2 ul.top-level] took [0.033 s]
Running com.capgemini.ntc.selenium.features.webElements.LabelTest
Tests run: 1, Failures: 0, Errors: 0, Skipped: 0, Time elapsed: 25.16 sec - in com.capgemini.ntc.selenium.features.webElements.LabelTest
2018-01-26 at 23:42:37 CET logDebug - [pool-1-thread-1] Waiting for [waitForElementVisible(): By.cssSelector: ul] took [0.198 s]
2018-01-26 at 23:42:37 CET logInfo - [pool-1-thread-1] testSelectSubMenuItemByText(com.capgemini.ntc.selenium.features.webElements.MenuTest) PASSED.
2018-01-26 at 23:42:37 CET logInfo - [pool-1-thread-1] testSelectSubMenuItemByText(com.capgemini.ntc.selenium.features.webElements.MenuTest) duration: 0,43 min
2018-01-26 at 23:42:37 CET logInfo - [pool-1-thread-1] testMenuByText(com.capgemini.ntc.selenium.features.webElements.MenuTest) STARTED.
2018-01-26 at 23:42:39 CET logDebug - [pool-1-thread-1] Waiting for [findElementDynamic(): By.cssSelector: div#tabs-1 ul.top-level] took [0.154 s]
2018-01-26 at 23:42:39 CET logDebug - [pool-1-thread-1] Waiting for [findElementDynamic(): By.cssSelector: div#tabs-1 ul.top-level] took [0.143 s]
2018-01-26 at 23:42:39 CET logDebug - [pool-1-thread-1] Waiting for [findElementDynamic(): By.cssSelector: div#tabs-1 ul.top-level] took [0.019 s]
2018-01-26 at 23:42:39 CET logInfo - [pool-1-thread-1] testMenuByText(com.capgemini.ntc.selenium.features.webElements.MenuTest) PASSED.
2018-01-26 at 23:42:39 CET logInfo - [pool-1-thread-1] testMenuByText(com.capgemini.ntc.selenium.features.webElements.MenuTest) duration: 0,04 min
2018-01-26 at 23:42:39 CET logInfo - [pool-1-thread-1] testMenuItemsText(com.capgemini.ntc.selenium.features.webElements.MenuTest) STARTED.
2018-01-26 at 23:42:40 CET logDebug - [pool-1-thread-1] Waiting for [findElementDynamic(): By.cssSelector: div#tabs-1 ul.top-level] took [0.244 s]
2018-01-26 at 23:42:40 CET logDebug - [pool-1-thread-1] Waiting for [findElementDynamic(): By.cssSelector: div#tabs-1 ul.top-level] took [0.016 s]
2018-01-26 at 23:42:40 CET logInfo - [pool-1-thread-1] testMenuItemsText(com.capgemini.ntc.selenium.features.webElements.MenuTest) PASSED.
2018-01-26 at 23:42:40 CET logInfo - [pool-1-thread-1] testMenuItemsText(com.capgemini.ntc.selenium.features.webElements.MenuTest) duration: 0,01 min
2018-01-26 at 23:42:40 CET logInfo - [pool-1-thread-1] testLinkSubMenuItemByText(com.capgemini.ntc.selenium.features.webElements.MenuTest) STARTED.
sty 26, 2018 11:42:44 PM org.openqa.selenium.os.OsProcess destroy
SEVERE: Unable to kill process java.lang.ProcessImpl@24311b99
2018-01-26 at 23:42:45 CET logDebug - [pool-1-thread-1] Waiting for [findElementDynamic(): By.cssSelector: li[aria-controls='tabs-2']] took [0.353 s]
2018-01-26 at 23:42:45 CET logDebug - [pool-1-thread-1] Waiting for [findElementDynamic(): By.cssSelector: li[aria-controls='tabs-2']] took [0.049 s]
2018-01-26 at 23:42:46 CET logDebug - [pool-1-thread-1] Waiting for [waitForPageLoaded] took [0.288 s]
2018-01-26 at 23:42:46 CET logDebug - [pool-1-thread-1] Waiting for [findElementDynamic(): By.cssSelector: li[aria-controls='tabs-2']] took [0.228 s]
2018-01-26 at 23:42:47 CET logDebug - [pool-1-thread-1] Waiting for [findElementDynamic(): By.cssSelector: div#tabs-2 ul.top-level] took [0.136 s]
2018-01-26 at 23:42:47 CET logDebug - [pool-1-thread-1] Waiting for [findElementDynamic(): By.cssSelector: div#tabs-2 ul.top-level] took [0.09 s]
Running com.capgemini.ntc.selenium.features.webElements.ButtonTest
Tests run: 1, Failures: 0, Errors: 0, Skipped: 0, Time elapsed: 36.452 sec - in com.capgemini.ntc.selenium.features.webElements.ButtonTest
2018-01-26 at 23:42:48 CET logDebug - [pool-1-thread-1] Waiting for [waitForElementVisible(): By.cssSelector: ul] took [0.096 s]
sty 26, 2018 11:42:49 PM org.openqa.selenium.os.OsProcess destroy
INFO: Unable to drain process streams. Ignoring but the exception being swallowed follows.
org.apache.commons.exec.ExecuteException: The stop timeout of 2000 ms was exceeded (Exit value: -559038737)
	at org.apache.commons.exec.PumpStreamHandler.stopThread(PumpStreamHandler.java:295)
	at org.apache.commons.exec.PumpStreamHandler.stop(PumpStreamHandler.java:180)
	at org.openqa.selenium.os.OsProcess.destroy(OsProcess.java:136)
	at org.openqa.selenium.os.CommandLine.destroy(CommandLine.java:153)
	at org.openqa.selenium.remote.service.DriverService.stop(DriverService.java:222)
	at org.openqa.selenium.remote.service.DriverCommandExecutor.execute(DriverCommandExecutor.java:95)
	at org.openqa.selenium.remote.RemoteWebDriver.execute(RemoteWebDriver.java:601)
	at org.openqa.selenium.remote.RemoteWebDriver.execute(RemoteWebDriver.java:658)
	at org.openqa.selenium.remote.RemoteWebDriver.quit(RemoteWebDriver.java:497)
	at com.capgemini.ntc.selenium.core.newDrivers.DriverManager.closeDriver(DriverManager.java:86)
	at com.capgemini.ntc.selenium.core.BasePage.onTestClassFinish(BasePage.java:126)
	at java.util.ArrayList.forEach(ArrayList.java:1249)
	at com.capgemini.ntc.test.core.BaseTest.tearDownClass(BaseTest.java:71)
	at sun.reflect.GeneratedMethodAccessor7.invoke(Unknown Source)
	at sun.reflect.DelegatingMethodAccessorImpl.invoke(DelegatingMethodAccessorImpl.java:43)
	at java.lang.reflect.Method.invoke(Method.java:497)
	at org.junit.runners.model.FrameworkMethod$1.runReflectiveCall(FrameworkMethod.java:50)
	at org.junit.internal.runners.model.ReflectiveCallable.run(ReflectiveCallable.java:12)
	at org.junit.runners.model.FrameworkMethod.invokeExplosively(FrameworkMethod.java:47)
	at org.junit.internal.runners.statements.RunAfters.evaluate(RunAfters.java:33)
	at org.junit.rules.ExternalResource$1.evaluate(ExternalResource.java:48)
	at org.junit.rules.RunRules.evaluate(RunRules.java:20)
	at org.junit.runners.ParentRunner.run(ParentRunner.java:363)
	at org.junit.runners.Suite.runChild(Suite.java:128)
	at org.junit.runners.Suite.runChild(Suite.java:27)
	at org.junit.runners.ParentRunner$3.run(ParentRunner.java:290)
	at org.apache.maven.surefire.junitcore.pc.Scheduler$1.run(Scheduler.java:393)
	at java.util.concurrent.Executors$RunnableAdapter.call(Executors.java:511)
	at java.util.concurrent.FutureTask.run(FutureTask.java:266)
	at java.util.concurrent.ThreadPoolExecutor.runWorker(ThreadPoolExecutor.java:1142)
	at java.util.concurrent.ThreadPoolExecutor$Worker.run(ThreadPoolExecutor.java:617)
	at java.lang.Thread.run(Thread.java:745)

sty 26, 2018 11:42:49 PM org.openqa.selenium.os.OsProcess destroy
SEVERE: Unable to kill process java.lang.ProcessImpl@5f9f128a
Running com.capgemini.ntc.selenium.features.webElements.CheckBoxTest
Tests run: 5, Failures: 0, Errors: 0, Skipped: 0, Time elapsed: 37.607 sec - in com.capgemini.ntc.selenium.features.webElements.CheckBoxTest
2018-01-26 at 23:42:49 CET logInfo - [pool-1-thread-1] testLinkSubMenuItemByText(com.capgemini.ntc.selenium.features.webElements.MenuTest) PASSED.
2018-01-26 at 23:42:49 CET logInfo - [pool-1-thread-1] testLinkSubMenuItemByText(com.capgemini.ntc.selenium.features.webElements.MenuTest) duration: 0,15 min
2018-01-26 at 23:42:49 CET logInfo - [pool-1-thread-1] testLinkSubMenuItemByIndex(com.capgemini.ntc.selenium.features.webElements.MenuTest) STARTED.
2018-01-26 at 23:42:51 CET logDebug - [pool-1-thread-1] Waiting for [findElementDynamic(): By.cssSelector: li[aria-controls='tabs-2']] took [0.518 s]
2018-01-26 at 23:42:51 CET logDebug - [pool-1-thread-1] Waiting for [findElementDynamic(): By.cssSelector: li[aria-controls='tabs-2']] took [0.072 s]
2018-01-26 at 23:42:51 CET logDebug - [pool-1-thread-1] Waiting for [waitForPageLoaded] took [0.022 s]
2018-01-26 at 23:42:51 CET logDebug - [pool-1-thread-1] Waiting for [findElementDynamic(): By.cssSelector: li[aria-controls='tabs-2']] took [0.043 s]
2018-01-26 at 23:42:51 CET logDebug - [pool-1-thread-1] Waiting for [findElementDynamic(): By.cssSelector: div#tabs-2 ul.top-level] took [0.031 s]
2018-01-26 at 23:42:51 CET logDebug - [pool-1-thread-1] Waiting for [findElementDynamic(): By.cssSelector: div#tabs-2 ul.top-level] took [0.021 s]
2018-01-26 at 23:42:52 CET logDebug - [pool-1-thread-1] Waiting for [waitForElementVisible(): By.cssSelector: div#tabs-2 ul.top-level] took [0.087 s]
2018-01-26 at 23:42:52 CET logInfo - [pool-1-thread-1] testLinkSubMenuItemByIndex(com.capgemini.ntc.selenium.features.webElements.MenuTest) PASSED.
2018-01-26 at 23:42:52 CET logInfo - [pool-1-thread-1] testLinkSubMenuItemByIndex(com.capgemini.ntc.selenium.features.webElements.MenuTest) duration: 0,04 min
2018-01-26 at 23:42:52 CET logInfo - [pool-1-thread-1] testMenuByIndex(com.capgemini.ntc.selenium.features.webElements.MenuTest) STARTED.
2018-01-26 at 23:42:53 CET logDebug - [pool-1-thread-1] Waiting for [findElementDynamic(): By.cssSelector: div#tabs-1 ul.top-level] took [0.441 s]
2018-01-26 at 23:42:53 CET logDebug - [pool-1-thread-1] Waiting for [findElementDynamic(): By.cssSelector: div#tabs-1 ul.top-level] took [0.109 s]
2018-01-26 at 23:42:53 CET logDebug - [pool-1-thread-1] Waiting for [findElementDynamic(): By.cssSelector: div#tabs-1 ul.top-level] took [0.014 s]
2018-01-26 at 23:42:53 CET logInfo - [pool-1-thread-1] testMenuByIndex(com.capgemini.ntc.selenium.features.webElements.MenuTest) PASSED.
2018-01-26 at 23:42:53 CET logInfo - [pool-1-thread-1] testMenuByIndex(com.capgemini.ntc.selenium.features.webElements.MenuTest) duration: 0,02 min
2018-01-26 at 23:42:53 CET logInfo - [pool-1-thread-1] testSelectSubMenuItemByIndex(com.capgemini.ntc.selenium.features.webElements.MenuTest) STARTED.
2018-01-26 at 23:42:54 CET logDebug - [pool-1-thread-1] Waiting for [findElementDynamic(): By.cssSelector: li[aria-controls='tabs-2']] took [0.273 s]
2018-01-26 at 23:42:54 CET logDebug - [pool-1-thread-1] Waiting for [findElementDynamic(): By.cssSelector: li[aria-controls='tabs-2']] took [0.111 s]
Running com.capgemini.ntc.selenium.features.webElements.NavigationBarTest
Tests run: 6, Failures: 0, Errors: 0, Skipped: 0, Time elapsed: 23.972 sec - in com.capgemini.ntc.selenium.features.webElements.NavigationBarTest
2018-01-26 at 23:42:55 CET logDebug - [pool-1-thread-1] Waiting for [waitForPageLoaded] took [0.093 s]
2018-01-26 at 23:42:55 CET logDebug - [pool-1-thread-1] Waiting for [findElementDynamic(): By.cssSelector: li[aria-controls='tabs-2']] took [0.097 s]
2018-01-26 at 23:42:55 CET logDebug - [pool-1-thread-1] Waiting for [findElementDynamic(): By.cssSelector: div#tabs-2 ul.top-level] took [0.069 s]
2018-01-26 at 23:42:55 CET logDebug - [pool-1-thread-1] Waiting for [findElementDynamic(): By.cssSelector: div#tabs-2 ul.top-level] took [0.031 s]
2018-01-26 at 23:42:56 CET logDebug - [pool-1-thread-1] Waiting for [waitForElementVisible(): By.cssSelector: div#tabs-2 ul.top-level] took [0.057 s]
2018-01-26 at 23:42:56 CET logInfo - [pool-1-thread-1] testSelectSubMenuItemByIndex(com.capgemini.ntc.selenium.features.webElements.MenuTest) PASSED.
2018-01-26 at 23:42:56 CET logInfo - [pool-1-thread-1] testSelectSubMenuItemByIndex(com.capgemini.ntc.selenium.features.webElements.MenuTest) duration: 0,04 min
2018-01-26 at 23:42:56 CET logInfo - [pool-1-thread-1] testMenuItemsCount(com.capgemini.ntc.selenium.features.webElements.MenuTest) STARTED.
2018-01-26 at 23:42:57 CET logDebug - [pool-1-thread-1] Waiting for [findElementDynamic(): By.cssSelector: div#tabs-1 ul.top-level] took [0.277 s]
2018-01-26 at 23:42:57 CET logDebug - [pool-1-thread-1] Waiting for [findElementDynamic(): By.cssSelector: div#tabs-1 ul.top-level] took [0.027 s]
2018-01-26 at 23:42:57 CET logInfo - [pool-1-thread-1] testMenuItemsCount(com.capgemini.ntc.selenium.features.webElements.MenuTest) PASSED.
2018-01-26 at 23:42:57 CET logInfo - [pool-1-thread-1] testMenuItemsCount(com.capgemini.ntc.selenium.features.webElements.MenuTest) duration: 0,02 min
2018-01-26 at 23:42:57 CET logDebug - [pool-1-thread-1] BaseTest.tearDownClass()
2018-01-26 at 23:42:57 CET logDebug - [pool-1-thread-1] BaseTestWatcher.observers: []
2018-01-26 at 23:42:57 CET logDebug - [pool-1-thread-1] TestClassRule.classObservers: []
2018-01-26 at 23:42:57 CET logDebug - [pool-1-thread-1] All observers cleared.
Running com.capgemini.ntc.selenium.features.webElements.MenuTest
Tests run: 8, Failures: 0, Errors: 0, Skipped: 0, Time elapsed: 45.519 sec - in com.capgemini.ntc.selenium.features.webElements.MenuTest
2018-01-26 at 23:42:57 CET logInfo - [pool-1-thread-1] registrationTest(com.capgemini.ntc.selenium.projectX.registration.RegisterOKTestDDExternalDataTest) STARTED.
2018-01-26 at 23:42:57 CET logDebug - [pool-1-thread-1] To add observer: com.capgemini.ntc.selenium.pages.projectX.registration.RegistrationPage@52a57b30
2018-01-26 at 23:42:57 CET logDebug - [pool-1-thread-1] BaseTestWatcher.observers: []
2018-01-26 at 23:42:57 CET logDebug - [pool-1-thread-1] TestClassRule.classObservers: []
2018-01-26 at 23:42:57 CET logDebug - [pool-1-thread-1] Added observer: com.capgemini.ntc.selenium.pages.projectX.registration.RegistrationPage@52a57b30
2018-01-26 at 23:42:57 CET logDebug - [pool-1-thread-1] Waiting for [waitForPageLoaded] took [0.019 s]
2018-01-26 at 23:42:57 CET logDebug - [pool-1-thread-1] com.capgemini.ntc.selenium.pages.projectX.registration.RegistrationPage: Current loaded page (http://demoqa.com/registration/) with pageTitle (Menu | Demoqa). Page to load: (http://demoqa.com/registration/) ,for page title: (Registration | Demoqa)
Running com.capgemini.ntc.selenium.features.webElements.RadioButtonTest
Input text element: com.capgemini.ntc.selenium.core.newDrivers.elementType.RadioButtonElement@290ef3ea isn't clicked.
Input text element: com.capgemini.ntc.selenium.core.newDrivers.elementType.RadioButtonElement@290ef3ea isn't clicked.
Input text element: com.capgemini.ntc.selenium.core.newDrivers.elementType.RadioButtonElement@3471d58b isn't clicked.
Tests run: 4, Failures: 0, Errors: 0, Skipped: 0, Time elapsed: 21.748 sec - in com.capgemini.ntc.selenium.features.webElements.RadioButtonTest
2018-01-26 at 23:43:00 CET logDebug - [pool-1-thread-1] Waiting for [waitForPageLoaded] took [0.367 s]
2018-01-26 at 23:43:01 CET logDebug - [pool-1-thread-1] Waiting for [findElementDynamic(): By.cssSelector: input[id='name_3_firstname']] took [0.055 s]
2018-01-26 at 23:43:01 CET logDebug - [pool-1-thread-1] Waiting for [findElementDynamic(): By.cssSelector: input[id='name_3_firstname']] took [0.033 s]
2018-01-26 at 23:43:01 CET logDebug - [pool-1-thread-1] Waiting for [findElementDynamic(): By.cssSelector: input[id='name_3_firstname']] took [0.044 s]
2018-01-26 at 23:43:02 CET logDebug - [pool-1-thread-1] Waiting for [findElementDynamic(): By.cssSelector: input[id='name_3_lastname']] took [0.048 s]
2018-01-26 at 23:43:02 CET logDebug - [pool-1-thread-1] Waiting for [findElementDynamic(): By.cssSelector: input[id='name_3_lastname']] took [0.033 s]
2018-01-26 at 23:43:02 CET logDebug - [pool-1-thread-1] Waiting for [findElementDynamic(): By.cssSelector: input[id='name_3_lastname']] took [0.034 s]
2018-01-26 at 23:43:02 CET logDebug - [pool-1-thread-1] Waiting for [findElementDynamic(): By.cssSelector: div[class='radio_wrap']] took [0.114 s]
2018-01-26 at 23:43:02 CET logDebug - [pool-1-thread-1] Waiting for [findElementDynamic(): By.cssSelector: div[class='radio_wrap']] took [0.098 s]
2018-01-26 at 23:43:03 CET logDebug - [pool-1-thread-1] Waiting for [findElementDynamic(): By.cssSelector: div[class='radio_wrap']] took [0.032 s]
2018-01-26 at 23:43:03 CET logDebug - [pool-1-thread-1] Waiting for [findElementDynamic(): By.cssSelector: li.fields.pageFields_1:nth-child(3) div.radio_wrap] took [0.043 s]
2018-01-26 at 23:43:03 CET logDebug - [pool-1-thread-1] Waiting for [findElementDynamic(): By.cssSelector: li.fields.pageFields_1:nth-child(3) div.radio_wrap] took [0.021 s]
2018-01-26 at 23:43:03 CET logDebug - [pool-1-thread-1] Waiting for [findElementDynamic(): By.cssSelector: select[id='dropdown_7']] took [0.03 s]
2018-01-26 at 23:43:03 CET logDebug - [pool-1-thread-1] Waiting for [findElementDynamic(): By.cssSelector: select[id='dropdown_7']] took [0.03 s]
2018-01-26 at 23:43:04 CET logDebug - [pool-1-thread-1] Waiting for [findElementDynamic(): By.cssSelector: select[id='dropdown_7']] took [0.072 s]
Running com.capgemini.ntc.selenium.features.webElements.TooltipTest
Tests run: 1, Failures: 0, Errors: 0, Skipped: 0, Time elapsed: 16.146 sec - in com.capgemini.ntc.selenium.features.webElements.TooltipTest
sty 26, 2018 11:43:15 PM org.openqa.selenium.os.OsProcess destroy
INFO: Unable to drain process streams. Ignoring but the exception being swallowed follows.
org.apache.commons.exec.ExecuteException: The stop timeout of 2000 ms was exceeded (Exit value: -559038737)
	at org.apache.commons.exec.PumpStreamHandler.stopThread(PumpStreamHandler.java:295)
	at org.apache.commons.exec.PumpStreamHandler.stop(PumpStreamHandler.java:181)
	at org.openqa.selenium.os.OsProcess.destroy(OsProcess.java:136)
	at org.openqa.selenium.os.CommandLine.destroy(CommandLine.java:153)
	at org.openqa.selenium.remote.service.DriverService.stop(DriverService.java:222)
	at org.openqa.selenium.remote.service.DriverCommandExecutor.execute(DriverCommandExecutor.java:95)
	at org.openqa.selenium.remote.RemoteWebDriver.execute(RemoteWebDriver.java:601)
	at org.openqa.selenium.remote.RemoteWebDriver.execute(RemoteWebDriver.java:658)
	at org.openqa.selenium.remote.RemoteWebDriver.quit(RemoteWebDriver.java:497)
	at com.capgemini.ntc.selenium.core.newDrivers.DriverManager.closeDriver(DriverManager.java:86)
	at com.capgemini.ntc.selenium.core.BasePage.onTestClassFinish(BasePage.java:126)
	at java.util.ArrayList.forEach(ArrayList.java:1249)
	at com.capgemini.ntc.test.core.BaseTest.tearDownClass(BaseTest.java:71)
	at sun.reflect.GeneratedMethodAccessor7.invoke(Unknown Source)
	at sun.reflect.DelegatingMethodAccessorImpl.invoke(DelegatingMethodAccessorImpl.java:43)
	at java.lang.reflect.Method.invoke(Method.java:497)
	at org.junit.runners.model.FrameworkMethod$1.runReflectiveCall(FrameworkMethod.java:50)
	at org.junit.internal.runners.model.ReflectiveCallable.run(ReflectiveCallable.java:12)
	at org.junit.runners.model.FrameworkMethod.invokeExplosively(FrameworkMethod.java:47)
	at com.capgemini.ntc.test.core.testRunners.core.CustomRunAfters.evaluate(CustomRunAfters.java:43)
	at org.junit.rules.ExternalResource$1.evaluate(ExternalResource.java:48)
	at org.junit.rules.RunRules.evaluate(RunRules.java:20)
	at com.capgemini.ntc.test.core.testRunners.ParallelTestClassRunner.run(ParallelTestClassRunner.java:33)
	at org.junit.runners.Suite.runChild(Suite.java:128)
	at org.junit.runners.Suite.runChild(Suite.java:27)
	at org.junit.runners.ParentRunner$3.run(ParentRunner.java:290)
	at org.apache.maven.surefire.junitcore.pc.Scheduler$1.run(Scheduler.java:393)
	at java.util.concurrent.Executors$RunnableAdapter.call(Executors.java:511)
	at java.util.concurrent.FutureTask.run(FutureTask.java:266)
	at java.util.concurrent.ThreadPoolExecutor.runWorker(ThreadPoolExecutor.java:1142)
	at java.util.concurrent.ThreadPoolExecutor$Worker.run(ThreadPoolExecutor.java:617)
	at java.lang.Thread.run(Thread.java:745)

sty 26, 2018 11:43:15 PM org.openqa.selenium.os.OsProcess destroy
SEVERE: Unable to kill process java.lang.ProcessImpl@18677407
sty 26, 2018 11:43:15 PM org.openqa.selenium.remote.DesiredCapabilities chrome
INFO: Using `new ChromeOptions()` is preferred to `DesiredCapabilities.chrome()`
Starting ChromeDriver 2.33.506120 (e3e53437346286c0bc2d2dc9aa4915ba81d9023f) on port 1692
Only local connections are allowed.
2018-01-26 at 23:43:18 CET logDebug - [pool-1-thread-1] Waiting for [findElementDynamic(): By.cssSelector: select[id='dropdown_7']] took [0.032 s]
2018-01-26 at 23:43:18 CET logDebug - [pool-1-thread-1] Waiting for [findElementDynamic(): By.cssSelector: select[id='mm_date_8']] took [0.032 s]
2018-01-26 at 23:43:18 CET logDebug - [pool-1-thread-1] Waiting for [findElementDynamic(): By.cssSelector: select[id='mm_date_8']] took [0.018 s]
2018-01-26 at 23:43:18 CET logDebug - [pool-1-thread-1] Waiting for [findElementDynamic(): By.cssSelector: select[id='mm_date_8']] took [0.027 s]
2018-01-26 at 23:43:20 CET logDebug - [pool-1-thread-1] Waiting for [findElementDynamic(): By.cssSelector: select[id='mm_date_8']] took [0.034 s]
2018-01-26 at 23:43:20 CET logDebug - [pool-1-thread-1] Waiting for [findElementDynamic(): By.cssSelector: select[id='dd_date_8']] took [0.044 s]
2018-01-26 at 23:43:20 CET logDebug - [pool-1-thread-1] Waiting for [findElementDynamic(): By.cssSelector: select[id='dd_date_8']] took [0.033 s]
2018-01-26 at 23:43:20 CET logDebug - [pool-1-thread-1] Waiting for [findElementDynamic(): By.cssSelector: select[id='dd_date_8']] took [0.031 s]
2018-01-26 at 23:43:22 CET logDebug - [pool-1-thread-1] Waiting for [findElementDynamic(): By.cssSelector: select[id='dd_date_8']] took [0.028 s]
2018-01-26 at 23:43:22 CET logDebug - [pool-1-thread-1] Waiting for [findElementDynamic(): By.cssSelector: select[id='yy_date_8']] took [0.04 s]
2018-01-26 at 23:43:22 CET logDebug - [pool-1-thread-1] Waiting for [findElementDynamic(): By.cssSelector: select[id='yy_date_8']] took [0.027 s]
2018-01-26 at 23:43:23 CET logDebug - [pool-1-thread-1] Waiting for [findElementDynamic(): By.cssSelector: select[id='yy_date_8']] took [0.047 s]
sty 26, 2018 11:43:23 PM org.openqa.selenium.os.OsProcess destroy
INFO: Unable to drain process streams. Ignoring but the exception being swallowed follows.
org.apache.commons.exec.ExecuteException: The stop timeout of 2000 ms was exceeded (Exit value: -559038737)
	at org.apache.commons.exec.PumpStreamHandler.stopThread(PumpStreamHandler.java:295)
	at org.apache.commons.exec.PumpStreamHandler.stop(PumpStreamHandler.java:181)
	at org.openqa.selenium.os.OsProcess.destroy(OsProcess.java:136)
	at org.openqa.selenium.os.CommandLine.destroy(CommandLine.java:153)
	at org.openqa.selenium.remote.service.DriverService.stop(DriverService.java:222)
	at org.openqa.selenium.remote.service.DriverCommandExecutor.execute(DriverCommandExecutor.java:95)
	at org.openqa.selenium.remote.RemoteWebDriver.execute(RemoteWebDriver.java:601)
	at org.openqa.selenium.remote.RemoteWebDriver.execute(RemoteWebDriver.java:658)
	at org.openqa.selenium.remote.RemoteWebDriver.quit(RemoteWebDriver.java:497)
	at com.capgemini.ntc.selenium.core.newDrivers.DriverManager.closeDriver(DriverManager.java:86)
	at com.capgemini.ntc.selenium.core.BasePage.onTestClassFinish(BasePage.java:126)
	at java.util.ArrayList.forEach(ArrayList.java:1249)
	at com.capgemini.ntc.test.core.BaseTest.tearDownClass(BaseTest.java:71)
	at sun.reflect.GeneratedMethodAccessor7.invoke(Unknown Source)
	at sun.reflect.DelegatingMethodAccessorImpl.invoke(DelegatingMethodAccessorImpl.java:43)
	at java.lang.reflect.Method.invoke(Method.java:497)
	at org.junit.runners.model.FrameworkMethod$1.runReflectiveCall(FrameworkMethod.java:50)
	at org.junit.internal.runners.model.ReflectiveCallable.run(ReflectiveCallable.java:12)
	at org.junit.runners.model.FrameworkMethod.invokeExplosively(FrameworkMethod.java:47)
	at com.capgemini.ntc.test.core.testRunners.core.CustomRunAfters.evaluate(CustomRunAfters.java:43)
	at org.junit.rules.ExternalResource$1.evaluate(ExternalResource.java:48)
	at org.junit.rules.RunRules.evaluate(RunRules.java:20)
	at com.capgemini.ntc.test.core.testRunners.ParallelTestClassRunner.run(ParallelTestClassRunner.java:33)
	at org.junit.runners.Suite.runChild(Suite.java:128)
	at org.junit.runners.Suite.runChild(Suite.java:27)
	at org.junit.runners.ParentRunner$3.run(ParentRunner.java:290)
	at org.apache.maven.surefire.junitcore.pc.Scheduler$1.run(Scheduler.java:393)
	at java.util.concurrent.Executors$RunnableAdapter.call(Executors.java:511)
	at java.util.concurrent.FutureTask.run(FutureTask.java:266)
	at java.util.concurrent.ThreadPoolExecutor.runWorker(ThreadPoolExecutor.java:1142)
	at java.util.concurrent.ThreadPoolExecutor$Worker.run(ThreadPoolExecutor.java:617)
	at java.lang.Thread.run(Thread.java:745)

sty 26, 2018 11:43:23 PM org.openqa.selenium.os.OsProcess destroy
SEVERE: Unable to kill process java.lang.ProcessImpl@6d9972df
Running com.capgemini.ntc.selenium.features.webElements.TabTest
Tests run: 4, Failures: 0, Errors: 0, Skipped: 0, Time elapsed: 44.66 sec - in com.capgemini.ntc.selenium.features.webElements.TabTest
sty 26, 2018 11:43:29 PM org.openqa.selenium.remote.ProtocolHandshake createSession
INFO: Detected dialect: OSS
2018-01-26 at 23:43:31 CET logDebug - [pool-1-thread-1] Waiting for [findElementDynamic(): By.cssSelector: select[id='yy_date_8']] took [0.218 s]
2018-01-26 at 23:43:31 CET logDebug - [pool-1-thread-1] Waiting for [findElementDynamic(): By.cssSelector: input[id='phone_9']] took [0.096 s]
2018-01-26 at 23:43:31 CET logDebug - [pool-1-thread-1] Waiting for [findElementDynamic(): By.cssSelector: input[id='phone_9']] took [0.09 s]
2018-01-26 at 23:43:31 CET logDebug - [pool-1-thread-1] Waiting for [findElementDynamic(): By.cssSelector: input[id='phone_9']] took [0.097 s]
2018-01-26 at 23:43:32 CET logDebug - [pool-1-thread-1] Waiting for [findElementDynamic(): By.cssSelector: input[id='username']] took [0.05 s]
2018-01-26 at 23:43:32 CET logDebug - [pool-1-thread-1] Waiting for [findElementDynamic(): By.cssSelector: input[id='username']] took [0.039 s]
2018-01-26 at 23:43:32 CET logDebug - [pool-1-thread-1] Waiting for [findElementDynamic(): By.cssSelector: input[id='username']] took [0.056 s]
2018-01-26 at 23:43:33 CET logDebug - [pool-1-thread-1] Waiting for [findElementDynamic(): By.cssSelector: input[id='email_1']] took [0.061 s]
2018-01-26 at 23:43:33 CET logDebug - [pool-1-thread-1] Waiting for [findElementDynamic(): By.cssSelector: input[id='email_1']] took [0.069 s]
2018-01-26 at 23:43:33 CET logDebug - [pool-1-thread-1] Waiting for [findElementDynamic(): By.cssSelector: input[id='email_1']] took [0.056 s]
2018-01-26 at 23:43:34 CET logDebug - [pool-1-thread-1] Waiting for [findElementDynamic(): By.cssSelector: textarea[ id='description' ]] took [0.044 s]
2018-01-26 at 23:43:34 CET logDebug - [pool-1-thread-1] Waiting for [findElementDynamic(): By.cssSelector: textarea[ id='description' ]] took [0.034 s]
2018-01-26 at 23:43:35 CET logDebug - [pool-1-thread-1] Waiting for [findElementDynamic(): By.cssSelector: textarea[ id='description' ]] took [0.279 s]
2018-01-26 at 23:43:35 CET logDebug - [pool-1-thread-1] Waiting for [findElementDynamic(): By.cssSelector: input[id='password_2']] took [0.043 s]
2018-01-26 at 23:43:35 CET logDebug - [pool-1-thread-1] Waiting for [findElementDynamic(): By.cssSelector: input[id='password_2']] took [0.029 s]
2018-01-26 at 23:43:35 CET logDebug - [pool-1-thread-1] Waiting for [findElementDynamic(): By.cssSelector: input[id='password_2']] took [0.033 s]
2018-01-26 at 23:43:36 CET logDebug - [pool-1-thread-1] Waiting for [findElementDynamic(): By.cssSelector: input[id='confirm_password_password_2']] took [0.174 s]
2018-01-26 at 23:43:36 CET logDebug - [pool-1-thread-1] Waiting for [findElementDynamic(): By.cssSelector: input[id='confirm_password_password_2']] took [0.089 s]
2018-01-26 at 23:43:36 CET logDebug - [pool-1-thread-1] Waiting for [findElementDynamic(): By.cssSelector: input[id='confirm_password_password_2']] took [0.037 s]
2018-01-26 at 23:43:37 CET logDebug - [pool-1-thread-1] Waiting for [findElementDynamic(): By.cssSelector: input[name='pie_submit']] took [0.051 s]
2018-01-26 at 23:43:37 CET logDebug - [pool-1-thread-1] Waiting for [findElementDynamic(): By.cssSelector: input[name='pie_submit']] took [0.018 s]
2018-01-26 at 23:43:37 CET logDebug - [pool-1-thread-1] Waiting for [waitForPageLoaded] took [0.061 s]
2018-01-26 at 23:43:37 CET logDebug - [pool-1-thread-1] Waiting for [findElementDynamic(): By.cssSelector: input[name='pie_submit']] took [0.025 s]
sty 26, 2018 11:43:38 PM org.openqa.selenium.remote.DesiredCapabilities chrome
INFO: Using `new ChromeOptions()` is preferred to `DesiredCapabilities.chrome()`
Starting ChromeDriver 2.33.506120 (e3e53437346286c0bc2d2dc9aa4915ba81d9023f) on port 20274
Only local connections are allowed.
2018-01-26 at 23:43:41 CET logDebug - [pool-1-thread-1] Waiting for [waitForElementVisible(): By.cssSelector: p[class='piereg_login_error']] took [0.974 s]
2018-01-26 at 23:43:42 CET logDebug - [pool-1-thread-1] Waiting for [waitForElementVisible(): By.cssSelector: p[class='piereg_login_error']] took [0.652 s]
2018-01-26 at 23:43:42 CET logDebug - [pool-1-thread-1] Error: Username already exists
2018-01-26 at 23:43:42 CET logDebug - [pool-1-thread-1] Waiting for [findElementDynamic(): By.cssSelector: p[class='piereg_login_error']] took [0.028 s]
2018-01-26 at 23:43:42 CET logDebug - [pool-1-thread-1] Waiting for [findElementDynamic(): By.cssSelector: p[class='piereg_login_error']] took [0.017 s]
2018-01-26 at 23:43:42 CET logInfo - [pool-1-thread-1] registrationTest(com.capgemini.ntc.selenium.projectX.registration.RegisterOKTestDDExternalDataTest) PASSED.
2018-01-26 at 23:43:42 CET logDebug - [pool-1-thread-1] BasePage.onTestSuccess    RegistrationPage
2018-01-26 at 23:43:42 CET logInfo - [pool-1-thread-1] registrationTest(com.capgemini.ntc.selenium.projectX.registration.RegisterOKTestDDExternalDataTest) duration: 0,75 min
2018-01-26 at 23:43:44 CET logDebug - [pool-1-thread-1] BasePage.onTestFinish   RegistrationPage
2018-01-26 at 23:43:44 CET logDebug - [pool-1-thread-1] To remove observer: com.capgemini.ntc.selenium.pages.projectX.registration.RegistrationPage@52a57b30
2018-01-26 at 23:43:44 CET logInfo - [pool-1-thread-1] registrationTest(com.capgemini.ntc.selenium.projectX.registration.RegisterOKTestDDExternalDataTest) STARTED.
2018-01-26 at 23:43:44 CET logDebug - [pool-1-thread-1] To add observer: com.capgemini.ntc.selenium.pages.projectX.registration.RegistrationPage@45cb06fd
2018-01-26 at 23:43:44 CET logDebug - [pool-1-thread-1] BaseTestWatcher.observers: [com.capgemini.ntc.selenium.pages.projectX.registration.RegistrationPage@52a57b30]
2018-01-26 at 23:43:44 CET logDebug - [pool-1-thread-1] TestClassRule.classObservers: []
2018-01-26 at 23:43:44 CET logDebug - [pool-1-thread-1] Waiting for [waitForPageLoaded] took [0.298 s]
2018-01-26 at 23:43:44 CET logDebug - [pool-1-thread-1] Waiting for [waitForPageLoaded] took [0.009 s]
2018-01-26 at 23:43:44 CET logDebug - [pool-1-thread-1] Waiting for [findElementDynamic(): By.cssSelector: input[id='name_3_firstname']] took [0.048 s]
2018-01-26 at 23:43:44 CET logDebug - [pool-1-thread-1] Waiting for [findElementDynamic(): By.cssSelector: input[id='name_3_firstname']] took [0.034 s]
2018-01-26 at 23:43:44 CET logDebug - [pool-1-thread-1] Waiting for [findElementDynamic(): By.cssSelector: input[id='name_3_firstname']] took [0.045 s]
2018-01-26 at 23:43:45 CET logDebug - [pool-1-thread-1] Waiting for [findElementDynamic(): By.cssSelector: input[id='name_3_lastname']] took [0.029 s]
2018-01-26 at 23:43:45 CET logDebug - [pool-1-thread-1] Waiting for [findElementDynamic(): By.cssSelector: input[id='name_3_lastname']] took [0.014 s]
2018-01-26 at 23:43:45 CET logDebug - [pool-1-thread-1] Waiting for [findElementDynamic(): By.cssSelector: input[id='name_3_lastname']] took [0.048 s]
2018-01-26 at 23:43:45 CET logDebug - [pool-1-thread-1] Waiting for [findElementDynamic(): By.cssSelector: div[class='radio_wrap']] took [0.033 s]
2018-01-26 at 23:43:45 CET logDebug - [pool-1-thread-1] Waiting for [findElementDynamic(): By.cssSelector: div[class='radio_wrap']] took [0.016 s]
2018-01-26 at 23:43:45 CET logDebug - [pool-1-thread-1] Waiting for [findElementDynamic(): By.cssSelector: div[class='radio_wrap']] took [0.013 s]
2018-01-26 at 23:43:45 CET logDebug - [pool-1-thread-1] Waiting for [findElementDynamic(): By.cssSelector: li.fields.pageFields_1:nth-child(3) div.radio_wrap] took [0.035 s]
2018-01-26 at 23:43:45 CET logDebug - [pool-1-thread-1] Waiting for [findElementDynamic(): By.cssSelector: li.fields.pageFields_1:nth-child(3) div.radio_wrap] took [0.019 s]
2018-01-26 at 23:43:46 CET logDebug - [pool-1-thread-1] Waiting for [findElementDynamic(): By.cssSelector: select[id='dropdown_7']] took [0.04 s]
2018-01-26 at 23:43:46 CET logDebug - [pool-1-thread-1] Waiting for [findElementDynamic(): By.cssSelector: select[id='dropdown_7']] took [0.017 s]
2018-01-26 at 23:43:46 CET logDebug - [pool-1-thread-1] Waiting for [findElementDynamic(): By.cssSelector: select[id='dropdown_7']] took [0.023 s]
sty 26, 2018 11:43:50 PM org.openqa.selenium.remote.ProtocolHandshake createSession
INFO: Detected dialect: OSS
sty 26, 2018 11:43:52 PM org.openqa.selenium.os.OsProcess destroy
INFO: Unable to drain process streams. Ignoring but the exception being swallowed follows.
org.apache.commons.exec.ExecuteException: The stop timeout of 2000 ms was exceeded (Exit value: -559038737)
	at org.apache.commons.exec.PumpStreamHandler.stopThread(PumpStreamHandler.java:295)
	at org.apache.commons.exec.PumpStreamHandler.stop(PumpStreamHandler.java:181)
	at org.openqa.selenium.os.OsProcess.destroy(OsProcess.java:136)
	at org.openqa.selenium.os.CommandLine.destroy(CommandLine.java:153)
	at org.openqa.selenium.remote.service.DriverService.stop(DriverService.java:222)
	at org.openqa.selenium.remote.service.DriverCommandExecutor.execute(DriverCommandExecutor.java:95)
	at org.openqa.selenium.remote.RemoteWebDriver.execute(RemoteWebDriver.java:601)
	at org.openqa.selenium.remote.RemoteWebDriver.execute(RemoteWebDriver.java:658)
	at org.openqa.selenium.remote.RemoteWebDriver.quit(RemoteWebDriver.java:497)
	at com.capgemini.ntc.selenium.core.newDrivers.DriverManager.closeDriver(DriverManager.java:86)
	at com.capgemini.ntc.selenium.core.BasePage.onTestClassFinish(BasePage.java:126)
	at java.util.ArrayList.forEach(ArrayList.java:1249)
	at com.capgemini.ntc.test.core.BaseTest.tearDownClass(BaseTest.java:71)
	at sun.reflect.GeneratedMethodAccessor7.invoke(Unknown Source)
	at sun.reflect.DelegatingMethodAccessorImpl.invoke(DelegatingMethodAccessorImpl.java:43)
	at java.lang.reflect.Method.invoke(Method.java:497)
	at org.junit.runners.model.FrameworkMethod$1.runReflectiveCall(FrameworkMethod.java:50)
	at org.junit.internal.runners.model.ReflectiveCallable.run(ReflectiveCallable.java:12)
	at org.junit.runners.model.FrameworkMethod.invokeExplosively(FrameworkMethod.java:47)
	at com.capgemini.ntc.test.core.testRunners.core.CustomRunAfters.evaluate(CustomRunAfters.java:43)
	at org.junit.rules.ExternalResource$1.evaluate(ExternalResource.java:48)
	at org.junit.rules.RunRules.evaluate(RunRules.java:20)
	at com.capgemini.ntc.test.core.testRunners.ParallelTestClassRunner.run(ParallelTestClassRunner.java:33)
	at org.junit.runners.Suite.runChild(Suite.java:128)
	at org.junit.runners.Suite.runChild(Suite.java:27)
	at org.junit.runners.ParentRunner$3.run(ParentRunner.java:290)
	at org.apache.maven.surefire.junitcore.pc.Scheduler$1.run(Scheduler.java:393)
	at java.util.concurrent.Executors$RunnableAdapter.call(Executors.java:511)
	at java.util.concurrent.FutureTask.run(FutureTask.java:266)
	at java.util.concurrent.ThreadPoolExecutor.runWorker(ThreadPoolExecutor.java:1142)
	at java.util.concurrent.ThreadPoolExecutor$Worker.run(ThreadPoolExecutor.java:617)
	at java.lang.Thread.run(Thread.java:745)

sty 26, 2018 11:43:52 PM org.openqa.selenium.os.OsProcess destroy
SEVERE: Unable to kill process java.lang.ProcessImpl@73ea9adb
sty 26, 2018 11:43:56 PM org.openqa.selenium.os.OsProcess destroy
INFO: Unable to drain process streams. Ignoring but the exception being swallowed follows.
org.apache.commons.exec.ExecuteException: The stop timeout of 2000 ms was exceeded (Exit value: -559038737)
	at org.apache.commons.exec.PumpStreamHandler.stopThread(PumpStreamHandler.java:295)
	at org.apache.commons.exec.PumpStreamHandler.stop(PumpStreamHandler.java:180)
	at org.openqa.selenium.os.OsProcess.destroy(OsProcess.java:136)
	at org.openqa.selenium.os.CommandLine.destroy(CommandLine.java:153)
	at org.openqa.selenium.remote.service.DriverService.stop(DriverService.java:222)
	at org.openqa.selenium.remote.service.DriverCommandExecutor.execute(DriverCommandExecutor.java:95)
	at org.openqa.selenium.remote.RemoteWebDriver.execute(RemoteWebDriver.java:601)
	at org.openqa.selenium.remote.RemoteWebDriver.execute(RemoteWebDriver.java:658)
	at org.openqa.selenium.remote.RemoteWebDriver.quit(RemoteWebDriver.java:497)
	at com.capgemini.ntc.selenium.core.newDrivers.DriverManager.closeDriver(DriverManager.java:86)
	at com.capgemini.ntc.selenium.core.BasePage.onTestClassFinish(BasePage.java:126)
	at java.util.ArrayList.forEach(ArrayList.java:1249)
	at com.capgemini.ntc.test.core.BaseTest.tearDownClass(BaseTest.java:69)
	at sun.reflect.GeneratedMethodAccessor7.invoke(Unknown Source)
	at sun.reflect.DelegatingMethodAccessorImpl.invoke(DelegatingMethodAccessorImpl.java:43)
	at java.lang.reflect.Method.invoke(Method.java:497)
	at org.junit.runners.model.FrameworkMethod$1.runReflectiveCall(FrameworkMethod.java:50)
	at org.junit.internal.runners.model.ReflectiveCallable.run(ReflectiveCallable.java:12)
	at org.junit.runners.model.FrameworkMethod.invokeExplosively(FrameworkMethod.java:47)
	at com.capgemini.ntc.test.core.testRunners.core.CustomRunAfters.evaluate(CustomRunAfters.java:43)
	at org.junit.rules.ExternalResource$1.evaluate(ExternalResource.java:48)
	at org.junit.rules.RunRules.evaluate(RunRules.java:20)
	at com.capgemini.ntc.test.core.testRunners.ParallelTestClassRunner.run(ParallelTestClassRunner.java:33)
	at org.junit.runners.Suite.runChild(Suite.java:128)
	at org.junit.runners.Suite.runChild(Suite.java:27)
	at org.junit.runners.ParentRunner$3.run(ParentRunner.java:290)
	at org.apache.maven.surefire.junitcore.pc.Scheduler$1.run(Scheduler.java:393)
	at java.util.concurrent.Executors$RunnableAdapter.call(Executors.java:511)
	at java.util.concurrent.FutureTask.run(FutureTask.java:266)
	at java.util.concurrent.ThreadPoolExecutor.runWorker(ThreadPoolExecutor.java:1142)
	at java.util.concurrent.ThreadPoolExecutor$Worker.run(ThreadPoolExecutor.java:617)
	at java.lang.Thread.run(Thread.java:745)

sty 26, 2018 11:43:56 PM org.openqa.selenium.os.OsProcess destroy
SEVERE: Unable to kill process java.lang.ProcessImpl@607aa7b7
2018-01-26 at 23:43:57 CET logDebug - [pool-1-thread-1] Waiting for [findElementDynamic(): By.cssSelector: select[id='dropdown_7']] took [0.016 s]
2018-01-26 at 23:43:57 CET logDebug - [pool-1-thread-1] Waiting for [findElementDynamic(): By.cssSelector: select[id='mm_date_8']] took [0.031 s]
2018-01-26 at 23:43:57 CET logDebug - [pool-1-thread-1] Waiting for [findElementDynamic(): By.cssSelector: select[id='mm_date_8']] took [0.016 s]
2018-01-26 at 23:43:58 CET logDebug - [pool-1-thread-1] Waiting for [findElementDynamic(): By.cssSelector: select[id='mm_date_8']] took [0.052 s]
2018-01-26 at 23:43:58 CET logDebug - [pool-1-thread-1] Waiting for [findElementDynamic(): By.cssSelector: select[id='mm_date_8']] took [0.026 s]
2018-01-26 at 23:43:59 CET logDebug - [pool-1-thread-1] Waiting for [findElementDynamic(): By.cssSelector: select[id='dd_date_8']] took [0.034 s]
2018-01-26 at 23:43:59 CET logDebug - [pool-1-thread-1] Waiting for [findElementDynamic(): By.cssSelector: select[id='dd_date_8']] took [0.015 s]
2018-01-26 at 23:43:59 CET logDebug - [pool-1-thread-1] Waiting for [findElementDynamic(): By.cssSelector: select[id='dd_date_8']] took [0.02 s]
2018-01-26 at 23:44:00 CET logDebug - [pool-1-thread-1] Waiting for [findElementDynamic(): By.cssSelector: select[id='dd_date_8']] took [0.017 s]
2018-01-26 at 23:44:00 CET logDebug - [pool-1-thread-1] Waiting for [findElementDynamic(): By.cssSelector: select[id='yy_date_8']] took [0.026 s]
2018-01-26 at 23:44:00 CET logDebug - [pool-1-thread-1] Waiting for [findElementDynamic(): By.cssSelector: select[id='yy_date_8']] took [0.014 s]
2018-01-26 at 23:44:00 CET logDebug - [pool-1-thread-1] Waiting for [findElementDynamic(): By.cssSelector: select[id='yy_date_8']] took [0.016 s]
2018-01-26 at 23:44:03 CET logDebug - [pool-1-thread-1] Waiting for [findElementDynamic(): By.cssSelector: select[id='yy_date_8']] took [0.024 s]
2018-01-26 at 23:44:03 CET logDebug - [pool-1-thread-1] Waiting for [findElementDynamic(): By.cssSelector: input[id='phone_9']] took [0.033 s]
2018-01-26 at 23:44:03 CET logDebug - [pool-1-thread-1] Waiting for [findElementDynamic(): By.cssSelector: input[id='phone_9']] took [0.015 s]
2018-01-26 at 23:44:04 CET logDebug - [pool-1-thread-1] Waiting for [findElementDynamic(): By.cssSelector: input[id='phone_9']] took [0.036 s]
2018-01-26 at 23:44:04 CET logDebug - [pool-1-thread-1] Waiting for [findElementDynamic(): By.cssSelector: input[id='username']] took [0.029 s]
2018-01-26 at 23:44:04 CET logDebug - [pool-1-thread-1] Waiting for [findElementDynamic(): By.cssSelector: input[id='username']] took [0.015 s]
2018-01-26 at 23:44:04 CET logDebug - [pool-1-thread-1] Waiting for [findElementDynamic(): By.cssSelector: input[id='username']] took [0.044 s]
Running com.capgemini.ntc.selenium.features.webElements.DropdownListTest
Tests run: 5, Failures: 0, Errors: 0, Skipped: 0, Time elapsed: 104.564 sec - in com.capgemini.ntc.selenium.features.webElements.DropdownListTest
2018-01-26 at 23:44:05 CET logDebug - [pool-1-thread-1] Waiting for [findElementDynamic(): By.cssSelector: input[id='email_1']] took [0.039 s]
2018-01-26 at 23:44:05 CET logDebug - [pool-1-thread-1] Waiting for [findElementDynamic(): By.cssSelector: input[id='email_1']] took [0.018 s]
2018-01-26 at 23:44:05 CET logDebug - [pool-1-thread-1] Waiting for [findElementDynamic(): By.cssSelector: input[id='email_1']] took [0.066 s]
2018-01-26 at 23:44:06 CET logDebug - [pool-1-thread-1] Waiting for [findElementDynamic(): By.cssSelector: textarea[ id='description' ]] took [0.105 s]
2018-01-26 at 23:44:06 CET logDebug - [pool-1-thread-1] Waiting for [findElementDynamic(): By.cssSelector: textarea[ id='description' ]] took [0.087 s]
2018-01-26 at 23:44:06 CET logDebug - [pool-1-thread-1] Waiting for [findElementDynamic(): By.cssSelector: textarea[ id='description' ]] took [0.16 s]
2018-01-26 at 23:44:07 CET logDebug - [pool-1-thread-1] Waiting for [findElementDynamic(): By.cssSelector: input[id='password_2']] took [0.03 s]
2018-01-26 at 23:44:07 CET logDebug - [pool-1-thread-1] Waiting for [findElementDynamic(): By.cssSelector: input[id='password_2']] took [0.017 s]
2018-01-26 at 23:44:07 CET logDebug - [pool-1-thread-1] Waiting for [findElementDynamic(): By.cssSelector: input[id='password_2']] took [0.1 s]
Running com.capgemini.ntc.selenium.projectX.registration.RegistryPageTest
2018-01-26 at 23:40:43 CET logInfo - [pool-1-thread-8] QCID_12342343_StayOnResistryPage(com.capgemini.ntc.selenium.projectX.registration.RegistryPageTest) STARTED.
2018-01-26 at 23:40:43 CET logInfo - [pool-1-thread-8] [Step 1] As a standard user I will open Registry Page,  So that my I can fill data
2018-01-26 at 23:40:43 CET logDebug - [pool-1-thread-8] Creating new browser=chrome WebDriver.
2018-01-26 at 23:40:46 CET logInfo - [pool-1-thread-8] Trying to set requested resolution: 1600x1200.
2018-01-26 at 23:40:47 CET logInfo - [pool-1-thread-8] Resolution readed from device: 1600x1100
2018-01-26 at 23:40:47 CET logInfo - [pool-1-thread-8] Trying to set increased resolution for 'View port': 1616x1200.
2018-01-26 at 23:40:48 CET logInfo - [pool-1-thread-8] Resolution readed from device: 1616x1100
2018-01-26 at 23:40:48 CET logDebug - [pool-1-thread-8] driver:NewChromeDriver: chrome on XP (68762bc3caecd296822a7260f3c32aec)
2018-01-26 at 23:40:48 CET logDebug - [pool-1-thread-8] To add observer: com.capgemini.ntc.selenium.pages.projectX.registration.RegistryPage@27399ed1
2018-01-26 at 23:40:48 CET logDebug - [pool-1-thread-8] BaseTestWatcher.observers: []
2018-01-26 at 23:40:48 CET logDebug - [pool-1-thread-8] TestClassRule.classObservers: []
2018-01-26 at 23:40:48 CET logDebug - [pool-1-thread-8] Added observer: com.capgemini.ntc.selenium.pages.projectX.registration.RegistryPage@27399ed1
2018-01-26 at 23:40:48 CET logDebug - [pool-1-thread-8] Waiting for [waitForPageLoaded] took [0.016 s]
2018-01-26 at 23:40:48 CET logDebug - [pool-1-thread-8] com.capgemini.ntc.selenium.pages.projectX.registration.RegistryPage: Current loaded page (http://demoqa.com/registration/) with pageTitle (). Page to load: (http://demoqa.com/registration/) ,for page title: (Registration | Demoqa)
2018-01-26 at 23:40:57 CET logDebug - [pool-1-thread-8] Waiting for [waitForPageLoaded] took [0.096 s]
2018-01-26 at 23:40:57 CET logInfo - [pool-1-thread-8] [Step 1] As a standard user I will open Registry Page,  So that my I can fill data
2018-01-26 at 23:40:57 CET logDebug - [pool-1-thread-8] To add observer: com.capgemini.ntc.selenium.pages.projectX.registration.RegistryPage@602eb939
2018-01-26 at 23:40:57 CET logDebug - [pool-1-thread-8] BaseTestWatcher.observers: [com.capgemini.ntc.selenium.pages.projectX.registration.RegistryPage@27399ed1]
2018-01-26 at 23:40:57 CET logDebug - [pool-1-thread-8] TestClassRule.classObservers: []
2018-01-26 at 23:40:58 CET logDebug - [pool-1-thread-8] Waiting for [waitForPageLoaded] took [0.078 s]
2018-01-26 at 23:40:58 CET logInfo - [pool-1-thread-8] [Step 2] As a standard user I click Submit button,  So that I will stay on Registry page
2018-01-26 at 23:40:58 CET logDebug - [pool-1-thread-8] Waiting for [findElementDynamic(): By.cssSelector: input[id='name_3_firstname']] took [0.034 s]
2018-01-26 at 23:40:58 CET logDebug - [pool-1-thread-8] Waiting for [findElementDynamic(): By.cssSelector: input[id='name_3_firstname']] took [0.021 s]
2018-01-26 at 23:40:58 CET logDebug - [pool-1-thread-8] Waiting for [waitForPageLoaded] took [0.024 s]
2018-01-26 at 23:40:58 CET logDebug - [pool-1-thread-8] Waiting for [findElementDynamic(): By.cssSelector: input[id='name_3_firstname']] took [0.038 s]
2018-01-26 at 23:40:58 CET logDebug - [pool-1-thread-8] Waiting for [waitForPageLoaded] took [0.021 s]
2018-01-26 at 23:40:58 CET logInfo - [pool-1-thread-8] QCID_12342343_StayOnResistryPage(com.capgemini.ntc.selenium.projectX.registration.RegistryPageTest) PASSED.
2018-01-26 at 23:40:58 CET logDebug - [pool-1-thread-8] BasePage.onTestSuccess    RegistryPage
2018-01-26 at 23:40:58 CET logInfo - [pool-1-thread-8] QCID_12342343_StayOnResistryPage(com.capgemini.ntc.selenium.projectX.registration.RegistryPageTest) duration: 0,26 min
2018-01-26 at 23:40:58 CET logDebug - [pool-1-thread-8] BasePage.onTestFinish   RegistryPage
2018-01-26 at 23:40:58 CET logDebug - [pool-1-thread-8] To remove observer: com.capgemini.ntc.selenium.pages.projectX.registration.RegistryPage@27399ed1
2018-01-26 at 23:40:58 CET logInfo - [pool-1-thread-8] EXAMPLE_FAIL_TEST(com.capgemini.ntc.selenium.projectX.registration.RegistryPageTest) STARTED.
2018-01-26 at 23:40:58 CET logInfo - [pool-1-thread-8] [Step 1] As a standard user I will open Registry Page,  So that my I can fill data
2018-01-26 at 23:40:58 CET logDebug - [pool-1-thread-8] To add observer: com.capgemini.ntc.selenium.pages.projectX.registration.RegistryPage@6aa96631
2018-01-26 at 23:40:58 CET logDebug - [pool-1-thread-8] BaseTestWatcher.observers: [com.capgemini.ntc.selenium.pages.projectX.registration.RegistryPage@27399ed1]
2018-01-26 at 23:40:58 CET logDebug - [pool-1-thread-8] TestClassRule.classObservers: []
2018-01-26 at 23:40:58 CET logDebug - [pool-1-thread-8] Waiting for [waitForPageLoaded] took [0.099 s]
2018-01-26 at 23:40:58 CET logInfo - [pool-1-thread-8] [Step 1] As a standard user I will open Registry Page,  So that my I can fill data
2018-01-26 at 23:40:58 CET logDebug - [pool-1-thread-8] To add observer: com.capgemini.ntc.selenium.pages.projectX.registration.RegistryPage@7e0946e8
2018-01-26 at 23:40:58 CET logDebug - [pool-1-thread-8] BaseTestWatcher.observers: [com.capgemini.ntc.selenium.pages.projectX.registration.RegistryPage@27399ed1]
2018-01-26 at 23:40:58 CET logDebug - [pool-1-thread-8] TestClassRule.classObservers: []
2018-01-26 at 23:40:58 CET logDebug - [pool-1-thread-8] Waiting for [waitForPageLoaded] took [0.037 s]
2018-01-26 at 23:40:58 CET logInfo - [pool-1-thread-8] [Step 2] As a standard user I click Submit button,  So that my data will be saved
2018-01-26 at 23:40:58 CET logDebug - [pool-1-thread-8] Waiting for [findElementDynamic(): By.cssSelector: input[id='name_3_firstname']] took [0.02 s]
2018-01-26 at 23:40:59 CET logDebug - [pool-1-thread-8] Waiting for [findElementDynamic(): By.cssSelector: input[id='name_3_firstname']] took [0.019 s]
2018-01-26 at 23:40:59 CET logDebug - [pool-1-thread-8] Waiting for [waitForPageLoaded] took [0.021 s]
2018-01-26 at 23:40:59 CET logDebug - [pool-1-thread-8] Waiting for [findElementDynamic(): By.cssSelector: input[id='name_3_firstname']] took [0.031 s]
2018-01-26 at 23:40:59 CET logDebug - [pool-1-thread-8] Waiting for [findElementDynamic(): By.cssSelector: input[id='name_3_firstname']] took [0.022 s]
2018-01-26 at 23:40:59 CET logInfo - [pool-1-thread-8] EXAMPLE_FAIL_TEST(com.capgemini.ntc.selenium.projectX.registration.RegistryPageTest) FAILED.
2018-01-26 at 23:40:59 CET logDebug - [pool-1-thread-8] BasePage.onTestFailure    RegistryPage
2018-01-26 at 23:41:00 CET logInfo - [pool-1-thread-8] EXAMPLE_FAIL_TEST(com.capgemini.ntc.selenium.projectX.registration.RegistryPageTest) duration: 0,03 min
2018-01-26 at 23:41:00 CET logDebug - [pool-1-thread-8] BasePage.onTestFinish   RegistryPage
2018-01-26 at 23:41:00 CET logDebug - [pool-1-thread-8] To remove observer: com.capgemini.ntc.selenium.pages.projectX.registration.RegistryPage@27399ed1
2018-01-26 at 23:41:00 CET logDebug - [pool-1-thread-8] BaseTest.tearDownClass()
2018-01-26 at 23:41:00 CET logDebug - [pool-1-thread-8] BaseTestWatcher.observers: [com.capgemini.ntc.selenium.pages.projectX.registration.RegistryPage@27399ed1]
2018-01-26 at 23:41:00 CET logDebug - [pool-1-thread-8] TestClassRule.classObservers: []
2018-01-26 at 23:41:00 CET logDebug - [pool-1-thread-8] BasePage.onTestClassFinish   RegistryPage
2018-01-26 at 23:41:00 CET logDebug - [pool-1-thread-8] driver:NewChromeDriver: chrome on XP (68762bc3caecd296822a7260f3c32aec)
2018-01-26 at 23:41:00 CET logDebug - [pool-1-thread-8] Closing WebDriver for this thread. chrome
2018-01-26 at 23:41:05 CET logDebug - [pool-1-thread-8] All observers cleared.
2018-01-26 at 23:41:43 CET logInfo - [pool-1-thread-8] Step 1: Open the Url http://the-internet.herokuapp.com/
2018-01-26 at 23:41:43 CET logDebug - [pool-1-thread-8] Creating new browser=chrome WebDriver.
2018-01-26 at 23:41:47 CET logInfo - [pool-1-thread-8] Trying to set requested resolution: 1600x1200.
2018-01-26 at 23:41:48 CET logInfo - [pool-1-thread-8] Resolution readed from device: 1600x1100
2018-01-26 at 23:41:48 CET logInfo - [pool-1-thread-8] Trying to set increased resolution for 'View port': 1616x1200.
2018-01-26 at 23:41:48 CET logInfo - [pool-1-thread-8] Resolution readed from device: 1616x1100
2018-01-26 at 23:41:48 CET logDebug - [pool-1-thread-8] driver:NewChromeDriver: chrome on XP (72d294ec1c68e79105ec3a7cef4845aa)
2018-01-26 at 23:41:48 CET logDebug - [pool-1-thread-8] To add observer: com.capgemini.ntc.selenium.pages.projectY.TheInternetPage@4d9b5ed3
2018-01-26 at 23:41:48 CET logDebug - [pool-1-thread-8] BaseTestWatcher.observers: []
2018-01-26 at 23:41:48 CET logDebug - [pool-1-thread-8] TestClassRule.classObservers: []
2018-01-26 at 23:41:48 CET logDebug - [pool-1-thread-8] Added observer: com.capgemini.ntc.selenium.pages.projectY.TheInternetPage@4d9b5ed3
2018-01-26 at 23:41:48 CET logDebug - [pool-1-thread-8] The internet page is loaded: data:,
2018-01-26 at 23:41:48 CET logDebug - [pool-1-thread-8] load page
2018-01-26 at 23:42:03 CET logDebug - [pool-1-thread-8] Waiting for [waitForPageLoaded] took [0.042 s]
2018-01-26 at 23:42:03 CET logInfo - [pool-1-thread-8] Step 2: Verify if Url http://the-internet.herokuapp.com/ opens
2018-01-26 at 23:42:03 CET logDebug - [pool-1-thread-8] The internet page is loaded: http://the-internet.herokuapp.com/
2018-01-26 at 23:42:03 CET logInfo - [pool-1-thread-8] Step 3: Click Checkboxes link
2018-01-26 at 23:42:03 CET logDebug - [pool-1-thread-8] Waiting for [findElementDynamic(): By.cssSelector: li > a[href*=checkboxes]] took [0.043 s]
2018-01-26 at 23:42:04 CET logDebug - [pool-1-thread-8] To add observer: com.capgemini.ntc.selenium.pages.projectY.CheckboxesPage@43d6d6ad
2018-01-26 at 23:42:04 CET logDebug - [pool-1-thread-8] BaseTestWatcher.observers: []
2018-01-26 at 23:42:04 CET logDebug - [pool-1-thread-8] TestClassRule.classObservers: [com.capgemini.ntc.selenium.pages.projectY.TheInternetPage@4d9b5ed3]
2018-01-26 at 23:42:04 CET logDebug - [pool-1-thread-8] The checkboxes page is loaded.
2018-01-26 at 23:42:04 CET logInfo - [pool-1-thread-8] Step 4: Verify if Checkboxes Page opens
2018-01-26 at 23:42:04 CET logDebug - [pool-1-thread-8] The checkboxes page is loaded.
2018-01-26 at 23:42:04 CET logInfo - [pool-1-thread-8] Step 5: Verify if checkboxes elements are visible
2018-01-26 at 23:42:04 CET logDebug - [pool-1-thread-8] Waiting for [findElementDynamic(): By.cssSelector: #checkboxes] took [0.223 s]
2018-01-26 at 23:42:04 CET logInfo - [pool-1-thread-8] thickCheckboxTest(com.capgemini.ntc.selenium.projectY.CheckboxesTest) STARTED.
2018-01-26 at 23:42:04 CET logInfo - [pool-1-thread-8] Step 6: Verify if first checkbox is not selected
2018-01-26 at 23:42:05 CET logDebug - [pool-1-thread-8] Waiting for [findElementDynamic(): By.cssSelector: #checkboxes] took [0.278 s]
2018-01-26 at 23:42:05 CET logDebug - [pool-1-thread-8] Waiting for [findElementDynamic(): By.cssSelector: #checkboxes] took [0.127 s]
2018-01-26 at 23:42:05 CET logInfo - [pool-1-thread-8] Step 7: Tick first checkbox
2018-01-26 at 23:42:05 CET logDebug - [pool-1-thread-8] Waiting for [findElementDynamic(): By.cssSelector: #checkboxes] took [0.18 s]
2018-01-26 at 23:42:05 CET logDebug - [pool-1-thread-8] Waiting for [findElementDynamic(): By.cssSelector: #checkboxes] took [0.08 s]
2018-01-26 at 23:42:06 CET logDebug - [pool-1-thread-8] Waiting for [findElementDynamic(): By.cssSelector: #checkboxes] took [0.191 s]
2018-01-26 at 23:42:07 CET logDebug - [pool-1-thread-8] Waiting for [findElementDynamic(): By.cssSelector: #checkboxes] took [0.078 s]
2018-01-26 at 23:42:07 CET logInfo - [pool-1-thread-8] Step 8: Verify if first checkbox is selected
2018-01-26 at 23:42:07 CET logDebug - [pool-1-thread-8] Waiting for [findElementDynamic(): By.cssSelector: #checkboxes] took [0.1 s]
2018-01-26 at 23:42:07 CET logDebug - [pool-1-thread-8] Waiting for [findElementDynamic(): By.cssSelector: #checkboxes] took [0.082 s]
2018-01-26 at 23:42:07 CET logInfo - [pool-1-thread-8] thickCheckboxTest(com.capgemini.ntc.selenium.projectY.CheckboxesTest) PASSED.
2018-01-26 at 23:42:07 CET logDebug - [pool-1-thread-8] BasePage.onTestSuccess    TheInternetPage
2018-01-26 at 23:42:07 CET logInfo - [pool-1-thread-8] thickCheckboxTest(com.capgemini.ntc.selenium.projectY.CheckboxesTest) duration: 0,05 min
2018-01-26 at 23:42:07 CET logInfo - [pool-1-thread-8] unthickCheckboxTest(com.capgemini.ntc.selenium.projectY.CheckboxesTest) STARTED.
2018-01-26 at 23:42:07 CET logInfo - [pool-1-thread-8] Step 9: Verify if second checkbox is selected
2018-01-26 at 23:42:08 CET logDebug - [pool-1-thread-8] Waiting for [findElementDynamic(): By.cssSelector: #checkboxes] took [0.274 s]
2018-01-26 at 23:42:08 CET logDebug - [pool-1-thread-8] Waiting for [findElementDynamic(): By.cssSelector: #checkboxes] took [0.124 s]
2018-01-26 at 23:42:08 CET logInfo - [pool-1-thread-8] Step 10: Tick second checkbox
2018-01-26 at 23:42:08 CET logDebug - [pool-1-thread-8] Waiting for [findElementDynamic(): By.cssSelector: #checkboxes] took [0.055 s]
2018-01-26 at 23:42:08 CET logDebug - [pool-1-thread-8] Waiting for [findElementDynamic(): By.cssSelector: #checkboxes] took [0.075 s]
2018-01-26 at 23:42:08 CET logDebug - [pool-1-thread-8] Waiting for [findElementDynamic(): By.cssSelector: #checkboxes] took [0.02 s]
2018-01-26 at 23:42:08 CET logDebug - [pool-1-thread-8] Waiting for [findElementDynamic(): By.cssSelector: #checkboxes] took [0.023 s]
2018-01-26 at 23:42:08 CET logInfo - [pool-1-thread-8] Step 11: Verify if second checkbox is not selected
2018-01-26 at 23:42:08 CET logDebug - [pool-1-thread-8] Waiting for [findElementDynamic(): By.cssSelector: #checkboxes] took [0.02 s]
2018-01-26 at 23:42:08 CET logDebug - [pool-1-thread-8] Waiting for [findElementDynamic(): By.cssSelector: #checkboxes] took [0.031 s]
2018-01-26 at 23:42:09 CET logInfo - [pool-1-thread-8] unthickCheckboxTest(com.capgemini.ntc.selenium.projectY.CheckboxesTest) PASSED.
2018-01-26 at 23:42:09 CET logDebug - [pool-1-thread-8] BasePage.onTestSuccess    TheInternetPage
2018-01-26 at 23:42:09 CET logInfo - [pool-1-thread-8] unthickCheckboxTest(com.capgemini.ntc.selenium.projectY.CheckboxesTest) duration: 0,02 min
2018-01-26 at 23:42:09 CET logDebug - [pool-1-thread-8] BaseTest.tearDownClass()
2018-01-26 at 23:42:09 CET logDebug - [pool-1-thread-8] BaseTestWatcher.observers: []
2018-01-26 at 23:42:09 CET logDebug - [pool-1-thread-8] TestClassRule.classObservers: [com.capgemini.ntc.selenium.pages.projectY.TheInternetPage@4d9b5ed3]
2018-01-26 at 23:42:09 CET logDebug - [pool-1-thread-8] BasePage.onTestClassFinish   TheInternetPage
2018-01-26 at 23:42:09 CET logDebug - [pool-1-thread-8] driver:NewChromeDriver: chrome on XP (72d294ec1c68e79105ec3a7cef4845aa)
2018-01-26 at 23:42:09 CET logDebug - [pool-1-thread-8] Closing WebDriver for this thread. chrome
2018-01-26 at 23:42:11 CET logDebug - [pool-1-thread-8] All observers cleared.
2018-01-26 at 23:42:11 CET logInfo - [pool-1-thread-8] testNumberOfCheckBoxes(com.capgemini.ntc.selenium.features.webElements.CheckBoxTest) STARTED.
2018-01-26 at 23:42:11 CET logDebug - [pool-1-thread-8] Creating new browser=chrome WebDriver.
2018-01-26 at 23:42:16 CET logInfo - [pool-1-thread-8] Trying to set requested resolution: 1600x1200.
2018-01-26 at 23:42:18 CET logInfo - [pool-1-thread-8] Resolution readed from device: 1600x1100
2018-01-26 at 23:42:18 CET logInfo - [pool-1-thread-8] Trying to set increased resolution for 'View port': 1616x1200.
2018-01-26 at 23:42:18 CET logInfo - [pool-1-thread-8] Resolution readed from device: 1616x1100
2018-01-26 at 23:42:18 CET logDebug - [pool-1-thread-8] driver:NewChromeDriver: chrome on XP (55694802ef12ab4ca52803173e33b078)
2018-01-26 at 23:42:28 CET logDebug - [pool-1-thread-8] Waiting for [findElementDynamic(): By.cssSelector: li.fields.pageFields_1:nth-child(3) div.radio_wrap] took [0.154 s]
2018-01-26 at 23:42:28 CET logDebug - [pool-1-thread-8] Waiting for [findElementDynamic(): By.cssSelector: li.fields.pageFields_1:nth-child(3) div.radio_wrap] took [0.049 s]
2018-01-26 at 23:42:28 CET logInfo - [pool-1-thread-8] testNumberOfCheckBoxes(com.capgemini.ntc.selenium.features.webElements.CheckBoxTest) PASSED.
2018-01-26 at 23:42:28 CET logInfo - [pool-1-thread-8] testNumberOfCheckBoxes(com.capgemini.ntc.selenium.features.webElements.CheckBoxTest) duration: 0,28 min
2018-01-26 at 23:42:28 CET logInfo - [pool-1-thread-8] testCheckBoxByIndex(com.capgemini.ntc.selenium.features.webElements.CheckBoxTest) STARTED.
2018-01-26 at 23:42:30 CET logDebug - [pool-1-thread-8] Waiting for [findElementDynamic(): By.cssSelector: li.fields.pageFields_1:nth-child(3) div.radio_wrap] took [0.107 s]
2018-01-26 at 23:42:30 CET logDebug - [pool-1-thread-8] Waiting for [findElementDynamic(): By.cssSelector: li.fields.pageFields_1:nth-child(3) div.radio_wrap] took [0.077 s]
2018-01-26 at 23:42:31 CET logDebug - [pool-1-thread-8] Waiting for [findElementDynamic(): By.cssSelector: li.fields.pageFields_1:nth-child(3) div.radio_wrap] took [0.103 s]
2018-01-26 at 23:42:31 CET logDebug - [pool-1-thread-8] Waiting for [findElementDynamic(): By.cssSelector: li.fields.pageFields_1:nth-child(3) div.radio_wrap] took [0.025 s]
2018-01-26 at 23:42:31 CET logDebug - [pool-1-thread-8] Waiting for [findElementDynamic(): By.cssSelector: li.fields.pageFields_1:nth-child(3) div.radio_wrap] took [0.014 s]
2018-01-26 at 23:42:31 CET logDebug - [pool-1-thread-8] Waiting for [findElementDynamic(): By.cssSelector: li.fields.pageFields_1:nth-child(3) div.radio_wrap] took [0.014 s]
2018-01-26 at 23:42:31 CET logDebug - [pool-1-thread-8] Waiting for [findElementDynamic(): By.cssSelector: li.fields.pageFields_1:nth-child(3) div.radio_wrap] took [0.015 s]
2018-01-26 at 23:42:31 CET logDebug - [pool-1-thread-8] Waiting for [findElementDynamic(): By.cssSelector: li.fields.pageFields_1:nth-child(3) div.radio_wrap] took [0.019 s]
2018-01-26 at 23:42:31 CET logDebug - [pool-1-thread-8] Waiting for [findElementDynamic(): By.cssSelector: li.fields.pageFields_1:nth-child(3) div.radio_wrap] took [0.02 s]
2018-01-26 at 23:42:31 CET logInfo - [pool-1-thread-8] testCheckBoxByIndex(com.capgemini.ntc.selenium.features.webElements.CheckBoxTest) PASSED.
2018-01-26 at 23:42:31 CET logInfo - [pool-1-thread-8] testCheckBoxByIndex(com.capgemini.ntc.selenium.features.webElements.CheckBoxTest) duration: 0,05 min
2018-01-26 at 23:42:31 CET logInfo - [pool-1-thread-8] testCheckBoxByText(com.capgemini.ntc.selenium.features.webElements.CheckBoxTest) STARTED.
2018-01-26 at 23:42:33 CET logDebug - [pool-1-thread-8] Waiting for [findElementDynamic(): By.cssSelector: li.fields.pageFields_1:nth-child(3) div.radio_wrap] took [0.135 s]
2018-01-26 at 23:42:34 CET logDebug - [pool-1-thread-8] Waiting for [findElementDynamic(): By.cssSelector: li.fields.pageFields_1:nth-child(3) div.radio_wrap] took [0.122 s]
2018-01-26 at 23:42:34 CET logDebug - [pool-1-thread-8] Waiting for [findElementDynamic(): By.cssSelector: li.fields.pageFields_1:nth-child(3) div.radio_wrap] took [0.1 s]
2018-01-26 at 23:42:34 CET logDebug - [pool-1-thread-8] Waiting for [findElementDynamic(): By.cssSelector: li.fields.pageFields_1:nth-child(3) div.radio_wrap] took [0.118 s]
2018-01-26 at 23:42:35 CET logDebug - [pool-1-thread-8] Waiting for [findElementDynamic(): By.cssSelector: li.fields.pageFields_1:nth-child(3) div.radio_wrap] took [0.018 s]
2018-01-26 at 23:42:35 CET logDebug - [pool-1-thread-8] Waiting for [findElementDynamic(): By.cssSelector: li.fields.pageFields_1:nth-child(3) div.radio_wrap] took [0.022 s]
2018-01-26 at 23:42:35 CET logDebug - [pool-1-thread-8] Waiting for [findElementDynamic(): By.cssSelector: li.fields.pageFields_1:nth-child(3) div.radio_wrap] took [0.015 s]
2018-01-26 at 23:42:35 CET logDebug - [pool-1-thread-8] Waiting for [findElementDynamic(): By.cssSelector: li.fields.pageFields_1:nth-child(3) div.radio_wrap] took [0.013 s]
2018-01-26 at 23:42:35 CET logDebug - [pool-1-thread-8] Waiting for [findElementDynamic(): By.cssSelector: li.fields.pageFields_1:nth-child(3) div.radio_wrap] took [0.016 s]
2018-01-26 at 23:42:35 CET logDebug - [pool-1-thread-8] Waiting for [findElementDynamic(): By.cssSelector: li.fields.pageFields_1:nth-child(3) div.radio_wrap] took [0.015 s]
2018-01-26 at 23:42:36 CET logDebug - [pool-1-thread-8] Waiting for [findElementDynamic(): By.cssSelector: li.fields.pageFields_1:nth-child(3) div.radio_wrap] took [0.136 s]
2018-01-26 at 23:42:36 CET logDebug - [pool-1-thread-8] Waiting for [findElementDynamic(): By.cssSelector: li.fields.pageFields_1:nth-child(3) div.radio_wrap] took [0.031 s]
2018-01-26 at 23:42:36 CET logDebug - [pool-1-thread-8] Waiting for [findElementDynamic(): By.cssSelector: li.fields.pageFields_1:nth-child(3) div.radio_wrap] took [0.033 s]
2018-01-26 at 23:42:36 CET logInfo - [pool-1-thread-8] testCheckBoxByText(com.capgemini.ntc.selenium.features.webElements.CheckBoxTest) PASSED.
2018-01-26 at 23:42:36 CET logInfo - [pool-1-thread-8] testCheckBoxByText(com.capgemini.ntc.selenium.features.webElements.CheckBoxTest) duration: 0,08 min
2018-01-26 at 23:42:36 CET logInfo - [pool-1-thread-8] testCheckBoxByValue(com.capgemini.ntc.selenium.features.webElements.CheckBoxTest) STARTED.
2018-01-26 at 23:42:39 CET logDebug - [pool-1-thread-8] Waiting for [findElementDynamic(): By.cssSelector: li.fields.pageFields_1:nth-child(3) div.radio_wrap] took [0.157 s]
2018-01-26 at 23:42:39 CET logDebug - [pool-1-thread-8] Waiting for [findElementDynamic(): By.cssSelector: li.fields.pageFields_1:nth-child(3) div.radio_wrap] took [0.135 s]
2018-01-26 at 23:42:39 CET logDebug - [pool-1-thread-8] Waiting for [findElementDynamic(): By.cssSelector: li.fields.pageFields_1:nth-child(3) div.radio_wrap] took [0.024 s]
2018-01-26 at 23:42:39 CET logDebug - [pool-1-thread-8] Waiting for [findElementDynamic(): By.cssSelector: li.fields.pageFields_1:nth-child(3) div.radio_wrap] took [0.017 s]
2018-01-26 at 23:42:39 CET logDebug - [pool-1-thread-8] Waiting for [findElementDynamic(): By.cssSelector: li.fields.pageFields_1:nth-child(3) div.radio_wrap] took [0.015 s]
2018-01-26 at 23:42:40 CET logDebug - [pool-1-thread-8] Waiting for [findElementDynamic(): By.cssSelector: li.fields.pageFields_1:nth-child(3) div.radio_wrap] took [0.03 s]
2018-01-26 at 23:42:40 CET logDebug - [pool-1-thread-8] Waiting for [findElementDynamic(): By.cssSelector: li.fields.pageFields_1:nth-child(3) div.radio_wrap] took [0.095 s]
2018-01-26 at 23:42:40 CET logInfo - [pool-1-thread-8] testCheckBoxByValue(com.capgemini.ntc.selenium.features.webElements.CheckBoxTest) PASSED.
2018-01-26 at 23:42:40 CET logInfo - [pool-1-thread-8] testCheckBoxByValue(com.capgemini.ntc.selenium.features.webElements.CheckBoxTest) duration: 0,06 min
2018-01-26 at 23:42:40 CET logInfo - [pool-1-thread-8] testCheckBoxAllValues(com.capgemini.ntc.selenium.features.webElements.CheckBoxTest) STARTED.
2018-01-26 at 23:42:45 CET logDebug - [pool-1-thread-8] Waiting for [findElementDynamic(): By.cssSelector: li.fields.pageFields_1:nth-child(3) div.radio_wrap] took [0.605 s]
2018-01-26 at 23:42:45 CET logDebug - [pool-1-thread-8] Waiting for [findElementDynamic(): By.cssSelector: li.fields.pageFields_1:nth-child(3) div.radio_wrap] took [0.076 s]
2018-01-26 at 23:42:47 CET logDebug - [pool-1-thread-8] Waiting for [findElementDynamic(): By.cssSelector: li.fields.pageFields_1:nth-child(3) div.radio_wrap] took [0.059 s]
2018-01-26 at 23:42:47 CET logDebug - [pool-1-thread-8] Waiting for [findElementDynamic(): By.cssSelector: li.fields.pageFields_1:nth-child(3) div.radio_wrap] took [0.041 s]
2018-01-26 at 23:42:48 CET logDebug - [pool-1-thread-8] Waiting for [findElementDynamic(): By.cssSelector: li.fields.pageFields_1:nth-child(3) div.radio_wrap] took [0.014 s]
2018-01-26 at 23:42:48 CET logDebug - [pool-1-thread-8] Waiting for [findElementDynamic(): By.cssSelector: li.fields.pageFields_1:nth-child(3) div.radio_wrap] took [0.05 s]
2018-01-26 at 23:42:49 CET logDebug - [pool-1-thread-8] Waiting for [findElementDynamic(): By.cssSelector: li.fields.pageFields_1:nth-child(3) div.radio_wrap] took [0.115 s]
2018-01-26 at 23:42:49 CET logInfo - [pool-1-thread-8] testCheckBoxAllValues(com.capgemini.ntc.selenium.features.webElements.CheckBoxTest) PASSED.
2018-01-26 at 23:42:49 CET logInfo - [pool-1-thread-8] testCheckBoxAllValues(com.capgemini.ntc.selenium.features.webElements.CheckBoxTest) duration: 0,15 min
2018-01-26 at 23:42:49 CET logDebug - [pool-1-thread-8] BaseTest.tearDownClass()
2018-01-26 at 23:42:49 CET logDebug - [pool-1-thread-8] BaseTestWatcher.observers: []
2018-01-26 at 23:42:49 CET logDebug - [pool-1-thread-8] TestClassRule.classObservers: []
2018-01-26 at 23:42:49 CET logDebug - [pool-1-thread-8] All observers cleared.
2018-01-26 at 23:42:49 CET logInfo - [pool-1-thread-8] test(com.capgemini.ntc.selenium.projectX.navigationbar.NavigationBarTest) STARTED.
2018-01-26 at 23:42:49 CET logInfo - [pool-1-thread-8] [Step 1] Open main page
2018-01-26 at 23:42:49 CET logDebug - [pool-1-thread-8] To add observer: com.capgemini.ntc.selenium.pages.projectX.MainPage@276feaf1
2018-01-26 at 23:42:49 CET logDebug - [pool-1-thread-8] BaseTestWatcher.observers: []
2018-01-26 at 23:42:49 CET logDebug - [pool-1-thread-8] TestClassRule.classObservers: []
2018-01-26 at 23:42:49 CET logDebug - [pool-1-thread-8] Added observer: com.capgemini.ntc.selenium.pages.projectX.MainPage@276feaf1
2018-01-26 at 23:42:49 CET logDebug - [pool-1-thread-8] Waiting for [waitForPageLoaded] took [0.16 s]
2018-01-26 at 23:42:49 CET logDebug - [pool-1-thread-8] com.capgemini.ntc.selenium.pages.projectX.MainPage: Current loaded page (http://demoqa.com/) with pageTitle (Registration | Demoqa). Page to load: (http://demoqa.com/) ,for page title: (Demoqa | Just another WordPress site)
2018-01-26 at 23:42:51 CET logInfo - [pool-1-thread-8] [Step 2] Click navigation bar - Home
2018-01-26 at 23:42:51 CET logDebug - [pool-1-thread-8] To add observer: com.capgemini.ntc.selenium.pages.projectX.navigationbar.NavigationBar@4b38a939
2018-01-26 at 23:42:51 CET logDebug - [pool-1-thread-8] BaseTestWatcher.observers: [com.capgemini.ntc.selenium.pages.projectX.MainPage@276feaf1]
2018-01-26 at 23:42:51 CET logDebug - [pool-1-thread-8] TestClassRule.classObservers: []
2018-01-26 at 23:42:52 CET logDebug - [pool-1-thread-8] Waiting for [waitForPageLoaded] took [0.37 s]
2018-01-26 at 23:42:52 CET logDebug - [pool-1-thread-8] Waiting for [findElementDynamic(): By.cssSelector: li[id='menu-item-38']] took [0.06 s]
2018-01-26 at 23:42:52 CET logDebug - [pool-1-thread-8] Waiting for [findElementDynamic(): By.cssSelector: li[id='menu-item-38']] took [0.051 s]
2018-01-26 at 23:42:52 CET logDebug - [pool-1-thread-8] Waiting for [waitForPageLoaded] took [0.048 s]
2018-01-26 at 23:42:52 CET logDebug - [pool-1-thread-8] Waiting for [findElementDynamic(): By.cssSelector: li[id='menu-item-38']] took [0.044 s]
2018-01-26 at 23:42:53 CET logInfo - [pool-1-thread-8] Clicking on Navigation bar link - Home
2018-01-26 at 23:42:53 CET logDebug - [pool-1-thread-8] Waiting for [waitForPageLoaded] took [0.29 s]
2018-01-26 at 23:42:53 CET logInfo - [pool-1-thread-8] [Step 3] Verify if main page is opened
2018-01-26 at 23:42:53 CET logDebug - [pool-1-thread-8] To add observer: com.capgemini.ntc.selenium.pages.projectX.navigationbar.home.NavBarHome@16c1e1f4
2018-01-26 at 23:42:53 CET logDebug - [pool-1-thread-8] BaseTestWatcher.observers: [com.capgemini.ntc.selenium.pages.projectX.MainPage@276feaf1]
2018-01-26 at 23:42:53 CET logDebug - [pool-1-thread-8] TestClassRule.classObservers: []
2018-01-26 at 23:42:53 CET logDebug - [pool-1-thread-8] Waiting for [waitForPageLoaded] took [0.022 s]
2018-01-26 at 23:42:53 CET logDebug - [pool-1-thread-8] Waiting for [waitForPageLoaded] took [0.09 s]
2018-01-26 at 23:42:54 CET logInfo - [pool-1-thread-8] test(com.capgemini.ntc.selenium.projectX.navigationbar.NavigationBarTest) PASSED.
2018-01-26 at 23:42:54 CET logDebug - [pool-1-thread-8] BasePage.onTestSuccess    MainPage
2018-01-26 at 23:42:54 CET logInfo - [pool-1-thread-8] test(com.capgemini.ntc.selenium.projectX.navigationbar.NavigationBarTest) duration: 0,08 min
2018-01-26 at 23:42:54 CET logDebug - [pool-1-thread-8] BasePage.onTestFinish   MainPage
2018-01-26 at 23:42:54 CET logDebug - [pool-1-thread-8] To remove observer: com.capgemini.ntc.selenium.pages.projectX.MainPage@276feaf1
2018-01-26 at 23:42:54 CET logDebug - [pool-1-thread-8] BaseTest.tearDownClass()
2018-01-26 at 23:42:54 CET logDebug - [pool-1-thread-8] BaseTestWatcher.observers: [com.capgemini.ntc.selenium.pages.projectX.MainPage@276feaf1]
2018-01-26 at 23:42:54 CET logDebug - [pool-1-thread-8] TestClassRule.classObservers: []
2018-01-26 at 23:42:54 CET logDebug - [pool-1-thread-8] BasePage.onTestClassFinish   MainPage
2018-01-26 at 23:42:54 CET logDebug - [pool-1-thread-8] driver:NewChromeDriver: chrome on XP (55694802ef12ab4ca52803173e33b078)
2018-01-26 at 23:42:54 CET logDebug - [pool-1-thread-8] Closing WebDriver for this thread. chrome
2018-01-26 at 23:43:15 CET logDebug - [pool-1-thread-8] All observers cleared.
2018-01-26 at 23:43:15 CET logInfo - [pool-1-thread-8] Step1 - open Chrome browser
2018-01-26 at 23:43:15 CET logInfo - [pool-1-thread-8] Step2 - load http://the-internet.herokuapp.com/ page
2018-01-26 at 23:43:15 CET logDebug - [pool-1-thread-8] Creating new browser=chrome WebDriver.
2018-01-26 at 23:43:29 CET logInfo - [pool-1-thread-8] Trying to set requested resolution: 1600x1200.
2018-01-26 at 23:43:31 CET logInfo - [pool-1-thread-8] Resolution readed from device: 1600x1100
2018-01-26 at 23:43:31 CET logInfo - [pool-1-thread-8] Trying to set increased resolution for 'View port': 1616x1200.
2018-01-26 at 23:43:31 CET logInfo - [pool-1-thread-8] Resolution readed from device: 1616x1100
2018-01-26 at 23:43:31 CET logDebug - [pool-1-thread-8] driver:NewChromeDriver: chrome on XP (8fd21429cef4bab6c5c9eb64b0502606)
2018-01-26 at 23:43:31 CET logDebug - [pool-1-thread-8] To add observer: com.capgemini.ntc.selenium.pages.projectY.TheInternetPage@7525904b
2018-01-26 at 23:43:31 CET logDebug - [pool-1-thread-8] BaseTestWatcher.observers: []
2018-01-26 at 23:43:31 CET logDebug - [pool-1-thread-8] TestClassRule.classObservers: []
2018-01-26 at 23:43:31 CET logDebug - [pool-1-thread-8] Added observer: com.capgemini.ntc.selenium.pages.projectY.TheInternetPage@7525904b
2018-01-26 at 23:43:31 CET logDebug - [pool-1-thread-8] The internet page is loaded: data:,
2018-01-26 at 23:43:31 CET logDebug - [pool-1-thread-8] load page
2018-01-26 at 23:43:42 CET logDebug - [pool-1-thread-8] Waiting for [waitForPageLoaded] took [0.175 s]
2018-01-26 at 23:43:42 CET logDebug - [pool-1-thread-8] The internet page is loaded: http://the-internet.herokuapp.com/
2018-01-26 at 23:43:42 CET logInfo - [pool-1-thread-8] shouldOpenABtestWhenClickABtestingLink(com.capgemini.ntc.selenium.projectY.ABtestingTest) STARTED.
2018-01-26 at 23:43:42 CET logInfo - [pool-1-thread-8] Step3 - click ABtesting link
2018-01-26 at 23:43:42 CET logDebug - [pool-1-thread-8] Waiting for [findElementDynamic(): By.cssSelector: li > a[href*=abtest]] took [0.044 s]
2018-01-26 at 23:43:43 CET logDebug - [pool-1-thread-8] To add observer: com.capgemini.ntc.selenium.pages.projectY.ABtestPage@564cdd0c
2018-01-26 at 23:43:43 CET logDebug - [pool-1-thread-8] BaseTestWatcher.observers: []
2018-01-26 at 23:43:43 CET logDebug - [pool-1-thread-8] TestClassRule.classObservers: [com.capgemini.ntc.selenium.pages.projectY.TheInternetPage@7525904b]
2018-01-26 at 23:43:43 CET logInfo - [pool-1-thread-8] shouldOpenABtestWhenClickABtestingLink(com.capgemini.ntc.selenium.projectY.ABtestingTest) PASSED.
2018-01-26 at 23:43:43 CET logDebug - [pool-1-thread-8] BasePage.onTestSuccess    TheInternetPage
2018-01-26 at 23:43:43 CET logInfo - [pool-1-thread-8] shouldOpenABtestWhenClickABtestingLink(com.capgemini.ntc.selenium.projectY.ABtestingTest) duration: 0,02 min
2018-01-26 at 23:43:44 CET logDebug - [pool-1-thread-8] Waiting for [waitForPageLoaded] took [0.134 s]
2018-01-26 at 23:43:44 CET logInfo - [pool-1-thread-8] shouldOpenElementalSeleniumPageWhenClickElementalSeleniumLink(com.capgemini.ntc.selenium.projectY.ABtestingTest) STARTED.
2018-01-26 at 23:43:44 CET logInfo - [pool-1-thread-8] Step3 - click ABtesting link
2018-01-26 at 23:43:44 CET logDebug - [pool-1-thread-8] Waiting for [findElementDynamic(): By.cssSelector: li > a[href*=abtest]] took [0.055 s]
2018-01-26 at 23:43:44 CET logDebug - [pool-1-thread-8] To add observer: com.capgemini.ntc.selenium.pages.projectY.ABtestPage@d9b323b
2018-01-26 at 23:43:44 CET logDebug - [pool-1-thread-8] BaseTestWatcher.observers: []
2018-01-26 at 23:43:44 CET logDebug - [pool-1-thread-8] TestClassRule.classObservers: [com.capgemini.ntc.selenium.pages.projectY.TheInternetPage@7525904b]
2018-01-26 at 23:43:44 CET logInfo - [pool-1-thread-8] Step4 - click Elemental Selenium link
2018-01-26 at 23:43:44 CET logDebug - [pool-1-thread-8] Waiting for [findElementDynamic(): By.cssSelector: div > div > a] took [0.053 s]
2018-01-26 at 23:43:45 CET logDebug - [pool-1-thread-8] Waiting for [waitForPageLoaded] took [0.051 s]
2018-01-26 at 23:43:45 CET logDebug - [pool-1-thread-8] To add observer: com.capgemini.ntc.selenium.pages.projectY.ElementalSeleniumPage@7344dfb1
2018-01-26 at 23:43:45 CET logDebug - [pool-1-thread-8] BaseTestWatcher.observers: []
2018-01-26 at 23:43:45 CET logDebug - [pool-1-thread-8] TestClassRule.classObservers: [com.capgemini.ntc.selenium.pages.projectY.TheInternetPage@7525904b]
2018-01-26 at 23:43:45 CET logDebug - [pool-1-thread-8] load()
2018-01-26 at 23:43:45 CET logInfo - [pool-1-thread-8] Step5 - switch tab in browser to new opened Elemental Selenium link
2018-01-26 at 23:43:48 CET logInfo - [pool-1-thread-8] shouldOpenElementalSeleniumPageWhenClickElementalSeleniumLink(com.capgemini.ntc.selenium.projectY.ABtestingTest) PASSED.
2018-01-26 at 23:43:48 CET logDebug - [pool-1-thread-8] BasePage.onTestSuccess    TheInternetPage
2018-01-26 at 23:43:48 CET logInfo - [pool-1-thread-8] shouldOpenElementalSeleniumPageWhenClickElementalSeleniumLink(com.capgemini.ntc.selenium.projectY.ABtestingTest) duration: 0,08 min
2018-01-26 at 23:43:49 CET logDebug - [pool-1-thread-8] Waiting for [waitForPageLoaded] took [1.054 s]
2018-01-26 at 23:43:49 CET logDebug - [pool-1-thread-8] BaseTest.tearDownClass()
2018-01-26 at 23:43:49 CET logDebug - [pool-1-thread-8] BaseTestWatcher.observers: []
2018-01-26 at 23:43:49 CET logDebug - [pool-1-thread-8] TestClassRule.classObservers: [com.capgemini.ntc.selenium.pages.projectY.TheInternetPage@7525904b]
2018-01-26 at 23:43:49 CET logDebug - [pool-1-thread-8] BasePage.onTestClassFinish   TheInternetPage
2018-01-26 at 23:43:49 CET logDebug - [pool-1-thread-8] driver:NewChromeDriver: chrome on XP (8fd21429cef4bab6c5c9eb64b0502606)
2018-01-26 at 23:43:49 CET logDebug - [pool-1-thread-8] Closing WebDriver for this thread. chrome
2018-01-26 at 23:43:56 CET logDebug - [pool-1-thread-8] All observers cleared.
Tests run: 4, Failures: 2, Errors: 0, Skipped: 0, Time elapsed: 145.156 sec <<< FAILURE! - in com.capgemini.ntc.selenium.projectX.registration.RegistryPageTest
EXAMPLE_FAIL_TEST(com.capgemini.ntc.selenium.projectX.registration.RegistryPageTest)  Time elapsed: 1.595 sec  <<< FAILURE!
java.lang.AssertionError: 
Submit display button was not visible
Expected: is <true>
     but: was <false>
	at com.capgemini.ntc.selenium.projectX.registration.RegistryPageTest.EXAMPLE_FAIL_TEST(RegistryPageTest.java:53)

EXAMPLE_FAIL_TEST(com.capgemini.ntc.selenium.projectX.registration.RegistryPageTest)  Time elapsed: 1.19 sec  <<< FAILURE!
java.lang.AssertionError: 
Submit display button was not visible
Expected: is <true>
     but: was <false>
	at com.capgemini.ntc.selenium.projectX.registration.RegistryPageTest.EXAMPLE_FAIL_TEST(RegistryPageTest.java:53)

2018-01-26 at 23:44:09 CET logDebug - [pool-1-thread-1] Waiting for [findElementDynamic(): By.cssSelector: input[id='confirm_password_password_2']] took [0.065 s]
2018-01-26 at 23:44:09 CET logDebug - [pool-1-thread-1] Waiting for [findElementDynamic(): By.cssSelector: input[id='confirm_password_password_2']] took [0.026 s]
2018-01-26 at 23:44:09 CET logDebug - [pool-1-thread-1] Waiting for [findElementDynamic(): By.cssSelector: input[id='confirm_password_password_2']] took [0.028 s]
2018-01-26 at 23:44:10 CET logDebug - [pool-1-thread-1] Waiting for [findElementDynamic(): By.cssSelector: input[name='pie_submit']] took [0.047 s]
2018-01-26 at 23:44:10 CET logDebug - [pool-1-thread-1] Waiting for [findElementDynamic(): By.cssSelector: input[name='pie_submit']] took [0.034 s]
2018-01-26 at 23:44:10 CET logDebug - [pool-1-thread-1] Waiting for [waitForPageLoaded] took [0.031 s]
2018-01-26 at 23:44:10 CET logDebug - [pool-1-thread-1] Waiting for [findElementDynamic(): By.cssSelector: input[name='pie_submit']] took [0.029 s]
sty 26, 2018 11:44:11 PM org.openqa.selenium.os.OsProcess destroy
SEVERE: Unable to kill process java.lang.ProcessImpl@4983d641
sty 26, 2018 11:44:11 PM org.openqa.selenium.os.OsProcess destroy
SEVERE: Unable to kill process java.lang.ProcessImpl@10f568f9
2018-01-26 at 23:44:14 CET logDebug - [pool-1-thread-1] Waiting for [waitForElementVisible(): By.cssSelector: p[class='piereg_login_error']] took [0.282 s]
2018-01-26 at 23:44:14 CET logDebug - [pool-1-thread-1] Waiting for [waitForElementVisible(): By.cssSelector: p[class='piereg_login_error']] took [0.027 s]
2018-01-26 at 23:44:14 CET logDebug - [pool-1-thread-1] Error: Username already exists
2018-01-26 at 23:44:14 CET logDebug - [pool-1-thread-1] Waiting for [findElementDynamic(): By.cssSelector: p[class='piereg_login_error']] took [0.012 s]
2018-01-26 at 23:44:14 CET logDebug - [pool-1-thread-1] Waiting for [findElementDynamic(): By.cssSelector: p[class='piereg_login_error']] took [0.013 s]
2018-01-26 at 23:44:14 CET logInfo - [pool-1-thread-1] registrationTest(com.capgemini.ntc.selenium.projectX.registration.RegisterOKTestDDExternalDataTest) PASSED.
2018-01-26 at 23:44:14 CET logDebug - [pool-1-thread-1] BasePage.onTestSuccess    RegistrationPage
2018-01-26 at 23:44:14 CET logInfo - [pool-1-thread-1] registrationTest(com.capgemini.ntc.selenium.projectX.registration.RegisterOKTestDDExternalDataTest) duration: 0,50 min
2018-01-26 at 23:44:15 CET logDebug - [pool-1-thread-1] BasePage.onTestFinish   RegistrationPage
2018-01-26 at 23:44:15 CET logDebug - [pool-1-thread-1] To remove observer: com.capgemini.ntc.selenium.pages.projectX.registration.RegistrationPage@52a57b30
2018-01-26 at 23:44:15 CET logDebug - [pool-1-thread-1] BaseTest.tearDownClass()
2018-01-26 at 23:44:15 CET logDebug - [pool-1-thread-1] BaseTestWatcher.observers: [com.capgemini.ntc.selenium.pages.projectX.registration.RegistrationPage@52a57b30]
2018-01-26 at 23:44:15 CET logDebug - [pool-1-thread-1] TestClassRule.classObservers: []
2018-01-26 at 23:44:15 CET logDebug - [pool-1-thread-1] BasePage.onTestClassFinish   RegistrationPage
2018-01-26 at 23:44:15 CET logDebug - [pool-1-thread-1] driver:NewChromeDriver: chrome on XP (b3d48f5edb5540fd052e37f9c4b23f26)
2018-01-26 at 23:44:15 CET logDebug - [pool-1-thread-1] Closing WebDriver for this thread. chrome
2018-01-26 at 23:44:15 CET logDebug - [pool-1-thread-1] All observers cleared.

Results :

Failed tests: 
com.capgemini.ntc.selenium.projectX.registration.RegistryPageTest.EXAMPLE_FAIL_TEST(com.capgemini.ntc.selenium.projectX.registration.RegistryPageTest)
  Run 1: RegistryPageTest.EXAMPLE_FAIL_TEST:53 Submit display button was not visible
Expected: is <true>
     but: was <false>
  Run 2: RegistryPageTest.EXAMPLE_FAIL_TEST:53 Submit display button was not visible
Expected: is <true>
     but: was <false>


Tests run: 61, Failures: 1, Errors: 0, Skipped: 0

[ERROR] There are test failures.

Please refer to D:\eclipse\Allure_Test_Framework\workspace\devonfw-testing\allure-app-under-test\target\surefire-reports for the individual test results.
[INFO] 
[INFO] --- maven-site-plugin:3.3:site (default-site) @ allure-app-under-test ---
[INFO] configuring report plugin ru.yandex.qatools.allure:allure-maven-plugin:2.6
[INFO] Relativizing decoration links with respect to project URL: https://github.com/devonfw/devonfw-testing
[INFO] Rendering site with org.apache.maven.skins:maven-default-skin:jar:1.0 skin.
[INFO] Skipped "Allure" report, file "allure-maven-plugin.html" already exists for the English version.
[INFO] Skipped "Allure" report, file "allure-maven-plugin.html" already exists for the English version.
[INFO] Generating "Allure" report    --- allure-maven-plugin:2.6
[INFO] Generate Allure report (aggregate) with version 1.5.4
[INFO] Generate Allure report to D:\eclipse\Allure_Test_Framework\workspace\devonfw-testing\allure-app-under-test/target//site/allure-report
[INFO] Found results directory D:\eclipse\Allure_Test_Framework\workspace\devonfw-testing\allure-app-under-test\target\allure-results
[INFO] ------------------------------------------------------------------------
[INFO] BUILD SUCCESS
[INFO] ------------------------------------------------------------------------
[INFO] Total time: 04:19 min
[INFO] Finished at: 2018-01-26T23:44:25+01:00
[INFO] Final Memory: 51M/488M
[INFO] ------------------------------------------------------------------------
