[INFO] Scanning for projects...
[INFO]                                                                         
[INFO] ------------------------------------------------------------------------
[INFO] Building AllureTestFramework - List of Integration Test for Application Under Test 2.0.0-SNAPSHOT
[INFO] ------------------------------------------------------------------------
Downloading: http://oss.sonatype.org/content/repositories/snapshots/com/capgemini/ntc/allure-core-module/4.12.0.4-SNAPSHOT/maven-metadata.xml
Downloading: http://central.maven.org/maven2/com/capgemini/ntc/allure-core-module/4.12.0.4-SNAPSHOT/maven-metadata.xml
4/4 KB            Downloaded: http://oss.sonatype.org/content/repositories/snapshots/com/capgemini/ntc/allure-core-module/4.12.0.4-SNAPSHOT/maven-metadata.xml (4 KB at 1.1 KB/sec)
Downloading: http://oss.sonatype.org/content/repositories/snapshots/com/capgemini/ntc/allure-core-module/4.12.0.4-SNAPSHOT/allure-core-module-4.12.0.4-20180126.221306-4.pom
4/9 KB   8/9 KB   9/9 KB            Downloaded: http://oss.sonatype.org/content/repositories/snapshots/com/capgemini/ntc/allure-core-module/4.12.0.4-SNAPSHOT/allure-core-module-4.12.0.4-20180126.221306-4.pom (9 KB at 8.9 KB/sec)
Downloading: http://oss.sonatype.org/content/repositories/snapshots/com/capgemini/ntc/allure-selenium-module/3.8.1.3-SNAPSHOT/maven-metadata.xml
Downloading: http://central.maven.org/maven2/com/capgemini/ntc/allure-selenium-module/3.8.1.3-SNAPSHOT/maven-metadata.xml
         4/4 KB            Downloaded: http://oss.sonatype.org/content/repositories/snapshots/com/capgemini/ntc/allure-selenium-module/3.8.1.3-SNAPSHOT/maven-metadata.xml (4 KB at 3.7 KB/sec)
Downloading: http://oss.sonatype.org/content/repositories/snapshots/com/capgemini/ntc/allure-selenium-module/3.8.1.3-SNAPSHOT/allure-selenium-module-3.8.1.3-20180126.221634-2.pom
4/5 KB   5/5 KB            Downloaded: http://oss.sonatype.org/content/repositories/snapshots/com/capgemini/ntc/allure-selenium-module/3.8.1.3-SNAPSHOT/allure-selenium-module-3.8.1.3-20180126.221634-2.pom (5 KB at 6.5 KB/sec)
Downloading: http://oss.sonatype.org/content/repositories/snapshots/com/capgemini/ntc/allure-core-module/4.12.0.4-SNAPSHOT/allure-core-module-4.12.0.4-20180126.221306-4.jar
Downloading: http://oss.sonatype.org/content/repositories/snapshots/com/capgemini/ntc/allure-selenium-module/3.8.1.3-SNAPSHOT/allure-selenium-module-3.8.1.3-20180126.221634-2.jar
4/127 KB   8/127 KB   12/127 KB   16/127 KB   20/127 KB   24/127 KB   24/127 KB   28/127 KB   32/127 KB   36/127 KB   40/127 KB   44/127 KB   48/127 KB   52/127 KB   56/127 KB   60/127 KB   64/127 KB   68/127 KB   72/127 KB   76/127 KB   80/127 KB   84/127 KB   88/127 KB   92/127 KB   96/127 KB   100/127 KB   104/127 KB   104/127 KB   4/136 KB   108/127 KB   4/136 KB   112/127 KB   4/136 KB   116/127 KB   4/136 KB   120/127 KB   4/136 KB   124/127 KB   4/136 KB   127/127 KB   4/136 KB   127/127 KB   8/136 KB   127/127 KB   12/136 KB   127/127 KB   16/136 KB   127/127 KB   20/136 KB   127/127 KB   24/136 KB   127/127 KB   28/136 KB   127/127 KB   32/136 KB   127/127 KB   36/136 KB   127/127 KB   40/136 KB   127/127 KB   44/136 KB   127/127 KB   48/136 KB   127/127 KB   52/136 KB   127/127 KB   56/136 KB   127/127 KB   60/136 KB   127/127 KB   64/136 KB   127/127 KB   68/136 KB   127/127 KB   72/136 KB   127/127 KB   76/136 KB   127/127 KB   80/136 KB   127/127 KB   84/136 KB                            Downloaded: http://oss.sonatype.org/content/repositories/snapshots/com/capgemini/ntc/allure-selenium-module/3.8.1.3-SNAPSHOT/allure-selenium-module-3.8.1.3-20180126.221634-2.jar (127 KB at 93.1 KB/sec)
88/136 KB                92/136 KB   96/136 KB   100/136 KB   104/136 KB   108/136 KB   112/136 KB   116/136 KB   120/136 KB   124/136 KB   128/136 KB   132/136 KB   136/136 KB                Downloaded: http://oss.sonatype.org/content/repositories/snapshots/com/capgemini/ntc/allure-core-module/4.12.0.4-SNAPSHOT/allure-core-module-4.12.0.4-20180126.221306-4.jar (136 KB at 74.3 KB/sec)
[INFO] 
[INFO] --- maven-clean-plugin:3.0.0:clean (default-clean) @ allure-app-under-test ---
[INFO] Deleting D:\eclipse\Allure_Test_Framework\workspace\devonfw-testing\allure-app-under-test\target
[INFO] Deleting D:\eclipse\Allure_Test_Framework\workspace\devonfw-testing\allure-app-under-test\logs (includes = [], excludes = [])
[INFO] 
[INFO] --- maven-resources-plugin:2.6:resources (default-resources) @ allure-app-under-test ---
[INFO] Using 'UTF8' encoding to copy filtered resources.
[INFO] skip non existing resourceDirectory D:\eclipse\Allure_Test_Framework\workspace\devonfw-testing\allure-app-under-test\src\main\resources
[INFO] 
[INFO] --- maven-compiler-plugin:3.6.1:compile (default-compile) @ allure-app-under-test ---
[INFO] Changes detected - recompiling the module!
[INFO] Compiling 25 source files to D:\eclipse\Allure_Test_Framework\workspace\devonfw-testing\allure-app-under-test\target\classes
[INFO] /D:/eclipse/Allure_Test_Framework/workspace/devonfw-testing/allure-app-under-test/src/main/java/com/capgemini/ntc/selenium/pages/features/samples/readFromTable/EditableGridPage.java: Some input files use or override a deprecated API.
[INFO] /D:/eclipse/Allure_Test_Framework/workspace/devonfw-testing/allure-app-under-test/src/main/java/com/capgemini/ntc/selenium/pages/features/samples/readFromTable/EditableGridPage.java: Recompile with -Xlint:deprecation for details.
[INFO] 
[INFO] --- maven-resources-plugin:2.6:testResources (default-testResources) @ allure-app-under-test ---
[INFO] Using 'UTF8' encoding to copy filtered resources.
[INFO] Copying 5 resources
[INFO] 
[INFO] --- maven-compiler-plugin:3.6.1:testCompile (default-testCompile) @ allure-app-under-test ---
[INFO] Changes detected - recompiling the module!
[INFO] Compiling 63 source files to D:\eclipse\Allure_Test_Framework\workspace\devonfw-testing\allure-app-under-test\target\test-classes
[INFO] 
[INFO] --- maven-resources-plugin:2.6:resources (default-resources) @ allure-app-under-test ---
[INFO] Using 'UTF8' encoding to copy filtered resources.
[INFO] skip non existing resourceDirectory D:\eclipse\Allure_Test_Framework\workspace\devonfw-testing\allure-app-under-test\src\main\resources
[INFO] 
[INFO] --- maven-compiler-plugin:3.6.1:compile (default-compile) @ allure-app-under-test ---
[INFO] Nothing to compile - all classes are up to date
[INFO] 
[INFO] --- maven-resources-plugin:2.6:testResources (default-testResources) @ allure-app-under-test ---
[INFO] Using 'UTF8' encoding to copy filtered resources.
[INFO] Copying 5 resources
[INFO] 
[INFO] --- maven-compiler-plugin:3.6.1:testCompile (default-testCompile) @ allure-app-under-test ---
[INFO] Nothing to compile - all classes are up to date
[INFO] 
[INFO] --- maven-surefire-plugin:2.19.1:test (default-test) @ allure-app-under-test ---

-------------------------------------------------------
 T E S T S
-------------------------------------------------------
2018-01-27 at 00:11:35 CET logDebug - [main] Properties settings file path=D:\eclipse\Allure_Test_Framework\workspace\devonfw-testing\allure-app-under-test\src\resources\settings.properties
[AppClassLoader@14dad5dc] warning javax.* types are not being woven because the weaver option '-Xset:weaveJavaxPackages=true' has not been specified
2018-01-27 at 00:11:39 CET logDebug - [main] env=DEV
2018-01-27 at 00:11:39 CET logInfo - [main] Selected Environment: DEV
2018-01-27 at 00:11:39 CET logDebug - [main] Reading environment from: D:\eclipse\Allure_Test_Framework\workspace\devonfw-testing\allure-app-under-test\src\resources\enviroments\environments.csv
2018-01-27 at 00:11:39 CET logInfo - [main] Selected Environment: DEV
2018-01-27 at 00:11:39 CET logAnalytics - [main] Is analytics enabled:true
2018-01-27 at 00:11:45 CET logDebug - [pool-1-thread-1] OPEN BROWSER AND ENTER HTTP://WWW.EDITABLEGRID.NET/EN/
2018-01-27 at 00:11:45 CET logDebug - [pool-1-thread-1] [browser=chrome, browserVersion=8.0, seleniumGrid=false, os=windows]
2018-01-27 at 00:11:45 CET logDebug - [pool-1-thread-1] Creating new browser=chrome WebDriver.
sty 27, 2018 12:11:45 AM org.openqa.selenium.remote.DesiredCapabilities chrome
INFO: Using `new ChromeOptions()` is preferred to `DesiredCapabilities.chrome()`
Starting ChromeDriver 2.33.506120 (e3e53437346286c0bc2d2dc9aa4915ba81d9023f) on port 12064
Only local connections are allowed.
sty 27, 2018 12:11:53 AM org.openqa.selenium.remote.ProtocolHandshake createSession
INFO: Detected dialect: OSS
2018-01-27 at 00:11:54 CET logInfo - [pool-1-thread-1] Trying to set requested resolution: 1600x1200.
2018-01-27 at 00:11:55 CET logInfo - [pool-1-thread-1] Resolution readed from device: 1600x1100
2018-01-27 at 00:11:55 CET logInfo - [pool-1-thread-1] Trying to set increased resolution for 'View port': 1616x1200.
2018-01-27 at 00:11:55 CET logInfo - [pool-1-thread-1] Resolution readed from device: 1616x1100
2018-01-27 at 00:11:55 CET logDebug - [pool-1-thread-1] driver:NewChromeDriver: chrome on XP (ecb9592f7d91d1f83e09a3f5960e628b)
2018-01-27 at 00:11:55 CET logDebug - [pool-1-thread-1] To add observer: com.capgemini.ntc.selenium.pages.features.samples.readFromTable.EditableGridPage@1b88ab5e
2018-01-27 at 00:11:55 CET logDebug - [pool-1-thread-1] BaseTestWatcher.observers: []
2018-01-27 at 00:11:55 CET logDebug - [pool-1-thread-1] TestClassRule.classObservers: []
2018-01-27 at 00:11:55 CET logDebug - [pool-1-thread-1] Added observer: com.capgemini.ntc.selenium.pages.features.samples.readFromTable.EditableGridPage@1b88ab5e
2018-01-27 at 00:12:03 CET logDebug - [pool-1-thread-1] Waiting for [waitForPageLoaded] took [0.03 s]
2018-01-27 at 00:12:03 CET logDebug - [pool-1-thread-1] VERIFY PAGE IS DISPLAYED
2018-01-27 at 00:12:03 CET logInfo - [pool-1-thread-1] Test1_exercise1_printAllCells(com.capgemini.ntc.selenium.features.samples.readFromTable.JsoupTest) STARTED.
2018-01-27 at 00:12:03 CET logInfo - [pool-1-thread-1] [TEST1] - Print all cells
2018-01-27 at 00:12:04 CET logInfo - [pool-1-thread-1] Hoffman
2018-01-27 at 00:12:04 CET logInfo - [pool-1-thread-1] Tatyana
2018-01-27 at 00:12:04 CET logInfo - [pool-1-thread-1] 88
2018-01-27 at 00:12:04 CET logInfo - [pool-1-thread-1] 1,32 m
2018-01-27 at 00:12:04 CET logInfo - [pool-1-thread-1] 
2018-01-27 at 00:12:04 CET logInfo - [pool-1-thread-1] Nam@quisdiamluctus.json.org
2018-01-27 at 00:12:04 CET logInfo - [pool-1-thread-1] 
2018-01-27 at 00:12:04 CET logInfo - [pool-1-thread-1] 17 Apr 2012
2018-01-27 at 00:12:04 CET logInfo - [pool-1-thread-1] 
2018-01-27 at 00:12:04 CET logInfo - [pool-1-thread-1] Atkins
2018-01-27 at 00:12:04 CET logInfo - [pool-1-thread-1] Ishmael
2018-01-27 at 00:12:04 CET logInfo - [pool-1-thread-1] 44
2018-01-27 at 00:12:04 CET logInfo - [pool-1-thread-1] 1,42 m
2018-01-27 at 00:12:04 CET logInfo - [pool-1-thread-1] 
2018-01-27 at 00:12:04 CET logInfo - [pool-1-thread-1] arcu.et.pede@musProin.ca
2018-01-27 at 00:12:04 CET logInfo - [pool-1-thread-1] 
2018-01-27 at 00:12:04 CET logInfo - [pool-1-thread-1] 12 Jan 2011
2018-01-27 at 00:12:04 CET logInfo - [pool-1-thread-1] 
2018-01-27 at 00:12:04 CET logInfo - [pool-1-thread-1] Hamilton
2018-01-27 at 00:12:04 CET logInfo - [pool-1-thread-1] Mohammad
2018-01-27 at 00:12:04 CET logInfo - [pool-1-thread-1] 73
2018-01-27 at 00:12:04 CET logInfo - [pool-1-thread-1] 1,22 m
2018-01-27 at 00:12:04 CET logInfo - [pool-1-thread-1] 
2018-01-27 at 00:12:04 CET logInfo - [pool-1-thread-1] dui@duiCras.edu
2018-01-27 at 00:12:04 CET logInfo - [pool-1-thread-1] 
2018-01-27 at 00:12:04 CET logInfo - [pool-1-thread-1] 25 Sep 2012
2018-01-27 at 00:12:04 CET logInfo - [pool-1-thread-1] 
2018-01-27 at 00:12:04 CET logInfo - [pool-1-thread-1] Murray
2018-01-27 at 00:12:04 CET logInfo - [pool-1-thread-1] Troy
2018-01-27 at 00:12:04 CET logInfo - [pool-1-thread-1] 18
2018-01-27 at 00:12:04 CET logInfo - [pool-1-thread-1] 1,92 m
2018-01-27 at 00:12:04 CET logInfo - [pool-1-thread-1] 
2018-01-27 at 00:12:04 CET logInfo - [pool-1-thread-1] mollis@eutellus.co.uk
2018-01-27 at 00:12:04 CET logInfo - [pool-1-thread-1] 
2018-01-27 at 00:12:04 CET logInfo - [pool-1-thread-1] 22 Jul 2012
2018-01-27 at 00:12:04 CET logInfo - [pool-1-thread-1] 
2018-01-27 at 00:12:04 CET logInfo - [pool-1-thread-1] Schwartz
2018-01-27 at 00:12:04 CET logInfo - [pool-1-thread-1] Carla
2018-01-27 at 00:12:04 CET logInfo - [pool-1-thread-1] 79
2018-01-27 at 00:12:04 CET logInfo - [pool-1-thread-1] 1,50 m
2018-01-27 at 00:12:04 CET logInfo - [pool-1-thread-1] 
2018-01-27 at 00:12:04 CET logInfo - [pool-1-thread-1] ante@adipiscing.org
2018-01-27 at 00:12:04 CET logInfo - [pool-1-thread-1] 
2018-01-27 at 00:12:04 CET logInfo - [pool-1-thread-1] 31 Mar 2012
2018-01-27 at 00:12:05 CET logInfo - [pool-1-thread-1] 
2018-01-27 at 00:12:05 CET logInfo - [pool-1-thread-1] Bond
2018-01-27 at 00:12:05 CET logInfo - [pool-1-thread-1] Lenore
2018-01-27 at 00:12:05 CET logInfo - [pool-1-thread-1] 33
2018-01-27 at 00:12:05 CET logInfo - [pool-1-thread-1] 1,55 m
2018-01-27 at 00:12:05 CET logInfo - [pool-1-thread-1] 
2018-01-27 at 00:12:05 CET logInfo - [pool-1-thread-1] semper.tellus.id@sem.co.uk
2018-01-27 at 00:12:05 CET logInfo - [pool-1-thread-1] 
2018-01-27 at 00:12:05 CET logInfo - [pool-1-thread-1] 4 Feb 2011
2018-01-27 at 00:12:05 CET logInfo - [pool-1-thread-1] 
2018-01-27 at 00:12:05 CET logInfo - [pool-1-thread-1] Noble
2018-01-27 at 00:12:05 CET logInfo - [pool-1-thread-1] Georgia
2018-01-27 at 00:12:05 CET logInfo - [pool-1-thread-1] 88
2018-01-27 at 00:12:05 CET logInfo - [pool-1-thread-1] 1,90 m
2018-01-27 at 00:12:05 CET logInfo - [pool-1-thread-1] 
2018-01-27 at 00:12:05 CET logInfo - [pool-1-thread-1] mi.lacinia@nisiaodio.co.uk
2018-01-27 at 00:12:05 CET logInfo - [pool-1-thread-1] 
2018-01-27 at 00:12:05 CET logInfo - [pool-1-thread-1] 17 Jan 2011
2018-01-27 at 00:12:05 CET logInfo - [pool-1-thread-1] 
2018-01-27 at 00:12:05 CET logInfo - [pool-1-thread-1] Frederick
2018-01-27 at 00:12:05 CET logInfo - [pool-1-thread-1] Bradley
2018-01-27 at 00:12:05 CET logInfo - [pool-1-thread-1] 80
2018-01-27 at 00:12:05 CET logInfo - [pool-1-thread-1] 1,87 m
2018-01-27 at 00:12:05 CET logInfo - [pool-1-thread-1] 
2018-01-27 at 00:12:05 CET logInfo - [pool-1-thread-1] dapibus.id.blandit@aptenttacitisociosqu.com
2018-01-27 at 00:12:05 CET logInfo - [pool-1-thread-1] 
2018-01-27 at 00:12:05 CET logInfo - [pool-1-thread-1] 27 Jul 2011
2018-01-27 at 00:12:05 CET logInfo - [pool-1-thread-1] 
2018-01-27 at 00:12:05 CET logInfo - [pool-1-thread-1] Chambers
2018-01-27 at 00:12:05 CET logInfo - [pool-1-thread-1] Aphrodite
2018-01-27 at 00:12:05 CET logInfo - [pool-1-thread-1] 63
2018-01-27 at 00:12:05 CET logInfo - [pool-1-thread-1] 1,30 m
2018-01-27 at 00:12:05 CET logInfo - [pool-1-thread-1] 
2018-01-27 at 00:12:05 CET logInfo - [pool-1-thread-1] mattis@venenatisvel.co.uk
2018-01-27 at 00:12:05 CET logInfo - [pool-1-thread-1] 
2018-01-27 at 00:12:05 CET logInfo - [pool-1-thread-1] 10 Sep 2011
2018-01-27 at 00:12:05 CET logInfo - [pool-1-thread-1] 
2018-01-27 at 00:12:05 CET logInfo - [pool-1-thread-1] Schultz
2018-01-27 at 00:12:05 CET logInfo - [pool-1-thread-1] Allegra
2018-01-27 at 00:12:05 CET logInfo - [pool-1-thread-1] 90
2018-01-27 at 00:12:05 CET logInfo - [pool-1-thread-1] 1,70 m
2018-01-27 at 00:12:05 CET logInfo - [pool-1-thread-1] 
2018-01-27 at 00:12:05 CET logInfo - [pool-1-thread-1] Fusce.feugiat.Lorem@Duis.net
2018-01-27 at 00:12:05 CET logInfo - [pool-1-thread-1] 
2018-01-27 at 00:12:05 CET logInfo - [pool-1-thread-1] 3 Apr 2012
2018-01-27 at 00:12:05 CET logInfo - [pool-1-thread-1] 
2018-01-27 at 00:12:05 CET logInfo - [pool-1-thread-1] Test1_exercise1_printAllCells(com.capgemini.ntc.selenium.features.samples.readFromTable.JsoupTest) PASSED.
2018-01-27 at 00:12:05 CET logDebug - [pool-1-thread-1] BasePage.onTestSuccess    EditableGridPage
2018-01-27 at 00:12:05 CET logInfo - [pool-1-thread-1] Test1_exercise1_printAllCells(com.capgemini.ntc.selenium.features.samples.readFromTable.JsoupTest) duration: 0,03 min
2018-01-27 at 00:12:06 CET logDebug - [pool-1-thread-1] BaseTest.tearDownClass()
2018-01-27 at 00:12:06 CET logDebug - [pool-1-thread-1] BaseTestWatcher.observers: []
2018-01-27 at 00:12:06 CET logDebug - [pool-1-thread-1] TestClassRule.classObservers: [com.capgemini.ntc.selenium.pages.features.samples.readFromTable.EditableGridPage@1b88ab5e]
2018-01-27 at 00:12:06 CET logDebug - [pool-1-thread-1] BasePage.onTestClassFinish   EditableGridPage
2018-01-27 at 00:12:06 CET logDebug - [pool-1-thread-1] driver:NewChromeDriver: chrome on XP (ecb9592f7d91d1f83e09a3f5960e628b)
2018-01-27 at 00:12:06 CET logDebug - [pool-1-thread-1] Closing WebDriver for this thread. chrome
2018-01-27 at 00:12:08 CET logDebug - [pool-1-thread-1] All observers cleared.
sty 27, 2018 12:12:39 AM org.openqa.selenium.os.OsProcess destroy
INFO: Unable to drain process streams. Ignoring but the exception being swallowed follows.
org.apache.commons.exec.ExecuteException: The stop timeout of 2000 ms was exceeded (Exit value: -559038737)
	at org.apache.commons.exec.PumpStreamHandler.stopThread(PumpStreamHandler.java:295)
	at org.apache.commons.exec.PumpStreamHandler.stop(PumpStreamHandler.java:181)
	at org.openqa.selenium.os.OsProcess.destroy(OsProcess.java:136)
	at org.openqa.selenium.os.CommandLine.destroy(CommandLine.java:153)
	at org.openqa.selenium.remote.service.DriverService.stop(DriverService.java:222)
	at org.openqa.selenium.remote.service.DriverCommandExecutor.execute(DriverCommandExecutor.java:95)
	at org.openqa.selenium.remote.RemoteWebDriver.execute(RemoteWebDriver.java:601)
	at org.openqa.selenium.remote.RemoteWebDriver.execute(RemoteWebDriver.java:658)
	at org.openqa.selenium.remote.RemoteWebDriver.quit(RemoteWebDriver.java:497)
	at com.capgemini.ntc.selenium.core.newDrivers.DriverManager.closeDriver(DriverManager.java:86)
	at com.capgemini.ntc.selenium.core.BasePage.onTestClassFinish(BasePage.java:126)
	at java.util.ArrayList.forEach(ArrayList.java:1249)
	at com.capgemini.ntc.test.core.BaseTest.tearDownClass(BaseTest.java:71)
	at sun.reflect.NativeMethodAccessorImpl.invoke0(Native Method)
	at sun.reflect.NativeMethodAccessorImpl.invoke(NativeMethodAccessorImpl.java:62)
	at sun.reflect.DelegatingMethodAccessorImpl.invoke(DelegatingMethodAccessorImpl.java:43)
	at java.lang.reflect.Method.invoke(Method.java:497)
	at org.junit.runners.model.FrameworkMethod$1.runReflectiveCall(FrameworkMethod.java:50)
	at org.junit.internal.runners.model.ReflectiveCallable.run(ReflectiveCallable.java:12)
	at org.junit.runners.model.FrameworkMethod.invokeExplosively(FrameworkMethod.java:47)
	at com.capgemini.ntc.test.core.testRunners.core.CustomRunAfters.evaluate(CustomRunAfters.java:43)
	at org.junit.rules.ExternalResource$1.evaluate(ExternalResource.java:48)
	at org.junit.rules.RunRules.evaluate(RunRules.java:20)
	at com.capgemini.ntc.test.core.testRunners.ParallelTestClassRunner.run(ParallelTestClassRunner.java:33)
	at org.junit.runners.Suite.runChild(Suite.java:128)
	at org.junit.runners.Suite.runChild(Suite.java:27)
	at org.junit.runners.ParentRunner$3.run(ParentRunner.java:290)
	at org.apache.maven.surefire.junitcore.pc.Scheduler$1.run(Scheduler.java:393)
	at java.util.concurrent.Executors$RunnableAdapter.call(Executors.java:511)
	at java.util.concurrent.FutureTask.run(FutureTask.java:266)
	at java.util.concurrent.ThreadPoolExecutor.runWorker(ThreadPoolExecutor.java:1142)
	at java.util.concurrent.ThreadPoolExecutor$Worker.run(ThreadPoolExecutor.java:617)
	at java.lang.Thread.run(Thread.java:745)

sty 27, 2018 12:12:39 AM org.openqa.selenium.os.OsProcess destroy
SEVERE: Unable to kill process java.lang.ProcessImpl@30ce6f92
Running com.capgemini.ntc.selenium.projectX.navigationbar.NavigationBarTest
2018-01-27 at 00:14:04 CET logInfo - [pool-1-thread-1] Step1 - open Chrome browser
2018-01-27 at 00:14:04 CET logInfo - [pool-1-thread-1] Step2 - load http://the-internet.herokuapp.com/ page
sty 27, 2018 12:14:04 AM org.openqa.selenium.remote.DesiredCapabilities chrome
INFO: Using `new ChromeOptions()` is preferred to `DesiredCapabilities.chrome()`
sty 27, 2018 12:14:04 AM org.openqa.selenium.remote.DesiredCapabilities chrome
INFO: Using `new ChromeOptions()` is preferred to `DesiredCapabilities.chrome()`
2018-01-27 at 00:12:11 CET logInfo - [pool-1-thread-4] test(com.capgemini.ntc.selenium.projectX.navigationbar.NavigationBarTest) STARTED.
2018-01-27 at 00:12:11 CET logInfo - [pool-1-thread-4] [Step 1] Open main page
2018-01-27 at 00:12:11 CET logDebug - [pool-1-thread-4] Creating new browser=chrome WebDriver.
2018-01-27 at 00:12:19 CET logInfo - [pool-1-thread-4] Trying to set requested resolution: 1600x1200.
2018-01-27 at 00:12:21 CET logInfo - [pool-1-thread-4] Resolution readed from device: 1600x1100
2018-01-27 at 00:12:21 CET logInfo - [pool-1-thread-4] Trying to set increased resolution for 'View port': 1616x1200.
2018-01-27 at 00:12:21 CET logInfo - [pool-1-thread-4] Resolution readed from device: 1616x1100
2018-01-27 at 00:12:21 CET logDebug - [pool-1-thread-4] driver:NewChromeDriver: chrome on XP (5e9f5949524905c547b29c96ffcd84cc)
2018-01-27 at 00:12:21 CET logDebug - [pool-1-thread-4] To add observer: com.capgemini.ntc.selenium.pages.projectX.MainPage@54ab691c
2018-01-27 at 00:12:21 CET logDebug - [pool-1-thread-4] BaseTestWatcher.observers: []
2018-01-27 at 00:12:21 CET logDebug - [pool-1-thread-4] TestClassRule.classObservers: []
2018-01-27 at 00:12:21 CET logDebug - [pool-1-thread-4] Added observer: com.capgemini.ntc.selenium.pages.projectX.MainPage@54ab691c
2018-01-27 at 00:14:04 CET logDebug - [pool-1-thread-1] Creating new browser=chrome WebDriver.
sty 27, 2018 12:14:04 AM org.openqa.selenium.remote.DesiredCapabilities chrome
INFO: Using `new ChromeOptions()` is preferred to `DesiredCapabilities.chrome()`
2018-01-27 at 00:12:21 CET logDebug - [pool-1-thread-4] Waiting for [waitForPageLoaded] took [0.027 s]
2018-01-27 at 00:12:21 CET logDebug - [pool-1-thread-4] com.capgemini.ntc.selenium.pages.projectX.MainPage: Current loaded page (http://demoqa.com/) with pageTitle (). Page to load: (http://demoqa.com/) ,for page title: (Demoqa | Just another WordPress site)
2018-01-27 at 00:12:30 CET logInfo - [pool-1-thread-4] [Step 2] Click navigation bar - Home
2018-01-27 at 00:12:30 CET logDebug - [pool-1-thread-4] To add observer: com.capgemini.ntc.selenium.pages.projectX.navigationbar.NavigationBar@1b0117d2
2018-01-27 at 00:12:30 CET logDebug - [pool-1-thread-4] BaseTestWatcher.observers: [com.capgemini.ntc.selenium.pages.projectX.MainPage@54ab691c]
2018-01-27 at 00:12:30 CET logDebug - [pool-1-thread-4] TestClassRule.classObservers: []
2018-01-27 at 00:12:30 CET logDebug - [pool-1-thread-4] Waiting for [waitForPageLoaded] took [0.061 s]
2018-01-27 at 00:12:31 CET logDebug - [pool-1-thread-4] Waiting for [findElementDynamic(): By.cssSelector: li[id='menu-item-38']] took [0.074 s]
2018-01-27 at 00:12:31 CET logDebug - [pool-1-thread-4] Waiting for [findElementDynamic(): By.cssSelector: li[id='menu-item-38']] took [0.034 s]
2018-01-27 at 00:12:31 CET logDebug - [pool-1-thread-4] Waiting for [waitForPageLoaded] took [0.012 s]
2018-01-27 at 00:12:31 CET logDebug - [pool-1-thread-4] Waiting for [findElementDynamic(): By.cssSelector: li[id='menu-item-38']] took [0.026 s]
2018-01-27 at 00:12:32 CET logInfo - [pool-1-thread-4] Clicking on Navigation bar link - Home
2018-01-27 at 00:12:32 CET logDebug - [pool-1-thread-4] Waiting for [waitForPageLoaded] took [0.066 s]
2018-01-27 at 00:12:32 CET logInfo - [pool-1-thread-4] [Step 3] Verify if main page is opened
2018-01-27 at 00:12:32 CET logDebug - [pool-1-thread-4] To add observer: com.capgemini.ntc.selenium.pages.projectX.navigationbar.home.NavBarHome@624c4048
2018-01-27 at 00:12:32 CET logDebug - [pool-1-thread-4] BaseTestWatcher.observers: [com.capgemini.ntc.selenium.pages.projectX.MainPage@54ab691c]
2018-01-27 at 00:12:32 CET logDebug - [pool-1-thread-4] TestClassRule.classObservers: []
2018-01-27 at 00:12:33 CET logDebug - [pool-1-thread-4] Waiting for [waitForPageLoaded] took [0.018 s]
2018-01-27 at 00:12:33 CET logDebug - [pool-1-thread-4] Waiting for [waitForPageLoaded] took [0.012 s]
2018-01-27 at 00:12:33 CET logInfo - [pool-1-thread-4] test(com.capgemini.ntc.selenium.projectX.navigationbar.NavigationBarTest) PASSED.
2018-01-27 at 00:12:33 CET logDebug - [pool-1-thread-4] BasePage.onTestSuccess    MainPage
2018-01-27 at 00:12:33 CET logInfo - [pool-1-thread-4] test(com.capgemini.ntc.selenium.projectX.navigationbar.NavigationBarTest) duration: 0,36 min
2018-01-27 at 00:12:33 CET logDebug - [pool-1-thread-4] BasePage.onTestFinish   MainPage
2018-01-27 at 00:12:33 CET logDebug - [pool-1-thread-4] To remove observer: com.capgemini.ntc.selenium.pages.projectX.MainPage@54ab691c
2018-01-27 at 00:12:33 CET logDebug - [pool-1-thread-4] BaseTest.tearDownClass()
2018-01-27 at 00:12:33 CET logDebug - [pool-1-thread-4] BaseTestWatcher.observers: [com.capgemini.ntc.selenium.pages.projectX.MainPage@54ab691c]
2018-01-27 at 00:12:33 CET logDebug - [pool-1-thread-4] TestClassRule.classObservers: []
2018-01-27 at 00:12:33 CET logDebug - [pool-1-thread-4] BasePage.onTestClassFinish   MainPage
2018-01-27 at 00:12:33 CET logDebug - [pool-1-thread-4] driver:NewChromeDriver: chrome on XP (5e9f5949524905c547b29c96ffcd84cc)
2018-01-27 at 00:12:33 CET logDebug - [pool-1-thread-4] Closing WebDriver for this thread. chrome
2018-01-27 at 00:12:34 CET logDebug - [pool-1-thread-4] All observers cleared.
Tests run: 1, Failures: 0, Errors: 0, Skipped: 0, Time elapsed: 21.709 sec - in com.capgemini.ntc.selenium.projectX.navigationbar.NavigationBarTest
Running registrationTest
2018-01-27 at 00:12:11 CET logInfo - [pool-1-thread-6] registrationTest(com.capgemini.ntc.selenium.projectX.registration.RegisterOKTestDDExternalDataTest) STARTED.
2018-01-27 at 00:12:11 CET logDebug - [pool-1-thread-6] Creating new browser=chrome WebDriver.
2018-01-27 at 00:12:20 CET logInfo - [pool-1-thread-6] Trying to set requested resolution: 1600x1200.
2018-01-27 at 00:12:21 CET logInfo - [pool-1-thread-6] Resolution readed from device: 1600x1100
2018-01-27 at 00:12:22 CET logInfo - [pool-1-thread-6] Trying to set increased resolution for 'View port': 1616x1200.
2018-01-27 at 00:12:22 CET logInfo - [pool-1-thread-6] Resolution readed from device: 1616x1100
2018-01-27 at 00:12:22 CET logDebug - [pool-1-thread-6] driver:NewChromeDriver: chrome on XP (2400a80da3e33945fb645e5ca3058315)
2018-01-27 at 00:12:22 CET logDebug - [pool-1-thread-6] To add observer: com.capgemini.ntc.selenium.pages.projectX.registration.RegistrationPage@7f63cec9
2018-01-27 at 00:12:22 CET logDebug - [pool-1-thread-6] BaseTestWatcher.observers: []
2018-01-27 at 00:12:22 CET logDebug - [pool-1-thread-6] TestClassRule.classObservers: []
2018-01-27 at 00:12:22 CET logDebug - [pool-1-thread-6] Added observer: com.capgemini.ntc.selenium.pages.projectX.registration.RegistrationPage@7f63cec9
2018-01-27 at 00:12:22 CET logDebug - [pool-1-thread-6] Waiting for [waitForPageLoaded] took [0.072 s]
2018-01-27 at 00:12:22 CET logDebug - [pool-1-thread-6] com.capgemini.ntc.selenium.pages.projectX.registration.RegistrationPage: Current loaded page (http://demoqa.com/registration/) with pageTitle (). Page to load: (http://demoqa.com/registration/) ,for page title: (Registration | Demoqa)
2018-01-27 at 00:12:34 CET logDebug - [pool-1-thread-6] Waiting for [waitForPageLoaded] took [0.044 s]
2018-01-27 at 00:12:34 CET logDebug - [pool-1-thread-6] Waiting for [findElementDynamic(): By.cssSelector: input[id='name_3_firstname']] took [0.052 s]
2018-01-27 at 00:12:34 CET logDebug - [pool-1-thread-6] Waiting for [findElementDynamic(): By.cssSelector: input[id='name_3_firstname']] took [0.047 s]
2018-01-27 at 00:12:34 CET logDebug - [pool-1-thread-6] Waiting for [findElementDynamic(): By.cssSelector: input[id='name_3_firstname']] took [0.125 s]
2018-01-27 at 00:12:35 CET logDebug - [pool-1-thread-6] Waiting for [findElementDynamic(): By.cssSelector: input[id='name_3_lastname']] took [0.078 s]
2018-01-27 at 00:12:35 CET logDebug - [pool-1-thread-6] Waiting for [findElementDynamic(): By.cssSelector: input[id='name_3_lastname']] took [0.094 s]
2018-01-27 at 00:12:36 CET logDebug - [pool-1-thread-6] Waiting for [findElementDynamic(): By.cssSelector: input[id='name_3_lastname']] took [0.105 s]
2018-01-27 at 00:12:36 CET logDebug - [pool-1-thread-6] Waiting for [findElementDynamic(): By.cssSelector: div[class='radio_wrap']] took [0.101 s]
2018-01-27 at 00:12:36 CET logDebug - [pool-1-thread-6] Waiting for [findElementDynamic(): By.cssSelector: div[class='radio_wrap']] took [0.049 s]
2018-01-27 at 00:12:36 CET logDebug - [pool-1-thread-6] Waiting for [findElementDynamic(): By.cssSelector: div[class='radio_wrap']] took [0.036 s]
Input text element: com.capgemini.ntc.selenium.core.newDrivers.elementType.RadioButtonElement@6ce9854b isn't clicked.
2018-01-27 at 00:12:37 CET logDebug - [pool-1-thread-6] Waiting for [findElementDynamic(): By.cssSelector: li.fields.pageFields_1:nth-child(3) div.radio_wrap] took [0.061 s]
2018-01-27 at 00:12:37 CET logDebug - [pool-1-thread-6] Waiting for [findElementDynamic(): By.cssSelector: li.fields.pageFields_1:nth-child(3) div.radio_wrap] took [0.03 s]
2018-01-27 at 00:12:38 CET logDebug - [pool-1-thread-6] Waiting for [findElementDynamic(): By.cssSelector: select[id='dropdown_7']] took [0.074 s]
2018-01-27 at 00:12:38 CET logDebug - [pool-1-thread-6] Waiting for [findElementDynamic(): By.cssSelector: select[id='dropdown_7']] took [0.097 s]
2018-01-27 at 00:12:38 CET logDebug - [pool-1-thread-6] Waiting for [findElementDynamic(): By.cssSelector: select[id='dropdown_7']] took [0.07 s]
2018-01-27 at 00:12:56 CET logDebug - [pool-1-thread-6] Waiting for [findElementDynamic(): By.cssSelector: select[id='dropdown_7']] took [0.043 s]
2018-01-27 at 00:12:56 CET logDebug - [pool-1-thread-6] Waiting for [findElementDynamic(): By.cssSelector: select[id='mm_date_8']] took [0.091 s]
2018-01-27 at 00:12:56 CET logDebug - [pool-1-thread-6] Waiting for [findElementDynamic(): By.cssSelector: select[id='mm_date_8']] took [0.034 s]
2018-01-27 at 00:12:57 CET logDebug - [pool-1-thread-6] Waiting for [findElementDynamic(): By.cssSelector: select[id='mm_date_8']] took [0.052 s]
2018-01-27 at 00:12:58 CET logDebug - [pool-1-thread-6] Waiting for [findElementDynamic(): By.cssSelector: select[id='mm_date_8']] took [0.033 s]
2018-01-27 at 00:12:58 CET logDebug - [pool-1-thread-6] Waiting for [findElementDynamic(): By.cssSelector: select[id='dd_date_8']] took [0.043 s]
2018-01-27 at 00:12:58 CET logDebug - [pool-1-thread-6] Waiting for [findElementDynamic(): By.cssSelector: select[id='dd_date_8']] took [0.017 s]
2018-01-27 at 00:12:59 CET logDebug - [pool-1-thread-6] Waiting for [findElementDynamic(): By.cssSelector: select[id='dd_date_8']] took [0.081 s]
2018-01-27 at 00:13:02 CET logDebug - [pool-1-thread-6] Waiting for [findElementDynamic(): By.cssSelector: select[id='dd_date_8']] took [0.032 s]
2018-01-27 at 00:13:03 CET logDebug - [pool-1-thread-6] Waiting for [findElementDynamic(): By.cssSelector: select[id='yy_date_8']] took [0.069 s]
2018-01-27 at 00:13:03 CET logDebug - [pool-1-thread-6] Waiting for [findElementDynamic(): By.cssSelector: select[id='yy_date_8']] took [0.051 s]
2018-01-27 at 00:13:03 CET logDebug - [pool-1-thread-6] Waiting for [findElementDynamic(): By.cssSelector: select[id='yy_date_8']] took [0.034 s]
2018-01-27 at 00:13:09 CET logDebug - [pool-1-thread-6] Waiting for [findElementDynamic(): By.cssSelector: select[id='yy_date_8']] took [0.021 s]
2018-01-27 at 00:13:09 CET logDebug - [pool-1-thread-6] Waiting for [findElementDynamic(): By.cssSelector: input[id='phone_9']] took [0.055 s]
2018-01-27 at 00:13:09 CET logDebug - [pool-1-thread-6] Waiting for [findElementDynamic(): By.cssSelector: input[id='phone_9']] took [0.038 s]
2018-01-27 at 00:13:09 CET logDebug - [pool-1-thread-6] Waiting for [findElementDynamic(): By.cssSelector: input[id='phone_9']] took [0.049 s]
2018-01-27 at 00:13:10 CET logDebug - [pool-1-thread-6] Waiting for [findElementDynamic(): By.cssSelector: input[id='username']] took [0.059 s]
2018-01-27 at 00:13:10 CET logDebug - [pool-1-thread-6] Waiting for [findElementDynamic(): By.cssSelector: input[id='username']] took [0.089 s]
2018-01-27 at 00:13:10 CET logDebug - [pool-1-thread-6] Waiting for [findElementDynamic(): By.cssSelector: input[id='username']] took [0.069 s]
2018-01-27 at 00:13:10 CET logDebug - [pool-1-thread-6] Waiting for [findElementDynamic(): By.cssSelector: input[id='email_1']] took [0.072 s]
2018-01-27 at 00:13:10 CET logDebug - [pool-1-thread-6] Waiting for [findElementDynamic(): By.cssSelector: input[id='email_1']] took [0.043 s]
2018-01-27 at 00:13:11 CET logDebug - [pool-1-thread-6] Waiting for [findElementDynamic(): By.cssSelector: input[id='email_1']] took [0.04 s]
2018-01-27 at 00:13:12 CET logDebug - [pool-1-thread-6] Waiting for [findElementDynamic(): By.cssSelector: textarea[ id='description' ]] took [0.045 s]
2018-01-27 at 00:13:12 CET logDebug - [pool-1-thread-6] Waiting for [findElementDynamic(): By.cssSelector: textarea[ id='description' ]] took [0.03 s]
2018-01-27 at 00:13:12 CET logDebug - [pool-1-thread-6] Waiting for [findElementDynamic(): By.cssSelector: textarea[ id='description' ]] took [0.101 s]
2018-01-27 at 00:13:13 CET logDebug - [pool-1-thread-6] Waiting for [findElementDynamic(): By.cssSelector: input[id='password_2']] took [0.104 s]
2018-01-27 at 00:13:13 CET logDebug - [pool-1-thread-6] Waiting for [findElementDynamic(): By.cssSelector: input[id='password_2']] took [0.143 s]
2018-01-27 at 00:13:13 CET logDebug - [pool-1-thread-6] Waiting for [findElementDynamic(): By.cssSelector: input[id='password_2']] took [0.104 s]
2018-01-27 at 00:13:16 CET logDebug - [pool-1-thread-6] Waiting for [findElementDynamic(): By.cssSelector: input[id='confirm_password_password_2']] took [0.148 s]
2018-01-27 at 00:13:16 CET logDebug - [pool-1-thread-6] Waiting for [findElementDynamic(): By.cssSelector: input[id='confirm_password_password_2']] took [0.145 s]
2018-01-27 at 00:13:16 CET logDebug - [pool-1-thread-6] Waiting for [findElementDynamic(): By.cssSelector: input[id='confirm_password_password_2']] took [0.134 s]
2018-01-27 at 00:13:17 CET logDebug - [pool-1-thread-6] Waiting for [findElementDynamic(): By.cssSelector: input[name='pie_submit']] took [0.072 s]
2018-01-27 at 00:13:17 CET logDebug - [pool-1-thread-6] Waiting for [findElementDynamic(): By.cssSelector: input[name='pie_submit']] took [0.058 s]
2018-01-27 at 00:13:17 CET logDebug - [pool-1-thread-6] Waiting for [waitForPageLoaded] took [0.06 s]
2018-01-27 at 00:13:17 CET logDebug - [pool-1-thread-6] Waiting for [findElementDynamic(): By.cssSelector: input[name='pie_submit']] took [0.054 s]
2018-01-27 at 00:13:22 CET logDebug - [pool-1-thread-6] Waiting for [waitForElementVisible(): By.cssSelector: p[class='piereg_login_error']] took [0.547 s]
2018-01-27 at 00:13:22 CET logDebug - [pool-1-thread-6] Waiting for [waitForElementVisible(): By.cssSelector: p[class='piereg_login_error']] took [0.105 s]
2018-01-27 at 00:13:22 CET logDebug - [pool-1-thread-6] Error: Username already exists
2018-01-27 at 00:13:22 CET logDebug - [pool-1-thread-6] Waiting for [findElementDynamic(): By.cssSelector: p[class='piereg_login_error']] took [0.021 s]
2018-01-27 at 00:13:22 CET logDebug - [pool-1-thread-6] Waiting for [findElementDynamic(): By.cssSelector: p[class='piereg_login_error']] took [0.015 s]
2018-01-27 at 00:13:22 CET logInfo - [pool-1-thread-6] registrationTest(com.capgemini.ntc.selenium.projectX.registration.RegisterOKTestDDExternalDataTest) PASSED.
2018-01-27 at 00:13:22 CET logDebug - [pool-1-thread-6] BasePage.onTestSuccess    RegistrationPage
2018-01-27 at 00:13:22 CET logInfo - [pool-1-thread-6] registrationTest(com.capgemini.ntc.selenium.projectX.registration.RegisterOKTestDDExternalDataTest) duration: 1,19 min
2018-01-27 at 00:13:24 CET logDebug - [pool-1-thread-6] BasePage.onTestFinish   RegistrationPage
2018-01-27 at 00:13:24 CET logDebug - [pool-1-thread-6] To remove observer: com.capgemini.ntc.selenium.pages.projectX.registration.RegistrationPage@7f63cec9
2018-01-27 at 00:13:24 CET logInfo - [pool-1-thread-6] registrationTest(com.capgemini.ntc.selenium.projectX.registration.RegisterOKTestDDExternalDataTest) STARTED.
2018-01-27 at 00:13:24 CET logDebug - [pool-1-thread-6] To add observer: com.capgemini.ntc.selenium.pages.projectX.registration.RegistrationPage@629dc8cb
2018-01-27 at 00:13:24 CET logDebug - [pool-1-thread-6] BaseTestWatcher.observers: [com.capgemini.ntc.selenium.pages.projectX.registration.RegistrationPage@7f63cec9]
2018-01-27 at 00:13:24 CET logDebug - [pool-1-thread-6] TestClassRule.classObservers: []
2018-01-27 at 00:13:24 CET logDebug - [pool-1-thread-6] Waiting for [waitForPageLoaded] took [0.602 s]
2018-01-27 at 00:13:24 CET logDebug - [pool-1-thread-6] Waiting for [waitForPageLoaded] took [0.037 s]
2018-01-27 at 00:13:25 CET logDebug - [pool-1-thread-6] Waiting for [findElementDynamic(): By.cssSelector: input[id='name_3_firstname']] took [0.082 s]
2018-01-27 at 00:13:25 CET logDebug - [pool-1-thread-6] Waiting for [findElementDynamic(): By.cssSelector: input[id='name_3_firstname']] took [0.179 s]
2018-01-27 at 00:13:25 CET logDebug - [pool-1-thread-6] Waiting for [findElementDynamic(): By.cssSelector: input[id='name_3_firstname']] took [0.299 s]
2018-01-27 at 00:13:26 CET logDebug - [pool-1-thread-6] Waiting for [findElementDynamic(): By.cssSelector: input[id='name_3_lastname']] took [0.08 s]
2018-01-27 at 00:13:26 CET logDebug - [pool-1-thread-6] Waiting for [findElementDynamic(): By.cssSelector: input[id='name_3_lastname']] took [0.119 s]
2018-01-27 at 00:13:27 CET logDebug - [pool-1-thread-6] Waiting for [findElementDynamic(): By.cssSelector: input[id='name_3_lastname']] took [0.155 s]
2018-01-27 at 00:13:28 CET logDebug - [pool-1-thread-6] Waiting for [findElementDynamic(): By.cssSelector: div[class='radio_wrap']] took [0.12 s]
2018-01-27 at 00:13:28 CET logDebug - [pool-1-thread-6] Waiting for [findElementDynamic(): By.cssSelector: div[class='radio_wrap']] took [0.256 s]
2018-01-27 at 00:13:28 CET logDebug - [pool-1-thread-6] Waiting for [findElementDynamic(): By.cssSelector: div[class='radio_wrap']] took [0.104 s]
2018-01-27 at 00:13:29 CET logDebug - [pool-1-thread-6] Waiting for [findElementDynamic(): By.cssSelector: li.fields.pageFields_1:nth-child(3) div.radio_wrap] took [0.048 s]
2018-01-27 at 00:13:29 CET logDebug - [pool-1-thread-6] Waiting for [findElementDynamic(): By.cssSelector: li.fields.pageFields_1:nth-child(3) div.radio_wrap] took [0.031 s]
2018-01-27 at 00:13:30 CET logDebug - [pool-1-thread-6] Waiting for [findElementDynamic(): By.cssSelector: select[id='dropdown_7']] took [0.118 s]
2018-01-27 at 00:13:30 CET logDebug - [pool-1-thread-6] Waiting for [findElementDynamic(): By.cssSelector: select[id='dropdown_7']] took [0.118 s]
2018-01-27 at 00:13:31 CET logDebug - [pool-1-thread-6] Waiting for [findElementDynamic(): By.cssSelector: select[id='dropdown_7']] took [0.209 s]
2018-01-27 at 00:13:48 CET logDebug - [pool-1-thread-6] Waiting for [findElementDynamic(): By.cssSelector: select[id='dropdown_7']] took [0.041 s]
2018-01-27 at 00:13:49 CET logDebug - [pool-1-thread-6] Waiting for [findElementDynamic(): By.cssSelector: select[id='mm_date_8']] took [0.04 s]
2018-01-27 at 00:13:49 CET logDebug - [pool-1-thread-6] Waiting for [findElementDynamic(): By.cssSelector: select[id='mm_date_8']] took [0.015 s]
2018-01-27 at 00:13:49 CET logDebug - [pool-1-thread-6] Waiting for [findElementDynamic(): By.cssSelector: select[id='mm_date_8']] took [0.02 s]
2018-01-27 at 00:13:50 CET logDebug - [pool-1-thread-6] Waiting for [findElementDynamic(): By.cssSelector: select[id='mm_date_8']] took [0.014 s]
2018-01-27 at 00:13:50 CET logDebug - [pool-1-thread-6] Waiting for [findElementDynamic(): By.cssSelector: select[id='dd_date_8']] took [0.024 s]
2018-01-27 at 00:13:50 CET logDebug - [pool-1-thread-6] Waiting for [findElementDynamic(): By.cssSelector: select[id='dd_date_8']] took [0.012 s]
2018-01-27 at 00:13:50 CET logDebug - [pool-1-thread-6] Waiting for [findElementDynamic(): By.cssSelector: select[id='dd_date_8']] took [0.039 s]
2018-01-27 at 00:13:52 CET logDebug - [pool-1-thread-6] Waiting for [findElementDynamic(): By.cssSelector: select[id='dd_date_8']] took [0.02 s]
2018-01-27 at 00:13:52 CET logDebug - [pool-1-thread-6] Waiting for [findElementDynamic(): By.cssSelector: select[id='yy_date_8']] took [0.023 s]
2018-01-27 at 00:13:52 CET logDebug - [pool-1-thread-6] Waiting for [findElementDynamic(): By.cssSelector: select[id='yy_date_8']] took [0.018 s]
2018-01-27 at 00:13:52 CET logDebug - [pool-1-thread-6] Waiting for [findElementDynamic(): By.cssSelector: select[id='yy_date_8']] took [0.038 s]
2018-01-27 at 00:13:55 CET logDebug - [pool-1-thread-6] Waiting for [findElementDynamic(): By.cssSelector: select[id='yy_date_8']] took [0.02 s]
2018-01-27 at 00:13:55 CET logDebug - [pool-1-thread-6] Waiting for [findElementDynamic(): By.cssSelector: input[id='phone_9']] took [0.05 s]
2018-01-27 at 00:13:56 CET logDebug - [pool-1-thread-6] Waiting for [findElementDynamic(): By.cssSelector: input[id='phone_9']] took [0.032 s]
2018-01-27 at 00:13:56 CET logDebug - [pool-1-thread-6] Waiting for [findElementDynamic(): By.cssSelector: input[id='phone_9']] took [0.022 s]
2018-01-27 at 00:13:56 CET logDebug - [pool-1-thread-6] Waiting for [findElementDynamic(): By.cssSelector: input[id='username']] took [0.032 s]
2018-01-27 at 00:13:56 CET logDebug - [pool-1-thread-6] Waiting for [findElementDynamic(): By.cssSelector: input[id='username']] took [0.015 s]
2018-01-27 at 00:13:56 CET logDebug - [pool-1-thread-6] Waiting for [findElementDynamic(): By.cssSelector: input[id='username']] took [0.031 s]
2018-01-27 at 00:13:56 CET logDebug - [pool-1-thread-6] Waiting for [findElementDynamic(): By.cssSelector: input[id='email_1']] took [0.041 s]
2018-01-27 at 00:13:56 CET logDebug - [pool-1-thread-6] Waiting for [findElementDynamic(): By.cssSelector: input[id='email_1']] took [0.016 s]
2018-01-27 at 00:13:56 CET logDebug - [pool-1-thread-6] Waiting for [findElementDynamic(): By.cssSelector: input[id='email_1']] took [0.027 s]
2018-01-27 at 00:13:57 CET logDebug - [pool-1-thread-6] Waiting for [findElementDynamic(): By.cssSelector: textarea[ id='description' ]] took [0.046 s]
2018-01-27 at 00:13:57 CET logDebug - [pool-1-thread-6] Waiting for [findElementDynamic(): By.cssSelector: textarea[ id='description' ]] took [0.033 s]
2018-01-27 at 00:13:57 CET logDebug - [pool-1-thread-6] Waiting for [findElementDynamic(): By.cssSelector: textarea[ id='description' ]] took [0.035 s]
2018-01-27 at 00:13:58 CET logDebug - [pool-1-thread-6] Waiting for [findElementDynamic(): By.cssSelector: input[id='password_2']] took [0.049 s]
2018-01-27 at 00:13:58 CET logDebug - [pool-1-thread-6] Waiting for [findElementDynamic(): By.cssSelector: input[id='password_2']] took [0.025 s]
2018-01-27 at 00:13:58 CET logDebug - [pool-1-thread-6] Waiting for [findElementDynamic(): By.cssSelector: input[id='password_2']] took [0.056 s]
2018-01-27 at 00:13:59 CET logDebug - [pool-1-thread-6] Waiting for [findElementDynamic(): By.cssSelector: input[id='confirm_password_password_2']] took [0.05 s]
2018-01-27 at 00:13:59 CET logDebug - [pool-1-thread-6] Waiting for [findElementDynamic(): By.cssSelector: input[id='confirm_password_password_2']] took [0.018 s]
2018-01-27 at 00:13:59 CET logDebug - [pool-1-thread-6] Waiting for [findElementDynamic(): By.cssSelector: input[id='confirm_password_password_2']] took [0.025 s]
2018-01-27 at 00:13:59 CET logDebug - [pool-1-thread-6] Waiting for [findElementDynamic(): By.cssSelector: input[name='pie_submit']] took [0.041 s]
2018-01-27 at 00:13:59 CET logDebug - [pool-1-thread-6] Waiting for [findElementDynamic(): By.cssSelector: input[name='pie_submit']] took [0.023 s]
2018-01-27 at 00:13:59 CET logDebug - [pool-1-thread-6] Waiting for [waitForPageLoaded] took [0.016 s]
2018-01-27 at 00:13:59 CET logDebug - [pool-1-thread-6] Waiting for [findElementDynamic(): By.cssSelector: input[name='pie_submit']] took [0.033 s]
2018-01-27 at 00:14:01 CET logDebug - [pool-1-thread-6] Waiting for [waitForElementVisible(): By.cssSelector: p[class='piereg_login_error']] took [0.298 s]
2018-01-27 at 00:14:01 CET logDebug - [pool-1-thread-6] Waiting for [waitForElementVisible(): By.cssSelector: p[class='piereg_login_error']] took [0.159 s]
2018-01-27 at 00:14:01 CET logDebug - [pool-1-thread-6] Error: Username already exists
2018-01-27 at 00:14:01 CET logDebug - [pool-1-thread-6] Waiting for [findElementDynamic(): By.cssSelector: p[class='piereg_login_error']] took [0.016 s]
2018-01-27 at 00:14:01 CET logDebug - [pool-1-thread-6] Waiting for [findElementDynamic(): By.cssSelector: p[class='piereg_login_error']] took [0.027 s]
2018-01-27 at 00:14:01 CET logInfo - [pool-1-thread-6] registrationTest(com.capgemini.ntc.selenium.projectX.registration.RegisterOKTestDDExternalDataTest) PASSED.
2018-01-27 at 00:14:01 CET logDebug - [pool-1-thread-6] BasePage.onTestSuccess    RegistrationPage
2018-01-27 at 00:14:01 CET logInfo - [pool-1-thread-6] registrationTest(com.capgemini.ntc.selenium.projectX.registration.RegisterOKTestDDExternalDataTest) duration: 0,63 min
2018-01-27 at 00:14:03 CET logDebug - [pool-1-thread-6] BasePage.onTestFinish   RegistrationPage
2018-01-27 at 00:14:03 CET logDebug - [pool-1-thread-6] To remove observer: com.capgemini.ntc.selenium.pages.projectX.registration.RegistrationPage@7f63cec9
2018-01-27 at 00:14:03 CET logDebug - [pool-1-thread-6] BaseTest.tearDownClass()
2018-01-27 at 00:14:03 CET logDebug - [pool-1-thread-6] BaseTestWatcher.observers: [com.capgemini.ntc.selenium.pages.projectX.registration.RegistrationPage@7f63cec9]
2018-01-27 at 00:14:03 CET logDebug - [pool-1-thread-6] TestClassRule.classObservers: []
2018-01-27 at 00:14:03 CET logDebug - [pool-1-thread-6] BasePage.onTestClassFinish   RegistrationPage
2018-01-27 at 00:14:03 CET logDebug - [pool-1-thread-6] driver:NewChromeDriver: chrome on XP (2400a80da3e33945fb645e5ca3058315)
2018-01-27 at 00:14:03 CET logDebug - [pool-1-thread-6] Closing WebDriver for this thread. chrome
2018-01-27 at 00:14:03 CET logDebug - [pool-1-thread-6] All observers cleared.
Input text element: com.capgemini.ntc.selenium.core.newDrivers.elementType.RadioButtonElement@21f373b8 isn't clicked.
Tests run: 2, Failures: 0, Errors: 0, Skipped: 0, Time elapsed: 111.65 sec - in registrationTest
Running com.capgemini.ntc.selenium.projectX.registration.RegisterOKTest
2018-01-27 at 00:12:11 CET logInfo - [pool-1-thread-5] Register_OK(com.capgemini.ntc.selenium.projectX.registration.RegisterOKTest) STARTED.
2018-01-27 at 00:12:11 CET logDebug - [pool-1-thread-5] Creating new browser=chrome WebDriver.
2018-01-27 at 00:12:20 CET logInfo - [pool-1-thread-5] Trying to set requested resolution: 1600x1200.
2018-01-27 at 00:12:22 CET logInfo - [pool-1-thread-5] Resolution readed from device: 1600x1100
2018-01-27 at 00:12:22 CET logInfo - [pool-1-thread-5] Trying to set increased resolution for 'View port': 1616x1200.
2018-01-27 at 00:12:22 CET logInfo - [pool-1-thread-5] Resolution readed from device: 1616x1100
2018-01-27 at 00:12:22 CET logDebug - [pool-1-thread-5] driver:NewChromeDriver: chrome on XP (94cb9df79f42e58bb1ee43f58a4fccf5)
2018-01-27 at 00:12:22 CET logDebug - [pool-1-thread-5] To add observer: com.capgemini.ntc.selenium.pages.projectX.registration.RegistrationPage@7e3b4834
2018-01-27 at 00:12:22 CET logDebug - [pool-1-thread-5] BaseTestWatcher.observers: []
2018-01-27 at 00:12:22 CET logDebug - [pool-1-thread-5] TestClassRule.classObservers: []
2018-01-27 at 00:12:22 CET logDebug - [pool-1-thread-5] Added observer: com.capgemini.ntc.selenium.pages.projectX.registration.RegistrationPage@7e3b4834
2018-01-27 at 00:12:22 CET logDebug - [pool-1-thread-5] Waiting for [waitForPageLoaded] took [0.034 s]
2018-01-27 at 00:12:22 CET logDebug - [pool-1-thread-5] com.capgemini.ntc.selenium.pages.projectX.registration.RegistrationPage: Current loaded page (http://demoqa.com/registration/) with pageTitle (). Page to load: (http://demoqa.com/registration/) ,for page title: (Registration | Demoqa)
2018-01-27 at 00:12:34 CET logDebug - [pool-1-thread-5] Waiting for [waitForPageLoaded] took [0.04 s]
2018-01-27 at 00:12:34 CET logDebug - [pool-1-thread-5] Waiting for [findElementDynamic(): By.cssSelector: input[id='name_3_firstname']] took [0.299 s]
2018-01-27 at 00:12:35 CET logDebug - [pool-1-thread-5] Waiting for [findElementDynamic(): By.cssSelector: input[id='name_3_firstname']] took [0.106 s]
2018-01-27 at 00:12:35 CET logDebug - [pool-1-thread-5] Waiting for [findElementDynamic(): By.cssSelector: input[id='name_3_firstname']] took [0.072 s]
2018-01-27 at 00:12:36 CET logDebug - [pool-1-thread-5] Waiting for [findElementDynamic(): By.cssSelector: input[id='name_3_lastname']] took [0.114 s]
2018-01-27 at 00:12:36 CET logDebug - [pool-1-thread-5] Waiting for [findElementDynamic(): By.cssSelector: input[id='name_3_lastname']] took [0.04 s]
2018-01-27 at 00:12:36 CET logDebug - [pool-1-thread-5] Waiting for [findElementDynamic(): By.cssSelector: input[id='name_3_lastname']] took [0.089 s]
2018-01-27 at 00:12:36 CET logDebug - [pool-1-thread-5] Waiting for [findElementDynamic(): By.cssSelector: div[class='radio_wrap']] took [0.063 s]
2018-01-27 at 00:12:37 CET logDebug - [pool-1-thread-5] Waiting for [findElementDynamic(): By.cssSelector: div[class='radio_wrap']] took [0.148 s]
2018-01-27 at 00:12:37 CET logDebug - [pool-1-thread-5] Waiting for [findElementDynamic(): By.cssSelector: div[class='radio_wrap']] took [0.028 s]
Input text element: com.capgemini.ntc.selenium.core.newDrivers.elementType.RadioButtonElement@72cc4be0 isn't clicked.
2018-01-27 at 00:12:37 CET logDebug - [pool-1-thread-5] Waiting for [findElementDynamic(): By.cssSelector: li.fields.pageFields_1:nth-child(3) div.radio_wrap] took [0.086 s]
2018-01-27 at 00:12:37 CET logDebug - [pool-1-thread-5] Waiting for [findElementDynamic(): By.cssSelector: li.fields.pageFields_1:nth-child(3) div.radio_wrap] took [0.044 s]
2018-01-27 at 00:12:38 CET logDebug - [pool-1-thread-5] Waiting for [findElementDynamic(): By.cssSelector: li.fields.pageFields_1:nth-child(3) div.radio_wrap] took [0.052 s]
2018-01-27 at 00:12:38 CET logDebug - [pool-1-thread-5] Waiting for [findElementDynamic(): By.cssSelector: li.fields.pageFields_1:nth-child(3) div.radio_wrap] took [0.029 s]
2018-01-27 at 00:12:38 CET logDebug - [pool-1-thread-5] Waiting for [findElementDynamic(): By.cssSelector: select[id='dropdown_7']] took [0.085 s]
2018-01-27 at 00:12:38 CET logDebug - [pool-1-thread-5] Waiting for [findElementDynamic(): By.cssSelector: select[id='dropdown_7']] took [0.044 s]
2018-01-27 at 00:12:40 CET logDebug - [pool-1-thread-5] Waiting for [findElementDynamic(): By.cssSelector: select[id='dropdown_7']] took [0.121 s]
2018-01-27 at 00:12:57 CET logDebug - [pool-1-thread-5] Waiting for [findElementDynamic(): By.cssSelector: select[id='dropdown_7']] took [0.051 s]
2018-01-27 at 00:12:57 CET logDebug - [pool-1-thread-5] Waiting for [findElementDynamic(): By.cssSelector: select[id='mm_date_8']] took [0.171 s]
2018-01-27 at 00:12:57 CET logDebug - [pool-1-thread-5] Waiting for [findElementDynamic(): By.cssSelector: select[id='mm_date_8']] took [0.03 s]
2018-01-27 at 00:12:58 CET logDebug - [pool-1-thread-5] Waiting for [findElementDynamic(): By.cssSelector: select[id='mm_date_8']] took [0.049 s]
2018-01-27 at 00:12:59 CET logDebug - [pool-1-thread-5] Waiting for [findElementDynamic(): By.cssSelector: select[id='mm_date_8']] took [0.114 s]
2018-01-27 at 00:12:59 CET logDebug - [pool-1-thread-5] Waiting for [findElementDynamic(): By.cssSelector: select[id='dd_date_8']] took [0.091 s]
2018-01-27 at 00:12:59 CET logDebug - [pool-1-thread-5] Waiting for [findElementDynamic(): By.cssSelector: select[id='dd_date_8']] took [0.03 s]
2018-01-27 at 00:13:00 CET logDebug - [pool-1-thread-5] Waiting for [findElementDynamic(): By.cssSelector: select[id='dd_date_8']] took [0.232 s]
2018-01-27 at 00:13:04 CET logDebug - [pool-1-thread-5] Waiting for [findElementDynamic(): By.cssSelector: select[id='dd_date_8']] took [0.185 s]
2018-01-27 at 00:13:04 CET logDebug - [pool-1-thread-5] Waiting for [findElementDynamic(): By.cssSelector: select[id='yy_date_8']] took [0.071 s]
2018-01-27 at 00:13:04 CET logDebug - [pool-1-thread-5] Waiting for [findElementDynamic(): By.cssSelector: select[id='yy_date_8']] took [0.033 s]
2018-01-27 at 00:13:04 CET logDebug - [pool-1-thread-5] Waiting for [findElementDynamic(): By.cssSelector: select[id='yy_date_8']] took [0.083 s]
2018-01-27 at 00:13:09 CET logDebug - [pool-1-thread-5] Waiting for [findElementDynamic(): By.cssSelector: select[id='yy_date_8']] took [0.02 s]
2018-01-27 at 00:13:10 CET logDebug - [pool-1-thread-5] Waiting for [findElementDynamic(): By.cssSelector: input[id='phone_9']] took [0.067 s]
2018-01-27 at 00:13:10 CET logDebug - [pool-1-thread-5] Waiting for [findElementDynamic(): By.cssSelector: input[id='phone_9']] took [0.052 s]
2018-01-27 at 00:13:10 CET logDebug - [pool-1-thread-5] Waiting for [findElementDynamic(): By.cssSelector: input[id='phone_9']] took [0.073 s]
2018-01-27 at 00:13:10 CET logDebug - [pool-1-thread-5] Waiting for [findElementDynamic(): By.cssSelector: input[id='username']] took [0.046 s]
2018-01-27 at 00:13:10 CET logDebug - [pool-1-thread-5] Waiting for [findElementDynamic(): By.cssSelector: input[id='username']] took [0.058 s]
2018-01-27 at 00:13:11 CET logDebug - [pool-1-thread-5] Waiting for [findElementDynamic(): By.cssSelector: input[id='username']] took [0.035 s]
2018-01-27 at 00:13:11 CET logDebug - [pool-1-thread-5] Waiting for [findElementDynamic(): By.cssSelector: input[id='email_1']] took [0.07 s]
2018-01-27 at 00:13:11 CET logDebug - [pool-1-thread-5] Waiting for [findElementDynamic(): By.cssSelector: input[id='email_1']] took [0.045 s]
2018-01-27 at 00:13:12 CET logDebug - [pool-1-thread-5] Waiting for [findElementDynamic(): By.cssSelector: input[id='email_1']] took [0.036 s]
2018-01-27 at 00:13:14 CET logDebug - [pool-1-thread-5] Waiting for [findElementDynamic(): By.cssSelector: textarea[ id='description' ]] took [0.104 s]
2018-01-27 at 00:13:14 CET logDebug - [pool-1-thread-5] Waiting for [findElementDynamic(): By.cssSelector: textarea[ id='description' ]] took [0.093 s]
2018-01-27 at 00:13:14 CET logDebug - [pool-1-thread-5] Waiting for [findElementDynamic(): By.cssSelector: textarea[ id='description' ]] took [0.135 s]
2018-01-27 at 00:13:16 CET logDebug - [pool-1-thread-5] Waiting for [findElementDynamic(): By.cssSelector: input[id='password_2']] took [0.133 s]
2018-01-27 at 00:13:16 CET logDebug - [pool-1-thread-5] Waiting for [findElementDynamic(): By.cssSelector: input[id='password_2']] took [0.138 s]
2018-01-27 at 00:13:16 CET logDebug - [pool-1-thread-5] Waiting for [findElementDynamic(): By.cssSelector: input[id='password_2']] took [0.07 s]
2018-01-27 at 00:13:17 CET logDebug - [pool-1-thread-5] Waiting for [findElementDynamic(): By.cssSelector: input[id='confirm_password_password_2']] took [0.085 s]
2018-01-27 at 00:13:17 CET logDebug - [pool-1-thread-5] Waiting for [findElementDynamic(): By.cssSelector: input[id='confirm_password_password_2']] took [0.038 s]
2018-01-27 at 00:13:17 CET logDebug - [pool-1-thread-5] Waiting for [findElementDynamic(): By.cssSelector: input[id='confirm_password_password_2']] took [0.065 s]
2018-01-27 at 00:13:18 CET logDebug - [pool-1-thread-5] Waiting for [findElementDynamic(): By.cssSelector: input[name='pie_submit']] took [0.045 s]
2018-01-27 at 00:13:18 CET logDebug - [pool-1-thread-5] Waiting for [findElementDynamic(): By.cssSelector: input[name='pie_submit']] took [0.022 s]
2018-01-27 at 00:13:18 CET logDebug - [pool-1-thread-5] Waiting for [waitForPageLoaded] took [0.06 s]
2018-01-27 at 00:13:18 CET logDebug - [pool-1-thread-5] Waiting for [findElementDynamic(): By.cssSelector: input[name='pie_submit']] took [0.033 s]
2018-01-27 at 00:13:22 CET logDebug - [pool-1-thread-5] Waiting for [waitForElementVisible(): By.cssSelector: p[class='piereg_login_error']] took [0.522 s]
2018-01-27 at 00:13:22 CET logDebug - [pool-1-thread-5] Waiting for [waitForElementVisible(): By.cssSelector: p[class='piereg_login_error']] took [0.158 s]
2018-01-27 at 00:13:22 CET logDebug - [pool-1-thread-5] Error: Username already exists
2018-01-27 at 00:13:22 CET logDebug - [pool-1-thread-5] Waiting for [findElementDynamic(): By.cssSelector: p[class='piereg_login_error']] took [0.037 s]
2018-01-27 at 00:13:22 CET logDebug - [pool-1-thread-5] Waiting for [findElementDynamic(): By.cssSelector: p[class='piereg_login_error']] took [0.02 s]
2018-01-27 at 00:13:22 CET logInfo - [pool-1-thread-5] Register_OK(com.capgemini.ntc.selenium.projectX.registration.RegisterOKTest) PASSED.
2018-01-27 at 00:13:22 CET logDebug - [pool-1-thread-5] BasePage.onTestSuccess    RegistrationPage
2018-01-27 at 00:13:22 CET logInfo - [pool-1-thread-5] Register_OK(com.capgemini.ntc.selenium.projectX.registration.RegisterOKTest) duration: 1,19 min
2018-01-27 at 00:13:22 CET logDebug - [pool-1-thread-5] BasePage.onTestFinish   RegistrationPage
2018-01-27 at 00:13:22 CET logDebug - [pool-1-thread-5] To remove observer: com.capgemini.ntc.selenium.pages.projectX.registration.RegistrationPage@7e3b4834
2018-01-27 at 00:13:22 CET logDebug - [pool-1-thread-5] BaseTest.tearDownClass()
2018-01-27 at 00:13:22 CET logDebug - [pool-1-thread-5] BaseTestWatcher.observers: [com.capgemini.ntc.selenium.pages.projectX.registration.RegistrationPage@7e3b4834]
2018-01-27 at 00:13:22 CET logDebug - [pool-1-thread-5] TestClassRule.classObservers: []
2018-01-27 at 00:13:22 CET logDebug - [pool-1-thread-5] BasePage.onTestClassFinish   RegistrationPage
2018-01-27 at 00:13:22 CET logDebug - [pool-1-thread-5] driver:NewChromeDriver: chrome on XP (94cb9df79f42e58bb1ee43f58a4fccf5)
2018-01-27 at 00:13:22 CET logDebug - [pool-1-thread-5] Closing WebDriver for this thread. chrome
2018-01-27 at 00:13:24 CET logDebug - [pool-1-thread-5] All observers cleared.
Tests run: 1, Failures: 0, Errors: 0, Skipped: 0, Time elapsed: 71.217 sec - in com.capgemini.ntc.selenium.projectX.registration.RegisterOKTest
Running resolution_test
2018-01-27 at 00:11:45 CET logInfo - [pool-1-thread-2] resolution_test(com.capgemini.ntc.selenium.features.samples.resolutions.ResolutionTest) STARTED.
2018-01-27 at 00:11:45 CET logDebug - [pool-1-thread-2] Creating new browser=chrome WebDriver.
2018-01-27 at 00:11:54 CET logInfo - [pool-1-thread-2] Trying to set requested resolution: 1600x1200.
2018-01-27 at 00:11:55 CET logInfo - [pool-1-thread-2] Resolution readed from device: 1600x1100
2018-01-27 at 00:11:55 CET logInfo - [pool-1-thread-2] Trying to set increased resolution for 'View port': 1616x1200.
2018-01-27 at 00:11:55 CET logInfo - [pool-1-thread-2] Resolution readed from device: 1616x1100
2018-01-27 at 00:11:55 CET logDebug - [pool-1-thread-2] driver:NewChromeDriver: chrome on XP (95c8214e26550e3f964974a274cbb54c)
2018-01-27 at 00:11:55 CET logDebug - [pool-1-thread-2] To add observer: com.capgemini.ntc.selenium.pages.projectX.registration.RegistryPage@65438c38
2018-01-27 at 00:11:55 CET logDebug - [pool-1-thread-2] BaseTestWatcher.observers: []
2018-01-27 at 00:11:55 CET logDebug - [pool-1-thread-2] TestClassRule.classObservers: []
2018-01-27 at 00:11:55 CET logDebug - [pool-1-thread-2] Added observer: com.capgemini.ntc.selenium.pages.projectX.registration.RegistryPage@65438c38
2018-01-27 at 00:11:56 CET logDebug - [pool-1-thread-2] Waiting for [waitForPageLoaded] took [0.16 s]
2018-01-27 at 00:11:56 CET logDebug - [pool-1-thread-2] com.capgemini.ntc.selenium.pages.projectX.registration.RegistryPage: Current loaded page (http://demoqa.com/registration/) with pageTitle (). Page to load: (http://demoqa.com/registration/) ,for page title: (Registration | Demoqa)
2018-01-27 at 00:12:03 CET logDebug - [pool-1-thread-2] Waiting for [waitForPageLoaded] took [0.017 s]
2018-01-27 at 00:12:03 CET logInfo - [pool-1-thread-2] Trying to set requested resolution: 768x576.
2018-01-27 at 00:12:03 CET logInfo - [pool-1-thread-2] Resolution readed from device: 768x576
2018-01-27 at 00:12:03 CET logInfo - [pool-1-thread-2] Trying to set increased resolution for 'View port': 801x576.
2018-01-27 at 00:12:04 CET logInfo - [pool-1-thread-2] Resolution readed from device: 801x576
2018-01-27 at 00:12:04 CET logDebug - [pool-1-thread-2] Waiting for [findElementDynamic(): By.cssSelector: input[id='name_3_firstname']] took [0.113 s]
2018-01-27 at 00:12:05 CET logInfo - [pool-1-thread-2] resolution_test(com.capgemini.ntc.selenium.features.samples.resolutions.ResolutionTest) PASSED.
2018-01-27 at 00:12:05 CET logDebug - [pool-1-thread-2] BasePage.onTestSuccess    RegistryPage
2018-01-27 at 00:12:05 CET logInfo - [pool-1-thread-2] resolution_test(com.capgemini.ntc.selenium.features.samples.resolutions.ResolutionTest) duration: 0,33 min
2018-01-27 at 00:12:06 CET logDebug - [pool-1-thread-2] BasePage.onTestFinish   RegistryPage
2018-01-27 at 00:12:06 CET logDebug - [pool-1-thread-2] To remove observer: com.capgemini.ntc.selenium.pages.projectX.registration.RegistryPage@65438c38
2018-01-27 at 00:12:06 CET logInfo - [pool-1-thread-2] resolution_test(com.capgemini.ntc.selenium.features.samples.resolutions.ResolutionTest) STARTED.
2018-01-27 at 00:12:06 CET logDebug - [pool-1-thread-2] To add observer: com.capgemini.ntc.selenium.pages.projectX.registration.RegistryPage@543c33a2
2018-01-27 at 00:12:06 CET logDebug - [pool-1-thread-2] BaseTestWatcher.observers: [com.capgemini.ntc.selenium.pages.projectX.registration.RegistryPage@65438c38]
2018-01-27 at 00:12:06 CET logDebug - [pool-1-thread-2] TestClassRule.classObservers: []
2018-01-27 at 00:12:07 CET logDebug - [pool-1-thread-2] Waiting for [waitForPageLoaded] took [0.321 s]
2018-01-27 at 00:12:07 CET logInfo - [pool-1-thread-2] Trying to set requested resolution: 960x720.
2018-01-27 at 00:12:07 CET logInfo - [pool-1-thread-2] Resolution readed from device: 960x720
2018-01-27 at 00:12:07 CET logInfo - [pool-1-thread-2] Trying to set increased resolution for 'View port': 993x720.
2018-01-27 at 00:12:08 CET logInfo - [pool-1-thread-2] Resolution readed from device: 993x720
2018-01-27 at 00:12:08 CET logDebug - [pool-1-thread-2] Waiting for [findElementDynamic(): By.cssSelector: input[id='name_3_firstname']] took [0.028 s]
2018-01-27 at 00:12:09 CET logInfo - [pool-1-thread-2] resolution_test(com.capgemini.ntc.selenium.features.samples.resolutions.ResolutionTest) PASSED.
2018-01-27 at 00:12:09 CET logDebug - [pool-1-thread-2] BasePage.onTestSuccess    RegistryPage
2018-01-27 at 00:12:09 CET logInfo - [pool-1-thread-2] resolution_test(com.capgemini.ntc.selenium.features.samples.resolutions.ResolutionTest) duration: 0,04 min
2018-01-27 at 00:12:09 CET logDebug - [pool-1-thread-2] BasePage.onTestFinish   RegistryPage
2018-01-27 at 00:12:09 CET logDebug - [pool-1-thread-2] To remove observer: com.capgemini.ntc.selenium.pages.projectX.registration.RegistryPage@65438c38
2018-01-27 at 00:12:09 CET logInfo - [pool-1-thread-2] resolution_test(com.capgemini.ntc.selenium.features.samples.resolutions.ResolutionTest) STARTED.
2018-01-27 at 00:12:09 CET logDebug - [pool-1-thread-2] To add observer: com.capgemini.ntc.selenium.pages.projectX.registration.RegistryPage@28540507
2018-01-27 at 00:12:09 CET logDebug - [pool-1-thread-2] BaseTestWatcher.observers: [com.capgemini.ntc.selenium.pages.projectX.registration.RegistryPage@65438c38]
2018-01-27 at 00:12:09 CET logDebug - [pool-1-thread-2] TestClassRule.classObservers: []
2018-01-27 at 00:12:09 CET logDebug - [pool-1-thread-2] Waiting for [waitForPageLoaded] took [0.019 s]
2018-01-27 at 00:12:09 CET logInfo - [pool-1-thread-2] Trying to set requested resolution: 1920x1080.
2018-01-27 at 00:12:09 CET logInfo - [pool-1-thread-2] Resolution readed from device: 1920x1080
2018-01-27 at 00:12:09 CET logInfo - [pool-1-thread-2] Trying to set increased resolution for 'View port': 1953x1080.
2018-01-27 at 00:12:09 CET logInfo - [pool-1-thread-2] Resolution readed from device: 1940x1080
2018-01-27 at 00:12:09 CET logDebug - [pool-1-thread-2] Waiting for [findElementDynamic(): By.cssSelector: input[id='name_3_firstname']] took [0.021 s]
2018-01-27 at 00:12:10 CET logInfo - [pool-1-thread-2] resolution_test(com.capgemini.ntc.selenium.features.samples.resolutions.ResolutionTest) PASSED.
2018-01-27 at 00:12:10 CET logDebug - [pool-1-thread-2] BasePage.onTestSuccess    RegistryPage
2018-01-27 at 00:12:10 CET logInfo - [pool-1-thread-2] resolution_test(com.capgemini.ntc.selenium.features.samples.resolutions.ResolutionTest) duration: 0,03 min
2018-01-27 at 00:12:10 CET logDebug - [pool-1-thread-2] BasePage.onTestFinish   RegistryPage
2018-01-27 at 00:12:10 CET logDebug - [pool-1-thread-2] To remove observer: com.capgemini.ntc.selenium.pages.projectX.registration.RegistryPage@65438c38
2018-01-27 at 00:12:10 CET logDebug - [pool-1-thread-2] BaseTest.tearDownClass()
2018-01-27 at 00:12:10 CET logDebug - [pool-1-thread-2] BaseTestWatcher.observers: [com.capgemini.ntc.selenium.pages.projectX.registration.RegistryPage@65438c38]
2018-01-27 at 00:12:10 CET logDebug - [pool-1-thread-2] TestClassRule.classObservers: []
2018-01-27 at 00:12:10 CET logDebug - [pool-1-thread-2] BasePage.onTestClassFinish   RegistryPage
2018-01-27 at 00:12:10 CET logDebug - [pool-1-thread-2] driver:NewChromeDriver: chrome on XP (95c8214e26550e3f964974a274cbb54c)
2018-01-27 at 00:12:10 CET logDebug - [pool-1-thread-2] Closing WebDriver for this thread. chrome
2018-01-27 at 00:12:11 CET logDebug - [pool-1-thread-2] All observers cleared.
Tests run: 3, Failures: 0, Errors: 0, Skipped: 0, Time elapsed: 25.586 sec - in resolution_test
Starting ChromeDriver 2.33.506120 (e3e53437346286c0bc2d2dc9aa4915ba81d9023f) on port 36402
Only local connections are allowed.
Starting ChromeDriver 2.33.506120 (e3e53437346286c0bc2d2dc9aa4915ba81d9023f) on port 15760
Only local connections are allowed.
Starting ChromeDriver 2.33.506120 (e3e53437346286c0bc2d2dc9aa4915ba81d9023f) on port 26496
Only local connections are allowed.
sty 27, 2018 12:14:11 AM org.openqa.selenium.remote.ProtocolHandshake createSession
INFO: Detected dialect: OSS
sty 27, 2018 12:14:11 AM org.openqa.selenium.remote.ProtocolHandshake createSession
INFO: Detected dialect: OSS
sty 27, 2018 12:14:12 AM org.openqa.selenium.remote.ProtocolHandshake createSession
INFO: Detected dialect: OSS
2018-01-27 at 00:14:12 CET logInfo - [pool-1-thread-1] Trying to set requested resolution: 1600x1200.
2018-01-27 at 00:14:13 CET logInfo - [pool-1-thread-1] Resolution readed from device: 1600x1100
2018-01-27 at 00:14:14 CET logInfo - [pool-1-thread-1] Trying to set increased resolution for 'View port': 1616x1200.
2018-01-27 at 00:14:14 CET logInfo - [pool-1-thread-1] Resolution readed from device: 1616x1100
2018-01-27 at 00:14:14 CET logDebug - [pool-1-thread-1] driver:NewChromeDriver: chrome on XP (dcc9c9e5d726082983e68cce2b2fc208)
2018-01-27 at 00:14:14 CET logDebug - [pool-1-thread-1] To add observer: com.capgemini.ntc.selenium.pages.projectY.TheInternetPage@6bb46a9a
2018-01-27 at 00:14:14 CET logDebug - [pool-1-thread-1] BaseTestWatcher.observers: []
2018-01-27 at 00:14:14 CET logDebug - [pool-1-thread-1] TestClassRule.classObservers: []
2018-01-27 at 00:14:14 CET logDebug - [pool-1-thread-1] Added observer: com.capgemini.ntc.selenium.pages.projectY.TheInternetPage@6bb46a9a
2018-01-27 at 00:14:14 CET logDebug - [pool-1-thread-1] The internet page is loaded: data:,
2018-01-27 at 00:14:14 CET logDebug - [pool-1-thread-1] load page
Running registrationTest
2018-01-27 at 00:12:11 CET logInfo - [pool-1-thread-7] registrationTest(com.capgemini.ntc.selenium.projectX.registration.RegisterOKTestDDInternalDataTest) STARTED.
2018-01-27 at 00:12:11 CET logDebug - [pool-1-thread-7] Creating new browser=chrome WebDriver.
2018-01-27 at 00:12:19 CET logInfo - [pool-1-thread-7] Trying to set requested resolution: 1600x1200.
2018-01-27 at 00:12:20 CET logInfo - [pool-1-thread-7] Resolution readed from device: 1600x1100
2018-01-27 at 00:12:20 CET logInfo - [pool-1-thread-7] Trying to set increased resolution for 'View port': 1616x1200.
2018-01-27 at 00:12:21 CET logInfo - [pool-1-thread-7] Resolution readed from device: 1616x1100
2018-01-27 at 00:12:21 CET logDebug - [pool-1-thread-7] driver:NewChromeDriver: chrome on XP (aacb104b39ba2f478871f5db1613a181)
2018-01-27 at 00:12:21 CET logDebug - [pool-1-thread-7] To add observer: com.capgemini.ntc.selenium.pages.projectX.registration.RegistrationPage@62525fbe
2018-01-27 at 00:12:21 CET logDebug - [pool-1-thread-7] BaseTestWatcher.observers: []
2018-01-27 at 00:12:21 CET logDebug - [pool-1-thread-7] TestClassRule.classObservers: []
2018-01-27 at 00:12:21 CET logDebug - [pool-1-thread-7] Added observer: com.capgemini.ntc.selenium.pages.projectX.registration.RegistrationPage@62525fbe
2018-01-27 at 00:12:21 CET logDebug - [pool-1-thread-7] Waiting for [waitForPageLoaded] took [0.017 s]
2018-01-27 at 00:12:21 CET logDebug - [pool-1-thread-7] com.capgemini.ntc.selenium.pages.projectX.registration.RegistrationPage: Current loaded page (http://demoqa.com/registration/) with pageTitle (). Page to load: (http://demoqa.com/registration/) ,for page title: (Registration | Demoqa)
2018-01-27 at 00:12:34 CET logDebug - [pool-1-thread-7] Waiting for [waitForPageLoaded] took [0.013 s]
2018-01-27 at 00:12:34 CET logDebug - [pool-1-thread-7] Waiting for [findElementDynamic(): By.cssSelector: input[id='name_3_firstname']] took [0.061 s]
2018-01-27 at 00:12:34 CET logDebug - [pool-1-thread-7] Waiting for [findElementDynamic(): By.cssSelector: input[id='name_3_firstname']] took [0.057 s]
2018-01-27 at 00:12:35 CET logDebug - [pool-1-thread-7] Waiting for [findElementDynamic(): By.cssSelector: input[id='name_3_firstname']] took [0.145 s]
2018-01-27 at 00:12:35 CET logDebug - [pool-1-thread-7] Waiting for [findElementDynamic(): By.cssSelector: input[id='name_3_lastname']] took [0.07 s]
2018-01-27 at 00:12:35 CET logDebug - [pool-1-thread-7] Waiting for [findElementDynamic(): By.cssSelector: input[id='name_3_lastname']] took [0.063 s]
2018-01-27 at 00:12:36 CET logDebug - [pool-1-thread-7] Waiting for [findElementDynamic(): By.cssSelector: input[id='name_3_lastname']] took [0.194 s]
2018-01-27 at 00:12:36 CET logDebug - [pool-1-thread-7] Waiting for [findElementDynamic(): By.cssSelector: div[class='radio_wrap']] took [0.066 s]
2018-01-27 at 00:12:36 CET logDebug - [pool-1-thread-7] Waiting for [findElementDynamic(): By.cssSelector: div[class='radio_wrap']] took [0.032 s]
2018-01-27 at 00:12:36 CET logDebug - [pool-1-thread-7] Waiting for [findElementDynamic(): By.cssSelector: div[class='radio_wrap']] took [0.048 s]
Input text element: com.capgemini.ntc.selenium.core.newDrivers.elementType.RadioButtonElement@78998539 isn't clicked.
2018-01-27 at 00:12:37 CET logDebug - [pool-1-thread-7] Waiting for [findElementDynamic(): By.cssSelector: li.fields.pageFields_1:nth-child(3) div.radio_wrap] took [0.067 s]
2018-01-27 at 00:12:37 CET logDebug - [pool-1-thread-7] Waiting for [findElementDynamic(): By.cssSelector: li.fields.pageFields_1:nth-child(3) div.radio_wrap] took [0.031 s]
2018-01-27 at 00:12:38 CET logDebug - [pool-1-thread-7] Waiting for [findElementDynamic(): By.cssSelector: select[id='dropdown_7']] took [0.066 s]
2018-01-27 at 00:12:38 CET logDebug - [pool-1-thread-7] Waiting for [findElementDynamic(): By.cssSelector: select[id='dropdown_7']] took [0.043 s]
2018-01-27 at 00:12:39 CET logDebug - [pool-1-thread-7] Waiting for [findElementDynamic(): By.cssSelector: select[id='dropdown_7']] took [0.401 s]
2018-01-27 at 00:12:57 CET logDebug - [pool-1-thread-7] Waiting for [findElementDynamic(): By.cssSelector: select[id='dropdown_7']] took [0.061 s]
2018-01-27 at 00:12:57 CET logDebug - [pool-1-thread-7] Waiting for [findElementDynamic(): By.cssSelector: select[id='mm_date_8']] took [0.194 s]
2018-01-27 at 00:12:57 CET logDebug - [pool-1-thread-7] Waiting for [findElementDynamic(): By.cssSelector: select[id='mm_date_8']] took [0.041 s]
2018-01-27 at 00:12:58 CET logDebug - [pool-1-thread-7] Waiting for [findElementDynamic(): By.cssSelector: select[id='mm_date_8']] took [0.044 s]
2018-01-27 at 00:12:59 CET logDebug - [pool-1-thread-7] Waiting for [findElementDynamic(): By.cssSelector: select[id='mm_date_8']] took [0.051 s]
2018-01-27 at 00:12:59 CET logDebug - [pool-1-thread-7] Waiting for [findElementDynamic(): By.cssSelector: select[id='dd_date_8']] took [0.05 s]
2018-01-27 at 00:13:00 CET logDebug - [pool-1-thread-7] Waiting for [findElementDynamic(): By.cssSelector: select[id='dd_date_8']] took [0.041 s]
2018-01-27 at 00:13:00 CET logDebug - [pool-1-thread-7] Waiting for [findElementDynamic(): By.cssSelector: select[id='dd_date_8']] took [0.094 s]
2018-01-27 at 00:13:04 CET logDebug - [pool-1-thread-7] Waiting for [findElementDynamic(): By.cssSelector: select[id='dd_date_8']] took [0.032 s]
2018-01-27 at 00:13:04 CET logDebug - [pool-1-thread-7] Waiting for [findElementDynamic(): By.cssSelector: select[id='yy_date_8']] took [0.077 s]
2018-01-27 at 00:13:04 CET logDebug - [pool-1-thread-7] Waiting for [findElementDynamic(): By.cssSelector: select[id='yy_date_8']] took [0.091 s]
2018-01-27 at 00:13:04 CET logDebug - [pool-1-thread-7] Waiting for [findElementDynamic(): By.cssSelector: select[id='yy_date_8']] took [0.074 s]
2018-01-27 at 00:13:10 CET logDebug - [pool-1-thread-7] Waiting for [findElementDynamic(): By.cssSelector: select[id='yy_date_8']] took [0.103 s]
2018-01-27 at 00:13:10 CET logDebug - [pool-1-thread-7] Waiting for [findElementDynamic(): By.cssSelector: input[id='phone_9']] took [0.078 s]
2018-01-27 at 00:13:10 CET logDebug - [pool-1-thread-7] Waiting for [findElementDynamic(): By.cssSelector: input[id='phone_9']] took [0.054 s]
2018-01-27 at 00:13:10 CET logDebug - [pool-1-thread-7] Waiting for [findElementDynamic(): By.cssSelector: input[id='phone_9']] took [0.07 s]
2018-01-27 at 00:13:11 CET logDebug - [pool-1-thread-7] Waiting for [findElementDynamic(): By.cssSelector: input[id='username']] took [0.061 s]
2018-01-27 at 00:13:11 CET logDebug - [pool-1-thread-7] Waiting for [findElementDynamic(): By.cssSelector: input[id='username']] took [0.044 s]
2018-01-27 at 00:13:11 CET logDebug - [pool-1-thread-7] Waiting for [findElementDynamic(): By.cssSelector: input[id='username']] took [0.051 s]
2018-01-27 at 00:13:12 CET logDebug - [pool-1-thread-7] Waiting for [findElementDynamic(): By.cssSelector: input[id='email_1']] took [0.165 s]
2018-01-27 at 00:13:12 CET logDebug - [pool-1-thread-7] Waiting for [findElementDynamic(): By.cssSelector: input[id='email_1']] took [0.061 s]
2018-01-27 at 00:13:12 CET logDebug - [pool-1-thread-7] Waiting for [findElementDynamic(): By.cssSelector: input[id='email_1']] took [0.058 s]
2018-01-27 at 00:13:15 CET logDebug - [pool-1-thread-7] Waiting for [findElementDynamic(): By.cssSelector: textarea[ id='description' ]] took [0.139 s]
2018-01-27 at 00:13:15 CET logDebug - [pool-1-thread-7] Waiting for [findElementDynamic(): By.cssSelector: textarea[ id='description' ]] took [0.102 s]
2018-01-27 at 00:13:16 CET logDebug - [pool-1-thread-7] Waiting for [findElementDynamic(): By.cssSelector: textarea[ id='description' ]] took [0.134 s]
2018-01-27 at 00:13:16 CET logDebug - [pool-1-thread-7] Waiting for [findElementDynamic(): By.cssSelector: input[id='password_2']] took [0.045 s]
2018-01-27 at 00:13:16 CET logDebug - [pool-1-thread-7] Waiting for [findElementDynamic(): By.cssSelector: input[id='password_2']] took [0.02 s]
2018-01-27 at 00:13:17 CET logDebug - [pool-1-thread-7] Waiting for [findElementDynamic(): By.cssSelector: input[id='password_2']] took [0.122 s]
2018-01-27 at 00:13:17 CET logDebug - [pool-1-thread-7] Waiting for [findElementDynamic(): By.cssSelector: input[id='confirm_password_password_2']] took [0.043 s]
2018-01-27 at 00:13:17 CET logDebug - [pool-1-thread-7] Waiting for [findElementDynamic(): By.cssSelector: input[id='confirm_password_password_2']] took [0.019 s]
2018-01-27 at 00:13:18 CET logDebug - [pool-1-thread-7] Waiting for [findElementDynamic(): By.cssSelector: input[id='confirm_password_password_2']] took [0.081 s]
2018-01-27 at 00:13:19 CET logDebug - [pool-1-thread-7] Waiting for [findElementDynamic(): By.cssSelector: input[name='pie_submit']] took [0.126 s]
2018-01-27 at 00:13:19 CET logDebug - [pool-1-thread-7] Waiting for [findElementDynamic(): By.cssSelector: input[name='pie_submit']] took [0.024 s]
2018-01-27 at 00:13:19 CET logDebug - [pool-1-thread-7] Waiting for [waitForPageLoaded] took [0.042 s]
2018-01-27 at 00:13:19 CET logDebug - [pool-1-thread-7] Waiting for [findElementDynamic(): By.cssSelector: input[name='pie_submit']] took [0.038 s]
2018-01-27 at 00:13:23 CET logDebug - [pool-1-thread-7] Waiting for [waitForElementVisible(): By.cssSelector: p[class='piereg_login_error']] took [0.43 s]
2018-01-27 at 00:13:23 CET logDebug - [pool-1-thread-7] Waiting for [waitForElementVisible(): By.cssSelector: p[class='piereg_login_error']] took [0.176 s]
2018-01-27 at 00:13:23 CET logDebug - [pool-1-thread-7] Error: Username already exists
2018-01-27 at 00:13:23 CET logDebug - [pool-1-thread-7] Waiting for [findElementDynamic(): By.cssSelector: p[class='piereg_login_error']] took [0.061 s]
2018-01-27 at 00:13:23 CET logDebug - [pool-1-thread-7] Waiting for [findElementDynamic(): By.cssSelector: p[class='piereg_login_error']] took [0.15 s]
2018-01-27 at 00:13:23 CET logInfo - [pool-1-thread-7] registrationTest(com.capgemini.ntc.selenium.projectX.registration.RegisterOKTestDDInternalDataTest) PASSED.
2018-01-27 at 00:13:23 CET logDebug - [pool-1-thread-7] BasePage.onTestSuccess    RegistrationPage
2018-01-27 at 00:13:23 CET logInfo - [pool-1-thread-7] registrationTest(com.capgemini.ntc.selenium.projectX.registration.RegisterOKTestDDInternalDataTest) duration: 1,21 min
2018-01-27 at 00:13:25 CET logDebug - [pool-1-thread-7] BasePage.onTestFinish   RegistrationPage
2018-01-27 at 00:13:25 CET logDebug - [pool-1-thread-7] To remove observer: com.capgemini.ntc.selenium.pages.projectX.registration.RegistrationPage@62525fbe
2018-01-27 at 00:13:26 CET logInfo - [pool-1-thread-7] registrationTest(com.capgemini.ntc.selenium.projectX.registration.RegisterOKTestDDInternalDataTest) STARTED.
2018-01-27 at 00:13:26 CET logDebug - [pool-1-thread-7] To add observer: com.capgemini.ntc.selenium.pages.projectX.registration.RegistrationPage@3a13e81d
2018-01-27 at 00:13:26 CET logDebug - [pool-1-thread-7] BaseTestWatcher.observers: [com.capgemini.ntc.selenium.pages.projectX.registration.RegistrationPage@62525fbe]
2018-01-27 at 00:13:26 CET logDebug - [pool-1-thread-7] TestClassRule.classObservers: []
2018-01-27 at 00:13:26 CET logDebug - [pool-1-thread-7] Waiting for [waitForPageLoaded] took [0.528 s]
2018-01-27 at 00:13:26 CET logDebug - [pool-1-thread-7] Waiting for [waitForPageLoaded] took [0.033 s]
2018-01-27 at 00:13:27 CET logDebug - [pool-1-thread-7] Waiting for [findElementDynamic(): By.cssSelector: input[id='name_3_firstname']] took [0.095 s]
2018-01-27 at 00:13:27 CET logDebug - [pool-1-thread-7] Waiting for [findElementDynamic(): By.cssSelector: input[id='name_3_firstname']] took [0.132 s]
2018-01-27 at 00:13:27 CET logDebug - [pool-1-thread-7] Waiting for [findElementDynamic(): By.cssSelector: input[id='name_3_firstname']] took [0.139 s]
2018-01-27 at 00:13:28 CET logDebug - [pool-1-thread-7] Waiting for [findElementDynamic(): By.cssSelector: input[id='name_3_lastname']] took [0.373 s]
2018-01-27 at 00:13:28 CET logDebug - [pool-1-thread-7] Waiting for [findElementDynamic(): By.cssSelector: input[id='name_3_lastname']] took [0.046 s]
2018-01-27 at 00:13:28 CET logDebug - [pool-1-thread-7] Waiting for [findElementDynamic(): By.cssSelector: input[id='name_3_lastname']] took [0.09 s]
2018-01-27 at 00:13:29 CET logDebug - [pool-1-thread-7] Waiting for [findElementDynamic(): By.cssSelector: div[class='radio_wrap']] took [0.039 s]
2018-01-27 at 00:13:29 CET logDebug - [pool-1-thread-7] Waiting for [findElementDynamic(): By.cssSelector: div[class='radio_wrap']] took [0.018 s]
2018-01-27 at 00:13:29 CET logDebug - [pool-1-thread-7] Waiting for [findElementDynamic(): By.cssSelector: div[class='radio_wrap']] took [0.11 s]
2018-01-27 at 00:13:29 CET logDebug - [pool-1-thread-7] Waiting for [findElementDynamic(): By.cssSelector: div[class='radio_wrap']] took [0.085 s]
2018-01-27 at 00:13:30 CET logDebug - [pool-1-thread-7] Waiting for [findElementDynamic(): By.cssSelector: li.fields.pageFields_1:nth-child(3) div.radio_wrap] took [0.325 s]
2018-01-27 at 00:13:31 CET logDebug - [pool-1-thread-7] Waiting for [findElementDynamic(): By.cssSelector: li.fields.pageFields_1:nth-child(3) div.radio_wrap] took [0.152 s]
2018-01-27 at 00:13:32 CET logDebug - [pool-1-thread-7] Waiting for [findElementDynamic(): By.cssSelector: select[id='dropdown_7']] took [0.087 s]
2018-01-27 at 00:13:32 CET logDebug - [pool-1-thread-7] Waiting for [findElementDynamic(): By.cssSelector: select[id='dropdown_7']] took [0.05 s]
2018-01-27 at 00:13:33 CET logDebug - [pool-1-thread-7] Waiting for [findElementDynamic(): By.cssSelector: select[id='dropdown_7']] took [0.04 s]
2018-01-27 at 00:13:49 CET logDebug - [pool-1-thread-7] Waiting for [findElementDynamic(): By.cssSelector: select[id='dropdown_7']] took [0.031 s]
2018-01-27 at 00:13:49 CET logDebug - [pool-1-thread-7] Waiting for [findElementDynamic(): By.cssSelector: select[id='mm_date_8']] took [0.028 s]
2018-01-27 at 00:13:49 CET logDebug - [pool-1-thread-7] Waiting for [findElementDynamic(): By.cssSelector: select[id='mm_date_8']] took [0.021 s]
2018-01-27 at 00:13:49 CET logDebug - [pool-1-thread-7] Waiting for [findElementDynamic(): By.cssSelector: select[id='mm_date_8']] took [0.049 s]
2018-01-27 at 00:13:50 CET logDebug - [pool-1-thread-7] Waiting for [findElementDynamic(): By.cssSelector: select[id='mm_date_8']] took [0.028 s]
2018-01-27 at 00:13:50 CET logDebug - [pool-1-thread-7] Waiting for [findElementDynamic(): By.cssSelector: select[id='dd_date_8']] took [0.021 s]
2018-01-27 at 00:13:50 CET logDebug - [pool-1-thread-7] Waiting for [findElementDynamic(): By.cssSelector: select[id='dd_date_8']] took [0.012 s]
2018-01-27 at 00:13:50 CET logDebug - [pool-1-thread-7] Waiting for [findElementDynamic(): By.cssSelector: select[id='dd_date_8']] took [0.015 s]
2018-01-27 at 00:13:52 CET logDebug - [pool-1-thread-7] Waiting for [findElementDynamic(): By.cssSelector: select[id='dd_date_8']] took [0.065 s]
2018-01-27 at 00:13:52 CET logDebug - [pool-1-thread-7] Waiting for [findElementDynamic(): By.cssSelector: select[id='yy_date_8']] took [0.022 s]
2018-01-27 at 00:13:52 CET logDebug - [pool-1-thread-7] Waiting for [findElementDynamic(): By.cssSelector: select[id='yy_date_8']] took [0.021 s]
2018-01-27 at 00:13:52 CET logDebug - [pool-1-thread-7] Waiting for [findElementDynamic(): By.cssSelector: select[id='yy_date_8']] took [0.05 s]
2018-01-27 at 00:13:56 CET logDebug - [pool-1-thread-7] Waiting for [findElementDynamic(): By.cssSelector: select[id='yy_date_8']] took [0.018 s]
2018-01-27 at 00:13:56 CET logDebug - [pool-1-thread-7] Waiting for [findElementDynamic(): By.cssSelector: input[id='phone_9']] took [0.034 s]
2018-01-27 at 00:13:56 CET logDebug - [pool-1-thread-7] Waiting for [findElementDynamic(): By.cssSelector: input[id='phone_9']] took [0.019 s]
2018-01-27 at 00:13:56 CET logDebug - [pool-1-thread-7] Waiting for [findElementDynamic(): By.cssSelector: input[id='phone_9']] took [0.037 s]
2018-01-27 at 00:13:57 CET logDebug - [pool-1-thread-7] Waiting for [findElementDynamic(): By.cssSelector: input[id='username']] took [0.038 s]
2018-01-27 at 00:13:57 CET logDebug - [pool-1-thread-7] Waiting for [findElementDynamic(): By.cssSelector: input[id='username']] took [0.032 s]
2018-01-27 at 00:13:57 CET logDebug - [pool-1-thread-7] Waiting for [findElementDynamic(): By.cssSelector: input[id='username']] took [0.022 s]
2018-01-27 at 00:13:57 CET logDebug - [pool-1-thread-7] Waiting for [findElementDynamic(): By.cssSelector: input[id='email_1']] took [0.048 s]
2018-01-27 at 00:13:57 CET logDebug - [pool-1-thread-7] Waiting for [findElementDynamic(): By.cssSelector: input[id='email_1']] took [0.019 s]
2018-01-27 at 00:13:57 CET logDebug - [pool-1-thread-7] Waiting for [findElementDynamic(): By.cssSelector: input[id='email_1']] took [0.046 s]
2018-01-27 at 00:13:58 CET logDebug - [pool-1-thread-7] Waiting for [findElementDynamic(): By.cssSelector: textarea[ id='description' ]] took [0.054 s]
2018-01-27 at 00:13:58 CET logDebug - [pool-1-thread-7] Waiting for [findElementDynamic(): By.cssSelector: textarea[ id='description' ]] took [0.023 s]
2018-01-27 at 00:13:58 CET logDebug - [pool-1-thread-7] Waiting for [findElementDynamic(): By.cssSelector: textarea[ id='description' ]] took [0.066 s]
2018-01-27 at 00:13:59 CET logDebug - [pool-1-thread-7] Waiting for [findElementDynamic(): By.cssSelector: input[id='password_2']] took [0.038 s]
2018-01-27 at 00:13:59 CET logDebug - [pool-1-thread-7] Waiting for [findElementDynamic(): By.cssSelector: input[id='password_2']] took [0.028 s]
2018-01-27 at 00:13:59 CET logDebug - [pool-1-thread-7] Waiting for [findElementDynamic(): By.cssSelector: input[id='password_2']] took [0.035 s]
2018-01-27 at 00:13:59 CET logDebug - [pool-1-thread-7] Waiting for [findElementDynamic(): By.cssSelector: input[id='confirm_password_password_2']] took [0.04 s]
2018-01-27 at 00:13:59 CET logDebug - [pool-1-thread-7] Waiting for [findElementDynamic(): By.cssSelector: input[id='confirm_password_password_2']] took [0.031 s]
2018-01-27 at 00:13:59 CET logDebug - [pool-1-thread-7] Waiting for [findElementDynamic(): By.cssSelector: input[id='confirm_password_password_2']] took [0.015 s]
2018-01-27 at 00:14:00 CET logDebug - [pool-1-thread-7] Waiting for [findElementDynamic(): By.cssSelector: input[name='pie_submit']] took [0.032 s]
2018-01-27 at 00:14:00 CET logDebug - [pool-1-thread-7] Waiting for [findElementDynamic(): By.cssSelector: input[name='pie_submit']] took [0.013 s]
2018-01-27 at 00:14:00 CET logDebug - [pool-1-thread-7] Waiting for [waitForPageLoaded] took [0.012 s]
2018-01-27 at 00:14:00 CET logDebug - [pool-1-thread-7] Waiting for [findElementDynamic(): By.cssSelector: input[name='pie_submit']] took [0.016 s]
2018-01-27 at 00:14:02 CET logDebug - [pool-1-thread-7] Waiting for [waitForElementVisible(): By.cssSelector: p[class='piereg_login_error']] took [0.256 s]
2018-01-27 at 00:14:02 CET logDebug - [pool-1-thread-7] Waiting for [waitForElementVisible(): By.cssSelector: p[class='piereg_login_error']] took [0.034 s]
2018-01-27 at 00:14:02 CET logDebug - [pool-1-thread-7] Error: Username already exists
2018-01-27 at 00:14:02 CET logDebug - [pool-1-thread-7] Waiting for [findElementDynamic(): By.cssSelector: p[class='piereg_login_error']] took [0.016 s]
2018-01-27 at 00:14:02 CET logDebug - [pool-1-thread-7] Waiting for [findElementDynamic(): By.cssSelector: p[class='piereg_login_error']] took [0.013 s]
2018-01-27 at 00:14:02 CET logInfo - [pool-1-thread-7] registrationTest(com.capgemini.ntc.selenium.projectX.registration.RegisterOKTestDDInternalDataTest) PASSED.
2018-01-27 at 00:14:02 CET logDebug - [pool-1-thread-7] BasePage.onTestSuccess    RegistrationPage
2018-01-27 at 00:14:02 CET logInfo - [pool-1-thread-7] registrationTest(com.capgemini.ntc.selenium.projectX.registration.RegisterOKTestDDInternalDataTest) duration: 0,61 min
2018-01-27 at 00:14:03 CET logDebug - [pool-1-thread-7] BasePage.onTestFinish   RegistrationPage
2018-01-27 at 00:14:03 CET logDebug - [pool-1-thread-7] To remove observer: com.capgemini.ntc.selenium.pages.projectX.registration.RegistrationPage@62525fbe
2018-01-27 at 00:14:03 CET logDebug - [pool-1-thread-7] BaseTest.tearDownClass()
2018-01-27 at 00:14:03 CET logDebug - [pool-1-thread-7] BaseTestWatcher.observers: [com.capgemini.ntc.selenium.pages.projectX.registration.RegistrationPage@62525fbe]
2018-01-27 at 00:14:03 CET logDebug - [pool-1-thread-7] TestClassRule.classObservers: []
2018-01-27 at 00:14:03 CET logDebug - [pool-1-thread-7] BasePage.onTestClassFinish   RegistrationPage
2018-01-27 at 00:14:03 CET logDebug - [pool-1-thread-7] driver:NewChromeDriver: chrome on XP (aacb104b39ba2f478871f5db1613a181)
2018-01-27 at 00:14:03 CET logDebug - [pool-1-thread-7] Closing WebDriver for this thread. chrome
2018-01-27 at 00:14:04 CET logDebug - [pool-1-thread-7] All observers cleared.
2018-01-27 at 00:14:04 CET logInfo - [pool-1-thread-7] Step 1: Open the Url http://the-internet.herokuapp.com/
2018-01-27 at 00:14:04 CET logDebug - [pool-1-thread-7] Creating new browser=chrome WebDriver.
2018-01-27 at 00:14:11 CET logInfo - [pool-1-thread-7] Trying to set requested resolution: 1600x1200.
2018-01-27 at 00:14:13 CET logInfo - [pool-1-thread-7] Resolution readed from device: 1600x1100
2018-01-27 at 00:14:13 CET logInfo - [pool-1-thread-7] Trying to set increased resolution for 'View port': 1616x1200.
2018-01-27 at 00:14:13 CET logInfo - [pool-1-thread-7] Resolution readed from device: 1616x1100
2018-01-27 at 00:14:13 CET logDebug - [pool-1-thread-7] driver:NewChromeDriver: chrome on XP (aba2eb38906849ee0ce3783e55b11cfb)
2018-01-27 at 00:14:13 CET logDebug - [pool-1-thread-7] To add observer: com.capgemini.ntc.selenium.pages.projectY.TheInternetPage@2676cfac
2018-01-27 at 00:14:13 CET logDebug - [pool-1-thread-7] BaseTestWatcher.observers: []
2018-01-27 at 00:14:13 CET logDebug - [pool-1-thread-7] TestClassRule.classObservers: []
2018-01-27 at 00:14:13 CET logDebug - [pool-1-thread-7] Added observer: com.capgemini.ntc.selenium.pages.projectY.TheInternetPage@2676cfac
2018-01-27 at 00:14:14 CET logDebug - [pool-1-thread-7] The internet page is loaded: data:,
2018-01-27 at 00:14:14 CET logDebug - [pool-1-thread-7] load page
2018-01-27 at 00:14:34 CET logDebug - [pool-1-thread-7] Waiting for [waitForPageLoaded] took [0.047 s]
2018-01-27 at 00:14:34 CET logInfo - [pool-1-thread-7] Step 2: Verify if Url http://the-internet.herokuapp.com/ opens
2018-01-27 at 00:14:34 CET logDebug - [pool-1-thread-7] The internet page is loaded: http://the-internet.herokuapp.com/
Input text element: com.capgemini.ntc.selenium.core.newDrivers.elementType.RadioButtonElement@22d9c930 isn't clicked.
Tests run: 2, Failures: 0, Errors: 0, Skipped: 0, Time elapsed: 112.196 sec - in registrationTest
2018-01-27 at 00:14:34 CET logDebug - [pool-1-thread-1] Waiting for [waitForPageLoaded] took [0.152 s]
2018-01-27 at 00:14:35 CET logDebug - [pool-1-thread-1] The internet page is loaded: http://the-internet.herokuapp.com/
Running com.capgemini.ntc.selenium.features.samples.readFromTable.JsoupTest
Tests run: 1, Failures: 0, Errors: 0, Skipped: 0, Time elapsed: 3.308 sec - in com.capgemini.ntc.selenium.features.samples.readFromTable.JsoupTest
2018-01-27 at 00:14:35 CET logInfo - [pool-1-thread-1] shouldOpenABtestWhenClickABtestingLink(com.capgemini.ntc.selenium.projectY.ABtestingTest) STARTED.
2018-01-27 at 00:14:35 CET logInfo - [pool-1-thread-1] Step3 - click ABtesting link
2018-01-27 at 00:14:35 CET logDebug - [pool-1-thread-1] Waiting for [findElementDynamic(): By.cssSelector: li > a[href*=abtest]] took [0.165 s]
2018-01-27 at 00:14:37 CET logDebug - [pool-1-thread-1] To add observer: com.capgemini.ntc.selenium.pages.projectY.ABtestPage@4f26f474
2018-01-27 at 00:14:37 CET logDebug - [pool-1-thread-1] BaseTestWatcher.observers: []
2018-01-27 at 00:14:37 CET logDebug - [pool-1-thread-1] TestClassRule.classObservers: [com.capgemini.ntc.selenium.pages.projectY.TheInternetPage@6bb46a9a]
2018-01-27 at 00:14:37 CET logInfo - [pool-1-thread-1] shouldOpenABtestWhenClickABtestingLink(com.capgemini.ntc.selenium.projectY.ABtestingTest) PASSED.
2018-01-27 at 00:14:37 CET logDebug - [pool-1-thread-1] BasePage.onTestSuccess    TheInternetPage
2018-01-27 at 00:14:37 CET logInfo - [pool-1-thread-1] shouldOpenABtestWhenClickABtestingLink(com.capgemini.ntc.selenium.projectY.ABtestingTest) duration: 0,04 min
Running com.capgemini.ntc.selenium.projectX.MainPageTest
2018-01-27 at 00:12:11 CET logInfo - [pool-1-thread-3] test(com.capgemini.ntc.selenium.projectX.MainPageTest) STARTED.
2018-01-27 at 00:12:11 CET logDebug - [pool-1-thread-3] Creating new browser=chrome WebDriver.
2018-01-27 at 00:12:20 CET logInfo - [pool-1-thread-3] Trying to set requested resolution: 1600x1200.
2018-01-27 at 00:12:21 CET logInfo - [pool-1-thread-3] Resolution readed from device: 1600x1100
2018-01-27 at 00:12:22 CET logInfo - [pool-1-thread-3] Trying to set increased resolution for 'View port': 1616x1200.
2018-01-27 at 00:12:22 CET logInfo - [pool-1-thread-3] Resolution readed from device: 1616x1100
2018-01-27 at 00:12:22 CET logDebug - [pool-1-thread-3] driver:NewChromeDriver: chrome on XP (b05bf8b6907ace15092e1aad09ec4c1b)
2018-01-27 at 00:12:22 CET logDebug - [pool-1-thread-3] To add observer: com.capgemini.ntc.selenium.pages.projectX.MainPage@2976f02d
2018-01-27 at 00:12:22 CET logDebug - [pool-1-thread-3] BaseTestWatcher.observers: []
2018-01-27 at 00:12:22 CET logDebug - [pool-1-thread-3] TestClassRule.classObservers: []
2018-01-27 at 00:12:22 CET logDebug - [pool-1-thread-3] Added observer: com.capgemini.ntc.selenium.pages.projectX.MainPage@2976f02d
2018-01-27 at 00:12:22 CET logDebug - [pool-1-thread-3] Waiting for [waitForPageLoaded] took [0.073 s]
2018-01-27 at 00:12:22 CET logDebug - [pool-1-thread-3] com.capgemini.ntc.selenium.pages.projectX.MainPage: Current loaded page (http://demoqa.com/) with pageTitle (). Page to load: (http://demoqa.com/) ,for page title: (Demoqa | Just another WordPress site)
2018-01-27 at 00:12:32 CET logInfo - [pool-1-thread-3] test(com.capgemini.ntc.selenium.projectX.MainPageTest) PASSED.
2018-01-27 at 00:12:32 CET logDebug - [pool-1-thread-3] BasePage.onTestSuccess    MainPage
2018-01-27 at 00:12:32 CET logInfo - [pool-1-thread-3] test(com.capgemini.ntc.selenium.projectX.MainPageTest) duration: 0,35 min
2018-01-27 at 00:12:32 CET logDebug - [pool-1-thread-3] BasePage.onTestFinish   MainPage
2018-01-27 at 00:12:32 CET logDebug - [pool-1-thread-3] To remove observer: com.capgemini.ntc.selenium.pages.projectX.MainPage@2976f02d
2018-01-27 at 00:12:32 CET logDebug - [pool-1-thread-3] BaseTest.tearDownClass()
2018-01-27 at 00:12:32 CET logDebug - [pool-1-thread-3] BaseTestWatcher.observers: [com.capgemini.ntc.selenium.pages.projectX.MainPage@2976f02d]
2018-01-27 at 00:12:32 CET logDebug - [pool-1-thread-3] TestClassRule.classObservers: []
2018-01-27 at 00:12:32 CET logDebug - [pool-1-thread-3] BasePage.onTestClassFinish   MainPage
2018-01-27 at 00:12:32 CET logDebug - [pool-1-thread-3] driver:NewChromeDriver: chrome on XP (b05bf8b6907ace15092e1aad09ec4c1b)
2018-01-27 at 00:12:32 CET logDebug - [pool-1-thread-3] Closing WebDriver for this thread. chrome
2018-01-27 at 00:12:39 CET logDebug - [pool-1-thread-3] All observers cleared.
2018-01-27 at 00:14:04 CET logInfo - [pool-1-thread-3] Step 1: Open the Url http://the-internet.herokuapp.com/
2018-01-27 at 00:14:04 CET logDebug - [pool-1-thread-3] Creating new browser=chrome WebDriver.
2018-01-27 at 00:14:11 CET logInfo - [pool-1-thread-3] Trying to set requested resolution: 1600x1200.
2018-01-27 at 00:14:12 CET logInfo - [pool-1-thread-3] Resolution readed from device: 1600x1100
2018-01-27 at 00:14:12 CET logInfo - [pool-1-thread-3] Trying to set increased resolution for 'View port': 1616x1200.
2018-01-27 at 00:14:13 CET logInfo - [pool-1-thread-3] Resolution readed from device: 1616x1100
2018-01-27 at 00:14:13 CET logDebug - [pool-1-thread-3] driver:NewChromeDriver: chrome on XP (e87110779c1283dc45acaa5a93ef7027)
2018-01-27 at 00:14:13 CET logDebug - [pool-1-thread-3] To add observer: com.capgemini.ntc.selenium.pages.projectY.TheInternetPage@186dc3e9
2018-01-27 at 00:14:13 CET logDebug - [pool-1-thread-3] BaseTestWatcher.observers: []
2018-01-27 at 00:14:13 CET logDebug - [pool-1-thread-3] TestClassRule.classObservers: []
2018-01-27 at 00:14:13 CET logDebug - [pool-1-thread-3] Added observer: com.capgemini.ntc.selenium.pages.projectY.TheInternetPage@186dc3e9
2018-01-27 at 00:14:13 CET logDebug - [pool-1-thread-3] The internet page is loaded: data:,
2018-01-27 at 00:14:13 CET logDebug - [pool-1-thread-3] load page
2018-01-27 at 00:14:34 CET logDebug - [pool-1-thread-3] Waiting for [waitForPageLoaded] took [0.17 s]
2018-01-27 at 00:14:34 CET logInfo - [pool-1-thread-3] Step 2: Verify if Url http://the-internet.herokuapp.com/ opens
2018-01-27 at 00:14:34 CET logDebug - [pool-1-thread-3] The internet page is loaded: http://the-internet.herokuapp.com/
2018-01-27 at 00:14:34 CET logInfo - [pool-1-thread-3] Step 3: Click Checkboxes link
2018-01-27 at 00:14:34 CET logDebug - [pool-1-thread-3] Waiting for [findElementDynamic(): By.cssSelector: li > a[href*=checkboxes]] took [0.084 s]
2018-01-27 at 00:14:36 CET logDebug - [pool-1-thread-3] To add observer: com.capgemini.ntc.selenium.pages.projectY.CheckboxesPage@323335df
2018-01-27 at 00:14:36 CET logDebug - [pool-1-thread-3] BaseTestWatcher.observers: []
2018-01-27 at 00:14:36 CET logDebug - [pool-1-thread-3] TestClassRule.classObservers: [com.capgemini.ntc.selenium.pages.projectY.TheInternetPage@186dc3e9]
2018-01-27 at 00:14:36 CET logDebug - [pool-1-thread-3] The checkboxes page is loaded.
2018-01-27 at 00:14:36 CET logInfo - [pool-1-thread-3] Step 4: Verify if Checkboxes Page opens
2018-01-27 at 00:14:36 CET logDebug - [pool-1-thread-3] The checkboxes page is loaded.
2018-01-27 at 00:14:37 CET logInfo - [pool-1-thread-3] Step 5: Verify if checkboxes elements are visible
2018-01-27 at 00:14:37 CET logDebug - [pool-1-thread-3] Waiting for [findElementDynamic(): By.cssSelector: #checkboxes] took [0.423 s]
Tests run: 1, Failures: 0, Errors: 0, Skipped: 0, Time elapsed: 21.022 sec - in com.capgemini.ntc.selenium.projectX.MainPageTest
2018-01-27 at 00:14:38 CET logDebug - [pool-1-thread-1] Waiting for [waitForPageLoaded] took [0.277 s]
2018-01-27 at 00:14:38 CET logInfo - [pool-1-thread-1] shouldOpenElementalSeleniumPageWhenClickElementalSeleniumLink(com.capgemini.ntc.selenium.projectY.ABtestingTest) STARTED.
2018-01-27 at 00:14:38 CET logInfo - [pool-1-thread-1] Step3 - click ABtesting link
2018-01-27 at 00:14:38 CET logDebug - [pool-1-thread-1] Waiting for [findElementDynamic(): By.cssSelector: li > a[href*=abtest]] took [0.131 s]
2018-01-27 at 00:14:39 CET logDebug - [pool-1-thread-1] To add observer: com.capgemini.ntc.selenium.pages.projectY.ABtestPage@8345ea0
2018-01-27 at 00:14:39 CET logDebug - [pool-1-thread-1] BaseTestWatcher.observers: []
2018-01-27 at 00:14:39 CET logDebug - [pool-1-thread-1] TestClassRule.classObservers: [com.capgemini.ntc.selenium.pages.projectY.TheInternetPage@6bb46a9a]
2018-01-27 at 00:14:39 CET logInfo - [pool-1-thread-1] Step4 - click Elemental Selenium link
2018-01-27 at 00:14:40 CET logDebug - [pool-1-thread-1] Waiting for [findElementDynamic(): By.cssSelector: div > div > a] took [0.229 s]
2018-01-27 at 00:14:41 CET logDebug - [pool-1-thread-1] Waiting for [waitForPageLoaded] took [0.192 s]
2018-01-27 at 00:14:41 CET logDebug - [pool-1-thread-1] To add observer: com.capgemini.ntc.selenium.pages.projectY.ElementalSeleniumPage@1a75da75
2018-01-27 at 00:14:41 CET logDebug - [pool-1-thread-1] BaseTestWatcher.observers: []
2018-01-27 at 00:14:41 CET logDebug - [pool-1-thread-1] TestClassRule.classObservers: [com.capgemini.ntc.selenium.pages.projectY.TheInternetPage@6bb46a9a]
2018-01-27 at 00:14:41 CET logDebug - [pool-1-thread-1] load()
2018-01-27 at 00:14:41 CET logInfo - [pool-1-thread-1] Step5 - switch tab in browser to new opened Elemental Selenium link
2018-01-27 at 00:14:43 CET logInfo - [pool-1-thread-1] shouldOpenElementalSeleniumPageWhenClickElementalSeleniumLink(com.capgemini.ntc.selenium.projectY.ABtestingTest) PASSED.
2018-01-27 at 00:14:43 CET logDebug - [pool-1-thread-1] BasePage.onTestSuccess    TheInternetPage
2018-01-27 at 00:14:43 CET logInfo - [pool-1-thread-1] shouldOpenElementalSeleniumPageWhenClickElementalSeleniumLink(com.capgemini.ntc.selenium.projectY.ABtestingTest) duration: 0,09 min
2018-01-27 at 00:14:44 CET logDebug - [pool-1-thread-1] Waiting for [waitForPageLoaded] took [1.029 s]
2018-01-27 at 00:14:44 CET logDebug - [pool-1-thread-1] BaseTest.tearDownClass()
2018-01-27 at 00:14:44 CET logDebug - [pool-1-thread-1] BaseTestWatcher.observers: []
2018-01-27 at 00:14:44 CET logDebug - [pool-1-thread-1] TestClassRule.classObservers: [com.capgemini.ntc.selenium.pages.projectY.TheInternetPage@6bb46a9a]
2018-01-27 at 00:14:44 CET logDebug - [pool-1-thread-1] BasePage.onTestClassFinish   TheInternetPage
2018-01-27 at 00:14:44 CET logDebug - [pool-1-thread-1] driver:NewChromeDriver: chrome on XP (dcc9c9e5d726082983e68cce2b2fc208)
2018-01-27 at 00:14:44 CET logDebug - [pool-1-thread-1] Closing WebDriver for this thread. chrome
2018-01-27 at 00:14:45 CET logDebug - [pool-1-thread-1] All observers cleared.
Running com.capgemini.ntc.selenium.projectY.BrokenImagesTest
Tests run: 1, Failures: 0, Errors: 0, Skipped: 0, Time elapsed: 38.474 sec - in com.capgemini.ntc.selenium.projectY.BrokenImagesTest
Running com.capgemini.ntc.selenium.projectY.HoversTest
Tests run: 1, Failures: 0, Errors: 0, Skipped: 0, Time elapsed: 36.803 sec - in com.capgemini.ntc.selenium.projectY.HoversTest
sty 27, 2018 12:14:45 AM org.openqa.selenium.remote.DesiredCapabilities chrome
INFO: Using `new ChromeOptions()` is preferred to `DesiredCapabilities.chrome()`
Running com.capgemini.ntc.selenium.projectY.KeyPressesTest
Tests run: 1, Failures: 0, Errors: 0, Skipped: 0, Time elapsed: 35.302 sec - in com.capgemini.ntc.selenium.projectY.KeyPressesTest
Running com.capgemini.ntc.selenium.projectY.ABtestingTest
Tests run: 2, Failures: 0, Errors: 0, Skipped: 0, Time elapsed: 9.351 sec - in com.capgemini.ntc.selenium.projectY.ABtestingTest
Running com.capgemini.ntc.selenium.projectY.DropdownTest
Tests run: 2, Failures: 0, Errors: 0, Skipped: 0, Time elapsed: 39.287 sec - in com.capgemini.ntc.selenium.projectY.DropdownTest
2018-01-27 at 00:14:45 CET logInfo - [pool-1-thread-1] testSelectSubMenuItemByText(com.capgemini.ntc.selenium.features.webElements.MenuTest) STARTED.
2018-01-27 at 00:14:45 CET logDebug - [pool-1-thread-1] Creating new browser=chrome WebDriver.
Running com.capgemini.ntc.selenium.projectY.CheckboxesTest
Tests run: 2, Failures: 0, Errors: 0, Skipped: 0, Time elapsed: 5.129 sec - in com.capgemini.ntc.selenium.projectY.CheckboxesTest
Running com.capgemini.ntc.selenium.projectY.ChallengingDomTest
Tests run: 1, Failures: 0, Errors: 0, Skipped: 0, Time elapsed: 37.72 sec - in com.capgemini.ntc.selenium.projectY.ChallengingDomTest
Starting ChromeDriver 2.33.506120 (e3e53437346286c0bc2d2dc9aa4915ba81d9023f) on port 27554
Only local connections are allowed.
2018-01-27 at 00:14:52 CET logInfo - [pool-1-thread-1] Trying to set requested resolution: 1600x1200.
sty 27, 2018 12:14:52 AM org.openqa.selenium.remote.ProtocolHandshake createSession
INFO: Detected dialect: OSS
2018-01-27 at 00:14:53 CET logInfo - [pool-1-thread-1] Resolution readed from device: 1600x1100
2018-01-27 at 00:14:53 CET logInfo - [pool-1-thread-1] Trying to set increased resolution for 'View port': 1616x1200.
2018-01-27 at 00:14:54 CET logInfo - [pool-1-thread-1] Resolution readed from device: 1616x1100
2018-01-27 at 00:14:54 CET logDebug - [pool-1-thread-1] driver:NewChromeDriver: chrome on XP (2f63aa5e1d8aaf966468dea33c1a1276)
Running com.capgemini.ntc.selenium.projectY.MultipleWindowsTest
Tests run: 1, Failures: 0, Errors: 0, Skipped: 0, Time elapsed: 5.358 sec - in com.capgemini.ntc.selenium.projectY.MultipleWindowsTest
Running com.capgemini.ntc.selenium.features.webElements.InputTextTest
Tests run: 1, Failures: 0, Errors: 0, Skipped: 0, Time elapsed: 25.368 sec - in com.capgemini.ntc.selenium.features.webElements.InputTextTest
2018-01-27 at 00:15:16 CET logDebug - [pool-1-thread-1] Waiting for [findElementDynamic(): By.cssSelector: li[aria-controls='tabs-2']] took [0.534 s]
2018-01-27 at 00:15:16 CET logDebug - [pool-1-thread-1] Waiting for [findElementDynamic(): By.cssSelector: li[aria-controls='tabs-2']] took [0.125 s]
2018-01-27 at 00:15:18 CET logDebug - [pool-1-thread-1] Waiting for [waitForPageLoaded] took [0.111 s]
2018-01-27 at 00:15:18 CET logDebug - [pool-1-thread-1] Waiting for [findElementDynamic(): By.cssSelector: li[aria-controls='tabs-2']] took [0.08 s]
2018-01-27 at 00:15:18 CET logDebug - [pool-1-thread-1] Waiting for [findElementDynamic(): By.cssSelector: div#tabs-2 ul.top-level] took [0.089 s]
2018-01-27 at 00:15:18 CET logDebug - [pool-1-thread-1] Waiting for [findElementDynamic(): By.cssSelector: div#tabs-2 ul.top-level] took [0.063 s]
2018-01-27 at 00:15:21 CET logDebug - [pool-1-thread-1] Waiting for [waitForElementVisible(): By.cssSelector: ul] took [0.284 s]
2018-01-27 at 00:15:21 CET logInfo - [pool-1-thread-1] testSelectSubMenuItemByText(com.capgemini.ntc.selenium.features.webElements.MenuTest) PASSED.
2018-01-27 at 00:15:21 CET logInfo - [pool-1-thread-1] testSelectSubMenuItemByText(com.capgemini.ntc.selenium.features.webElements.MenuTest) duration: 0,60 min
2018-01-27 at 00:15:21 CET logInfo - [pool-1-thread-1] testMenuByText(com.capgemini.ntc.selenium.features.webElements.MenuTest) STARTED.
Running com.capgemini.ntc.selenium.features.webElements.LabelTest
Tests run: 1, Failures: 0, Errors: 0, Skipped: 0, Time elapsed: 36.158 sec - in com.capgemini.ntc.selenium.features.webElements.LabelTest
2018-01-27 at 00:15:23 CET logDebug - [pool-1-thread-1] Waiting for [findElementDynamic(): By.cssSelector: div#tabs-1 ul.top-level] took [0.518 s]
2018-01-27 at 00:15:24 CET logDebug - [pool-1-thread-1] Waiting for [findElementDynamic(): By.cssSelector: div#tabs-1 ul.top-level] took [0.1 s]
2018-01-27 at 00:15:24 CET logDebug - [pool-1-thread-1] Waiting for [findElementDynamic(): By.cssSelector: div#tabs-1 ul.top-level] took [0.055 s]
2018-01-27 at 00:15:25 CET logInfo - [pool-1-thread-1] testMenuByText(com.capgemini.ntc.selenium.features.webElements.MenuTest) PASSED.
2018-01-27 at 00:15:25 CET logInfo - [pool-1-thread-1] testMenuByText(com.capgemini.ntc.selenium.features.webElements.MenuTest) duration: 0,06 min
2018-01-27 at 00:15:25 CET logInfo - [pool-1-thread-1] testMenuItemsText(com.capgemini.ntc.selenium.features.webElements.MenuTest) STARTED.
2018-01-27 at 00:15:27 CET logDebug - [pool-1-thread-1] Waiting for [findElementDynamic(): By.cssSelector: div#tabs-1 ul.top-level] took [0.597 s]
2018-01-27 at 00:15:27 CET logDebug - [pool-1-thread-1] Waiting for [findElementDynamic(): By.cssSelector: div#tabs-1 ul.top-level] took [0.045 s]
2018-01-27 at 00:15:27 CET logInfo - [pool-1-thread-1] testMenuItemsText(com.capgemini.ntc.selenium.features.webElements.MenuTest) PASSED.
2018-01-27 at 00:15:27 CET logInfo - [pool-1-thread-1] testMenuItemsText(com.capgemini.ntc.selenium.features.webElements.MenuTest) duration: 0,04 min
2018-01-27 at 00:15:27 CET logInfo - [pool-1-thread-1] testLinkSubMenuItemByText(com.capgemini.ntc.selenium.features.webElements.MenuTest) STARTED.
2018-01-27 at 00:15:30 CET logDebug - [pool-1-thread-1] Waiting for [findElementDynamic(): By.cssSelector: li[aria-controls='tabs-2']] took [0.674 s]
2018-01-27 at 00:15:30 CET logDebug - [pool-1-thread-1] Waiting for [findElementDynamic(): By.cssSelector: li[aria-controls='tabs-2']] took [0.223 s]
2018-01-27 at 00:15:32 CET logDebug - [pool-1-thread-1] Waiting for [waitForPageLoaded] took [0.295 s]
2018-01-27 at 00:15:32 CET logDebug - [pool-1-thread-1] Waiting for [findElementDynamic(): By.cssSelector: li[aria-controls='tabs-2']] took [0.361 s]
2018-01-27 at 00:15:34 CET logDebug - [pool-1-thread-1] Waiting for [findElementDynamic(): By.cssSelector: div#tabs-2 ul.top-level] took [0.418 s]
2018-01-27 at 00:15:34 CET logDebug - [pool-1-thread-1] Waiting for [findElementDynamic(): By.cssSelector: div#tabs-2 ul.top-level] took [0.401 s]
Running com.capgemini.ntc.selenium.features.webElements.ButtonTest
Tests run: 1, Failures: 0, Errors: 0, Skipped: 0, Time elapsed: 52.659 sec - in com.capgemini.ntc.selenium.features.webElements.ButtonTest
2018-01-27 at 00:15:39 CET logDebug - [pool-1-thread-1] Waiting for [waitForElementVisible(): By.cssSelector: ul] took [0.902 s]
2018-01-27 at 00:15:41 CET logInfo - [pool-1-thread-1] testLinkSubMenuItemByText(com.capgemini.ntc.selenium.features.webElements.MenuTest) PASSED.
2018-01-27 at 00:15:41 CET logInfo - [pool-1-thread-1] testLinkSubMenuItemByText(com.capgemini.ntc.selenium.features.webElements.MenuTest) duration: 0,23 min
2018-01-27 at 00:15:41 CET logInfo - [pool-1-thread-1] testLinkSubMenuItemByIndex(com.capgemini.ntc.selenium.features.webElements.MenuTest) STARTED.
2018-01-27 at 00:15:43 CET logDebug - [pool-1-thread-1] Waiting for [findElementDynamic(): By.cssSelector: li[aria-controls='tabs-2']] took [0.391 s]
2018-01-27 at 00:15:43 CET logDebug - [pool-1-thread-1] Waiting for [findElementDynamic(): By.cssSelector: li[aria-controls='tabs-2']] took [0.188 s]
Running com.capgemini.ntc.selenium.features.webElements.NavigationBarTest
Tests run: 6, Failures: 0, Errors: 0, Skipped: 0, Time elapsed: 32.967 sec - in com.capgemini.ntc.selenium.features.webElements.NavigationBarTest
2018-01-27 at 00:15:44 CET logDebug - [pool-1-thread-1] Waiting for [waitForPageLoaded] took [0.118 s]
2018-01-27 at 00:15:44 CET logDebug - [pool-1-thread-1] Waiting for [findElementDynamic(): By.cssSelector: li[aria-controls='tabs-2']] took [0.076 s]
2018-01-27 at 00:15:45 CET logDebug - [pool-1-thread-1] Waiting for [findElementDynamic(): By.cssSelector: div#tabs-2 ul.top-level] took [0.45 s]
2018-01-27 at 00:15:45 CET logDebug - [pool-1-thread-1] Waiting for [findElementDynamic(): By.cssSelector: div#tabs-2 ul.top-level] took [0.294 s]
2018-01-27 at 00:15:48 CET logDebug - [pool-1-thread-1] Waiting for [waitForElementVisible(): By.cssSelector: div#tabs-2 ul.top-level] took [0.1 s]
2018-01-27 at 00:15:48 CET logInfo - [pool-1-thread-1] testLinkSubMenuItemByIndex(com.capgemini.ntc.selenium.features.webElements.MenuTest) PASSED.
2018-01-27 at 00:15:48 CET logInfo - [pool-1-thread-1] testLinkSubMenuItemByIndex(com.capgemini.ntc.selenium.features.webElements.MenuTest) duration: 0,12 min
2018-01-27 at 00:15:48 CET logInfo - [pool-1-thread-1] testMenuByIndex(com.capgemini.ntc.selenium.features.webElements.MenuTest) STARTED.
2018-01-27 at 00:15:49 CET logDebug - [pool-1-thread-1] Waiting for [findElementDynamic(): By.cssSelector: div#tabs-1 ul.top-level] took [0.398 s]
2018-01-27 at 00:15:50 CET logDebug - [pool-1-thread-1] Waiting for [findElementDynamic(): By.cssSelector: div#tabs-1 ul.top-level] took [0.147 s]
2018-01-27 at 00:15:50 CET logDebug - [pool-1-thread-1] Waiting for [findElementDynamic(): By.cssSelector: div#tabs-1 ul.top-level] took [0.049 s]
2018-01-27 at 00:15:50 CET logInfo - [pool-1-thread-1] testMenuByIndex(com.capgemini.ntc.selenium.features.webElements.MenuTest) PASSED.
2018-01-27 at 00:15:50 CET logInfo - [pool-1-thread-1] testMenuByIndex(com.capgemini.ntc.selenium.features.webElements.MenuTest) duration: 0,03 min
2018-01-27 at 00:15:50 CET logInfo - [pool-1-thread-1] testSelectSubMenuItemByIndex(com.capgemini.ntc.selenium.features.webElements.MenuTest) STARTED.
2018-01-27 at 00:15:51 CET logDebug - [pool-1-thread-1] Waiting for [findElementDynamic(): By.cssSelector: li[aria-controls='tabs-2']] took [0.424 s]
2018-01-27 at 00:15:52 CET logDebug - [pool-1-thread-1] Waiting for [findElementDynamic(): By.cssSelector: li[aria-controls='tabs-2']] took [0.089 s]
2018-01-27 at 00:15:52 CET logDebug - [pool-1-thread-1] Waiting for [waitForPageLoaded] took [0.035 s]
2018-01-27 at 00:15:52 CET logDebug - [pool-1-thread-1] Waiting for [findElementDynamic(): By.cssSelector: li[aria-controls='tabs-2']] took [0.033 s]
2018-01-27 at 00:15:52 CET logDebug - [pool-1-thread-1] Waiting for [findElementDynamic(): By.cssSelector: div#tabs-2 ul.top-level] took [0.025 s]
2018-01-27 at 00:15:52 CET logDebug - [pool-1-thread-1] Waiting for [findElementDynamic(): By.cssSelector: div#tabs-2 ul.top-level] took [0.027 s]
2018-01-27 at 00:15:53 CET logDebug - [pool-1-thread-1] Waiting for [waitForElementVisible(): By.cssSelector: div#tabs-2 ul.top-level] took [0.089 s]
2018-01-27 at 00:15:53 CET logInfo - [pool-1-thread-1] testSelectSubMenuItemByIndex(com.capgemini.ntc.selenium.features.webElements.MenuTest) PASSED.
2018-01-27 at 00:15:53 CET logInfo - [pool-1-thread-1] testSelectSubMenuItemByIndex(com.capgemini.ntc.selenium.features.webElements.MenuTest) duration: 0,04 min
2018-01-27 at 00:15:53 CET logInfo - [pool-1-thread-1] testMenuItemsCount(com.capgemini.ntc.selenium.features.webElements.MenuTest) STARTED.
2018-01-27 at 00:15:54 CET logDebug - [pool-1-thread-1] Waiting for [findElementDynamic(): By.cssSelector: div#tabs-1 ul.top-level] took [0.569 s]
2018-01-27 at 00:15:54 CET logDebug - [pool-1-thread-1] Waiting for [findElementDynamic(): By.cssSelector: div#tabs-1 ul.top-level] took [0.024 s]
2018-01-27 at 00:15:54 CET logInfo - [pool-1-thread-1] testMenuItemsCount(com.capgemini.ntc.selenium.features.webElements.MenuTest) PASSED.
2018-01-27 at 00:15:54 CET logInfo - [pool-1-thread-1] testMenuItemsCount(com.capgemini.ntc.selenium.features.webElements.MenuTest) duration: 0,03 min
2018-01-27 at 00:15:54 CET logDebug - [pool-1-thread-1] BaseTest.tearDownClass()
2018-01-27 at 00:15:54 CET logDebug - [pool-1-thread-1] BaseTestWatcher.observers: []
2018-01-27 at 00:15:54 CET logDebug - [pool-1-thread-1] TestClassRule.classObservers: []
2018-01-27 at 00:15:54 CET logDebug - [pool-1-thread-1] All observers cleared.
Running com.capgemini.ntc.selenium.features.webElements.MenuTest
Tests run: 8, Failures: 0, Errors: 0, Skipped: 0, Time elapsed: 69.073 sec - in com.capgemini.ntc.selenium.features.webElements.MenuTest
2018-01-27 at 00:15:54 CET logInfo - [pool-1-thread-1] test(com.capgemini.ntc.selenium.projectX.navigationbar.NavigationBarTest) STARTED.
2018-01-27 at 00:15:54 CET logInfo - [pool-1-thread-1] [Step 1] Open main page
2018-01-27 at 00:15:54 CET logDebug - [pool-1-thread-1] To add observer: com.capgemini.ntc.selenium.pages.projectX.MainPage@47cc612d
2018-01-27 at 00:15:54 CET logDebug - [pool-1-thread-1] BaseTestWatcher.observers: []
2018-01-27 at 00:15:54 CET logDebug - [pool-1-thread-1] TestClassRule.classObservers: []
2018-01-27 at 00:15:54 CET logDebug - [pool-1-thread-1] Added observer: com.capgemini.ntc.selenium.pages.projectX.MainPage@47cc612d
2018-01-27 at 00:15:54 CET logDebug - [pool-1-thread-1] Waiting for [waitForPageLoaded] took [0.101 s]
2018-01-27 at 00:15:55 CET logDebug - [pool-1-thread-1] com.capgemini.ntc.selenium.pages.projectX.MainPage: Current loaded page (http://demoqa.com/) with pageTitle (Menu | Demoqa). Page to load: (http://demoqa.com/) ,for page title: (Demoqa | Just another WordPress site)
2018-01-27 at 00:15:57 CET logInfo - [pool-1-thread-1] [Step 2] Click navigation bar - Home
2018-01-27 at 00:15:57 CET logDebug - [pool-1-thread-1] To add observer: com.capgemini.ntc.selenium.pages.projectX.navigationbar.NavigationBar@72a811b2
2018-01-27 at 00:15:57 CET logDebug - [pool-1-thread-1] BaseTestWatcher.observers: [com.capgemini.ntc.selenium.pages.projectX.MainPage@47cc612d]
2018-01-27 at 00:15:57 CET logDebug - [pool-1-thread-1] TestClassRule.classObservers: []
2018-01-27 at 00:15:57 CET logDebug - [pool-1-thread-1] Waiting for [waitForPageLoaded] took [0.333 s]
2018-01-27 at 00:15:57 CET logDebug - [pool-1-thread-1] Waiting for [findElementDynamic(): By.cssSelector: li[id='menu-item-38']] took [0.057 s]
2018-01-27 at 00:15:57 CET logDebug - [pool-1-thread-1] Waiting for [findElementDynamic(): By.cssSelector: li[id='menu-item-38']] took [0.026 s]
2018-01-27 at 00:15:57 CET logDebug - [pool-1-thread-1] Waiting for [waitForPageLoaded] took [0.031 s]
2018-01-27 at 00:15:57 CET logDebug - [pool-1-thread-1] Waiting for [findElementDynamic(): By.cssSelector: li[id='menu-item-38']] took [0.025 s]
Running com.capgemini.ntc.selenium.features.webElements.RadioButtonTest
Input text element: com.capgemini.ntc.selenium.core.newDrivers.elementType.RadioButtonElement@108aab7e isn't clicked.
Input text element: com.capgemini.ntc.selenium.core.newDrivers.elementType.RadioButtonElement@108aab7e isn't clicked.
Input text element: com.capgemini.ntc.selenium.core.newDrivers.elementType.RadioButtonElement@6ea61d51 isn't clicked.
Tests run: 4, Failures: 0, Errors: 0, Skipped: 0, Time elapsed: 36.78 sec - in com.capgemini.ntc.selenium.features.webElements.RadioButtonTest
2018-01-27 at 00:15:59 CET logInfo - [pool-1-thread-1] Clicking on Navigation bar link - Home
2018-01-27 at 00:15:59 CET logDebug - [pool-1-thread-1] Waiting for [waitForPageLoaded] took [0.052 s]
2018-01-27 at 00:15:59 CET logInfo - [pool-1-thread-1] [Step 3] Verify if main page is opened
2018-01-27 at 00:15:59 CET logDebug - [pool-1-thread-1] To add observer: com.capgemini.ntc.selenium.pages.projectX.navigationbar.home.NavBarHome@25ab7106
2018-01-27 at 00:15:59 CET logDebug - [pool-1-thread-1] BaseTestWatcher.observers: [com.capgemini.ntc.selenium.pages.projectX.MainPage@47cc612d]
2018-01-27 at 00:15:59 CET logDebug - [pool-1-thread-1] TestClassRule.classObservers: []
2018-01-27 at 00:15:59 CET logDebug - [pool-1-thread-1] Waiting for [waitForPageLoaded] took [0.036 s]
Running com.capgemini.ntc.selenium.features.webElements.CheckBoxTest
Tests run: 5, Failures: 0, Errors: 0, Skipped: 0, Time elapsed: 73.609 sec - in com.capgemini.ntc.selenium.features.webElements.CheckBoxTest
2018-01-27 at 00:15:59 CET logDebug - [pool-1-thread-1] Waiting for [waitForPageLoaded] took [0.015 s]
2018-01-27 at 00:15:59 CET logInfo - [pool-1-thread-1] test(com.capgemini.ntc.selenium.projectX.navigationbar.NavigationBarTest) PASSED.
2018-01-27 at 00:15:59 CET logDebug - [pool-1-thread-1] BasePage.onTestSuccess    MainPage
2018-01-27 at 00:15:59 CET logInfo - [pool-1-thread-1] test(com.capgemini.ntc.selenium.projectX.navigationbar.NavigationBarTest) duration: 0,08 min
2018-01-27 at 00:15:59 CET logDebug - [pool-1-thread-1] BasePage.onTestFinish   MainPage
2018-01-27 at 00:15:59 CET logDebug - [pool-1-thread-1] To remove observer: com.capgemini.ntc.selenium.pages.projectX.MainPage@47cc612d
2018-01-27 at 00:15:59 CET logDebug - [pool-1-thread-1] BaseTest.tearDownClass()
2018-01-27 at 00:15:59 CET logDebug - [pool-1-thread-1] BaseTestWatcher.observers: [com.capgemini.ntc.selenium.pages.projectX.MainPage@47cc612d]
2018-01-27 at 00:15:59 CET logDebug - [pool-1-thread-1] TestClassRule.classObservers: []
2018-01-27 at 00:15:59 CET logDebug - [pool-1-thread-1] BasePage.onTestClassFinish   MainPage
2018-01-27 at 00:15:59 CET logDebug - [pool-1-thread-1] driver:NewChromeDriver: chrome on XP (2f63aa5e1d8aaf966468dea33c1a1276)
2018-01-27 at 00:15:59 CET logDebug - [pool-1-thread-1] Closing WebDriver for this thread. chrome
Running com.capgemini.ntc.selenium.features.webElements.TooltipTest
Tests run: 1, Failures: 0, Errors: 0, Skipped: 0, Time elapsed: 28.862 sec - in com.capgemini.ntc.selenium.features.webElements.TooltipTest
sty 27, 2018 12:16:20 AM org.openqa.selenium.remote.DesiredCapabilities chrome
INFO: Using `new ChromeOptions()` is preferred to `DesiredCapabilities.chrome()`
Starting ChromeDriver 2.33.506120 (e3e53437346286c0bc2d2dc9aa4915ba81d9023f) on port 37664
Only local connections are allowed.
[0.453][SEVERE]: bind() returned an error: Only one usage of each socket address (protocol/network address/port) is normally permitted. (0x2740)
2018-01-27 at 00:16:23 CET logDebug - [pool-1-thread-1] All observers cleared.
2018-01-27 at 00:16:23 CET logInfo - [pool-1-thread-1] verifyIfImagesSizesAreCorrect(com.capgemini.ntc.selenium.projectY.BrokenImagesTest) STARTED.
2018-01-27 at 00:16:23 CET logInfo - [pool-1-thread-1] Step1 - open Chrome browser
2018-01-27 at 00:16:23 CET logInfo - [pool-1-thread-1] Step2 - open web page http://the-internet.herokuapp.com/
2018-01-27 at 00:16:23 CET logDebug - [pool-1-thread-1] Creating new browser=chrome WebDriver.
Running com.capgemini.ntc.selenium.features.webElements.TabTest
Tests run: 4, Failures: 0, Errors: 0, Skipped: 0, Time elapsed: 67.731 sec - in com.capgemini.ntc.selenium.features.webElements.TabTest
sty 27, 2018 12:16:37 AM org.openqa.selenium.remote.ProtocolHandshake createSession
INFO: Detected dialect: OSS
2018-01-27 at 00:16:45 CET logInfo - [pool-1-thread-1] Trying to set requested resolution: 1600x1200.
2018-01-27 at 00:16:48 CET logInfo - [pool-1-thread-1] Resolution readed from device: 1600x1100
2018-01-27 at 00:16:48 CET logInfo - [pool-1-thread-1] Trying to set increased resolution for 'View port': 1616x1200.
2018-01-27 at 00:16:49 CET logInfo - [pool-1-thread-1] Resolution readed from device: 1616x1100
2018-01-27 at 00:16:49 CET logDebug - [pool-1-thread-1] driver:NewChromeDriver: chrome on XP (774794202521e71dfb259d8eb4261095)
2018-01-27 at 00:16:49 CET logDebug - [pool-1-thread-1] To add observer: com.capgemini.ntc.selenium.pages.projectY.TheInternetPage@130a2751
2018-01-27 at 00:16:49 CET logDebug - [pool-1-thread-1] BaseTestWatcher.observers: []
2018-01-27 at 00:16:49 CET logDebug - [pool-1-thread-1] TestClassRule.classObservers: []
2018-01-27 at 00:16:49 CET logDebug - [pool-1-thread-1] Added observer: com.capgemini.ntc.selenium.pages.projectY.TheInternetPage@130a2751
2018-01-27 at 00:16:50 CET logDebug - [pool-1-thread-1] The internet page is loaded: data:,
2018-01-27 at 00:16:50 CET logDebug - [pool-1-thread-1] load page
2018-01-27 at 00:17:11 CET logDebug - [pool-1-thread-1] Waiting for [waitForPageLoaded] took [0.085 s]
2018-01-27 at 00:17:11 CET logDebug - [pool-1-thread-1] The internet page is loaded: http://the-internet.herokuapp.com/
2018-01-27 at 00:17:11 CET logInfo - [pool-1-thread-1] Step3 - click Broken Image link and open Broken Image page
2018-01-27 at 00:17:11 CET logDebug - [pool-1-thread-1] Waiting for [findElementDynamic(): By.cssSelector: li > a[href*=broken_images]] took [0.106 s]
2018-01-27 at 00:17:13 CET logDebug - [pool-1-thread-1] To add observer: com.capgemini.ntc.selenium.pages.projectY.BrokenImagePage@7e815e85
2018-01-27 at 00:17:13 CET logDebug - [pool-1-thread-1] BaseTestWatcher.observers: [com.capgemini.ntc.selenium.pages.projectY.TheInternetPage@130a2751]
2018-01-27 at 00:17:13 CET logDebug - [pool-1-thread-1] TestClassRule.classObservers: []
2018-01-27 at 00:17:13 CET logDebug - [pool-1-thread-1] Waiting for [waitForPageLoaded] took [0.272 s]
2018-01-27 at 00:17:13 CET logInfo - [pool-1-thread-1] Step4 - check sizes of image with index: 0
2018-01-27 at 00:17:13 CET logDebug - [pool-1-thread-1] Waiting for [findElementDynamic(): By.cssSelector: div > img:nth-child(2)] took [0.163 s]
2018-01-27 at 00:17:14 CET logDebug - [pool-1-thread-1] Waiting for [findElementDynamic(): By.cssSelector: div > img:nth-child(2)] took [0.205 s]
2018-01-27 at 00:17:14 CET logInfo - [pool-1-thread-1] Step4 - check sizes of image with index: 1
2018-01-27 at 00:17:14 CET logDebug - [pool-1-thread-1] Waiting for [findElementDynamic(): By.cssSelector: div > img:nth-child(3)] took [0.121 s]
2018-01-27 at 00:17:14 CET logDebug - [pool-1-thread-1] Waiting for [findElementDynamic(): By.cssSelector: div > img:nth-child(3)] took [0.159 s]
2018-01-27 at 00:17:14 CET logInfo - [pool-1-thread-1] Step4 - check sizes of image with index: 2
2018-01-27 at 00:17:15 CET logDebug - [pool-1-thread-1] Waiting for [findElementDynamic(): By.cssSelector: div > img:nth-child(4)] took [0.19 s]
2018-01-27 at 00:17:15 CET logDebug - [pool-1-thread-1] Waiting for [findElementDynamic(): By.cssSelector: div > img:nth-child(4)] took [0.072 s]
2018-01-27 at 00:17:15 CET logInfo - [pool-1-thread-1] verifyIfImagesSizesAreCorrect(com.capgemini.ntc.selenium.projectY.BrokenImagesTest) PASSED.
2018-01-27 at 00:17:15 CET logDebug - [pool-1-thread-1] BasePage.onTestSuccess    TheInternetPage
2018-01-27 at 00:17:15 CET logInfo - [pool-1-thread-1] verifyIfImagesSizesAreCorrect(com.capgemini.ntc.selenium.projectY.BrokenImagesTest) duration: 0,86 min
2018-01-27 at 00:17:15 CET logInfo - [pool-1-thread-1] Step5 - navigate back to The-Internet page
2018-01-27 at 00:17:16 CET logDebug - [pool-1-thread-1] Waiting for [waitForPageLoaded] took [0.151 s]
2018-01-27 at 00:17:16 CET logDebug - [pool-1-thread-1] BasePage.onTestFinish   TheInternetPage
2018-01-27 at 00:17:16 CET logDebug - [pool-1-thread-1] To remove observer: com.capgemini.ntc.selenium.pages.projectY.TheInternetPage@130a2751
2018-01-27 at 00:17:16 CET logDebug - [pool-1-thread-1] BaseTest.tearDownClass()
2018-01-27 at 00:17:16 CET logDebug - [pool-1-thread-1] BaseTestWatcher.observers: [com.capgemini.ntc.selenium.pages.projectY.TheInternetPage@130a2751]
2018-01-27 at 00:17:16 CET logDebug - [pool-1-thread-1] TestClassRule.classObservers: []
2018-01-27 at 00:17:16 CET logDebug - [pool-1-thread-1] BasePage.onTestClassFinish   TheInternetPage
2018-01-27 at 00:17:16 CET logDebug - [pool-1-thread-1] driver:NewChromeDriver: chrome on XP (774794202521e71dfb259d8eb4261095)
2018-01-27 at 00:17:16 CET logDebug - [pool-1-thread-1] Closing WebDriver for this thread. chrome
sty 27, 2018 12:17:21 AM org.openqa.selenium.remote.DesiredCapabilities chrome
INFO: Using `new ChromeOptions()` is preferred to `DesiredCapabilities.chrome()`
Starting ChromeDriver 2.33.506120 (e3e53437346286c0bc2d2dc9aa4915ba81d9023f) on port 5982
Only local connections are allowed.
Running com.capgemini.ntc.selenium.projectX.registration.RegistryPageTest
2018-01-27 at 00:12:11 CET logInfo - [pool-1-thread-8] QCID_12342343_StayOnResistryPage(com.capgemini.ntc.selenium.projectX.registration.RegistryPageTest) STARTED.
2018-01-27 at 00:12:11 CET logInfo - [pool-1-thread-8] [Step 1] As a standard user I will open Registry Page,  So that my I can fill data
2018-01-27 at 00:12:11 CET logDebug - [pool-1-thread-8] Creating new browser=chrome WebDriver.
2018-01-27 at 00:12:20 CET logInfo - [pool-1-thread-8] Trying to set requested resolution: 1600x1200.
2018-01-27 at 00:12:21 CET logInfo - [pool-1-thread-8] Resolution readed from device: 1600x1100
2018-01-27 at 00:12:21 CET logInfo - [pool-1-thread-8] Trying to set increased resolution for 'View port': 1616x1200.
2018-01-27 at 00:12:22 CET logInfo - [pool-1-thread-8] Resolution readed from device: 1616x1100
2018-01-27 at 00:12:22 CET logDebug - [pool-1-thread-8] driver:NewChromeDriver: chrome on XP (99b711af6c88b587e91b899a174d1ba8)
2018-01-27 at 00:12:22 CET logDebug - [pool-1-thread-8] To add observer: com.capgemini.ntc.selenium.pages.projectX.registration.RegistryPage@6197d805
2018-01-27 at 00:12:22 CET logDebug - [pool-1-thread-8] BaseTestWatcher.observers: []
2018-01-27 at 00:12:22 CET logDebug - [pool-1-thread-8] TestClassRule.classObservers: []
2018-01-27 at 00:12:22 CET logDebug - [pool-1-thread-8] Added observer: com.capgemini.ntc.selenium.pages.projectX.registration.RegistryPage@6197d805
2018-01-27 at 00:12:22 CET logDebug - [pool-1-thread-8] Waiting for [waitForPageLoaded] took [0.045 s]
2018-01-27 at 00:12:22 CET logDebug - [pool-1-thread-8] com.capgemini.ntc.selenium.pages.projectX.registration.RegistryPage: Current loaded page (http://demoqa.com/registration/) with pageTitle (). Page to load: (http://demoqa.com/registration/) ,for page title: (Registration | Demoqa)
2018-01-27 at 00:12:39 CET logDebug - [pool-1-thread-8] Waiting for [waitForPageLoaded] took [0.369 s]
2018-01-27 at 00:12:39 CET logInfo - [pool-1-thread-8] [Step 1] As a standard user I will open Registry Page,  So that my I can fill data
2018-01-27 at 00:12:39 CET logDebug - [pool-1-thread-8] To add observer: com.capgemini.ntc.selenium.pages.projectX.registration.RegistryPage@8ac9b8e
2018-01-27 at 00:12:39 CET logDebug - [pool-1-thread-8] BaseTestWatcher.observers: [com.capgemini.ntc.selenium.pages.projectX.registration.RegistryPage@6197d805]
2018-01-27 at 00:12:39 CET logDebug - [pool-1-thread-8] TestClassRule.classObservers: []
2018-01-27 at 00:12:39 CET logDebug - [pool-1-thread-8] Waiting for [waitForPageLoaded] took [0.227 s]
2018-01-27 at 00:12:39 CET logInfo - [pool-1-thread-8] [Step 2] As a standard user I click Submit button,  So that I will stay on Registry page
2018-01-27 at 00:12:39 CET logDebug - [pool-1-thread-8] Waiting for [findElementDynamic(): By.cssSelector: input[id='name_3_firstname']] took [0.111 s]
2018-01-27 at 00:12:39 CET logDebug - [pool-1-thread-8] Waiting for [findElementDynamic(): By.cssSelector: input[id='name_3_firstname']] took [0.073 s]
2018-01-27 at 00:12:40 CET logDebug - [pool-1-thread-8] Waiting for [waitForPageLoaded] took [0.037 s]
2018-01-27 at 00:12:40 CET logDebug - [pool-1-thread-8] Waiting for [findElementDynamic(): By.cssSelector: input[id='name_3_firstname']] took [0.135 s]
2018-01-27 at 00:12:41 CET logDebug - [pool-1-thread-8] Waiting for [waitForPageLoaded] took [0.068 s]
2018-01-27 at 00:12:41 CET logInfo - [pool-1-thread-8] QCID_12342343_StayOnResistryPage(com.capgemini.ntc.selenium.projectX.registration.RegistryPageTest) PASSED.
2018-01-27 at 00:12:41 CET logDebug - [pool-1-thread-8] BasePage.onTestSuccess    RegistryPage
2018-01-27 at 00:12:41 CET logInfo - [pool-1-thread-8] QCID_12342343_StayOnResistryPage(com.capgemini.ntc.selenium.projectX.registration.RegistryPageTest) duration: 0,49 min
2018-01-27 at 00:12:41 CET logDebug - [pool-1-thread-8] BasePage.onTestFinish   RegistryPage
2018-01-27 at 00:12:41 CET logDebug - [pool-1-thread-8] To remove observer: com.capgemini.ntc.selenium.pages.projectX.registration.RegistryPage@6197d805
2018-01-27 at 00:12:41 CET logInfo - [pool-1-thread-8] EXAMPLE_FAIL_TEST(com.capgemini.ntc.selenium.projectX.registration.RegistryPageTest) STARTED.
2018-01-27 at 00:12:41 CET logInfo - [pool-1-thread-8] [Step 1] As a standard user I will open Registry Page,  So that my I can fill data
2018-01-27 at 00:12:41 CET logDebug - [pool-1-thread-8] To add observer: com.capgemini.ntc.selenium.pages.projectX.registration.RegistryPage@73bf3441
2018-01-27 at 00:12:41 CET logDebug - [pool-1-thread-8] BaseTestWatcher.observers: [com.capgemini.ntc.selenium.pages.projectX.registration.RegistryPage@6197d805]
2018-01-27 at 00:12:41 CET logDebug - [pool-1-thread-8] TestClassRule.classObservers: []
2018-01-27 at 00:12:41 CET logDebug - [pool-1-thread-8] Waiting for [waitForPageLoaded] took [0.073 s]
2018-01-27 at 00:12:41 CET logInfo - [pool-1-thread-8] [Step 1] As a standard user I will open Registry Page,  So that my I can fill data
2018-01-27 at 00:12:41 CET logDebug - [pool-1-thread-8] To add observer: com.capgemini.ntc.selenium.pages.projectX.registration.RegistryPage@58180019
2018-01-27 at 00:12:41 CET logDebug - [pool-1-thread-8] BaseTestWatcher.observers: [com.capgemini.ntc.selenium.pages.projectX.registration.RegistryPage@6197d805]
2018-01-27 at 00:12:41 CET logDebug - [pool-1-thread-8] TestClassRule.classObservers: []
2018-01-27 at 00:12:41 CET logDebug - [pool-1-thread-8] Waiting for [waitForPageLoaded] took [0.054 s]
2018-01-27 at 00:12:41 CET logInfo - [pool-1-thread-8] [Step 2] As a standard user I click Submit button,  So that my data will be saved
2018-01-27 at 00:12:41 CET logDebug - [pool-1-thread-8] Waiting for [findElementDynamic(): By.cssSelector: input[id='name_3_firstname']] took [0.036 s]
2018-01-27 at 00:12:41 CET logDebug - [pool-1-thread-8] Waiting for [findElementDynamic(): By.cssSelector: input[id='name_3_firstname']] took [0.043 s]
2018-01-27 at 00:12:41 CET logDebug - [pool-1-thread-8] Waiting for [waitForPageLoaded] took [0.027 s]
2018-01-27 at 00:12:41 CET logDebug - [pool-1-thread-8] Waiting for [findElementDynamic(): By.cssSelector: input[id='name_3_firstname']] took [0.022 s]
2018-01-27 at 00:12:42 CET logDebug - [pool-1-thread-8] Waiting for [findElementDynamic(): By.cssSelector: input[id='name_3_firstname']] took [0.038 s]
2018-01-27 at 00:12:42 CET logInfo - [pool-1-thread-8] EXAMPLE_FAIL_TEST(com.capgemini.ntc.selenium.projectX.registration.RegistryPageTest) FAILED.
2018-01-27 at 00:12:42 CET logDebug - [pool-1-thread-8] BasePage.onTestFailure    RegistryPage
2018-01-27 at 00:12:43 CET logInfo - [pool-1-thread-8] EXAMPLE_FAIL_TEST(com.capgemini.ntc.selenium.projectX.registration.RegistryPageTest) duration: 0,03 min
2018-01-27 at 00:12:43 CET logDebug - [pool-1-thread-8] BasePage.onTestFinish   RegistryPage
2018-01-27 at 00:12:43 CET logDebug - [pool-1-thread-8] To remove observer: com.capgemini.ntc.selenium.pages.projectX.registration.RegistryPage@6197d805
2018-01-27 at 00:12:43 CET logDebug - [pool-1-thread-8] BaseTest.tearDownClass()
2018-01-27 at 00:12:43 CET logDebug - [pool-1-thread-8] BaseTestWatcher.observers: [com.capgemini.ntc.selenium.pages.projectX.registration.RegistryPage@6197d805]
2018-01-27 at 00:12:43 CET logDebug - [pool-1-thread-8] TestClassRule.classObservers: []
2018-01-27 at 00:12:43 CET logDebug - [pool-1-thread-8] BasePage.onTestClassFinish   RegistryPage
2018-01-27 at 00:12:43 CET logDebug - [pool-1-thread-8] driver:NewChromeDriver: chrome on XP (99b711af6c88b587e91b899a174d1ba8)
2018-01-27 at 00:12:43 CET logDebug - [pool-1-thread-8] Closing WebDriver for this thread. chrome
2018-01-27 at 00:12:51 CET logDebug - [pool-1-thread-8] All observers cleared.
2018-01-27 at 00:14:04 CET logInfo - [pool-1-thread-8] shouldDisplayCorrectTextOnDropdownWhenChooseValueOne(com.capgemini.ntc.selenium.projectY.DropdownTest) STARTED.
2018-01-27 at 00:14:04 CET logInfo - [pool-1-thread-8] Step1 - open Chrome browser
2018-01-27 at 00:14:04 CET logInfo - [pool-1-thread-8] Step2 - open web page http://the-internet.herokuapp.com/
2018-01-27 at 00:14:04 CET logDebug - [pool-1-thread-8] Creating new browser=chrome WebDriver.
2018-01-27 at 00:14:12 CET logInfo - [pool-1-thread-8] Trying to set requested resolution: 1600x1200.
2018-01-27 at 00:14:13 CET logInfo - [pool-1-thread-8] Resolution readed from device: 1600x1100
2018-01-27 at 00:14:14 CET logInfo - [pool-1-thread-8] Trying to set increased resolution for 'View port': 1616x1200.
2018-01-27 at 00:14:14 CET logInfo - [pool-1-thread-8] Resolution readed from device: 1616x1100
2018-01-27 at 00:14:14 CET logDebug - [pool-1-thread-8] driver:NewChromeDriver: chrome on XP (0e47396da548b6501bab4a90aa55876d)
2018-01-27 at 00:14:14 CET logDebug - [pool-1-thread-8] To add observer: com.capgemini.ntc.selenium.pages.projectY.TheInternetPage@658ae487
2018-01-27 at 00:14:14 CET logDebug - [pool-1-thread-8] BaseTestWatcher.observers: []
2018-01-27 at 00:14:14 CET logDebug - [pool-1-thread-8] TestClassRule.classObservers: []
2018-01-27 at 00:14:14 CET logDebug - [pool-1-thread-8] Added observer: com.capgemini.ntc.selenium.pages.projectY.TheInternetPage@658ae487
2018-01-27 at 00:14:14 CET logDebug - [pool-1-thread-8] The internet page is loaded: data:,
2018-01-27 at 00:14:14 CET logDebug - [pool-1-thread-8] load page
2018-01-27 at 00:14:33 CET logDebug - [pool-1-thread-8] Waiting for [waitForPageLoaded] took [0.018 s]
2018-01-27 at 00:14:33 CET logDebug - [pool-1-thread-8] The internet page is loaded: http://the-internet.herokuapp.com/
2018-01-27 at 00:14:33 CET logInfo - [pool-1-thread-8] Step3 - open 'dropdown' link
2018-01-27 at 00:14:33 CET logDebug - [pool-1-thread-8] Waiting for [findElementDynamic(): By.cssSelector: li > a[href*=dropdown]] took [0.027 s]
2018-01-27 at 00:14:34 CET logDebug - [pool-1-thread-8] To add observer: com.capgemini.ntc.selenium.pages.projectY.DropdownPage@80307da
2018-01-27 at 00:14:34 CET logDebug - [pool-1-thread-8] BaseTestWatcher.observers: [com.capgemini.ntc.selenium.pages.projectY.TheInternetPage@658ae487]
2018-01-27 at 00:14:34 CET logDebug - [pool-1-thread-8] TestClassRule.classObservers: []
2018-01-27 at 00:14:34 CET logDebug - [pool-1-thread-8] Waiting for [waitForPageLoaded] took [0.149 s]
2018-01-27 at 00:14:35 CET logDebug - [pool-1-thread-8] Waiting for [findElementDynamic(): By.cssSelector: #dropdown] took [0.182 s]
2018-01-27 at 00:14:35 CET logDebug - [pool-1-thread-8] Waiting for [findElementDynamic(): By.cssSelector: #dropdown] took [0.117 s]
2018-01-27 at 00:14:37 CET logDebug - [pool-1-thread-8] Waiting for [findElementDynamic(): By.cssSelector: #dropdown] took [0.1 s]
2018-01-27 at 00:14:38 CET logDebug - [pool-1-thread-8] Waiting for [findElementDynamic(): By.cssSelector: #dropdown] took [0.234 s]
2018-01-27 at 00:14:38 CET logDebug - [pool-1-thread-8] Waiting for [findElementDynamic(): By.cssSelector: #dropdown] took [0.121 s]
2018-01-27 at 00:14:39 CET logInfo - [pool-1-thread-8] shouldDisplayCorrectTextOnDropdownWhenChooseValueOne(com.capgemini.ntc.selenium.projectY.DropdownTest) PASSED.
2018-01-27 at 00:14:39 CET logDebug - [pool-1-thread-8] BasePage.onTestSuccess    TheInternetPage
2018-01-27 at 00:14:39 CET logInfo - [pool-1-thread-8] shouldDisplayCorrectTextOnDropdownWhenChooseValueOne(com.capgemini.ntc.selenium.projectY.DropdownTest) duration: 0,59 min
2018-01-27 at 00:14:39 CET logInfo - [pool-1-thread-8] Step5 - navigate back to The-Internet page
2018-01-27 at 00:14:40 CET logDebug - [pool-1-thread-8] Waiting for [waitForPageLoaded] took [0.062 s]
2018-01-27 at 00:14:40 CET logDebug - [pool-1-thread-8] BasePage.onTestFinish   TheInternetPage
2018-01-27 at 00:14:40 CET logDebug - [pool-1-thread-8] To remove observer: com.capgemini.ntc.selenium.pages.projectY.TheInternetPage@658ae487
2018-01-27 at 00:14:40 CET logInfo - [pool-1-thread-8] shouldDisplayCorrectTextOnDropdownWhenChooseValueTwo(com.capgemini.ntc.selenium.projectY.DropdownTest) STARTED.
2018-01-27 at 00:14:40 CET logInfo - [pool-1-thread-8] Step1 - open Chrome browser
2018-01-27 at 00:14:40 CET logInfo - [pool-1-thread-8] Step2 - open web page http://the-internet.herokuapp.com/
2018-01-27 at 00:14:40 CET logDebug - [pool-1-thread-8] To add observer: com.capgemini.ntc.selenium.pages.projectY.TheInternetPage@3afd5241
2018-01-27 at 00:14:40 CET logDebug - [pool-1-thread-8] BaseTestWatcher.observers: [com.capgemini.ntc.selenium.pages.projectY.TheInternetPage@658ae487]
2018-01-27 at 00:14:40 CET logDebug - [pool-1-thread-8] TestClassRule.classObservers: []
2018-01-27 at 00:14:40 CET logDebug - [pool-1-thread-8] The internet page is loaded: http://the-internet.herokuapp.com/
2018-01-27 at 00:14:40 CET logDebug - [pool-1-thread-8] The internet page is loaded: http://the-internet.herokuapp.com/
2018-01-27 at 00:14:40 CET logInfo - [pool-1-thread-8] Step3 - open 'dropdown' link
2018-01-27 at 00:14:40 CET logDebug - [pool-1-thread-8] Waiting for [findElementDynamic(): By.cssSelector: li > a[href*=dropdown]] took [0.076 s]
2018-01-27 at 00:14:42 CET logDebug - [pool-1-thread-8] To add observer: com.capgemini.ntc.selenium.pages.projectY.DropdownPage@15bfcde2
2018-01-27 at 00:14:42 CET logDebug - [pool-1-thread-8] BaseTestWatcher.observers: [com.capgemini.ntc.selenium.pages.projectY.TheInternetPage@658ae487]
2018-01-27 at 00:14:42 CET logDebug - [pool-1-thread-8] TestClassRule.classObservers: []
2018-01-27 at 00:14:42 CET logDebug - [pool-1-thread-8] Waiting for [waitForPageLoaded] took [0.041 s]
2018-01-27 at 00:14:42 CET logDebug - [pool-1-thread-8] Waiting for [findElementDynamic(): By.cssSelector: #dropdown] took [0.032 s]
2018-01-27 at 00:14:42 CET logDebug - [pool-1-thread-8] Waiting for [findElementDynamic(): By.cssSelector: #dropdown] took [0.03 s]
2018-01-27 at 00:14:42 CET logDebug - [pool-1-thread-8] Waiting for [findElementDynamic(): By.cssSelector: #dropdown] took [0.03 s]
2018-01-27 at 00:14:42 CET logDebug - [pool-1-thread-8] Waiting for [findElementDynamic(): By.cssSelector: #dropdown] took [0.018 s]
2018-01-27 at 00:14:43 CET logDebug - [pool-1-thread-8] Waiting for [findElementDynamic(): By.cssSelector: #dropdown] took [0.022 s]
2018-01-27 at 00:14:43 CET logInfo - [pool-1-thread-8] shouldDisplayCorrectTextOnDropdownWhenChooseValueTwo(com.capgemini.ntc.selenium.projectY.DropdownTest) PASSED.
2018-01-27 at 00:14:43 CET logDebug - [pool-1-thread-8] BasePage.onTestSuccess    TheInternetPage
2018-01-27 at 00:14:43 CET logInfo - [pool-1-thread-8] shouldDisplayCorrectTextOnDropdownWhenChooseValueTwo(com.capgemini.ntc.selenium.projectY.DropdownTest) duration: 0,05 min
2018-01-27 at 00:14:43 CET logInfo - [pool-1-thread-8] Step5 - navigate back to The-Internet page
2018-01-27 at 00:14:43 CET logDebug - [pool-1-thread-8] Waiting for [waitForPageLoaded] took [0.025 s]
2018-01-27 at 00:14:43 CET logDebug - [pool-1-thread-8] BasePage.onTestFinish   TheInternetPage
2018-01-27 at 00:14:43 CET logDebug - [pool-1-thread-8] To remove observer: com.capgemini.ntc.selenium.pages.projectY.TheInternetPage@658ae487
2018-01-27 at 00:14:43 CET logDebug - [pool-1-thread-8] BaseTest.tearDownClass()
2018-01-27 at 00:14:43 CET logDebug - [pool-1-thread-8] BaseTestWatcher.observers: [com.capgemini.ntc.selenium.pages.projectY.TheInternetPage@658ae487]
2018-01-27 at 00:14:43 CET logDebug - [pool-1-thread-8] TestClassRule.classObservers: []
2018-01-27 at 00:14:43 CET logDebug - [pool-1-thread-8] BasePage.onTestClassFinish   TheInternetPage
2018-01-27 at 00:14:43 CET logDebug - [pool-1-thread-8] driver:NewChromeDriver: chrome on XP (0e47396da548b6501bab4a90aa55876d)
2018-01-27 at 00:14:43 CET logDebug - [pool-1-thread-8] Closing WebDriver for this thread. chrome
2018-01-27 at 00:14:45 CET logDebug - [pool-1-thread-8] All observers cleared.
2018-01-27 at 00:14:45 CET logInfo - [pool-1-thread-8] test(com.capgemini.ntc.selenium.features.webElements.LabelTest) STARTED.
2018-01-27 at 00:14:45 CET logDebug - [pool-1-thread-8] Creating new browser=chrome WebDriver.
2018-01-27 at 00:14:53 CET logInfo - [pool-1-thread-8] Trying to set requested resolution: 1600x1200.
2018-01-27 at 00:14:54 CET logInfo - [pool-1-thread-8] Resolution readed from device: 1600x1100
2018-01-27 at 00:14:54 CET logInfo - [pool-1-thread-8] Trying to set increased resolution for 'View port': 1616x1200.
2018-01-27 at 00:14:55 CET logInfo - [pool-1-thread-8] Resolution readed from device: 1616x1100
2018-01-27 at 00:14:55 CET logDebug - [pool-1-thread-8] driver:NewChromeDriver: chrome on XP (c4d751329d828b1c505e676d72790b9d)
2018-01-27 at 00:15:21 CET logDebug - [pool-1-thread-8] Waiting for [findElementDynamic(): By.cssSelector: span.bcd] took [0.134 s]
2018-01-27 at 00:15:21 CET logDebug - [pool-1-thread-8] Waiting for [findElementDynamic(): By.cssSelector: span.bcd] took [0.205 s]
2018-01-27 at 00:15:21 CET logDebug - [pool-1-thread-8] Waiting for [findElementDynamic(): By.cssSelector: span.bcd] took [0.071 s]
2018-01-27 at 00:15:21 CET logDebug - [pool-1-thread-8] Waiting for [findElementDynamic(): By.cssSelector: span.bcd] took [0.069 s]
2018-01-27 at 00:15:21 CET logDebug - [pool-1-thread-8] Waiting for [findElementDynamic(): By.cssSelector: span.bcd] took [0.07 s]
2018-01-27 at 00:15:21 CET logInfo - [pool-1-thread-8] test(com.capgemini.ntc.selenium.features.webElements.LabelTest) PASSED.
2018-01-27 at 00:15:21 CET logInfo - [pool-1-thread-8] test(com.capgemini.ntc.selenium.features.webElements.LabelTest) duration: 0,60 min
2018-01-27 at 00:15:21 CET logDebug - [pool-1-thread-8] BaseTest.tearDownClass()
2018-01-27 at 00:15:21 CET logDebug - [pool-1-thread-8] BaseTestWatcher.observers: []
2018-01-27 at 00:15:21 CET logDebug - [pool-1-thread-8] TestClassRule.classObservers: []
2018-01-27 at 00:15:21 CET logDebug - [pool-1-thread-8] All observers cleared.
2018-01-27 at 00:15:21 CET logInfo - [pool-1-thread-8] testPossibleValues(com.capgemini.ntc.selenium.features.webElements.RadioButtonTest) STARTED.
2018-01-27 at 00:15:50 CET logDebug - [pool-1-thread-8] Waiting for [findElementDynamic(): By.cssSelector: div[class='radio_wrap']] took [0.077 s]
2018-01-27 at 00:15:50 CET logDebug - [pool-1-thread-8] Waiting for [findElementDynamic(): By.cssSelector: div[class='radio_wrap']] took [0.143 s]
2018-01-27 at 00:15:50 CET logInfo - [pool-1-thread-8] testPossibleValues(com.capgemini.ntc.selenium.features.webElements.RadioButtonTest) PASSED.
2018-01-27 at 00:15:50 CET logInfo - [pool-1-thread-8] testPossibleValues(com.capgemini.ntc.selenium.features.webElements.RadioButtonTest) duration: 0,47 min
2018-01-27 at 00:15:50 CET logInfo - [pool-1-thread-8] testSelection(com.capgemini.ntc.selenium.features.webElements.RadioButtonTest) STARTED.
2018-01-27 at 00:15:52 CET logDebug - [pool-1-thread-8] Waiting for [findElementDynamic(): By.cssSelector: div[class='radio_wrap']] took [0.073 s]
2018-01-27 at 00:15:52 CET logDebug - [pool-1-thread-8] Waiting for [findElementDynamic(): By.cssSelector: div[class='radio_wrap']] took [0.046 s]
2018-01-27 at 00:15:52 CET logDebug - [pool-1-thread-8] Waiting for [findElementDynamic(): By.cssSelector: div[class='radio_wrap']] took [0.05 s]
2018-01-27 at 00:15:52 CET logDebug - [pool-1-thread-8] Waiting for [findElementDynamic(): By.cssSelector: div[class='radio_wrap']] took [0.024 s]
2018-01-27 at 00:15:52 CET logDebug - [pool-1-thread-8] Waiting for [findElementDynamic(): By.cssSelector: div[class='radio_wrap']] took [0.111 s]
2018-01-27 at 00:15:52 CET logDebug - [pool-1-thread-8] Waiting for [findElementDynamic(): By.cssSelector: div[class='radio_wrap']] took [0.076 s]
2018-01-27 at 00:15:52 CET logDebug - [pool-1-thread-8] Waiting for [findElementDynamic(): By.cssSelector: div[class='radio_wrap']] took [0.025 s]
2018-01-27 at 00:15:53 CET logDebug - [pool-1-thread-8] Waiting for [findElementDynamic(): By.cssSelector: div[class='radio_wrap']] took [0.046 s]
2018-01-27 at 00:15:53 CET logDebug - [pool-1-thread-8] Waiting for [findElementDynamic(): By.cssSelector: div[class='radio_wrap']] took [0.018 s]
2018-01-27 at 00:15:53 CET logDebug - [pool-1-thread-8] Waiting for [findElementDynamic(): By.cssSelector: div[class='radio_wrap']] took [0.016 s]
2018-01-27 at 00:15:53 CET logDebug - [pool-1-thread-8] Waiting for [findElementDynamic(): By.cssSelector: div[class='radio_wrap']] took [0.038 s]
2018-01-27 at 00:15:53 CET logInfo - [pool-1-thread-8] testSelection(com.capgemini.ntc.selenium.features.webElements.RadioButtonTest) PASSED.
2018-01-27 at 00:15:53 CET logInfo - [pool-1-thread-8] testSelection(com.capgemini.ntc.selenium.features.webElements.RadioButtonTest) duration: 0,06 min
2018-01-27 at 00:15:53 CET logInfo - [pool-1-thread-8] testSelectionSpecifiedItem(com.capgemini.ntc.selenium.features.webElements.RadioButtonTest) STARTED.
2018-01-27 at 00:15:55 CET logDebug - [pool-1-thread-8] Waiting for [findElementDynamic(): By.cssSelector: div[class='radio_wrap']] took [0.079 s]
2018-01-27 at 00:15:55 CET logDebug - [pool-1-thread-8] Waiting for [findElementDynamic(): By.cssSelector: div[class='radio_wrap']] took [0.045 s]
2018-01-27 at 00:15:55 CET logDebug - [pool-1-thread-8] Waiting for [findElementDynamic(): By.cssSelector: div[class='radio_wrap']] took [0.075 s]
2018-01-27 at 00:15:55 CET logDebug - [pool-1-thread-8] Waiting for [findElementDynamic(): By.cssSelector: div[class='radio_wrap']] took [0.024 s]
2018-01-27 at 00:15:55 CET logDebug - [pool-1-thread-8] Waiting for [findElementDynamic(): By.cssSelector: div[class='radio_wrap']] took [0.032 s]
2018-01-27 at 00:15:56 CET logDebug - [pool-1-thread-8] Waiting for [findElementDynamic(): By.cssSelector: div[class='radio_wrap']] took [0.041 s]
2018-01-27 at 00:15:56 CET logDebug - [pool-1-thread-8] Waiting for [findElementDynamic(): By.cssSelector: div[class='radio_wrap']] took [0.185 s]
2018-01-27 at 00:15:57 CET logInfo - [pool-1-thread-8] testSelectionSpecifiedItem(com.capgemini.ntc.selenium.features.webElements.RadioButtonTest) PASSED.
2018-01-27 at 00:15:57 CET logInfo - [pool-1-thread-8] testSelectionSpecifiedItem(com.capgemini.ntc.selenium.features.webElements.RadioButtonTest) duration: 0,06 min
2018-01-27 at 00:15:57 CET logInfo - [pool-1-thread-8] testRadioButtonElementsCount(com.capgemini.ntc.selenium.features.webElements.RadioButtonTest) STARTED.
2018-01-27 at 00:15:58 CET logDebug - [pool-1-thread-8] Waiting for [findElementDynamic(): By.cssSelector: div[class='radio_wrap']] took [0.094 s]
2018-01-27 at 00:15:58 CET logDebug - [pool-1-thread-8] Waiting for [findElementDynamic(): By.cssSelector: div[class='radio_wrap']] took [0.048 s]
2018-01-27 at 00:15:58 CET logInfo - [pool-1-thread-8] testRadioButtonElementsCount(com.capgemini.ntc.selenium.features.webElements.RadioButtonTest) PASSED.
2018-01-27 at 00:15:58 CET logInfo - [pool-1-thread-8] testRadioButtonElementsCount(com.capgemini.ntc.selenium.features.webElements.RadioButtonTest) duration: 0,03 min
2018-01-27 at 00:15:58 CET logDebug - [pool-1-thread-8] BaseTest.tearDownClass()
2018-01-27 at 00:15:58 CET logDebug - [pool-1-thread-8] BaseTestWatcher.observers: []
2018-01-27 at 00:15:58 CET logDebug - [pool-1-thread-8] TestClassRule.classObservers: []
2018-01-27 at 00:15:58 CET logDebug - [pool-1-thread-8] All observers cleared.
2018-01-27 at 00:15:58 CET logInfo - [pool-1-thread-8] Register_OK(com.capgemini.ntc.selenium.projectX.registration.RegisterOKTest) STARTED.
2018-01-27 at 00:15:58 CET logDebug - [pool-1-thread-8] To add observer: com.capgemini.ntc.selenium.pages.projectX.registration.RegistrationPage@bfda602
2018-01-27 at 00:15:58 CET logDebug - [pool-1-thread-8] BaseTestWatcher.observers: []
2018-01-27 at 00:15:58 CET logDebug - [pool-1-thread-8] TestClassRule.classObservers: []
2018-01-27 at 00:15:58 CET logDebug - [pool-1-thread-8] Added observer: com.capgemini.ntc.selenium.pages.projectX.registration.RegistrationPage@bfda602
2018-01-27 at 00:15:58 CET logDebug - [pool-1-thread-8] Waiting for [waitForPageLoaded] took [0.136 s]
2018-01-27 at 00:15:59 CET logDebug - [pool-1-thread-8] Waiting for [waitForPageLoaded] took [0.03 s]
2018-01-27 at 00:15:59 CET logDebug - [pool-1-thread-8] Waiting for [findElementDynamic(): By.cssSelector: input[id='name_3_firstname']] took [0.031 s]
2018-01-27 at 00:15:59 CET logDebug - [pool-1-thread-8] Waiting for [findElementDynamic(): By.cssSelector: input[id='name_3_firstname']] took [0.024 s]
2018-01-27 at 00:15:59 CET logDebug - [pool-1-thread-8] Waiting for [findElementDynamic(): By.cssSelector: input[id='name_3_firstname']] took [0.043 s]
2018-01-27 at 00:15:59 CET logDebug - [pool-1-thread-8] Waiting for [findElementDynamic(): By.cssSelector: input[id='name_3_lastname']] took [0.043 s]
2018-01-27 at 00:15:59 CET logDebug - [pool-1-thread-8] Waiting for [findElementDynamic(): By.cssSelector: input[id='name_3_lastname']] took [0.015 s]
2018-01-27 at 00:15:59 CET logDebug - [pool-1-thread-8] Waiting for [findElementDynamic(): By.cssSelector: input[id='name_3_lastname']] took [0.163 s]
2018-01-27 at 00:16:00 CET logDebug - [pool-1-thread-8] Waiting for [findElementDynamic(): By.cssSelector: div[class='radio_wrap']] took [0.046 s]
2018-01-27 at 00:16:00 CET logDebug - [pool-1-thread-8] Waiting for [findElementDynamic(): By.cssSelector: div[class='radio_wrap']] took [0.058 s]
2018-01-27 at 00:16:00 CET logDebug - [pool-1-thread-8] Waiting for [findElementDynamic(): By.cssSelector: div[class='radio_wrap']] took [0.036 s]
2018-01-27 at 00:16:01 CET logDebug - [pool-1-thread-8] Waiting for [findElementDynamic(): By.cssSelector: li.fields.pageFields_1:nth-child(3) div.radio_wrap] took [0.058 s]
2018-01-27 at 00:16:01 CET logDebug - [pool-1-thread-8] Waiting for [findElementDynamic(): By.cssSelector: li.fields.pageFields_1:nth-child(3) div.radio_wrap] took [0.062 s]
2018-01-27 at 00:16:01 CET logDebug - [pool-1-thread-8] Waiting for [findElementDynamic(): By.cssSelector: li.fields.pageFields_1:nth-child(3) div.radio_wrap] took [0.039 s]
2018-01-27 at 00:16:01 CET logDebug - [pool-1-thread-8] Waiting for [findElementDynamic(): By.cssSelector: li.fields.pageFields_1:nth-child(3) div.radio_wrap] took [0.024 s]
2018-01-27 at 00:16:02 CET logDebug - [pool-1-thread-8] Waiting for [findElementDynamic(): By.cssSelector: select[id='dropdown_7']] took [0.066 s]
2018-01-27 at 00:16:02 CET logDebug - [pool-1-thread-8] Waiting for [findElementDynamic(): By.cssSelector: select[id='dropdown_7']] took [0.031 s]
2018-01-27 at 00:16:02 CET logDebug - [pool-1-thread-8] Waiting for [findElementDynamic(): By.cssSelector: select[id='dropdown_7']] took [0.026 s]
2018-01-27 at 00:16:18 CET logDebug - [pool-1-thread-8] Waiting for [findElementDynamic(): By.cssSelector: select[id='dropdown_7']] took [0.093 s]
2018-01-27 at 00:16:19 CET logDebug - [pool-1-thread-8] Waiting for [findElementDynamic(): By.cssSelector: select[id='mm_date_8']] took [0.357 s]
2018-01-27 at 00:16:19 CET logDebug - [pool-1-thread-8] Waiting for [findElementDynamic(): By.cssSelector: select[id='mm_date_8']] took [0.094 s]
2018-01-27 at 00:16:20 CET logDebug - [pool-1-thread-8] Waiting for [findElementDynamic(): By.cssSelector: select[id='mm_date_8']] took [0.124 s]
2018-01-27 at 00:16:22 CET logDebug - [pool-1-thread-8] Waiting for [findElementDynamic(): By.cssSelector: select[id='mm_date_8']] took [0.242 s]
2018-01-27 at 00:16:23 CET logDebug - [pool-1-thread-8] Waiting for [findElementDynamic(): By.cssSelector: select[id='dd_date_8']] took [0.076 s]
2018-01-27 at 00:16:23 CET logDebug - [pool-1-thread-8] Waiting for [findElementDynamic(): By.cssSelector: select[id='dd_date_8']] took [0.074 s]
2018-01-27 at 00:16:23 CET logDebug - [pool-1-thread-8] Waiting for [findElementDynamic(): By.cssSelector: select[id='dd_date_8']] took [0.048 s]
2018-01-27 at 00:16:30 CET logDebug - [pool-1-thread-8] Waiting for [findElementDynamic(): By.cssSelector: select[id='dd_date_8']] took [0.078 s]
2018-01-27 at 00:16:30 CET logDebug - [pool-1-thread-8] Waiting for [findElementDynamic(): By.cssSelector: select[id='yy_date_8']] took [0.108 s]
2018-01-27 at 00:16:30 CET logDebug - [pool-1-thread-8] Waiting for [findElementDynamic(): By.cssSelector: select[id='yy_date_8']] took [0.044 s]
2018-01-27 at 00:16:32 CET logDebug - [pool-1-thread-8] Waiting for [findElementDynamic(): By.cssSelector: select[id='yy_date_8']] took [0.134 s]
2018-01-27 at 00:16:41 CET logDebug - [pool-1-thread-8] Waiting for [findElementDynamic(): By.cssSelector: select[id='yy_date_8']] took [0.071 s]
2018-01-27 at 00:16:42 CET logDebug - [pool-1-thread-8] Waiting for [findElementDynamic(): By.cssSelector: input[id='phone_9']] took [0.133 s]
2018-01-27 at 00:16:42 CET logDebug - [pool-1-thread-8] Waiting for [findElementDynamic(): By.cssSelector: input[id='phone_9']] took [0.23 s]
2018-01-27 at 00:16:42 CET logDebug - [pool-1-thread-8] Waiting for [findElementDynamic(): By.cssSelector: input[id='phone_9']] took [0.131 s]
2018-01-27 at 00:16:46 CET logDebug - [pool-1-thread-8] Waiting for [findElementDynamic(): By.cssSelector: input[id='username']] took [0.079 s]
2018-01-27 at 00:16:46 CET logDebug - [pool-1-thread-8] Waiting for [findElementDynamic(): By.cssSelector: input[id='username']] took [0.181 s]
2018-01-27 at 00:16:47 CET logDebug - [pool-1-thread-8] Waiting for [findElementDynamic(): By.cssSelector: input[id='username']] took [0.205 s]
2018-01-27 at 00:16:50 CET logDebug - [pool-1-thread-8] Waiting for [findElementDynamic(): By.cssSelector: input[id='email_1']] took [0.065 s]
2018-01-27 at 00:16:50 CET logDebug - [pool-1-thread-8] Waiting for [findElementDynamic(): By.cssSelector: input[id='email_1']] took [0.13 s]
2018-01-27 at 00:16:51 CET logDebug - [pool-1-thread-8] Waiting for [findElementDynamic(): By.cssSelector: input[id='email_1']] took [0.153 s]
2018-01-27 at 00:16:54 CET logDebug - [pool-1-thread-8] Waiting for [findElementDynamic(): By.cssSelector: textarea[ id='description' ]] took [0.059 s]
2018-01-27 at 00:16:54 CET logDebug - [pool-1-thread-8] Waiting for [findElementDynamic(): By.cssSelector: textarea[ id='description' ]] took [0.058 s]
2018-01-27 at 00:16:55 CET logDebug - [pool-1-thread-8] Waiting for [findElementDynamic(): By.cssSelector: textarea[ id='description' ]] took [0.054 s]
2018-01-27 at 00:16:56 CET logDebug - [pool-1-thread-8] Waiting for [findElementDynamic(): By.cssSelector: input[id='password_2']] took [0.084 s]
2018-01-27 at 00:16:56 CET logDebug - [pool-1-thread-8] Waiting for [findElementDynamic(): By.cssSelector: input[id='password_2']] took [0.122 s]
2018-01-27 at 00:16:56 CET logDebug - [pool-1-thread-8] Waiting for [findElementDynamic(): By.cssSelector: input[id='password_2']] took [0.188 s]
2018-01-27 at 00:17:00 CET logDebug - [pool-1-thread-8] Waiting for [findElementDynamic(): By.cssSelector: input[id='confirm_password_password_2']] took [0.063 s]
2018-01-27 at 00:17:00 CET logDebug - [pool-1-thread-8] Waiting for [findElementDynamic(): By.cssSelector: input[id='confirm_password_password_2']] took [0.1 s]
2018-01-27 at 00:17:00 CET logDebug - [pool-1-thread-8] Waiting for [findElementDynamic(): By.cssSelector: input[id='confirm_password_password_2']] took [0.037 s]
2018-01-27 at 00:17:01 CET logDebug - [pool-1-thread-8] Waiting for [findElementDynamic(): By.cssSelector: input[name='pie_submit']] took [0.05 s]
2018-01-27 at 00:17:01 CET logDebug - [pool-1-thread-8] Waiting for [findElementDynamic(): By.cssSelector: input[name='pie_submit']] took [0.032 s]
2018-01-27 at 00:17:01 CET logDebug - [pool-1-thread-8] Waiting for [waitForPageLoaded] took [0.014 s]
2018-01-27 at 00:17:01 CET logDebug - [pool-1-thread-8] Waiting for [findElementDynamic(): By.cssSelector: input[name='pie_submit']] took [0.025 s]
2018-01-27 at 00:17:03 CET logDebug - [pool-1-thread-8] Waiting for [waitForElementVisible(): By.cssSelector: p[class='piereg_login_error']] took [0.471 s]
2018-01-27 at 00:17:03 CET logDebug - [pool-1-thread-8] Waiting for [waitForElementVisible(): By.cssSelector: p[class='piereg_login_error']] took [0.15 s]
2018-01-27 at 00:17:04 CET logDebug - [pool-1-thread-8] Error: Username already exists
2018-01-27 at 00:17:04 CET logDebug - [pool-1-thread-8] Waiting for [findElementDynamic(): By.cssSelector: p[class='piereg_login_error']] took [0.066 s]
2018-01-27 at 00:17:04 CET logDebug - [pool-1-thread-8] Waiting for [findElementDynamic(): By.cssSelector: p[class='piereg_login_error']] took [0.145 s]
2018-01-27 at 00:17:04 CET logInfo - [pool-1-thread-8] Register_OK(com.capgemini.ntc.selenium.projectX.registration.RegisterOKTest) PASSED.
2018-01-27 at 00:17:04 CET logDebug - [pool-1-thread-8] BasePage.onTestSuccess    RegistrationPage
2018-01-27 at 00:17:04 CET logInfo - [pool-1-thread-8] Register_OK(com.capgemini.ntc.selenium.projectX.registration.RegisterOKTest) duration: 1,09 min
2018-01-27 at 00:17:04 CET logDebug - [pool-1-thread-8] BasePage.onTestFinish   RegistrationPage
2018-01-27 at 00:17:04 CET logDebug - [pool-1-thread-8] To remove observer: com.capgemini.ntc.selenium.pages.projectX.registration.RegistrationPage@bfda602
2018-01-27 at 00:17:04 CET logDebug - [pool-1-thread-8] BaseTest.tearDownClass()
2018-01-27 at 00:17:04 CET logDebug - [pool-1-thread-8] BaseTestWatcher.observers: [com.capgemini.ntc.selenium.pages.projectX.registration.RegistrationPage@bfda602]
2018-01-27 at 00:17:04 CET logDebug - [pool-1-thread-8] TestClassRule.classObservers: []
2018-01-27 at 00:17:04 CET logDebug - [pool-1-thread-8] BasePage.onTestClassFinish   RegistrationPage
2018-01-27 at 00:17:04 CET logDebug - [pool-1-thread-8] driver:NewChromeDriver: chrome on XP (c4d751329d828b1c505e676d72790b9d)
2018-01-27 at 00:17:04 CET logDebug - [pool-1-thread-8] Closing WebDriver for this thread. chrome
Tests run: 4, Failures: 2, Errors: 0, Skipped: 0, Time elapsed: 294.726 sec <<< FAILURE! - in com.capgemini.ntc.selenium.projectX.registration.RegistryPageTest
EXAMPLE_FAIL_TEST(com.capgemini.ntc.selenium.projectX.registration.RegistryPageTest)  Time elapsed: 2.042 sec  <<< FAILURE!
java.lang.AssertionError: 
Submit display button was not visible
Expected: is <true>
     but: was <false>
	at com.capgemini.ntc.selenium.projectX.registration.RegistryPageTest.EXAMPLE_FAIL_TEST(RegistryPageTest.java:53)

EXAMPLE_FAIL_TEST(com.capgemini.ntc.selenium.projectX.registration.RegistryPageTest)  Time elapsed: 1.687 sec  <<< FAILURE!
java.lang.AssertionError: 
Submit display button was not visible
Expected: is <true>
     but: was <false>
	at com.capgemini.ntc.selenium.projectX.registration.RegistryPageTest.EXAMPLE_FAIL_TEST(RegistryPageTest.java:53)

sty 27, 2018 12:17:28 AM org.openqa.selenium.remote.ProtocolHandshake createSession
INFO: Detected dialect: OSS
Running com.capgemini.ntc.selenium.features.webElements.DropdownListTest
Tests run: 5, Failures: 0, Errors: 0, Skipped: 0, Time elapsed: 164.206 sec - in com.capgemini.ntc.selenium.features.webElements.DropdownListTest
2018-01-27 at 00:17:38 CET logDebug - [pool-1-thread-1] All observers cleared.
2018-01-27 at 00:17:38 CET logInfo - [pool-1-thread-1] Step 1: Open the Url http://the-internet.herokuapp.com/
2018-01-27 at 00:17:38 CET logDebug - [pool-1-thread-1] Creating new browser=chrome WebDriver.
sty 27, 2018 12:17:38 AM org.openqa.selenium.remote.DesiredCapabilities chrome
INFO: Using `new ChromeOptions()` is preferred to `DesiredCapabilities.chrome()`
Starting ChromeDriver 2.33.506120 (e3e53437346286c0bc2d2dc9aa4915ba81d9023f) on port 29584
Only local connections are allowed.
sty 27, 2018 12:17:43 AM org.openqa.selenium.remote.ProtocolHandshake createSession
INFO: Detected dialect: OSS
2018-01-27 at 00:17:43 CET logInfo - [pool-1-thread-1] Trying to set requested resolution: 1600x1200.
2018-01-27 at 00:17:45 CET logInfo - [pool-1-thread-1] Resolution readed from device: 1600x1100
2018-01-27 at 00:17:45 CET logInfo - [pool-1-thread-1] Trying to set increased resolution for 'View port': 1616x1200.
2018-01-27 at 00:17:45 CET logInfo - [pool-1-thread-1] Resolution readed from device: 1616x1100
2018-01-27 at 00:17:45 CET logDebug - [pool-1-thread-1] driver:NewChromeDriver: chrome on XP (d9f9399da61a7d4219441f2ac32761d3)
2018-01-27 at 00:17:45 CET logDebug - [pool-1-thread-1] To add observer: com.capgemini.ntc.selenium.pages.projectY.TheInternetPage@3ef73fea
2018-01-27 at 00:17:45 CET logDebug - [pool-1-thread-1] BaseTestWatcher.observers: []
2018-01-27 at 00:17:45 CET logDebug - [pool-1-thread-1] TestClassRule.classObservers: []
2018-01-27 at 00:17:45 CET logDebug - [pool-1-thread-1] Added observer: com.capgemini.ntc.selenium.pages.projectY.TheInternetPage@3ef73fea
2018-01-27 at 00:17:45 CET logDebug - [pool-1-thread-1] The internet page is loaded: data:,
2018-01-27 at 00:17:45 CET logDebug - [pool-1-thread-1] load page
2018-01-27 at 00:17:57 CET logDebug - [pool-1-thread-1] Waiting for [waitForPageLoaded] took [0.047 s]
2018-01-27 at 00:17:57 CET logInfo - [pool-1-thread-1] Step 2: Verify if Url http://the-internet.herokuapp.com/ opens
2018-01-27 at 00:17:57 CET logDebug - [pool-1-thread-1] The internet page is loaded: http://the-internet.herokuapp.com/
2018-01-27 at 00:17:57 CET logInfo - [pool-1-thread-1] verifyIfNewBrowserWindowOpen(com.capgemini.ntc.selenium.projectY.MultipleWindowsTest) STARTED.
2018-01-27 at 00:17:57 CET logInfo - [pool-1-thread-1] Step 3: Click on the Multiple Windows link
2018-01-27 at 00:17:57 CET logDebug - [pool-1-thread-1] Waiting for [findElementDynamic(): By.cssSelector: li > a[href*=windows]] took [0.085 s]
2018-01-27 at 00:17:58 CET logDebug - [pool-1-thread-1] To add observer: com.capgemini.ntc.selenium.pages.projectY.MultipleWindowsPage@5e77097
2018-01-27 at 00:17:58 CET logDebug - [pool-1-thread-1] BaseTestWatcher.observers: []
2018-01-27 at 00:17:58 CET logDebug - [pool-1-thread-1] TestClassRule.classObservers: [com.capgemini.ntc.selenium.pages.projectY.TheInternetPage@3ef73fea]
2018-01-27 at 00:17:58 CET logInfo - [pool-1-thread-1] Step 4: Verify if the Url http://the-internet.herokuapp.com/windows
2018-01-27 at 00:17:58 CET logDebug - [pool-1-thread-1] Waiting for [findElementDynamic(): By.cssSelector: #content > div > a] took [0.055 s]
2018-01-27 at 00:17:59 CET logDebug - [pool-1-thread-1] Waiting for [waitForPageLoaded] took [0.09 s]
2018-01-27 at 00:17:59 CET logDebug - [pool-1-thread-1] To add observer: com.capgemini.ntc.selenium.pages.projectY.NewWindowPage@1335a057
2018-01-27 at 00:17:59 CET logDebug - [pool-1-thread-1] BaseTestWatcher.observers: []
2018-01-27 at 00:17:59 CET logDebug - [pool-1-thread-1] TestClassRule.classObservers: [com.capgemini.ntc.selenium.pages.projectY.TheInternetPage@3ef73fea]
2018-01-27 at 00:17:59 CET logDebug - [pool-1-thread-1] is loaded
2018-01-27 at 00:17:59 CET logDebug - [pool-1-thread-1] load page
2018-01-27 at 00:17:59 CET logDebug - [pool-1-thread-1] Waiting for [waitForPageLoaded] took [0.032 s]
2018-01-27 at 00:17:59 CET logDebug - [pool-1-thread-1] is loaded
2018-01-27 at 00:17:59 CET logInfo - [pool-1-thread-1] verifyIfNewBrowserWindowOpen(com.capgemini.ntc.selenium.projectY.MultipleWindowsTest) PASSED.
2018-01-27 at 00:17:59 CET logDebug - [pool-1-thread-1] BasePage.onTestSuccess    TheInternetPage
2018-01-27 at 00:17:59 CET logInfo - [pool-1-thread-1] verifyIfNewBrowserWindowOpen(com.capgemini.ntc.selenium.projectY.MultipleWindowsTest) duration: 0,04 min
2018-01-27 at 00:17:59 CET logDebug - [pool-1-thread-1] BaseTest.tearDownClass()
2018-01-27 at 00:17:59 CET logDebug - [pool-1-thread-1] BaseTestWatcher.observers: []
2018-01-27 at 00:17:59 CET logDebug - [pool-1-thread-1] TestClassRule.classObservers: [com.capgemini.ntc.selenium.pages.projectY.TheInternetPage@3ef73fea]
2018-01-27 at 00:17:59 CET logDebug - [pool-1-thread-1] BasePage.onTestClassFinish   TheInternetPage
2018-01-27 at 00:17:59 CET logDebug - [pool-1-thread-1] driver:NewChromeDriver: chrome on XP (d9f9399da61a7d4219441f2ac32761d3)
2018-01-27 at 00:17:59 CET logDebug - [pool-1-thread-1] Closing WebDriver for this thread. chrome
2018-01-27 at 00:18:01 CET logDebug - [pool-1-thread-1] All observers cleared.

Results :

Failed tests: 
com.capgemini.ntc.selenium.projectX.registration.RegistryPageTest.EXAMPLE_FAIL_TEST(com.capgemini.ntc.selenium.projectX.registration.RegistryPageTest)
  Run 1: RegistryPageTest.EXAMPLE_FAIL_TEST:53 Submit display button was not visible
Expected: is <true>
     but: was <false>
  Run 2: RegistryPageTest.EXAMPLE_FAIL_TEST:53 Submit display button was not visible
Expected: is <true>
     but: was <false>


Tests run: 61, Failures: 1, Errors: 0, Skipped: 0

[ERROR] There are test failures.

Please refer to D:\eclipse\Allure_Test_Framework\workspace\devonfw-testing\allure-app-under-test\target\surefire-reports for the individual test results.
[INFO] 
[INFO] --- maven-site-plugin:3.3:site (default-site) @ allure-app-under-test ---
[INFO] configuring report plugin ru.yandex.qatools.allure:allure-maven-plugin:2.6
[INFO] Relativizing decoration links with respect to project URL: https://github.com/devonfw/devonfw-testing
[INFO] Rendering site with org.apache.maven.skins:maven-default-skin:jar:1.0 skin.
[INFO] Skipped "Allure" report, file "allure-maven-plugin.html" already exists for the English version.
[INFO] Skipped "Allure" report, file "allure-maven-plugin.html" already exists for the English version.
[INFO] Generating "Allure" report    --- allure-maven-plugin:2.6
[INFO] Generate Allure report (aggregate) with version 1.5.4
[INFO] Generate Allure report to D:\eclipse\Allure_Test_Framework\workspace\devonfw-testing\allure-app-under-test/target//site/allure-report
[INFO] Found results directory D:\eclipse\Allure_Test_Framework\workspace\devonfw-testing\allure-app-under-test\target\allure-results
[INFO] ------------------------------------------------------------------------
[INFO] BUILD SUCCESS
[INFO] ------------------------------------------------------------------------
[INFO] Total time: 07:27 min
[INFO] Finished at: 2018-01-27T00:18:18+01:00
[INFO] Final Memory: 45M/252M
[INFO] ------------------------------------------------------------------------
